 (i) Ignore Errors: enabled

#
# This System Report was generated by: https://github.com/bitrise-io/osx-box-bootstrap/blob/master/system_report.sh
#  Pull Requests are welcome!
#


=== Revision / ID ======================
* BITRISE_OSX_STACK_REV_ID: v2022_04_21
========================================


=== Pre-installed tool versions ========
* Go: go version go1.17.9 darwin/amd64
* Python: Python 2.7.16
* Node.js: v16.14.2
* NPM: 8.5.0
* Yarn: 1.22.18
* Java: openjdk version "11.0.11" 2021-04-20
OpenJDK Runtime Environment AdoptOpenJDK-11.0.11+9 (build 11.0.11+9)
OpenJDK 64-Bit Server VM AdoptOpenJDK-11.0.11+9 (build 11.0.11+9, mixed mode)
* Flutter: Flutter 2.10.3 • channel stable • https://github.com/flutter/flutter.git
* fvm: 2.3.1

* git: git version 2.36.0
* git lfs: git-lfs/3.1.4 (GitHub; darwin amd64; go 1.18.1)
* mercurial/hg: Mercurial Distributed SCM (version 6.1.1)
* curl: curl 7.64.1 (x86_64-apple-darwin19.0) libcurl/7.64.1 (SecureTransport) LibreSSL/2.8.3 zlib/1.2.11 nghttp2/1.39.2
* wget: GNU Wget 1.21.3 built on darwin19.6.0.
* rsync: rsync  version 2.6.9  protocol version 29
* unzip: UnZip 6.00 of 20 April 2009, by Info-ZIP.  Maintained by C. Spieler.  Send
* zip: This is Zip 3.0 (July 5th 2008), by Info-ZIP.
* tar: bsdtar 3.3.2 - libarchive 3.3.2 zlib/1.2.11 liblzma/5.0.5 bz2lib/1.0.6
* tree: tree v2.0.2 (c) 1996 - 2022 by Steve Baker, Thomas Moore, Francesc Rocher, Florian Sesser, Kyosuke Tokoro 

* brew: Homebrew 3.4.7
Homebrew/homebrew-core (git revision b75ab8817e9; last commit 2022-04-20)
Homebrew/homebrew-cask (git revision 82fd67d818; last commit 2022-04-20)
* Ansible: ansible [core 2.12.4]
  config file = /Users/vagrant/git/ansible.cfg
  configured module search path = ['/Users/vagrant/.ansible/plugins/modules', '/usr/share/ansible/plugins/modules']
  ansible python module location = /usr/local/Cellar/ansible/5.6.0/libexec/lib/python3.10/site-packages/ansible
  ansible collection location = /Users/vagrant/.ansible/collections:/usr/share/ansible/collections
  executable location = /usr/local/bin/ansible
* gtimeout: timeout (GNU coreutils) 9.1
* watchman: 2022.03.21.00
* flow: Flow, a static type checker for JavaScript, version 0.176.2
* carthage: 0.38.0
* imagemagick (convert): Version: ImageMagick 7.1.0-30 Q16-HDRI x86_64 19924 https://imagemagick.org
* ghostscript (ps2ascii): 9.56.1
* screen: Screen version 4.09.00 (GNU) 30-Jan-22
* firebase: 9.20.0
* applesimutils version 0.9.5
* jq: 1.6
* Version: 0.8.1
* XCLogParser 0.2.21
* Screen 4.09.00
* applesimutils 0.9.5
* OpenConnect version v8.20
* aws-cli: aws-cli/2.5.6 Python/3.9.12 Darwin/19.6.0 source/x86_64 prompt/off
* cmake: 3.23.1
* danger-swift: 3.12.3
[0;0m
* OpenVPN 2.5.6 x86_64-apple-darwin19.6.0 [SSL (OpenSSL)] [LZO] [LZ4] [PKCS11] [MH/RECVDA] [AEAD] built on Mar 23 2022

--- Bitrise CLI tool versions
* bitrise: 1.48.0
* stepman: 0.13.1
* envman: 2.3.3
* cmd-bridge: 0.9.5
========================================


=== Brew list versions ==================
ansible 5.6.0
ant 1.10.12
aom 3.3.0
applesimutils 0.9.5
autoconf 2.71
awscli 2.5.6
bdw-gc 8.0.6
boost 1.78.0_1
brotli 1.0.9
c-ares 1.18.1_1
ca-certificates 2022-03-29
carthage 0.38.0
cmake 3.23.1
coreutils 9.1
danger-js 11.0.2
danger-swift 3.12.3
dart 2.16.2
docbook 5.1_1
docbook-xsl 1.79.2_1
double-conversion 3.2.0
fb303 2022.03.21.00
fbthrift 2022.03.21.00
fizz 2022.03.21.00
flow 0.176.2
fmt 8.1.1_1
folly 2022.03.21.00
fontconfig 2.14.0
freetype 2.12.0
fvm 2.3.1
gdbm 1.23
gettext 0.21
gflags 2.2.2
ghostscript 9.56.1
giflib 5.2.1
git 2.36.0
git-lfs 3.1.4
glib 2.72.0
glog 0.5.0
gmp 6.2.1_1
gnu-getopt 2.37.4
gnupg 2.3.4
gnutls 3.7.4
go@1.16 1.16.15
go@1.17 1.17.9
gradle 7.4.2
groovy 4.0.1_1
guile 3.0.8
icu4c 70.1
imagemagick 7.1.0-30
imath 3.1.5
jasper 3.0.3
jbig2dec 0.19
jemalloc 5.2.1_1
jenv 0.5.4
jpeg 9e
jpeg-xl 0.6.1
jq 1.6
libassuan 2.5.5
libde265 1.0.8
libev 4.33
libevent 2.1.12
libffi 3.4.2
libgcrypt 1.10.1
libgpg-error 1.45
libheif 1.12.0_1
libidn 1.38
libidn2 2.3.2
libksba 1.6.0
liblqr 0.4.2_1
libnghttp2 1.47.0
libomp 14.0.0
libpng 1.6.37
libraw 0.20.2_1
libsodium 1.0.18_1
libtasn1 4.18.0
libtiff 4.3.0
libtool 2.4.7
libunistring 1.0
libusb 1.0.26
libuv 1.44.1
libvmaf 2.3.1
libyaml 0.2.5
little-cms2 2.13.1
lz4 1.9.3
lzo 2.10
m4 1.4.19
macos-term-size 1.0.0
maven 3.8.5
mercurial 6.1.1
mpdecimal 2.5.1
nettle 3.7.3
nghttp2 1.47.0
node 17.9.0
node@12 12.22.12
node@16 16.14.2
npth 1.6
oniguruma 6.9.7.1
openconnect 8.20
openexr 3.1.5
openjpeg 2.4.0
openssl@1.1 1.1.1n
openvpn 2.5.6
p11-kit 0.24.1
pcre 8.45
pcre2 10.40
pinentry 1.2.0
pkcs11-helper 1.28.0
pkg-config 0.29.2_3
python@3.10 3.10.2
python@3.9 3.9.12
rbenv 1.2.0
readline 8.1.2
ruby-build 20220415
screen 4.9.0
shared-mime-info 2.1
six 1.16.0_2
snappy 1.1.9
sqlite 3.38.2
stoken 0.92_1
swiftlint 0.43.1
tree 2.0.2
unbound 1.15.0
wangle 2022.03.21.00
watchman 2022.03.21.00
webp 1.2.2
wget 1.21.3
x265 3.5
xmlto 0.0.28
xz 5.2.5
yarn 1.22.18
zstd 1.5.2
adoptopenjdk11 11.0.11,9
adoptopenjdk8 8,292:b10
intel-haxm 7.7.1
temurin 18,36
========================================


=== Brew deps tree ==================
adoptopenjdk/openjdk/adoptopenjdk11

adoptopenjdk/openjdk/adoptopenjdk8

ansible
├── libyaml
├── openssl@1.1
│   └── ca-certificates
├── python@3.10
│   ├── gdbm
│   ├── mpdecimal
│   ├── openssl@1.1
│   │   └── ca-certificates
│   ├── readline
│   ├── sqlite
│   │   └── readline
│   └── xz
└── six

ant
└── openjdk

aom
├── jpeg-xl
│   ├── brotli
│   ├── giflib
│   ├── imath
│   ├── jpeg
│   ├── libpng
│   ├── openexr
│   │   └── imath
│   └── webp
│       ├── giflib
│       ├── jpeg
│       ├── libpng
│       └── libtiff
│           └── jpeg
└── libvmaf

wix/brew/applesimutils

autoconf
└── m4

awscli
├── python@3.9
│   ├── gdbm
│   ├── mpdecimal
│   ├── openssl@1.1
│   │   └── ca-certificates
│   ├── readline
│   ├── sqlite
│   │   └── readline
│   └── xz
└── six

bdw-gc

boost
└── icu4c

brotli

c-ares

ca-certificates

carthage

cmake

coreutils
└── gmp

danger/tap/danger-js

danger/tap/danger-swift
└── danger/tap/danger-js

dart-lang/dart/dart

docbook

docbook-xsl
└── docbook

double-conversion

fb303
├── fbthrift
│   ├── boost
│   │   └── icu4c
│   ├── fizz
│   │   ├── boost
│   │   │   └── icu4c
│   │   ├── double-conversion
│   │   ├── fmt
│   │   ├── folly
│   │   │   ├── boost
│   │   │   │   └── icu4c
│   │   │   ├── double-conversion
│   │   │   ├── fmt
│   │   │   ├── gflags
│   │   │   ├── glog
│   │   │   │   └── gflags
│   │   │   ├── libevent
│   │   │   │   └── openssl@1.1
│   │   │   │       └── ca-certificates
│   │   │   ├── lz4
│   │   │   ├── openssl@1.1
│   │   │   │   └── ca-certificates
│   │   │   ├── snappy
│   │   │   ├── xz
│   │   │   └── zstd
│   │   ├── gflags
│   │   ├── glog
│   │   │   └── gflags
│   │   ├── libevent
│   │   │   └── openssl@1.1
│   │   │       └── ca-certificates
│   │   ├── libsodium
│   │   ├── lz4
│   │   ├── openssl@1.1
│   │   │   └── ca-certificates
│   │   ├── snappy
│   │   └── zstd
│   ├── fmt
│   ├── folly
│   │   ├── boost
│   │   │   └── icu4c
│   │   ├── double-conversion
│   │   ├── fmt
│   │   ├── gflags
│   │   ├── glog
│   │   │   └── gflags
│   │   ├── libevent
│   │   │   └── openssl@1.1
│   │   │       └── ca-certificates
│   │   ├── lz4
│   │   ├── openssl@1.1
│   │   │   └── ca-certificates
│   │   ├── snappy
│   │   ├── xz
│   │   └── zstd
│   ├── gflags
│   ├── glog
│   │   └── gflags
│   ├── openssl@1.1
│   │   └── ca-certificates
│   ├── wangle
│   │   ├── boost
│   │   │   └── icu4c
│   │   ├── double-conversion
│   │   ├── fizz
│   │   │   ├── boost
│   │   │   │   └── icu4c
│   │   │   ├── double-conversion
│   │   │   ├── fmt
│   │   │   ├── folly
│   │   │   │   ├── boost
│   │   │   │   │   └── icu4c
│   │   │   │   ├── double-conversion
│   │   │   │   ├── fmt
│   │   │   │   ├── gflags
│   │   │   │   ├── glog
│   │   │   │   │   └── gflags
│   │   │   │   ├── libevent
│   │   │   │   │   └── openssl@1.1
│   │   │   │   │       └── ca-certificates
│   │   │   │   ├── lz4
│   │   │   │   ├── openssl@1.1
│   │   │   │   │   └── ca-certificates
│   │   │   │   ├── snappy
│   │   │   │   ├── xz
│   │   │   │   └── zstd
│   │   │   ├── gflags
│   │   │   ├── glog
│   │   │   │   └── gflags
│   │   │   ├── libevent
│   │   │   │   └── openssl@1.1
│   │   │   │       └── ca-certificates
│   │   │   ├── libsodium
│   │   │   ├── lz4
│   │   │   ├── openssl@1.1
│   │   │   │   └── ca-certificates
│   │   │   ├── snappy
│   │   │   └── zstd
│   │   ├── fmt
│   │   ├── folly
│   │   │   ├── boost
│   │   │   │   └── icu4c
│   │   │   ├── double-conversion
│   │   │   ├── fmt
│   │   │   ├── gflags
│   │   │   ├── glog
│   │   │   │   └── gflags
│   │   │   ├── libevent
│   │   │   │   └── openssl@1.1
│   │   │   │       └── ca-certificates
│   │   │   ├── lz4
│   │   │   ├── openssl@1.1
│   │   │   │   └── ca-certificates
│   │   │   ├── snappy
│   │   │   ├── xz
│   │   │   └── zstd
│   │   ├── gflags
│   │   ├── glog
│   │   │   └── gflags
│   │   ├── libevent
│   │   │   └── openssl@1.1
│   │   │       └── ca-certificates
│   │   ├── libsodium
│   │   ├── lz4
│   │   ├── openssl@1.1
│   │   │   └── ca-certificates
│   │   ├── snappy
│   │   └── zstd
│   └── zstd
├── fizz
│   ├── boost
│   │   └── icu4c
│   ├── double-conversion
│   ├── fmt
│   ├── folly
│   │   ├── boost
│   │   │   └── icu4c
│   │   ├── double-conversion
│   │   ├── fmt
│   │   ├── gflags
│   │   ├── glog
│   │   │   └── gflags
│   │   ├── libevent
│   │   │   └── openssl@1.1
│   │   │       └── ca-certificates
│   │   ├── lz4
│   │   ├── openssl@1.1
│   │   │   └── ca-certificates
│   │   ├── snappy
│   │   ├── xz
│   │   └── zstd
│   ├── gflags
│   ├── glog
│   │   └── gflags
│   ├── libevent
│   │   └── openssl@1.1
│   │       └── ca-certificates
│   ├── libsodium
│   ├── lz4
│   ├── openssl@1.1
│   │   └── ca-certificates
│   ├── snappy
│   └── zstd
├── fmt
├── folly
│   ├── boost
│   │   └── icu4c
│   ├── double-conversion
│   ├── fmt
│   ├── gflags
│   ├── glog
│   │   └── gflags
│   ├── libevent
│   │   └── openssl@1.1
│   │       └── ca-certificates
│   ├── lz4
│   ├── openssl@1.1
│   │   └── ca-certificates
│   ├── snappy
│   ├── xz
│   └── zstd
├── gflags
├── glog
│   └── gflags
├── openssl@1.1
│   └── ca-certificates
└── wangle
    ├── boost
    │   └── icu4c
    ├── double-conversion
    ├── fizz
    │   ├── boost
    │   │   └── icu4c
    │   ├── double-conversion
    │   ├── fmt
    │   ├── folly
    │   │   ├── boost
    │   │   │   └── icu4c
    │   │   ├── double-conversion
    │   │   ├── fmt
    │   │   ├── gflags
    │   │   ├── glog
    │   │   │   └── gflags
    │   │   ├── libevent
    │   │   │   └── openssl@1.1
    │   │   │       └── ca-certificates
    │   │   ├── lz4
    │   │   ├── openssl@1.1
    │   │   │   └── ca-certificates
    │   │   ├── snappy
    │   │   ├── xz
    │   │   └── zstd
    │   ├── gflags
    │   ├── glog
    │   │   └── gflags
    │   ├── libevent
    │   │   └── openssl@1.1
    │   │       └── ca-certificates
    │   ├── libsodium
    │   ├── lz4
    │   ├── openssl@1.1
    │   │   └── ca-certificates
    │   ├── snappy
    │   └── zstd
    ├── fmt
    ├── folly
    │   ├── boost
    │   │   └── icu4c
    │   ├── double-conversion
    │   ├── fmt
    │   ├── gflags
    │   ├── glog
    │   │   └── gflags
    │   ├── libevent
    │   │   └── openssl@1.1
    │   │       └── ca-certificates
    │   ├── lz4
    │   ├── openssl@1.1
    │   │   └── ca-certificates
    │   ├── snappy
    │   ├── xz
    │   └── zstd
    ├── gflags
    ├── glog
    │   └── gflags
    ├── libevent
    │   └── openssl@1.1
    │       └── ca-certificates
    ├── libsodium
    ├── lz4
    ├── openssl@1.1
    │   └── ca-certificates
    ├── snappy
    └── zstd

fbthrift
├── boost
│   └── icu4c
├── fizz
│   ├── boost
│   │   └── icu4c
│   ├── double-conversion
│   ├── fmt
│   ├── folly
│   │   ├── boost
│   │   │   └── icu4c
│   │   ├── double-conversion
│   │   ├── fmt
│   │   ├── gflags
│   │   ├── glog
│   │   │   └── gflags
│   │   ├── libevent
│   │   │   └── openssl@1.1
│   │   │       └── ca-certificates
│   │   ├── lz4
│   │   ├── openssl@1.1
│   │   │   └── ca-certificates
│   │   ├── snappy
│   │   ├── xz
│   │   └── zstd
│   ├── gflags
│   ├── glog
│   │   └── gflags
│   ├── libevent
│   │   └── openssl@1.1
│   │       └── ca-certificates
│   ├── libsodium
│   ├── lz4
│   ├── openssl@1.1
│   │   └── ca-certificates
│   ├── snappy
│   └── zstd
├── fmt
├── folly
│   ├── boost
│   │   └── icu4c
│   ├── double-conversion
│   ├── fmt
│   ├── gflags
│   ├── glog
│   │   └── gflags
│   ├── libevent
│   │   └── openssl@1.1
│   │       └── ca-certificates
│   ├── lz4
│   ├── openssl@1.1
│   │   └── ca-certificates
│   ├── snappy
│   ├── xz
│   └── zstd
├── gflags
├── glog
│   └── gflags
├── openssl@1.1
│   └── ca-certificates
├── wangle
│   ├── boost
│   │   └── icu4c
│   ├── double-conversion
│   ├── fizz
│   │   ├── boost
│   │   │   └── icu4c
│   │   ├── double-conversion
│   │   ├── fmt
│   │   ├── folly
│   │   │   ├── boost
│   │   │   │   └── icu4c
│   │   │   ├── double-conversion
│   │   │   ├── fmt
│   │   │   ├── gflags
│   │   │   ├── glog
│   │   │   │   └── gflags
│   │   │   ├── libevent
│   │   │   │   └── openssl@1.1
│   │   │   │       └── ca-certificates
│   │   │   ├── lz4
│   │   │   ├── openssl@1.1
│   │   │   │   └── ca-certificates
│   │   │   ├── snappy
│   │   │   ├── xz
│   │   │   └── zstd
│   │   ├── gflags
│   │   ├── glog
│   │   │   └── gflags
│   │   ├── libevent
│   │   │   └── openssl@1.1
│   │   │       └── ca-certificates
│   │   ├── libsodium
│   │   ├── lz4
│   │   ├── openssl@1.1
│   │   │   └── ca-certificates
│   │   ├── snappy
│   │   └── zstd
│   ├── fmt
│   ├── folly
│   │   ├── boost
│   │   │   └── icu4c
│   │   ├── double-conversion
│   │   ├── fmt
│   │   ├── gflags
│   │   ├── glog
│   │   │   └── gflags
│   │   ├── libevent
│   │   │   └── openssl@1.1
│   │   │       └── ca-certificates
│   │   ├── lz4
│   │   ├── openssl@1.1
│   │   │   └── ca-certificates
│   │   ├── snappy
│   │   ├── xz
│   │   └── zstd
│   ├── gflags
│   ├── glog
│   │   └── gflags
│   ├── libevent
│   │   └── openssl@1.1
│   │       └── ca-certificates
│   ├── libsodium
│   ├── lz4
│   ├── openssl@1.1
│   │   └── ca-certificates
│   ├── snappy
│   └── zstd
└── zstd

fizz
├── boost
│   └── icu4c
├── double-conversion
├── fmt
├── folly
│   ├── boost
│   │   └── icu4c
│   ├── double-conversion
│   ├── fmt
│   ├── gflags
│   ├── glog
│   │   └── gflags
│   ├── libevent
│   │   └── openssl@1.1
│   │       └── ca-certificates
│   ├── lz4
│   ├── openssl@1.1
│   │   └── ca-certificates
│   ├── snappy
│   ├── xz
│   └── zstd
├── gflags
├── glog
│   └── gflags
├── libevent
│   └── openssl@1.1
│       └── ca-certificates
├── libsodium
├── lz4
├── openssl@1.1
│   └── ca-certificates
├── snappy
└── zstd

flow

fmt

folly
├── boost
│   └── icu4c
├── double-conversion
├── fmt
├── gflags
├── glog
│   └── gflags
├── libevent
│   └── openssl@1.1
│       └── ca-certificates
├── lz4
├── openssl@1.1
│   └── ca-certificates
├── snappy
├── xz
└── zstd

fontconfig
└── freetype
    └── libpng

freetype
└── libpng

leoafarias/fvm/fvm

gdbm

gettext

gflags

ghostscript
├── fontconfig
│   └── freetype
│       └── libpng
├── freetype
│   └── libpng
├── jbig2dec
├── jpeg
├── libidn
├── libpng
├── libtiff
│   └── jpeg
├── little-cms2
│   ├── jpeg
│   └── libtiff
│       └── jpeg
└── openjpeg
    ├── libpng
    ├── libtiff
    │   └── jpeg
    └── little-cms2
        ├── jpeg
        └── libtiff
            └── jpeg

giflib

git
├── gettext
└── pcre2

git-lfs

glib
├── gettext
├── libffi
├── pcre
└── python@3.9
    ├── gdbm
    ├── mpdecimal
    ├── openssl@1.1
    │   └── ca-certificates
    ├── readline
    ├── sqlite
    │   └── readline
    └── xz

glog
└── gflags

gmp

gnu-getopt

gnupg
├── gettext
├── gnutls
│   ├── ca-certificates
│   ├── gmp
│   ├── guile
│   │   ├── bdw-gc
│   │   ├── gmp
│   │   ├── libffi
│   │   ├── libtool
│   │   │   └── m4
│   │   ├── libunistring
│   │   ├── pkg-config
│   │   └── readline
│   ├── libidn2
│   │   ├── gettext
│   │   └── libunistring
│   ├── libtasn1
│   ├── libunistring
│   ├── nettle
│   │   └── gmp
│   ├── p11-kit
│   │   ├── ca-certificates
│   │   ├── libffi
│   │   └── libtasn1
│   └── unbound
│       ├── libevent
│       │   └── openssl@1.1
│       │       └── ca-certificates
│       ├── libnghttp2
│       └── openssl@1.1
│           └── ca-certificates
├── libassuan
│   └── libgpg-error
├── libgcrypt
│   └── libgpg-error
├── libgpg-error
├── libksba
│   └── libgpg-error
├── libusb
├── npth
└── pinentry
    ├── libassuan
    │   └── libgpg-error
    └── libgpg-error

gnutls
├── ca-certificates
├── gmp
├── guile
│   ├── bdw-gc
│   ├── gmp
│   ├── libffi
│   ├── libtool
│   │   └── m4
│   ├── libunistring
│   ├── pkg-config
│   └── readline
├── libidn2
│   ├── gettext
│   └── libunistring
├── libtasn1
├── libunistring
├── nettle
│   └── gmp
├── p11-kit
│   ├── ca-certificates
│   ├── libffi
│   └── libtasn1
└── unbound
    ├── libevent
    │   └── openssl@1.1
    │       └── ca-certificates
    ├── libnghttp2
    └── openssl@1.1
        └── ca-certificates

go@1.16

go@1.17

gradle
└── openjdk

groovy
└── openjdk

guile
├── bdw-gc
├── gmp
├── libffi
├── libtool
│   └── m4
├── libunistring
├── pkg-config
└── readline

icu4c

imagemagick
├── freetype
│   └── libpng
├── ghostscript
│   ├── fontconfig
│   │   └── freetype
│   │       └── libpng
│   ├── freetype
│   │   └── libpng
│   ├── jbig2dec
│   ├── jpeg
│   ├── libidn
│   ├── libpng
│   ├── libtiff
│   │   └── jpeg
│   ├── little-cms2
│   │   ├── jpeg
│   │   └── libtiff
│   │       └── jpeg
│   └── openjpeg
│       ├── libpng
│       ├── libtiff
│       │   └── jpeg
│       └── little-cms2
│           ├── jpeg
│           └── libtiff
│               └── jpeg
├── jpeg
├── libheif
│   ├── aom
│   │   ├── jpeg-xl
│   │   │   ├── brotli
│   │   │   ├── giflib
│   │   │   ├── imath
│   │   │   ├── jpeg
│   │   │   ├── libpng
│   │   │   ├── openexr
│   │   │   │   └── imath
│   │   │   └── webp
│   │   │       ├── giflib
│   │   │       ├── jpeg
│   │   │       ├── libpng
│   │   │       └── libtiff
│   │   │           └── jpeg
│   │   └── libvmaf
│   ├── jpeg
│   ├── libde265
│   ├── libpng
│   ├── shared-mime-info
│   │   ├── gettext
│   │   ├── glib
│   │   │   ├── gettext
│   │   │   ├── libffi
│   │   │   ├── pcre
│   │   │   └── python@3.9
│   │   │       ├── gdbm
│   │   │       ├── mpdecimal
│   │   │       ├── openssl@1.1
│   │   │       │   └── ca-certificates
│   │   │       ├── readline
│   │   │       ├── sqlite
│   │   │       │   └── readline
│   │   │       └── xz
│   │   └── xmlto
│   │       ├── docbook
│   │       ├── docbook-xsl
│   │       │   └── docbook
│   │       └── gnu-getopt
│   └── x265
├── liblqr
│   └── glib
│       ├── gettext
│       ├── libffi
│       ├── pcre
│       └── python@3.9
│           ├── gdbm
│           ├── mpdecimal
│           ├── openssl@1.1
│           │   └── ca-certificates
│           ├── readline
│           ├── sqlite
│           │   └── readline
│           └── xz
├── libomp
├── libpng
├── libraw
│   ├── jasper
│   │   └── jpeg
│   ├── jpeg
│   ├── libomp
│   └── little-cms2
│       ├── jpeg
│       └── libtiff
│           └── jpeg
├── libtiff
│   └── jpeg
├── libtool
│   └── m4
├── little-cms2
│   ├── jpeg
│   └── libtiff
│       └── jpeg
├── openexr
│   └── imath
├── openjpeg
│   ├── libpng
│   ├── libtiff
│   │   └── jpeg
│   └── little-cms2
│       ├── jpeg
│       └── libtiff
│           └── jpeg
├── webp
│   ├── giflib
│   ├── jpeg
│   ├── libpng
│   └── libtiff
│       └── jpeg
└── xz

imath

intel-haxm

jasper
└── jpeg

jbig2dec

jemalloc

jenv

jpeg

jpeg-xl
├── brotli
├── giflib
├── imath
├── jpeg
├── libpng
├── openexr
│   └── imath
└── webp
    ├── giflib
    ├── jpeg
    ├── libpng
    └── libtiff
        └── jpeg

jq
└── oniguruma

libassuan
└── libgpg-error

libde265

libev

libevent
└── openssl@1.1
    └── ca-certificates

libffi

libgcrypt
└── libgpg-error

libgpg-error

libheif
├── aom
│   ├── jpeg-xl
│   │   ├── brotli
│   │   ├── giflib
│   │   ├── imath
│   │   ├── jpeg
│   │   ├── libpng
│   │   ├── openexr
│   │   │   └── imath
│   │   └── webp
│   │       ├── giflib
│   │       ├── jpeg
│   │       ├── libpng
│   │       └── libtiff
│   │           └── jpeg
│   └── libvmaf
├── jpeg
├── libde265
├── libpng
├── shared-mime-info
│   ├── gettext
│   ├── glib
│   │   ├── gettext
│   │   ├── libffi
│   │   ├── pcre
│   │   └── python@3.9
│   │       ├── gdbm
│   │       ├── mpdecimal
│   │       ├── openssl@1.1
│   │       │   └── ca-certificates
│   │       ├── readline
│   │       ├── sqlite
│   │       │   └── readline
│   │       └── xz
│   └── xmlto
│       ├── docbook
│       ├── docbook-xsl
│       │   └── docbook
│       └── gnu-getopt
└── x265

libidn

libidn2
├── gettext
└── libunistring

libksba
└── libgpg-error

liblqr
└── glib
    ├── gettext
    ├── libffi
    ├── pcre
    └── python@3.9
        ├── gdbm
        ├── mpdecimal
        ├── openssl@1.1
        │   └── ca-certificates
        ├── readline
        ├── sqlite
        │   └── readline
        └── xz

libnghttp2

libomp

libpng

libraw
├── jasper
│   └── jpeg
├── jpeg
├── libomp
└── little-cms2
    ├── jpeg
    └── libtiff
        └── jpeg

libsodium

libtasn1

libtiff
└── jpeg

libtool
└── m4

libunistring

libusb

libuv

libvmaf

libyaml

little-cms2
├── jpeg
└── libtiff
    └── jpeg

lz4

lzo

m4

macos-term-size

maven
└── openjdk

mercurial
└── python@3.10
    ├── gdbm
    ├── mpdecimal
    ├── openssl@1.1
    │   └── ca-certificates
    ├── readline
    ├── sqlite
    │   └── readline
    └── xz

mpdecimal

nettle
└── gmp

nghttp2
├── c-ares
├── jemalloc
├── libev
├── libnghttp2
└── openssl@1.1
    └── ca-certificates

node
├── brotli
├── c-ares
├── icu4c
├── libnghttp2
├── libuv
└── openssl@1.1
    └── ca-certificates

node@12
├── brotli
├── c-ares
├── icu4c
├── libnghttp2
├── libuv
├── openssl@1.1
│   └── ca-certificates
└── macos-term-size

node@16
├── brotli
├── c-ares
├── icu4c
├── libnghttp2
├── libuv
└── openssl@1.1
    └── ca-certificates

npth

oniguruma

openconnect
├── gettext
├── gnutls
│   ├── ca-certificates
│   ├── gmp
│   ├── guile
│   │   ├── bdw-gc
│   │   ├── gmp
│   │   ├── libffi
│   │   ├── libtool
│   │   │   └── m4
│   │   ├── libunistring
│   │   ├── pkg-config
│   │   └── readline
│   ├── libidn2
│   │   ├── gettext
│   │   └── libunistring
│   ├── libtasn1
│   ├── libunistring
│   ├── nettle
│   │   └── gmp
│   ├── p11-kit
│   │   ├── ca-certificates
│   │   ├── libffi
│   │   └── libtasn1
│   └── unbound
│       ├── libevent
│       │   └── openssl@1.1
│       │       └── ca-certificates
│       ├── libnghttp2
│       └── openssl@1.1
│           └── ca-certificates
└── stoken
    └── nettle
        └── gmp

openexr
└── imath

openjpeg
├── libpng
├── libtiff
│   └── jpeg
└── little-cms2
    ├── jpeg
    └── libtiff
        └── jpeg

openssl@1.1
└── ca-certificates

openvpn
├── lz4
├── lzo
├── openssl@1.1
│   └── ca-certificates
└── pkcs11-helper
    └── openssl@1.1
        └── ca-certificates

p11-kit
├── ca-certificates
├── libffi
└── libtasn1

pcre

pcre2

pinentry
├── libassuan
│   └── libgpg-error
└── libgpg-error

pkcs11-helper
└── openssl@1.1
    └── ca-certificates

pkg-config

python@3.10
├── gdbm
├── mpdecimal
├── openssl@1.1
│   └── ca-certificates
├── readline
├── sqlite
│   └── readline
└── xz

python@3.9
├── gdbm
├── mpdecimal
├── openssl@1.1
│   └── ca-certificates
├── readline
├── sqlite
│   └── readline
└── xz

rbenv
└── ruby-build
    ├── autoconf
    │   └── m4
    ├── pkg-config
    └── readline

readline

ruby-build
├── autoconf
│   └── m4
├── pkg-config
└── readline

screen

shared-mime-info
├── gettext
├── glib
│   ├── gettext
│   ├── libffi
│   ├── pcre
│   └── python@3.9
│       ├── gdbm
│       ├── mpdecimal
│       ├── openssl@1.1
│       │   └── ca-certificates
│       ├── readline
│       ├── sqlite
│       │   └── readline
│       └── xz
└── xmlto
    ├── docbook
    ├── docbook-xsl
    │   └── docbook
    └── gnu-getopt

six

snappy

sqlite
└── readline

stoken
└── nettle
    └── gmp

swiftlint

temurin

tree

unbound
├── libevent
│   └── openssl@1.1
│       └── ca-certificates
├── libnghttp2
└── openssl@1.1
    └── ca-certificates

wangle
├── boost
│   └── icu4c
├── double-conversion
├── fizz
│   ├── boost
│   │   └── icu4c
│   ├── double-conversion
│   ├── fmt
│   ├── folly
│   │   ├── boost
│   │   │   └── icu4c
│   │   ├── double-conversion
│   │   ├── fmt
│   │   ├── gflags
│   │   ├── glog
│   │   │   └── gflags
│   │   ├── libevent
│   │   │   └── openssl@1.1
│   │   │       └── ca-certificates
│   │   ├── lz4
│   │   ├── openssl@1.1
│   │   │   └── ca-certificates
│   │   ├── snappy
│   │   ├── xz
│   │   └── zstd
│   ├── gflags
│   ├── glog
│   │   └── gflags
│   ├── libevent
│   │   └── openssl@1.1
│   │       └── ca-certificates
│   ├── libsodium
│   ├── lz4
│   ├── openssl@1.1
│   │   └── ca-certificates
│   ├── snappy
│   └── zstd
├── fmt
├── folly
│   ├── boost
│   │   └── icu4c
│   ├── double-conversion
│   ├── fmt
│   ├── gflags
│   ├── glog
│   │   └── gflags
│   ├── libevent
│   │   └── openssl@1.1
│   │       └── ca-certificates
│   ├── lz4
│   ├── openssl@1.1
│   │   └── ca-certificates
│   ├── snappy
│   ├── xz
│   └── zstd
├── gflags
├── glog
│   └── gflags
├── libevent
│   └── openssl@1.1
│       └── ca-certificates
├── libsodium
├── lz4
├── openssl@1.1
│   └── ca-certificates
├── snappy
└── zstd

watchman
├── boost
│   └── icu4c
├── fmt
├── folly
│   ├── boost
│   │   └── icu4c
│   ├── double-conversion
│   ├── fmt
│   ├── gflags
│   ├── glog
│   │   └── gflags
│   ├── libevent
│   │   └── openssl@1.1
│   │       └── ca-certificates
│   ├── lz4
│   ├── openssl@1.1
│   │   └── ca-certificates
│   ├── snappy
│   ├── xz
│   └── zstd
├── gflags
├── glog
│   └── gflags
├── libevent
│   └── openssl@1.1
│       └── ca-certificates
├── openssl@1.1
│   └── ca-certificates
├── pcre
├── python@3.10
│   ├── gdbm
│   ├── mpdecimal
│   ├── openssl@1.1
│   │   └── ca-certificates
│   ├── readline
│   ├── sqlite
│   │   └── readline
│   └── xz
└── fb303
    ├── fbthrift
    │   ├── boost
    │   │   └── icu4c
    │   ├── fizz
    │   │   ├── boost
    │   │   │   └── icu4c
    │   │   ├── double-conversion
    │   │   ├── fmt
    │   │   ├── folly
    │   │   │   ├── boost
    │   │   │   │   └── icu4c
    │   │   │   ├── double-conversion
    │   │   │   ├── fmt
    │   │   │   ├── gflags
    │   │   │   ├── glog
    │   │   │   │   └── gflags
    │   │   │   ├── libevent
    │   │   │   │   └── openssl@1.1
    │   │   │   │       └── ca-certificates
    │   │   │   ├── lz4
    │   │   │   ├── openssl@1.1
    │   │   │   │   └── ca-certificates
    │   │   │   ├── snappy
    │   │   │   ├── xz
    │   │   │   └── zstd
    │   │   ├── gflags
    │   │   ├── glog
    │   │   │   └── gflags
    │   │   ├── libevent
    │   │   │   └── openssl@1.1
    │   │   │       └── ca-certificates
    │   │   ├── libsodium
    │   │   ├── lz4
    │   │   ├── openssl@1.1
    │   │   │   └── ca-certificates
    │   │   ├── snappy
    │   │   └── zstd
    │   ├── fmt
    │   ├── folly
    │   │   ├── boost
    │   │   │   └── icu4c
    │   │   ├── double-conversion
    │   │   ├── fmt
    │   │   ├── gflags
    │   │   ├── glog
    │   │   │   └── gflags
    │   │   ├── libevent
    │   │   │   └── openssl@1.1
    │   │   │       └── ca-certificates
    │   │   ├── lz4
    │   │   ├── openssl@1.1
    │   │   │   └── ca-certificates
    │   │   ├── snappy
    │   │   ├── xz
    │   │   └── zstd
    │   ├── gflags
    │   ├── glog
    │   │   └── gflags
    │   ├── openssl@1.1
    │   │   └── ca-certificates
    │   ├── wangle
    │   │   ├── boost
    │   │   │   └── icu4c
    │   │   ├── double-conversion
    │   │   ├── fizz
    │   │   │   ├── boost
    │   │   │   │   └── icu4c
    │   │   │   ├── double-conversion
    │   │   │   ├── fmt
    │   │   │   ├── folly
    │   │   │   │   ├── boost
    │   │   │   │   │   └── icu4c
    │   │   │   │   ├── double-conversion
    │   │   │   │   ├── fmt
    │   │   │   │   ├── gflags
    │   │   │   │   ├── glog
    │   │   │   │   │   └── gflags
    │   │   │   │   ├── libevent
    │   │   │   │   │   └── openssl@1.1
    │   │   │   │   │       └── ca-certificates
    │   │   │   │   ├── lz4
    │   │   │   │   ├── openssl@1.1
    │   │   │   │   │   └── ca-certificates
    │   │   │   │   ├── snappy
    │   │   │   │   ├── xz
    │   │   │   │   └── zstd
    │   │   │   ├── gflags
    │   │   │   ├── glog
    │   │   │   │   └── gflags
    │   │   │   ├── libevent
    │   │   │   │   └── openssl@1.1
    │   │   │   │       └── ca-certificates
    │   │   │   ├── libsodium
    │   │   │   ├── lz4
    │   │   │   ├── openssl@1.1
    │   │   │   │   └── ca-certificates
    │   │   │   ├── snappy
    │   │   │   └── zstd
    │   │   ├── fmt
    │   │   ├── folly
    │   │   │   ├── boost
    │   │   │   │   └── icu4c
    │   │   │   ├── double-conversion
    │   │   │   ├── fmt
    │   │   │   ├── gflags
    │   │   │   ├── glog
    │   │   │   │   └── gflags
    │   │   │   ├── libevent
    │   │   │   │   └── openssl@1.1
    │   │   │   │       └── ca-certificates
    │   │   │   ├── lz4
    │   │   │   ├── openssl@1.1
    │   │   │   │   └── ca-certificates
    │   │   │   ├── snappy
    │   │   │   ├── xz
    │   │   │   └── zstd
    │   │   ├── gflags
    │   │   ├── glog
    │   │   │   └── gflags
    │   │   ├── libevent
    │   │   │   └── openssl@1.1
    │   │   │       └── ca-certificates
    │   │   ├── libsodium
    │   │   ├── lz4
    │   │   ├── openssl@1.1
    │   │   │   └── ca-certificates
    │   │   ├── snappy
    │   │   └── zstd
    │   └── zstd
    ├── fizz
    │   ├── boost
    │   │   └── icu4c
    │   ├── double-conversion
    │   ├── fmt
    │   ├── folly
    │   │   ├── boost
    │   │   │   └── icu4c
    │   │   ├── double-conversion
    │   │   ├── fmt
    │   │   ├── gflags
    │   │   ├── glog
    │   │   │   └── gflags
    │   │   ├── libevent
    │   │   │   └── openssl@1.1
    │   │   │       └── ca-certificates
    │   │   ├── lz4
    │   │   ├── openssl@1.1
    │   │   │   └── ca-certificates
    │   │   ├── snappy
    │   │   ├── xz
    │   │   └── zstd
    │   ├── gflags
    │   ├── glog
    │   │   └── gflags
    │   ├── libevent
    │   │   └── openssl@1.1
    │   │       └── ca-certificates
    │   ├── libsodium
    │   ├── lz4
    │   ├── openssl@1.1
    │   │   └── ca-certificates
    │   ├── snappy
    │   └── zstd
    ├── fmt
    ├── folly
    │   ├── boost
    │   │   └── icu4c
    │   ├── double-conversion
    │   ├── fmt
    │   ├── gflags
    │   ├── glog
    │   │   └── gflags
    │   ├── libevent
    │   │   └── openssl@1.1
    │   │       └── ca-certificates
    │   ├── lz4
    │   ├── openssl@1.1
    │   │   └── ca-certificates
    │   ├── snappy
    │   ├── xz
    │   └── zstd
    ├── gflags
    ├── glog
    │   └── gflags
    ├── openssl@1.1
    │   └── ca-certificates
    └── wangle
        ├── boost
        │   └── icu4c
        ├── double-conversion
        ├── fizz
        │   ├── boost
        │   │   └── icu4c
        │   ├── double-conversion
        │   ├── fmt
        │   ├── folly
        │   │   ├── boost
        │   │   │   └── icu4c
        │   │   ├── double-conversion
        │   │   ├── fmt
        │   │   ├── gflags
        │   │   ├── glog
        │   │   │   └── gflags
        │   │   ├── libevent
        │   │   │   └── openssl@1.1
        │   │   │       └── ca-certificates
        │   │   ├── lz4
        │   │   ├── openssl@1.1
        │   │   │   └── ca-certificates
        │   │   ├── snappy
        │   │   ├── xz
        │   │   └── zstd
        │   ├── gflags
        │   ├── glog
        │   │   └── gflags
        │   ├── libevent
        │   │   └── openssl@1.1
        │   │       └── ca-certificates
        │   ├── libsodium
        │   ├── lz4
        │   ├── openssl@1.1
        │   │   └── ca-certificates
        │   ├── snappy
        │   └── zstd
        ├── fmt
        ├── folly
        │   ├── boost
        │   │   └── icu4c
        │   ├── double-conversion
        │   ├── fmt
        │   ├── gflags
        │   ├── glog
        │   │   └── gflags
        │   ├── libevent
        │   │   └── openssl@1.1
        │   │       └── ca-certificates
        │   ├── lz4
        │   ├── openssl@1.1
        │   │   └── ca-certificates
        │   ├── snappy
        │   ├── xz
        │   └── zstd
        ├── gflags
        ├── glog
        │   └── gflags
        ├── libevent
        │   └── openssl@1.1
        │       └── ca-certificates
        ├── libsodium
        ├── lz4
        ├── openssl@1.1
        │   └── ca-certificates
        ├── snappy
        └── zstd

webp
├── giflib
├── jpeg
├── libpng
└── libtiff
    └── jpeg

wget
├── libidn2
│   ├── gettext
│   └── libunistring
└── openssl@1.1
    └── ca-certificates

x265

xmlto
├── docbook
├── docbook-xsl
│   └── docbook
└── gnu-getopt

xz

yarn

zstd

========================================


=== Ruby and rubygems ==================
* Ruby (default): ruby 2.6.9p207 (2021-11-24 revision 67954) [x86_64-darwin19]
--- Available ruby versions ---
  system
  2.4.5
  2.5.3
  2.5.9
  2.6.5
* 2.6.9 (set by /Users/vagrant/.rbenv/version)
  2.7.2
  2.7.5
  3.0.0
  3.0.3
-------------------------------
* rbenv: 1.2.0
* Rubygems: 3.0.3.1
* Bundler: Bundler version 2.3.12
* CocoaPods: 1.11.3
* xcpretty: 0.3.0
========================================


=== All Ruby GEMs ======================
activesupport (6.1.5)
addressable (2.8.0)
algoliasearch (1.27.5)
artifactory (3.0.15)
atomos (0.1.3)
aws-eventstream (1.2.0)
aws-partitions (1.579.0)
aws-sdk-core (3.130.1)
aws-sdk-kms (1.56.0)
aws-sdk-s3 (1.113.0)
aws-sigv4 (1.5.0)
babosa (1.0.4)
bigdecimal (default: 1.4.1)
bundler (2.3.12, default: 1.17.2)
CFPropertyList (3.0.5)
claide (1.1.0, 1.0.3)
clamp (1.3.2)
cmath (default: 1.0.0)
cocoapods (1.11.3)
cocoapods-core (1.11.3)
cocoapods-deintegrate (1.0.5)
cocoapods-downloader (1.6.3)
cocoapods-plugins (1.0.0)
cocoapods-search (1.0.1)
cocoapods-trunk (1.6.0)
cocoapods-try (1.2.0)
colored (1.2)
colored2 (3.1.2)
commander (4.6.0)
concurrent-ruby (1.1.10)
csv (default: 3.0.9)
date (default: 2.0.2)
dbm (default: 1.0.0)
declarative (0.0.20)
did_you_mean (1.3.0)
digest-crc (0.6.4)
domain_name (0.5.20190701)
dotenv (2.7.6)
e2mmap (default: 0.1.0)
emoji_regex (3.2.3)
escape (0.0.4)
etc (default: 1.0.1)
ethon (0.15.0)
excon (0.92.2)
faraday (1.10.0)
faraday-cookie_jar (0.0.7)
faraday-em_http (1.0.0)
faraday-em_synchrony (1.0.0)
faraday-excon (1.1.0)
faraday-httpclient (1.0.1)
faraday-multipart (1.0.3)
faraday-net_http (1.0.1)
faraday-net_http_persistent (1.2.0)
faraday-patron (1.0.0)
faraday-rack (1.0.0)
faraday-retry (1.0.3)
faraday_middleware (1.2.0)
fastimage (2.2.6)
fastlane (2.205.2)
fcntl (default: 1.0.0)
ffi (1.15.5)
fiddle (default: 1.0.0)
fileutils (default: 1.1.0)
forwardable (default: 1.2.0)
fourflusher (2.3.1)
fuzzy_match (2.0.4)
gdbm (default: 2.0.0)
gh_inspector (1.1.3)
google-apis-androidpublisher_v3 (0.19.0)
google-apis-core (0.4.2)
google-apis-iamcredentials_v1 (0.10.0)
google-apis-playcustomapp_v1 (0.7.0)
google-apis-storage_v1 (0.13.0)
google-cloud-core (1.6.0)
google-cloud-env (1.6.0)
google-cloud-errors (1.2.0)
google-cloud-storage (1.36.2)
googleauth (1.1.3)
highline (2.0.3)
http-cookie (1.0.4)
httpclient (2.8.3)
i18n (1.10.0)
io-console (default: 0.4.7)
ipaddr (default: 1.2.2)
irb (default: 1.0.0)
jazzy (0.14.2)
jmespath (1.6.1)
json (default: 2.1.0)
jwt (2.3.0)
liferaft (0.0.6)
logger (default: 1.3.0)
matrix (default: 0.1.0)
memoist (0.16.2)
mini_magick (4.11.0)
mini_mime (1.1.2)
minitest (5.11.3)
molinillo (0.8.0)
multi_json (1.15.0)
multipart-post (2.0.0)
mustache (1.1.1)
mutex_m (default: 0.1.0)
nanaimo (0.3.0)
nap (1.1.0)
naturally (2.2.1)
net-telnet (0.2.0)
netrc (0.11.0)
nokogiri (1.13.4 x86_64-darwin)
open4 (1.3.4)
openssl (default: 2.1.2)
optparse (0.1.1)
os (1.1.4)
ostruct (default: 0.1.0)
plist (3.6.0)
power_assert (1.1.3)
prime (default: 0.1.0)
psych (default: 3.1.0)
public_suffix (4.0.7)
racc (1.6.0)
rake (12.3.3)
rdoc (default: 6.1.2.1)
redcarpet (3.5.1)
representable (3.1.1)
retriable (3.1.2)
rexml (3.2.5, default: 3.1.9.1)
rouge (2.0.7)
rss (default: 0.2.7)
ruby-macho (2.5.1)
ruby2_keywords (0.0.5)
rubyzip (2.3.2)
sassc (2.4.0)
scanf (default: 1.0.0)
sdbm (default: 1.0.0)
security (0.1.3)
shell (default: 0.7)
signet (0.16.1)
simctl (1.6.8)
slack-notifier (2.4.0)
slather (2.7.2)
sqlite3 (1.4.2)
stringio (default: 0.0.2)
strscan (default: 1.0.0)
sync (default: 0.5.0)
terminal-notifier (2.0.0)
terminal-table (1.8.0)
test-unit (3.2.9)
thwait (default: 0.1.0)
tracer (default: 0.1.0)
trailblazer-option (0.1.2)
trainer (0.9.1)
tty-cursor (0.7.1)
tty-screen (0.8.1)
tty-spinner (0.9.3)
typhoeus (1.4.0)
tzinfo (2.0.4)
uber (0.1.0)
unf (0.1.4)
unf_ext (0.0.8.1)
unicode-display_width (1.8.0)
webrick (default: 1.4.4)
word_wrap (1.0.0)
xcinvoke (0.3.0)
xcode-install (2.8.0)
xcodeproj (1.21.0)
xcov (1.8.1)
xcpretty (0.3.0)
xcpretty-json-formatter (0.1.1)
xcpretty-travis-formatter (1.0.1)
xcresult (0.2.1)
xmlrpc (0.3.0)
zeitwerk (2.5.4)
zlib (default: 1.0.0)
========================================


=== NPM global packages ==========================
* Cordova: 11.0.0
* Ionic: 6.19.0
* Appcenter-CLI version: 2.10.8
========================================


=== Checking Xcode CLT dirs ============

 * ls -1 /Library/Developer/CommandLineTools/SDKs/MacOSX10.15.sdk/usr/include/CommonCrypto
CommonCrypto.h
CommonCryptoError.h
CommonCryptor.h
CommonDigest.h
CommonHMAC.h
CommonKeyDerivation.h
CommonRandom.h
CommonSymmetricKeywrap.h
module.modulemap

 * ls -1 /Library/Developer/CommandLineTools/
Library
SDKs
usr

 * /Library/Developer/CommandLineTools/usr/bin/swift --version
Apple Swift version 5.3.2 (swiftlang-1200.0.45 clang-1200.0.32.28)
Target: x86_64-apple-darwin19.6.0

========================================


=== Xcode ==============================

* Active Xcode Command Line Tools:
/Applications/Xcode-12.0.1.app/Contents/Developer

* Xcode Version:
Xcode 12.0.1
Build version 12A7300

* /usr/bin/swift --version
Apple Swift version 5.3 (swiftlang-1200.0.29.2 clang-1200.0.30.1)
Target: x86_64-apple-darwin19.6.0

* Installed SDKs:
iOS SDKs:
	iOS 14.0                      	-sdk iphoneos14.0

iOS Simulator SDKs:
	Simulator - iOS 14.0          	-sdk iphonesimulator14.0

macOS SDKs:
	DriverKit 19.0                	-sdk driverkit.macosx19.0
	macOS 10.15                   	-sdk macosx10.15

tvOS SDKs:
	tvOS 14.0                     	-sdk appletvos14.0

tvOS Simulator SDKs:
	Simulator - tvOS 14.0         	-sdk appletvsimulator14.0

watchOS SDKs:
	watchOS 7.0                   	-sdk watchos7.0

watchOS Simulator SDKs:
	Simulator - watchOS 7.0       	-sdk watchsimulator7.0


* Available Simulators:
== Device Types ==
iPhone 4s (com.apple.CoreSimulator.SimDeviceType.iPhone-4s)
iPhone 5 (com.apple.CoreSimulator.SimDeviceType.iPhone-5)
iPhone 5s (com.apple.CoreSimulator.SimDeviceType.iPhone-5s)
iPhone 6 Plus (com.apple.CoreSimulator.SimDeviceType.iPhone-6-Plus)
iPhone 6 (com.apple.CoreSimulator.SimDeviceType.iPhone-6)
iPhone 6s (com.apple.CoreSimulator.SimDeviceType.iPhone-6s)
iPhone 6s Plus (com.apple.CoreSimulator.SimDeviceType.iPhone-6s-Plus)
iPhone SE (1st generation) (com.apple.CoreSimulator.SimDeviceType.iPhone-SE)
iPhone 7 (com.apple.CoreSimulator.SimDeviceType.iPhone-7)
iPhone 7 Plus (com.apple.CoreSimulator.SimDeviceType.iPhone-7-Plus)
iPhone 8 (com.apple.CoreSimulator.SimDeviceType.iPhone-8)
iPhone 8 Plus (com.apple.CoreSimulator.SimDeviceType.iPhone-8-Plus)
iPhone X (com.apple.CoreSimulator.SimDeviceType.iPhone-X)
iPhone Xs (com.apple.CoreSimulator.SimDeviceType.iPhone-XS)
iPhone Xs Max (com.apple.CoreSimulator.SimDeviceType.iPhone-XS-Max)
iPhone Xʀ (com.apple.CoreSimulator.SimDeviceType.iPhone-XR)
iPhone 11 (com.apple.CoreSimulator.SimDeviceType.iPhone-11)
iPhone 11 Pro (com.apple.CoreSimulator.SimDeviceType.iPhone-11-Pro)
iPhone 11 Pro Max (com.apple.CoreSimulator.SimDeviceType.iPhone-11-Pro-Max)
iPhone SE (2nd generation) (com.apple.CoreSimulator.SimDeviceType.iPhone-SE--2nd-generation-)
iPod touch (7th generation) (com.apple.CoreSimulator.SimDeviceType.iPod-touch--7th-generation-)
iPad 2 (com.apple.CoreSimulator.SimDeviceType.iPad-2)
iPad Retina (com.apple.CoreSimulator.SimDeviceType.iPad-Retina)
iPad Air (com.apple.CoreSimulator.SimDeviceType.iPad-Air)
iPad mini 2 (com.apple.CoreSimulator.SimDeviceType.iPad-mini-2)
iPad mini 3 (com.apple.CoreSimulator.SimDeviceType.iPad-mini-3)
iPad mini 4 (com.apple.CoreSimulator.SimDeviceType.iPad-mini-4)
iPad Air 2 (com.apple.CoreSimulator.SimDeviceType.iPad-Air-2)
iPad Pro (9.7-inch) (com.apple.CoreSimulator.SimDeviceType.iPad-Pro--9-7-inch-)
iPad Pro (12.9-inch) (1st generation) (com.apple.CoreSimulator.SimDeviceType.iPad-Pro)
iPad (5th generation) (com.apple.CoreSimulator.SimDeviceType.iPad--5th-generation-)
iPad Pro (12.9-inch) (2nd generation) (com.apple.CoreSimulator.SimDeviceType.iPad-Pro--12-9-inch---2nd-generation-)
iPad Pro (10.5-inch) (com.apple.CoreSimulator.SimDeviceType.iPad-Pro--10-5-inch-)
iPad (6th generation) (com.apple.CoreSimulator.SimDeviceType.iPad--6th-generation-)
iPad (7th generation) (com.apple.CoreSimulator.SimDeviceType.iPad--7th-generation-)
iPad Pro (11-inch) (1st generation) (com.apple.CoreSimulator.SimDeviceType.iPad-Pro--11-inch-)
iPad Pro (12.9-inch) (3rd generation) (com.apple.CoreSimulator.SimDeviceType.iPad-Pro--12-9-inch---3rd-generation-)
iPad Pro (11-inch) (2nd generation) (com.apple.CoreSimulator.SimDeviceType.iPad-Pro--11-inch---2nd-generation-)
iPad Pro (12.9-inch) (4th generation) (com.apple.CoreSimulator.SimDeviceType.iPad-Pro--12-9-inch---4th-generation-)
iPad mini (5th generation) (com.apple.CoreSimulator.SimDeviceType.iPad-mini--5th-generation-)
iPad Air (3rd generation) (com.apple.CoreSimulator.SimDeviceType.iPad-Air--3rd-generation-)
iPad (8th generation) (com.apple.CoreSimulator.SimDeviceType.iPad--8th-generation-)
iPad Air (4th generation) (com.apple.CoreSimulator.SimDeviceType.iPad-Air--4th-generation-)
Apple TV (com.apple.CoreSimulator.SimDeviceType.Apple-TV-1080p)
Apple TV 4K (com.apple.CoreSimulator.SimDeviceType.Apple-TV-4K-4K)
Apple TV 4K (at 1080p) (com.apple.CoreSimulator.SimDeviceType.Apple-TV-4K-1080p)
Apple Watch - 38mm (com.apple.CoreSimulator.SimDeviceType.Apple-Watch-38mm)
Apple Watch - 42mm (com.apple.CoreSimulator.SimDeviceType.Apple-Watch-42mm)
Apple Watch Series 2 - 38mm (com.apple.CoreSimulator.SimDeviceType.Apple-Watch-Series-2-38mm)
Apple Watch Series 2 - 42mm (com.apple.CoreSimulator.SimDeviceType.Apple-Watch-Series-2-42mm)
Apple Watch Series 3 - 38mm (com.apple.CoreSimulator.SimDeviceType.Apple-Watch-Series-3-38mm)
Apple Watch Series 3 - 42mm (com.apple.CoreSimulator.SimDeviceType.Apple-Watch-Series-3-42mm)
Apple Watch Series 4 - 40mm (com.apple.CoreSimulator.SimDeviceType.Apple-Watch-Series-4-40mm)
Apple Watch Series 4 - 44mm (com.apple.CoreSimulator.SimDeviceType.Apple-Watch-Series-4-44mm)
Apple Watch Series 5 - 40mm (com.apple.CoreSimulator.SimDeviceType.Apple-Watch-Series-5-40mm)
Apple Watch Series 5 - 44mm (com.apple.CoreSimulator.SimDeviceType.Apple-Watch-Series-5-44mm)
Apple Watch SE - 40mm (com.apple.CoreSimulator.SimDeviceType.Apple-Watch-SE-40mm)
Apple Watch SE - 44mm (com.apple.CoreSimulator.SimDeviceType.Apple-Watch-SE-44mm)
Apple Watch Series 6 - 40mm (com.apple.CoreSimulator.SimDeviceType.Apple-Watch-Series-6-40mm)
Apple Watch Series 6 - 44mm (com.apple.CoreSimulator.SimDeviceType.Apple-Watch-Series-6-44mm)
== Runtimes ==
iOS 13.3 (13.3 - 17C45) - com.apple.CoreSimulator.SimRuntime.iOS-13-3
iOS 13.4 (13.4 - 17E255) - com.apple.CoreSimulator.SimRuntime.iOS-13-4
iOS 13.5 (13.5 - 17F61) - com.apple.CoreSimulator.SimRuntime.iOS-13-5
iOS 13.6 (13.6 - 17G64) - com.apple.CoreSimulator.SimRuntime.iOS-13-6
iOS 14.0 (14.0 - 18A372) - com.apple.CoreSimulator.SimRuntime.iOS-14-0
tvOS 13.0 (13.0 - 17J585) - com.apple.CoreSimulator.SimRuntime.tvOS-13-0
tvOS 13.2 (13.2 - 17K90) - com.apple.CoreSimulator.SimRuntime.tvOS-13-2
tvOS 13.3 (13.3 - 17K446) - com.apple.CoreSimulator.SimRuntime.tvOS-13-3
tvOS 14.0 (14.0 - 18J383) - com.apple.CoreSimulator.SimRuntime.tvOS-14-0
watchOS 6.0 (6.0 - 17R575) - com.apple.CoreSimulator.SimRuntime.watchOS-6-0
watchOS 6.1 (6.1.1 - 17S445) - com.apple.CoreSimulator.SimRuntime.watchOS-6-1
watchOS 7.0 (7.0 - 18R382) - com.apple.CoreSimulator.SimRuntime.watchOS-7-0
== Devices ==
-- iOS 13.3 --
    iPhone 8 (BA2F8F82-D3F1-4F12-9ABE-A0A47D35E4B6) (Shutdown) 
    iPhone 8 Plus (E57EDF70-7CC8-4973-AECA-00227C405CDA) (Shutdown) 
    iPhone 11 (B5BC4E02-8878-4E18-9D34-2FA21573036F) (Shutdown) 
    iPhone 11 Pro (110C7427-0DE2-4016-B3B0-515D5EC1CA18) (Shutdown) 
    iPhone 11 Pro Max (6DBB7CED-81D0-44C0-9FEF-EC0812EDA824) (Shutdown) 
    iPad Pro (9.7-inch) (8D57DE10-F16D-40DE-8AF4-494EB10EDFE2) (Shutdown) 
    iPad (7th generation) (CFAA7DCB-B9F6-43AC-9F97-F97BB620E696) (Shutdown) 
    iPad Pro (11-inch) (1st generation) (0B020A61-AECA-4ECF-A26B-9F983BE4846D) (Shutdown) 
    iPad Pro (12.9-inch) (3rd generation) (F7E9DEF6-55B5-406C-BDCD-941ACFC2504A) (Shutdown) 
    iPad Air (3rd generation) (D5446E39-B850-4C37-9E05-0A0713DC87B9) (Shutdown) 
-- iOS 13.4 --
    iPhone 8 (433AA124-4B45-461C-AEA4-02AC3FF85690) (Shutdown) 
    iPhone 8 Plus (5CCB4BBD-3818-4E78-9169-F58B851F20B6) (Shutdown) 
    iPhone 11 (F1F7D217-3B7C-49C7-B162-B110ACB9F8CB) (Shutdown) 
    iPhone 11 Pro (F605B8A5-9D7E-4207-93C1-8CE489E0C990) (Shutdown) 
    iPhone 11 Pro Max (D59EFBD2-173F-43BF-B94F-C7C9A7DEB234) (Shutdown) 
    iPad Pro (9.7-inch) (D916A6D1-0484-4825-B127-744467381885) (Shutdown) 
    iPad (7th generation) (736AA044-44CF-4BF0-B8F9-3F64D8987BC6) (Shutdown) 
    iPad Pro (11-inch) (2nd generation) (5DF92D29-F2DA-4576-A1F9-FC1B0511785C) (Shutdown) 
    iPad Pro (12.9-inch) (4th generation) (E4B7E742-5372-4115-8DC0-C2D86519F968) (Shutdown) 
    iPad Air (3rd generation) (B0069642-615F-4270-A8FA-5310480B498A) (Shutdown) 
-- iOS 13.5 --
    iPhone 8 (08D83EE7-A78F-448B-BE23-06B0974EE779) (Shutdown) 
    iPhone 8 Plus (36C306E0-8185-4B33-B52D-5EF8755C8688) (Shutdown) 
    iPhone 11 (3DFE3EBE-83B4-4985-BF4F-1FB2342510B3) (Shutdown) 
    iPhone 11 Pro (ACDC46A7-D6B1-4491-B6E7-DE8D4A9D86F4) (Shutdown) 
    iPhone 11 Pro Max (93E00652-43BB-4B0E-82C7-DC2A528D0CA0) (Shutdown) 
    iPhone SE (2nd generation) (2436A844-98B8-4833-8DB4-855A025712D0) (Shutdown) 
    iPad Pro (9.7-inch) (9CC4DE8C-1EC3-4892-96B9-A5E976540D9F) (Shutdown) 
    iPad (7th generation) (014E4EC4-0F99-4509-BCB9-F1C9F73DB1F1) (Shutdown) 
    iPad Pro (11-inch) (2nd generation) (E8775C08-515E-4C3C-8B37-D37CD372B2BD) (Shutdown) 
    iPad Pro (12.9-inch) (4th generation) (E112C38D-1B98-4813-848C-20321D90D380) (Shutdown) 
    iPad Air (3rd generation) (6080C246-257C-4710-8DCD-C32DFBFB0A98) (Shutdown) 
-- iOS 13.6 --
    iPhone 8 (4B5E8CB3-D6EC-4B86-815B-12654DA734C6) (Shutdown) 
    iPhone 8 Plus (720E7F33-F54A-4BA4-882C-76375007CA50) (Shutdown) 
    iPhone 11 (8A7A2582-40BF-444C-B953-715F76EDE79D) (Shutdown) 
    iPhone 11 Pro (457521EE-3BC8-42F2-830F-5CFFDF101A3E) (Shutdown) 
    iPhone 11 Pro Max (F5E08D76-927B-464A-AF86-940D1AA8D519) (Shutdown) 
    iPhone SE (2nd generation) (EA4C99CB-F977-4AA2-B72E-F8347155718B) (Shutdown) 
    iPad Pro (9.7-inch) (4C0F7AB1-8E66-4312-988A-3CEA06BCCFFB) (Shutdown) 
    iPad (7th generation) (ECA7FD9D-69B1-4B64-B107-C11886211A7A) (Shutdown) 
    iPad Pro (11-inch) (2nd generation) (52F5FE6D-BE9E-49AA-9BE7-7D6CEF9F8A76) (Shutdown) 
    iPad Pro (12.9-inch) (4th generation) (293B0019-1AFF-4268-96ED-DB211FD73D03) (Shutdown) 
    iPad Air (3rd generation) (B9843842-B5EF-4CCE-84D9-52B86320A532) (Shutdown) 
-- iOS 14.0 --
    iPhone 8 (DBB8ABAC-5792-4390-AC2D-0DD91F0645B0) (Shutdown) 
    iPhone 8 Plus (3A26D44D-DC93-4579-B1E1-F992853E85C1) (Shutdown) 
    iPhone 11 (14B79A01-4D5C-44CC-AC47-BBC603BF139F) (Shutdown) 
    iPhone 11 Pro (49B10B3A-2427-4EDC-9699-8B8A181CE5D2) (Shutdown) 
    iPhone 11 Pro Max (6C9AC2F9-C79E-47DF-ACD4-8115AE2E5F2C) (Shutdown) 
    iPhone SE (2nd generation) (A655BB93-5562-4C38-830F-9F0FF60AA6CA) (Shutdown) 
    iPod touch (7th generation) (4F808395-20B4-4CC3-8D5E-720AEE35D279) (Shutdown) 
    iPad Pro (9.7-inch) (3B143DB1-06D1-4B0C-A4EB-71E20A53C5C6) (Shutdown) 
    iPad Pro (11-inch) (2nd generation) (05F8A510-1E77-4643-9808-E97085BEC1C1) (Shutdown) 
    iPad Pro (12.9-inch) (4th generation) (0609147A-C7E9-4B46-AED9-58A9539026D2) (Shutdown) 
    iPad (8th generation) (CA3DA87C-1180-4BD4-980D-1F1FE9CCFFA0) (Shutdown) 
    iPad Air (4th generation) (01F7C089-D6F0-4E52-A4D3-E00587B10F45) (Shutdown) 
-- tvOS 13.0 --
    Apple TV (E16253FF-00BE-47A4-89A2-AE9400B3C995) (Shutdown) 
    Apple TV 4K (BA5B8D0A-1E97-454C-A734-2C40DBD4467A) (Shutdown) 
    Apple TV 4K (at 1080p) (B5F0E68B-F6BA-4199-BC9A-E7A8BA41B4D2) (Shutdown) 
-- tvOS 13.2 --
    Apple TV (163B1303-F1BA-4B2E-9A42-26B00B910AE7) (Shutdown) 
    Apple TV 4K (C641086F-00A4-4ADD-BA51-2D797B7CCBE3) (Shutdown) 
    Apple TV 4K (at 1080p) (9870D517-860C-450E-8489-14BCD1C7B16A) (Shutdown) 
-- tvOS 13.3 --
    Apple TV (7BD352B7-C556-490D-A622-B762444B5065) (Shutdown) 
    Apple TV 4K (0C5A0C7A-6D7C-4A1E-B454-9F3758A80031) (Shutdown) 
    Apple TV 4K (at 1080p) (26E1D89F-0CF1-4FDB-8C17-33F55A2CFDB3) (Shutdown) 
-- tvOS 14.0 --
    Apple TV (6958969D-D613-427A-A680-AD0FEF8296DB) (Shutdown) 
    Apple TV 4K (3B2BB64B-F7A2-4EDC-80E0-3389A192C6A9) (Shutdown) 
    Apple TV 4K (at 1080p) (B3FED810-1FAD-431A-80CE-281E15DD6381) (Shutdown) 
-- watchOS 6.0 --
    Apple Watch Series 4 - 40mm (F2AD8DD2-2AB9-4E69-8367-7EA862F28F9F) (Shutdown) 
    Apple Watch Series 4 - 44mm (C309C00B-C2ED-404F-9FA6-DF08612A8290) (Shutdown) 
    Apple Watch Series 5 - 40mm (AA3727E6-8D7C-45DF-A05E-79264208E024) (Shutdown) 
    Apple Watch Series 5 - 44mm (DC53B326-FCB7-4F20-9824-9B2BA90C4B86) (Shutdown) 
-- watchOS 6.1 --
    Apple Watch Series 4 - 40mm (C7CBF2AE-5D82-4ED7-9552-8CBB6FE22B5F) (Shutdown) 
    Apple Watch Series 4 - 44mm (59B7053B-B7C9-4C64-A0D3-90310FBB65E7) (Shutdown) 
    Apple Watch Series 5 - 40mm (B81372FA-45D1-4FE8-9477-64A4D3A3BB6A) (Shutdown) 
    Apple Watch Series 5 - 44mm (20851E29-DBBB-41B2-90B1-D30BD9C5E167) (Shutdown) 
-- watchOS 7.0 --
    Apple Watch Series 5 - 40mm (FB9CDB81-054B-42A8-9570-4EC997B09C2A) (Shutdown) 
    Apple Watch Series 5 - 44mm (0C12E056-1122-4276-A44C-68314F4DF456) (Shutdown) 
    Apple Watch Series 6 - 40mm (E56F8826-4ED1-402F-9FEC-FA4470081BEC) (Shutdown) 
    Apple Watch Series 6 - 44mm (FE642DFB-551D-4A57-B785-67092B78A0B6) (Shutdown) 
== Device Pairs ==
5FFA61DC-C24E-426D-A487-9095605A1565 (active, disconnected)
    Watch: Apple Watch Series 6 - 40mm (E56F8826-4ED1-402F-9FEC-FA4470081BEC) (Shutdown)
    Phone: iPhone 11 Pro (49B10B3A-2427-4EDC-9699-8B8A181CE5D2) (Shutdown)
CB825186-DDDE-4C99-8A70-97935E486258 (active, disconnected)
    Watch: Apple Watch Series 6 - 44mm (FE642DFB-551D-4A57-B785-67092B78A0B6) (Shutdown)
    Phone: iPhone 11 Pro Max (6C9AC2F9-C79E-47DF-ACD4-8115AE2E5F2C) (Shutdown)

========================================


=== OS X info =========================

* sw_vers
ProductName:	Mac OS X
ProductVersion:	10.15.7
BuildVersion:	19H15

* system_profiler SPSoftwareDataType
Software:

    System Software Overview:

      System Version: macOS 10.15.7 (19H15)
      Kernel Version: Darwin 19.6.0
      Boot Volume: Macintosh HD
      Boot Mode: Normal
      Computer Name: vm-osx-xcode-12.0.x-g2.4core-62353e9b-4137-489c-af13-bd63b4b68423
      User Name: vagrant (vagrant)
      Secure Virtual Memory: Enabled
      System Integrity Protection: Disabled
      Time since boot: 3 minutes


========================================


=== System infos =======================
* Free disk space:
    Filesystem         Size        Avail
  /dev/disk1s5        300Gi        170Gi
========================================

--- Android

* ANDROID_HOME (/usr/local/share/android-sdk) content:
add-ons
build-tools
cmdline-tools
emulator
extras
licenses
ndk-bundle
patcher
platform-tools
platforms
system-images
tools

* ANDROID_NDK_HOME (/usr/local/share/android-sdk/ndk-bundle) content:
CHANGELOG.md
NOTICE
NOTICE.toolchain
README.md
build
meta
ndk-build
ndk-gdb
ndk-stack
ndk-which
package.xml
platforms
prebuilt
python-packages
shader-tools
simpleperf
source.properties
sources
sysroot
toolchains
wrap.sh

* Android NDK Version:
Pkg.Desc = Android NDK
Pkg.Revision = 21.4.7075529

* platform-tools content:
NOTICE.txt
adb
dmtracedump
e2fsdroid
etc1tool
fastboot
hprof-conv
lib64
make_f2fs
make_f2fs_casefold
mke2fs
mke2fs.conf
package.xml
sload_f2fs
source.properties
sqlite3
systrace

* build-tools content:
17.0.0
19.1.0
21.1.2
22.0.1
23.0.3
24.0.3
25.0.3
26.0.1
26.0.2
27.0.0
27.0.1
27.0.2
27.0.3
28.0.0
28.0.1
28.0.2
28.0.3
29.0.0
29.0.1
29.0.2
29.0.3
30.0.0
30.0.1
30.0.2
30.0.3

* extras content:
/usr/local/share/android-sdk/extras
├── android
│   └── m2repository
├── google
│   ├── google_play_services
│   └── m2repository
└── m2repository
    └── com

7 directories, 0 files

* platforms content:
android-15
android-17
android-19
android-21
android-22
android-23
android-24
android-25
android-26
android-27
android-28
android-29
android-30

* system-images content:
/usr/local/share/android-sdk/system-images
├── android-26
│   └── google_apis
│       └── x86
├── android-28
│   └── google_apis
│       └── x86_64
├── android-29
│   └── google_apis
│       └── x86
└── android-30
    └── google_apis
        └── x86

12 directories, 0 files

========================================

 * SDK packages:
* Command line Tools version: 5.0
* Platform Tools version: 31.0.3
* Emulator version: 30.8.4
========================================


=== Android APK tools ==================

* aapt2:

========================================


=== Environment infos =======================
MATCH_KEYCHAIN_PASSWORD environment set
========================================


=== Control tests ======================
source $HOME/.bash_profile ...
source $HOME/.bash_profile - PASSED
========================================

