 (i) Ignore Errors: disabled

#
# This System Report was generated by: https://github.com/bitrise-io/osx-box-bootstrap/blob/master/system_report.sh
#  Pull Requests are welcome!
#


=== Revision / ID ======================
* BITRISE_OSX_STACK_REV_ID: v2022_03_28
========================================


=== Pre-installed tool versions ========
* Go: go version go1.17.8 darwin/amd64
* Python: Python 2.7.16
* Node.js: v12.22.11
* NPM: 6.14.16
* Yarn: 1.22.18
* Java: openjdk version "11.0.11" 2021-04-20
OpenJDK Runtime Environment AdoptOpenJDK-11.0.11+9 (build 11.0.11+9)
OpenJDK 64-Bit Server VM AdoptOpenJDK-11.0.11+9 (build 11.0.11+9, mixed mode)
* Flutter: Flutter 2.10.3 • channel stable • https://github.com/flutter/flutter.git
* fvm: 2.2.6

* git: git version 2.35.1
* git lfs: git-lfs/3.1.2 (GitHub; darwin amd64; go 1.17.6)
* mercurial/hg: Mercurial Distributed SCM (version 6.1)
* curl: curl 7.64.1 (x86_64-apple-darwin19.0) libcurl/7.64.1 (SecureTransport) LibreSSL/2.8.3 zlib/1.2.11 nghttp2/1.39.2
* wget: GNU Wget 1.21.3 built on darwin19.6.0.
* rsync: rsync  version 2.6.9  protocol version 29
* unzip: UnZip 6.00 of 20 April 2009, by Info-ZIP.  Maintained by C. Spieler.  Send
* zip: This is Zip 3.0 (July 5th 2008), by Info-ZIP.
* tar: bsdtar 3.3.2 - libarchive 3.3.2 zlib/1.2.11 liblzma/5.0.5 bz2lib/1.0.6
* tree: tree v2.0.2 (c) 1996 - 2022 by Steve Baker, Thomas Moore, Francesc Rocher, Florian Sesser, Kyosuke Tokoro 

* brew: Homebrew 3.4.4
Homebrew/homebrew-core (git revision 6f972c8492a; last commit 2022-03-28)
Homebrew/homebrew-cask (git revision 2aa9380fd5; last commit 2022-03-28)
* Ansible: ansible [core 2.12.2]
  config file = /Users/vagrant/git/ansible.cfg
  configured module search path = ['/Users/vagrant/.ansible/plugins/modules', '/usr/share/ansible/plugins/modules']
  ansible python module location = /usr/local/Cellar/ansible/5.3.0/libexec/lib/python3.10/site-packages/ansible
  ansible collection location = /Users/vagrant/.ansible/collections:/usr/share/ansible/collections
  executable location = /usr/local/bin/ansible
* gtimeout: timeout (GNU coreutils) 9.0
* watchman: 2022.03.21.00
* flow: Flow, a static type checker for JavaScript, version 0.174.1
* carthage: 0.38.0
* imagemagick (convert): Version: ImageMagick 7.1.0-29 Q16-HDRI x86_64 19841 https://imagemagick.org
* ghostscript (ps2ascii): 9.55.0
* screen: Screen version 4.09.00 (GNU) 30-Jan-22
* firebase: 10.2.1
* applesimutils version 0.9.5
* jq: 1.6
* Version: 0.8.1
* XCLogParser 0.2.21
* Screen 4.09.00
* applesimutils 0.9.5
* OpenConnect version v8.20
* aws-cli: aws-cli/2.4.29 Python/3.9.12 Darwin/19.6.0 source/x86_64 prompt/off
* cmake: 3.22.3
* danger-swift: 3.12.3
[0;0m
* OpenVPN 2.5.6 x86_64-apple-darwin19.6.0 [SSL (OpenSSL)] [LZO] [LZ4] [PKCS11] [MH/RECVDA] [AEAD] built on Mar 23 2022

--- Bitrise CLI tool versions
* bitrise: 1.48.0
* stepman: 0.13.1
* envman: 2.3.3
* cmd-bridge: 0.9.5
========================================


=== Brew list versions ==================
ansible 5.3.0
ant 1.10.12
aom 3.3.0
applesimutils 0.9.5
autoconf 2.71
awscli 2.4.29
bdw-gc 8.0.6
boost 1.78.0_1
brotli 1.0.9
c-ares 1.18.1_1
ca-certificates 2022-03-18
carthage 0.38.0
cmake 3.22.3
coreutils 9.0_1
danger-js 11.0.2
danger-swift 3.12.3
dart 2.16.2
docbook 5.1_1
docbook-xsl 1.79.2_1
double-conversion 3.2.0
fb303 2022.03.21.00
fbthrift 2022.03.21.00
fizz 2022.03.21.00
flow 0.174.1
fmt 8.1.1_1
folly 2022.03.21.00
fontconfig 2.13.1
freetype 2.11.1
fvm 2.2.6
gdbm 1.23
gettext 0.21
gflags 2.2.2
ghostscript 9.55.0
giflib 5.2.1
git 2.35.1
git-lfs 3.1.2
glib 2.72.0
glog 0.5.0
gmp 6.2.1_1
gnu-getopt 2.37.4
gnupg 2.3.4
gnutls 3.7.4
go@1.16 1.16.15
go@1.17 1.17.8
gradle 7.4.1
guile 3.0.8
icu4c 70.1
imagemagick 7.1.0-29
imath 3.1.4
jbig2dec 0.19
jenv 0.5.4
jpeg 9e
jpeg-xl 0.6.1
jq 1.6
libassuan 2.5.5
libde265 1.0.8
libevent 2.1.12
libffi 3.4.2
libgcrypt 1.10.0
libgpg-error 1.44
libheif 1.12.0_1
libidn 1.38
libidn2 2.3.2
libksba 1.6.0
liblqr 0.4.2_1
libnghttp2 1.47.0
libomp 14.0.0
libpng 1.6.37
libsodium 1.0.18_1
libtasn1 4.18.0
libtiff 4.3.0
libtool 2.4.7
libunistring 1.0
libusb 1.0.25
libuv 1.44.1
libvmaf 2.3.0_1
libyaml 0.2.5
little-cms2 2.13.1
lz4 1.9.3
lzo 2.10
m4 1.4.19
macos-term-size 1.0.0
maven 3.8.5
mercurial 6.1
mpdecimal 2.5.1
nettle 3.7.3
node@12 12.22.11
npth 1.6
oniguruma 6.9.7.1
openconnect 8.20
openexr 3.1.4
openjpeg 2.4.0
openssl@1.1 1.1.1n
openvpn 2.5.6
p11-kit 0.24.1
pcre 8.45
pcre2 10.39
pinentry 1.2.0
pkcs11-helper 1.28.0
pkg-config 0.29.2_3
python@3.10 3.10.2
python@3.9 3.9.12
rbenv 1.2.0
readline 8.1.2
ruby-build 20220324
screen 4.9.0
shared-mime-info 2.1
six 1.16.0_2
snappy 1.1.9
sqlite 3.38.2
stoken 0.92_1
tree 2.0.2
unbound 1.15.0
wangle 2022.03.21.00
watchman 2022.03.21.00
webp 1.2.2
wget 1.21.3
x265 3.5
xmlto 0.0.28
xz 5.2.5
yarn 1.22.18
zstd 1.5.2
========================================


=== Brew deps tree ==================
adoptopenjdk/openjdk/adoptopenjdk11

adoptopenjdk/openjdk/adoptopenjdk8

ansible
├── libyaml
├── openssl@1.1
│   └── ca-certificates
├── python@3.10
│   ├── gdbm
│   ├── mpdecimal
│   ├── openssl@1.1
│   │   └── ca-certificates
│   ├── readline
│   ├── sqlite
│   │   └── readline
│   └── xz
└── six

ant
└── openjdk

aom
├── jpeg-xl
│   ├── brotli
│   ├── giflib
│   ├── imath
│   ├── jpeg
│   ├── libpng
│   ├── openexr
│   │   └── imath
│   └── webp
│       ├── giflib
│       ├── jpeg
│       ├── libpng
│       └── libtiff
│           └── jpeg
└── libvmaf

wix/brew/applesimutils

autoconf
└── m4

awscli
├── python@3.9
│   ├── gdbm
│   ├── mpdecimal
│   ├── openssl@1.1
│   │   └── ca-certificates
│   ├── readline
│   ├── sqlite
│   │   └── readline
│   └── xz
└── six

bdw-gc

boost
└── icu4c

brotli

c-ares

ca-certificates

carthage

cmake

coreutils
└── gmp

danger/tap/danger-js

danger/tap/danger-swift
└── danger/tap/danger-js

dart-lang/dart/dart

docbook

docbook-xsl
└── docbook

double-conversion

fb303
├── fbthrift
│   ├── boost
│   │   └── icu4c
│   ├── fizz
│   │   ├── boost
│   │   │   └── icu4c
│   │   ├── double-conversion
│   │   ├── fmt
│   │   ├── folly
│   │   │   ├── boost
│   │   │   │   └── icu4c
│   │   │   ├── double-conversion
│   │   │   ├── fmt
│   │   │   ├── gflags
│   │   │   ├── glog
│   │   │   │   └── gflags
│   │   │   ├── libevent
│   │   │   │   └── openssl@1.1
│   │   │   │       └── ca-certificates
│   │   │   ├── lz4
│   │   │   ├── openssl@1.1
│   │   │   │   └── ca-certificates
│   │   │   ├── snappy
│   │   │   ├── xz
│   │   │   └── zstd
│   │   ├── gflags
│   │   ├── glog
│   │   │   └── gflags
│   │   ├── libevent
│   │   │   └── openssl@1.1
│   │   │       └── ca-certificates
│   │   ├── libsodium
│   │   ├── lz4
│   │   ├── openssl@1.1
│   │   │   └── ca-certificates
│   │   ├── snappy
│   │   └── zstd
│   ├── fmt
│   ├── folly
│   │   ├── boost
│   │   │   └── icu4c
│   │   ├── double-conversion
│   │   ├── fmt
│   │   ├── gflags
│   │   ├── glog
│   │   │   └── gflags
│   │   ├── libevent
│   │   │   └── openssl@1.1
│   │   │       └── ca-certificates
│   │   ├── lz4
│   │   ├── openssl@1.1
│   │   │   └── ca-certificates
│   │   ├── snappy
│   │   ├── xz
│   │   └── zstd
│   ├── gflags
│   ├── glog
│   │   └── gflags
│   ├── openssl@1.1
│   │   └── ca-certificates
│   ├── wangle
│   │   ├── boost
│   │   │   └── icu4c
│   │   ├── double-conversion
│   │   ├── fizz
│   │   │   ├── boost
│   │   │   │   └── icu4c
│   │   │   ├── double-conversion
│   │   │   ├── fmt
│   │   │   ├── folly
│   │   │   │   ├── boost
│   │   │   │   │   └── icu4c
│   │   │   │   ├── double-conversion
│   │   │   │   ├── fmt
│   │   │   │   ├── gflags
│   │   │   │   ├── glog
│   │   │   │   │   └── gflags
│   │   │   │   ├── libevent
│   │   │   │   │   └── openssl@1.1
│   │   │   │   │       └── ca-certificates
│   │   │   │   ├── lz4
│   │   │   │   ├── openssl@1.1
│   │   │   │   │   └── ca-certificates
│   │   │   │   ├── snappy
│   │   │   │   ├── xz
│   │   │   │   └── zstd
│   │   │   ├── gflags
│   │   │   ├── glog
│   │   │   │   └── gflags
│   │   │   ├── libevent
│   │   │   │   └── openssl@1.1
│   │   │   │       └── ca-certificates
│   │   │   ├── libsodium
│   │   │   ├── lz4
│   │   │   ├── openssl@1.1
│   │   │   │   └── ca-certificates
│   │   │   ├── snappy
│   │   │   └── zstd
│   │   ├── fmt
│   │   ├── folly
│   │   │   ├── boost
│   │   │   │   └── icu4c
│   │   │   ├── double-conversion
│   │   │   ├── fmt
│   │   │   ├── gflags
│   │   │   ├── glog
│   │   │   │   └── gflags
│   │   │   ├── libevent
│   │   │   │   └── openssl@1.1
│   │   │   │       └── ca-certificates
│   │   │   ├── lz4
│   │   │   ├── openssl@1.1
│   │   │   │   └── ca-certificates
│   │   │   ├── snappy
│   │   │   ├── xz
│   │   │   └── zstd
│   │   ├── gflags
│   │   ├── glog
│   │   │   └── gflags
│   │   ├── libevent
│   │   │   └── openssl@1.1
│   │   │       └── ca-certificates
│   │   ├── libsodium
│   │   ├── lz4
│   │   ├── openssl@1.1
│   │   │   └── ca-certificates
│   │   ├── snappy
│   │   └── zstd
│   └── zstd
├── fizz
│   ├── boost
│   │   └── icu4c
│   ├── double-conversion
│   ├── fmt
│   ├── folly
│   │   ├── boost
│   │   │   └── icu4c
│   │   ├── double-conversion
│   │   ├── fmt
│   │   ├── gflags
│   │   ├── glog
│   │   │   └── gflags
│   │   ├── libevent
│   │   │   └── openssl@1.1
│   │   │       └── ca-certificates
│   │   ├── lz4
│   │   ├── openssl@1.1
│   │   │   └── ca-certificates
│   │   ├── snappy
│   │   ├── xz
│   │   └── zstd
│   ├── gflags
│   ├── glog
│   │   └── gflags
│   ├── libevent
│   │   └── openssl@1.1
│   │       └── ca-certificates
│   ├── libsodium
│   ├── lz4
│   ├── openssl@1.1
│   │   └── ca-certificates
│   ├── snappy
│   └── zstd
├── fmt
├── folly
│   ├── boost
│   │   └── icu4c
│   ├── double-conversion
│   ├── fmt
│   ├── gflags
│   ├── glog
│   │   └── gflags
│   ├── libevent
│   │   └── openssl@1.1
│   │       └── ca-certificates
│   ├── lz4
│   ├── openssl@1.1
│   │   └── ca-certificates
│   ├── snappy
│   ├── xz
│   └── zstd
├── gflags
├── glog
│   └── gflags
├── openssl@1.1
│   └── ca-certificates
└── wangle
    ├── boost
    │   └── icu4c
    ├── double-conversion
    ├── fizz
    │   ├── boost
    │   │   └── icu4c
    │   ├── double-conversion
    │   ├── fmt
    │   ├── folly
    │   │   ├── boost
    │   │   │   └── icu4c
    │   │   ├── double-conversion
    │   │   ├── fmt
    │   │   ├── gflags
    │   │   ├── glog
    │   │   │   └── gflags
    │   │   ├── libevent
    │   │   │   └── openssl@1.1
    │   │   │       └── ca-certificates
    │   │   ├── lz4
    │   │   ├── openssl@1.1
    │   │   │   └── ca-certificates
    │   │   ├── snappy
    │   │   ├── xz
    │   │   └── zstd
    │   ├── gflags
    │   ├── glog
    │   │   └── gflags
    │   ├── libevent
    │   │   └── openssl@1.1
    │   │       └── ca-certificates
    │   ├── libsodium
    │   ├── lz4
    │   ├── openssl@1.1
    │   │   └── ca-certificates
    │   ├── snappy
    │   └── zstd
    ├── fmt
    ├── folly
    │   ├── boost
    │   │   └── icu4c
    │   ├── double-conversion
    │   ├── fmt
    │   ├── gflags
    │   ├── glog
    │   │   └── gflags
    │   ├── libevent
    │   │   └── openssl@1.1
    │   │       └── ca-certificates
    │   ├── lz4
    │   ├── openssl@1.1
    │   │   └── ca-certificates
    │   ├── snappy
    │   ├── xz
    │   └── zstd
    ├── gflags
    ├── glog
    │   └── gflags
    ├── libevent
    │   └── openssl@1.1
    │       └── ca-certificates
    ├── libsodium
    ├── lz4
    ├── openssl@1.1
    │   └── ca-certificates
    ├── snappy
    └── zstd

fbthrift
├── boost
│   └── icu4c
├── fizz
│   ├── boost
│   │   └── icu4c
│   ├── double-conversion
│   ├── fmt
│   ├── folly
│   │   ├── boost
│   │   │   └── icu4c
│   │   ├── double-conversion
│   │   ├── fmt
│   │   ├── gflags
│   │   ├── glog
│   │   │   └── gflags
│   │   ├── libevent
│   │   │   └── openssl@1.1
│   │   │       └── ca-certificates
│   │   ├── lz4
│   │   ├── openssl@1.1
│   │   │   └── ca-certificates
│   │   ├── snappy
│   │   ├── xz
│   │   └── zstd
│   ├── gflags
│   ├── glog
│   │   └── gflags
│   ├── libevent
│   │   └── openssl@1.1
│   │       └── ca-certificates
│   ├── libsodium
│   ├── lz4
│   ├── openssl@1.1
│   │   └── ca-certificates
│   ├── snappy
│   └── zstd
├── fmt
├── folly
│   ├── boost
│   │   └── icu4c
│   ├── double-conversion
│   ├── fmt
│   ├── gflags
│   ├── glog
│   │   └── gflags
│   ├── libevent
│   │   └── openssl@1.1
│   │       └── ca-certificates
│   ├── lz4
│   ├── openssl@1.1
│   │   └── ca-certificates
│   ├── snappy
│   ├── xz
│   └── zstd
├── gflags
├── glog
│   └── gflags
├── openssl@1.1
│   └── ca-certificates
├── wangle
│   ├── boost
│   │   └── icu4c
│   ├── double-conversion
│   ├── fizz
│   │   ├── boost
│   │   │   └── icu4c
│   │   ├── double-conversion
│   │   ├── fmt
│   │   ├── folly
│   │   │   ├── boost
│   │   │   │   └── icu4c
│   │   │   ├── double-conversion
│   │   │   ├── fmt
│   │   │   ├── gflags
│   │   │   ├── glog
│   │   │   │   └── gflags
│   │   │   ├── libevent
│   │   │   │   └── openssl@1.1
│   │   │   │       └── ca-certificates
│   │   │   ├── lz4
│   │   │   ├── openssl@1.1
│   │   │   │   └── ca-certificates
│   │   │   ├── snappy
│   │   │   ├── xz
│   │   │   └── zstd
│   │   ├── gflags
│   │   ├── glog
│   │   │   └── gflags
│   │   ├── libevent
│   │   │   └── openssl@1.1
│   │   │       └── ca-certificates
│   │   ├── libsodium
│   │   ├── lz4
│   │   ├── openssl@1.1
│   │   │   └── ca-certificates
│   │   ├── snappy
│   │   └── zstd
│   ├── fmt
│   ├── folly
│   │   ├── boost
│   │   │   └── icu4c
│   │   ├── double-conversion
│   │   ├── fmt
│   │   ├── gflags
│   │   ├── glog
│   │   │   └── gflags
│   │   ├── libevent
│   │   │   └── openssl@1.1
│   │   │       └── ca-certificates
│   │   ├── lz4
│   │   ├── openssl@1.1
│   │   │   └── ca-certificates
│   │   ├── snappy
│   │   ├── xz
│   │   └── zstd
│   ├── gflags
│   ├── glog
│   │   └── gflags
│   ├── libevent
│   │   └── openssl@1.1
│   │       └── ca-certificates
│   ├── libsodium
│   ├── lz4
│   ├── openssl@1.1
│   │   └── ca-certificates
│   ├── snappy
│   └── zstd
└── zstd

fizz
├── boost
│   └── icu4c
├── double-conversion
├── fmt
├── folly
│   ├── boost
│   │   └── icu4c
│   ├── double-conversion
│   ├── fmt
│   ├── gflags
│   ├── glog
│   │   └── gflags
│   ├── libevent
│   │   └── openssl@1.1
│   │       └── ca-certificates
│   ├── lz4
│   ├── openssl@1.1
│   │   └── ca-certificates
│   ├── snappy
│   ├── xz
│   └── zstd
├── gflags
├── glog
│   └── gflags
├── libevent
│   └── openssl@1.1
│       └── ca-certificates
├── libsodium
├── lz4
├── openssl@1.1
│   └── ca-certificates
├── snappy
└── zstd

flow

fmt

folly
├── boost
│   └── icu4c
├── double-conversion
├── fmt
├── gflags
├── glog
│   └── gflags
├── libevent
│   └── openssl@1.1
│       └── ca-certificates
├── lz4
├── openssl@1.1
│   └── ca-certificates
├── snappy
├── xz
└── zstd

fontconfig
└── freetype
    └── libpng

freetype
└── libpng

leoafarias/fvm/fvm

gdbm

gettext

gflags

ghostscript
├── fontconfig
│   └── freetype
│       └── libpng
├── freetype
│   └── libpng
├── jbig2dec
├── jpeg
├── libidn
├── libpng
├── libtiff
│   └── jpeg
├── little-cms2
│   ├── jpeg
│   └── libtiff
│       └── jpeg
└── openjpeg
    ├── libpng
    ├── libtiff
    │   └── jpeg
    └── little-cms2
        ├── jpeg
        └── libtiff
            └── jpeg

giflib

git
├── gettext
└── pcre2

git-lfs

glib
├── gettext
├── libffi
├── pcre
└── python@3.9
    ├── gdbm
    ├── mpdecimal
    ├── openssl@1.1
    │   └── ca-certificates
    ├── readline
    ├── sqlite
    │   └── readline
    └── xz

glog
└── gflags

gmp

gnu-getopt

gnupg
├── gettext
├── gnutls
│   ├── ca-certificates
│   ├── gmp
│   ├── guile
│   │   ├── bdw-gc
│   │   ├── gmp
│   │   ├── libffi
│   │   ├── libtool
│   │   │   └── m4
│   │   ├── libunistring
│   │   ├── pkg-config
│   │   └── readline
│   ├── libidn2
│   │   ├── gettext
│   │   └── libunistring
│   ├── libtasn1
│   ├── libunistring
│   ├── nettle
│   │   └── gmp
│   ├── p11-kit
│   │   ├── ca-certificates
│   │   ├── libffi
│   │   └── libtasn1
│   └── unbound
│       ├── libevent
│       │   └── openssl@1.1
│       │       └── ca-certificates
│       ├── libnghttp2
│       └── openssl@1.1
│           └── ca-certificates
├── libassuan
│   └── libgpg-error
├── libgcrypt
│   └── libgpg-error
├── libgpg-error
├── libksba
│   └── libgpg-error
├── libusb
├── npth
└── pinentry
    ├── libassuan
    │   └── libgpg-error
    └── libgpg-error

gnutls
├── ca-certificates
├── gmp
├── guile
│   ├── bdw-gc
│   ├── gmp
│   ├── libffi
│   ├── libtool
│   │   └── m4
│   ├── libunistring
│   ├── pkg-config
│   └── readline
├── libidn2
│   ├── gettext
│   └── libunistring
├── libtasn1
├── libunistring
├── nettle
│   └── gmp
├── p11-kit
│   ├── ca-certificates
│   ├── libffi
│   └── libtasn1
└── unbound
    ├── libevent
    │   └── openssl@1.1
    │       └── ca-certificates
    ├── libnghttp2
    └── openssl@1.1
        └── ca-certificates

go@1.16

go@1.17

gradle
└── openjdk

guile
├── bdw-gc
├── gmp
├── libffi
├── libtool
│   └── m4
├── libunistring
├── pkg-config
└── readline

icu4c

imagemagick
├── freetype
│   └── libpng
├── ghostscript
│   ├── fontconfig
│   │   └── freetype
│   │       └── libpng
│   ├── freetype
│   │   └── libpng
│   ├── jbig2dec
│   ├── jpeg
│   ├── libidn
│   ├── libpng
│   ├── libtiff
│   │   └── jpeg
│   ├── little-cms2
│   │   ├── jpeg
│   │   └── libtiff
│   │       └── jpeg
│   └── openjpeg
│       ├── libpng
│       ├── libtiff
│       │   └── jpeg
│       └── little-cms2
│           ├── jpeg
│           └── libtiff
│               └── jpeg
├── jpeg
├── libheif
│   ├── aom
│   │   ├── jpeg-xl
│   │   │   ├── brotli
│   │   │   ├── giflib
│   │   │   ├── imath
│   │   │   ├── jpeg
│   │   │   ├── libpng
│   │   │   ├── openexr
│   │   │   │   └── imath
│   │   │   └── webp
│   │   │       ├── giflib
│   │   │       ├── jpeg
│   │   │       ├── libpng
│   │   │       └── libtiff
│   │   │           └── jpeg
│   │   └── libvmaf
│   ├── jpeg
│   ├── libde265
│   ├── libpng
│   ├── shared-mime-info
│   │   ├── gettext
│   │   ├── glib
│   │   │   ├── gettext
│   │   │   ├── libffi
│   │   │   ├── pcre
│   │   │   └── python@3.9
│   │   │       ├── gdbm
│   │   │       ├── mpdecimal
│   │   │       ├── openssl@1.1
│   │   │       │   └── ca-certificates
│   │   │       ├── readline
│   │   │       ├── sqlite
│   │   │       │   └── readline
│   │   │       └── xz
│   │   └── xmlto
│   │       ├── docbook
│   │       ├── docbook-xsl
│   │       │   └── docbook
│   │       └── gnu-getopt
│   └── x265
├── liblqr
│   └── glib
│       ├── gettext
│       ├── libffi
│       ├── pcre
│       └── python@3.9
│           ├── gdbm
│           ├── mpdecimal
│           ├── openssl@1.1
│           │   └── ca-certificates
│           ├── readline
│           ├── sqlite
│           │   └── readline
│           └── xz
├── libomp
├── libpng
├── libtiff
│   └── jpeg
├── libtool
│   └── m4
├── little-cms2
│   ├── jpeg
│   └── libtiff
│       └── jpeg
├── openexr
│   └── imath
├── openjpeg
│   ├── libpng
│   ├── libtiff
│   │   └── jpeg
│   └── little-cms2
│       ├── jpeg
│       └── libtiff
│           └── jpeg
├── webp
│   ├── giflib
│   ├── jpeg
│   ├── libpng
│   └── libtiff
│       └── jpeg
└── xz

imath

intel-haxm

jbig2dec

jenv

jpeg

jpeg-xl
├── brotli
├── giflib
├── imath
├── jpeg
├── libpng
├── openexr
│   └── imath
└── webp
    ├── giflib
    ├── jpeg
    ├── libpng
    └── libtiff
        └── jpeg

jq
└── oniguruma

libassuan
└── libgpg-error

libde265

libevent
└── openssl@1.1
    └── ca-certificates

libffi

libgcrypt
└── libgpg-error

libgpg-error

libheif
├── aom
│   ├── jpeg-xl
│   │   ├── brotli
│   │   ├── giflib
│   │   ├── imath
│   │   ├── jpeg
│   │   ├── libpng
│   │   ├── openexr
│   │   │   └── imath
│   │   └── webp
│   │       ├── giflib
│   │       ├── jpeg
│   │       ├── libpng
│   │       └── libtiff
│   │           └── jpeg
│   └── libvmaf
├── jpeg
├── libde265
├── libpng
├── shared-mime-info
│   ├── gettext
│   ├── glib
│   │   ├── gettext
│   │   ├── libffi
│   │   ├── pcre
│   │   └── python@3.9
│   │       ├── gdbm
│   │       ├── mpdecimal
│   │       ├── openssl@1.1
│   │       │   └── ca-certificates
│   │       ├── readline
│   │       ├── sqlite
│   │       │   └── readline
│   │       └── xz
│   └── xmlto
│       ├── docbook
│       ├── docbook-xsl
│       │   └── docbook
│       └── gnu-getopt
└── x265

libidn

libidn2
├── gettext
└── libunistring

libksba
└── libgpg-error

liblqr
└── glib
    ├── gettext
    ├── libffi
    ├── pcre
    └── python@3.9
        ├── gdbm
        ├── mpdecimal
        ├── openssl@1.1
        │   └── ca-certificates
        ├── readline
        ├── sqlite
        │   └── readline
        └── xz

libnghttp2

libomp

libpng

libsodium

libtasn1

libtiff
└── jpeg

libtool
└── m4

libunistring

libusb

libuv

libvmaf

libyaml

little-cms2
├── jpeg
└── libtiff
    └── jpeg

lz4

lzo

m4

macos-term-size

maven
└── openjdk

mercurial
└── python@3.10
    ├── gdbm
    ├── mpdecimal
    ├── openssl@1.1
    │   └── ca-certificates
    ├── readline
    ├── sqlite
    │   └── readline
    └── xz

mpdecimal

nettle
└── gmp

node@12
├── brotli
├── c-ares
├── icu4c
├── libnghttp2
├── libuv
├── openssl@1.1
│   └── ca-certificates
└── macos-term-size

npth

oniguruma

openconnect
├── gettext
├── gnutls
│   ├── ca-certificates
│   ├── gmp
│   ├── guile
│   │   ├── bdw-gc
│   │   ├── gmp
│   │   ├── libffi
│   │   ├── libtool
│   │   │   └── m4
│   │   ├── libunistring
│   │   ├── pkg-config
│   │   └── readline
│   ├── libidn2
│   │   ├── gettext
│   │   └── libunistring
│   ├── libtasn1
│   ├── libunistring
│   ├── nettle
│   │   └── gmp
│   ├── p11-kit
│   │   ├── ca-certificates
│   │   ├── libffi
│   │   └── libtasn1
│   └── unbound
│       ├── libevent
│       │   └── openssl@1.1
│       │       └── ca-certificates
│       ├── libnghttp2
│       └── openssl@1.1
│           └── ca-certificates
└── stoken
    └── nettle
        └── gmp

openexr
└── imath

openjpeg
├── libpng
├── libtiff
│   └── jpeg
└── little-cms2
    ├── jpeg
    └── libtiff
        └── jpeg

openssl@1.1
└── ca-certificates

openvpn
├── lz4
├── lzo
├── openssl@1.1
│   └── ca-certificates
└── pkcs11-helper
    └── openssl@1.1
        └── ca-certificates

p11-kit
├── ca-certificates
├── libffi
└── libtasn1

pcre

pcre2

pinentry
├── libassuan
│   └── libgpg-error
└── libgpg-error

pkcs11-helper
└── openssl@1.1
    └── ca-certificates

pkg-config

python@3.10
├── gdbm
├── mpdecimal
├── openssl@1.1
│   └── ca-certificates
├── readline
├── sqlite
│   └── readline
└── xz

python@3.9
├── gdbm
├── mpdecimal
├── openssl@1.1
│   └── ca-certificates
├── readline
├── sqlite
│   └── readline
└── xz

rbenv
└── ruby-build
    ├── autoconf
    │   └── m4
    ├── pkg-config
    └── readline

readline

ruby-build
├── autoconf
│   └── m4
├── pkg-config
└── readline

screen

shared-mime-info
├── gettext
├── glib
│   ├── gettext
│   ├── libffi
│   ├── pcre
│   └── python@3.9
│       ├── gdbm
│       ├── mpdecimal
│       ├── openssl@1.1
│       │   └── ca-certificates
│       ├── readline
│       ├── sqlite
│       │   └── readline
│       └── xz
└── xmlto
    ├── docbook
    ├── docbook-xsl
    │   └── docbook
    └── gnu-getopt

six

snappy

sqlite
└── readline

stoken
└── nettle
    └── gmp

temurin

tree

unbound
├── libevent
│   └── openssl@1.1
│       └── ca-certificates
├── libnghttp2
└── openssl@1.1
    └── ca-certificates

wangle
├── boost
│   └── icu4c
├── double-conversion
├── fizz
│   ├── boost
│   │   └── icu4c
│   ├── double-conversion
│   ├── fmt
│   ├── folly
│   │   ├── boost
│   │   │   └── icu4c
│   │   ├── double-conversion
│   │   ├── fmt
│   │   ├── gflags
│   │   ├── glog
│   │   │   └── gflags
│   │   ├── libevent
│   │   │   └── openssl@1.1
│   │   │       └── ca-certificates
│   │   ├── lz4
│   │   ├── openssl@1.1
│   │   │   └── ca-certificates
│   │   ├── snappy
│   │   ├── xz
│   │   └── zstd
│   ├── gflags
│   ├── glog
│   │   └── gflags
│   ├── libevent
│   │   └── openssl@1.1
│   │       └── ca-certificates
│   ├── libsodium
│   ├── lz4
│   ├── openssl@1.1
│   │   └── ca-certificates
│   ├── snappy
│   └── zstd
├── fmt
├── folly
│   ├── boost
│   │   └── icu4c
│   ├── double-conversion
│   ├── fmt
│   ├── gflags
│   ├── glog
│   │   └── gflags
│   ├── libevent
│   │   └── openssl@1.1
│   │       └── ca-certificates
│   ├── lz4
│   ├── openssl@1.1
│   │   └── ca-certificates
│   ├── snappy
│   ├── xz
│   └── zstd
├── gflags
├── glog
│   └── gflags
├── libevent
│   └── openssl@1.1
│       └── ca-certificates
├── libsodium
├── lz4
├── openssl@1.1
│   └── ca-certificates
├── snappy
└── zstd

watchman
├── boost
│   └── icu4c
├── fmt
├── folly
│   ├── boost
│   │   └── icu4c
│   ├── double-conversion
│   ├── fmt
│   ├── gflags
│   ├── glog
│   │   └── gflags
│   ├── libevent
│   │   └── openssl@1.1
│   │       └── ca-certificates
│   ├── lz4
│   ├── openssl@1.1
│   │   └── ca-certificates
│   ├── snappy
│   ├── xz
│   └── zstd
├── gflags
├── glog
│   └── gflags
├── libevent
│   └── openssl@1.1
│       └── ca-certificates
├── openssl@1.1
│   └── ca-certificates
├── pcre
├── python@3.10
│   ├── gdbm
│   ├── mpdecimal
│   ├── openssl@1.1
│   │   └── ca-certificates
│   ├── readline
│   ├── sqlite
│   │   └── readline
│   └── xz
└── fb303
    ├── fbthrift
    │   ├── boost
    │   │   └── icu4c
    │   ├── fizz
    │   │   ├── boost
    │   │   │   └── icu4c
    │   │   ├── double-conversion
    │   │   ├── fmt
    │   │   ├── folly
    │   │   │   ├── boost
    │   │   │   │   └── icu4c
    │   │   │   ├── double-conversion
    │   │   │   ├── fmt
    │   │   │   ├── gflags
    │   │   │   ├── glog
    │   │   │   │   └── gflags
    │   │   │   ├── libevent
    │   │   │   │   └── openssl@1.1
    │   │   │   │       └── ca-certificates
    │   │   │   ├── lz4
    │   │   │   ├── openssl@1.1
    │   │   │   │   └── ca-certificates
    │   │   │   ├── snappy
    │   │   │   ├── xz
    │   │   │   └── zstd
    │   │   ├── gflags
    │   │   ├── glog
    │   │   │   └── gflags
    │   │   ├── libevent
    │   │   │   └── openssl@1.1
    │   │   │       └── ca-certificates
    │   │   ├── libsodium
    │   │   ├── lz4
    │   │   ├── openssl@1.1
    │   │   │   └── ca-certificates
    │   │   ├── snappy
    │   │   └── zstd
    │   ├── fmt
    │   ├── folly
    │   │   ├── boost
    │   │   │   └── icu4c
    │   │   ├── double-conversion
    │   │   ├── fmt
    │   │   ├── gflags
    │   │   ├── glog
    │   │   │   └── gflags
    │   │   ├── libevent
    │   │   │   └── openssl@1.1
    │   │   │       └── ca-certificates
    │   │   ├── lz4
    │   │   ├── openssl@1.1
    │   │   │   └── ca-certificates
    │   │   ├── snappy
    │   │   ├── xz
    │   │   └── zstd
    │   ├── gflags
    │   ├── glog
    │   │   └── gflags
    │   ├── openssl@1.1
    │   │   └── ca-certificates
    │   ├── wangle
    │   │   ├── boost
    │   │   │   └── icu4c
    │   │   ├── double-conversion
    │   │   ├── fizz
    │   │   │   ├── boost
    │   │   │   │   └── icu4c
    │   │   │   ├── double-conversion
    │   │   │   ├── fmt
    │   │   │   ├── folly
    │   │   │   │   ├── boost
    │   │   │   │   │   └── icu4c
    │   │   │   │   ├── double-conversion
    │   │   │   │   ├── fmt
    │   │   │   │   ├── gflags
    │   │   │   │   ├── glog
    │   │   │   │   │   └── gflags
    │   │   │   │   ├── libevent
    │   │   │   │   │   └── openssl@1.1
    │   │   │   │   │       └── ca-certificates
    │   │   │   │   ├── lz4
    │   │   │   │   ├── openssl@1.1
    │   │   │   │   │   └── ca-certificates
    │   │   │   │   ├── snappy
    │   │   │   │   ├── xz
    │   │   │   │   └── zstd
    │   │   │   ├── gflags
    │   │   │   ├── glog
    │   │   │   │   └── gflags
    │   │   │   ├── libevent
    │   │   │   │   └── openssl@1.1
    │   │   │   │       └── ca-certificates
    │   │   │   ├── libsodium
    │   │   │   ├── lz4
    │   │   │   ├── openssl@1.1
    │   │   │   │   └── ca-certificates
    │   │   │   ├── snappy
    │   │   │   └── zstd
    │   │   ├── fmt
    │   │   ├── folly
    │   │   │   ├── boost
    │   │   │   │   └── icu4c
    │   │   │   ├── double-conversion
    │   │   │   ├── fmt
    │   │   │   ├── gflags
    │   │   │   ├── glog
    │   │   │   │   └── gflags
    │   │   │   ├── libevent
    │   │   │   │   └── openssl@1.1
    │   │   │   │       └── ca-certificates
    │   │   │   ├── lz4
    │   │   │   ├── openssl@1.1
    │   │   │   │   └── ca-certificates
    │   │   │   ├── snappy
    │   │   │   ├── xz
    │   │   │   └── zstd
    │   │   ├── gflags
    │   │   ├── glog
    │   │   │   └── gflags
    │   │   ├── libevent
    │   │   │   └── openssl@1.1
    │   │   │       └── ca-certificates
    │   │   ├── libsodium
    │   │   ├── lz4
    │   │   ├── openssl@1.1
    │   │   │   └── ca-certificates
    │   │   ├── snappy
    │   │   └── zstd
    │   └── zstd
    ├── fizz
    │   ├── boost
    │   │   └── icu4c
    │   ├── double-conversion
    │   ├── fmt
    │   ├── folly
    │   │   ├── boost
    │   │   │   └── icu4c
    │   │   ├── double-conversion
    │   │   ├── fmt
    │   │   ├── gflags
    │   │   ├── glog
    │   │   │   └── gflags
    │   │   ├── libevent
    │   │   │   └── openssl@1.1
    │   │   │       └── ca-certificates
    │   │   ├── lz4
    │   │   ├── openssl@1.1
    │   │   │   └── ca-certificates
    │   │   ├── snappy
    │   │   ├── xz
    │   │   └── zstd
    │   ├── gflags
    │   ├── glog
    │   │   └── gflags
    │   ├── libevent
    │   │   └── openssl@1.1
    │   │       └── ca-certificates
    │   ├── libsodium
    │   ├── lz4
    │   ├── openssl@1.1
    │   │   └── ca-certificates
    │   ├── snappy
    │   └── zstd
    ├── fmt
    ├── folly
    │   ├── boost
    │   │   └── icu4c
    │   ├── double-conversion
    │   ├── fmt
    │   ├── gflags
    │   ├── glog
    │   │   └── gflags
    │   ├── libevent
    │   │   └── openssl@1.1
    │   │       └── ca-certificates
    │   ├── lz4
    │   ├── openssl@1.1
    │   │   └── ca-certificates
    │   ├── snappy
    │   ├── xz
    │   └── zstd
    ├── gflags
    ├── glog
    │   └── gflags
    ├── openssl@1.1
    │   └── ca-certificates
    └── wangle
        ├── boost
        │   └── icu4c
        ├── double-conversion
        ├── fizz
        │   ├── boost
        │   │   └── icu4c
        │   ├── double-conversion
        │   ├── fmt
        │   ├── folly
        │   │   ├── boost
        │   │   │   └── icu4c
        │   │   ├── double-conversion
        │   │   ├── fmt
        │   │   ├── gflags
        │   │   ├── glog
        │   │   │   └── gflags
        │   │   ├── libevent
        │   │   │   └── openssl@1.1
        │   │   │       └── ca-certificates
        │   │   ├── lz4
        │   │   ├── openssl@1.1
        │   │   │   └── ca-certificates
        │   │   ├── snappy
        │   │   ├── xz
        │   │   └── zstd
        │   ├── gflags
        │   ├── glog
        │   │   └── gflags
        │   ├── libevent
        │   │   └── openssl@1.1
        │   │       └── ca-certificates
        │   ├── libsodium
        │   ├── lz4
        │   ├── openssl@1.1
        │   │   └── ca-certificates
        │   ├── snappy
        │   └── zstd
        ├── fmt
        ├── folly
        │   ├── boost
        │   │   └── icu4c
        │   ├── double-conversion
        │   ├── fmt
        │   ├── gflags
        │   ├── glog
        │   │   └── gflags
        │   ├── libevent
        │   │   └── openssl@1.1
        │   │       └── ca-certificates
        │   ├── lz4
        │   ├── openssl@1.1
        │   │   └── ca-certificates
        │   ├── snappy
        │   ├── xz
        │   └── zstd
        ├── gflags
        ├── glog
        │   └── gflags
        ├── libevent
        │   └── openssl@1.1
        │       └── ca-certificates
        ├── libsodium
        ├── lz4
        ├── openssl@1.1
        │   └── ca-certificates
        ├── snappy
        └── zstd

webp
├── giflib
├── jpeg
├── libpng
└── libtiff
    └── jpeg

wget
├── libidn2
│   ├── gettext
│   └── libunistring
└── openssl@1.1
    └── ca-certificates

x265

xmlto
├── docbook
├── docbook-xsl
│   └── docbook
└── gnu-getopt

xz

yarn

zstd

========================================


=== Ruby and rubygems ==================
* Ruby (default): ruby 2.6.5p114 (2019-10-01 revision 67812) [x86_64-darwin19]
--- Available ruby versions ---
  system
  2.4.5
  2.5.3
* 2.6.5 (set by /Users/vagrant/.rbenv/version)
  2.7.2
  3.0.0
-------------------------------
* rbenv: 1.2.0
* Rubygems: 3.0.3
* Bundler: Bundler version 2.1.4
* CocoaPods: 1.11.2
* xcpretty: 0.3.0
========================================


=== All Ruby GEMs ======================
activesupport (6.1.4.6)
addressable (2.8.0)
algoliasearch (1.27.5)
artifactory (3.0.15)
atomos (0.1.3)
aws-eventstream (1.2.0)
aws-partitions (1.554.0)
aws-sdk-core (3.126.2)
aws-sdk-kms (1.54.0)
aws-sdk-s3 (1.112.0)
aws-sigv4 (1.4.0)
babosa (1.0.4)
bigdecimal (default: 1.4.1)
bundler (2.1.4, default: 1.17.2)
CFPropertyList (3.0.5)
claide (1.0.3)
clamp (1.3.2)
cmath (default: 1.0.0)
cocoapods (1.11.2)
cocoapods-core (1.11.2)
cocoapods-deintegrate (1.0.5)
cocoapods-downloader (1.5.1)
cocoapods-plugins (1.0.0)
cocoapods-search (1.0.1)
cocoapods-trunk (1.6.0)
cocoapods-try (1.2.0)
colored (1.2)
colored2 (3.1.2)
commander (4.6.0)
concurrent-ruby (1.1.9)
csv (default: 3.0.9)
date (default: 2.0.0)
dbm (default: 1.0.0)
declarative (0.0.20)
did_you_mean (1.3.0)
digest-crc (0.6.4)
domain_name (0.5.20190701)
dotenv (2.7.6)
e2mmap (default: 0.1.0)
emoji_regex (3.2.3)
escape (0.0.4)
etc (default: 1.0.1)
ethon (0.15.0)
excon (0.91.0)
faraday (1.10.0)
faraday-cookie_jar (0.0.7)
faraday-em_http (1.0.0)
faraday-em_synchrony (1.0.0)
faraday-excon (1.1.0)
faraday-httpclient (1.0.1)
faraday-multipart (1.0.3)
faraday-net_http (1.0.1)
faraday-net_http_persistent (1.2.0)
faraday-patron (1.0.0)
faraday-rack (1.0.0)
faraday-retry (1.0.3)
faraday_middleware (1.2.0)
fastimage (2.2.6)
fastlane (2.204.3, 2.192.0)
fcntl (default: 1.0.0)
ffi (1.15.5)
fiddle (default: 1.0.0)
fileutils (default: 1.1.0)
forwardable (default: 1.2.0)
fourflusher (2.3.1)
fuzzy_match (2.0.4)
gh_inspector (1.1.3)
google-apis-androidpublisher_v3 (0.16.0)
google-apis-core (0.4.2)
google-apis-iamcredentials_v1 (0.10.0)
google-apis-playcustomapp_v1 (0.7.0)
google-apis-storage_v1 (0.11.0)
google-cloud-core (1.6.0)
google-cloud-env (1.5.0)
google-cloud-errors (1.2.0)
google-cloud-storage (1.36.1)
googleauth (1.1.1)
highline (2.0.3)
http-cookie (1.0.4)
httpclient (2.8.3)
i18n (1.10.0)
io-console (default: 0.4.7)
ipaddr (default: 1.2.2)
irb (default: 1.0.0)
jazzy (0.13.6)
jmespath (1.6.0)
json (default: 2.1.0)
jwt (2.3.0)
liferaft (0.0.6)
logger (default: 1.3.0)
matrix (default: 0.1.0)
memoist (0.16.2)
mini_magick (4.11.0)
mini_mime (1.1.2)
minitest (5.11.3)
molinillo (0.8.0)
multi_json (1.15.0)
multipart-post (2.0.0)
mustache (1.1.1)
mutex_m (default: 0.1.0)
nanaimo (0.3.0)
nap (1.1.0)
naturally (2.2.1)
net-telnet (0.2.0)
netrc (0.11.0)
nokogiri (1.13.1 x86_64-darwin)
open4 (1.3.4)
openssl (default: 2.1.2)
optparse (0.1.1)
os (1.1.4)
ostruct (default: 0.1.0)
plist (3.6.0)
power_assert (1.1.3)
prime (default: 0.1.0)
psych (default: 3.1.0)
public_suffix (4.0.6)
racc (1.6.0)
rake (12.3.2)
rdoc (default: 6.1.2)
redcarpet (3.5.1)
representable (3.1.1)
retriable (3.1.2)
rexml (3.2.5, default: 3.1.9)
rouge (2.0.7)
rss (default: 0.2.7)
ruby-macho (2.5.1)
ruby2_keywords (0.0.5)
rubyzip (2.3.2)
sassc (2.4.0)
scanf (default: 1.0.0)
sdbm (default: 1.0.0)
security (0.1.3)
shell (default: 0.7)
signet (0.16.0)
simctl (1.6.8)
slack-notifier (2.4.0)
slather (2.5.0)
sqlite3 (1.4.2)
stringio (default: 0.0.2)
strscan (default: 1.0.0)
sync (default: 0.5.0)
terminal-notifier (2.0.0)
terminal-table (1.8.0)
test-unit (3.2.9)
thwait (default: 0.1.0)
tracer (default: 0.1.0)
trailblazer-option (0.1.2)
trainer (0.9.1)
tty-cursor (0.7.1)
tty-screen (0.8.1)
tty-spinner (0.9.3)
typhoeus (1.4.0)
tzinfo (2.0.4)
uber (0.1.0)
unf (0.1.4)
unf_ext (0.0.8)
unicode-display_width (1.8.0)
webrick (default: 1.4.2)
word_wrap (1.0.0)
xcinvoke (0.3.0)
xcode-install (2.8.0)
xcodeproj (1.21.0)
xcov (1.7.5)
xcpretty (0.3.0)
xcpretty-json-formatter (0.1.1)
xcpretty-travis-formatter (1.0.1)
xcresult (0.2.1)
xmlrpc (0.3.0)
zeitwerk (2.5.4)
zlib (default: 1.0.0)
========================================


=== NPM global packages ==========================
* Cordova: 10.0.0 (cordova-lib@10.1.0)
* Ionic: 6.11.12
* Appcenter-CLI version: 2.9.0
========================================


=== Checking Xcode CLT dirs ============

 * ls -1 /Library/Developer/CommandLineTools/SDKs/MacOSX10.15.sdk/usr/include/CommonCrypto
CommonCrypto.h
CommonCryptoError.h
CommonCryptor.h
CommonDigest.h
CommonHMAC.h
CommonKeyDerivation.h
CommonRandom.h
CommonSymmetricKeywrap.h
module.modulemap

 * ls -1 /Library/Developer/CommandLineTools/
Library
SDKs
usr

 * /Library/Developer/CommandLineTools/usr/bin/swift --version
Apple Swift version 5.3.2 (swiftlang-1200.0.45 clang-1200.0.32.28)
Target: x86_64-apple-darwin19.6.0

========================================


=== Xcode ==============================

* Active Xcode Command Line Tools:
/Applications/Xcode-12.1.app/Contents/Developer

* Xcode Version:
Xcode 12.1
Build version 12A7403

* /usr/bin/swift --version
Apple Swift version 5.3 (swiftlang-1200.0.29.2 clang-1200.0.30.1)
Target: x86_64-apple-darwin19.6.0

* Installed SDKs:
iOS SDKs:
	iOS 14.1                      	-sdk iphoneos14.1

iOS Simulator SDKs:
	Simulator - iOS 14.1          	-sdk iphonesimulator14.1

macOS SDKs:
	DriverKit 19.0                	-sdk driverkit.macosx19.0
	macOS 10.15                   	-sdk macosx10.15

tvOS SDKs:
	tvOS 14.0                     	-sdk appletvos14.0

tvOS Simulator SDKs:
	Simulator - tvOS 14.0         	-sdk appletvsimulator14.0

watchOS SDKs:
	watchOS 7.0                   	-sdk watchos7.0

watchOS Simulator SDKs:
	Simulator - watchOS 7.0       	-sdk watchsimulator7.0


* Available Simulators:
== Device Types ==
iPhone 4s (com.apple.CoreSimulator.SimDeviceType.iPhone-4s)
iPhone 5 (com.apple.CoreSimulator.SimDeviceType.iPhone-5)
iPhone 5s (com.apple.CoreSimulator.SimDeviceType.iPhone-5s)
iPhone 6 Plus (com.apple.CoreSimulator.SimDeviceType.iPhone-6-Plus)
iPhone 6 (com.apple.CoreSimulator.SimDeviceType.iPhone-6)
iPhone 6s (com.apple.CoreSimulator.SimDeviceType.iPhone-6s)
iPhone 6s Plus (com.apple.CoreSimulator.SimDeviceType.iPhone-6s-Plus)
iPhone SE (1st generation) (com.apple.CoreSimulator.SimDeviceType.iPhone-SE)
iPhone 7 (com.apple.CoreSimulator.SimDeviceType.iPhone-7)
iPhone 7 Plus (com.apple.CoreSimulator.SimDeviceType.iPhone-7-Plus)
iPhone 8 (com.apple.CoreSimulator.SimDeviceType.iPhone-8)
iPhone 8 Plus (com.apple.CoreSimulator.SimDeviceType.iPhone-8-Plus)
iPhone X (com.apple.CoreSimulator.SimDeviceType.iPhone-X)
iPhone Xs (com.apple.CoreSimulator.SimDeviceType.iPhone-XS)
iPhone Xs Max (com.apple.CoreSimulator.SimDeviceType.iPhone-XS-Max)
iPhone Xʀ (com.apple.CoreSimulator.SimDeviceType.iPhone-XR)
iPhone 11 (com.apple.CoreSimulator.SimDeviceType.iPhone-11)
iPhone 11 Pro (com.apple.CoreSimulator.SimDeviceType.iPhone-11-Pro)
iPhone 11 Pro Max (com.apple.CoreSimulator.SimDeviceType.iPhone-11-Pro-Max)
iPhone SE (2nd generation) (com.apple.CoreSimulator.SimDeviceType.iPhone-SE--2nd-generation-)
iPhone 12 mini (com.apple.CoreSimulator.SimDeviceType.iPhone-12-mini)
iPhone 12 (com.apple.CoreSimulator.SimDeviceType.iPhone-12)
iPhone 12 Pro (com.apple.CoreSimulator.SimDeviceType.iPhone-12-Pro)
iPhone 12 Pro Max (com.apple.CoreSimulator.SimDeviceType.iPhone-12-Pro-Max)
iPod touch (7th generation) (com.apple.CoreSimulator.SimDeviceType.iPod-touch--7th-generation-)
iPad 2 (com.apple.CoreSimulator.SimDeviceType.iPad-2)
iPad Retina (com.apple.CoreSimulator.SimDeviceType.iPad-Retina)
iPad Air (com.apple.CoreSimulator.SimDeviceType.iPad-Air)
iPad mini 2 (com.apple.CoreSimulator.SimDeviceType.iPad-mini-2)
iPad mini 3 (com.apple.CoreSimulator.SimDeviceType.iPad-mini-3)
iPad mini 4 (com.apple.CoreSimulator.SimDeviceType.iPad-mini-4)
iPad Air 2 (com.apple.CoreSimulator.SimDeviceType.iPad-Air-2)
iPad Pro (9.7-inch) (com.apple.CoreSimulator.SimDeviceType.iPad-Pro--9-7-inch-)
iPad Pro (12.9-inch) (1st generation) (com.apple.CoreSimulator.SimDeviceType.iPad-Pro)
iPad (5th generation) (com.apple.CoreSimulator.SimDeviceType.iPad--5th-generation-)
iPad Pro (12.9-inch) (2nd generation) (com.apple.CoreSimulator.SimDeviceType.iPad-Pro--12-9-inch---2nd-generation-)
iPad Pro (10.5-inch) (com.apple.CoreSimulator.SimDeviceType.iPad-Pro--10-5-inch-)
iPad (6th generation) (com.apple.CoreSimulator.SimDeviceType.iPad--6th-generation-)
iPad (7th generation) (com.apple.CoreSimulator.SimDeviceType.iPad--7th-generation-)
iPad Pro (11-inch) (1st generation) (com.apple.CoreSimulator.SimDeviceType.iPad-Pro--11-inch-)
iPad Pro (12.9-inch) (3rd generation) (com.apple.CoreSimulator.SimDeviceType.iPad-Pro--12-9-inch---3rd-generation-)
iPad Pro (11-inch) (2nd generation) (com.apple.CoreSimulator.SimDeviceType.iPad-Pro--11-inch---2nd-generation-)
iPad Pro (12.9-inch) (4th generation) (com.apple.CoreSimulator.SimDeviceType.iPad-Pro--12-9-inch---4th-generation-)
iPad mini (5th generation) (com.apple.CoreSimulator.SimDeviceType.iPad-mini--5th-generation-)
iPad Air (3rd generation) (com.apple.CoreSimulator.SimDeviceType.iPad-Air--3rd-generation-)
iPad (8th generation) (com.apple.CoreSimulator.SimDeviceType.iPad--8th-generation-)
iPad Air (4th generation) (com.apple.CoreSimulator.SimDeviceType.iPad-Air--4th-generation-)
Apple TV (com.apple.CoreSimulator.SimDeviceType.Apple-TV-1080p)
Apple TV 4K (com.apple.CoreSimulator.SimDeviceType.Apple-TV-4K-4K)
Apple TV 4K (at 1080p) (com.apple.CoreSimulator.SimDeviceType.Apple-TV-4K-1080p)
Apple Watch - 38mm (com.apple.CoreSimulator.SimDeviceType.Apple-Watch-38mm)
Apple Watch - 42mm (com.apple.CoreSimulator.SimDeviceType.Apple-Watch-42mm)
Apple Watch Series 2 - 38mm (com.apple.CoreSimulator.SimDeviceType.Apple-Watch-Series-2-38mm)
Apple Watch Series 2 - 42mm (com.apple.CoreSimulator.SimDeviceType.Apple-Watch-Series-2-42mm)
Apple Watch Series 3 - 38mm (com.apple.CoreSimulator.SimDeviceType.Apple-Watch-Series-3-38mm)
Apple Watch Series 3 - 42mm (com.apple.CoreSimulator.SimDeviceType.Apple-Watch-Series-3-42mm)
Apple Watch Series 4 - 40mm (com.apple.CoreSimulator.SimDeviceType.Apple-Watch-Series-4-40mm)
Apple Watch Series 4 - 44mm (com.apple.CoreSimulator.SimDeviceType.Apple-Watch-Series-4-44mm)
Apple Watch Series 5 - 40mm (com.apple.CoreSimulator.SimDeviceType.Apple-Watch-Series-5-40mm)
Apple Watch Series 5 - 44mm (com.apple.CoreSimulator.SimDeviceType.Apple-Watch-Series-5-44mm)
Apple Watch SE - 40mm (com.apple.CoreSimulator.SimDeviceType.Apple-Watch-SE-40mm)
Apple Watch SE - 44mm (com.apple.CoreSimulator.SimDeviceType.Apple-Watch-SE-44mm)
Apple Watch Series 6 - 40mm (com.apple.CoreSimulator.SimDeviceType.Apple-Watch-Series-6-40mm)
Apple Watch Series 6 - 44mm (com.apple.CoreSimulator.SimDeviceType.Apple-Watch-Series-6-44mm)
== Runtimes ==
iOS 13.3 (13.3 - 17C45) - com.apple.CoreSimulator.SimRuntime.iOS-13-3
iOS 13.4 (13.4 - 17E255) - com.apple.CoreSimulator.SimRuntime.iOS-13-4
iOS 13.5 (13.5 - 17F61) - com.apple.CoreSimulator.SimRuntime.iOS-13-5
iOS 13.6 (13.6 - 17G64) - com.apple.CoreSimulator.SimRuntime.iOS-13-6
iOS 14.0 (14.0.1 - 18A394) - com.apple.CoreSimulator.SimRuntime.iOS-14-0
iOS 14.1 (14.1 - 18A8394) - com.apple.CoreSimulator.SimRuntime.iOS-14-1
tvOS 13.0 (13.0 - 17J585) - com.apple.CoreSimulator.SimRuntime.tvOS-13-0
tvOS 13.2 (13.2 - 17K90) - com.apple.CoreSimulator.SimRuntime.tvOS-13-2
tvOS 13.3 (13.3 - 17K446) - com.apple.CoreSimulator.SimRuntime.tvOS-13-3
tvOS 14.0 (14.0 - 18J383) - com.apple.CoreSimulator.SimRuntime.tvOS-14-0
watchOS 6.0 (6.0 - 17R575) - com.apple.CoreSimulator.SimRuntime.watchOS-6-0
watchOS 6.1 (6.1.1 - 17S445) - com.apple.CoreSimulator.SimRuntime.watchOS-6-1
watchOS 7.0 (7.0 - 18R382) - com.apple.CoreSimulator.SimRuntime.watchOS-7-0
== Devices ==
-- iOS 13.3 --
    iPhone 8 (F92F4703-67C0-4F3D-BEDF-C776E170E087) (Shutdown) 
    iPhone 8 Plus (EEA8D425-F736-4A02-80CA-A31CF58C6DCB) (Shutdown) 
    iPhone 11 (7BB4E914-016E-4A57-9892-5C7A5BAD1AF1) (Shutdown) 
    iPhone 11 Pro (EF3FC318-0AB7-43B6-9FCB-6D9BC435EF57) (Shutdown) 
    iPhone 11 Pro Max (AB742103-C35F-4A3B-9784-8C87D4D639E0) (Shutdown) 
    iPad Pro (9.7-inch) (D4941D67-BAFB-4589-9B23-CCDBA677CAC1) (Shutdown) 
    iPad (7th generation) (62A3134B-15B2-4E3E-B3E5-BBC67B99C9A0) (Shutdown) 
    iPad Pro (11-inch) (1st generation) (F3076BAF-098F-448C-A5D8-C4B5222D6D59) (Shutdown) 
    iPad Pro (12.9-inch) (3rd generation) (7413FCBA-7757-4611-B91B-2E705F457AFE) (Shutdown) 
    iPad Air (3rd generation) (E5C393B8-FFDD-46F6-A496-FCF51E119590) (Shutdown) 
-- iOS 13.4 --
    iPhone 8 (06C62EB7-7A9F-4BD7-B8D1-9428D940CCD6) (Shutdown) 
    iPhone 8 Plus (A1E07599-8089-4983-AC34-E6E4FAA5065A) (Shutdown) 
    iPhone 11 (A38569C1-5BBF-4CB1-A05D-128B7128927C) (Shutdown) 
    iPhone 11 Pro (28EDAEB5-CA43-4C92-8ECB-B18EAEBF32C9) (Shutdown) 
    iPhone 11 Pro Max (2095E8D8-55EE-4D0A-8415-85E91EEAB50B) (Shutdown) 
    iPad Pro (9.7-inch) (0A8F70FF-29D2-46E6-A4BA-8E755CBBC590) (Shutdown) 
    iPad (7th generation) (3DF3A3DF-15C4-4FE6-8423-6E476E326EC8) (Shutdown) 
    iPad Pro (11-inch) (2nd generation) (6A8AF920-B266-4EEE-A1A1-B22C3563E80F) (Shutdown) 
    iPad Pro (12.9-inch) (4th generation) (0077FEE1-2C8D-4D0C-BDD4-36A8193FA04A) (Shutdown) 
    iPad Air (3rd generation) (B05CE893-B704-46B4-B24B-E1B26DCD7821) (Shutdown) 
-- iOS 13.5 --
    iPhone 8 (2C376418-3FCE-49FA-9336-3CC03469D842) (Shutdown) 
    iPhone 8 Plus (DAC3CF41-8ACD-4ACC-9FE7-2E6B806C95AF) (Shutdown) 
    iPhone 11 (451FDEB1-0091-4EC6-98E9-809CE45ECB6E) (Shutdown) 
    iPhone 11 Pro (43BB0C11-3668-4746-A459-36D5AE532E5A) (Shutdown) 
    iPhone 11 Pro Max (4F3E13DE-8A13-4A84-BCE1-469DE54D95CB) (Shutdown) 
    iPhone SE (2nd generation) (AD1EDB1A-DA1A-41D9-8569-24D1E90256A6) (Shutdown) 
    iPad Pro (9.7-inch) (3EC35E41-49E7-40B4-AB82-EDC4BDA46106) (Shutdown) 
    iPad (7th generation) (AA02329F-E949-4792-8A80-0B14541B014E) (Shutdown) 
    iPad Pro (11-inch) (2nd generation) (AAD760ED-F7CA-4CC8-B905-8983DC6A01C7) (Shutdown) 
    iPad Pro (12.9-inch) (4th generation) (6AA0AA14-D282-4CE3-9488-E40662085EE7) (Shutdown) 
    iPad Air (3rd generation) (6C991EB5-B52A-4E0B-9669-3C0FE2175B83) (Shutdown) 
-- iOS 13.6 --
    iPhone 8 (8FAB6A91-8EC1-45B6-AA25-C8CBDE8335D8) (Shutdown) 
    iPhone 8 Plus (8B4F681F-47E5-48AF-B7B1-2A1BC9D78D8A) (Shutdown) 
    iPhone 11 (2DB0295A-DB1B-4C81-AA30-4158CF6190DF) (Shutdown) 
    iPhone 11 Pro (D6E27760-D27C-4938-9A56-ECF34D3FC763) (Shutdown) 
    iPhone 11 Pro Max (AD9FB721-1824-49EC-AD8D-8C3A09E10C1B) (Shutdown) 
    iPhone SE (2nd generation) (1C177975-6BDA-40F5-889F-A7A5F9D677FB) (Shutdown) 
    iPad Pro (9.7-inch) (6535F9BE-FE0A-44C2-A056-6D1DDF776FAB) (Shutdown) 
    iPad (7th generation) (F9DA4EE2-07CF-4F2D-8ECE-F34DC7324024) (Shutdown) 
    iPad Pro (11-inch) (2nd generation) (64C79FD4-69A8-4329-85FD-443D3982C8C4) (Shutdown) 
    iPad Pro (12.9-inch) (4th generation) (2CF5F745-7FE1-4C6A-A9C8-CCFE69BC9616) (Shutdown) 
    iPad Air (3rd generation) (1CF71ADF-2887-4D59-B24F-03D1811D27C6) (Shutdown) 
-- iOS 14.0 --
    iPhone 8 (B1F4E7FA-4988-41BE-A581-E6D9915BB016) (Shutdown) 
    iPhone 8 Plus (327D37E9-A436-4866-9440-07BCC7208F70) (Shutdown) 
    iPhone 11 (B6E66C86-F832-4D03-9C3D-41CF9AEB0E22) (Shutdown) 
    iPhone 11 Pro (96E967A7-CD2C-4C01-9EEC-813FF95B590F) (Shutdown) 
    iPhone 11 Pro Max (1A0E1C27-234E-4A7B-94C3-BCF183967DCF) (Shutdown) 
    iPhone SE (2nd generation) (4FF0C8D0-6DFC-4E08-B283-30BE6C539556) (Shutdown) 
    iPod touch (7th generation) (936515EC-EE47-4EEF-B67F-CE9C378F5B04) (Shutdown) 
    iPad Pro (9.7-inch) (FA4F7E7E-66D9-4027-B177-D2DA2259ECE5) (Shutdown) 
    iPad Pro (11-inch) (2nd generation) (FCE5A16A-A71E-4D10-9C03-517F5216C479) (Shutdown) 
    iPad Pro (12.9-inch) (4th generation) (F08DE211-F334-47F0-BA06-ABDF72BE0B3D) (Shutdown) 
    iPad (8th generation) (7F20B7BC-37A3-4B56-BD27-D5944E240ED1) (Shutdown) 
    iPad Air (4th generation) (D683D437-5372-470E-8027-66EA23C73355) (Shutdown) 
-- iOS 14.1 --
    iPhone 8 (01F9F74C-C5E7-4ABA-BFEE-6EF2358B9B3C) (Shutdown) 
    iPhone 8 Plus (4937295C-AB25-4357-B901-B35F8DDEA1D4) (Shutdown) 
    iPhone 11 (009ECDE4-C89F-41F1-A85E-2E443EE5A100) (Shutdown) 
    iPhone 11 Pro (6E14C72B-EB49-4B6E-AD31-58A822CB46EB) (Shutdown) 
    iPhone 11 Pro Max (207541E0-D225-46D5-BDC4-918457A0E59D) (Shutdown) 
    iPhone SE (2nd generation) (46DE8C40-D7AF-469C-AB81-936F2DF8E8CA) (Shutdown) 
    iPhone 12 mini (AC71929F-6704-4305-94EA-CCB8A083E73B) (Shutdown) 
    iPhone 12 (CD3384BA-288C-4EC2-9699-8B9C177A578C) (Shutdown) 
    iPhone 12 Pro (03387089-8F31-4648-9631-8A2056135736) (Shutdown) 
    iPhone 12 Pro Max (070C71C5-C7F0-458F-ADB4-4CB872F39A20) (Shutdown) 
    iPod touch (7th generation) (21E331F2-C16A-4788-92B3-8F349C09D794) (Shutdown) 
    iPad Pro (9.7-inch) (E01098C5-1B55-4C8F-A594-AA5D8BFBB502) (Shutdown) 
    iPad Pro (11-inch) (2nd generation) (B99C4CF0-98AB-4803-8FE3-9957E514BEFE) (Shutdown) 
    iPad Pro (12.9-inch) (4th generation) (FCDAA228-8D1A-41C5-A78B-41847459093B) (Shutdown) 
    iPad (8th generation) (7B277C36-26F3-4059-AFEE-42CECC1B9AF9) (Shutdown) 
    iPad Air (4th generation) (47EE4E18-3444-4FA9-8779-99A24A381F81) (Shutdown) 
-- tvOS 13.0 --
    Apple TV (BA20D69B-C067-4CAA-90CE-EB82679CC5DC) (Shutdown) 
    Apple TV 4K (53E75D93-C323-45D8-A71F-22BF702B0619) (Shutdown) 
    Apple TV 4K (at 1080p) (4DA0CAF5-1F38-4086-98BE-761A7E89D1D8) (Shutdown) 
-- tvOS 13.2 --
    Apple TV (1E3D30D0-92F3-4A2E-B49A-CAF7CC3D7774) (Shutdown) 
    Apple TV 4K (1522CB28-C63E-4FB1-9F96-7C181D975C49) (Shutdown) 
    Apple TV 4K (at 1080p) (7101A3E5-9589-4D36-BAD1-ADFFA826D98A) (Shutdown) 
-- tvOS 13.3 --
    Apple TV (F9780B07-42A0-4EAA-9467-C42044AC9359) (Shutdown) 
    Apple TV 4K (F5FEE46D-C881-401F-846B-35BDCD32CC2C) (Shutdown) 
    Apple TV 4K (at 1080p) (2C064B09-B1A2-4D22-8B31-A7AE8DF07BD9) (Shutdown) 
-- tvOS 14.0 --
    Apple TV (49486BC5-D929-4E68-8415-E276E2480E55) (Shutdown) 
    Apple TV 4K (2B30469E-FFD8-408F-9129-92DE4DF432FE) (Shutdown) 
    Apple TV 4K (at 1080p) (435A5658-8BE2-4325-803E-088A9223DDA1) (Shutdown) 
-- watchOS 6.0 --
    Apple Watch Series 4 - 40mm (19E792E7-C3C2-4EC3-A63B-EAEED948991C) (Shutdown) 
    Apple Watch Series 4 - 44mm (F38DDC85-C5B0-4FBF-A96E-C0EEFD1A32AB) (Shutdown) 
    Apple Watch Series 5 - 40mm (B911C212-4CEF-4AEB-82BB-F45B09FFC12F) (Shutdown) 
    Apple Watch Series 5 - 44mm (E15E84C5-493F-4EC3-ADF1-19FB44630062) (Shutdown) 
-- watchOS 6.1 --
    Apple Watch Series 4 - 40mm (7F98CBDA-ABCA-4D43-9451-8CB404809C41) (Shutdown) 
    Apple Watch Series 4 - 44mm (60604365-4D3B-4602-9C07-11C6C25B71BF) (Shutdown) 
    Apple Watch Series 5 - 40mm (478977BE-BC3A-4C60-A861-12B58E8076A3) (Shutdown) 
    Apple Watch Series 5 - 44mm (BB755466-B983-4280-8C3C-BF4804263810) (Shutdown) 
-- watchOS 7.0 --
    Apple Watch Series 5 - 40mm (FABD590B-E4FD-4F4E-A9ED-ADB2F80342AE) (Shutdown) 
    Apple Watch Series 5 - 44mm (4110316D-09E5-454C-89F9-8BF4C7629D15) (Shutdown) 
    Apple Watch Series 6 - 40mm (2A5FE5A6-DFE4-4FBF-8E00-4D651A197D80) (Shutdown) 
    Apple Watch Series 6 - 44mm (B62226D6-957C-4673-BBB2-9F194915B256) (Shutdown) 
== Device Pairs ==
EB85E27E-B810-4C06-A723-9E069C3C59AC (active, disconnected)
    Watch: Apple Watch Series 5 - 40mm (FABD590B-E4FD-4F4E-A9ED-ADB2F80342AE) (Shutdown)
    Phone: iPhone 12 mini (AC71929F-6704-4305-94EA-CCB8A083E73B) (Shutdown)
A459378F-189D-42D0-8026-8E6E774EA131 (active, disconnected)
    Watch: Apple Watch Series 5 - 44mm (4110316D-09E5-454C-89F9-8BF4C7629D15) (Shutdown)
    Phone: iPhone 12 (CD3384BA-288C-4EC2-9699-8B9C177A578C) (Shutdown)
D7499143-8600-443C-8B48-BC90D7ABF61B (active, disconnected)
    Watch: Apple Watch Series 6 - 40mm (2A5FE5A6-DFE4-4FBF-8E00-4D651A197D80) (Shutdown)
    Phone: iPhone 12 Pro (03387089-8F31-4648-9631-8A2056135736) (Shutdown)
08347137-1C62-4FA2-8CDA-AC951625A4FE (active, disconnected)
    Watch: Apple Watch Series 6 - 44mm (B62226D6-957C-4673-BBB2-9F194915B256) (Shutdown)
    Phone: iPhone 12 Pro Max (070C71C5-C7F0-458F-ADB4-4CB872F39A20) (Shutdown)

========================================


=== OS X info =========================

* sw_vers
ProductName:	Mac OS X
ProductVersion:	10.15.7
BuildVersion:	19H15

* system_profiler SPSoftwareDataType
Software:

    System Software Overview:

      System Version: macOS 10.15.7 (19H15)
      Kernel Version: Darwin 19.6.0
      Boot Volume: Macintosh HD
      Boot Mode: Normal
      Computer Name: vm-osx-xcode-12.1.x-g2.4core-dd19cae4-8d2c-4221-b8cc-005107f76a78
      User Name: vagrant (vagrant)
      Secure Virtual Memory: Enabled
      System Integrity Protection: Disabled
      Time since boot: 2 minutes


========================================


=== System infos =======================
* Free disk space:
    Filesystem         Size        Avail
  /dev/disk1s5        300Gi        160Gi
========================================

--- Android

* ANDROID_HOME (/usr/local/share/android-sdk) content:
add-ons
build-tools
cmdline-tools
emulator
extras
licenses
ndk-bundle
patcher
platform-tools
platforms
system-images
tools

* ANDROID_NDK_HOME (/usr/local/share/android-sdk/ndk-bundle) content:
CHANGELOG.md
NOTICE
NOTICE.toolchain
README.md
build
meta
ndk-build
ndk-gdb
ndk-stack
ndk-which
package.xml
platforms
prebuilt
python-packages
shader-tools
simpleperf
source.properties
sources
sysroot
toolchains
wrap.sh

* Android NDK Version:
Pkg.Desc = Android NDK
Pkg.Revision = 21.4.7075529

* platform-tools content:
NOTICE.txt
adb
dmtracedump
e2fsdroid
etc1tool
fastboot
hprof-conv
lib64
make_f2fs
make_f2fs_casefold
mke2fs
mke2fs.conf
package.xml
sload_f2fs
source.properties
sqlite3
systrace

* build-tools content:
17.0.0
19.1.0
21.1.2
22.0.1
23.0.3
24.0.3
25.0.3
26.0.1
26.0.2
27.0.0
27.0.1
27.0.2
27.0.3
28.0.0
28.0.1
28.0.2
28.0.3
29.0.0
29.0.1
29.0.2
29.0.3
30.0.0
30.0.1
30.0.2
30.0.3

* extras content:
/usr/local/share/android-sdk/extras
├── android
│   └── m2repository
├── google
│   ├── google_play_services
│   └── m2repository
└── m2repository
    └── com

7 directories, 0 files

* platforms content:
android-15
android-17
android-19
android-21
android-22
android-23
android-24
android-25
android-26
android-27
android-28
android-29
android-30

* system-images content:
/usr/local/share/android-sdk/system-images
├── android-26
│   └── google_apis
│       └── x86
├── android-28
│   └── google_apis
│       └── x86_64
├── android-29
│   └── google_apis
│       └── x86
└── android-30
    └── google_apis
        └── x86

12 directories, 0 files

========================================

 * SDK packages:
* Command line Tools version: 5.0
* Platform Tools version: 32.0.0
* Emulator version: 31.2.8
========================================


=== Android APK tools ==================

* aapt2:

========================================


=== Environment infos =======================
MATCH_KEYCHAIN_PASSWORD environment set
========================================


=== Control tests ======================
source $HOME/.bash_profile ...
source $HOME/.bash_profile - PASSED
========================================

