 (i) Ignore Errors: disabled

#
# This System Report was generated by: https://github.com/bitrise-io/osx-box-bootstrap/blob/master/system_report.sh
#  Pull Requests are welcome!
#


=== Revision / ID ======================
* BITRISE_OSX_STACK_REV_ID: v2022_02_17_1
========================================


=== Pre-installed tool versions ========
* Go: go version go1.16.13 darwin/amd64
* Python: Python 2.7.16
* Node.js: v12.22.9
* NPM: 6.14.15
* Yarn: 1.22.17
* Java: openjdk version "11.0.11" 2021-04-20
OpenJDK Runtime Environment AdoptOpenJDK-11.0.11+9 (build 11.0.11+9)
OpenJDK 64-Bit Server VM AdoptOpenJDK-11.0.11+9 (build 11.0.11+9, mixed mode)
* Flutter: Flutter 1.26.0-17.8.pre • channel beta • https://github.com/flutter/flutter.git
* fvm: 2.2.6

* git: git version 2.35.0
* git lfs: git-lfs/3.0.2 (GitHub; darwin amd64; go 1.17.2)
* mercurial/hg: Mercurial Distributed SCM (version 6.0.1)
* curl: curl 7.64.1 (x86_64-apple-darwin20.0) libcurl/7.64.1 (SecureTransport) LibreSSL/2.8.3 zlib/1.2.11 nghttp2/1.41.0
* wget: GNU Wget 1.21.2 built on darwin20.4.0.
* rsync: rsync  version 2.6.9  protocol version 29
* unzip: UnZip 6.00 of 20 April 2009, by Info-ZIP.  Maintained by C. Spieler.  Send
* zip: This is Zip 3.0 (July 5th 2008), by Info-ZIP.
* tar: bsdtar 3.3.2 - libarchive 3.3.2 zlib/1.2.11 liblzma/5.0.5 bz2lib/1.0.6
* tree: tree v2.0.1 (c) 1996 - 2022 by Steve Baker, Thomas Moore, Francesc Rocher, Florian Sesser, Kyosuke Tokoro 

* brew: Homebrew 3.3.15
Homebrew/homebrew-core (git revision bbe35f82db9; last commit 2022-01-28)
Homebrew/homebrew-cask (git revision 17b2ffd96d; last commit 2022-01-28)
* Ansible: ansible [core 2.12.1]
  config file = /Users/vagrant/git/ansible.cfg
  configured module search path = ['/Users/vagrant/.ansible/plugins/modules', '/usr/share/ansible/plugins/modules']
  ansible python module location = /usr/local/Cellar/ansible/5.2.0/libexec/lib/python3.10/site-packages/ansible
  ansible collection location = /Users/vagrant/.ansible/collections:/usr/share/ansible/collections
  executable location = /usr/local/bin/ansible
* gtimeout: timeout (GNU coreutils) 9.0
* watchman: 2022.01.24.00
* flow: Flow, a static type checker for JavaScript, version 0.170.0
* carthage: 0.38.0
* imagemagick (convert): Version: ImageMagick 7.1.0-20 Q16-HDRI x86_64 2022-01-22 https://imagemagick.org
* ghostscript (ps2ascii): 9.55.0
* screen: Screen version 4.08.00 (GNU) 05-Feb-20
* firebase: 10.2.0
* applesimutils version 0.9.5
* jq: 1.6
* Version: 0.8.1
* XCLogParser 0.2.21
* Screen 4.08.00
* applesimutils 0.9.5
* OpenConnect version v8.10
* aws-cli: aws-cli/2.4.15 Python/3.9.10 Darwin/20.6.0 source/x86_64 prompt/off
* cmake: 3.22.2
* danger-swift: 3.12.3
[0;0m
* OpenVPN 2.5.5 x86_64-apple-darwin20.6.0 [SSL (OpenSSL)] [LZO] [LZ4] [PKCS11] [MH/RECVDA] [AEAD] built on Dec 15 2021

--- Bitrise CLI tool versions
* bitrise: 1.48.0
* stepman: 0.13.1
* envman: 2.3.3
* cmd-bridge: 0.9.5
========================================


=== Brew list versions ==================
ansible 5.2.0
ant 1.10.12
aom 3.2.0_2
applesimutils 0.9.5
autoconf 2.71
awscli 2.4.15
bdw-gc 8.0.6
boost 1.76.0
brotli 1.0.9
c-ares 1.18.1_1
ca-certificates 2021-10-26
carthage 0.38.0
cmake 3.22.2
coreutils 9.0
danger-js 11.0.2
danger-swift 3.12.3
dart 2.16.1
docbook 5.1_1
docbook-xsl 1.79.2_1
double-conversion 3.2.0
flow 0.170.0
fmt 8.1.1_1
folly 2022.01.24.00
fontconfig 2.13.1
freetype 2.11.1
fvm 2.2.6
gdbm 1.22
gettext 0.21
gflags 2.2.2
ghostscript 9.55.0
giflib 5.2.1
git 2.35.0
git-lfs 3.0.2
glib 2.70.3
glog 0.5.0
gmp 6.2.1_1
gnu-getopt 2.37.3
gnupg 2.3.4
gnutls 3.6.16_1
go@1.16 1.16.13
gradle 7.3.3
guile 3.0.7_2
icu4c 69.1
imagemagick 7.1.0-20
imath 3.1.4
jbig2dec 0.19
jenv 0.5.4
jpeg 9e
jpeg-xl 0.6.1
jq 1.6
libassuan 2.5.5
libde265 1.0.8
libevent 2.1.12
libffi 3.4.2
libgcrypt 1.9.4_1
libgpg-error 1.44
libheif 1.12.0_1
libidn 1.38
libidn2 2.3.2
libksba 1.6.0
liblqr 0.4.2_1
libnghttp2 1.46.0
libomp 13.0.0
libpng 1.6.37
libtasn1 4.18.0
libtiff 4.3.0
libtool 2.4.6_4
libunistring 1.0
libusb 1.0.24
libuv 1.43.0
libvmaf 2.3.0_1
libyaml 0.2.5
little-cms2 2.12
lz4 1.9.3
lzo 2.10
m4 1.4.19
macos-term-size 1.0.0
maven 3.8.4
mercurial 6.0.1
mpdecimal 2.5.1
nettle 3.7.3
node@12 12.22.9
npth 1.6
oniguruma 6.9.7.1
openconnect 8.10
openexr 3.1.4
openjpeg 2.4.0
openssl@1.1 1.1.1m
openvpn 2.5.5
p11-kit 0.24.1
pcre 8.45
pcre2 10.39
pinentry 1.2.0
pkcs11-helper 1.28.0
pkg-config 0.29.2_3
python@3.10 3.10.1
python@3.9 3.9.10
rbenv 1.2.0
readline 8.1.2
ruby-build 20220125
screen 4.8.0
shared-mime-info 2.1
six 1.16.0_2
snappy 1.1.9
sqlite 3.37.2
stoken 0.92_1
swiftlint 0.46.2
tree 2.0.1
unbound 1.13.2_1
watchman 2022.01.24.00
webp 1.2.2
wget 1.21.2
x265 3.5
xmlto 0.0.28
xz 5.2.5
yarn 1.22.17_2
zstd 1.5.2
========================================


=== Brew deps tree ==================
adoptopenjdk/openjdk/adoptopenjdk11

adoptopenjdk/openjdk/adoptopenjdk8

ansible
├── libyaml
├── openssl@1.1
│   └── ca-certificates
├── python@3.10
│   ├── gdbm
│   ├── mpdecimal
│   ├── openssl@1.1
│   │   └── ca-certificates
│   ├── readline
│   ├── sqlite
│   │   └── readline
│   └── xz
└── six

ant
└── openjdk

aom
├── jpeg-xl
│   ├── brotli
│   ├── giflib
│   ├── imath
│   ├── jpeg
│   ├── libpng
│   ├── openexr
│   │   └── imath
│   └── webp
│       ├── giflib
│       ├── jpeg
│       ├── libpng
│       └── libtiff
│           └── jpeg
└── libvmaf

wix/brew/applesimutils

autoconf
└── m4

awscli
├── python@3.9
│   ├── gdbm
│   ├── mpdecimal
│   ├── openssl@1.1
│   │   └── ca-certificates
│   ├── readline
│   ├── sqlite
│   │   └── readline
│   └── xz
└── six

bdw-gc

boost
└── icu4c

brotli

c-ares

ca-certificates

carthage

cmake

coreutils
└── gmp

danger/tap/danger-js

danger/tap/danger-swift
└── danger/tap/danger-js

dart-lang/dart/dart

docbook

docbook-xsl
└── docbook

double-conversion

flow

fmt

folly
├── boost
│   └── icu4c
├── double-conversion
├── fmt
├── gflags
├── glog
│   └── gflags
├── libevent
│   └── openssl@1.1
│       └── ca-certificates
├── lz4
├── openssl@1.1
│   └── ca-certificates
├── snappy
├── xz
└── zstd

fontconfig
└── freetype
    └── libpng

freetype
└── libpng

leoafarias/fvm/fvm

gdbm

gettext

gflags

ghostscript
├── fontconfig
│   └── freetype
│       └── libpng
├── freetype
│   └── libpng
├── jbig2dec
├── jpeg
├── libidn
├── libpng
├── libtiff
│   └── jpeg
├── little-cms2
│   ├── jpeg
│   └── libtiff
│       └── jpeg
└── openjpeg
    ├── libpng
    ├── libtiff
    │   └── jpeg
    └── little-cms2
        ├── jpeg
        └── libtiff
            └── jpeg

giflib

git
├── gettext
└── pcre2

git-lfs

glib
├── gettext
├── libffi
├── pcre
└── python@3.9
    ├── gdbm
    ├── mpdecimal
    ├── openssl@1.1
    │   └── ca-certificates
    ├── readline
    ├── sqlite
    │   └── readline
    └── xz

glog
└── gflags

gmp

gnu-getopt

gnupg
├── gettext
├── gnutls
│   ├── ca-certificates
│   ├── gmp
│   ├── guile
│   │   ├── bdw-gc
│   │   ├── gmp
│   │   ├── libffi
│   │   ├── libtool
│   │   │   └── m4
│   │   ├── libunistring
│   │   ├── pkg-config
│   │   └── readline
│   ├── libidn2
│   │   ├── gettext
│   │   └── libunistring
│   ├── libtasn1
│   ├── libunistring
│   ├── nettle
│   │   └── gmp
│   ├── p11-kit
│   │   ├── ca-certificates
│   │   ├── libffi
│   │   └── libtasn1
│   └── unbound
│       ├── libevent
│       │   └── openssl@1.1
│       │       └── ca-certificates
│       ├── libnghttp2
│       └── openssl@1.1
│           └── ca-certificates
├── libassuan
│   └── libgpg-error
├── libgcrypt
│   └── libgpg-error
├── libgpg-error
├── libksba
│   └── libgpg-error
├── libusb
├── npth
└── pinentry
    ├── libassuan
    │   └── libgpg-error
    └── libgpg-error

gnutls
├── ca-certificates
├── gmp
├── guile
│   ├── bdw-gc
│   ├── gmp
│   ├── libffi
│   ├── libtool
│   │   └── m4
│   ├── libunistring
│   ├── pkg-config
│   └── readline
├── libidn2
│   ├── gettext
│   └── libunistring
├── libtasn1
├── libunistring
├── nettle
│   └── gmp
├── p11-kit
│   ├── ca-certificates
│   ├── libffi
│   └── libtasn1
└── unbound
    ├── libevent
    │   └── openssl@1.1
    │       └── ca-certificates
    ├── libnghttp2
    └── openssl@1.1
        └── ca-certificates

go@1.16

gradle
└── openjdk

guile
├── bdw-gc
├── gmp
├── libffi
├── libtool
│   └── m4
├── libunistring
├── pkg-config
└── readline

icu4c

imagemagick
├── freetype
│   └── libpng
├── ghostscript
│   ├── fontconfig
│   │   └── freetype
│   │       └── libpng
│   ├── freetype
│   │   └── libpng
│   ├── jbig2dec
│   ├── jpeg
│   ├── libidn
│   ├── libpng
│   ├── libtiff
│   │   └── jpeg
│   ├── little-cms2
│   │   ├── jpeg
│   │   └── libtiff
│   │       └── jpeg
│   └── openjpeg
│       ├── libpng
│       ├── libtiff
│       │   └── jpeg
│       └── little-cms2
│           ├── jpeg
│           └── libtiff
│               └── jpeg
├── jpeg
├── libheif
│   ├── aom
│   │   ├── jpeg-xl
│   │   │   ├── brotli
│   │   │   ├── giflib
│   │   │   ├── imath
│   │   │   ├── jpeg
│   │   │   ├── libpng
│   │   │   ├── openexr
│   │   │   │   └── imath
│   │   │   └── webp
│   │   │       ├── giflib
│   │   │       ├── jpeg
│   │   │       ├── libpng
│   │   │       └── libtiff
│   │   │           └── jpeg
│   │   └── libvmaf
│   ├── jpeg
│   ├── libde265
│   ├── libpng
│   ├── shared-mime-info
│   │   ├── gettext
│   │   ├── glib
│   │   │   ├── gettext
│   │   │   ├── libffi
│   │   │   ├── pcre
│   │   │   └── python@3.9
│   │   │       ├── gdbm
│   │   │       ├── mpdecimal
│   │   │       ├── openssl@1.1
│   │   │       │   └── ca-certificates
│   │   │       ├── readline
│   │   │       ├── sqlite
│   │   │       │   └── readline
│   │   │       └── xz
│   │   └── xmlto
│   │       ├── docbook
│   │       ├── docbook-xsl
│   │       │   └── docbook
│   │       └── gnu-getopt
│   └── x265
├── liblqr
│   └── glib
│       ├── gettext
│       ├── libffi
│       ├── pcre
│       └── python@3.9
│           ├── gdbm
│           ├── mpdecimal
│           ├── openssl@1.1
│           │   └── ca-certificates
│           ├── readline
│           ├── sqlite
│           │   └── readline
│           └── xz
├── libomp
├── libpng
├── libtiff
│   └── jpeg
├── libtool
│   └── m4
├── little-cms2
│   ├── jpeg
│   └── libtiff
│       └── jpeg
├── openexr
│   └── imath
├── openjpeg
│   ├── libpng
│   ├── libtiff
│   │   └── jpeg
│   └── little-cms2
│       ├── jpeg
│       └── libtiff
│           └── jpeg
├── webp
│   ├── giflib
│   ├── jpeg
│   ├── libpng
│   └── libtiff
│       └── jpeg
└── xz

imath

intel-haxm

jbig2dec

jenv

jpeg

jpeg-xl
├── brotli
├── giflib
├── imath
├── jpeg
├── libpng
├── openexr
│   └── imath
└── webp
    ├── giflib
    ├── jpeg
    ├── libpng
    └── libtiff
        └── jpeg

jq
└── oniguruma

libassuan
└── libgpg-error

libde265

libevent
└── openssl@1.1
    └── ca-certificates

libffi

libgcrypt
└── libgpg-error

libgpg-error

libheif
├── aom
│   ├── jpeg-xl
│   │   ├── brotli
│   │   ├── giflib
│   │   ├── imath
│   │   ├── jpeg
│   │   ├── libpng
│   │   ├── openexr
│   │   │   └── imath
│   │   └── webp
│   │       ├── giflib
│   │       ├── jpeg
│   │       ├── libpng
│   │       └── libtiff
│   │           └── jpeg
│   └── libvmaf
├── jpeg
├── libde265
├── libpng
├── shared-mime-info
│   ├── gettext
│   ├── glib
│   │   ├── gettext
│   │   ├── libffi
│   │   ├── pcre
│   │   └── python@3.9
│   │       ├── gdbm
│   │       ├── mpdecimal
│   │       ├── openssl@1.1
│   │       │   └── ca-certificates
│   │       ├── readline
│   │       ├── sqlite
│   │       │   └── readline
│   │       └── xz
│   └── xmlto
│       ├── docbook
│       ├── docbook-xsl
│       │   └── docbook
│       └── gnu-getopt
└── x265

libidn

libidn2
├── gettext
└── libunistring

libksba
└── libgpg-error

liblqr
└── glib
    ├── gettext
    ├── libffi
    ├── pcre
    └── python@3.9
        ├── gdbm
        ├── mpdecimal
        ├── openssl@1.1
        │   └── ca-certificates
        ├── readline
        ├── sqlite
        │   └── readline
        └── xz

libnghttp2

libomp

libpng

libtasn1

libtiff
└── jpeg

libtool
└── m4

libunistring

libusb

libuv

libvmaf

libyaml

little-cms2
├── jpeg
└── libtiff
    └── jpeg

lz4

lzo

m4

macos-term-size

maven
└── openjdk

mercurial
└── python@3.10
    ├── gdbm
    ├── mpdecimal
    ├── openssl@1.1
    │   └── ca-certificates
    ├── readline
    ├── sqlite
    │   └── readline
    └── xz

mpdecimal

nettle
└── gmp

node@12
├── brotli
├── c-ares
├── icu4c
├── libnghttp2
├── libuv
├── openssl@1.1
│   └── ca-certificates
└── macos-term-size

npth

oniguruma

openconnect
├── gettext
├── gnutls
│   ├── ca-certificates
│   ├── gmp
│   ├── guile
│   │   ├── bdw-gc
│   │   ├── gmp
│   │   ├── libffi
│   │   ├── libtool
│   │   │   └── m4
│   │   ├── libunistring
│   │   ├── pkg-config
│   │   └── readline
│   ├── libidn2
│   │   ├── gettext
│   │   └── libunistring
│   ├── libtasn1
│   ├── libunistring
│   ├── nettle
│   │   └── gmp
│   ├── p11-kit
│   │   ├── ca-certificates
│   │   ├── libffi
│   │   └── libtasn1
│   └── unbound
│       ├── libevent
│       │   └── openssl@1.1
│       │       └── ca-certificates
│       ├── libnghttp2
│       └── openssl@1.1
│           └── ca-certificates
└── stoken
    └── nettle
        └── gmp

openexr
└── imath

openjpeg
├── libpng
├── libtiff
│   └── jpeg
└── little-cms2
    ├── jpeg
    └── libtiff
        └── jpeg

openssl@1.1
└── ca-certificates

openvpn
├── lz4
├── lzo
├── openssl@1.1
│   └── ca-certificates
└── pkcs11-helper
    └── openssl@1.1
        └── ca-certificates

p11-kit
├── ca-certificates
├── libffi
└── libtasn1

pcre

pcre2

pinentry
├── libassuan
│   └── libgpg-error
└── libgpg-error

pkcs11-helper
└── openssl@1.1
    └── ca-certificates

pkg-config

python@3.10
├── gdbm
├── mpdecimal
├── openssl@1.1
│   └── ca-certificates
├── readline
├── sqlite
│   └── readline
└── xz

python@3.9
├── gdbm
├── mpdecimal
├── openssl@1.1
│   └── ca-certificates
├── readline
├── sqlite
│   └── readline
└── xz

rbenv
└── ruby-build
    ├── autoconf
    │   └── m4
    ├── pkg-config
    └── readline

readline

ruby-build
├── autoconf
│   └── m4
├── pkg-config
└── readline

screen

shared-mime-info
├── gettext
├── glib
│   ├── gettext
│   ├── libffi
│   ├── pcre
│   └── python@3.9
│       ├── gdbm
│       ├── mpdecimal
│       ├── openssl@1.1
│       │   └── ca-certificates
│       ├── readline
│       ├── sqlite
│       │   └── readline
│       └── xz
└── xmlto
    ├── docbook
    ├── docbook-xsl
    │   └── docbook
    └── gnu-getopt

six

snappy

sqlite
└── readline

stoken
└── nettle
    └── gmp

swiftlint

tree

unbound
├── libevent
│   └── openssl@1.1
│       └── ca-certificates
├── libnghttp2
└── openssl@1.1
    └── ca-certificates

watchman
├── boost
│   └── icu4c
├── fmt
├── folly
│   ├── boost
│   │   └── icu4c
│   ├── double-conversion
│   ├── fmt
│   ├── gflags
│   ├── glog
│   │   └── gflags
│   ├── libevent
│   │   └── openssl@1.1
│   │       └── ca-certificates
│   ├── lz4
│   ├── openssl@1.1
│   │   └── ca-certificates
│   ├── snappy
│   ├── xz
│   └── zstd
├── gflags
├── glog
│   └── gflags
├── libevent
│   └── openssl@1.1
│       └── ca-certificates
├── openssl@1.1
│   └── ca-certificates
├── pcre
└── python@3.10
    ├── gdbm
    ├── mpdecimal
    ├── openssl@1.1
    │   └── ca-certificates
    ├── readline
    ├── sqlite
    │   └── readline
    └── xz

webp
├── giflib
├── jpeg
├── libpng
└── libtiff
    └── jpeg

wget
├── libidn2
│   ├── gettext
│   └── libunistring
└── openssl@1.1
    └── ca-certificates

x265

xmlto
├── docbook
├── docbook-xsl
│   └── docbook
└── gnu-getopt

xz

yarn

zstd

========================================


=== Ruby and rubygems ==================
* Ruby (default): ruby 2.6.5p114 (2019-10-01 revision 67812) [x86_64-darwin20]
--- Available ruby versions ---
  system
  2.4.5
  2.5.3
* 2.6.5 (set by /Users/vagrant/.rbenv/version)
  2.7.2
  3.0.0
-------------------------------
* rbenv: 1.2.0
* Rubygems: 3.0.3
* Bundler: Bundler version 2.1.4
* CocoaPods: 1.11.2
* xcpretty: 0.3.0
========================================


=== All Ruby GEMs ======================
activesupport (6.1.4.6)
addressable (2.8.0)
algoliasearch (1.27.5)
artifactory (3.0.15)
atomos (0.1.3)
aws-eventstream (1.2.0)
aws-partitions (1.554.0)
aws-sdk-core (3.126.2)
aws-sdk-kms (1.54.0)
aws-sdk-s3 (1.112.0)
aws-sigv4 (1.4.0)
babosa (1.0.4)
bigdecimal (default: 1.4.1)
bundler (2.1.4, default: 1.17.2)
CFPropertyList (3.0.5)
claide (1.0.3)
clamp (1.3.2)
cmath (default: 1.0.0)
cocoapods (1.11.2)
cocoapods-core (1.11.2)
cocoapods-deintegrate (1.0.5)
cocoapods-downloader (1.5.1)
cocoapods-plugins (1.0.0)
cocoapods-search (1.0.1)
cocoapods-trunk (1.6.0)
cocoapods-try (1.2.0)
colored (1.2)
colored2 (3.1.2)
commander (4.6.0)
concurrent-ruby (1.1.9)
csv (default: 3.0.9)
date (default: 2.0.0)
dbm (default: 1.0.0)
declarative (0.0.20)
did_you_mean (1.3.0)
digest-crc (0.6.4)
domain_name (0.5.20190701)
dotenv (2.7.6)
e2mmap (default: 0.1.0)
emoji_regex (3.2.3)
escape (0.0.4)
etc (default: 1.0.1)
ethon (0.15.0)
excon (0.91.0)
faraday (1.10.0)
faraday-cookie_jar (0.0.7)
faraday-em_http (1.0.0)
faraday-em_synchrony (1.0.0)
faraday-excon (1.1.0)
faraday-httpclient (1.0.1)
faraday-multipart (1.0.3)
faraday-net_http (1.0.1)
faraday-net_http_persistent (1.2.0)
faraday-patron (1.0.0)
faraday-rack (1.0.0)
faraday-retry (1.0.3)
faraday_middleware (1.2.0)
fastimage (2.2.6)
fastlane (2.204.3, 2.192.0)
fcntl (default: 1.0.0)
ffi (1.15.5)
fiddle (default: 1.0.0)
fileutils (default: 1.1.0)
forwardable (default: 1.2.0)
fourflusher (2.3.1)
fuzzy_match (2.0.4)
gh_inspector (1.1.3)
google-apis-androidpublisher_v3 (0.16.0)
google-apis-core (0.4.2)
google-apis-iamcredentials_v1 (0.10.0)
google-apis-playcustomapp_v1 (0.7.0)
google-apis-storage_v1 (0.11.0)
google-cloud-core (1.6.0)
google-cloud-env (1.5.0)
google-cloud-errors (1.2.0)
google-cloud-storage (1.36.1)
googleauth (1.1.1)
highline (2.0.3)
http-cookie (1.0.4)
httpclient (2.8.3)
i18n (1.10.0)
io-console (default: 0.4.7)
ipaddr (default: 1.2.2)
irb (default: 1.0.0)
jazzy (0.13.6)
jmespath (1.6.0)
json (default: 2.1.0)
jwt (2.3.0)
liferaft (0.0.6)
logger (default: 1.3.0)
matrix (default: 0.1.0)
memoist (0.16.2)
mini_magick (4.11.0)
mini_mime (1.1.2)
minitest (5.11.3)
molinillo (0.8.0)
multi_json (1.15.0)
multipart-post (2.0.0)
mustache (1.1.1)
mutex_m (default: 0.1.0)
nanaimo (0.3.0)
nap (1.1.0)
naturally (2.2.1)
net-telnet (0.2.0)
netrc (0.11.0)
nokogiri (1.13.1 x86_64-darwin)
open4 (1.3.4)
openssl (default: 2.1.2)
optparse (0.1.1)
os (1.1.4)
ostruct (default: 0.1.0)
plist (3.6.0)
power_assert (1.1.3)
prime (default: 0.1.0)
psych (default: 3.1.0)
public_suffix (4.0.6)
racc (1.6.0)
rake (12.3.2)
rdoc (default: 6.1.2)
redcarpet (3.5.1)
representable (3.1.1)
retriable (3.1.2)
rexml (3.2.5, default: 3.1.9)
rouge (2.0.7)
rss (default: 0.2.7)
ruby-macho (2.5.1)
ruby2_keywords (0.0.5)
rubyzip (2.3.2)
sassc (2.4.0)
scanf (default: 1.0.0)
sdbm (default: 1.0.0)
security (0.1.3)
shell (default: 0.7)
signet (0.16.0)
simctl (1.6.8)
slack-notifier (2.4.0)
slather (2.5.0)
sqlite3 (1.4.2)
stringio (default: 0.0.2)
strscan (default: 1.0.0)
sync (default: 0.5.0)
terminal-notifier (2.0.0)
terminal-table (1.8.0)
test-unit (3.2.9)
thwait (default: 0.1.0)
tracer (default: 0.1.0)
trailblazer-option (0.1.2)
trainer (0.9.1)
tty-cursor (0.7.1)
tty-screen (0.8.1)
tty-spinner (0.9.3)
typhoeus (1.4.0)
tzinfo (2.0.4)
uber (0.1.0)
unf (0.1.4)
unf_ext (0.0.8)
unicode-display_width (1.8.0)
webrick (default: 1.4.2)
word_wrap (1.0.0)
xcinvoke (0.3.0)
xcode-install (2.8.0)
xcodeproj (1.21.0)
xcov (1.7.5)
xcpretty (0.3.0)
xcpretty-json-formatter (0.1.1)
xcpretty-travis-formatter (1.0.1)
xcresult (0.2.1)
xmlrpc (0.3.0)
zeitwerk (2.5.4)
zlib (default: 1.0.0)
========================================


=== NPM global packages ==========================
* Cordova: 10.0.0 (cordova-lib@10.1.0)
* Ionic: 6.11.12
* Appcenter-CLI version: 2.9.0
========================================


=== Checking Xcode CLT dirs ============

 ls -1 /Library/Developer/CommandLineTools/SDKs/MacOSX.sdk/usr/include/CommonCrypto
CommonCrypto.h
CommonCryptoError.h
CommonCryptor.h
CommonDigest.h
CommonHMAC.h
CommonKeyDerivation.h
CommonRandom.h
CommonSymmetricKeywrap.h
module.modulemap

 * ls -1 /Library/Developer/CommandLineTools/
Library
SDKs
usr

 * /Library/Developer/CommandLineTools/usr/bin/swift --version
Apple Swift version 5.5.2 (swiftlang-1300.0.47.5 clang-1300.0.29.30)
Target: x86_64-apple-darwin20.6.0

========================================


=== Xcode ==============================

* Active Xcode Command Line Tools:
/Applications/Xcode-13.1.app/Contents/Developer

* Xcode Version:
Xcode 13.1
Build version 13A1030d

* /usr/bin/swift --version
Apple Swift version 5.5.1 (swiftlang-1300.0.31.4 clang-1300.0.29.6)
Target: x86_64-apple-macosx11.0

* Installed SDKs:
DriverKit SDKs:
	DriverKit 21.0.1              	-sdk driverkit21.0.1

iOS SDKs:
	iOS 15.0                      	-sdk iphoneos15.0

iOS Simulator SDKs:
	Simulator - iOS 15.0          	-sdk iphonesimulator15.0

macOS SDKs:
	macOS 12.0                    	-sdk macosx12.0

tvOS SDKs:
	tvOS 15.0                     	-sdk appletvos15.0

tvOS Simulator SDKs:
	Simulator - tvOS 15.0         	-sdk appletvsimulator15.0

watchOS SDKs:
	watchOS 8.0                   	-sdk watchos8.0

watchOS Simulator SDKs:
	Simulator - watchOS 8.0       	-sdk watchsimulator8.0


* Available Simulators:
== Device Types ==
iPhone 4s (com.apple.CoreSimulator.SimDeviceType.iPhone-4s)
iPhone 5 (com.apple.CoreSimulator.SimDeviceType.iPhone-5)
iPhone 5s (com.apple.CoreSimulator.SimDeviceType.iPhone-5s)
iPhone 6 Plus (com.apple.CoreSimulator.SimDeviceType.iPhone-6-Plus)
iPhone 6 (com.apple.CoreSimulator.SimDeviceType.iPhone-6)
iPhone 6s (com.apple.CoreSimulator.SimDeviceType.iPhone-6s)
iPhone 6s Plus (com.apple.CoreSimulator.SimDeviceType.iPhone-6s-Plus)
iPhone SE (1st generation) (com.apple.CoreSimulator.SimDeviceType.iPhone-SE)
iPhone 7 (com.apple.CoreSimulator.SimDeviceType.iPhone-7)
iPhone 7 Plus (com.apple.CoreSimulator.SimDeviceType.iPhone-7-Plus)
iPhone 8 (com.apple.CoreSimulator.SimDeviceType.iPhone-8)
iPhone 8 Plus (com.apple.CoreSimulator.SimDeviceType.iPhone-8-Plus)
iPhone X (com.apple.CoreSimulator.SimDeviceType.iPhone-X)
iPhone Xs (com.apple.CoreSimulator.SimDeviceType.iPhone-XS)
iPhone Xs Max (com.apple.CoreSimulator.SimDeviceType.iPhone-XS-Max)
iPhone Xʀ (com.apple.CoreSimulator.SimDeviceType.iPhone-XR)
iPhone 11 (com.apple.CoreSimulator.SimDeviceType.iPhone-11)
iPhone 11 Pro (com.apple.CoreSimulator.SimDeviceType.iPhone-11-Pro)
iPhone 11 Pro Max (com.apple.CoreSimulator.SimDeviceType.iPhone-11-Pro-Max)
iPhone SE (2nd generation) (com.apple.CoreSimulator.SimDeviceType.iPhone-SE--2nd-generation-)
iPhone 12 mini (com.apple.CoreSimulator.SimDeviceType.iPhone-12-mini)
iPhone 12 (com.apple.CoreSimulator.SimDeviceType.iPhone-12)
iPhone 12 Pro (com.apple.CoreSimulator.SimDeviceType.iPhone-12-Pro)
iPhone 12 Pro Max (com.apple.CoreSimulator.SimDeviceType.iPhone-12-Pro-Max)
iPhone 13 Pro (com.apple.CoreSimulator.SimDeviceType.iPhone-13-Pro)
iPhone 13 Pro Max (com.apple.CoreSimulator.SimDeviceType.iPhone-13-Pro-Max)
iPhone 13 mini (com.apple.CoreSimulator.SimDeviceType.iPhone-13-mini)
iPhone 13 (com.apple.CoreSimulator.SimDeviceType.iPhone-13)
iPod touch (7th generation) (com.apple.CoreSimulator.SimDeviceType.iPod-touch--7th-generation-)
iPad 2 (com.apple.CoreSimulator.SimDeviceType.iPad-2)
iPad Retina (com.apple.CoreSimulator.SimDeviceType.iPad-Retina)
iPad Air (com.apple.CoreSimulator.SimDeviceType.iPad-Air)
iPad mini 2 (com.apple.CoreSimulator.SimDeviceType.iPad-mini-2)
iPad mini 3 (com.apple.CoreSimulator.SimDeviceType.iPad-mini-3)
iPad mini 4 (com.apple.CoreSimulator.SimDeviceType.iPad-mini-4)
iPad Air 2 (com.apple.CoreSimulator.SimDeviceType.iPad-Air-2)
iPad Pro (9.7-inch) (com.apple.CoreSimulator.SimDeviceType.iPad-Pro--9-7-inch-)
iPad Pro (12.9-inch) (1st generation) (com.apple.CoreSimulator.SimDeviceType.iPad-Pro)
iPad (5th generation) (com.apple.CoreSimulator.SimDeviceType.iPad--5th-generation-)
iPad Pro (12.9-inch) (2nd generation) (com.apple.CoreSimulator.SimDeviceType.iPad-Pro--12-9-inch---2nd-generation-)
iPad Pro (10.5-inch) (com.apple.CoreSimulator.SimDeviceType.iPad-Pro--10-5-inch-)
iPad (6th generation) (com.apple.CoreSimulator.SimDeviceType.iPad--6th-generation-)
iPad (7th generation) (com.apple.CoreSimulator.SimDeviceType.iPad--7th-generation-)
iPad Pro (11-inch) (1st generation) (com.apple.CoreSimulator.SimDeviceType.iPad-Pro--11-inch-)
iPad Pro (12.9-inch) (3rd generation) (com.apple.CoreSimulator.SimDeviceType.iPad-Pro--12-9-inch---3rd-generation-)
iPad Pro (11-inch) (2nd generation) (com.apple.CoreSimulator.SimDeviceType.iPad-Pro--11-inch---2nd-generation-)
iPad Pro (12.9-inch) (4th generation) (com.apple.CoreSimulator.SimDeviceType.iPad-Pro--12-9-inch---4th-generation-)
iPad mini (5th generation) (com.apple.CoreSimulator.SimDeviceType.iPad-mini--5th-generation-)
iPad Air (3rd generation) (com.apple.CoreSimulator.SimDeviceType.iPad-Air--3rd-generation-)
iPad (8th generation) (com.apple.CoreSimulator.SimDeviceType.iPad--8th-generation-)
iPad (9th generation) (com.apple.CoreSimulator.SimDeviceType.iPad-9th-generation)
iPad Air (4th generation) (com.apple.CoreSimulator.SimDeviceType.iPad-Air--4th-generation-)
iPad Pro (11-inch) (3rd generation) (com.apple.CoreSimulator.SimDeviceType.iPad-Pro-11-inch-3rd-generation)
iPad Pro (12.9-inch) (5th generation) (com.apple.CoreSimulator.SimDeviceType.iPad-Pro-12-9-inch-5th-generation)
iPad mini (6th generation) (com.apple.CoreSimulator.SimDeviceType.iPad-mini-6th-generation)
Apple TV (com.apple.CoreSimulator.SimDeviceType.Apple-TV-1080p)
Apple TV 4K (com.apple.CoreSimulator.SimDeviceType.Apple-TV-4K-4K)
Apple TV 4K (at 1080p) (com.apple.CoreSimulator.SimDeviceType.Apple-TV-4K-1080p)
Apple TV 4K (2nd generation) (com.apple.CoreSimulator.SimDeviceType.Apple-TV-4K-2nd-generation-4K)
Apple TV 4K (at 1080p) (2nd generation) (com.apple.CoreSimulator.SimDeviceType.Apple-TV-4K-2nd-generation-1080p)
Apple Watch - 38mm (com.apple.CoreSimulator.SimDeviceType.Apple-Watch-38mm)
Apple Watch - 42mm (com.apple.CoreSimulator.SimDeviceType.Apple-Watch-42mm)
Apple Watch Series 2 - 38mm (com.apple.CoreSimulator.SimDeviceType.Apple-Watch-Series-2-38mm)
Apple Watch Series 2 - 42mm (com.apple.CoreSimulator.SimDeviceType.Apple-Watch-Series-2-42mm)
Apple Watch Series 3 - 38mm (com.apple.CoreSimulator.SimDeviceType.Apple-Watch-Series-3-38mm)
Apple Watch Series 3 - 42mm (com.apple.CoreSimulator.SimDeviceType.Apple-Watch-Series-3-42mm)
Apple Watch Series 4 - 40mm (com.apple.CoreSimulator.SimDeviceType.Apple-Watch-Series-4-40mm)
Apple Watch Series 4 - 44mm (com.apple.CoreSimulator.SimDeviceType.Apple-Watch-Series-4-44mm)
Apple Watch Series 5 - 40mm (com.apple.CoreSimulator.SimDeviceType.Apple-Watch-Series-5-40mm)
Apple Watch Series 5 - 44mm (com.apple.CoreSimulator.SimDeviceType.Apple-Watch-Series-5-44mm)
Apple Watch SE - 40mm (com.apple.CoreSimulator.SimDeviceType.Apple-Watch-SE-40mm)
Apple Watch SE - 44mm (com.apple.CoreSimulator.SimDeviceType.Apple-Watch-SE-44mm)
Apple Watch Series 6 - 40mm (com.apple.CoreSimulator.SimDeviceType.Apple-Watch-Series-6-40mm)
Apple Watch Series 6 - 44mm (com.apple.CoreSimulator.SimDeviceType.Apple-Watch-Series-6-44mm)
Apple Watch Series 7 - 41mm (com.apple.CoreSimulator.SimDeviceType.Apple-Watch-Series-7-41mm)
Apple Watch Series 7 - 45mm (com.apple.CoreSimulator.SimDeviceType.Apple-Watch-Series-7-45mm)
== Runtimes ==
iOS 13.7 (13.7 - 17H22) - com.apple.CoreSimulator.SimRuntime.iOS-13-7
iOS 14.3 (14.3 - 18C61) - com.apple.CoreSimulator.SimRuntime.iOS-14-3
iOS 14.4 (14.4 - 18D46) - com.apple.CoreSimulator.SimRuntime.iOS-14-4
iOS 14.5 (14.5 - 18E182) - com.apple.CoreSimulator.SimRuntime.iOS-14-5
iOS 15.0 (15.0 - 19A339) - com.apple.CoreSimulator.SimRuntime.iOS-15-0
tvOS 13.4 (13.4 - 17L255) - com.apple.CoreSimulator.SimRuntime.tvOS-13-4
tvOS 14.5 (14.5 - 18L191) - com.apple.CoreSimulator.SimRuntime.tvOS-14-5
tvOS 15.0 (15.0 - 19J344) - com.apple.CoreSimulator.SimRuntime.tvOS-15-0
watchOS 6.2 (6.2.1 - 17T531) - com.apple.CoreSimulator.SimRuntime.watchOS-6-2
watchOS 7.4 (7.4 - 18T187) - com.apple.CoreSimulator.SimRuntime.watchOS-7-4
watchOS 8.0 (8.0 - 19R345) - com.apple.CoreSimulator.SimRuntime.watchOS-8-0
== Devices ==
-- iOS 13.7 --
    iPhone 8 (C0B88807-688C-475D-A6FE-691A26F83988) (Shutdown) 
    iPhone 8 Plus (06B1491B-2E59-44E0-BE3A-66C754CA7FD5) (Shutdown) 
    iPhone 11 (0DAD84EE-47AA-4A96-9CA9-027D17CF8C39) (Shutdown) 
    iPhone 11 Pro (1661867D-5B7B-4365-9AFC-75484CB7B55D) (Shutdown) 
    iPhone 11 Pro Max (5186DCE9-1C30-4A49-A937-3383FAD677A7) (Shutdown) 
    iPhone SE (2nd generation) (C0AFA514-D917-431B-839E-584AECCEDE23) (Shutdown) 
    iPad Pro (9.7-inch) (896A4BFC-29C0-4B61-98D5-D83561A806B4) (Shutdown) 
    iPad (7th generation) (C74033E8-5764-4D05-84AA-68880E623B4E) (Shutdown) 
    iPad Pro (11-inch) (2nd generation) (EE37285C-F079-450E-9494-6AD83CBC251D) (Shutdown) 
    iPad Pro (12.9-inch) (4th generation) (8CDFFE4F-7F62-4758-A063-ED827789E2F3) (Shutdown) 
    iPad Air (3rd generation) (D48AD4F3-A621-40D2-B621-4520F0620332) (Shutdown) 
-- iOS 14.3 --
    iPhone 8 (01018246-1C65-457F-8F22-07B6D042E8E1) (Shutdown) 
    iPhone 8 Plus (23BCE84D-8113-4BA5-A19C-895272BB43B9) (Shutdown) 
    iPhone 11 (CF4DA0A1-8EF3-4FA9-B6CD-83E73F81C054) (Shutdown) 
    iPhone 11 Pro (DE3FD2EF-F2FF-494E-B408-DD1467678FD7) (Shutdown) 
    iPhone 11 Pro Max (A0C76A60-588B-4A06-B141-4FCE79CD5D60) (Shutdown) 
    iPhone SE (2nd generation) (8C4C72A9-5305-469B-AFD2-D1B77E25809A) (Shutdown) 
    iPhone 12 mini (96BE2189-1AA7-430F-A84C-4014796AD70D) (Shutdown) 
    iPhone 12 (52137B40-21CE-4686-8882-4F23CFCB9BE8) (Shutdown) 
    iPhone 12 Pro (248FB1E0-2FA0-4634-A537-55BABB6D5935) (Shutdown) 
    iPhone 12 Pro Max (4A1FAD41-F129-4494-B61B-7272B8591B45) (Shutdown) 
    iPod touch (7th generation) (5EC584DB-D487-4E22-A0DE-DE7AEB294623) (Shutdown) 
    iPad Pro (9.7-inch) (2F907B92-200E-4022-8D30-0672EA5DD23B) (Shutdown) 
    iPad Pro (11-inch) (2nd generation) (C771157B-C3B3-43DB-B1F4-A3477EC9818B) (Shutdown) 
    iPad Pro (12.9-inch) (4th generation) (EE979247-3EE6-4E43-953E-D7E6AC72C9E3) (Shutdown) 
    iPad (8th generation) (5815E448-A82F-4A88-BE0E-33A0BEEE6C03) (Shutdown) 
    iPad Air (4th generation) (B3FD0C0A-E7B2-4CF4-B6FD-ADA63355C8A1) (Shutdown) 
-- iOS 14.4 --
    iPhone 8 (C966FF9C-13D2-4505-8C98-359EC44BE68C) (Shutdown) 
    iPhone 8 Plus (8658FCC1-1C2B-480D-8137-D0332D9080ED) (Shutdown) 
    iPhone 11 (7AF40DAC-591D-4465-986A-FCA9F13157F0) (Shutdown) 
    iPhone 11 Pro (216ABF55-02BE-46C5-9963-A91A6082A08E) (Shutdown) 
    iPhone 11 Pro Max (68928E1C-06D8-44CF-ABA8-C098FDD5C2BE) (Shutdown) 
    iPhone SE (2nd generation) (0B32297E-D6E5-4632-9A4B-A05D21790A60) (Shutdown) 
    iPhone 12 mini (05911066-86D5-44E4-A209-CF11D9F8405E) (Shutdown) 
    iPhone 12 (44F3AE36-1B46-4A26-BBBF-483180863199) (Shutdown) 
    iPhone 12 Pro (578705D2-3AB5-4EDE-9E5C-4B1F55E113BE) (Shutdown) 
    iPhone 12 Pro Max (DE01906B-9D26-41B4-8188-56DB8C5E5F08) (Shutdown) 
    iPod touch (7th generation) (936ECCCE-233D-44C6-9D28-22055C8CD400) (Shutdown) 
    iPad Pro (9.7-inch) (29DBBFA3-1953-4304-B6F2-1042A9F980F2) (Shutdown) 
    iPad Pro (11-inch) (2nd generation) (3F86B4F1-9929-4F85-880D-ACB94D1B1A11) (Shutdown) 
    iPad Pro (12.9-inch) (4th generation) (3D440094-29B5-4737-8E3A-384419B754B5) (Shutdown) 
    iPad (8th generation) (6518191E-A0BF-4B84-B34A-A3C6706C0346) (Shutdown) 
    iPad Air (4th generation) (CEEA6736-E942-49C2-9CD7-51FCC28AA7C1) (Shutdown) 
-- iOS 14.5 --
    iPhone 8 (858BE6FE-ADB4-45CF-AB1B-447DDA80DD05) (Shutdown) 
    iPhone 8 Plus (81C5059B-28AE-4D9A-8B6B-88EA563AEA0A) (Shutdown) 
    iPhone 11 (9B4F1EC5-6951-4234-81B6-7EA0E7488F72) (Shutdown) 
    iPhone 11 Pro (F5264A71-5BA3-4247-8F20-3C7FE8CBC246) (Shutdown) 
    iPhone 11 Pro Max (2D32EF24-85C9-47EB-B71F-FDA9E165E1A9) (Shutdown) 
    iPhone SE (2nd generation) (DE997C98-727E-4CF3-970C-9EFA408C7261) (Shutdown) 
    iPhone 12 mini (5208283B-606B-4906-801A-C2976BEED3D7) (Shutdown) 
    iPhone 12 (D6A2FC7E-5526-49E1-8969-03E343202D09) (Shutdown) 
    iPhone 12 Pro (6846F28B-CDF3-4A8B-B36F-560DE5D68CC1) (Shutdown) 
    iPhone 12 Pro Max (FB4F8675-ABEB-4D52-A58C-A4D3977F4154) (Shutdown) 
    iPod touch (7th generation) (47160ACC-A576-42F5-9A5A-65DB1E8FB50C) (Shutdown) 
    iPad Pro (9.7-inch) (73066C28-DCC6-42A5-B946-C69F6C178030) (Shutdown) 
    iPad (8th generation) (35435A90-8D33-4390-93BA-C0FBE17A3FBB) (Shutdown) 
    iPad Air (4th generation) (5E2EC16B-84E4-4A87-82D5-2865C87849E4) (Shutdown) 
    iPad Pro (11-inch) (3rd generation) (337066CC-C035-44A2-8A7C-977D5731840B) (Shutdown) 
    iPad Pro (12.9-inch) (5th generation) (DEBCA03C-BDC2-4DF4-A88B-8BA73E4C4977) (Shutdown) 
-- iOS 15.0 --
    iPhone 8 (2747F211-C694-4F7A-8266-EDF09DD46A29) (Shutdown) 
    iPhone 8 Plus (C59142C0-53D5-4B00-B4FD-B6D6E42D77CD) (Shutdown) 
    iPhone 11 (95A10FED-CBED-4429-BE70-6545A0B9D4DF) (Shutdown) 
    iPhone 11 Pro (6A4D911D-B9AB-404A-A925-91F4EB45C52A) (Shutdown) 
    iPhone 11 Pro Max (447675CE-6FBC-41F7-BE2E-CE8F13C9F32E) (Shutdown) 
    iPhone SE (2nd generation) (43EC6E92-85B2-4CA6-B7C0-E7C411583310) (Shutdown) 
    iPhone 12 mini (9FAFD405-1E45-4422-BBCC-CB96CB24DBFA) (Shutdown) 
    iPhone 12 (A314D4CF-6DF5-408F-A3D6-1683281DE446) (Shutdown) 
    iPhone 12 Pro (D135D4A3-720C-47BC-93BF-88896A5653EE) (Shutdown) 
    iPhone 12 Pro Max (792C33B0-C726-4224-A4E0-24D79D82D74E) (Shutdown) 
    iPhone 13 Pro (31345D82-2184-4F6B-9D81-700451AA27D6) (Shutdown) 
    iPhone 13 Pro Max (EB9C80FB-8341-4E92-A3B1-9CC0DB44448E) (Shutdown) 
    iPhone 13 mini (69003516-55B1-48EA-9C8D-95EDD79262B2) (Shutdown) 
    iPhone 13 (E9327346-9DB8-4034-A284-61AE0614F1BD) (Shutdown) 
    iPod touch (7th generation) (9EF36B22-A78F-4035-B648-74E0DFB437F2) (Shutdown) 
    iPad Pro (9.7-inch) (B1740A1B-A865-4894-BE77-6EF18FF65051) (Shutdown) 
    iPad (9th generation) (1A372F94-E34D-4A94-8352-4157B62AC3E7) (Shutdown) 
    iPad Air (4th generation) (D4B1EC3C-FAFF-4EC0-9C74-0701FCD44620) (Shutdown) 
    iPad Pro (11-inch) (3rd generation) (6EEA2FC7-0E23-4559-952A-5DD718210210) (Shutdown) 
    iPad Pro (12.9-inch) (5th generation) (2A02F0BB-90F1-407F-8601-52E9F7E950D0) (Shutdown) 
    iPad mini (6th generation) (7B700B78-B15B-418E-B3E9-8239715B291E) (Shutdown) 
-- tvOS 13.4 --
    Apple TV (82AED6DE-31FD-4062-9DE7-FB99C6E2A94E) (Shutdown) 
    Apple TV 4K (7D211B8F-E763-4AB8-93EF-9519DFD8C8B6) (Shutdown) 
    Apple TV 4K (at 1080p) (55D6756B-DFC3-45F2-8AD8-7E4B4A68DEFE) (Shutdown) 
-- tvOS 14.5 --
    Apple TV (608B4892-A554-4AE5-A9B2-C7B57AD531A8) (Shutdown) 
    Apple TV 4K (2nd generation) (CA69E1E6-E4E5-44E0-84AD-575B7512E7B9) (Shutdown) 
    Apple TV 4K (at 1080p) (2nd generation) (9F98B048-473D-4309-BF6C-FCAF2EB13022) (Shutdown) 
-- tvOS 15.0 --
    Apple TV (FF59C449-AE71-45D3-9A5A-572B58EF6D6A) (Shutdown) 
    Apple TV 4K (2nd generation) (6BC9B0BC-6782-4BA8-BBE0-16B460702523) (Shutdown) 
    Apple TV 4K (at 1080p) (2nd generation) (7CF31882-62EB-4DE7-9B76-CC648ABF8030) (Shutdown) 
-- watchOS 6.2 --
    Apple Watch Series 4 - 40mm (0CAEF04A-EFED-4B60-AC8E-6993BB4E6010) (Shutdown) 
    Apple Watch Series 4 - 44mm (BF253F85-732D-440B-A6F7-ED6EA2A0C853) (Shutdown) 
    Apple Watch Series 5 - 40mm (40732E08-4ABD-4397-86A1-6AB51032E434) (Shutdown) 
    Apple Watch Series 5 - 44mm (03DB33AB-34AE-4AD2-9F3C-7798129F4537) (Shutdown) 
-- watchOS 7.4 --
    Apple Watch Series 5 - 40mm (74162D37-2847-412B-B850-2EF66220271C) (Shutdown) 
    Apple Watch Series 5 - 44mm (2C51DA4D-B6CE-4582-830E-20B3E7C3B782) (Shutdown) 
    Apple Watch Series 6 - 40mm (96E257EA-CA58-48C9-A103-037C100B9D02) (Shutdown) 
    Apple Watch Series 6 - 44mm (0D0D1F34-09DB-4CD3-8824-AEBF5599C711) (Shutdown) 
-- watchOS 8.0 --
    Apple Watch Series 5 - 40mm (97F11CBF-F912-4BCA-B647-108A0D9A2A85) (Shutdown) 
    Apple Watch Series 5 - 44mm (CBF39215-7A66-4DE6-B39F-07DAD21E4543) (Shutdown) 
    Apple Watch Series 6 - 40mm (D0611C24-12F9-4A10-B9BC-5B4029B31581) (Shutdown) 
    Apple Watch Series 6 - 44mm (3F3A7CC0-E720-43B4-AA08-434F61598F81) (Shutdown) 
    Apple Watch Series 7 - 41mm (F42BA9FA-FEC1-4882-85F5-AA1BA3EA8C12) (Shutdown) 
    Apple Watch Series 7 - 45mm (B085A94A-69C5-44F6-AAFA-D75D8BBD6A3A) (Shutdown) 
== Device Pairs ==
817D16AC-AC29-4EE7-A4EF-7F98C0F343E4 (active, disconnected)
    Watch: Apple Watch Series 5 - 40mm (97F11CBF-F912-4BCA-B647-108A0D9A2A85) (Shutdown)
    Phone: iPhone 12 Pro (D135D4A3-720C-47BC-93BF-88896A5653EE) (Shutdown)
3C79218F-77B7-4ABB-9EF3-17E38B24D392 (active, disconnected)
    Watch: Apple Watch Series 5 - 44mm (CBF39215-7A66-4DE6-B39F-07DAD21E4543) (Shutdown)
    Phone: iPhone 12 Pro Max (792C33B0-C726-4224-A4E0-24D79D82D74E) (Shutdown)
428E6AA2-8A04-4128-B094-6678344092B7 (active, disconnected)
    Watch: Apple Watch Series 6 - 40mm (D0611C24-12F9-4A10-B9BC-5B4029B31581) (Shutdown)
    Phone: iPhone 13 Pro (31345D82-2184-4F6B-9D81-700451AA27D6) (Shutdown)
CCF29B66-233E-4A77-B428-C6C351C9802F (active, disconnected)
    Watch: Apple Watch Series 6 - 44mm (3F3A7CC0-E720-43B4-AA08-434F61598F81) (Shutdown)
    Phone: iPhone 13 Pro Max (EB9C80FB-8341-4E92-A3B1-9CC0DB44448E) (Shutdown)
2082782D-A734-4615-9F8B-8F23B2244546 (active, disconnected)
    Watch: Apple Watch Series 7 - 41mm (F42BA9FA-FEC1-4882-85F5-AA1BA3EA8C12) (Shutdown)
    Phone: iPhone 13 mini (69003516-55B1-48EA-9C8D-95EDD79262B2) (Shutdown)
29275228-D472-485C-A7AC-0B91DC28059F (active, disconnected)
    Watch: Apple Watch Series 7 - 45mm (B085A94A-69C5-44F6-AAFA-D75D8BBD6A3A) (Shutdown)
    Phone: iPhone 13 (E9327346-9DB8-4034-A284-61AE0614F1BD) (Shutdown)

========================================


=== OS X info =========================

* sw_vers
ProductName:	macOS
ProductVersion:	11.6.4
BuildVersion:	20G417

* system_profiler SPSoftwareDataType
Software:

    System Software Overview:

      System Version: macOS 11.6.4 (20G417)
      Kernel Version: Darwin 20.6.0
      Boot Volume: Macintosh HD
      Boot Mode: Normal
      Computer Name: vm-osx-xcode-13.1.x-g2.4core-4705b9b9-e936-4d35-ace2-1eb17b76ff66
      User Name: vagrant (vagrant)
      Secure Virtual Memory: Enabled
      System Integrity Protection: Disabled
      Time since boot: 7 minutes


========================================


=== System infos =======================
* Free disk space:
    Filesystem         Size        Avail
/dev/disk1s5s1        300Gi        152Gi
========================================

--- Android

* ANDROID_HOME (/usr/local/share/android-sdk) content:
add-ons
build-tools
cmdline-tools
emulator
extras
licenses
ndk-bundle
patcher
platform-tools
platforms
system-images
tools

* ANDROID_NDK_HOME (/usr/local/share/android-sdk/ndk-bundle) content:
CHANGELOG.md
NOTICE
NOTICE.toolchain
README.md
build
meta
ndk-build
ndk-gdb
ndk-stack
ndk-which
package.xml
platforms
prebuilt
python-packages
shader-tools
simpleperf
source.properties
sources
sysroot
toolchains
wrap.sh

* Android NDK Version:
Pkg.Desc = Android NDK
Pkg.Revision = 21.4.7075529

* platform-tools content:
NOTICE.txt
adb
dmtracedump
e2fsdroid
etc1tool
fastboot
hprof-conv
lib64
make_f2fs
make_f2fs_casefold
mke2fs
mke2fs.conf
package.xml
sload_f2fs
source.properties
sqlite3
systrace

* build-tools content:
17.0.0
19.1.0
21.1.2
22.0.1
23.0.3
24.0.3
25.0.3
26.0.1
26.0.2
27.0.0
27.0.1
27.0.2
27.0.3
28.0.0
28.0.1
28.0.2
28.0.3
29.0.0
29.0.1
29.0.2
29.0.3
30.0.0
30.0.1
30.0.2
30.0.3

* extras content:
/usr/local/share/android-sdk/extras
├── android
│   └── m2repository
├── google
│   ├── google_play_services
│   └── m2repository
└── m2repository
    └── com

7 directories, 0 files

* platforms content:
android-15
android-17
android-19
android-21
android-22
android-23
android-24
android-25
android-26
android-27
android-28
android-29
android-30

* system-images content:
/usr/local/share/android-sdk/system-images
├── android-26
│   └── google_apis
│       └── x86
├── android-28
│   └── google_apis
│       └── x86_64
├── android-29
│   └── google_apis
│       └── x86
└── android-30
    └── google_apis
        └── x86

12 directories, 0 files

========================================

 * SDK packages:
* Command line Tools version: 5.0
* Platform Tools version: 32.0.0
* Emulator version: 31.2.8
========================================


=== Android APK tools ==================

* aapt2:

========================================


=== Environment infos =======================
MATCH_KEYCHAIN_PASSWORD environment set
========================================


=== Control tests ======================
source $HOME/.bash_profile ...
source $HOME/.bash_profile - PASSED
========================================

