 (i) Ignore Errors: disabled
#
# This System Report was generated by: https://github.com/bitrise-io/osx-box-bootstrap/blob/master/system_report.sh
#  Pull Requests are welcome!
#
=== Revision / ID ======================
* BITRISE_OSX_STACK_REV_ID: v2021_10_19
========================================
=== Pre-installed tool versions ========
* Go: go version go1.16.7 darwin/amd64
* Python: Python 2.7.16
* Node.js: v12.22.6
* NPM: 6.14.15
* Yarn: 1.22.11
* Java: openjdk version "11.0.11" 2021-04-20
OpenJDK Runtime Environment AdoptOpenJDK-11.0.11+9 (build 11.0.11+9)
OpenJDK 64-Bit Server VM AdoptOpenJDK-11.0.11+9 (build 11.0.11+9, mixed mode)
* Flutter: Flutter 1.26.0-17.8.pre • channel beta • https://github.com/flutter/flutter.git
* fvm: 2.2.3
* git: git version 2.33.0
* git lfs: git-lfs/2.13.3 (GitHub; darwin amd64; go 1.16.5)
* mercurial/hg: Mercurial Distributed SCM (version 5.9.1)
* curl: curl 7.64.1 (x86_64-apple-darwin19.0) libcurl/7.64.1 (SecureTransport) LibreSSL/2.8.3 zlib/1.2.11 nghttp2/1.39.2
* wget: GNU Wget 1.21.1 built on darwin19.6.0.
* rsync: rsync  version 2.6.9  protocol version 29
* unzip: UnZip 6.00 of 20 April 2009, by Info-ZIP.  Maintained by C. Spieler.  Send
* zip: This is Zip 3.0 (July 5th 2008), by Info-ZIP.
* tar: bsdtar 3.3.2 - libarchive 3.3.2 zlib/1.2.11 liblzma/5.0.5 bz2lib/1.0.6
* tree: tree v1.8.0 (c) 1996 - 2018 by Steve Baker, Thomas Moore, Francesc Rocher, Florian Sesser, Kyosuke Tokoro 
* brew: Homebrew 3.2.17
Homebrew/homebrew-core (git revision ad83b1f8bf; last commit 2021-09-07)
Homebrew/homebrew-cask (git revision 79ee6f0965; last commit 2021-09-07)
* Ansible: ansible [core 2.11.4] 
  configured module search path = ['/Users/vagrant/.ansible/plugins/modules', '/usr/share/ansible/plugins/modules']
  ansible python module location = /usr/local/Cellar/ansible/4.5.0/libexec/lib/python3.9/site-packages/ansible
  ansible collection location = /Users/vagrant/.ansible/collections:/usr/share/ansible/collections
  executable location = /usr/local/bin/ansible
* gtimeout: timeout (GNU coreutils) 8.32
* watchman: 2021.08.30.00
* flow: Flow, a static type checker for JavaScript, version 0.159.0
* carthage: 0.38.0
* imagemagick (convert): Version: ImageMagick 7.1.0-6 Q16-HDRI x86_64 2021-09-04 https://imagemagick.org
* ghostscript (ps2ascii): 9.54.0
* screen: Screen version 4.08.00 (GNU) 05-Feb-20
* firebase: 9.20.0
* applesimutils version 0.9.4
* jq: 1.6
* Version: 0.8.1
* XCLogParser 0.2.21
* Screen 4.08.00
* applesimutils 0.9.4
* OpenConnect version v8.10
* aws-cli: aws-cli/2.2.35 Python/3.9.7 Darwin/19.6.0 source/x86_64 prompt/off
* cmake: 3.21.2
* danger-swift: 3.12.1
--- Bitrise CLI tool versions
* bitrise: 1.48.0
* stepman: 0.13.1
* envman: 2.3.3
* cmd-bridge: 0.9.5
========================================
=== Brew list versions ==================
ansible 4.5.0
ant 1.10.11
aom 3.1.2
applesimutils 0.9.4
autoconf 2.71
awscli 2.2.35
bdw-gc 8.0.4_2
boost 1.76.0
brotli 1.0.9
c-ares 1.17.2
carthage 0.38.0
cmake 3.21.2
coreutils 8.32
danger-js 10.7.0
danger-swift 3.12.1
dart 2.14.4
docbook 5.1_1
docbook-xsl 1.79.2_1
double-conversion 3.1.5_1
flow 0.159.0
fmt 8.0.1
folly 2021.08.30.00
fontconfig 2.13.1
freetype 2.11.0
fvm 2.2.3
gdbm 1.20
gettext 0.21
gflags 2.2.2
ghostscript 9.54.0
git 2.33.0
git-lfs 2.13.3
glib 2.68.4
glog 0.5.0
gmp 6.2.1
gnu-getopt 2.37.2
gnupg 2.3.2
gnutls 3.6.16
go@1.16 1.16.7
gradle 7.2
guile 3.0.7
icu4c 69.1
imagemagick 7.1.0-6
imath 3.1.3
jbig2dec 0.19
jemalloc 5.2.1_1
jenv 0.5.4
jpeg 9d
jq 1.6
libassuan 2.5.5
libde265 1.0.8
libev 4.33
libevent 2.1.12
libffi 3.3_3
libgcrypt 1.9.4
libgpg-error 1.42
libheif 1.12.0
libidn 1.38
libidn2 2.3.2
libksba 1.6.0
liblqr 0.4.2_1
libomp 12.0.1
libpng 1.6.37
libtasn1 4.17.0
libtiff 4.3.0
libtool 2.4.6_4
libunistring 0.9.10
libusb 1.0.24
libuv 1.42.0
libyaml 0.2.5
little-cms2 2.12
lz4 1.9.3
m4 1.4.19
macos-term-size 1.0.0
maven 3.8.2
mercurial 5.9.1
mpdecimal 2.5.1
nettle 3.7.3
nghttp2 1.44.0
node 16.8.0
node@12 12.22.6
npth 1.6
oniguruma 6.9.7.1
openconnect 8.10
openexr 3.1.1
openjpeg 2.4.0
openssl@1.1 1.1.1l
p11-kit 0.24.0
pcre 8.45
pcre2 10.37_1
pinentry 1.2.0
pkg-config 0.29.2_3
python@3.9 3.9.7
rbenv 1.1.2
readline 8.1
ruby-build 20210825
screen 4.8.0
shared-mime-info 2.1
six 1.16.0_1
snappy 1.1.9
sqlite 3.36.0
stoken 0.92_1
swiftlint 0.43.1
tree 1.8.0
unbound 1.13.2
watchman 2021.08.30.00
webp 1.2.1
wget 1.21.1_1
x265 3.5
xmlto 0.0.28
xz 5.2.5
yarn 1.22.11
zstd 1.5.0
========================================
=== Brew deps tree ==================
adoptopenjdk/openjdk/adoptopenjdk11
adoptopenjdk/openjdk/adoptopenjdk8
ansible
├── libyaml
├── openssl@1.1
└── python@3.9
    ├── gdbm
    ├── mpdecimal
    ├── openssl@1.1
    ├── readline
    ├── sqlite
    │   └── readline
    └── xz
ant
└── openjdk
aom
wix/brew/applesimutils
autoconf
└── m4
awscli
├── python@3.9
│   ├── gdbm
│   ├── mpdecimal
│   ├── openssl@1.1
│   ├── readline
│   ├── sqlite
│   │   └── readline
│   └── xz
└── six
bdw-gc
boost
└── icu4c
brotli
c-ares
carthage
cmake
coreutils
danger/tap/danger-js
danger/tap/danger-swift
└── danger/tap/danger-js
dart-lang/dart/dart
docbook
docbook-xsl
└── docbook
double-conversion
flow
fmt
folly
├── boost
│   └── icu4c
├── double-conversion
├── fmt
├── gflags
├── glog
│   └── gflags
├── libevent
│   └── openssl@1.1
├── lz4
├── openssl@1.1
├── snappy
├── xz
└── zstd
fontconfig
└── freetype
    └── libpng
freetype
└── libpng
leoafarias/fvm/fvm
gdbm
gettext
gflags
ghostscript
├── fontconfig
│   └── freetype
│       └── libpng
├── freetype
│   └── libpng
├── jbig2dec
├── jpeg
├── libidn
├── libpng
├── libtiff
│   └── jpeg
├── little-cms2
│   ├── jpeg
│   └── libtiff
│       └── jpeg
└── openjpeg
    ├── libpng
    ├── libtiff
    │   └── jpeg
    └── little-cms2
        ├── jpeg
        └── libtiff
            └── jpeg
git
├── gettext
└── pcre2
git-lfs
glib
├── gettext
├── libffi
├── pcre
└── python@3.9
    ├── gdbm
    ├── mpdecimal
    ├── openssl@1.1
    ├── readline
    ├── sqlite
    │   └── readline
    └── xz
glog
└── gflags
gmp
gnu-getopt
gnupg
├── gettext
├── gnutls
│   ├── gmp
│   ├── guile
│   │   ├── bdw-gc
│   │   ├── gmp
│   │   ├── libffi
│   │   ├── libtool
│   │   │   └── m4
│   │   ├── libunistring
│   │   ├── pkg-config
│   │   └── readline
│   ├── libidn2
│   │   ├── gettext
│   │   └── libunistring
│   ├── libtasn1
│   ├── libunistring
│   ├── nettle
│   │   └── gmp
│   ├── p11-kit
│   │   └── libffi
│   └── unbound
│       ├── libevent
│       │   └── openssl@1.1
│       ├── nghttp2
│       │   ├── c-ares
│       │   ├── jemalloc
│       │   ├── libev
│       │   └── openssl@1.1
│       └── openssl@1.1
├── libassuan
│   └── libgpg-error
├── libgcrypt
│   └── libgpg-error
├── libgpg-error
├── libksba
│   └── libgpg-error
├── libusb
├── npth
└── pinentry
    ├── libassuan
    │   └── libgpg-error
    └── libgpg-error
gnutls
├── gmp
├── guile
│   ├── bdw-gc
│   ├── gmp
│   ├── libffi
│   ├── libtool
│   │   └── m4
│   ├── libunistring
│   ├── pkg-config
│   └── readline
├── libidn2
│   ├── gettext
│   └── libunistring
├── libtasn1
├── libunistring
├── nettle
│   └── gmp
├── p11-kit
│   └── libffi
└── unbound
    ├── libevent
    │   └── openssl@1.1
    ├── nghttp2
    │   ├── c-ares
    │   ├── jemalloc
    │   ├── libev
    │   └── openssl@1.1
    └── openssl@1.1
go@1.16
gradle
└── openjdk
guile
├── bdw-gc
├── gmp
├── libffi
├── libtool
│   └── m4
├── libunistring
├── pkg-config
└── readline
icu4c
imagemagick
├── freetype
│   └── libpng
├── ghostscript
│   ├── fontconfig
│   │   └── freetype
│   │       └── libpng
│   ├── freetype
│   │   └── libpng
│   ├── jbig2dec
│   ├── jpeg
│   ├── libidn
│   ├── libpng
│   ├── libtiff
│   │   └── jpeg
│   ├── little-cms2
│   │   ├── jpeg
│   │   └── libtiff
│   │       └── jpeg
│   └── openjpeg
│       ├── libpng
│       ├── libtiff
│       │   └── jpeg
│       └── little-cms2
│           ├── jpeg
│           └── libtiff
│               └── jpeg
├── jpeg
├── libheif
│   ├── aom
│   ├── jpeg
│   ├── libde265
│   ├── libpng
│   ├── shared-mime-info
│   │   ├── gettext
│   │   ├── glib
│   │   │   ├── gettext
│   │   │   ├── libffi
│   │   │   ├── pcre
│   │   │   └── python@3.9
│   │   │       ├── gdbm
│   │   │       ├── mpdecimal
│   │   │       ├── openssl@1.1
│   │   │       ├── readline
│   │   │       ├── sqlite
│   │   │       │   └── readline
│   │   │       └── xz
│   │   └── xmlto
│   │       ├── docbook
│   │       ├── docbook-xsl
│   │       │   └── docbook
│   │       └── gnu-getopt
│   └── x265
├── liblqr
│   └── glib
│       ├── gettext
│       ├── libffi
│       ├── pcre
│       └── python@3.9
│           ├── gdbm
│           ├── mpdecimal
│           ├── openssl@1.1
│           ├── readline
│           ├── sqlite
│           │   └── readline
│           └── xz
├── libomp
├── libpng
├── libtiff
│   └── jpeg
├── libtool
│   └── m4
├── little-cms2
│   ├── jpeg
│   └── libtiff
│       └── jpeg
├── openexr
│   └── imath
├── openjpeg
│   ├── libpng
│   ├── libtiff
│   │   └── jpeg
│   └── little-cms2
│       ├── jpeg
│       └── libtiff
│           └── jpeg
├── webp
│   ├── jpeg
│   ├── libpng
│   └── libtiff
│       └── jpeg
└── xz
imath
intel-haxm
jbig2dec
jemalloc
jenv
jpeg
jq
└── oniguruma
libassuan
└── libgpg-error
libde265
libev
libevent
└── openssl@1.1
libffi
libgcrypt
└── libgpg-error
libgpg-error
libheif
├── aom
├── jpeg
├── libde265
├── libpng
├── shared-mime-info
│   ├── gettext
│   ├── glib
│   │   ├── gettext
│   │   ├── libffi
│   │   ├── pcre
│   │   └── python@3.9
│   │       ├── gdbm
│   │       ├── mpdecimal
│   │       ├── openssl@1.1
│   │       ├── readline
│   │       ├── sqlite
│   │       │   └── readline
│   │       └── xz
│   └── xmlto
│       ├── docbook
│       ├── docbook-xsl
│       │   └── docbook
│       └── gnu-getopt
└── x265
libidn
libidn2
├── gettext
└── libunistring
libksba
└── libgpg-error
liblqr
└── glib
    ├── gettext
    ├── libffi
    ├── pcre
    └── python@3.9
        ├── gdbm
        ├── mpdecimal
        ├── openssl@1.1
        ├── readline
        ├── sqlite
        │   └── readline
        └── xz
libomp
libpng
libtasn1
libtiff
└── jpeg
libtool
└── m4
libunistring
libusb
libuv
libyaml
little-cms2
├── jpeg
└── libtiff
    └── jpeg
lz4
m4
macos-term-size
maven
└── openjdk
mercurial
└── python@3.9
    ├── gdbm
    ├── mpdecimal
    ├── openssl@1.1
    ├── readline
    ├── sqlite
    │   └── readline
    └── xz
mpdecimal
nettle
└── gmp
nghttp2
├── c-ares
├── jemalloc
├── libev
└── openssl@1.1
node
├── brotli
├── c-ares
├── icu4c
├── libuv
├── nghttp2
│   ├── c-ares
│   ├── jemalloc
│   ├── libev
│   └── openssl@1.1
└── openssl@1.1
node@12
├── icu4c
└── macos-term-size
npth
oniguruma
openconnect
├── gettext
├── gnutls
│   ├── gmp
│   ├── guile
│   │   ├── bdw-gc
│   │   ├── gmp
│   │   ├── libffi
│   │   ├── libtool
│   │   │   └── m4
│   │   ├── libunistring
│   │   ├── pkg-config
│   │   └── readline
│   ├── libidn2
│   │   ├── gettext
│   │   └── libunistring
│   ├── libtasn1
│   ├── libunistring
│   ├── nettle
│   │   └── gmp
│   ├── p11-kit
│   │   └── libffi
│   └── unbound
│       ├── libevent
│       │   └── openssl@1.1
│       ├── nghttp2
│       │   ├── c-ares
│       │   ├── jemalloc
│       │   ├── libev
│       │   └── openssl@1.1
│       └── openssl@1.1
└── stoken
    └── nettle
        └── gmp
openexr
└── imath
openjpeg
├── libpng
├── libtiff
│   └── jpeg
└── little-cms2
    ├── jpeg
    └── libtiff
        └── jpeg
openssl@1.1
p11-kit
└── libffi
pcre
pcre2
pinentry
├── libassuan
│   └── libgpg-error
└── libgpg-error
pkg-config
python@3.9
├── gdbm
├── mpdecimal
├── openssl@1.1
├── readline
├── sqlite
│   └── readline
└── xz
rbenv
└── ruby-build
    ├── autoconf
    │   └── m4
    ├── pkg-config
    └── readline
readline
ruby-build
├── autoconf
│   └── m4
├── pkg-config
└── readline
screen
shared-mime-info
├── gettext
├── glib
│   ├── gettext
│   ├── libffi
│   ├── pcre
│   └── python@3.9
│       ├── gdbm
│       ├── mpdecimal
│       ├── openssl@1.1
│       ├── readline
│       ├── sqlite
│       │   └── readline
│       └── xz
└── xmlto
    ├── docbook
    ├── docbook-xsl
    │   └── docbook
    └── gnu-getopt
six
snappy
sqlite
└── readline
stoken
└── nettle
    └── gmp
swiftlint
tree
unbound
├── libevent
│   └── openssl@1.1
├── nghttp2
│   ├── c-ares
│   ├── jemalloc
│   ├── libev
│   └── openssl@1.1
└── openssl@1.1
watchman
├── boost
│   └── icu4c
├── fmt
├── folly
│   ├── boost
│   │   └── icu4c
│   ├── double-conversion
│   ├── fmt
│   ├── gflags
│   ├── glog
│   │   └── gflags
│   ├── libevent
│   │   └── openssl@1.1
│   ├── lz4
│   ├── openssl@1.1
│   ├── snappy
│   ├── xz
│   └── zstd
├── gflags
├── glog
│   └── gflags
├── libevent
│   └── openssl@1.1
├── openssl@1.1
├── pcre
└── python@3.9
    ├── gdbm
    ├── mpdecimal
    ├── openssl@1.1
    ├── readline
    ├── sqlite
    │   └── readline
    └── xz
webp
├── jpeg
├── libpng
└── libtiff
    └── jpeg
wget
├── libidn2
│   ├── gettext
│   └── libunistring
└── openssl@1.1
x265
xmlto
├── docbook
├── docbook-xsl
│   └── docbook
└── gnu-getopt
xz
yarn
└── node
    ├── brotli
    ├── c-ares
    ├── icu4c
    ├── libuv
    ├── nghttp2
    │   ├── c-ares
    │   ├── jemalloc
    │   ├── libev
    │   └── openssl@1.1
    └── openssl@1.1
zstd
========================================
=== Ruby and rubygems ==================
* Ruby (default): ruby 2.6.5p114 (2019-10-01 revision 67812) [x86_64-darwin19]
--- Available ruby versions ---
  system
  2.4.5
  2.5.3
* 2.6.5 (set by /Users/vagrant/.rbenv/version)
  2.7.2
  3.0.0
-------------------------------
* rbenv: 1.1.2
* Rubygems: 3.0.3
* Bundler: Bundler version 2.1.4
* CocoaPods: 1.11.2
* xcpretty: 0.3.0
========================================
=== All Ruby GEMs ======================
activesupport (6.1.4.1)
addressable (2.8.0)
algoliasearch (1.27.5)
artifactory (3.0.15)
atomos (0.1.3)
aws-eventstream (1.2.0)
aws-partitions (1.517.0)
aws-sdk-core (3.121.3)
aws-sdk-kms (1.50.0)
aws-sdk-s3 (1.104.0)
aws-sigv4 (1.4.0)
babosa (1.0.4)
bigdecimal (default: 1.4.1)
bundler (2.1.4, default: 1.17.2)
CFPropertyList (3.0.4)
claide (1.0.3)
clamp (1.3.2)
cmath (default: 1.0.0)
cocoapods (1.11.2)
cocoapods-core (1.11.2)
cocoapods-deintegrate (1.0.5)
cocoapods-downloader (1.5.1)
cocoapods-plugins (1.0.0)
cocoapods-search (1.0.1)
cocoapods-trunk (1.6.0)
cocoapods-try (1.2.0)
colored (1.2)
colored2 (3.1.2)
commander (4.6.0)
concurrent-ruby (1.1.9)
csv (default: 3.0.9)
date (default: 2.0.0)
dbm (default: 1.0.0)
declarative (0.0.20)
did_you_mean (1.3.0)
digest-crc (0.6.4)
domain_name (0.5.20190701)
dotenv (2.7.6)
e2mmap (default: 0.1.0)
emoji_regex (3.2.3)
escape (0.0.4)
etc (default: 1.0.1)
ethon (0.15.0)
excon (0.87.0)
faraday (1.8.0)
faraday-cookie_jar (0.0.7)
faraday-em_http (1.0.0)
faraday-em_synchrony (1.0.0)
faraday-excon (1.1.0)
faraday-httpclient (1.0.1)
faraday-net_http (1.0.1)
faraday-net_http_persistent (1.2.0)
faraday-patron (1.0.0)
faraday-rack (1.0.0)
faraday_middleware (1.2.0)
fastimage (2.2.5)
fastlane (2.196.0, 2.192.0)
fcntl (default: 1.0.0)
ffi (1.15.4)
fiddle (default: 1.0.0)
fileutils (default: 1.1.0)
forwardable (default: 1.2.0)
fourflusher (2.3.1)
fuzzy_match (2.0.4)
gh_inspector (1.1.3)
google-apis-androidpublisher_v3 (0.12.0)
google-apis-core (0.4.1)
google-apis-iamcredentials_v1 (0.7.0)
google-apis-playcustomapp_v1 (0.5.0)
google-apis-storage_v1 (0.8.0)
google-cloud-core (1.6.0)
google-cloud-env (1.5.0)
google-cloud-errors (1.2.0)
google-cloud-storage (1.34.1)
googleauth (1.0.0)
highline (2.0.3)
http-cookie (1.0.4)
httpclient (2.8.3)
i18n (1.8.10)
io-console (default: 0.4.7)
ipaddr (default: 1.2.2)
irb (default: 1.0.0)
jazzy (0.13.6)
jmespath (1.4.0)
json (default: 2.1.0)
jwt (2.3.0)
liferaft (0.0.6)
logger (default: 1.3.0)
matrix (default: 0.1.0)
memoist (0.16.2)
mini_magick (4.11.0)
mini_mime (1.1.2)
minitest (5.11.3)
molinillo (0.8.0)
multi_json (1.15.0)
multipart-post (2.0.0)
mustache (1.1.1)
mutex_m (default: 0.1.0)
nanaimo (0.3.0)
nap (1.1.0)
naturally (2.2.1)
net-telnet (0.2.0)
netrc (0.11.0)
nokogiri (1.12.5 x86_64-darwin)
open4 (1.3.4)
openssl (default: 2.1.2)
optparse (0.1.1)
os (1.1.1)
ostruct (default: 0.1.0)
plist (3.6.0)
power_assert (1.1.3)
prime (default: 0.1.0)
psych (default: 3.1.0)
public_suffix (4.0.6)
racc (1.6.0)
rake (12.3.2)
rdoc (default: 6.1.2)
redcarpet (3.5.1)
representable (3.1.1)
retriable (3.1.2)
rexml (3.2.5, default: 3.1.9)
rouge (2.0.7)
rss (default: 0.2.7)
ruby-macho (2.5.1)
ruby2_keywords (0.0.5)
rubyzip (2.3.2)
sassc (2.4.0)
scanf (default: 1.0.0)
sdbm (default: 1.0.0)
security (0.1.3)
shell (default: 0.7)
signet (0.16.0)
simctl (1.6.8)
slack-notifier (2.4.0)
slather (2.5.0)
sqlite3 (1.4.2)
stringio (default: 0.0.2)
strscan (default: 1.0.0)
sync (default: 0.5.0)
terminal-notifier (2.0.0)
terminal-table (1.8.0)
test-unit (3.2.9)
thwait (default: 0.1.0)
tracer (default: 0.1.0)
trailblazer-option (0.1.1)
trainer (0.9.1)
tty-cursor (0.7.1)
tty-screen (0.8.1)
tty-spinner (0.9.3)
typhoeus (1.4.0)
tzinfo (2.0.4)
uber (0.1.0)
unf (0.1.4)
unf_ext (0.0.8)
unicode-display_width (1.8.0)
webrick (default: 1.4.2)
word_wrap (1.0.0)
xcinvoke (0.3.0)
xcode-install (2.8.0)
xcodeproj (1.21.0)
xcov (1.7.5)
xcpretty (0.3.0)
xcpretty-json-formatter (0.1.1)
xcpretty-travis-formatter (1.0.1)
xcresult (0.2.1)
xmlrpc (0.3.0)
zeitwerk (2.5.1)
zlib (default: 1.0.0)
========================================
=== NPM global packages ==========================
* Cordova: 10.0.0 (cordova-lib@10.1.0)
* Ionic: 6.11.12
* Appcenter-CLI version: 2.9.0
========================================
=== Checking Xcode CLT dirs ============
 * ls -1 /Library/Developer/CommandLineTools/SDKs/MacOSX10.15.sdk/usr/include/CommonCrypto
CommonCrypto.h
CommonCryptoError.h
CommonCryptor.h
CommonDigest.h
CommonHMAC.h
CommonKeyDerivation.h
CommonRandom.h
CommonSymmetricKeywrap.h
module.modulemap
 * ls -1 /Library/Developer/CommandLineTools/
Library
SDKs
usr
 * /Library/Developer/CommandLineTools/usr/bin/swift --version
Apple Swift version 5.3.2 (swiftlang-1200.0.45 clang-1200.0.32.28)
Target: x86_64-apple-darwin19.6.0
========================================
=== Xcode ==============================
* Active Xcode Command Line Tools:
/Applications/Xcode-12.2.app/Contents/Developer
* Xcode Version:
Xcode 12.2
Build version 12B45b
* /usr/bin/swift --version
Apple Swift version 5.3.1 (swiftlang-1200.0.41 clang-1200.0.32.8)
Target: x86_64-apple-darwin19.6.0
* Installed SDKs:
iOS SDKs:
	iOS 14.2                      	-sdk iphoneos14.2
iOS Simulator SDKs:
	Simulator - iOS 14.2          	-sdk iphonesimulator14.2
macOS SDKs:
	DriverKit 20.0                	-sdk driverkit.macosx20.0
	macOS 11.0                    	-sdk macosx11.0
tvOS SDKs:
	tvOS 14.2                     	-sdk appletvos14.2
tvOS Simulator SDKs:
	Simulator - tvOS 14.2         	-sdk appletvsimulator14.2
watchOS SDKs:
	watchOS 7.1                   	-sdk watchos7.1
watchOS Simulator SDKs:
	Simulator - watchOS 7.1       	-sdk watchsimulator7.1
* Available Simulators:
== Device Types ==
iPhone 4s (com.apple.CoreSimulator.SimDeviceType.iPhone-4s)
iPhone 5 (com.apple.CoreSimulator.SimDeviceType.iPhone-5)
iPhone 5s (com.apple.CoreSimulator.SimDeviceType.iPhone-5s)
iPhone 6 Plus (com.apple.CoreSimulator.SimDeviceType.iPhone-6-Plus)
iPhone 6 (com.apple.CoreSimulator.SimDeviceType.iPhone-6)
iPhone 6s (com.apple.CoreSimulator.SimDeviceType.iPhone-6s)
iPhone 6s Plus (com.apple.CoreSimulator.SimDeviceType.iPhone-6s-Plus)
iPhone SE (1st generation) (com.apple.CoreSimulator.SimDeviceType.iPhone-SE)
iPhone 7 (com.apple.CoreSimulator.SimDeviceType.iPhone-7)
iPhone 7 Plus (com.apple.CoreSimulator.SimDeviceType.iPhone-7-Plus)
iPhone 8 (com.apple.CoreSimulator.SimDeviceType.iPhone-8)
iPhone 8 Plus (com.apple.CoreSimulator.SimDeviceType.iPhone-8-Plus)
iPhone X (com.apple.CoreSimulator.SimDeviceType.iPhone-X)
iPhone Xs (com.apple.CoreSimulator.SimDeviceType.iPhone-XS)
iPhone Xs Max (com.apple.CoreSimulator.SimDeviceType.iPhone-XS-Max)
iPhone Xʀ (com.apple.CoreSimulator.SimDeviceType.iPhone-XR)
iPhone 11 (com.apple.CoreSimulator.SimDeviceType.iPhone-11)
iPhone 11 Pro (com.apple.CoreSimulator.SimDeviceType.iPhone-11-Pro)
iPhone 11 Pro Max (com.apple.CoreSimulator.SimDeviceType.iPhone-11-Pro-Max)
iPhone SE (2nd generation) (com.apple.CoreSimulator.SimDeviceType.iPhone-SE--2nd-generation-)
iPhone 12 mini (com.apple.CoreSimulator.SimDeviceType.iPhone-12-mini)
iPhone 12 (com.apple.CoreSimulator.SimDeviceType.iPhone-12)
iPhone 12 Pro (com.apple.CoreSimulator.SimDeviceType.iPhone-12-Pro)
iPhone 12 Pro Max (com.apple.CoreSimulator.SimDeviceType.iPhone-12-Pro-Max)
iPod touch (7th generation) (com.apple.CoreSimulator.SimDeviceType.iPod-touch--7th-generation-)
iPad 2 (com.apple.CoreSimulator.SimDeviceType.iPad-2)
iPad Retina (com.apple.CoreSimulator.SimDeviceType.iPad-Retina)
iPad Air (com.apple.CoreSimulator.SimDeviceType.iPad-Air)
iPad mini 2 (com.apple.CoreSimulator.SimDeviceType.iPad-mini-2)
iPad mini 3 (com.apple.CoreSimulator.SimDeviceType.iPad-mini-3)
iPad mini 4 (com.apple.CoreSimulator.SimDeviceType.iPad-mini-4)
iPad Air 2 (com.apple.CoreSimulator.SimDeviceType.iPad-Air-2)
iPad Pro (9.7-inch) (com.apple.CoreSimulator.SimDeviceType.iPad-Pro--9-7-inch-)
iPad Pro (12.9-inch) (1st generation) (com.apple.CoreSimulator.SimDeviceType.iPad-Pro)
iPad (5th generation) (com.apple.CoreSimulator.SimDeviceType.iPad--5th-generation-)
iPad Pro (12.9-inch) (2nd generation) (com.apple.CoreSimulator.SimDeviceType.iPad-Pro--12-9-inch---2nd-generation-)
iPad Pro (10.5-inch) (com.apple.CoreSimulator.SimDeviceType.iPad-Pro--10-5-inch-)
iPad (6th generation) (com.apple.CoreSimulator.SimDeviceType.iPad--6th-generation-)
iPad (7th generation) (com.apple.CoreSimulator.SimDeviceType.iPad--7th-generation-)
iPad Pro (11-inch) (1st generation) (com.apple.CoreSimulator.SimDeviceType.iPad-Pro--11-inch-)
iPad Pro (12.9-inch) (3rd generation) (com.apple.CoreSimulator.SimDeviceType.iPad-Pro--12-9-inch---3rd-generation-)
iPad Pro (11-inch) (2nd generation) (com.apple.CoreSimulator.SimDeviceType.iPad-Pro--11-inch---2nd-generation-)
iPad Pro (12.9-inch) (4th generation) (com.apple.CoreSimulator.SimDeviceType.iPad-Pro--12-9-inch---4th-generation-)
iPad mini (5th generation) (com.apple.CoreSimulator.SimDeviceType.iPad-mini--5th-generation-)
iPad Air (3rd generation) (com.apple.CoreSimulator.SimDeviceType.iPad-Air--3rd-generation-)
iPad (8th generation) (com.apple.CoreSimulator.SimDeviceType.iPad--8th-generation-)
iPad Air (4th generation) (com.apple.CoreSimulator.SimDeviceType.iPad-Air--4th-generation-)
Apple TV (com.apple.CoreSimulator.SimDeviceType.Apple-TV-1080p)
Apple TV 4K (com.apple.CoreSimulator.SimDeviceType.Apple-TV-4K-4K)
Apple TV 4K (at 1080p) (com.apple.CoreSimulator.SimDeviceType.Apple-TV-4K-1080p)
Apple Watch - 38mm (com.apple.CoreSimulator.SimDeviceType.Apple-Watch-38mm)
Apple Watch - 42mm (com.apple.CoreSimulator.SimDeviceType.Apple-Watch-42mm)
Apple Watch Series 2 - 38mm (com.apple.CoreSimulator.SimDeviceType.Apple-Watch-Series-2-38mm)
Apple Watch Series 2 - 42mm (com.apple.CoreSimulator.SimDeviceType.Apple-Watch-Series-2-42mm)
Apple Watch Series 3 - 38mm (com.apple.CoreSimulator.SimDeviceType.Apple-Watch-Series-3-38mm)
Apple Watch Series 3 - 42mm (com.apple.CoreSimulator.SimDeviceType.Apple-Watch-Series-3-42mm)
Apple Watch Series 4 - 40mm (com.apple.CoreSimulator.SimDeviceType.Apple-Watch-Series-4-40mm)
Apple Watch Series 4 - 44mm (com.apple.CoreSimulator.SimDeviceType.Apple-Watch-Series-4-44mm)
Apple Watch Series 5 - 40mm (com.apple.CoreSimulator.SimDeviceType.Apple-Watch-Series-5-40mm)
Apple Watch Series 5 - 44mm (com.apple.CoreSimulator.SimDeviceType.Apple-Watch-Series-5-44mm)
Apple Watch SE - 40mm (com.apple.CoreSimulator.SimDeviceType.Apple-Watch-SE-40mm)
Apple Watch SE - 44mm (com.apple.CoreSimulator.SimDeviceType.Apple-Watch-SE-44mm)
Apple Watch Series 6 - 40mm (com.apple.CoreSimulator.SimDeviceType.Apple-Watch-Series-6-40mm)
Apple Watch Series 6 - 44mm (com.apple.CoreSimulator.SimDeviceType.Apple-Watch-Series-6-44mm)
== Runtimes ==
iOS 13.6 (13.6 - 17G64) - com.apple.CoreSimulator.SimRuntime.iOS-13-6
iOS 13.7 (13.7 - 17H22) - com.apple.CoreSimulator.SimRuntime.iOS-13-7
iOS 14.0 (14.0.1 - 18A394) - com.apple.CoreSimulator.SimRuntime.iOS-14-0
iOS 14.1 (14.1 - 18A8394) - com.apple.CoreSimulator.SimRuntime.iOS-14-1
iOS 14.2 (14.2 - 18B79) - com.apple.CoreSimulator.SimRuntime.iOS-14-2
tvOS 13.4 (13.4 - 17L255) - com.apple.CoreSimulator.SimRuntime.tvOS-13-4
tvOS 14.0 (14.0 - 18J383) - com.apple.CoreSimulator.SimRuntime.tvOS-14-0
tvOS 14.2 (14.2 - 18K54) - com.apple.CoreSimulator.SimRuntime.tvOS-14-2
watchOS 6.2 (6.2.1 - 17T531) - com.apple.CoreSimulator.SimRuntime.watchOS-6-2
watchOS 7.0 (7.0 - 18R382) - com.apple.CoreSimulator.SimRuntime.watchOS-7-0
watchOS 7.1 (7.1 - 18R579) - com.apple.CoreSimulator.SimRuntime.watchOS-7-1
== Devices ==
-- iOS 13.6 --
    iPhone 8 (DA71D102-09CB-472F-B82E-FB4FF2C61F1B) (Shutdown) 
    iPhone 8 Plus (B8154DEA-946B-49A9-B5AC-AD95E2C23ED4) (Shutdown) 
    iPhone 11 (A23B2550-3068-4458-8D1B-24A2B3A2B52C) (Shutdown) 
    iPhone 11 Pro (0304CBA8-1708-4455-836F-E32651245D0F) (Shutdown) 
    iPhone 11 Pro Max (9E688C6F-141F-4452-AB75-AF8274732E01) (Shutdown) 
    iPhone SE (2nd generation) (C04970F1-2AC8-40EF-9033-5C3E03E4B5D7) (Shutdown) 
    iPad Pro (9.7-inch) (E0D51F16-8DE9-4438-B198-8682AF0FCE2B) (Shutdown) 
    iPad (7th generation) (9BB40973-6EC8-46CE-89EA-A5B6EBAF385B) (Shutdown) 
    iPad Pro (11-inch) (2nd generation) (A39DC357-4176-44BE-9000-AC349876B60D) (Shutdown) 
    iPad Pro (12.9-inch) (4th generation) (6B1A90C5-EA7F-4A8C-8EB3-9920D174D120) (Shutdown) 
    iPad Air (3rd generation) (E7C38A3C-852B-43D8-8288-30AB6CFD59F3) (Shutdown) 
-- iOS 13.7 --
    iPhone 8 (C3F951C1-CEB4-421A-BB1E-91AE91EF59FC) (Shutdown) 
    iPhone 8 Plus (6E24D6E7-1B59-403C-8918-C1188DBB48DD) (Shutdown) 
    iPhone 11 (A677D632-F998-44B6-801D-0ABA399BF64D) (Shutdown) 
    iPhone 11 Pro (09B7F109-AE5E-4496-BC2D-A93221D8931A) (Shutdown) 
    iPhone 11 Pro Max (4C4E96C3-2F30-4BFA-BB20-4BE210514774) (Shutdown) 
    iPhone SE (2nd generation) (C5658E4B-0585-4F2A-A459-7D05BF179D1D) (Shutdown) 
    iPad Pro (9.7-inch) (DC96C780-02D9-4AEA-9D7C-87A7DA68181D) (Shutdown) 
    iPad (7th generation) (F0E05434-0B9B-4285-99EB-D935226CE03D) (Shutdown) 
    iPad Pro (11-inch) (2nd generation) (28B44A02-7440-4FFC-810C-7CBDED5A4FF7) (Shutdown) 
    iPad Pro (12.9-inch) (4th generation) (E2470DA2-E106-4094-8D9C-C037B34692A9) (Shutdown) 
    iPad Air (3rd generation) (DEC3A9CC-7AFB-4388-9DDB-AC0AC3177BC9) (Shutdown) 
-- iOS 14.0 --
    iPhone 8 (F39804A7-7DE9-4DF7-A175-51766DBC1707) (Shutdown) 
    iPhone 8 Plus (93D91C95-0D9F-4A74-8BFA-81BA8B7CB835) (Shutdown) 
    iPhone 11 (EB54BB98-9A74-4607-A523-79A286BE2227) (Shutdown) 
    iPhone 11 Pro (A72B828A-607F-4A8A-8DC8-8C52264D52B0) (Shutdown) 
    iPhone 11 Pro Max (8210DF20-6300-4B32-8A10-96F985C9E591) (Shutdown) 
    iPhone SE (2nd generation) (FC3519BB-50C5-4A00-8B9B-4BB49747E360) (Shutdown) 
    iPod touch (7th generation) (255A12C2-F746-41D2-97FE-FF76B1D1997B) (Shutdown) 
    iPad Pro (9.7-inch) (45D6D76C-67AB-48A0-8760-0DF2E8DEE763) (Shutdown) 
    iPad Pro (11-inch) (2nd generation) (F1B8E032-400F-4512-B9CC-60E4D298A15A) (Shutdown) 
    iPad Pro (12.9-inch) (4th generation) (AB406997-C3B3-4288-8ACC-BBDBD3350A8F) (Shutdown) 
    iPad (8th generation) (1E66458B-BC1A-43C8-A8D7-32F71FECC015) (Shutdown) 
    iPad Air (4th generation) (7C407D61-207F-4C84-81AB-765E92B61352) (Shutdown) 
-- iOS 14.1 --
    iPhone 8 (B12C4B1A-C11F-41CA-A936-20ACC2DED9EC) (Shutdown) 
    iPhone 8 Plus (08F873C2-94F2-414D-9776-E56837FA63A4) (Shutdown) 
    iPhone 11 (01C51EC6-4FED-4251-AD54-FE603B7FD743) (Shutdown) 
    iPhone 11 Pro (F5F0CA2D-8F4F-4055-A1E7-F05B571F9679) (Shutdown) 
    iPhone 11 Pro Max (918C8A52-AB74-4A09-AB85-C829FA634A13) (Shutdown) 
    iPhone SE (2nd generation) (479FE5B1-2842-4549-ADA6-95F251681738) (Shutdown) 
    iPhone 12 mini (7258D1C2-0DD3-4624-9DF0-19E69DBCECA3) (Shutdown) 
    iPhone 12 (BC8E88A8-CD4C-4B42-80EF-82FAC1AD46D3) (Shutdown) 
    iPhone 12 Pro (1B0E51C5-54C0-45EE-93F9-C759F70854D6) (Shutdown) 
    iPhone 12 Pro Max (D9B366E9-1CC0-49A3-BB21-0BB93525912F) (Shutdown) 
    iPod touch (7th generation) (3C04444B-6570-45C4-9729-A611B18F2DB7) (Shutdown) 
    iPad Pro (9.7-inch) (04E8C4AB-14DC-4ECE-B57F-0441B52B8D7C) (Shutdown) 
    iPad Pro (11-inch) (2nd generation) (332B4EE1-4EA6-434A-8D07-FDA33229752A) (Shutdown) 
    iPad Pro (12.9-inch) (4th generation) (320DC1B1-808E-491A-BA90-CF1924638C96) (Shutdown) 
    iPad (8th generation) (9A124889-C841-450F-B413-5E8D986E78B8) (Shutdown) 
    iPad Air (4th generation) (A2FAA6EA-0280-4FE3-B7BC-946F0E98969D) (Shutdown) 
-- iOS 14.2 --
    iPhone 8 (6B1FA7C9-2C28-4AA6-91D7-96FCCA200DAD) (Shutdown) 
    iPhone 8 Plus (4578688B-BD74-4DEA-AC73-181C2782907A) (Shutdown) 
    iPhone 11 (DEBEE144-18B7-4688-B26B-5669AFBD523B) (Shutdown) 
    iPhone 11 Pro (508FC606-E137-4998-AD04-580FDA47D9E6) (Shutdown) 
    iPhone 11 Pro Max (0D0CAE57-5D16-4259-BAF4-AC9B5A157498) (Shutdown) 
    iPhone SE (2nd generation) (310165EA-F853-40A4-AF49-082961B08483) (Shutdown) 
    iPhone 12 mini (E537DA1D-E24F-4C28-809A-73D19259985A) (Shutdown) 
    iPhone 12 (26C6A9A4-1C32-43B5-AF93-1A4B5C9C7908) (Shutdown) 
    iPhone 12 Pro (DA8E17EE-7F7F-45A9-9E8E-ED8015F59514) (Shutdown) 
    iPhone 12 Pro Max (317D0E22-4A56-4D09-9E3F-37E4BD58BB4E) (Shutdown) 
    iPod touch (7th generation) (10CEE7F8-5D4E-4410-88B8-8E99F6649B14) (Shutdown) 
    iPad Pro (9.7-inch) (2A82F024-2BF2-449E-8D31-FFB8CA313828) (Shutdown) 
    iPad Pro (11-inch) (2nd generation) (3F689BD8-1A4F-4516-92DB-FDC97681919C) (Shutdown) 
    iPad Pro (12.9-inch) (4th generation) (88D1FF73-9471-47F6-97A4-C06994D8DF05) (Shutdown) 
    iPad (8th generation) (3965EF22-3973-4FED-8FAC-9344892AD8D0) (Shutdown) 
    iPad Air (4th generation) (59CA74AC-F4FF-4FE9-B84F-25C62D9DE384) (Shutdown) 
-- tvOS 13.4 --
    Apple TV (7E9A340A-650A-463E-8713-FD4744CFF245) (Shutdown) 
    Apple TV 4K (85F1CA12-CF6C-4EA5-ABFA-E1F4D6019DA9) (Shutdown) 
    Apple TV 4K (at 1080p) (8209E2D4-96C5-4C4C-8663-BC784EFC9A54) (Shutdown) 
-- tvOS 14.0 --
    Apple TV (8BFEADBE-AAED-49DE-9FFE-5B3EA1B4FAA8) (Shutdown) 
    Apple TV 4K (030AC40F-B319-49E5-A74C-23F5C61F6A1C) (Shutdown) 
    Apple TV 4K (at 1080p) (6910E64E-FEC0-4A07-8945-D904DABE5343) (Shutdown) 
-- tvOS 14.2 --
    Apple TV (BE9EABE2-6BFC-4DDE-801E-C42DB7C67136) (Shutdown) 
    Apple TV 4K (3D9CD3F9-B8B5-47C1-9191-FF04F6258A7D) (Shutdown) 
    Apple TV 4K (at 1080p) (40745B8D-309D-4658-8903-955F05C6AD90) (Shutdown) 
-- watchOS 6.2 --
    Apple Watch Series 4 - 40mm (2F535276-D498-48CD-9E01-6AA452F659CB) (Shutdown) 
    Apple Watch Series 4 - 44mm (379131CB-4BB7-4384-A146-68E2BB1E7976) (Shutdown) 
    Apple Watch Series 5 - 40mm (732848B5-8CEA-4D5D-81D4-C2B8BD7B7248) (Shutdown) 
    Apple Watch Series 5 - 44mm (2A455B87-6869-4E41-AD49-498105A56253) (Shutdown) 
-- watchOS 7.0 --
    Apple Watch Series 5 - 40mm (90CCFCC0-2276-47F8-BE55-CE1C7DE16CD8) (Shutdown) 
    Apple Watch Series 5 - 44mm (06CF5A6F-9CA2-4CE6-A601-9850AA0D4AD8) (Shutdown) 
    Apple Watch Series 6 - 40mm (98AB54B6-29AD-46F9-AC56-B019B22A3F6A) (Shutdown) 
    Apple Watch Series 6 - 44mm (BF464487-197E-4245-BE91-98A805868F8D) (Shutdown) 
-- watchOS 7.1 --
    Apple Watch Series 5 - 40mm (3E486409-33B3-4190-B009-8A56F57078CB) (Shutdown) 
    Apple Watch Series 5 - 44mm (541E10FE-2E79-4B62-86F6-6A4D865A0287) (Shutdown) 
    Apple Watch Series 6 - 40mm (D8E34D18-98D3-45E2-B9DF-AD5606AA7995) (Shutdown) 
    Apple Watch Series 6 - 44mm (269571BE-6312-4FC3-AEAE-09EBEBE93191) (Shutdown) 
== Device Pairs ==
756B6A84-7BD6-4BEB-A924-BC1D6942BC3F (active, disconnected)
    Watch: Apple Watch Series 5 - 40mm (3E486409-33B3-4190-B009-8A56F57078CB) (Shutdown)
    Phone: iPhone 12 mini (E537DA1D-E24F-4C28-809A-73D19259985A) (Shutdown)
22AD4395-7572-4E79-81E1-1FEE4F5C20A1 (active, disconnected)
    Watch: Apple Watch Series 5 - 44mm (541E10FE-2E79-4B62-86F6-6A4D865A0287) (Shutdown)
    Phone: iPhone 12 (26C6A9A4-1C32-43B5-AF93-1A4B5C9C7908) (Shutdown)
B4BDEABF-098F-4BB1-9B4A-7BD97BEF1494 (active, disconnected)
    Watch: Apple Watch Series 6 - 40mm (D8E34D18-98D3-45E2-B9DF-AD5606AA7995) (Shutdown)
    Phone: iPhone 12 Pro (DA8E17EE-7F7F-45A9-9E8E-ED8015F59514) (Shutdown)
103085C8-15D2-4D54-95F9-2D5C01A94E3D (active, disconnected)
    Watch: Apple Watch Series 6 - 44mm (269571BE-6312-4FC3-AEAE-09EBEBE93191) (Shutdown)
    Phone: iPhone 12 Pro Max (317D0E22-4A56-4D09-9E3F-37E4BD58BB4E) (Shutdown)
========================================
=== OS X info =========================
* sw_vers
ProductName:	Mac OS X
ProductVersion:	10.15.7
BuildVersion:	19H15
* system_profiler SPSoftwareDataType
Software:
    System Software Overview:
      System Version: macOS 10.15.7 (19H15)
      Kernel Version: Darwin 19.6.0
      Boot Volume: Macintosh HD
      Boot Mode: Normal
      Computer Name: vm-osx-xcode-12.2.x-g2.4core-4b5ba357-2e77-4db8-b80f-8f8ae6b655d8
      User Name: vagrant (vagrant)
      Secure Virtual Memory: Enabled
      System Integrity Protection: Disabled
      Time since boot: 2 minutes
========================================
=== System infos =======================
* Free disk space:
    Filesystem         Size        Avail
  /dev/disk1s5        300Gi        164Gi
========================================
--- Android
* ANDROID_HOME (/usr/local/share/android-sdk) content:
add-ons
build-tools
cmdline-tools
emulator
extras
licenses
ndk-bundle
patcher
platform-tools
platforms
system-images
tools
* ANDROID_NDK_HOME (/usr/local/share/android-sdk/ndk-bundle) content:
CHANGELOG.md
NOTICE
NOTICE.toolchain
README.md
build
meta
ndk-build
ndk-gdb
ndk-stack
ndk-which
package.xml
platforms
prebuilt
python-packages
shader-tools
simpleperf
source.properties
sources
sysroot
toolchains
wrap.sh
* Android NDK Version:
Pkg.Desc = Android NDK
Pkg.Revision = 21.4.7075529
* platform-tools content:
NOTICE.txt
adb
dmtracedump
e2fsdroid
etc1tool
fastboot
hprof-conv
lib64
make_f2fs
make_f2fs_casefold
mke2fs
mke2fs.conf
package.xml
sload_f2fs
source.properties
sqlite3
systrace
* build-tools content:
17.0.0
19.1.0
21.1.2
22.0.1
23.0.3
24.0.3
25.0.3
26.0.1
26.0.2
27.0.0
27.0.1
27.0.2
27.0.3
28.0.0
28.0.1
28.0.2
28.0.3
29.0.0
29.0.1
29.0.2
29.0.3
30.0.0
30.0.1
30.0.2
30.0.3
* extras content:
/usr/local/share/android-sdk/extras
├── android
│   └── m2repository
├── google
│   ├── google_play_services
│   └── m2repository
└── m2repository
    └── com
7 directories, 0 files
* platforms content:
android-15
android-17
android-19
android-21
android-22
android-23
android-24
android-25
android-26
android-27
android-28
android-29
android-30
* system-images content:
/usr/local/share/android-sdk/system-images
├── android-26
│   └── google_apis
│       └── x86
├── android-28
│   └── google_apis
│       └── x86_64
├── android-29
│   └── google_apis
│       └── x86
└── android-30
    └── google_apis
        └── x86
12 directories, 0 files
========================================
 * SDK packages:
* Command line Tools version: 5.0
* Platform Tools version: 31.0.3
* Emulator version: 30.8.4
========================================
=== Android APK tools ==================
* aapt2:
Android Asset Packaging Tool (aapt) 2:19
========================================
=== Environment infos =======================
MATCH_KEYCHAIN_PASSWORD environment set
========================================
=== Control tests ======================
source $HOME/.bash_profile ...
source $HOME/.bash_profile - PASSED
========================================