 (i) Ignore Errors: disabled

#
# This System Report was generated by: https://github.com/bitrise-io/osx-box-bootstrap/blob/master/system_report.sh
#  Pull Requests are welcome!
#


=== Revision / ID ======================
* BITRISE_OSX_STACK_REV_ID: v2022_02_17_1
========================================


=== Pre-installed tool versions ========
* Go: go version go1.16.13 darwin/amd64
* Python: Python 2.7.16
* Node.js: v12.22.9
* NPM: 6.14.15
* Yarn: 1.22.17
* Java: openjdk version "11.0.11" 2021-04-20
OpenJDK Runtime Environment AdoptOpenJDK-11.0.11+9 (build 11.0.11+9)
OpenJDK 64-Bit Server VM AdoptOpenJDK-11.0.11+9 (build 11.0.11+9, mixed mode)
* Flutter: Flutter 1.26.0-17.8.pre • channel beta • https://github.com/flutter/flutter.git
* fvm: 2.2.6

* git: git version 2.35.0
* git lfs: git-lfs/3.0.2 (GitHub; darwin amd64; go 1.17.2)
* mercurial/hg: Mercurial Distributed SCM (version 6.0.1)
* curl: curl 7.64.1 (x86_64-apple-darwin20.0) libcurl/7.64.1 (SecureTransport) LibreSSL/2.8.3 zlib/1.2.11 nghttp2/1.41.0
* wget: GNU Wget 1.21.2 built on darwin20.4.0.
* rsync: rsync  version 2.6.9  protocol version 29
* unzip: UnZip 6.00 of 20 April 2009, by Info-ZIP.  Maintained by C. Spieler.  Send
* zip: This is Zip 3.0 (July 5th 2008), by Info-ZIP.
* tar: bsdtar 3.3.2 - libarchive 3.3.2 zlib/1.2.11 liblzma/5.0.5 bz2lib/1.0.6
* tree: tree v2.0.1 (c) 1996 - 2022 by Steve Baker, Thomas Moore, Francesc Rocher, Florian Sesser, Kyosuke Tokoro 

* brew: Homebrew 3.3.15
Homebrew/homebrew-core (git revision bbe35f82db9; last commit 2022-01-28)
Homebrew/homebrew-cask (git revision 17b2ffd96d; last commit 2022-01-28)
* Ansible: ansible [core 2.12.1]
  config file = /Users/vagrant/git/ansible.cfg
  configured module search path = ['/Users/vagrant/.ansible/plugins/modules', '/usr/share/ansible/plugins/modules']
  ansible python module location = /usr/local/Cellar/ansible/5.2.0/libexec/lib/python3.10/site-packages/ansible
  ansible collection location = /Users/vagrant/.ansible/collections:/usr/share/ansible/collections
  executable location = /usr/local/bin/ansible
* gtimeout: timeout (GNU coreutils) 9.0
* watchman: 2022.01.24.00
* flow: Flow, a static type checker for JavaScript, version 0.170.0
* carthage: 0.38.0
* imagemagick (convert): Version: ImageMagick 7.1.0-20 Q16-HDRI x86_64 2022-01-22 https://imagemagick.org
* ghostscript (ps2ascii): 9.55.0
* screen: Screen version 4.08.00 (GNU) 05-Feb-20
* firebase: 10.2.0
* applesimutils version 0.9.5
* jq: 1.6
* Version: 0.8.1
* XCLogParser 0.2.21
* Screen 4.08.00
* applesimutils 0.9.5
* OpenConnect version v8.10
* aws-cli: aws-cli/2.4.15 Python/3.9.10 Darwin/20.6.0 source/x86_64 prompt/off
* cmake: 3.22.2
* danger-swift: 3.12.3
[0;0m
* OpenVPN 2.5.5 x86_64-apple-darwin20.6.0 [SSL (OpenSSL)] [LZO] [LZ4] [PKCS11] [MH/RECVDA] [AEAD] built on Dec 15 2021

--- Bitrise CLI tool versions
* bitrise: 1.48.0
* stepman: 0.13.1
* envman: 2.3.3
* cmd-bridge: 0.9.5
========================================


=== Brew list versions ==================
ansible 5.2.0
ant 1.10.12
aom 3.2.0_2
applesimutils 0.9.5
autoconf 2.71
awscli 2.4.15
bdw-gc 8.0.6
boost 1.76.0
brotli 1.0.9
c-ares 1.18.1_1
ca-certificates 2021-10-26
carthage 0.38.0
cmake 3.22.2
coreutils 9.0
danger-js 11.0.2
danger-swift 3.12.3
dart 2.16.1
docbook 5.1_1
docbook-xsl 1.79.2_1
double-conversion 3.2.0
flow 0.170.0
fmt 8.1.1_1
folly 2022.01.24.00
fontconfig 2.13.1
freetype 2.11.1
fvm 2.2.6
gdbm 1.22
gettext 0.21
gflags 2.2.2
ghostscript 9.55.0
giflib 5.2.1
git 2.35.0
git-lfs 3.0.2
glib 2.70.3
glog 0.5.0
gmp 6.2.1_1
gnu-getopt 2.37.3
gnupg 2.3.4
gnutls 3.6.16_1
go@1.16 1.16.13
gradle 7.3.3
guile 3.0.7_2
icu4c 69.1
imagemagick 7.1.0-20
imath 3.1.4
jbig2dec 0.19
jenv 0.5.4
jpeg 9e
jpeg-xl 0.6.1
jq 1.6
libassuan 2.5.5
libde265 1.0.8
libevent 2.1.12
libffi 3.4.2
libgcrypt 1.9.4_1
libgpg-error 1.44
libheif 1.12.0_1
libidn 1.38
libidn2 2.3.2
libksba 1.6.0
liblqr 0.4.2_1
libnghttp2 1.46.0
libomp 13.0.0
libpng 1.6.37
libtasn1 4.18.0
libtiff 4.3.0
libtool 2.4.6_4
libunistring 1.0
libusb 1.0.24
libuv 1.43.0
libvmaf 2.3.0_1
libyaml 0.2.5
little-cms2 2.12
lz4 1.9.3
lzo 2.10
m4 1.4.19
macos-term-size 1.0.0
maven 3.8.4
mercurial 6.0.1
mpdecimal 2.5.1
nettle 3.7.3
node@12 12.22.9
npth 1.6
oniguruma 6.9.7.1
openconnect 8.10
openexr 3.1.4
openjpeg 2.4.0
openssl@1.1 1.1.1m
openvpn 2.5.5
p11-kit 0.24.1
pcre 8.45
pcre2 10.39
pinentry 1.2.0
pkcs11-helper 1.28.0
pkg-config 0.29.2_3
python@3.10 3.10.1
python@3.9 3.9.10
rbenv 1.2.0
readline 8.1.2
ruby-build 20220125
screen 4.8.0
shared-mime-info 2.1
six 1.16.0_2
snappy 1.1.9
sqlite 3.37.2
stoken 0.92_1
swiftlint 0.46.2
tree 2.0.1
unbound 1.13.2_1
watchman 2022.01.24.00
webp 1.2.2
wget 1.21.2
x265 3.5
xmlto 0.0.28
xz 5.2.5
yarn 1.22.17_2
zstd 1.5.2
========================================


=== Brew deps tree ==================
adoptopenjdk/openjdk/adoptopenjdk11

adoptopenjdk/openjdk/adoptopenjdk8

ansible
├── libyaml
├── openssl@1.1
│   └── ca-certificates
├── python@3.10
│   ├── gdbm
│   ├── mpdecimal
│   ├── openssl@1.1
│   │   └── ca-certificates
│   ├── readline
│   ├── sqlite
│   │   └── readline
│   └── xz
└── six

ant
└── openjdk

aom
├── jpeg-xl
│   ├── brotli
│   ├── giflib
│   ├── imath
│   ├── jpeg
│   ├── libpng
│   ├── openexr
│   │   └── imath
│   └── webp
│       ├── giflib
│       ├── jpeg
│       ├── libpng
│       └── libtiff
│           └── jpeg
└── libvmaf

wix/brew/applesimutils

autoconf
└── m4

awscli
├── python@3.9
│   ├── gdbm
│   ├── mpdecimal
│   ├── openssl@1.1
│   │   └── ca-certificates
│   ├── readline
│   ├── sqlite
│   │   └── readline
│   └── xz
└── six

bdw-gc

boost
└── icu4c

brotli

c-ares

ca-certificates

carthage

cmake

coreutils
└── gmp

danger/tap/danger-js

danger/tap/danger-swift
└── danger/tap/danger-js

dart-lang/dart/dart

docbook

docbook-xsl
└── docbook

double-conversion

flow

fmt

folly
├── boost
│   └── icu4c
├── double-conversion
├── fmt
├── gflags
├── glog
│   └── gflags
├── libevent
│   └── openssl@1.1
│       └── ca-certificates
├── lz4
├── openssl@1.1
│   └── ca-certificates
├── snappy
├── xz
└── zstd

fontconfig
└── freetype
    └── libpng

freetype
└── libpng

leoafarias/fvm/fvm

gdbm

gettext

gflags

ghostscript
├── fontconfig
│   └── freetype
│       └── libpng
├── freetype
│   └── libpng
├── jbig2dec
├── jpeg
├── libidn
├── libpng
├── libtiff
│   └── jpeg
├── little-cms2
│   ├── jpeg
│   └── libtiff
│       └── jpeg
└── openjpeg
    ├── libpng
    ├── libtiff
    │   └── jpeg
    └── little-cms2
        ├── jpeg
        └── libtiff
            └── jpeg

giflib

git
├── gettext
└── pcre2

git-lfs

glib
├── gettext
├── libffi
├── pcre
└── python@3.9
    ├── gdbm
    ├── mpdecimal
    ├── openssl@1.1
    │   └── ca-certificates
    ├── readline
    ├── sqlite
    │   └── readline
    └── xz

glog
└── gflags

gmp

gnu-getopt

gnupg
├── gettext
├── gnutls
│   ├── ca-certificates
│   ├── gmp
│   ├── guile
│   │   ├── bdw-gc
│   │   ├── gmp
│   │   ├── libffi
│   │   ├── libtool
│   │   │   └── m4
│   │   ├── libunistring
│   │   ├── pkg-config
│   │   └── readline
│   ├── libidn2
│   │   ├── gettext
│   │   └── libunistring
│   ├── libtasn1
│   ├── libunistring
│   ├── nettle
│   │   └── gmp
│   ├── p11-kit
│   │   ├── ca-certificates
│   │   ├── libffi
│   │   └── libtasn1
│   └── unbound
│       ├── libevent
│       │   └── openssl@1.1
│       │       └── ca-certificates
│       ├── libnghttp2
│       └── openssl@1.1
│           └── ca-certificates
├── libassuan
│   └── libgpg-error
├── libgcrypt
│   └── libgpg-error
├── libgpg-error
├── libksba
│   └── libgpg-error
├── libusb
├── npth
└── pinentry
    ├── libassuan
    │   └── libgpg-error
    └── libgpg-error

gnutls
├── ca-certificates
├── gmp
├── guile
│   ├── bdw-gc
│   ├── gmp
│   ├── libffi
│   ├── libtool
│   │   └── m4
│   ├── libunistring
│   ├── pkg-config
│   └── readline
├── libidn2
│   ├── gettext
│   └── libunistring
├── libtasn1
├── libunistring
├── nettle
│   └── gmp
├── p11-kit
│   ├── ca-certificates
│   ├── libffi
│   └── libtasn1
└── unbound
    ├── libevent
    │   └── openssl@1.1
    │       └── ca-certificates
    ├── libnghttp2
    └── openssl@1.1
        └── ca-certificates

go@1.16

gradle
└── openjdk

guile
├── bdw-gc
├── gmp
├── libffi
├── libtool
│   └── m4
├── libunistring
├── pkg-config
└── readline

icu4c

imagemagick
├── freetype
│   └── libpng
├── ghostscript
│   ├── fontconfig
│   │   └── freetype
│   │       └── libpng
│   ├── freetype
│   │   └── libpng
│   ├── jbig2dec
│   ├── jpeg
│   ├── libidn
│   ├── libpng
│   ├── libtiff
│   │   └── jpeg
│   ├── little-cms2
│   │   ├── jpeg
│   │   └── libtiff
│   │       └── jpeg
│   └── openjpeg
│       ├── libpng
│       ├── libtiff
│       │   └── jpeg
│       └── little-cms2
│           ├── jpeg
│           └── libtiff
│               └── jpeg
├── jpeg
├── libheif
│   ├── aom
│   │   ├── jpeg-xl
│   │   │   ├── brotli
│   │   │   ├── giflib
│   │   │   ├── imath
│   │   │   ├── jpeg
│   │   │   ├── libpng
│   │   │   ├── openexr
│   │   │   │   └── imath
│   │   │   └── webp
│   │   │       ├── giflib
│   │   │       ├── jpeg
│   │   │       ├── libpng
│   │   │       └── libtiff
│   │   │           └── jpeg
│   │   └── libvmaf
│   ├── jpeg
│   ├── libde265
│   ├── libpng
│   ├── shared-mime-info
│   │   ├── gettext
│   │   ├── glib
│   │   │   ├── gettext
│   │   │   ├── libffi
│   │   │   ├── pcre
│   │   │   └── python@3.9
│   │   │       ├── gdbm
│   │   │       ├── mpdecimal
│   │   │       ├── openssl@1.1
│   │   │       │   └── ca-certificates
│   │   │       ├── readline
│   │   │       ├── sqlite
│   │   │       │   └── readline
│   │   │       └── xz
│   │   └── xmlto
│   │       ├── docbook
│   │       ├── docbook-xsl
│   │       │   └── docbook
│   │       └── gnu-getopt
│   └── x265
├── liblqr
│   └── glib
│       ├── gettext
│       ├── libffi
│       ├── pcre
│       └── python@3.9
│           ├── gdbm
│           ├── mpdecimal
│           ├── openssl@1.1
│           │   └── ca-certificates
│           ├── readline
│           ├── sqlite
│           │   └── readline
│           └── xz
├── libomp
├── libpng
├── libtiff
│   └── jpeg
├── libtool
│   └── m4
├── little-cms2
│   ├── jpeg
│   └── libtiff
│       └── jpeg
├── openexr
│   └── imath
├── openjpeg
│   ├── libpng
│   ├── libtiff
│   │   └── jpeg
│   └── little-cms2
│       ├── jpeg
│       └── libtiff
│           └── jpeg
├── webp
│   ├── giflib
│   ├── jpeg
│   ├── libpng
│   └── libtiff
│       └── jpeg
└── xz

imath

intel-haxm

jbig2dec

jenv

jpeg

jpeg-xl
├── brotli
├── giflib
├── imath
├── jpeg
├── libpng
├── openexr
│   └── imath
└── webp
    ├── giflib
    ├── jpeg
    ├── libpng
    └── libtiff
        └── jpeg

jq
└── oniguruma

libassuan
└── libgpg-error

libde265

libevent
└── openssl@1.1
    └── ca-certificates

libffi

libgcrypt
└── libgpg-error

libgpg-error

libheif
├── aom
│   ├── jpeg-xl
│   │   ├── brotli
│   │   ├── giflib
│   │   ├── imath
│   │   ├── jpeg
│   │   ├── libpng
│   │   ├── openexr
│   │   │   └── imath
│   │   └── webp
│   │       ├── giflib
│   │       ├── jpeg
│   │       ├── libpng
│   │       └── libtiff
│   │           └── jpeg
│   └── libvmaf
├── jpeg
├── libde265
├── libpng
├── shared-mime-info
│   ├── gettext
│   ├── glib
│   │   ├── gettext
│   │   ├── libffi
│   │   ├── pcre
│   │   └── python@3.9
│   │       ├── gdbm
│   │       ├── mpdecimal
│   │       ├── openssl@1.1
│   │       │   └── ca-certificates
│   │       ├── readline
│   │       ├── sqlite
│   │       │   └── readline
│   │       └── xz
│   └── xmlto
│       ├── docbook
│       ├── docbook-xsl
│       │   └── docbook
│       └── gnu-getopt
└── x265

libidn

libidn2
├── gettext
└── libunistring

libksba
└── libgpg-error

liblqr
└── glib
    ├── gettext
    ├── libffi
    ├── pcre
    └── python@3.9
        ├── gdbm
        ├── mpdecimal
        ├── openssl@1.1
        │   └── ca-certificates
        ├── readline
        ├── sqlite
        │   └── readline
        └── xz

libnghttp2

libomp

libpng

libtasn1

libtiff
└── jpeg

libtool
└── m4

libunistring

libusb

libuv

libvmaf

libyaml

little-cms2
├── jpeg
└── libtiff
    └── jpeg

lz4

lzo

m4

macos-term-size

maven
└── openjdk

mercurial
└── python@3.10
    ├── gdbm
    ├── mpdecimal
    ├── openssl@1.1
    │   └── ca-certificates
    ├── readline
    ├── sqlite
    │   └── readline
    └── xz

mpdecimal

nettle
└── gmp

node@12
├── brotli
├── c-ares
├── icu4c
├── libnghttp2
├── libuv
├── openssl@1.1
│   └── ca-certificates
└── macos-term-size

npth

oniguruma

openconnect
├── gettext
├── gnutls
│   ├── ca-certificates
│   ├── gmp
│   ├── guile
│   │   ├── bdw-gc
│   │   ├── gmp
│   │   ├── libffi
│   │   ├── libtool
│   │   │   └── m4
│   │   ├── libunistring
│   │   ├── pkg-config
│   │   └── readline
│   ├── libidn2
│   │   ├── gettext
│   │   └── libunistring
│   ├── libtasn1
│   ├── libunistring
│   ├── nettle
│   │   └── gmp
│   ├── p11-kit
│   │   ├── ca-certificates
│   │   ├── libffi
│   │   └── libtasn1
│   └── unbound
│       ├── libevent
│       │   └── openssl@1.1
│       │       └── ca-certificates
│       ├── libnghttp2
│       └── openssl@1.1
│           └── ca-certificates
└── stoken
    └── nettle
        └── gmp

openexr
└── imath

openjpeg
├── libpng
├── libtiff
│   └── jpeg
└── little-cms2
    ├── jpeg
    └── libtiff
        └── jpeg

openssl@1.1
└── ca-certificates

openvpn
├── lz4
├── lzo
├── openssl@1.1
│   └── ca-certificates
└── pkcs11-helper
    └── openssl@1.1
        └── ca-certificates

p11-kit
├── ca-certificates
├── libffi
└── libtasn1

pcre

pcre2

pinentry
├── libassuan
│   └── libgpg-error
└── libgpg-error

pkcs11-helper
└── openssl@1.1
    └── ca-certificates

pkg-config

python@3.10
├── gdbm
├── mpdecimal
├── openssl@1.1
│   └── ca-certificates
├── readline
├── sqlite
│   └── readline
└── xz

python@3.9
├── gdbm
├── mpdecimal
├── openssl@1.1
│   └── ca-certificates
├── readline
├── sqlite
│   └── readline
└── xz

rbenv
└── ruby-build
    ├── autoconf
    │   └── m4
    ├── pkg-config
    └── readline

readline

ruby-build
├── autoconf
│   └── m4
├── pkg-config
└── readline

screen

shared-mime-info
├── gettext
├── glib
│   ├── gettext
│   ├── libffi
│   ├── pcre
│   └── python@3.9
│       ├── gdbm
│       ├── mpdecimal
│       ├── openssl@1.1
│       │   └── ca-certificates
│       ├── readline
│       ├── sqlite
│       │   └── readline
│       └── xz
└── xmlto
    ├── docbook
    ├── docbook-xsl
    │   └── docbook
    └── gnu-getopt

six

snappy

sqlite
└── readline

stoken
└── nettle
    └── gmp

swiftlint

tree

unbound
├── libevent
│   └── openssl@1.1
│       └── ca-certificates
├── libnghttp2
└── openssl@1.1
    └── ca-certificates

watchman
├── boost
│   └── icu4c
├── fmt
├── folly
│   ├── boost
│   │   └── icu4c
│   ├── double-conversion
│   ├── fmt
│   ├── gflags
│   ├── glog
│   │   └── gflags
│   ├── libevent
│   │   └── openssl@1.1
│   │       └── ca-certificates
│   ├── lz4
│   ├── openssl@1.1
│   │   └── ca-certificates
│   ├── snappy
│   ├── xz
│   └── zstd
├── gflags
├── glog
│   └── gflags
├── libevent
│   └── openssl@1.1
│       └── ca-certificates
├── openssl@1.1
│   └── ca-certificates
├── pcre
└── python@3.10
    ├── gdbm
    ├── mpdecimal
    ├── openssl@1.1
    │   └── ca-certificates
    ├── readline
    ├── sqlite
    │   └── readline
    └── xz

webp
├── giflib
├── jpeg
├── libpng
└── libtiff
    └── jpeg

wget
├── libidn2
│   ├── gettext
│   └── libunistring
└── openssl@1.1
    └── ca-certificates

x265

xmlto
├── docbook
├── docbook-xsl
│   └── docbook
└── gnu-getopt

xz

yarn

zstd

========================================


=== Ruby and rubygems ==================
* Ruby (default): ruby 2.6.5p114 (2019-10-01 revision 67812) [x86_64-darwin20]
--- Available ruby versions ---
  system
  2.4.5
  2.5.3
* 2.6.5 (set by /Users/vagrant/.rbenv/version)
  2.7.2
  3.0.0
-------------------------------
* rbenv: 1.2.0
* Rubygems: 3.0.3
* Bundler: Bundler version 2.1.4
* CocoaPods: 1.11.2
* xcpretty: 0.3.0
========================================


=== All Ruby GEMs ======================
activesupport (6.1.4.6)
addressable (2.8.0)
algoliasearch (1.27.5)
artifactory (3.0.15)
atomos (0.1.3)
aws-eventstream (1.2.0)
aws-partitions (1.554.0)
aws-sdk-core (3.126.2)
aws-sdk-kms (1.54.0)
aws-sdk-s3 (1.112.0)
aws-sigv4 (1.4.0)
babosa (1.0.4)
bigdecimal (default: 1.4.1)
bundler (2.1.4, default: 1.17.2)
CFPropertyList (3.0.5)
claide (1.0.3)
clamp (1.3.2)
cmath (default: 1.0.0)
cocoapods (1.11.2)
cocoapods-core (1.11.2)
cocoapods-deintegrate (1.0.5)
cocoapods-downloader (1.5.1)
cocoapods-plugins (1.0.0)
cocoapods-search (1.0.1)
cocoapods-trunk (1.6.0)
cocoapods-try (1.2.0)
colored (1.2)
colored2 (3.1.2)
commander (4.6.0)
concurrent-ruby (1.1.9)
csv (default: 3.0.9)
date (default: 2.0.0)
dbm (default: 1.0.0)
declarative (0.0.20)
did_you_mean (1.3.0)
digest-crc (0.6.4)
domain_name (0.5.20190701)
dotenv (2.7.6)
e2mmap (default: 0.1.0)
emoji_regex (3.2.3)
escape (0.0.4)
etc (default: 1.0.1)
ethon (0.15.0)
excon (0.91.0)
faraday (1.10.0)
faraday-cookie_jar (0.0.7)
faraday-em_http (1.0.0)
faraday-em_synchrony (1.0.0)
faraday-excon (1.1.0)
faraday-httpclient (1.0.1)
faraday-multipart (1.0.3)
faraday-net_http (1.0.1)
faraday-net_http_persistent (1.2.0)
faraday-patron (1.0.0)
faraday-rack (1.0.0)
faraday-retry (1.0.3)
faraday_middleware (1.2.0)
fastimage (2.2.6)
fastlane (2.204.3, 2.192.0)
fcntl (default: 1.0.0)
ffi (1.15.5)
fiddle (default: 1.0.0)
fileutils (default: 1.1.0)
forwardable (default: 1.2.0)
fourflusher (2.3.1)
fuzzy_match (2.0.4)
gh_inspector (1.1.3)
google-apis-androidpublisher_v3 (0.16.0)
google-apis-core (0.4.2)
google-apis-iamcredentials_v1 (0.10.0)
google-apis-playcustomapp_v1 (0.7.0)
google-apis-storage_v1 (0.11.0)
google-cloud-core (1.6.0)
google-cloud-env (1.5.0)
google-cloud-errors (1.2.0)
google-cloud-storage (1.36.1)
googleauth (1.1.1)
highline (2.0.3)
http-cookie (1.0.4)
httpclient (2.8.3)
i18n (1.10.0)
io-console (default: 0.4.7)
ipaddr (default: 1.2.2)
irb (default: 1.0.0)
jazzy (0.13.6)
jmespath (1.6.0)
json (default: 2.1.0)
jwt (2.3.0)
liferaft (0.0.6)
logger (default: 1.3.0)
matrix (default: 0.1.0)
memoist (0.16.2)
mini_magick (4.11.0)
mini_mime (1.1.2)
minitest (5.11.3)
molinillo (0.8.0)
multi_json (1.15.0)
multipart-post (2.0.0)
mustache (1.1.1)
mutex_m (default: 0.1.0)
nanaimo (0.3.0)
nap (1.1.0)
naturally (2.2.1)
net-telnet (0.2.0)
netrc (0.11.0)
nokogiri (1.13.1 x86_64-darwin)
open4 (1.3.4)
openssl (default: 2.1.2)
optparse (0.1.1)
os (1.1.4)
ostruct (default: 0.1.0)
plist (3.6.0)
power_assert (1.1.3)
prime (default: 0.1.0)
psych (default: 3.1.0)
public_suffix (4.0.6)
racc (1.6.0)
rake (12.3.2)
rdoc (default: 6.1.2)
redcarpet (3.5.1)
representable (3.1.1)
retriable (3.1.2)
rexml (3.2.5, default: 3.1.9)
rouge (2.0.7)
rss (default: 0.2.7)
ruby-macho (2.5.1)
ruby2_keywords (0.0.5)
rubyzip (2.3.2)
sassc (2.4.0)
scanf (default: 1.0.0)
sdbm (default: 1.0.0)
security (0.1.3)
shell (default: 0.7)
signet (0.16.0)
simctl (1.6.8)
slack-notifier (2.4.0)
slather (2.5.0)
sqlite3 (1.4.2)
stringio (default: 0.0.2)
strscan (default: 1.0.0)
sync (default: 0.5.0)
terminal-notifier (2.0.0)
terminal-table (1.8.0)
test-unit (3.2.9)
thwait (default: 0.1.0)
tracer (default: 0.1.0)
trailblazer-option (0.1.2)
trainer (0.9.1)
tty-cursor (0.7.1)
tty-screen (0.8.1)
tty-spinner (0.9.3)
typhoeus (1.4.0)
tzinfo (2.0.4)
uber (0.1.0)
unf (0.1.4)
unf_ext (0.0.8)
unicode-display_width (1.8.0)
webrick (default: 1.4.2)
word_wrap (1.0.0)
xcinvoke (0.3.0)
xcode-install (2.8.0)
xcodeproj (1.21.0)
xcov (1.7.5)
xcpretty (0.3.0)
xcpretty-json-formatter (0.1.1)
xcpretty-travis-formatter (1.0.1)
xcresult (0.2.1)
xmlrpc (0.3.0)
zeitwerk (2.5.4)
zlib (default: 1.0.0)
========================================


=== NPM global packages ==========================
* Cordova: 10.0.0 (cordova-lib@10.1.0)
* Ionic: 6.11.12
* Appcenter-CLI version: 2.9.0
========================================


=== Checking Xcode CLT dirs ============

 ls -1 /Library/Developer/CommandLineTools/SDKs/MacOSX.sdk/usr/include/CommonCrypto
CommonCrypto.h
CommonCryptoError.h
CommonCryptor.h
CommonDigest.h
CommonHMAC.h
CommonKeyDerivation.h
CommonRandom.h
CommonSymmetricKeywrap.h
module.modulemap

 * ls -1 /Library/Developer/CommandLineTools/
Library
SDKs
usr

 * /Library/Developer/CommandLineTools/usr/bin/swift --version
Apple Swift version 5.5.2 (swiftlang-1300.0.47.5 clang-1300.0.29.30)
Target: x86_64-apple-darwin20.6.0

========================================


=== Xcode ==============================

* Active Xcode Command Line Tools:
/Applications/Xcode-12.5.1.app/Contents/Developer

* Xcode Version:
Xcode 12.5.1
Build version 12E507

* /usr/bin/swift --version
Apple Swift version 5.4.2 (swiftlang-1205.0.28.2 clang-1205.0.19.57)
Target: x86_64-apple-darwin20.6.0

* Installed SDKs:
iOS SDKs:
	iOS 14.5                      	-sdk iphoneos14.5

iOS Simulator SDKs:
	Simulator - iOS 14.5          	-sdk iphonesimulator14.5

macOS SDKs:
	DriverKit 20.4                	-sdk driverkit.macosx20.4
	macOS 11.3                    	-sdk macosx11.3

tvOS SDKs:
	tvOS 14.5                     	-sdk appletvos14.5

tvOS Simulator SDKs:
	Simulator - tvOS 14.5         	-sdk appletvsimulator14.5

watchOS SDKs:
	watchOS 7.4                   	-sdk watchos7.4

watchOS Simulator SDKs:
	Simulator - watchOS 7.4       	-sdk watchsimulator7.4


* Available Simulators:
== Device Types ==
iPhone 4s (com.apple.CoreSimulator.SimDeviceType.iPhone-4s)
iPhone 5 (com.apple.CoreSimulator.SimDeviceType.iPhone-5)
iPhone 5s (com.apple.CoreSimulator.SimDeviceType.iPhone-5s)
iPhone 6 Plus (com.apple.CoreSimulator.SimDeviceType.iPhone-6-Plus)
iPhone 6 (com.apple.CoreSimulator.SimDeviceType.iPhone-6)
iPhone 6s (com.apple.CoreSimulator.SimDeviceType.iPhone-6s)
iPhone 6s Plus (com.apple.CoreSimulator.SimDeviceType.iPhone-6s-Plus)
iPhone SE (1st generation) (com.apple.CoreSimulator.SimDeviceType.iPhone-SE)
iPhone 7 (com.apple.CoreSimulator.SimDeviceType.iPhone-7)
iPhone 7 Plus (com.apple.CoreSimulator.SimDeviceType.iPhone-7-Plus)
iPhone 8 (com.apple.CoreSimulator.SimDeviceType.iPhone-8)
iPhone 8 Plus (com.apple.CoreSimulator.SimDeviceType.iPhone-8-Plus)
iPhone X (com.apple.CoreSimulator.SimDeviceType.iPhone-X)
iPhone Xs (com.apple.CoreSimulator.SimDeviceType.iPhone-XS)
iPhone Xs Max (com.apple.CoreSimulator.SimDeviceType.iPhone-XS-Max)
iPhone Xʀ (com.apple.CoreSimulator.SimDeviceType.iPhone-XR)
iPhone 11 (com.apple.CoreSimulator.SimDeviceType.iPhone-11)
iPhone 11 Pro (com.apple.CoreSimulator.SimDeviceType.iPhone-11-Pro)
iPhone 11 Pro Max (com.apple.CoreSimulator.SimDeviceType.iPhone-11-Pro-Max)
iPhone SE (2nd generation) (com.apple.CoreSimulator.SimDeviceType.iPhone-SE--2nd-generation-)
iPhone 12 mini (com.apple.CoreSimulator.SimDeviceType.iPhone-12-mini)
iPhone 12 (com.apple.CoreSimulator.SimDeviceType.iPhone-12)
iPhone 12 Pro (com.apple.CoreSimulator.SimDeviceType.iPhone-12-Pro)
iPhone 12 Pro Max (com.apple.CoreSimulator.SimDeviceType.iPhone-12-Pro-Max)
iPod touch (7th generation) (com.apple.CoreSimulator.SimDeviceType.iPod-touch--7th-generation-)
iPad 2 (com.apple.CoreSimulator.SimDeviceType.iPad-2)
iPad Retina (com.apple.CoreSimulator.SimDeviceType.iPad-Retina)
iPad Air (com.apple.CoreSimulator.SimDeviceType.iPad-Air)
iPad mini 2 (com.apple.CoreSimulator.SimDeviceType.iPad-mini-2)
iPad mini 3 (com.apple.CoreSimulator.SimDeviceType.iPad-mini-3)
iPad mini 4 (com.apple.CoreSimulator.SimDeviceType.iPad-mini-4)
iPad Air 2 (com.apple.CoreSimulator.SimDeviceType.iPad-Air-2)
iPad Pro (9.7-inch) (com.apple.CoreSimulator.SimDeviceType.iPad-Pro--9-7-inch-)
iPad Pro (12.9-inch) (1st generation) (com.apple.CoreSimulator.SimDeviceType.iPad-Pro)
iPad (5th generation) (com.apple.CoreSimulator.SimDeviceType.iPad--5th-generation-)
iPad Pro (12.9-inch) (2nd generation) (com.apple.CoreSimulator.SimDeviceType.iPad-Pro--12-9-inch---2nd-generation-)
iPad Pro (10.5-inch) (com.apple.CoreSimulator.SimDeviceType.iPad-Pro--10-5-inch-)
iPad (6th generation) (com.apple.CoreSimulator.SimDeviceType.iPad--6th-generation-)
iPad (7th generation) (com.apple.CoreSimulator.SimDeviceType.iPad--7th-generation-)
iPad Pro (11-inch) (1st generation) (com.apple.CoreSimulator.SimDeviceType.iPad-Pro--11-inch-)
iPad Pro (12.9-inch) (3rd generation) (com.apple.CoreSimulator.SimDeviceType.iPad-Pro--12-9-inch---3rd-generation-)
iPad Pro (11-inch) (2nd generation) (com.apple.CoreSimulator.SimDeviceType.iPad-Pro--11-inch---2nd-generation-)
iPad Pro (12.9-inch) (4th generation) (com.apple.CoreSimulator.SimDeviceType.iPad-Pro--12-9-inch---4th-generation-)
iPad mini (5th generation) (com.apple.CoreSimulator.SimDeviceType.iPad-mini--5th-generation-)
iPad Air (3rd generation) (com.apple.CoreSimulator.SimDeviceType.iPad-Air--3rd-generation-)
iPad (8th generation) (com.apple.CoreSimulator.SimDeviceType.iPad--8th-generation-)
iPad Air (4th generation) (com.apple.CoreSimulator.SimDeviceType.iPad-Air--4th-generation-)
iPad Pro (11-inch) (3rd generation) (com.apple.CoreSimulator.SimDeviceType.iPad-Pro-11-inch-3rd-generation)
iPad Pro (12.9-inch) (5th generation) (com.apple.CoreSimulator.SimDeviceType.iPad-Pro-12-9-inch-5th-generation)
Apple TV (com.apple.CoreSimulator.SimDeviceType.Apple-TV-1080p)
Apple TV 4K (com.apple.CoreSimulator.SimDeviceType.Apple-TV-4K-4K)
Apple TV 4K (at 1080p) (com.apple.CoreSimulator.SimDeviceType.Apple-TV-4K-1080p)
Apple TV 4K (2nd generation) (com.apple.CoreSimulator.SimDeviceType.Apple-TV-4K-2nd-generation-4K)
Apple TV 4K (at 1080p) (2nd generation) (com.apple.CoreSimulator.SimDeviceType.Apple-TV-4K-2nd-generation-1080p)
Apple Watch - 38mm (com.apple.CoreSimulator.SimDeviceType.Apple-Watch-38mm)
Apple Watch - 42mm (com.apple.CoreSimulator.SimDeviceType.Apple-Watch-42mm)
Apple Watch Series 2 - 38mm (com.apple.CoreSimulator.SimDeviceType.Apple-Watch-Series-2-38mm)
Apple Watch Series 2 - 42mm (com.apple.CoreSimulator.SimDeviceType.Apple-Watch-Series-2-42mm)
Apple Watch Series 3 - 38mm (com.apple.CoreSimulator.SimDeviceType.Apple-Watch-Series-3-38mm)
Apple Watch Series 3 - 42mm (com.apple.CoreSimulator.SimDeviceType.Apple-Watch-Series-3-42mm)
Apple Watch Series 4 - 40mm (com.apple.CoreSimulator.SimDeviceType.Apple-Watch-Series-4-40mm)
Apple Watch Series 4 - 44mm (com.apple.CoreSimulator.SimDeviceType.Apple-Watch-Series-4-44mm)
Apple Watch Series 5 - 40mm (com.apple.CoreSimulator.SimDeviceType.Apple-Watch-Series-5-40mm)
Apple Watch Series 5 - 44mm (com.apple.CoreSimulator.SimDeviceType.Apple-Watch-Series-5-44mm)
Apple Watch SE - 40mm (com.apple.CoreSimulator.SimDeviceType.Apple-Watch-SE-40mm)
Apple Watch SE - 44mm (com.apple.CoreSimulator.SimDeviceType.Apple-Watch-SE-44mm)
Apple Watch Series 6 - 40mm (com.apple.CoreSimulator.SimDeviceType.Apple-Watch-Series-6-40mm)
Apple Watch Series 6 - 44mm (com.apple.CoreSimulator.SimDeviceType.Apple-Watch-Series-6-44mm)
== Runtimes ==
iOS 13.7 (13.7 - 17H22) - com.apple.CoreSimulator.SimRuntime.iOS-13-7
iOS 14.2 (14.2 - 18B79) - com.apple.CoreSimulator.SimRuntime.iOS-14-2
iOS 14.3 (14.3 - 18C61) - com.apple.CoreSimulator.SimRuntime.iOS-14-3
iOS 14.4 (14.4 - 18D46) - com.apple.CoreSimulator.SimRuntime.iOS-14-4
iOS 14.5 (14.5 - 18E182) - com.apple.CoreSimulator.SimRuntime.iOS-14-5
tvOS 13.4 (13.4 - 17L255) - com.apple.CoreSimulator.SimRuntime.tvOS-13-4
tvOS 14.4 (14.4 - 18K802) - com.apple.CoreSimulator.SimRuntime.tvOS-14-4
tvOS 14.5 (14.5 - 18L191) - com.apple.CoreSimulator.SimRuntime.tvOS-14-5
watchOS 6.2 (6.2.1 - 17T531) - com.apple.CoreSimulator.SimRuntime.watchOS-6-2
watchOS 7.1 (7.1 - 18R579) - com.apple.CoreSimulator.SimRuntime.watchOS-7-1
watchOS 7.2 (7.2 - 18S561) - com.apple.CoreSimulator.SimRuntime.watchOS-7-2
watchOS 7.4 (7.4 - 18T187) - com.apple.CoreSimulator.SimRuntime.watchOS-7-4
== Devices ==
-- iOS 13.7 --
    iPhone 8 (767F6A64-4AF5-466A-B70E-4914D337CCFF) (Shutdown) 
    iPhone 8 Plus (80CA13F1-F632-4DCD-AFE9-70B680CC55C4) (Shutdown) 
    iPhone 11 (2AD17282-3C95-4846-8EE1-BA0F0373E736) (Shutdown) 
    iPhone 11 Pro (80B4EC73-DD63-431E-AD61-3FA03728FE59) (Shutdown) 
    iPhone 11 Pro Max (54BFF013-B133-4F75-8C1A-D73D6B349120) (Shutdown) 
    iPhone SE (2nd generation) (309D26B4-FBC8-4C0D-916F-DD5840DE2C8D) (Shutdown) 
    iPad Pro (9.7-inch) (6636D3A0-E501-4AD7-B046-C026EFC25B71) (Shutdown) 
    iPad (7th generation) (4A4A36F7-9BA1-4D3A-A9EA-EAB91E9A4418) (Shutdown) 
    iPad Pro (11-inch) (2nd generation) (07D46355-C5CB-48DF-A7E4-27EEDAFFCC49) (Shutdown) 
    iPad Pro (12.9-inch) (4th generation) (204440C8-8135-409F-8FAD-8E23F8E3C815) (Shutdown) 
    iPad Air (3rd generation) (A272999A-2770-4339-AEA9-CD52BF37890B) (Shutdown) 
-- iOS 14.2 --
    iPhone 8 (6EDBDCDC-F94A-4D10-AE00-E3CB259FEC01) (Shutdown) 
    iPhone 8 Plus (80A28193-EA15-418A-B594-197255D5E3A8) (Shutdown) 
    iPhone 11 (BD98F668-F8AE-48AB-96EC-15FBEFDB4568) (Shutdown) 
    iPhone 11 Pro (56156412-4367-4428-A124-4D08ECED4917) (Shutdown) 
    iPhone 11 Pro Max (7888B925-37A2-4C12-9769-AE362800548C) (Shutdown) 
    iPhone SE (2nd generation) (EE2AA186-DDF2-45CA-9B0F-71614F0165D2) (Shutdown) 
    iPhone 12 mini (0AD8E40E-4EC8-4AAA-9EA8-4FBFC040FFB2) (Shutdown) 
    iPhone 12 (2164F05C-D73E-45DA-9B6A-A327189FEA60) (Shutdown) 
    iPhone 12 Pro (7FE4354D-E415-4EC5-80B5-64EA83C608E4) (Shutdown) 
    iPhone 12 Pro Max (CE05C2AD-B9A9-4063-8848-257864DED2EB) (Shutdown) 
    iPod touch (7th generation) (D853B3F8-0A56-415D-96E1-CEB15139CC66) (Shutdown) 
    iPad Pro (9.7-inch) (608B8D32-28E9-40DB-9DBF-648FD374EEC3) (Shutdown) 
    iPad Pro (11-inch) (2nd generation) (66E07161-0F6B-413F-988A-ED2203EFA54D) (Shutdown) 
    iPad Pro (12.9-inch) (4th generation) (89497893-AA1B-493E-9F43-64E0BDA35FEA) (Shutdown) 
    iPad (8th generation) (1480649C-AC02-4728-9397-60883AC00289) (Shutdown) 
    iPad Air (4th generation) (F57EAA37-11D4-42E4-902D-1C136C141531) (Shutdown) 
-- iOS 14.3 --
    iPhone 8 (66814AEE-5DFE-4D32-9086-558FBEAFD651) (Shutdown) 
    iPhone 8 Plus (50E00AAF-9019-483E-8ADC-7FFBB7840FE2) (Shutdown) 
    iPhone 11 (F3535973-CAB6-47FE-B16D-ACBB9D94E41F) (Shutdown) 
    iPhone 11 Pro (A7A49B35-1104-416B-9019-54F56AEB6C87) (Shutdown) 
    iPhone 11 Pro Max (D89A96DD-D823-4240-948D-CEF88A8483ED) (Shutdown) 
    iPhone SE (2nd generation) (4CCB76B6-5859-4390-ADBF-82A638D77F84) (Shutdown) 
    iPhone 12 mini (771F23F1-A7D7-450E-803D-2AF660D80F87) (Shutdown) 
    iPhone 12 (65C36BFA-914B-4226-AA60-C86E5E3B1496) (Shutdown) 
    iPhone 12 Pro (E780A7EC-3163-4CAE-A933-3DB22D20C826) (Shutdown) 
    iPhone 12 Pro Max (90A564A8-6F39-4DD7-BA84-FD67DB1B385E) (Shutdown) 
    iPod touch (7th generation) (8B2E80EA-EABD-40CE-8537-A5A3752E9515) (Shutdown) 
    iPad Pro (9.7-inch) (C8FDB2F2-8DD4-4F31-9BDF-1D3CA75618C2) (Shutdown) 
    iPad Pro (11-inch) (2nd generation) (E5923DD2-4CE5-4286-A8C5-B0187D9335E6) (Shutdown) 
    iPad Pro (12.9-inch) (4th generation) (3061BC1F-CC08-4E7C-90FF-F39B8A43A2BC) (Shutdown) 
    iPad (8th generation) (F4F95E31-16E7-42C7-B13C-3F6D83FCB3CD) (Shutdown) 
    iPad Air (4th generation) (DD2FE333-5BE2-421F-BB6F-BEBAE61FA40B) (Shutdown) 
-- iOS 14.4 --
    iPhone 8 (809B922D-0B05-4366-8BF1-C0D57DC3EE40) (Shutdown) 
    iPhone 8 Plus (AC1392D2-FFBD-4632-ACE1-093BE34E78D8) (Shutdown) 
    iPhone 11 (46355A71-8E4D-423C-81DD-E28B927F76AC) (Shutdown) 
    iPhone 11 Pro (E7ABBD04-D428-4976-BC2A-249EFAFDA20C) (Shutdown) 
    iPhone 11 Pro Max (23464DB1-22F9-4D00-9818-B256E36FF37A) (Shutdown) 
    iPhone SE (2nd generation) (3324253F-7B31-43C4-A85B-B97750147848) (Shutdown) 
    iPhone 12 mini (DE07BDAF-FAC2-41EF-9BE9-E6722934DB30) (Shutdown) 
    iPhone 12 (62162A04-2D84-4868-9EB8-FD4FC7568BFC) (Shutdown) 
    iPhone 12 Pro (2B7230D3-66C3-4A97-B60B-0A1A802285C7) (Shutdown) 
    iPhone 12 Pro Max (5ADA0675-2FE9-400A-BB0C-1338CA2A2445) (Shutdown) 
    iPod touch (7th generation) (7AB6424A-D5D6-44E8-9D9B-2E988B434580) (Shutdown) 
    iPad Pro (9.7-inch) (B11EBC0A-3A85-44C9-9A8B-92722B3CDD5C) (Shutdown) 
    iPad Pro (11-inch) (2nd generation) (7FBAAC9E-D5F1-4165-A0CA-03BACF876AA1) (Shutdown) 
    iPad Pro (12.9-inch) (4th generation) (C0910991-938C-4E99-91DB-E9E881CB6558) (Shutdown) 
    iPad (8th generation) (EAEBCECB-0F07-4EC2-904F-2DB2F49924BC) (Shutdown) 
    iPad Air (4th generation) (CAF732F3-955D-499E-81C3-F713BE1CA9D2) (Shutdown) 
-- iOS 14.5 --
    iPhone 8 (971FAE32-9CD0-4F06-B5C2-3DCA1AF540A7) (Shutdown) 
    iPhone 8 Plus (2BFD5222-37C9-45D9-9F25-205C7523E52A) (Shutdown) 
    iPhone 11 (D2137DF3-EF9B-4BDD-A8D7-61844DEB0387) (Shutdown) 
    iPhone 11 Pro (059B3FE8-0C4E-43E5-9655-66CF4CBDF2F5) (Shutdown) 
    iPhone 11 Pro Max (A9C4B403-593B-4686-B653-3A0E12303660) (Shutdown) 
    iPhone SE (2nd generation) (B5C23641-2C05-4CFA-8786-51C67E5C01E0) (Shutdown) 
    iPhone 12 mini (219847E4-E573-4275-B708-FB4D85811B2C) (Shutdown) 
    iPhone 12 (3F92D4A2-343D-4E10-AC99-C4F244D84B7A) (Shutdown) 
    iPhone 12 Pro (65DF8537-85F5-4A6A-8C98-9B8BF0D1D7E7) (Shutdown) 
    iPhone 12 Pro Max (93318DE4-5E75-4D9F-895D-8605463F39DF) (Shutdown) 
    iPod touch (7th generation) (5C251201-9EB8-4060-A247-E292FE469B7C) (Shutdown) 
    iPad Pro (9.7-inch) (21448A66-6632-4E78-AB88-C7FAD350DD0E) (Shutdown) 
    iPad (8th generation) (C08C5B09-EEFE-4FA5-9573-A3631FB62E03) (Shutdown) 
    iPad Air (4th generation) (CDD9F4DD-83C2-4E38-89A3-9B2A7A75F798) (Shutdown) 
    iPad Pro (11-inch) (3rd generation) (DA005FC5-C658-4FE3-B531-95883FBFB36B) (Shutdown) 
    iPad Pro (12.9-inch) (5th generation) (E41732B8-4F26-4007-AC1B-AD5B9349385A) (Shutdown) 
-- tvOS 13.4 --
    Apple TV (FDBD37CF-67AF-4443-8B1F-924FFBCCECD4) (Shutdown) 
    Apple TV 4K (B4396D5C-4225-4A56-931B-35EEEA519B9F) (Shutdown) 
    Apple TV 4K (at 1080p) (88E0C152-CB96-40C0-8B1F-BC6B360F8DBF) (Shutdown) 
-- tvOS 14.4 --
    Apple TV (23BA90A5-795A-47DB-A37F-1AADD26A6181) (Shutdown) 
    Apple TV 4K (3192AD20-F8DA-4D67-8ECD-81EB2003BBEE) (Shutdown) 
    Apple TV 4K (at 1080p) (54710449-CEF0-49B0-8A80-81E85746A4FB) (Shutdown) 
-- tvOS 14.5 --
    Apple TV (C255A15A-50BC-4564-A3E6-1CB9298DCDD8) (Shutdown) 
    Apple TV 4K (2nd generation) (929B5538-F262-4EB2-8F89-41411EE611DE) (Shutdown) 
    Apple TV 4K (at 1080p) (2nd generation) (6ADFC444-9EB8-4BD4-8205-E5768A97CB56) (Shutdown) 
-- watchOS 6.2 --
    Apple Watch Series 4 - 40mm (C72C3292-5793-41E4-8C6B-40817917755C) (Shutdown) 
    Apple Watch Series 4 - 44mm (0C130481-D280-4CA0-B3DA-0857DA611A47) (Shutdown) 
    Apple Watch Series 5 - 40mm (0A853221-7F4E-4969-B65D-18DA5CD6D6D2) (Shutdown) 
    Apple Watch Series 5 - 44mm (C86D9F96-9B54-400E-8F7C-FD8EDDCA6C7E) (Shutdown) 
-- watchOS 7.1 --
    Apple Watch Series 5 - 40mm (42D5EEFA-A47A-4B5E-984F-F082657BA02C) (Shutdown) 
    Apple Watch Series 5 - 44mm (95357D02-E73E-48E7-BA77-9086D0E192BC) (Shutdown) 
    Apple Watch Series 6 - 40mm (01335A04-14BB-4FAF-8344-A95A3ECE84B3) (Shutdown) 
    Apple Watch Series 6 - 44mm (2AED1C12-DBC3-4304-BF77-47A0DB0927D7) (Shutdown) 
-- watchOS 7.2 --
    Apple Watch Series 5 - 40mm (B02A8463-8ADA-43CA-A513-AC94328F318A) (Shutdown) 
    Apple Watch Series 5 - 44mm (282B5E18-0147-46D6-A769-07C487014512) (Shutdown) 
    Apple Watch Series 6 - 40mm (F0594391-D161-4A78-8D3E-1F26D2560679) (Shutdown) 
    Apple Watch Series 6 - 44mm (2BBAE4BF-7425-4872-958F-6F32D1E8D640) (Shutdown) 
-- watchOS 7.4 --
    Apple Watch Series 5 - 40mm (E040B358-5E02-43E8-BBD3-9DF364E191A5) (Shutdown) 
    Apple Watch Series 5 - 44mm (919CDEE0-651D-4F5C-899F-6B1D792C0D68) (Shutdown) 
    Apple Watch Series 6 - 40mm (57495D33-D435-4808-AFB6-1ABD42DD0A85) (Shutdown) 
    Apple Watch Series 6 - 44mm (5B32D50F-A1D1-4FE2-81F5-E3DCB7408B87) (Shutdown) 
== Device Pairs ==
4D6F3DC6-32F0-49D1-A36C-75EBA56C007C (active, disconnected)
    Watch: Apple Watch Series 5 - 40mm (E040B358-5E02-43E8-BBD3-9DF364E191A5) (Shutdown)
    Phone: iPhone 12 mini (219847E4-E573-4275-B708-FB4D85811B2C) (Shutdown)
7B29F8A5-3C27-4742-BE73-BA76D997062B (active, disconnected)
    Watch: Apple Watch Series 5 - 44mm (919CDEE0-651D-4F5C-899F-6B1D792C0D68) (Shutdown)
    Phone: iPhone 12 (3F92D4A2-343D-4E10-AC99-C4F244D84B7A) (Shutdown)
6C7F24D1-2F77-4D28-A447-9EA4E97499B4 (active, disconnected)
    Watch: Apple Watch Series 6 - 40mm (57495D33-D435-4808-AFB6-1ABD42DD0A85) (Shutdown)
    Phone: iPhone 12 Pro (65DF8537-85F5-4A6A-8C98-9B8BF0D1D7E7) (Shutdown)
2ED53B48-B369-43FE-B617-7E6462E02C1A (active, disconnected)
    Watch: Apple Watch Series 6 - 44mm (5B32D50F-A1D1-4FE2-81F5-E3DCB7408B87) (Shutdown)
    Phone: iPhone 12 Pro Max (93318DE4-5E75-4D9F-895D-8605463F39DF) (Shutdown)

========================================


=== OS X info =========================

* sw_vers
ProductName:	macOS
ProductVersion:	11.6.4
BuildVersion:	20G417

* system_profiler SPSoftwareDataType
Software:

    System Software Overview:

      System Version: macOS 11.6.4 (20G417)
      Kernel Version: Darwin 20.6.0
      Boot Volume: Macintosh HD
      Boot Mode: Normal
      Computer Name: vm-osx-xcode-12.5.x-g2.4core-70b4e7d4-4aa9-4434-a2bd-683af46b632c
      User Name: vagrant (vagrant)
      Secure Virtual Memory: Enabled
      System Integrity Protection: Disabled
      Time since boot: 2 minutes


========================================


=== System infos =======================
* Free disk space:
    Filesystem         Size        Avail
/dev/disk1s5s1        300Gi        142Gi
========================================

--- Android

* ANDROID_HOME (/usr/local/share/android-sdk) content:
add-ons
build-tools
cmdline-tools
emulator
extras
licenses
ndk-bundle
patcher
platform-tools
platforms
system-images
tools

* ANDROID_NDK_HOME (/usr/local/share/android-sdk/ndk-bundle) content:
CHANGELOG.md
NOTICE
NOTICE.toolchain
README.md
build
meta
ndk-build
ndk-gdb
ndk-stack
ndk-which
package.xml
platforms
prebuilt
python-packages
shader-tools
simpleperf
source.properties
sources
sysroot
toolchains
wrap.sh

* Android NDK Version:
Pkg.Desc = Android NDK
Pkg.Revision = 21.4.7075529

* platform-tools content:
NOTICE.txt
adb
dmtracedump
e2fsdroid
etc1tool
fastboot
hprof-conv
lib64
make_f2fs
make_f2fs_casefold
mke2fs
mke2fs.conf
package.xml
sload_f2fs
source.properties
sqlite3
systrace

* build-tools content:
17.0.0
19.1.0
21.1.2
22.0.1
23.0.3
24.0.3
25.0.3
26.0.1
26.0.2
27.0.0
27.0.1
27.0.2
27.0.3
28.0.0
28.0.1
28.0.2
28.0.3
29.0.0
29.0.1
29.0.2
29.0.3
30.0.0
30.0.1
30.0.2
30.0.3

* extras content:
/usr/local/share/android-sdk/extras
├── android
│   └── m2repository
├── google
│   ├── google_play_services
│   └── m2repository
└── m2repository
    └── com

7 directories, 0 files

* platforms content:
android-15
android-17
android-19
android-21
android-22
android-23
android-24
android-25
android-26
android-27
android-28
android-29
android-30

* system-images content:
/usr/local/share/android-sdk/system-images
├── android-26
│   └── google_apis
│       └── x86
├── android-28
│   └── google_apis
│       └── x86_64
├── android-29
│   └── google_apis
│       └── x86
└── android-30
    └── google_apis
        └── x86

12 directories, 0 files

========================================

 * SDK packages:
* Command line Tools version: 5.0
* Platform Tools version: 32.0.0
* Emulator version: 31.2.8
========================================


=== Android APK tools ==================

* aapt2:

========================================


=== Environment infos =======================
MATCH_KEYCHAIN_PASSWORD environment set
========================================


=== Control tests ======================
source $HOME/.bash_profile ...
source $HOME/.bash_profile - PASSED
========================================

