 (i) Ignore Errors: enabled

#
# This System Report was generated by: https://github.com/bitrise-io/osx-box-bootstrap/blob/master/system_report.sh
#  Pull Requests are welcome!
#


=== Revision / ID ======================
* BITRISE_OSX_STACK_REV_ID: v2022_07_7
========================================


=== Pre-installed tool versions ========
* Go: go version go1.17.11 darwin/amd64
* Python: Python 2.7.16
* Node.js: v16.15.1
* NPM: 8.11.0
* Yarn: 1.22.19
* Java:   system
  1.8
  1.8.0.292
  11
* 11.0 (set by /Users/vagrant/.jenv/version)
  11.0.11
  17
  17.0
  17.0.2
  17.0.3
  openjdk64-1.8.0.292
  openjdk64-11.0.11
  openjdk64-17.0.2
  openjdk64-17.0.3
  temurin64-17.0.3
* Flutter: Flutter 2.10.3 • channel stable • https://github.com/flutter/flutter.git
* fvm: 2.4.1
* Flutter SDKs via fvm: Cache Directory:  /Users/vagrant/fvm/versions

3.0.0
2.10.3 (global)
2.2.3
1.26.0-17.8.pre
1.22.6

* git: git version 2.36.1
* git lfs: git-lfs/3.2.0 (GitHub; darwin amd64; go 1.18.2)
* mercurial/hg: Mercurial Distributed SCM (version 6.1.4)
* curl: curl 7.64.1 (x86_64-apple-darwin19.0) libcurl/7.64.1 (SecureTransport) LibreSSL/2.8.3 zlib/1.2.11 nghttp2/1.39.2
* wget: GNU Wget 1.21.3 built on darwin19.6.0.
* rsync: rsync  version 2.6.9  protocol version 29
* unzip: UnZip 6.00 of 20 April 2009, by Info-ZIP.  Maintained by C. Spieler.  Send
* zip: This is Zip 3.0 (July 5th 2008), by Info-ZIP.
* tar: bsdtar 3.3.2 - libarchive 3.3.2 zlib/1.2.11 liblzma/5.0.5 bz2lib/1.0.6
* tree: tree v2.0.2 (c) 1996 - 2022 by Steve Baker, Thomas Moore, Francesc Rocher, Florian Sesser, Kyosuke Tokoro 

* brew: Homebrew 3.5.4
Homebrew/homebrew-core (git revision 089d9362456; last commit 2022-06-22)
Homebrew/homebrew-cask (git revision 510785cc35; last commit 2022-06-22)
* Ansible: ansible [core 2.12.6]
  config file = /Users/vagrant/git/ansible.cfg
  configured module search path = ['/Users/vagrant/.ansible/plugins/modules', '/usr/share/ansible/plugins/modules']
  ansible python module location = /usr/local/Cellar/ansible/5.9.0/libexec/lib/python3.10/site-packages/ansible
  ansible collection location = /Users/vagrant/.ansible/collections:/usr/share/ansible/collections
  executable location = /usr/local/bin/ansible
* gtimeout: timeout (GNU coreutils) 9.1
* watchman: 2022.06.13.00
* flow: Flow, a static type checker for JavaScript, version 0.180.1
* carthage: 0.38.0
* imagemagick (convert): Version: ImageMagick 7.1.0-39 Q16-HDRI x86_64 20175 https://imagemagick.org
* ghostscript (ps2ascii): 9.56.1
* screen: Screen version 4.09.00 (GNU) 30-Jan-22
* firebase: 9.20.0
* applesimutils version 0.9.5
* jq: 1.6
* Version: 0.8.1
* XCLogParser 0.2.21
* Screen 4.09.00
* applesimutils 0.9.5
* OpenConnect version v9.01
* aws-cli: aws-cli/2.7.9 Python/3.9.13 Darwin/19.6.0 source/x86_64 prompt/off
* cmake: 3.23.2
* danger-swift: 
* OpenVPN 2.5.7 x86_64-apple-darwin19.6.0 [SSL (OpenSSL)] [LZO] [LZ4] [PKCS11] [MH/RECVDA] [AEAD] built on Jun  8 2022

--- Bitrise CLI tool versions
* bitrise: 1.49.0
* stepman: 0.13.1
* envman: 2.3.3
* cmd-bridge: 0.9.5
========================================


=== Brew list versions ==================
ansible 5.9.0
ant 1.10.12
aom 3.4.0
applesimutils 0.9.5
autoconf 2.71
awscli 2.7.9
bazelisk 1.12.0
bdw-gc 8.0.6
boost 1.78.0_1
brotli 1.0.9
c-ares 1.18.1_1
ca-certificates 2022-04-26
carthage 0.38.0
cmake 3.23.2
coreutils 9.1
danger-js 11.1.1
danger-swift 3.12.3
dart 2.17.5
docbook 5.1_1
docbook-xsl 1.79.2_1
double-conversion 3.2.0
fb303 2022.06.13.00
fbthrift 2022.06.13.00
fizz 2022.06.13.00
flow 0.180.1
fmt 8.1.1_1
folly 2022.06.13.00
fontconfig 2.14.0
freetype 2.12.1
fvm 2.4.1
gdbm 1.23
gettext 0.21
gflags 2.2.2
ghostscript 9.56.1
giflib 5.2.1
git 2.36.1
git-lfs 3.2.0
glib 2.72.2
glog 0.6.0
gmp 6.2.1_1
gnu-getopt 2.38
gnupg 2.3.6
gnutls 3.7.6
go@1.16 1.16.15
go@1.17 1.17.11
gradle 7.4.2
groovy 4.0.3_1
guile 3.0.8
icu4c 70.1
imagemagick 7.1.0-39
imath 3.1.5
jasper 3.0.4
jbig2dec 0.19
jemalloc 5.3.0
jenv 0.5.5_2
jpeg 9e
jpeg-xl 0.6.1
jq 1.6
libassuan 2.5.5
libde265 1.0.8
libev 4.33
libevent 2.1.12
libffi 3.4.2
libgcrypt 1.10.1
libgpg-error 1.45
libheif 1.12.0_1
libidn 1.40
libidn2 2.3.2
libksba 1.6.0
liblqr 0.4.2_1
libnghttp2 1.47.0
libomp 14.0.5
libpng 1.6.37
libraw 0.20.2_2
libsodium 1.0.18_1
libtasn1 4.18.0
libtiff 4.4.0
libtool 2.4.7
libunistring 1.0
libusb 1.0.26
libuv 1.44.1_1
libvmaf 2.3.1
libyaml 0.2.5
little-cms2 2.13.1
lz4 1.9.3
lzo 2.10
m4 1.4.19
macos-term-size 1.0.0
maven 3.8.6
mercurial 6.1.4
mint 0.17.1
mpdecimal 2.5.1
nettle 3.8
nghttp2 1.47.0
node 18.4.0
node@12 12.22.12
node@16 16.15.1
npth 1.6
oniguruma 6.9.8
openconnect 9.01
openexr 3.1.5
openjdk 18.0.1.1
openjpeg 2.5.0
openssl@1.1 1.1.1o
openvpn 2.5.7
p11-kit 0.24.1
pcre 8.45
pcre2 10.40
pinentry 1.2.0
pkcs11-helper 1.29.0
pkg-config 0.29.2_3
python@3.10 3.10.4
python@3.9 3.9.13_1
rbenv 1.2.0
readline 8.1.2
ruby-build 20220610
screen 4.9.0
shared-mime-info 2.2
six 1.16.0_2
snappy 1.1.9
sqlite 3.38.5
stoken 0.92_1
swiftlint 0.43.1
tree 2.0.2
unbound 1.16.0
wangle 2022.06.13.00
watchman 2022.06.13.00
webp 1.2.2
wget 1.21.3
x265 3.5
xcbeautify 0.13.0
xmlto 0.0.28
xz 5.2.5
yarn 1.22.19
zstd 1.5.2
adoptopenjdk11 11.0.11,9
adoptopenjdk8 8,292:b10
intel-haxm 7.7.1
temurin17 17.0.3,7
========================================


=== Brew deps tree ==================
adoptopenjdk/openjdk/adoptopenjdk11

adoptopenjdk/openjdk/adoptopenjdk8

ansible
├── libyaml
├── openssl@1.1
│   └── ca-certificates
├── python@3.10
│   ├── gdbm
│   ├── mpdecimal
│   ├── openssl@1.1
│   │   └── ca-certificates
│   ├── readline
│   ├── sqlite
│   │   └── readline
│   └── xz
└── six

ant
└── openjdk

aom
├── jpeg-xl
│   ├── brotli
│   ├── giflib
│   ├── imath
│   ├── jpeg
│   ├── libpng
│   ├── openexr
│   │   └── imath
│   └── webp
│       ├── giflib
│       ├── jpeg
│       ├── libpng
│       └── libtiff
│           └── jpeg
└── libvmaf

wix/brew/applesimutils

autoconf
└── m4

awscli
├── python@3.9
│   ├── gdbm
│   ├── mpdecimal
│   ├── openssl@1.1
│   │   └── ca-certificates
│   ├── readline
│   ├── sqlite
│   │   └── readline
│   └── xz
└── six

bazelisk

bdw-gc

boost
└── icu4c

brotli

c-ares

ca-certificates

carthage

cmake

coreutils
└── gmp

danger/tap/danger-js

danger/tap/danger-swift
└── danger/tap/danger-js

dart-lang/dart/dart

docbook

docbook-xsl
└── docbook

double-conversion

fb303
├── fbthrift
│   ├── boost
│   │   └── icu4c
│   ├── fizz
│   │   ├── boost
│   │   │   └── icu4c
│   │   ├── double-conversion
│   │   ├── fmt
│   │   ├── folly
│   │   │   ├── boost
│   │   │   │   └── icu4c
│   │   │   ├── double-conversion
│   │   │   ├── fmt
│   │   │   ├── gflags
│   │   │   ├── glog
│   │   │   │   └── gflags
│   │   │   ├── libevent
│   │   │   │   └── openssl@1.1
│   │   │   │       └── ca-certificates
│   │   │   ├── lz4
│   │   │   ├── openssl@1.1
│   │   │   │   └── ca-certificates
│   │   │   ├── snappy
│   │   │   ├── xz
│   │   │   └── zstd
│   │   ├── gflags
│   │   ├── glog
│   │   │   └── gflags
│   │   ├── libevent
│   │   │   └── openssl@1.1
│   │   │       └── ca-certificates
│   │   ├── libsodium
│   │   ├── lz4
│   │   ├── openssl@1.1
│   │   │   └── ca-certificates
│   │   ├── snappy
│   │   └── zstd
│   ├── fmt
│   ├── folly
│   │   ├── boost
│   │   │   └── icu4c
│   │   ├── double-conversion
│   │   ├── fmt
│   │   ├── gflags
│   │   ├── glog
│   │   │   └── gflags
│   │   ├── libevent
│   │   │   └── openssl@1.1
│   │   │       └── ca-certificates
│   │   ├── lz4
│   │   ├── openssl@1.1
│   │   │   └── ca-certificates
│   │   ├── snappy
│   │   ├── xz
│   │   └── zstd
│   ├── gflags
│   ├── glog
│   │   └── gflags
│   ├── openssl@1.1
│   │   └── ca-certificates
│   ├── wangle
│   │   ├── boost
│   │   │   └── icu4c
│   │   ├── double-conversion
│   │   ├── fizz
│   │   │   ├── boost
│   │   │   │   └── icu4c
│   │   │   ├── double-conversion
│   │   │   ├── fmt
│   │   │   ├── folly
│   │   │   │   ├── boost
│   │   │   │   │   └── icu4c
│   │   │   │   ├── double-conversion
│   │   │   │   ├── fmt
│   │   │   │   ├── gflags
│   │   │   │   ├── glog
│   │   │   │   │   └── gflags
│   │   │   │   ├── libevent
│   │   │   │   │   └── openssl@1.1
│   │   │   │   │       └── ca-certificates
│   │   │   │   ├── lz4
│   │   │   │   ├── openssl@1.1
│   │   │   │   │   └── ca-certificates
│   │   │   │   ├── snappy
│   │   │   │   ├── xz
│   │   │   │   └── zstd
│   │   │   ├── gflags
│   │   │   ├── glog
│   │   │   │   └── gflags
│   │   │   ├── libevent
│   │   │   │   └── openssl@1.1
│   │   │   │       └── ca-certificates
│   │   │   ├── libsodium
│   │   │   ├── lz4
│   │   │   ├── openssl@1.1
│   │   │   │   └── ca-certificates
│   │   │   ├── snappy
│   │   │   └── zstd
│   │   ├── fmt
│   │   ├── folly
│   │   │   ├── boost
│   │   │   │   └── icu4c
│   │   │   ├── double-conversion
│   │   │   ├── fmt
│   │   │   ├── gflags
│   │   │   ├── glog
│   │   │   │   └── gflags
│   │   │   ├── libevent
│   │   │   │   └── openssl@1.1
│   │   │   │       └── ca-certificates
│   │   │   ├── lz4
│   │   │   ├── openssl@1.1
│   │   │   │   └── ca-certificates
│   │   │   ├── snappy
│   │   │   ├── xz
│   │   │   └── zstd
│   │   ├── gflags
│   │   ├── glog
│   │   │   └── gflags
│   │   ├── libevent
│   │   │   └── openssl@1.1
│   │   │       └── ca-certificates
│   │   ├── libsodium
│   │   ├── lz4
│   │   ├── openssl@1.1
│   │   │   └── ca-certificates
│   │   ├── snappy
│   │   └── zstd
│   └── zstd
├── fizz
│   ├── boost
│   │   └── icu4c
│   ├── double-conversion
│   ├── fmt
│   ├── folly
│   │   ├── boost
│   │   │   └── icu4c
│   │   ├── double-conversion
│   │   ├── fmt
│   │   ├── gflags
│   │   ├── glog
│   │   │   └── gflags
│   │   ├── libevent
│   │   │   └── openssl@1.1
│   │   │       └── ca-certificates
│   │   ├── lz4
│   │   ├── openssl@1.1
│   │   │   └── ca-certificates
│   │   ├── snappy
│   │   ├── xz
│   │   └── zstd
│   ├── gflags
│   ├── glog
│   │   └── gflags
│   ├── libevent
│   │   └── openssl@1.1
│   │       └── ca-certificates
│   ├── libsodium
│   ├── lz4
│   ├── openssl@1.1
│   │   └── ca-certificates
│   ├── snappy
│   └── zstd
├── fmt
├── folly
│   ├── boost
│   │   └── icu4c
│   ├── double-conversion
│   ├── fmt
│   ├── gflags
│   ├── glog
│   │   └── gflags
│   ├── libevent
│   │   └── openssl@1.1
│   │       └── ca-certificates
│   ├── lz4
│   ├── openssl@1.1
│   │   └── ca-certificates
│   ├── snappy
│   ├── xz
│   └── zstd
├── gflags
├── glog
│   └── gflags
├── openssl@1.1
│   └── ca-certificates
└── wangle
    ├── boost
    │   └── icu4c
    ├── double-conversion
    ├── fizz
    │   ├── boost
    │   │   └── icu4c
    │   ├── double-conversion
    │   ├── fmt
    │   ├── folly
    │   │   ├── boost
    │   │   │   └── icu4c
    │   │   ├── double-conversion
    │   │   ├── fmt
    │   │   ├── gflags
    │   │   ├── glog
    │   │   │   └── gflags
    │   │   ├── libevent
    │   │   │   └── openssl@1.1
    │   │   │       └── ca-certificates
    │   │   ├── lz4
    │   │   ├── openssl@1.1
    │   │   │   └── ca-certificates
    │   │   ├── snappy
    │   │   ├── xz
    │   │   └── zstd
    │   ├── gflags
    │   ├── glog
    │   │   └── gflags
    │   ├── libevent
    │   │   └── openssl@1.1
    │   │       └── ca-certificates
    │   ├── libsodium
    │   ├── lz4
    │   ├── openssl@1.1
    │   │   └── ca-certificates
    │   ├── snappy
    │   └── zstd
    ├── fmt
    ├── folly
    │   ├── boost
    │   │   └── icu4c
    │   ├── double-conversion
    │   ├── fmt
    │   ├── gflags
    │   ├── glog
    │   │   └── gflags
    │   ├── libevent
    │   │   └── openssl@1.1
    │   │       └── ca-certificates
    │   ├── lz4
    │   ├── openssl@1.1
    │   │   └── ca-certificates
    │   ├── snappy
    │   ├── xz
    │   └── zstd
    ├── gflags
    ├── glog
    │   └── gflags
    ├── libevent
    │   └── openssl@1.1
    │       └── ca-certificates
    ├── libsodium
    ├── lz4
    ├── openssl@1.1
    │   └── ca-certificates
    ├── snappy
    └── zstd

fbthrift
├── boost
│   └── icu4c
├── fizz
│   ├── boost
│   │   └── icu4c
│   ├── double-conversion
│   ├── fmt
│   ├── folly
│   │   ├── boost
│   │   │   └── icu4c
│   │   ├── double-conversion
│   │   ├── fmt
│   │   ├── gflags
│   │   ├── glog
│   │   │   └── gflags
│   │   ├── libevent
│   │   │   └── openssl@1.1
│   │   │       └── ca-certificates
│   │   ├── lz4
│   │   ├── openssl@1.1
│   │   │   └── ca-certificates
│   │   ├── snappy
│   │   ├── xz
│   │   └── zstd
│   ├── gflags
│   ├── glog
│   │   └── gflags
│   ├── libevent
│   │   └── openssl@1.1
│   │       └── ca-certificates
│   ├── libsodium
│   ├── lz4
│   ├── openssl@1.1
│   │   └── ca-certificates
│   ├── snappy
│   └── zstd
├── fmt
├── folly
│   ├── boost
│   │   └── icu4c
│   ├── double-conversion
│   ├── fmt
│   ├── gflags
│   ├── glog
│   │   └── gflags
│   ├── libevent
│   │   └── openssl@1.1
│   │       └── ca-certificates
│   ├── lz4
│   ├── openssl@1.1
│   │   └── ca-certificates
│   ├── snappy
│   ├── xz
│   └── zstd
├── gflags
├── glog
│   └── gflags
├── openssl@1.1
│   └── ca-certificates
├── wangle
│   ├── boost
│   │   └── icu4c
│   ├── double-conversion
│   ├── fizz
│   │   ├── boost
│   │   │   └── icu4c
│   │   ├── double-conversion
│   │   ├── fmt
│   │   ├── folly
│   │   │   ├── boost
│   │   │   │   └── icu4c
│   │   │   ├── double-conversion
│   │   │   ├── fmt
│   │   │   ├── gflags
│   │   │   ├── glog
│   │   │   │   └── gflags
│   │   │   ├── libevent
│   │   │   │   └── openssl@1.1
│   │   │   │       └── ca-certificates
│   │   │   ├── lz4
│   │   │   ├── openssl@1.1
│   │   │   │   └── ca-certificates
│   │   │   ├── snappy
│   │   │   ├── xz
│   │   │   └── zstd
│   │   ├── gflags
│   │   ├── glog
│   │   │   └── gflags
│   │   ├── libevent
│   │   │   └── openssl@1.1
│   │   │       └── ca-certificates
│   │   ├── libsodium
│   │   ├── lz4
│   │   ├── openssl@1.1
│   │   │   └── ca-certificates
│   │   ├── snappy
│   │   └── zstd
│   ├── fmt
│   ├── folly
│   │   ├── boost
│   │   │   └── icu4c
│   │   ├── double-conversion
│   │   ├── fmt
│   │   ├── gflags
│   │   ├── glog
│   │   │   └── gflags
│   │   ├── libevent
│   │   │   └── openssl@1.1
│   │   │       └── ca-certificates
│   │   ├── lz4
│   │   ├── openssl@1.1
│   │   │   └── ca-certificates
│   │   ├── snappy
│   │   ├── xz
│   │   └── zstd
│   ├── gflags
│   ├── glog
│   │   └── gflags
│   ├── libevent
│   │   └── openssl@1.1
│   │       └── ca-certificates
│   ├── libsodium
│   ├── lz4
│   ├── openssl@1.1
│   │   └── ca-certificates
│   ├── snappy
│   └── zstd
└── zstd

fizz
├── boost
│   └── icu4c
├── double-conversion
├── fmt
├── folly
│   ├── boost
│   │   └── icu4c
│   ├── double-conversion
│   ├── fmt
│   ├── gflags
│   ├── glog
│   │   └── gflags
│   ├── libevent
│   │   └── openssl@1.1
│   │       └── ca-certificates
│   ├── lz4
│   ├── openssl@1.1
│   │   └── ca-certificates
│   ├── snappy
│   ├── xz
│   └── zstd
├── gflags
├── glog
│   └── gflags
├── libevent
│   └── openssl@1.1
│       └── ca-certificates
├── libsodium
├── lz4
├── openssl@1.1
│   └── ca-certificates
├── snappy
└── zstd

flow

fmt

folly
├── boost
│   └── icu4c
├── double-conversion
├── fmt
├── gflags
├── glog
│   └── gflags
├── libevent
│   └── openssl@1.1
│       └── ca-certificates
├── lz4
├── openssl@1.1
│   └── ca-certificates
├── snappy
├── xz
└── zstd

fontconfig
└── freetype
    └── libpng

freetype
└── libpng

leoafarias/fvm/fvm

gdbm

gettext

gflags

ghostscript
├── fontconfig
│   └── freetype
│       └── libpng
├── freetype
│   └── libpng
├── jbig2dec
├── jpeg
├── libidn
├── libpng
├── libtiff
│   └── jpeg
├── little-cms2
│   ├── jpeg
│   └── libtiff
│       └── jpeg
└── openjpeg
    ├── libpng
    ├── libtiff
    │   └── jpeg
    └── little-cms2
        ├── jpeg
        └── libtiff
            └── jpeg

giflib

git
├── gettext
└── pcre2

git-lfs

glib
├── gettext
├── libffi
├── pcre
└── python@3.9
    ├── gdbm
    ├── mpdecimal
    ├── openssl@1.1
    │   └── ca-certificates
    ├── readline
    ├── sqlite
    │   └── readline
    └── xz

glog
└── gflags

gmp

gnu-getopt

gnupg
├── gettext
├── gnutls
│   ├── ca-certificates
│   ├── gmp
│   ├── guile
│   │   ├── bdw-gc
│   │   ├── gmp
│   │   ├── libffi
│   │   ├── libtool
│   │   │   └── m4
│   │   ├── libunistring
│   │   ├── pkg-config
│   │   └── readline
│   ├── libidn2
│   │   ├── gettext
│   │   └── libunistring
│   ├── libtasn1
│   ├── libunistring
│   ├── nettle
│   │   └── gmp
│   ├── p11-kit
│   │   ├── ca-certificates
│   │   ├── libffi
│   │   └── libtasn1
│   └── unbound
│       ├── libevent
│       │   └── openssl@1.1
│       │       └── ca-certificates
│       ├── libnghttp2
│       └── openssl@1.1
│           └── ca-certificates
├── libassuan
│   └── libgpg-error
├── libgcrypt
│   └── libgpg-error
├── libgpg-error
├── libksba
│   └── libgpg-error
├── libusb
├── npth
└── pinentry
    ├── libassuan
    │   └── libgpg-error
    └── libgpg-error

gnutls
├── ca-certificates
├── gmp
├── guile
│   ├── bdw-gc
│   ├── gmp
│   ├── libffi
│   ├── libtool
│   │   └── m4
│   ├── libunistring
│   ├── pkg-config
│   └── readline
├── libidn2
│   ├── gettext
│   └── libunistring
├── libtasn1
├── libunistring
├── nettle
│   └── gmp
├── p11-kit
│   ├── ca-certificates
│   ├── libffi
│   └── libtasn1
└── unbound
    ├── libevent
    │   └── openssl@1.1
    │       └── ca-certificates
    ├── libnghttp2
    └── openssl@1.1
        └── ca-certificates

go@1.16

go@1.17

gradle
└── openjdk

groovy
└── openjdk

guile
├── bdw-gc
├── gmp
├── libffi
├── libtool
│   └── m4
├── libunistring
├── pkg-config
└── readline

icu4c

imagemagick
├── freetype
│   └── libpng
├── ghostscript
│   ├── fontconfig
│   │   └── freetype
│   │       └── libpng
│   ├── freetype
│   │   └── libpng
│   ├── jbig2dec
│   ├── jpeg
│   ├── libidn
│   ├── libpng
│   ├── libtiff
│   │   └── jpeg
│   ├── little-cms2
│   │   ├── jpeg
│   │   └── libtiff
│   │       └── jpeg
│   └── openjpeg
│       ├── libpng
│       ├── libtiff
│       │   └── jpeg
│       └── little-cms2
│           ├── jpeg
│           └── libtiff
│               └── jpeg
├── jpeg
├── libheif
│   ├── aom
│   │   ├── jpeg-xl
│   │   │   ├── brotli
│   │   │   ├── giflib
│   │   │   ├── imath
│   │   │   ├── jpeg
│   │   │   ├── libpng
│   │   │   ├── openexr
│   │   │   │   └── imath
│   │   │   └── webp
│   │   │       ├── giflib
│   │   │       ├── jpeg
│   │   │       ├── libpng
│   │   │       └── libtiff
│   │   │           └── jpeg
│   │   └── libvmaf
│   ├── jpeg
│   ├── libde265
│   ├── libpng
│   ├── shared-mime-info
│   │   ├── gettext
│   │   ├── glib
│   │   │   ├── gettext
│   │   │   ├── libffi
│   │   │   ├── pcre
│   │   │   └── python@3.9
│   │   │       ├── gdbm
│   │   │       ├── mpdecimal
│   │   │       ├── openssl@1.1
│   │   │       │   └── ca-certificates
│   │   │       ├── readline
│   │   │       ├── sqlite
│   │   │       │   └── readline
│   │   │       └── xz
│   │   └── xmlto
│   │       ├── docbook
│   │       ├── docbook-xsl
│   │       │   └── docbook
│   │       └── gnu-getopt
│   └── x265
├── liblqr
│   └── glib
│       ├── gettext
│       ├── libffi
│       ├── pcre
│       └── python@3.9
│           ├── gdbm
│           ├── mpdecimal
│           ├── openssl@1.1
│           │   └── ca-certificates
│           ├── readline
│           ├── sqlite
│           │   └── readline
│           └── xz
├── libpng
├── libraw
│   ├── jasper
│   │   └── jpeg
│   ├── jpeg
│   ├── little-cms2
│   │   ├── jpeg
│   │   └── libtiff
│   │       └── jpeg
│   └── libomp
├── libtiff
│   └── jpeg
├── libtool
│   └── m4
├── little-cms2
│   ├── jpeg
│   └── libtiff
│       └── jpeg
├── openexr
│   └── imath
├── openjpeg
│   ├── libpng
│   ├── libtiff
│   │   └── jpeg
│   └── little-cms2
│       ├── jpeg
│       └── libtiff
│           └── jpeg
├── webp
│   ├── giflib
│   ├── jpeg
│   ├── libpng
│   └── libtiff
│       └── jpeg
├── xz
└── libomp

imath

intel-haxm

jasper
└── jpeg

jbig2dec

jemalloc

jenv

jpeg

jpeg-xl
├── brotli
├── giflib
├── imath
├── jpeg
├── libpng
├── openexr
│   └── imath
└── webp
    ├── giflib
    ├── jpeg
    ├── libpng
    └── libtiff
        └── jpeg

jq
└── oniguruma

libassuan
└── libgpg-error

libde265

libev

libevent
└── openssl@1.1
    └── ca-certificates

libffi

libgcrypt
└── libgpg-error

libgpg-error

libheif
├── aom
│   ├── jpeg-xl
│   │   ├── brotli
│   │   ├── giflib
│   │   ├── imath
│   │   ├── jpeg
│   │   ├── libpng
│   │   ├── openexr
│   │   │   └── imath
│   │   └── webp
│   │       ├── giflib
│   │       ├── jpeg
│   │       ├── libpng
│   │       └── libtiff
│   │           └── jpeg
│   └── libvmaf
├── jpeg
├── libde265
├── libpng
├── shared-mime-info
│   ├── gettext
│   ├── glib
│   │   ├── gettext
│   │   ├── libffi
│   │   ├── pcre
│   │   └── python@3.9
│   │       ├── gdbm
│   │       ├── mpdecimal
│   │       ├── openssl@1.1
│   │       │   └── ca-certificates
│   │       ├── readline
│   │       ├── sqlite
│   │       │   └── readline
│   │       └── xz
│   └── xmlto
│       ├── docbook
│       ├── docbook-xsl
│       │   └── docbook
│       └── gnu-getopt
└── x265

libidn

libidn2
├── gettext
└── libunistring

libksba
└── libgpg-error

liblqr
└── glib
    ├── gettext
    ├── libffi
    ├── pcre
    └── python@3.9
        ├── gdbm
        ├── mpdecimal
        ├── openssl@1.1
        │   └── ca-certificates
        ├── readline
        ├── sqlite
        │   └── readline
        └── xz

libnghttp2

libomp

libpng

libraw
├── jasper
│   └── jpeg
├── jpeg
├── little-cms2
│   ├── jpeg
│   └── libtiff
│       └── jpeg
└── libomp

libsodium

libtasn1

libtiff
└── jpeg

libtool
└── m4

libunistring

libusb

libuv

libvmaf

libyaml

little-cms2
├── jpeg
└── libtiff
    └── jpeg

lz4

lzo

m4

macos-term-size

maven
└── openjdk

mercurial
└── python@3.10
    ├── gdbm
    ├── mpdecimal
    ├── openssl@1.1
    │   └── ca-certificates
    ├── readline
    ├── sqlite
    │   └── readline
    └── xz

mint

mpdecimal

nettle
└── gmp

nghttp2
├── c-ares
├── jemalloc
├── libev
├── libnghttp2
└── openssl@1.1
    └── ca-certificates

node
├── brotli
├── c-ares
├── icu4c
├── libnghttp2
├── libuv
└── openssl@1.1
    └── ca-certificates

node@12
├── brotli
├── c-ares
├── icu4c
├── libnghttp2
├── libuv
├── openssl@1.1
│   └── ca-certificates
└── macos-term-size

node@16
├── brotli
├── c-ares
├── icu4c
├── libnghttp2
├── libuv
└── openssl@1.1
    └── ca-certificates

npth

oniguruma

openconnect
├── gettext
├── gnutls
│   ├── ca-certificates
│   ├── gmp
│   ├── guile
│   │   ├── bdw-gc
│   │   ├── gmp
│   │   ├── libffi
│   │   ├── libtool
│   │   │   └── m4
│   │   ├── libunistring
│   │   ├── pkg-config
│   │   └── readline
│   ├── libidn2
│   │   ├── gettext
│   │   └── libunistring
│   ├── libtasn1
│   ├── libunistring
│   ├── nettle
│   │   └── gmp
│   ├── p11-kit
│   │   ├── ca-certificates
│   │   ├── libffi
│   │   └── libtasn1
│   └── unbound
│       ├── libevent
│       │   └── openssl@1.1
│       │       └── ca-certificates
│       ├── libnghttp2
│       └── openssl@1.1
│           └── ca-certificates
└── stoken
    └── nettle
        └── gmp

openexr
└── imath

openjdk

openjpeg
├── libpng
├── libtiff
│   └── jpeg
└── little-cms2
    ├── jpeg
    └── libtiff
        └── jpeg

openssl@1.1
└── ca-certificates

openvpn
├── lz4
├── lzo
├── openssl@1.1
│   └── ca-certificates
└── pkcs11-helper
    └── openssl@1.1
        └── ca-certificates

p11-kit
├── ca-certificates
├── libffi
└── libtasn1

pcre

pcre2

pinentry
├── libassuan
│   └── libgpg-error
└── libgpg-error

pkcs11-helper
└── openssl@1.1
    └── ca-certificates

pkg-config

python@3.10
├── gdbm
├── mpdecimal
├── openssl@1.1
│   └── ca-certificates
├── readline
├── sqlite
│   └── readline
└── xz

python@3.9
├── gdbm
├── mpdecimal
├── openssl@1.1
│   └── ca-certificates
├── readline
├── sqlite
│   └── readline
└── xz

rbenv
└── ruby-build
    ├── autoconf
    │   └── m4
    ├── pkg-config
    └── readline

readline

ruby-build
├── autoconf
│   └── m4
├── pkg-config
└── readline

screen

shared-mime-info
├── gettext
├── glib
│   ├── gettext
│   ├── libffi
│   ├── pcre
│   └── python@3.9
│       ├── gdbm
│       ├── mpdecimal
│       ├── openssl@1.1
│       │   └── ca-certificates
│       ├── readline
│       ├── sqlite
│       │   └── readline
│       └── xz
└── xmlto
    ├── docbook
    ├── docbook-xsl
    │   └── docbook
    └── gnu-getopt

six

snappy

sqlite
└── readline

stoken
└── nettle
    └── gmp

swiftlint

temurin17

tree

unbound
├── libevent
│   └── openssl@1.1
│       └── ca-certificates
├── libnghttp2
└── openssl@1.1
    └── ca-certificates

wangle
├── boost
│   └── icu4c
├── double-conversion
├── fizz
│   ├── boost
│   │   └── icu4c
│   ├── double-conversion
│   ├── fmt
│   ├── folly
│   │   ├── boost
│   │   │   └── icu4c
│   │   ├── double-conversion
│   │   ├── fmt
│   │   ├── gflags
│   │   ├── glog
│   │   │   └── gflags
│   │   ├── libevent
│   │   │   └── openssl@1.1
│   │   │       └── ca-certificates
│   │   ├── lz4
│   │   ├── openssl@1.1
│   │   │   └── ca-certificates
│   │   ├── snappy
│   │   ├── xz
│   │   └── zstd
│   ├── gflags
│   ├── glog
│   │   └── gflags
│   ├── libevent
│   │   └── openssl@1.1
│   │       └── ca-certificates
│   ├── libsodium
│   ├── lz4
│   ├── openssl@1.1
│   │   └── ca-certificates
│   ├── snappy
│   └── zstd
├── fmt
├── folly
│   ├── boost
│   │   └── icu4c
│   ├── double-conversion
│   ├── fmt
│   ├── gflags
│   ├── glog
│   │   └── gflags
│   ├── libevent
│   │   └── openssl@1.1
│   │       └── ca-certificates
│   ├── lz4
│   ├── openssl@1.1
│   │   └── ca-certificates
│   ├── snappy
│   ├── xz
│   └── zstd
├── gflags
├── glog
│   └── gflags
├── libevent
│   └── openssl@1.1
│       └── ca-certificates
├── libsodium
├── lz4
├── openssl@1.1
│   └── ca-certificates
├── snappy
└── zstd

watchman
├── boost
│   └── icu4c
├── fmt
├── folly
│   ├── boost
│   │   └── icu4c
│   ├── double-conversion
│   ├── fmt
│   ├── gflags
│   ├── glog
│   │   └── gflags
│   ├── libevent
│   │   └── openssl@1.1
│   │       └── ca-certificates
│   ├── lz4
│   ├── openssl@1.1
│   │   └── ca-certificates
│   ├── snappy
│   ├── xz
│   └── zstd
├── gflags
├── glog
│   └── gflags
├── libevent
│   └── openssl@1.1
│       └── ca-certificates
├── openssl@1.1
│   └── ca-certificates
├── pcre
├── python@3.10
│   ├── gdbm
│   ├── mpdecimal
│   ├── openssl@1.1
│   │   └── ca-certificates
│   ├── readline
│   ├── sqlite
│   │   └── readline
│   └── xz
└── fb303
    ├── fbthrift
    │   ├── boost
    │   │   └── icu4c
    │   ├── fizz
    │   │   ├── boost
    │   │   │   └── icu4c
    │   │   ├── double-conversion
    │   │   ├── fmt
    │   │   ├── folly
    │   │   │   ├── boost
    │   │   │   │   └── icu4c
    │   │   │   ├── double-conversion
    │   │   │   ├── fmt
    │   │   │   ├── gflags
    │   │   │   ├── glog
    │   │   │   │   └── gflags
    │   │   │   ├── libevent
    │   │   │   │   └── openssl@1.1
    │   │   │   │       └── ca-certificates
    │   │   │   ├── lz4
    │   │   │   ├── openssl@1.1
    │   │   │   │   └── ca-certificates
    │   │   │   ├── snappy
    │   │   │   ├── xz
    │   │   │   └── zstd
    │   │   ├── gflags
    │   │   ├── glog
    │   │   │   └── gflags
    │   │   ├── libevent
    │   │   │   └── openssl@1.1
    │   │   │       └── ca-certificates
    │   │   ├── libsodium
    │   │   ├── lz4
    │   │   ├── openssl@1.1
    │   │   │   └── ca-certificates
    │   │   ├── snappy
    │   │   └── zstd
    │   ├── fmt
    │   ├── folly
    │   │   ├── boost
    │   │   │   └── icu4c
    │   │   ├── double-conversion
    │   │   ├── fmt
    │   │   ├── gflags
    │   │   ├── glog
    │   │   │   └── gflags
    │   │   ├── libevent
    │   │   │   └── openssl@1.1
    │   │   │       └── ca-certificates
    │   │   ├── lz4
    │   │   ├── openssl@1.1
    │   │   │   └── ca-certificates
    │   │   ├── snappy
    │   │   ├── xz
    │   │   └── zstd
    │   ├── gflags
    │   ├── glog
    │   │   └── gflags
    │   ├── openssl@1.1
    │   │   └── ca-certificates
    │   ├── wangle
    │   │   ├── boost
    │   │   │   └── icu4c
    │   │   ├── double-conversion
    │   │   ├── fizz
    │   │   │   ├── boost
    │   │   │   │   └── icu4c
    │   │   │   ├── double-conversion
    │   │   │   ├── fmt
    │   │   │   ├── folly
    │   │   │   │   ├── boost
    │   │   │   │   │   └── icu4c
    │   │   │   │   ├── double-conversion
    │   │   │   │   ├── fmt
    │   │   │   │   ├── gflags
    │   │   │   │   ├── glog
    │   │   │   │   │   └── gflags
    │   │   │   │   ├── libevent
    │   │   │   │   │   └── openssl@1.1
    │   │   │   │   │       └── ca-certificates
    │   │   │   │   ├── lz4
    │   │   │   │   ├── openssl@1.1
    │   │   │   │   │   └── ca-certificates
    │   │   │   │   ├── snappy
    │   │   │   │   ├── xz
    │   │   │   │   └── zstd
    │   │   │   ├── gflags
    │   │   │   ├── glog
    │   │   │   │   └── gflags
    │   │   │   ├── libevent
    │   │   │   │   └── openssl@1.1
    │   │   │   │       └── ca-certificates
    │   │   │   ├── libsodium
    │   │   │   ├── lz4
    │   │   │   ├── openssl@1.1
    │   │   │   │   └── ca-certificates
    │   │   │   ├── snappy
    │   │   │   └── zstd
    │   │   ├── fmt
    │   │   ├── folly
    │   │   │   ├── boost
    │   │   │   │   └── icu4c
    │   │   │   ├── double-conversion
    │   │   │   ├── fmt
    │   │   │   ├── gflags
    │   │   │   ├── glog
    │   │   │   │   └── gflags
    │   │   │   ├── libevent
    │   │   │   │   └── openssl@1.1
    │   │   │   │       └── ca-certificates
    │   │   │   ├── lz4
    │   │   │   ├── openssl@1.1
    │   │   │   │   └── ca-certificates
    │   │   │   ├── snappy
    │   │   │   ├── xz
    │   │   │   └── zstd
    │   │   ├── gflags
    │   │   ├── glog
    │   │   │   └── gflags
    │   │   ├── libevent
    │   │   │   └── openssl@1.1
    │   │   │       └── ca-certificates
    │   │   ├── libsodium
    │   │   ├── lz4
    │   │   ├── openssl@1.1
    │   │   │   └── ca-certificates
    │   │   ├── snappy
    │   │   └── zstd
    │   └── zstd
    ├── fizz
    │   ├── boost
    │   │   └── icu4c
    │   ├── double-conversion
    │   ├── fmt
    │   ├── folly
    │   │   ├── boost
    │   │   │   └── icu4c
    │   │   ├── double-conversion
    │   │   ├── fmt
    │   │   ├── gflags
    │   │   ├── glog
    │   │   │   └── gflags
    │   │   ├── libevent
    │   │   │   └── openssl@1.1
    │   │   │       └── ca-certificates
    │   │   ├── lz4
    │   │   ├── openssl@1.1
    │   │   │   └── ca-certificates
    │   │   ├── snappy
    │   │   ├── xz
    │   │   └── zstd
    │   ├── gflags
    │   ├── glog
    │   │   └── gflags
    │   ├── libevent
    │   │   └── openssl@1.1
    │   │       └── ca-certificates
    │   ├── libsodium
    │   ├── lz4
    │   ├── openssl@1.1
    │   │   └── ca-certificates
    │   ├── snappy
    │   └── zstd
    ├── fmt
    ├── folly
    │   ├── boost
    │   │   └── icu4c
    │   ├── double-conversion
    │   ├── fmt
    │   ├── gflags
    │   ├── glog
    │   │   └── gflags
    │   ├── libevent
    │   │   └── openssl@1.1
    │   │       └── ca-certificates
    │   ├── lz4
    │   ├── openssl@1.1
    │   │   └── ca-certificates
    │   ├── snappy
    │   ├── xz
    │   └── zstd
    ├── gflags
    ├── glog
    │   └── gflags
    ├── openssl@1.1
    │   └── ca-certificates
    └── wangle
        ├── boost
        │   └── icu4c
        ├── double-conversion
        ├── fizz
        │   ├── boost
        │   │   └── icu4c
        │   ├── double-conversion
        │   ├── fmt
        │   ├── folly
        │   │   ├── boost
        │   │   │   └── icu4c
        │   │   ├── double-conversion
        │   │   ├── fmt
        │   │   ├── gflags
        │   │   ├── glog
        │   │   │   └── gflags
        │   │   ├── libevent
        │   │   │   └── openssl@1.1
        │   │   │       └── ca-certificates
        │   │   ├── lz4
        │   │   ├── openssl@1.1
        │   │   │   └── ca-certificates
        │   │   ├── snappy
        │   │   ├── xz
        │   │   └── zstd
        │   ├── gflags
        │   ├── glog
        │   │   └── gflags
        │   ├── libevent
        │   │   └── openssl@1.1
        │   │       └── ca-certificates
        │   ├── libsodium
        │   ├── lz4
        │   ├── openssl@1.1
        │   │   └── ca-certificates
        │   ├── snappy
        │   └── zstd
        ├── fmt
        ├── folly
        │   ├── boost
        │   │   └── icu4c
        │   ├── double-conversion
        │   ├── fmt
        │   ├── gflags
        │   ├── glog
        │   │   └── gflags
        │   ├── libevent
        │   │   └── openssl@1.1
        │   │       └── ca-certificates
        │   ├── lz4
        │   ├── openssl@1.1
        │   │   └── ca-certificates
        │   ├── snappy
        │   ├── xz
        │   └── zstd
        ├── gflags
        ├── glog
        │   └── gflags
        ├── libevent
        │   └── openssl@1.1
        │       └── ca-certificates
        ├── libsodium
        ├── lz4
        ├── openssl@1.1
        │   └── ca-certificates
        ├── snappy
        └── zstd

webp
├── giflib
├── jpeg
├── libpng
└── libtiff
    └── jpeg

wget
├── libidn2
│   ├── gettext
│   └── libunistring
└── openssl@1.1
    └── ca-certificates

x265

xcbeautify

xmlto
├── docbook
├── docbook-xsl
│   └── docbook
└── gnu-getopt

xz

yarn

zstd

========================================


=== Ruby and rubygems ==================
* Ruby (default): ruby 2.6.9p207 (2021-11-24 revision 67954) [x86_64-darwin19]
--- Available ruby versions ---
  system
  2.4.5
  2.5.3
  2.5.9
  2.6.5
* 2.6.9 (set by /Users/vagrant/.rbenv/version)
  2.7.2
  2.7.5
  3.0.0
  3.0.3
  3.1.0
-------------------------------
* rbenv: 1.2.0
* Rubygems: 3.0.3.1
* Bundler: Bundler version 2.3.17
* CocoaPods: 1.11.3
* xcpretty: 0.3.0
========================================


=== All Ruby GEMs ======================
activesupport (6.1.5.1)
addressable (2.8.0)
algoliasearch (1.27.5)
artifactory (3.0.15)
atomos (0.1.3)
aws-eventstream (1.2.0)
aws-partitions (1.582.0)
aws-sdk-core (3.130.2)
aws-sdk-kms (1.56.0)
aws-sdk-s3 (1.113.2)
aws-sigv4 (1.5.0)
babosa (1.0.4)
bigdecimal (default: 1.4.1)
bundler (2.3.17, 2.3.13, 2.3.12, default: 1.17.2)
CFPropertyList (3.0.5)
claide (1.1.0, 1.0.3)
clamp (1.3.2)
cmath (default: 1.0.0)
cocoapods (1.11.3)
cocoapods-core (1.11.3)
cocoapods-deintegrate (1.0.5)
cocoapods-downloader (1.6.3)
cocoapods-plugins (1.0.0)
cocoapods-search (1.0.1)
cocoapods-trunk (1.6.0)
cocoapods-try (1.2.0)
colored (1.2)
colored2 (3.1.2)
commander (4.6.0)
concurrent-ruby (1.1.10)
csv (default: 3.0.9)
date (default: 2.0.2)
dbm (default: 1.0.0)
declarative (0.0.20)
did_you_mean (1.3.0)
digest-crc (0.6.4)
domain_name (0.5.20190701)
dotenv (2.7.6)
e2mmap (default: 0.1.0)
emoji_regex (3.2.3)
escape (0.0.4)
etc (default: 1.0.1)
ethon (0.15.0)
excon (0.92.3)
faraday (1.10.0)
faraday-cookie_jar (0.0.7)
faraday-em_http (1.0.0)
faraday-em_synchrony (1.0.0)
faraday-excon (1.1.0)
faraday-httpclient (1.0.1)
faraday-multipart (1.0.3)
faraday-net_http (1.0.1)
faraday-net_http_persistent (1.2.0)
faraday-patron (1.0.0)
faraday-rack (1.0.0)
faraday-retry (1.0.3)
faraday_middleware (1.2.0)
fastimage (2.2.6)
fastlane (2.207.0, 2.205.2)
fcntl (default: 1.0.0)
ffi (1.15.5)
fiddle (default: 1.0.0)
fileutils (default: 1.1.0)
forwardable (default: 1.2.0)
fourflusher (2.3.1)
fuzzy_match (2.0.4)
gdbm (default: 2.0.0)
gh_inspector (1.1.3)
google-apis-androidpublisher_v3 (0.19.0)
google-apis-core (0.4.2)
google-apis-iamcredentials_v1 (0.10.0)
google-apis-playcustomapp_v1 (0.7.0)
google-apis-storage_v1 (0.13.0)
google-cloud-core (1.6.0)
google-cloud-env (1.6.0)
google-cloud-errors (1.2.0)
google-cloud-storage (1.36.2)
googleauth (1.1.3)
highline (2.0.3)
http-cookie (1.0.4)
httpclient (2.8.3)
i18n (1.10.0)
io-console (default: 0.4.7)
ipaddr (default: 1.2.2)
irb (default: 1.0.0)
jazzy (0.14.2)
jmespath (1.6.1)
json (default: 2.1.0)
jwt (2.3.0)
liferaft (0.0.6)
logger (default: 1.3.0)
matrix (default: 0.1.0)
memoist (0.16.2)
mini_magick (4.11.0)
mini_mime (1.1.2)
minitest (5.11.3)
molinillo (0.8.0)
multi_json (1.15.0)
multipart-post (2.0.0)
mustache (1.1.1)
mutex_m (default: 0.1.0)
nanaimo (0.3.0)
nap (1.1.0)
naturally (2.2.1)
net-telnet (0.2.0)
netrc (0.11.0)
nokogiri (1.13.4 x86_64-darwin)
open4 (1.3.4)
openssl (default: 2.1.2)
optparse (0.1.1)
os (1.1.4)
ostruct (default: 0.1.0)
plist (3.6.0)
power_assert (1.1.3)
prime (default: 0.1.0)
psych (default: 3.1.0)
public_suffix (4.0.7)
racc (1.6.0)
rake (12.3.3)
rdoc (default: 6.1.2.1)
redcarpet (3.5.1)
representable (3.1.1)
retriable (3.1.2)
rexml (3.2.5, default: 3.1.9.1)
rouge (2.0.7)
rss (default: 0.2.7)
ruby-macho (2.5.1)
ruby2_keywords (0.0.5)
rubyzip (2.3.2)
sassc (2.4.0)
scanf (default: 1.0.0)
sdbm (default: 1.0.0)
security (0.1.3)
shell (default: 0.7)
signet (0.16.1)
simctl (1.6.8)
slack-notifier (2.4.0)
slather (2.7.2)
sqlite3 (1.4.2)
stringio (default: 0.0.2)
strscan (default: 1.0.0)
sync (default: 0.5.0)
terminal-notifier (2.0.0)
terminal-table (1.8.0)
test-unit (3.2.9)
thwait (default: 0.1.0)
tracer (default: 0.1.0)
trailblazer-option (0.1.2)
trainer (0.9.1)
tty-cursor (0.7.1)
tty-screen (0.8.1)
tty-spinner (0.9.3)
typhoeus (1.4.0)
tzinfo (2.0.4)
uber (0.1.0)
unf (0.1.4)
unf_ext (0.0.8.1)
unicode-display_width (1.8.0)
webrick (default: 1.4.4)
word_wrap (1.0.0)
xcinvoke (0.3.0)
xcode-install (2.8.0)
xcodeproj (1.21.0)
xcov (1.8.1)
xcpretty (0.3.0)
xcpretty-json-formatter (0.1.1)
xcpretty-travis-formatter (1.0.1)
xcresult (0.2.1)
xmlrpc (0.3.0)
zeitwerk (2.5.4)
zlib (default: 1.0.0)
========================================


=== NPM global packages ==========================
* Cordova: 11.0.0
* Ionic: 6.19.0
* Appcenter-CLI version: 2.10.8
========================================


=== Checking Xcode CLT dirs ============

 * ls -1 /Library/Developer/CommandLineTools/SDKs/MacOSX10.15.sdk/usr/include/CommonCrypto
CommonCrypto.h
CommonCryptoError.h
CommonCryptor.h
CommonDigest.h
CommonHMAC.h
CommonKeyDerivation.h
CommonRandom.h
CommonSymmetricKeywrap.h
module.modulemap

 * ls -1 /Library/Developer/CommandLineTools/
Library
SDKs
usr

 * /Library/Developer/CommandLineTools/usr/bin/swift --version
Apple Swift version 5.3.2 (swiftlang-1200.0.45 clang-1200.0.32.28)
Target: x86_64-apple-darwin19.6.0

========================================


=== Xcode ==============================

* Active Xcode Command Line Tools:
/Applications/Xcode-11.7.app/Contents/Developer

* Xcode Version:
Xcode 11.7
Build version 11E801a

* /usr/bin/swift --version
Apple Swift version 5.2.4 (swiftlang-1103.0.32.9 clang-1103.0.32.53)
Target: x86_64-apple-darwin19.6.0

* Installed SDKs:
iOS SDKs:
	iOS 13.7                      	-sdk iphoneos13.7

iOS Simulator SDKs:
	Simulator - iOS 13.7          	-sdk iphonesimulator13.7

macOS SDKs:
	DriverKit 19.0                	-sdk driverkit.macosx19.0
	macOS 10.15                   	-sdk macosx10.15

tvOS SDKs:
	tvOS 13.4                     	-sdk appletvos13.4

tvOS Simulator SDKs:
	Simulator - tvOS 13.4         	-sdk appletvsimulator13.4

watchOS SDKs:
	watchOS 6.2                   	-sdk watchos6.2

watchOS Simulator SDKs:
	Simulator - watchOS 6.2       	-sdk watchsimulator6.2


* Available Simulators:
== Device Types ==
iPhone 4s (com.apple.CoreSimulator.SimDeviceType.iPhone-4s)
iPhone 5 (com.apple.CoreSimulator.SimDeviceType.iPhone-5)
iPhone 5s (com.apple.CoreSimulator.SimDeviceType.iPhone-5s)
iPhone 6 Plus (com.apple.CoreSimulator.SimDeviceType.iPhone-6-Plus)
iPhone 6 (com.apple.CoreSimulator.SimDeviceType.iPhone-6)
iPhone 6s (com.apple.CoreSimulator.SimDeviceType.iPhone-6s)
iPhone 6s Plus (com.apple.CoreSimulator.SimDeviceType.iPhone-6s-Plus)
iPhone SE (1st generation) (com.apple.CoreSimulator.SimDeviceType.iPhone-SE)
iPhone 7 (com.apple.CoreSimulator.SimDeviceType.iPhone-7)
iPhone 7 Plus (com.apple.CoreSimulator.SimDeviceType.iPhone-7-Plus)
iPhone 8 (com.apple.CoreSimulator.SimDeviceType.iPhone-8)
iPhone 8 Plus (com.apple.CoreSimulator.SimDeviceType.iPhone-8-Plus)
iPhone X (com.apple.CoreSimulator.SimDeviceType.iPhone-X)
iPhone Xs (com.apple.CoreSimulator.SimDeviceType.iPhone-XS)
iPhone Xs Max (com.apple.CoreSimulator.SimDeviceType.iPhone-XS-Max)
iPhone Xʀ (com.apple.CoreSimulator.SimDeviceType.iPhone-XR)
iPhone 11 (com.apple.CoreSimulator.SimDeviceType.iPhone-11)
iPhone 11 Pro (com.apple.CoreSimulator.SimDeviceType.iPhone-11-Pro)
iPhone 11 Pro Max (com.apple.CoreSimulator.SimDeviceType.iPhone-11-Pro-Max)
iPhone SE (2nd generation) (com.apple.CoreSimulator.SimDeviceType.iPhone-SE--2nd-generation-)
iPad 2 (com.apple.CoreSimulator.SimDeviceType.iPad-2)
iPad Retina (com.apple.CoreSimulator.SimDeviceType.iPad-Retina)
iPad Air (com.apple.CoreSimulator.SimDeviceType.iPad-Air)
iPad mini 2 (com.apple.CoreSimulator.SimDeviceType.iPad-mini-2)
iPad mini 3 (com.apple.CoreSimulator.SimDeviceType.iPad-mini-3)
iPad mini 4 (com.apple.CoreSimulator.SimDeviceType.iPad-mini-4)
iPad Air 2 (com.apple.CoreSimulator.SimDeviceType.iPad-Air-2)
iPad Pro (9.7-inch) (com.apple.CoreSimulator.SimDeviceType.iPad-Pro--9-7-inch-)
iPad Pro (12.9-inch) (com.apple.CoreSimulator.SimDeviceType.iPad-Pro)
iPad (5th generation) (com.apple.CoreSimulator.SimDeviceType.iPad--5th-generation-)
iPad Pro (12.9-inch) (2nd generation) (com.apple.CoreSimulator.SimDeviceType.iPad-Pro--12-9-inch---2nd-generation-)
iPad Pro (10.5-inch) (com.apple.CoreSimulator.SimDeviceType.iPad-Pro--10-5-inch-)
iPad (6th generation) (com.apple.CoreSimulator.SimDeviceType.iPad--6th-generation-)
iPad (7th generation) (com.apple.CoreSimulator.SimDeviceType.iPad--7th-generation-)
iPad Pro (11-inch) (1st generation) (com.apple.CoreSimulator.SimDeviceType.iPad-Pro--11-inch-)
iPad Pro (12.9-inch) (3rd generation) (com.apple.CoreSimulator.SimDeviceType.iPad-Pro--12-9-inch---3rd-generation-)
iPad Pro (11-inch) (2nd generation) (com.apple.CoreSimulator.SimDeviceType.iPad-Pro--11-inch---2nd-generation-)
iPad Pro (12.9-inch) (4th generation) (com.apple.CoreSimulator.SimDeviceType.iPad-Pro--12-9-inch---4th-generation-)
iPad mini (5th generation) (com.apple.CoreSimulator.SimDeviceType.iPad-mini--5th-generation-)
iPad Air (3rd generation) (com.apple.CoreSimulator.SimDeviceType.iPad-Air--3rd-generation-)
Apple TV (com.apple.CoreSimulator.SimDeviceType.Apple-TV-1080p)
Apple TV 4K (com.apple.CoreSimulator.SimDeviceType.Apple-TV-4K-4K)
Apple TV 4K (at 1080p) (com.apple.CoreSimulator.SimDeviceType.Apple-TV-4K-1080p)
Apple Watch - 38mm (com.apple.CoreSimulator.SimDeviceType.Apple-Watch-38mm)
Apple Watch - 42mm (com.apple.CoreSimulator.SimDeviceType.Apple-Watch-42mm)
Apple Watch Series 2 - 38mm (com.apple.CoreSimulator.SimDeviceType.Apple-Watch-Series-2-38mm)
Apple Watch Series 2 - 42mm (com.apple.CoreSimulator.SimDeviceType.Apple-Watch-Series-2-42mm)
Apple Watch Series 3 - 38mm (com.apple.CoreSimulator.SimDeviceType.Apple-Watch-Series-3-38mm)
Apple Watch Series 3 - 42mm (com.apple.CoreSimulator.SimDeviceType.Apple-Watch-Series-3-42mm)
Apple Watch Series 4 - 40mm (com.apple.CoreSimulator.SimDeviceType.Apple-Watch-Series-4-40mm)
Apple Watch Series 4 - 44mm (com.apple.CoreSimulator.SimDeviceType.Apple-Watch-Series-4-44mm)
Apple Watch Series 5 - 40mm (com.apple.CoreSimulator.SimDeviceType.Apple-Watch-Series-5-40mm)
Apple Watch Series 5 - 44mm (com.apple.CoreSimulator.SimDeviceType.Apple-Watch-Series-5-44mm)
== Runtimes ==
iOS 13.0 (13.0 - 17A577) - com.apple.CoreSimulator.SimRuntime.iOS-13-0 
iOS 13.1 (13.1 - 17A844) - com.apple.CoreSimulator.SimRuntime.iOS-13-1 
iOS 13.2 (13.2.2 - 17B102) - com.apple.CoreSimulator.SimRuntime.iOS-13-2 
iOS 13.3 (13.3 - 17C45) - com.apple.CoreSimulator.SimRuntime.iOS-13-3 
iOS 13.4 (13.4 - 17E255) - com.apple.CoreSimulator.SimRuntime.iOS-13-4 
iOS 13.5 (13.5 - 17F61) - com.apple.CoreSimulator.SimRuntime.iOS-13-5 
iOS 13.6 (13.6 - 17G64) - com.apple.CoreSimulator.SimRuntime.iOS-13-6 
iOS 13.7 (13.7 - 17H22) - com.apple.CoreSimulator.SimRuntime.iOS-13-7 
tvOS 13.0 (13.0 - 17J585) - com.apple.CoreSimulator.SimRuntime.tvOS-13-0 
tvOS 13.2 (13.2 - 17K90) - com.apple.CoreSimulator.SimRuntime.tvOS-13-2 
tvOS 13.3 (13.3 - 17K446) - com.apple.CoreSimulator.SimRuntime.tvOS-13-3 
tvOS 13.4 (13.4 - 17L255) - com.apple.CoreSimulator.SimRuntime.tvOS-13-4 
watchOS 6.0 (6.0 - 17R575) - com.apple.CoreSimulator.SimRuntime.watchOS-6-0 
watchOS 6.1 (6.1.1 - 17S445) - com.apple.CoreSimulator.SimRuntime.watchOS-6-1 
watchOS 6.2 (6.2.1 - 17T531) - com.apple.CoreSimulator.SimRuntime.watchOS-6-2 
== Devices ==
-- iOS 13.0 --
    iPhone 8 (4B600693-0BB3-480E-8B31-3A2CFA0EAC49) (Shutdown) 
    iPhone 8 Plus (07B2F799-446F-4240-B204-B57620157E7D) (Shutdown) 
    iPhone 11 (4B8E37DB-2BB1-4A86-A223-75AE1E49D63C) (Shutdown) 
    iPhone 11 Pro (618F2514-FA75-4E7B-A213-0CED35A6E9B0) (Shutdown) 
    iPhone 11 Pro Max (D383EE00-358A-44D6-87BA-84E927E4961E) (Shutdown) 
    iPad Pro (9.7-inch) (73220099-F62B-4507-B441-700A96551405) (Shutdown) 
    iPad Pro (11-inch) (1st generation) (E5BD47A0-C1FF-483F-BF99-F86E6BC6FC36) (Shutdown) 
    iPad Pro (12.9-inch) (3rd generation) (758F5A99-33A2-413B-BB2B-3E7065511990) (Shutdown) 
    iPad Air (3rd generation) (52E9700D-7D3B-4CC4-B4FD-1BC163638747) (Shutdown) 
-- iOS 13.1 --
    iPhone 8 (B2FDE20D-2AC8-4050-ACF9-C99D454DC12A) (Shutdown) 
    iPhone 8 Plus (26346B28-402B-40BE-8C5D-9B72981428F4) (Shutdown) 
    iPhone 11 (76BB30B6-0B89-409B-8375-02E49B7F4DBC) (Shutdown) 
    iPhone 11 Pro (35CC4426-BC38-4EE7-AEC0-3EE2FE4B7D09) (Shutdown) 
    iPhone 11 Pro Max (F6CABA87-B91D-4196-B434-1BCE1B7011B2) (Shutdown) 
    iPad Pro (9.7-inch) (F1B54C39-F691-4896-A2D9-A4AD7B6460EC) (Shutdown) 
    iPad Pro (11-inch) (1st generation) (F62CCFB6-9138-4C40-A8DC-E1ECAFD689EA) (Shutdown) 
    iPad Pro (12.9-inch) (3rd generation) (5D719C46-8E54-4003-902E-98344D4C9195) (Shutdown) 
    iPad Air (3rd generation) (C8D745CC-75D2-4E02-9FC8-8A3DD5BDBDDB) (Shutdown) 
-- iOS 13.2 --
    iPhone 8 (91BA7AF0-25A6-4A0B-AB0C-F07F7F6245B8) (Shutdown) 
    iPhone 8 Plus (571AE979-E2C4-4EBB-8246-279793E36D6C) (Shutdown) 
    iPhone 11 (53B8DA7F-7128-4BDA-9097-B2C1C654C043) (Shutdown) 
    iPhone 11 Pro (DC2DC1DA-EE58-4D09-B5C0-353FEA2B2ACA) (Shutdown) 
    iPhone 11 Pro Max (A72BA501-0BD5-4936-8C53-716498488F48) (Shutdown) 
    iPad Pro (9.7-inch) (C9E3077B-30CE-42EF-AB4B-E8D46A331BBD) (Shutdown) 
    iPad (7th generation) (CFE9FB54-9B58-4EBC-BC81-F4D7B91812F3) (Shutdown) 
    iPad Pro (11-inch) (1st generation) (BD0DA6C8-A88B-4923-BE83-3C3E54569E90) (Shutdown) 
    iPad Pro (12.9-inch) (3rd generation) (D9FBEAAA-1DD1-4FE1-A797-EFAAFA1ACFD0) (Shutdown) 
    iPad Air (3rd generation) (24B7A6BE-9A0B-4704-A1A4-947EA31E6306) (Shutdown) 
-- iOS 13.3 --
    iPhone 8 (10B053D0-FFED-4964-B4D6-925574947C38) (Shutdown) 
    iPhone 8 Plus (386A065D-C959-4EA8-85E5-F00821C34AD3) (Shutdown) 
    iPhone 11 (4A6E598C-415A-4F05-88E4-961F9C6C40BE) (Shutdown) 
    iPhone 11 Pro (AC696F14-5E38-4C60-8517-3CFBCD7BE03A) (Shutdown) 
    iPhone 11 Pro Max (C5DEC969-3286-4DDA-A6BB-C91FEDE94214) (Shutdown) 
    iPad Pro (9.7-inch) (C24BE8A1-111E-46F7-9BAC-6D16C22F0FC5) (Shutdown) 
    iPad (7th generation) (7EFC9DDF-9048-4EB7-BC2C-F5C34D76E92B) (Shutdown) 
    iPad Pro (11-inch) (1st generation) (9F501145-6395-4709-9704-837B38C3479A) (Shutdown) 
    iPad Pro (12.9-inch) (3rd generation) (C932FFC0-9694-4429-8EC0-9D114B097E8B) (Shutdown) 
    iPad Air (3rd generation) (F0A61735-B538-46A2-8DC0-4CB24DBC1D13) (Shutdown) 
-- iOS 13.4 --
    iPhone 8 (FD63B9B7-6488-4458-817F-DA359A1B739C) (Shutdown) 
    iPhone 8 Plus (6B974B00-E95C-47AA-A556-DB333A06DAE0) (Shutdown) 
    iPhone 11 (A1973C64-68CA-4C9B-B3DF-C53C4F65BF8F) (Shutdown) 
    iPhone 11 Pro (CFFA68AA-862C-475F-B1BC-4BEC667372FB) (Shutdown) 
    iPhone 11 Pro Max (348E6ECE-F2DA-4D4C-A133-88EDE09F99CA) (Shutdown) 
    iPad Pro (9.7-inch) (2C847C47-5CEA-4691-90E8-5AFE325745CD) (Shutdown) 
    iPad (7th generation) (BC7EBE9D-A28E-417B-BE37-FE37EDC2A51D) (Shutdown) 
    iPad Pro (11-inch) (2nd generation) (0BFC9F8F-EB2D-4A0A-BED5-D3EA7FBFB534) (Shutdown) 
    iPad Pro (12.9-inch) (4th generation) (6B3D789A-966F-4A5B-BAE5-2606B75A5179) (Shutdown) 
    iPad Air (3rd generation) (A55D6896-5306-436A-B022-B4A291DB560F) (Shutdown) 
-- iOS 13.5 --
    iPhone 8 (D7229BBA-7AEE-4B6A-9367-E4EC07A6BAE8) (Shutdown) 
    iPhone 8 Plus (74C2C135-E58A-405F-AECC-C59A53D53349) (Shutdown) 
    iPhone 11 (F8BF5065-EC2A-4A4C-8190-D38D5DD75C4C) (Shutdown) 
    iPhone 11 Pro (526A5C84-FD4B-478D-915E-B4F1A8083222) (Shutdown) 
    iPhone 11 Pro Max (1833D9BF-B5F8-4F61-A4A3-CB267AFED642) (Shutdown) 
    iPhone SE (2nd generation) (A9071136-0EC5-42A0-A7ED-C09E2F5687C3) (Shutdown) 
    iPad Pro (9.7-inch) (AAC9FD91-0261-4BEB-AFBB-C65B07519B46) (Shutdown) 
    iPad (7th generation) (6D15C183-70D8-46E1-888A-89F9AA11C3D0) (Shutdown) 
    iPad Pro (11-inch) (2nd generation) (C8D7359E-ED72-4C7D-9E16-27C4504A4448) (Shutdown) 
    iPad Pro (12.9-inch) (4th generation) (AF0CB271-77FF-48D8-BA22-CFBE97C1DDE9) (Shutdown) 
    iPad Air (3rd generation) (476408C6-1DF5-4509-BA3D-3624AE180E59) (Shutdown) 
-- iOS 13.6 --
    iPhone 8 (9B164614-BDAC-446F-94A8-B192FA92BD80) (Shutdown) 
    iPhone 8 Plus (2B8C79C7-808F-4276-9F92-C7A2AD7A7070) (Shutdown) 
    iPhone 11 (E25007BE-8979-4F4B-AC7E-699C4BE1EA99) (Shutdown) 
    iPhone 11 Pro (0B147D85-023F-4009-B017-B2051A4B1039) (Shutdown) 
    iPhone 11 Pro Max (4DB11ABA-9AAA-4F20-BE98-3307992A763E) (Shutdown) 
    iPhone SE (2nd generation) (2C5B3341-85F7-4B31-B0B1-9355FE076C24) (Shutdown) 
    iPad Pro (9.7-inch) (DFDA19BE-6F05-4422-A9E0-7DA43B49176F) (Shutdown) 
    iPad (7th generation) (FCA9929E-AC30-4C04-9F22-DCFFF467E5A1) (Shutdown) 
    iPad Pro (11-inch) (2nd generation) (F5B21CD1-F078-4C90-B60E-EDE71B185F6F) (Shutdown) 
    iPad Pro (12.9-inch) (4th generation) (8D0228E2-7AAA-423E-9278-93E1911597D5) (Shutdown) 
    iPad Air (3rd generation) (5A3914AC-BFC9-44AF-844E-1DA8275638C2) (Shutdown) 
-- iOS 13.7 --
    iPhone 8 (EA570F66-F2DF-417F-A15B-0D4BF860D66F) (Shutdown) 
    iPhone 8 Plus (773CA5D5-4747-4F56-8484-4E45DB0D4AA3) (Shutdown) 
    iPhone 11 (1588B8C6-434A-4E1B-8BFF-A365F5889AE9) (Shutdown) 
    iPhone 11 Pro (2733D420-C50C-4F4D-9A71-D8866D39C3ED) (Shutdown) 
    iPhone 11 Pro Max (8D3A186A-1FAD-485B-8137-68AFB6A0B8F5) (Shutdown) 
    iPhone SE (2nd generation) (C6E53D92-73B7-4697-9664-7BBF694E28DB) (Shutdown) 
    iPad Pro (9.7-inch) (89BC2114-7379-465D-BF72-DE7566067259) (Shutdown) 
    iPad (7th generation) (73E3B8F5-F497-4430-9F37-2255730017FB) (Shutdown) 
    iPad Pro (11-inch) (2nd generation) (730326C2-CF07-4E76-AEC2-C142E219C65C) (Shutdown) 
    iPad Pro (12.9-inch) (4th generation) (E1D68E87-8506-44D6-91AC-46D7A5A8016B) (Shutdown) 
    iPad Air (3rd generation) (2044805B-B1F9-4860-8CC6-22744BE34D36) (Shutdown) 
-- tvOS 13.0 --
    Apple TV (5137597B-A0D7-4527-AFE7-898172312ABD) (Shutdown) 
    Apple TV 4K (648CD3BD-05D0-4164-A2B9-61422FB10CC5) (Shutdown) 
    Apple TV 4K (at 1080p) (3B6355EE-6018-4E9C-AF42-48CA119F2282) (Shutdown) 
-- tvOS 13.2 --
    Apple TV (206A17FE-1746-4902-ABFA-037D4E1D7439) (Shutdown) 
    Apple TV 4K (E7D08480-F6FE-4FB4-A8A4-B94EBD993967) (Shutdown) 
    Apple TV 4K (at 1080p) (A87E03F7-BC6D-4F7B-AEEE-752419F1C922) (Shutdown) 
-- tvOS 13.3 --
    Apple TV (B21FDB78-154E-485B-ADF8-ED8E945A1650) (Shutdown) 
    Apple TV 4K (B6E20D71-95D1-4151-A8E5-E5A068E30B2D) (Shutdown) 
    Apple TV 4K (at 1080p) (B86E7EE2-7975-4360-A31D-DF5CE4D442EA) (Shutdown) 
-- tvOS 13.4 --
    Apple TV (3BE71088-EF90-4C04-9FB1-92B631A4AE72) (Shutdown) 
    Apple TV 4K (AE3F6AE6-61D6-4088-8313-CE66D08560C6) (Shutdown) 
    Apple TV 4K (at 1080p) (AC1339E9-B81C-412D-885B-3BF2577CE4B5) (Shutdown) 
-- watchOS 6.0 --
    Apple Watch Series 4 - 40mm (9710B8C3-C8A9-4F2D-AEA1-D27B70A79C1F) (Shutdown) 
    Apple Watch Series 4 - 44mm (EFCC9E58-F5FE-4111-9961-AA62E21EB014) (Shutdown) 
    Apple Watch Series 5 - 40mm (B86BCE47-59AB-46C9-9290-891B77F5D3AA) (Shutdown) 
    Apple Watch Series 5 - 44mm (971CDBD1-3F12-405E-8C25-ECE3396AE2FD) (Shutdown) 
-- watchOS 6.1 --
    Apple Watch Series 4 - 40mm (E9CDE264-0A12-4DD5-90BF-6816A0B89B33) (Shutdown) 
    Apple Watch Series 4 - 44mm (4ABD82C1-19BC-4527-858B-BC0553A0CE2F) (Shutdown) 
    Apple Watch Series 5 - 40mm (6F737B3D-65E3-4AF1-A008-7421EDE8084A) (Shutdown) 
    Apple Watch Series 5 - 44mm (7A99B985-03F4-4812-92B3-0E7524AAC2F9) (Shutdown) 
-- watchOS 6.2 --
    Apple Watch Series 4 - 40mm (013A5585-6FED-4434-B03D-71EBE423FDAF) (Shutdown) 
    Apple Watch Series 4 - 44mm (045E93BE-FBD2-48CC-B47C-54A3B0507C42) (Shutdown) 
    Apple Watch Series 5 - 40mm (16C34A12-7A1A-4F34-B269-7040185D42D7) (Shutdown) 
    Apple Watch Series 5 - 44mm (C0977351-D630-44FA-8186-3CD67EA6F04E) (Shutdown) 
== Device Pairs ==
D25C177C-1B94-45DE-B230-1F5AAE4C436E (active, disconnected)
    Watch: Apple Watch Series 5 - 40mm (16C34A12-7A1A-4F34-B269-7040185D42D7) (Shutdown)
    Phone: iPhone 11 Pro (2733D420-C50C-4F4D-9A71-D8866D39C3ED) (Shutdown)
639F3AF6-38F5-40BD-8F74-23DE315D0B06 (active, disconnected)
    Watch: Apple Watch Series 5 - 44mm (C0977351-D630-44FA-8186-3CD67EA6F04E) (Shutdown)
    Phone: iPhone 11 Pro Max (8D3A186A-1FAD-485B-8137-68AFB6A0B8F5) (Shutdown)

========================================


=== OS X info =========================

* sw_vers
ProductName:	Mac OS X
ProductVersion:	10.15.7
BuildVersion:	19H15

* system_profiler SPSoftwareDataType
Software:

    System Software Overview:

      System Version: macOS 10.15.7 (19H15)
      Kernel Version: Darwin 19.6.0
      Boot Volume: Macintosh HD
      Boot Mode: Normal
      Computer Name: vm-osx-xcode-11.7.x-g2.4core-adee0433-32e0-419f-b16b-acc1017cf011
      User Name: vagrant (vagrant)
      Secure Virtual Memory: Enabled
      System Integrity Protection: Disabled
      Time since boot: 2 minutes


========================================


=== System infos =======================
* Free disk space:
    Filesystem         Size        Avail
  /dev/disk1s5        300Gi        154Gi
========================================

--- Android

* ANDROID_HOME (/usr/local/share/android-sdk) content:
add-ons
build-tools
cmdline-tools
emulator
extras
licenses
ndk-bundle
patcher
platform-tools
platforms
system-images
tools

* ANDROID_NDK_HOME (/usr/local/share/android-sdk/ndk-bundle) content:
CHANGELOG.md
NOTICE
NOTICE.toolchain
README.md
build
meta
ndk-build
ndk-gdb
ndk-stack
ndk-which
package.xml
platforms
prebuilt
python-packages
shader-tools
simpleperf
source.properties
sources
sysroot
toolchains
wrap.sh

* Android NDK Version:
Pkg.Desc = Android NDK
Pkg.Revision = 21.4.7075529

* platform-tools content:
NOTICE.txt
adb
dmtracedump
e2fsdroid
etc1tool
fastboot
hprof-conv
lib64
make_f2fs
make_f2fs_casefold
mke2fs
mke2fs.conf
package.xml
sload_f2fs
source.properties
sqlite3
systrace

* build-tools content:
17.0.0
19.1.0
21.1.2
22.0.1
23.0.3
24.0.3
25.0.3
26.0.1
26.0.2
27.0.0
27.0.1
27.0.2
27.0.3
28.0.0
28.0.1
28.0.2
28.0.3
29.0.0
29.0.1
29.0.2
29.0.3
30.0.0
30.0.1
30.0.2
30.0.3

* extras content:
/usr/local/share/android-sdk/extras
├── android
│   └── m2repository
├── google
│   ├── google_play_services
│   └── m2repository
└── m2repository
    └── com

7 directories, 0 files

* platforms content:
android-15
android-17
android-19
android-21
android-22
android-23
android-24
android-25
android-26
android-27
android-28
android-29
android-30

* system-images content:
/usr/local/share/android-sdk/system-images
├── android-26
│   └── google_apis
│       └── x86
├── android-28
│   └── google_apis
│       └── x86_64
├── android-29
│   └── google_apis
│       └── x86
└── android-30
    └── google_apis
        └── x86

12 directories, 0 files

========================================

 * SDK packages:
* Command line Tools version: 5.0
* Platform Tools version: 31.0.3
* Emulator version: 30.8.4
========================================


=== Android APK tools ==================

* aapt2:

========================================


=== Environment infos =======================
MATCH_KEYCHAIN_PASSWORD environment set
========================================


=== Control tests ======================
source $HOME/.bash_profile ...
source $HOME/.bash_profile - PASSED
========================================

