 (i) Ignore Errors: disabled


=== Revision / ID ======================
* BITRISE_OSX_STACK_REV_ID: v2023_03_06
========================================


=== Pre-installed tool versions ========
* Go: go version go1.18.10 darwin/arm64
* Python: Python 2.7.18
* Node.js: v16.19.1
* NPM: 8.19.3
* Yarn: 1.22.19
* Java:   system
  1.8
  1.8.0.352
* 11.0 (set by /Users/vagrant/.jenv/version)
  11.0.17
  17.0
  17.0.5
  8.0
  temurin64-1.8.0.352
  temurin64-11.0.17
  temurin64-17.0.5
* Kotlin: Kotlin version 1.8.10-release-430 (JRE 11.0.17+8)
* Flutter: Flutter 2.10.3 • channel stable • https://github.com/flutter/flutter.git
* fvm: 2.4.1
* Flutter SDKs via fvm: Cache Directory:  /Users/vagrant/fvm/versions

3.7.6
3.0.0
2.10.3 (global)
1.22.6

=== Dart global packages ==================
junitreport 2.0.2
===========================================


* git: git version 2.40.0
* git lfs: git-lfs/3.3.0 (GitHub; darwin arm64; go 1.19.3)
* mercurial/hg: Mercurial Distributed SCM (version 6.3.3)
* curl: curl 7.88.1 (aarch64-apple-darwin21.6.0) libcurl/7.88.1 (SecureTransport) OpenSSL/1.1.1t zlib/1.2.11 brotli/1.0.9 zstd/1.5.4 libidn2/2.3.4 libssh2/1.10.0 nghttp2/1.52.0 librtmp/2.3
* wget: GNU Wget 1.21.3 built on darwin21.6.0.
* rsync: rsync  version 2.6.9  protocol version 29
* unzip: UnZip 6.00 of 20 April 2009, by Info-ZIP.  Maintained by C. Spieler.  Send
* zip: This is Zip 3.0 (July 5th 2008), by Info-ZIP.
* tar: bsdtar 3.5.1 - libarchive 3.5.1 zlib/1.2.11 liblzma/5.0.5 bz2lib/1.0.8 
* tree: tree v2.1.0 © 1996 - 2022 by Steve Baker, Thomas Moore, Francesc Rocher, Florian Sesser, Kyosuke Tokoro

* brew: Homebrew 4.0.6
Homebrew/homebrew-core (git revision c659ac95f3d; last commit 2023-03-16)
Homebrew/homebrew-cask (git revision 11a13d5342; last commit 2023-03-16)
* Ansible: ansible [core 2.14.3]
  config file = /Users/vagrant/git/ansible.cfg
  ansible python module location = /opt/homebrew/Cellar/ansible/7.3.0/libexec/lib/python3.11/site-packages/ansible
  ansible collection location = /Users/vagrant/.ansible/collections:/usr/share/ansible/collections
  executable location = /opt/homebrew/bin/ansible
  python version = 3.11.2 (main, Feb 16 2023, 02:51:42) [Clang 14.0.0 (clang-1400.0.29.202)] (/opt/homebrew/Cellar/ansible/7.3.0/libexec/bin/python3.11)
* gtimeout: timeout (GNU coreutils) 9.1
* watchman: 2023.03.13.00
* flow: Flow, a static type checker for JavaScript, version 0.201.0
* carthage: 0.39.0
* imagemagick (convert): Version: ImageMagick 7.1.1-3 Q16-HDRI aarch64 20959 https://imagemagick.org
* ghostscript (ps2ascii): 10.00.0
* screen: Screen version 4.09.00 (GNU) 30-Jan-22
* firebase: 11.22.0
* applesimutils version 0.9.9
* jq: 1.6
* xcbeautify: 0.18.0
* XCLogParser 0.2.36
* Screen 4.09.00
* applesimutils 0.9.9
* OpenConnect version v9.01
* aws-cli: aws-cli/2.11.3 Python/3.11.2 Darwin/21.6.0 source/arm64 prompt/off
* cmake: 3.26.0
* danger-swift: 3.16.0
[0;0m
* OpenVPN 2.6.1 aarch64-apple-darwin21.6.0 [SSL (OpenSSL)] [LZO] [LZ4] [PKCS11] [MH/RECVDA] [AEAD]
* tuist: 3.12.0

--- Bitrise CLI tool versions
* bitrise: 2.2.3
* stepman: 0.16.0
* envman: 2.4.0
========================================


=== Brew list versions ==================
ansible 7.3.0
ant 1.10.13
aom 3.6.0
applesimutils 0.9.9
apr 1.7.2
apr-util 1.6.3
argon2 20190702_1
aria2 1.36.0_1
aspell 0.60.8
autoconf 2.71
awscli 2.11.3
bazelisk 1.16.0
bdw-gc 8.2.2
boost 1.81.0_1
brotli 1.0.9
c-ares 1.19.0
ca-certificates 2023-01-10
cairo 1.16.0_5
carthage 0.39.0
cmake 3.26.0
coreutils 9.1
curl 7.88.1
danger-js 64
danger-swift 3.16.0
dart 2.19.4
docutils 0.19_1
double-conversion 3.2.1
edencommon 2023.03.13.00
fb303 2023.03.13.00
fbthrift 2023.03.13.00
fizz 2023.03.13.00
flow 0.201.0
fmt 9.1.0
folly 2023.03.13.00
fontconfig 2.14.2
freetds 1.3.17
freetype 2.13.0_1
fvm 2.4.1
gd 2.3.3_4
gdbm 1.23
gettext 0.21.1
gflags 2.2.2
ghostscript 10.0.0
giflib 5.2.1
git 2.40.0
git-lfs 3.3.0
glib 2.74.6
glog 0.6.0
gmp 6.2.1_1
gnupg 2.4.0
gnutls 3.8.0
go@1.18 1.18.10
gradle 8.0.2
graphite2 1.3.14
groovy 4.0.10
guile 3.0.9
harfbuzz 7.1.0
highway 1.0.3
hub 2.14.2
icu4c 72.1
imagemagick 7.1.1-3
imath 3.1.7
jasper 4.0.0
jbig2dec 0.19
jenv 0.5.6
jpeg-turbo 2.1.5.1
jpeg-xl 0.8.1_1
jq 1.6
kotlin 1.8.10
krb5 1.20.1
libassuan 2.5.5
libavif 0.11.1
libde265 1.0.11
libevent 2.1.12
libgcrypt 1.10.1
libgpg-error 1.46
libheif 1.15.1
libidn 1.41
libidn2 2.3.4_1
libksba 1.6.3
liblqr 0.4.2_1
libnghttp2 1.52.0
libomp 15.0.7
libpng 1.6.39
libpq 15.2
libraw 0.21.1
libsodium 1.0.18_1
libssh2 1.10.0
libtasn1 4.19.0
libtiff 4.4.0_1
libtool 2.4.7
libunistring 1.1
libusb 1.0.26
libuv 1.44.2
libvmaf 2.3.1
libx11 1.8.4
libxau 1.0.11
libxcb 1.15_1
libxdmcp 1.1.4
libxext 1.3.5
libxrender 0.9.11
libyaml 0.2.5
libzip 1.9.2
little-cms2 2.14
llvm 15.0.7_1
lokalise2 2.6.8
lz4 1.9.4
lzo 2.10
m4 1.4.19
macos-term-size 1.0.0
maven 3.9.0
mercurial 6.3.3
mint 0.17.5
mpdecimal 2.5.1
nettle 3.8.1
node@12 12.22.12_1.reinstall
node@16 16.19.1
npth 1.6
oniguruma 6.9.8
openconnect 9.01_2
openexr 3.1.6
openjdk 19.0.2
openjdk@17 17.0.6
openjpeg 2.5.0
openldap 2.6.4
openssl@1.1 1.1.1t
openssl@3 3.1.0
openvpn 2.6.1
p11-kit 0.24.1_1
parallel 20230222
pcre2 10.42
php 8.2.3
pinentry 1.2.1
pixman 0.42.2
pkcs11-helper 1.29.0
pkg-config 0.29.2_3
pyenv 2.3.15
python@3.10 3.10.10_1
python@3.11 3.11.2_1
pyyaml 6.0_1
rbenv 1.2.0
readline 8.2.1
rtmpdump 2.4+20151223_1
ruby-build 20230309
screen 4.9.0_1
shared-mime-info 2.2
six 1.16.0_3
snappy 1.1.10
sqlite 3.41.1
stoken 0.92_1
swiftlint 0.50.3
tidy-html5 5.8.0
transcrypt 2.2.3
tree 2.1.0
unbound 1.17.1
unixodbc 2.3.11
wangle 2023.03.13.00
watchman 2023.03.13.00
webp 1.3.0
wget 1.21.3_1
x265 3.5
xcbeautify 0.18.0
xclogparser 0.2.36
xcodes 1.3.0
xorgproto 2022.2
xz 5.4.1
yamllint 1.29.0
yarn 1.22.19
z3 4.12.1
zstd 1.5.4
temurin11 11.0.17,8
temurin17 17.0.5,8
temurin8 8,352,08
========================================


=== Brew deps tree ==================
ansible
├── openssl@1.1
│   └── ca-certificates
├── python@3.11
│   ├── mpdecimal
│   ├── openssl@1.1
│   │   └── ca-certificates
│   ├── sqlite
│   │   └── readline
│   └── xz
├── pyyaml
│   └── libyaml
└── six

ant
└── openjdk
    ├── giflib
    ├── harfbuzz
    │   ├── cairo
    │   │   ├── fontconfig
    │   │   │   └── freetype
    │   │   │       └── libpng
    │   │   ├── freetype
    │   │   │   └── libpng
    │   │   ├── glib
    │   │   │   ├── pcre2
    │   │   │   └── gettext
    │   │   ├── libpng
    │   │   ├── libx11
    │   │   │   ├── libxcb
    │   │   │   │   ├── libxau
    │   │   │   │   │   └── xorgproto
    │   │   │   │   └── libxdmcp
    │   │   │   │       └── xorgproto
    │   │   │   └── xorgproto
    │   │   ├── libxcb
    │   │   │   ├── libxau
    │   │   │   │   └── xorgproto
    │   │   │   └── libxdmcp
    │   │   │       └── xorgproto
    │   │   ├── libxext
    │   │   │   ├── libx11
    │   │   │   │   ├── libxcb
    │   │   │   │   │   ├── libxau
    │   │   │   │   │   │   └── xorgproto
    │   │   │   │   │   └── libxdmcp
    │   │   │   │   │       └── xorgproto
    │   │   │   │   └── xorgproto
    │   │   │   └── xorgproto
    │   │   ├── libxrender
    │   │   │   ├── libx11
    │   │   │   │   ├── libxcb
    │   │   │   │   │   ├── libxau
    │   │   │   │   │   │   └── xorgproto
    │   │   │   │   │   └── libxdmcp
    │   │   │   │   │       └── xorgproto
    │   │   │   │   └── xorgproto
    │   │   │   └── xorgproto
    │   │   ├── lzo
    │   │   └── pixman
    │   ├── freetype
    │   │   └── libpng
    │   ├── glib
    │   │   ├── pcre2
    │   │   └── gettext
    │   ├── graphite2
    │   └── icu4c
    ├── jpeg-turbo
    ├── libpng
    └── little-cms2
        ├── jpeg-turbo
        └── libtiff
            ├── jpeg-turbo
            └── zstd
                ├── lz4
                └── xz

aom
├── jpeg-xl
│   ├── brotli
│   ├── giflib
│   ├── highway
│   ├── imath
│   ├── jpeg-turbo
│   ├── libpng
│   ├── little-cms2
│   │   ├── jpeg-turbo
│   │   └── libtiff
│   │       ├── jpeg-turbo
│   │       └── zstd
│   │           ├── lz4
│   │           └── xz
│   ├── openexr
│   │   └── imath
│   └── webp
│       ├── giflib
│       ├── jpeg-turbo
│       ├── libpng
│       └── libtiff
│           ├── jpeg-turbo
│           └── zstd
│               ├── lz4
│               └── xz
└── libvmaf

wix/brew/applesimutils

apr

apr-util
├── apr
└── openssl@1.1
    └── ca-certificates

argon2

aria2
├── gettext
├── libssh2
│   └── openssl@1.1
│       └── ca-certificates
└── sqlite
    └── readline

aspell

autoconf
└── m4

awscli
├── docutils
│   └── python@3.11
│       ├── mpdecimal
│       ├── openssl@1.1
│       │   └── ca-certificates
│       ├── sqlite
│       │   └── readline
│       └── xz
├── python@3.11
│   ├── mpdecimal
│   ├── openssl@1.1
│   │   └── ca-certificates
│   ├── sqlite
│   │   └── readline
│   └── xz
└── six

bazelisk

bdw-gc

boost
├── icu4c
├── xz
└── zstd
    ├── lz4
    └── xz

brotli

c-ares

ca-certificates

cairo
├── fontconfig
│   └── freetype
│       └── libpng
├── freetype
│   └── libpng
├── glib
│   ├── pcre2
│   └── gettext
├── libpng
├── libx11
│   ├── libxcb
│   │   ├── libxau
│   │   │   └── xorgproto
│   │   └── libxdmcp
│   │       └── xorgproto
│   └── xorgproto
├── libxcb
│   ├── libxau
│   │   └── xorgproto
│   └── libxdmcp
│       └── xorgproto
├── libxext
│   ├── libx11
│   │   ├── libxcb
│   │   │   ├── libxau
│   │   │   │   └── xorgproto
│   │   │   └── libxdmcp
│   │   │       └── xorgproto
│   │   └── xorgproto
│   └── xorgproto
├── libxrender
│   ├── libx11
│   │   ├── libxcb
│   │   │   ├── libxau
│   │   │   │   └── xorgproto
│   │   │   └── libxdmcp
│   │   │       └── xorgproto
│   │   └── xorgproto
│   └── xorgproto
├── lzo
└── pixman

carthage

cmake

coreutils
└── gmp

curl
├── brotli
├── libidn2
│   ├── libunistring
│   └── gettext
├── libnghttp2
├── libssh2
│   └── openssl@1.1
│       └── ca-certificates
├── openldap
│   └── openssl@1.1
│       └── ca-certificates
├── openssl@1.1
│   └── ca-certificates
├── rtmpdump
│   └── openssl@1.1
│       └── ca-certificates
└── zstd
    ├── lz4
    └── xz

danger/tap/danger-js

danger/tap/danger-swift
└── danger/tap/danger-js

dart-lang/dart/dart

docutils
└── python@3.11
    ├── mpdecimal
    ├── openssl@1.1
    │   └── ca-certificates
    ├── sqlite
    │   └── readline
    └── xz

double-conversion

edencommon
├── folly
│   ├── boost
│   │   ├── icu4c
│   │   ├── xz
│   │   └── zstd
│   │       ├── lz4
│   │       └── xz
│   ├── double-conversion
│   ├── fmt
│   ├── gflags
│   ├── glog
│   │   └── gflags
│   ├── libevent
│   │   └── openssl@1.1
│   │       └── ca-certificates
│   ├── lz4
│   ├── openssl@1.1
│   │   └── ca-certificates
│   ├── snappy
│   ├── xz
│   └── zstd
│       ├── lz4
│       └── xz
├── gflags
└── glog
    └── gflags

fb303
├── fbthrift
│   ├── boost
│   │   ├── icu4c
│   │   ├── xz
│   │   └── zstd
│   │       ├── lz4
│   │       └── xz
│   ├── fizz
│   │   ├── boost
│   │   │   ├── icu4c
│   │   │   ├── xz
│   │   │   └── zstd
│   │   │       ├── lz4
│   │   │       └── xz
│   │   ├── double-conversion
│   │   ├── fmt
│   │   ├── folly
│   │   │   ├── boost
│   │   │   │   ├── icu4c
│   │   │   │   ├── xz
│   │   │   │   └── zstd
│   │   │   │       ├── lz4
│   │   │   │       └── xz
│   │   │   ├── double-conversion
│   │   │   ├── fmt
│   │   │   ├── gflags
│   │   │   ├── glog
│   │   │   │   └── gflags
│   │   │   ├── libevent
│   │   │   │   └── openssl@1.1
│   │   │   │       └── ca-certificates
│   │   │   ├── lz4
│   │   │   ├── openssl@1.1
│   │   │   │   └── ca-certificates
│   │   │   ├── snappy
│   │   │   ├── xz
│   │   │   └── zstd
│   │   │       ├── lz4
│   │   │       └── xz
│   │   ├── gflags
│   │   ├── glog
│   │   │   └── gflags
│   │   ├── libevent
│   │   │   └── openssl@1.1
│   │   │       └── ca-certificates
│   │   ├── libsodium
│   │   ├── lz4
│   │   ├── openssl@1.1
│   │   │   └── ca-certificates
│   │   ├── snappy
│   │   └── zstd
│   │       ├── lz4
│   │       └── xz
│   ├── fmt
│   ├── folly
│   │   ├── boost
│   │   │   ├── icu4c
│   │   │   ├── xz
│   │   │   └── zstd
│   │   │       ├── lz4
│   │   │       └── xz
│   │   ├── double-conversion
│   │   ├── fmt
│   │   ├── gflags
│   │   ├── glog
│   │   │   └── gflags
│   │   ├── libevent
│   │   │   └── openssl@1.1
│   │   │       └── ca-certificates
│   │   ├── lz4
│   │   ├── openssl@1.1
│   │   │   └── ca-certificates
│   │   ├── snappy
│   │   ├── xz
│   │   └── zstd
│   │       ├── lz4
│   │       └── xz
│   ├── gflags
│   ├── glog
│   │   └── gflags
│   ├── openssl@1.1
│   │   └── ca-certificates
│   ├── wangle
│   │   ├── boost
│   │   │   ├── icu4c
│   │   │   ├── xz
│   │   │   └── zstd
│   │   │       ├── lz4
│   │   │       └── xz
│   │   ├── double-conversion
│   │   ├── fizz
│   │   │   ├── boost
│   │   │   │   ├── icu4c
│   │   │   │   ├── xz
│   │   │   │   └── zstd
│   │   │   │       ├── lz4
│   │   │   │       └── xz
│   │   │   ├── double-conversion
│   │   │   ├── fmt
│   │   │   ├── folly
│   │   │   │   ├── boost
│   │   │   │   │   ├── icu4c
│   │   │   │   │   ├── xz
│   │   │   │   │   └── zstd
│   │   │   │   │       ├── lz4
│   │   │   │   │       └── xz
│   │   │   │   ├── double-conversion
│   │   │   │   ├── fmt
│   │   │   │   ├── gflags
│   │   │   │   ├── glog
│   │   │   │   │   └── gflags
│   │   │   │   ├── libevent
│   │   │   │   │   └── openssl@1.1
│   │   │   │   │       └── ca-certificates
│   │   │   │   ├── lz4
│   │   │   │   ├── openssl@1.1
│   │   │   │   │   └── ca-certificates
│   │   │   │   ├── snappy
│   │   │   │   ├── xz
│   │   │   │   └── zstd
│   │   │   │       ├── lz4
│   │   │   │       └── xz
│   │   │   ├── gflags
│   │   │   ├── glog
│   │   │   │   └── gflags
│   │   │   ├── libevent
│   │   │   │   └── openssl@1.1
│   │   │   │       └── ca-certificates
│   │   │   ├── libsodium
│   │   │   ├── lz4
│   │   │   ├── openssl@1.1
│   │   │   │   └── ca-certificates
│   │   │   ├── snappy
│   │   │   └── zstd
│   │   │       ├── lz4
│   │   │       └── xz
│   │   ├── fmt
│   │   ├── folly
│   │   │   ├── boost
│   │   │   │   ├── icu4c
│   │   │   │   ├── xz
│   │   │   │   └── zstd
│   │   │   │       ├── lz4
│   │   │   │       └── xz
│   │   │   ├── double-conversion
│   │   │   ├── fmt
│   │   │   ├── gflags
│   │   │   ├── glog
│   │   │   │   └── gflags
│   │   │   ├── libevent
│   │   │   │   └── openssl@1.1
│   │   │   │       └── ca-certificates
│   │   │   ├── lz4
│   │   │   ├── openssl@1.1
│   │   │   │   └── ca-certificates
│   │   │   ├── snappy
│   │   │   ├── xz
│   │   │   └── zstd
│   │   │       ├── lz4
│   │   │       └── xz
│   │   ├── gflags
│   │   ├── glog
│   │   │   └── gflags
│   │   ├── libevent
│   │   │   └── openssl@1.1
│   │   │       └── ca-certificates
│   │   ├── libsodium
│   │   ├── lz4
│   │   ├── openssl@1.1
│   │   │   └── ca-certificates
│   │   ├── snappy
│   │   └── zstd
│   │       ├── lz4
│   │       └── xz
│   └── zstd
│       ├── lz4
│       └── xz
├── fizz
│   ├── boost
│   │   ├── icu4c
│   │   ├── xz
│   │   └── zstd
│   │       ├── lz4
│   │       └── xz
│   ├── double-conversion
│   ├── fmt
│   ├── folly
│   │   ├── boost
│   │   │   ├── icu4c
│   │   │   ├── xz
│   │   │   └── zstd
│   │   │       ├── lz4
│   │   │       └── xz
│   │   ├── double-conversion
│   │   ├── fmt
│   │   ├── gflags
│   │   ├── glog
│   │   │   └── gflags
│   │   ├── libevent
│   │   │   └── openssl@1.1
│   │   │       └── ca-certificates
│   │   ├── lz4
│   │   ├── openssl@1.1
│   │   │   └── ca-certificates
│   │   ├── snappy
│   │   ├── xz
│   │   └── zstd
│   │       ├── lz4
│   │       └── xz
│   ├── gflags
│   ├── glog
│   │   └── gflags
│   ├── libevent
│   │   └── openssl@1.1
│   │       └── ca-certificates
│   ├── libsodium
│   ├── lz4
│   ├── openssl@1.1
│   │   └── ca-certificates
│   ├── snappy
│   └── zstd
│       ├── lz4
│       └── xz
├── fmt
├── folly
│   ├── boost
│   │   ├── icu4c
│   │   ├── xz
│   │   └── zstd
│   │       ├── lz4
│   │       └── xz
│   ├── double-conversion
│   ├── fmt
│   ├── gflags
│   ├── glog
│   │   └── gflags
│   ├── libevent
│   │   └── openssl@1.1
│   │       └── ca-certificates
│   ├── lz4
│   ├── openssl@1.1
│   │   └── ca-certificates
│   ├── snappy
│   ├── xz
│   └── zstd
│       ├── lz4
│       └── xz
├── gflags
├── glog
│   └── gflags
├── openssl@1.1
│   └── ca-certificates
└── wangle
    ├── boost
    │   ├── icu4c
    │   ├── xz
    │   └── zstd
    │       ├── lz4
    │       └── xz
    ├── double-conversion
    ├── fizz
    │   ├── boost
    │   │   ├── icu4c
    │   │   ├── xz
    │   │   └── zstd
    │   │       ├── lz4
    │   │       └── xz
    │   ├── double-conversion
    │   ├── fmt
    │   ├── folly
    │   │   ├── boost
    │   │   │   ├── icu4c
    │   │   │   ├── xz
    │   │   │   └── zstd
    │   │   │       ├── lz4
    │   │   │       └── xz
    │   │   ├── double-conversion
    │   │   ├── fmt
    │   │   ├── gflags
    │   │   ├── glog
    │   │   │   └── gflags
    │   │   ├── libevent
    │   │   │   └── openssl@1.1
    │   │   │       └── ca-certificates
    │   │   ├── lz4
    │   │   ├── openssl@1.1
    │   │   │   └── ca-certificates
    │   │   ├── snappy
    │   │   ├── xz
    │   │   └── zstd
    │   │       ├── lz4
    │   │       └── xz
    │   ├── gflags
    │   ├── glog
    │   │   └── gflags
    │   ├── libevent
    │   │   └── openssl@1.1
    │   │       └── ca-certificates
    │   ├── libsodium
    │   ├── lz4
    │   ├── openssl@1.1
    │   │   └── ca-certificates
    │   ├── snappy
    │   └── zstd
    │       ├── lz4
    │       └── xz
    ├── fmt
    ├── folly
    │   ├── boost
    │   │   ├── icu4c
    │   │   ├── xz
    │   │   └── zstd
    │   │       ├── lz4
    │   │       └── xz
    │   ├── double-conversion
    │   ├── fmt
    │   ├── gflags
    │   ├── glog
    │   │   └── gflags
    │   ├── libevent
    │   │   └── openssl@1.1
    │   │       └── ca-certificates
    │   ├── lz4
    │   ├── openssl@1.1
    │   │   └── ca-certificates
    │   ├── snappy
    │   ├── xz
    │   └── zstd
    │       ├── lz4
    │       └── xz
    ├── gflags
    ├── glog
    │   └── gflags
    ├── libevent
    │   └── openssl@1.1
    │       └── ca-certificates
    ├── libsodium
    ├── lz4
    ├── openssl@1.1
    │   └── ca-certificates
    ├── snappy
    └── zstd
        ├── lz4
        └── xz

fbthrift
├── boost
│   ├── icu4c
│   ├── xz
│   └── zstd
│       ├── lz4
│       └── xz
├── fizz
│   ├── boost
│   │   ├── icu4c
│   │   ├── xz
│   │   └── zstd
│   │       ├── lz4
│   │       └── xz
│   ├── double-conversion
│   ├── fmt
│   ├── folly
│   │   ├── boost
│   │   │   ├── icu4c
│   │   │   ├── xz
│   │   │   └── zstd
│   │   │       ├── lz4
│   │   │       └── xz
│   │   ├── double-conversion
│   │   ├── fmt
│   │   ├── gflags
│   │   ├── glog
│   │   │   └── gflags
│   │   ├── libevent
│   │   │   └── openssl@1.1
│   │   │       └── ca-certificates
│   │   ├── lz4
│   │   ├── openssl@1.1
│   │   │   └── ca-certificates
│   │   ├── snappy
│   │   ├── xz
│   │   └── zstd
│   │       ├── lz4
│   │       └── xz
│   ├── gflags
│   ├── glog
│   │   └── gflags
│   ├── libevent
│   │   └── openssl@1.1
│   │       └── ca-certificates
│   ├── libsodium
│   ├── lz4
│   ├── openssl@1.1
│   │   └── ca-certificates
│   ├── snappy
│   └── zstd
│       ├── lz4
│       └── xz
├── fmt
├── folly
│   ├── boost
│   │   ├── icu4c
│   │   ├── xz
│   │   └── zstd
│   │       ├── lz4
│   │       └── xz
│   ├── double-conversion
│   ├── fmt
│   ├── gflags
│   ├── glog
│   │   └── gflags
│   ├── libevent
│   │   └── openssl@1.1
│   │       └── ca-certificates
│   ├── lz4
│   ├── openssl@1.1
│   │   └── ca-certificates
│   ├── snappy
│   ├── xz
│   └── zstd
│       ├── lz4
│       └── xz
├── gflags
├── glog
│   └── gflags
├── openssl@1.1
│   └── ca-certificates
├── wangle
│   ├── boost
│   │   ├── icu4c
│   │   ├── xz
│   │   └── zstd
│   │       ├── lz4
│   │       └── xz
│   ├── double-conversion
│   ├── fizz
│   │   ├── boost
│   │   │   ├── icu4c
│   │   │   ├── xz
│   │   │   └── zstd
│   │   │       ├── lz4
│   │   │       └── xz
│   │   ├── double-conversion
│   │   ├── fmt
│   │   ├── folly
│   │   │   ├── boost
│   │   │   │   ├── icu4c
│   │   │   │   ├── xz
│   │   │   │   └── zstd
│   │   │   │       ├── lz4
│   │   │   │       └── xz
│   │   │   ├── double-conversion
│   │   │   ├── fmt
│   │   │   ├── gflags
│   │   │   ├── glog
│   │   │   │   └── gflags
│   │   │   ├── libevent
│   │   │   │   └── openssl@1.1
│   │   │   │       └── ca-certificates
│   │   │   ├── lz4
│   │   │   ├── openssl@1.1
│   │   │   │   └── ca-certificates
│   │   │   ├── snappy
│   │   │   ├── xz
│   │   │   └── zstd
│   │   │       ├── lz4
│   │   │       └── xz
│   │   ├── gflags
│   │   ├── glog
│   │   │   └── gflags
│   │   ├── libevent
│   │   │   └── openssl@1.1
│   │   │       └── ca-certificates
│   │   ├── libsodium
│   │   ├── lz4
│   │   ├── openssl@1.1
│   │   │   └── ca-certificates
│   │   ├── snappy
│   │   └── zstd
│   │       ├── lz4
│   │       └── xz
│   ├── fmt
│   ├── folly
│   │   ├── boost
│   │   │   ├── icu4c
│   │   │   ├── xz
│   │   │   └── zstd
│   │   │       ├── lz4
│   │   │       └── xz
│   │   ├── double-conversion
│   │   ├── fmt
│   │   ├── gflags
│   │   ├── glog
│   │   │   └── gflags
│   │   ├── libevent
│   │   │   └── openssl@1.1
│   │   │       └── ca-certificates
│   │   ├── lz4
│   │   ├── openssl@1.1
│   │   │   └── ca-certificates
│   │   ├── snappy
│   │   ├── xz
│   │   └── zstd
│   │       ├── lz4
│   │       └── xz
│   ├── gflags
│   ├── glog
│   │   └── gflags
│   ├── libevent
│   │   └── openssl@1.1
│   │       └── ca-certificates
│   ├── libsodium
│   ├── lz4
│   ├── openssl@1.1
│   │   └── ca-certificates
│   ├── snappy
│   └── zstd
│       ├── lz4
│       └── xz
└── zstd
    ├── lz4
    └── xz

fizz
├── boost
│   ├── icu4c
│   ├── xz
│   └── zstd
│       ├── lz4
│       └── xz
├── double-conversion
├── fmt
├── folly
│   ├── boost
│   │   ├── icu4c
│   │   ├── xz
│   │   └── zstd
│   │       ├── lz4
│   │       └── xz
│   ├── double-conversion
│   ├── fmt
│   ├── gflags
│   ├── glog
│   │   └── gflags
│   ├── libevent
│   │   └── openssl@1.1
│   │       └── ca-certificates
│   ├── lz4
│   ├── openssl@1.1
│   │   └── ca-certificates
│   ├── snappy
│   ├── xz
│   └── zstd
│       ├── lz4
│       └── xz
├── gflags
├── glog
│   └── gflags
├── libevent
│   └── openssl@1.1
│       └── ca-certificates
├── libsodium
├── lz4
├── openssl@1.1
│   └── ca-certificates
├── snappy
└── zstd
    ├── lz4
    └── xz

flow

fmt

folly
├── boost
│   ├── icu4c
│   ├── xz
│   └── zstd
│       ├── lz4
│       └── xz
├── double-conversion
├── fmt
├── gflags
├── glog
│   └── gflags
├── libevent
│   └── openssl@1.1
│       └── ca-certificates
├── lz4
├── openssl@1.1
│   └── ca-certificates
├── snappy
├── xz
└── zstd
    ├── lz4
    └── xz

fontconfig
└── freetype
    └── libpng

freetds
├── openssl@1.1
│   └── ca-certificates
└── unixodbc
    └── libtool
        └── m4

freetype
└── libpng

leoafarias/fvm/fvm

gd
├── fontconfig
│   └── freetype
│       └── libpng
├── freetype
│   └── libpng
├── jpeg-turbo
├── libavif
│   ├── aom
│   │   ├── jpeg-xl
│   │   │   ├── brotli
│   │   │   ├── giflib
│   │   │   ├── highway
│   │   │   ├── imath
│   │   │   ├── jpeg-turbo
│   │   │   ├── libpng
│   │   │   ├── little-cms2
│   │   │   │   ├── jpeg-turbo
│   │   │   │   └── libtiff
│   │   │   │       ├── jpeg-turbo
│   │   │   │       └── zstd
│   │   │   │           ├── lz4
│   │   │   │           └── xz
│   │   │   ├── openexr
│   │   │   │   └── imath
│   │   │   └── webp
│   │   │       ├── giflib
│   │   │       ├── jpeg-turbo
│   │   │       ├── libpng
│   │   │       └── libtiff
│   │   │           ├── jpeg-turbo
│   │   │           └── zstd
│   │   │               ├── lz4
│   │   │               └── xz
│   │   └── libvmaf
│   ├── jpeg-turbo
│   └── libpng
├── libpng
├── libtiff
│   ├── jpeg-turbo
│   └── zstd
│       ├── lz4
│       └── xz
└── webp
    ├── giflib
    ├── jpeg-turbo
    ├── libpng
    └── libtiff
        ├── jpeg-turbo
        └── zstd
            ├── lz4
            └── xz

gdbm

gettext

gflags

ghostscript
├── fontconfig
│   └── freetype
│       └── libpng
├── freetype
│   └── libpng
├── jbig2dec
├── jpeg-turbo
├── libidn
├── libpng
├── libtiff
│   ├── jpeg-turbo
│   └── zstd
│       ├── lz4
│       └── xz
├── little-cms2
│   ├── jpeg-turbo
│   └── libtiff
│       ├── jpeg-turbo
│       └── zstd
│           ├── lz4
│           └── xz
└── openjpeg
    ├── libpng
    ├── libtiff
    │   ├── jpeg-turbo
    │   └── zstd
    │       ├── lz4
    │       └── xz
    └── little-cms2
        ├── jpeg-turbo
        └── libtiff
            ├── jpeg-turbo
            └── zstd
                ├── lz4
                └── xz

giflib

git
├── gettext
└── pcre2

git-lfs

glib
├── pcre2
└── gettext

glog
└── gflags

gmp

gnupg
├── gnutls
│   ├── ca-certificates
│   ├── gmp
│   ├── libidn2
│   │   ├── libunistring
│   │   └── gettext
│   ├── libtasn1
│   ├── libunistring
│   ├── nettle
│   │   └── gmp
│   ├── p11-kit
│   │   ├── ca-certificates
│   │   └── libtasn1
│   └── unbound
│       ├── libevent
│       │   └── openssl@1.1
│       │       └── ca-certificates
│       ├── libnghttp2
│       └── openssl@1.1
│           └── ca-certificates
├── libassuan
│   └── libgpg-error
│       └── gettext
├── libgcrypt
│   └── libgpg-error
│       └── gettext
├── libgpg-error
│   └── gettext
├── libksba
│   └── libgpg-error
│       └── gettext
├── libusb
├── npth
├── pinentry
│   ├── libassuan
│   │   └── libgpg-error
│   │       └── gettext
│   └── libgpg-error
│       └── gettext
├── readline
└── gettext

gnutls
├── ca-certificates
├── gmp
├── libidn2
│   ├── libunistring
│   └── gettext
├── libtasn1
├── libunistring
├── nettle
│   └── gmp
├── p11-kit
│   ├── ca-certificates
│   └── libtasn1
└── unbound
    ├── libevent
    │   └── openssl@1.1
    │       └── ca-certificates
    ├── libnghttp2
    └── openssl@1.1
        └── ca-certificates

go@1.18

gradle
└── openjdk
    ├── giflib
    ├── harfbuzz
    │   ├── cairo
    │   │   ├── fontconfig
    │   │   │   └── freetype
    │   │   │       └── libpng
    │   │   ├── freetype
    │   │   │   └── libpng
    │   │   ├── glib
    │   │   │   ├── pcre2
    │   │   │   └── gettext
    │   │   ├── libpng
    │   │   ├── libx11
    │   │   │   ├── libxcb
    │   │   │   │   ├── libxau
    │   │   │   │   │   └── xorgproto
    │   │   │   │   └── libxdmcp
    │   │   │   │       └── xorgproto
    │   │   │   └── xorgproto
    │   │   ├── libxcb
    │   │   │   ├── libxau
    │   │   │   │   └── xorgproto
    │   │   │   └── libxdmcp
    │   │   │       └── xorgproto
    │   │   ├── libxext
    │   │   │   ├── libx11
    │   │   │   │   ├── libxcb
    │   │   │   │   │   ├── libxau
    │   │   │   │   │   │   └── xorgproto
    │   │   │   │   │   └── libxdmcp
    │   │   │   │   │       └── xorgproto
    │   │   │   │   └── xorgproto
    │   │   │   └── xorgproto
    │   │   ├── libxrender
    │   │   │   ├── libx11
    │   │   │   │   ├── libxcb
    │   │   │   │   │   ├── libxau
    │   │   │   │   │   │   └── xorgproto
    │   │   │   │   │   └── libxdmcp
    │   │   │   │   │       └── xorgproto
    │   │   │   │   └── xorgproto
    │   │   │   └── xorgproto
    │   │   ├── lzo
    │   │   └── pixman
    │   ├── freetype
    │   │   └── libpng
    │   ├── glib
    │   │   ├── pcre2
    │   │   └── gettext
    │   ├── graphite2
    │   └── icu4c
    ├── jpeg-turbo
    ├── libpng
    └── little-cms2
        ├── jpeg-turbo
        └── libtiff
            ├── jpeg-turbo
            └── zstd
                ├── lz4
                └── xz

graphite2

groovy
└── openjdk
    ├── giflib
    ├── harfbuzz
    │   ├── cairo
    │   │   ├── fontconfig
    │   │   │   └── freetype
    │   │   │       └── libpng
    │   │   ├── freetype
    │   │   │   └── libpng
    │   │   ├── glib
    │   │   │   ├── pcre2
    │   │   │   └── gettext
    │   │   ├── libpng
    │   │   ├── libx11
    │   │   │   ├── libxcb
    │   │   │   │   ├── libxau
    │   │   │   │   │   └── xorgproto
    │   │   │   │   └── libxdmcp
    │   │   │   │       └── xorgproto
    │   │   │   └── xorgproto
    │   │   ├── libxcb
    │   │   │   ├── libxau
    │   │   │   │   └── xorgproto
    │   │   │   └── libxdmcp
    │   │   │       └── xorgproto
    │   │   ├── libxext
    │   │   │   ├── libx11
    │   │   │   │   ├── libxcb
    │   │   │   │   │   ├── libxau
    │   │   │   │   │   │   └── xorgproto
    │   │   │   │   │   └── libxdmcp
    │   │   │   │   │       └── xorgproto
    │   │   │   │   └── xorgproto
    │   │   │   └── xorgproto
    │   │   ├── libxrender
    │   │   │   ├── libx11
    │   │   │   │   ├── libxcb
    │   │   │   │   │   ├── libxau
    │   │   │   │   │   │   └── xorgproto
    │   │   │   │   │   └── libxdmcp
    │   │   │   │   │       └── xorgproto
    │   │   │   │   └── xorgproto
    │   │   │   └── xorgproto
    │   │   ├── lzo
    │   │   └── pixman
    │   ├── freetype
    │   │   └── libpng
    │   ├── glib
    │   │   ├── pcre2
    │   │   └── gettext
    │   ├── graphite2
    │   └── icu4c
    ├── jpeg-turbo
    ├── libpng
    └── little-cms2
        ├── jpeg-turbo
        └── libtiff
            ├── jpeg-turbo
            └── zstd
                ├── lz4
                └── xz

guile
├── bdw-gc
├── gmp
├── libtool
│   └── m4
├── libunistring
├── pkg-config
└── readline

harfbuzz
├── cairo
│   ├── fontconfig
│   │   └── freetype
│   │       └── libpng
│   ├── freetype
│   │   └── libpng
│   ├── glib
│   │   ├── pcre2
│   │   └── gettext
│   ├── libpng
│   ├── libx11
│   │   ├── libxcb
│   │   │   ├── libxau
│   │   │   │   └── xorgproto
│   │   │   └── libxdmcp
│   │   │       └── xorgproto
│   │   └── xorgproto
│   ├── libxcb
│   │   ├── libxau
│   │   │   └── xorgproto
│   │   └── libxdmcp
│   │       └── xorgproto
│   ├── libxext
│   │   ├── libx11
│   │   │   ├── libxcb
│   │   │   │   ├── libxau
│   │   │   │   │   └── xorgproto
│   │   │   │   └── libxdmcp
│   │   │   │       └── xorgproto
│   │   │   └── xorgproto
│   │   └── xorgproto
│   ├── libxrender
│   │   ├── libx11
│   │   │   ├── libxcb
│   │   │   │   ├── libxau
│   │   │   │   │   └── xorgproto
│   │   │   │   └── libxdmcp
│   │   │   │       └── xorgproto
│   │   │   └── xorgproto
│   │   └── xorgproto
│   ├── lzo
│   └── pixman
├── freetype
│   └── libpng
├── glib
│   ├── pcre2
│   └── gettext
├── graphite2
└── icu4c

highway

hub

icu4c

imagemagick
├── freetype
│   └── libpng
├── ghostscript
│   ├── fontconfig
│   │   └── freetype
│   │       └── libpng
│   ├── freetype
│   │   └── libpng
│   ├── jbig2dec
│   ├── jpeg-turbo
│   ├── libidn
│   ├── libpng
│   ├── libtiff
│   │   ├── jpeg-turbo
│   │   └── zstd
│   │       ├── lz4
│   │       └── xz
│   ├── little-cms2
│   │   ├── jpeg-turbo
│   │   └── libtiff
│   │       ├── jpeg-turbo
│   │       └── zstd
│   │           ├── lz4
│   │           └── xz
│   └── openjpeg
│       ├── libpng
│       ├── libtiff
│       │   ├── jpeg-turbo
│       │   └── zstd
│       │       ├── lz4
│       │       └── xz
│       └── little-cms2
│           ├── jpeg-turbo
│           └── libtiff
│               ├── jpeg-turbo
│               └── zstd
│                   ├── lz4
│                   └── xz
├── jpeg-turbo
├── libheif
│   ├── aom
│   │   ├── jpeg-xl
│   │   │   ├── brotli
│   │   │   ├── giflib
│   │   │   ├── highway
│   │   │   ├── imath
│   │   │   ├── jpeg-turbo
│   │   │   ├── libpng
│   │   │   ├── little-cms2
│   │   │   │   ├── jpeg-turbo
│   │   │   │   └── libtiff
│   │   │   │       ├── jpeg-turbo
│   │   │   │       └── zstd
│   │   │   │           ├── lz4
│   │   │   │           └── xz
│   │   │   ├── openexr
│   │   │   │   └── imath
│   │   │   └── webp
│   │   │       ├── giflib
│   │   │       ├── jpeg-turbo
│   │   │       ├── libpng
│   │   │       └── libtiff
│   │   │           ├── jpeg-turbo
│   │   │           └── zstd
│   │   │               ├── lz4
│   │   │               └── xz
│   │   └── libvmaf
│   ├── jpeg-turbo
│   ├── libde265
│   ├── libpng
│   ├── shared-mime-info
│   │   └── glib
│   │       ├── pcre2
│   │       └── gettext
│   └── x265
├── liblqr
│   └── glib
│       ├── pcre2
│       └── gettext
├── libpng
├── libraw
│   ├── jasper
│   │   └── jpeg-turbo
│   ├── jpeg-turbo
│   ├── little-cms2
│   │   ├── jpeg-turbo
│   │   └── libtiff
│   │       ├── jpeg-turbo
│   │       └── zstd
│   │           ├── lz4
│   │           └── xz
│   └── libomp
├── libtiff
│   ├── jpeg-turbo
│   └── zstd
│       ├── lz4
│       └── xz
├── libtool
│   └── m4
├── little-cms2
│   ├── jpeg-turbo
│   └── libtiff
│       ├── jpeg-turbo
│       └── zstd
│           ├── lz4
│           └── xz
├── openexr
│   └── imath
├── openjpeg
│   ├── libpng
│   ├── libtiff
│   │   ├── jpeg-turbo
│   │   └── zstd
│   │       ├── lz4
│   │       └── xz
│   └── little-cms2
│       ├── jpeg-turbo
│       └── libtiff
│           ├── jpeg-turbo
│           └── zstd
│               ├── lz4
│               └── xz
├── webp
│   ├── giflib
│   ├── jpeg-turbo
│   ├── libpng
│   └── libtiff
│       ├── jpeg-turbo
│       └── zstd
│           ├── lz4
│           └── xz
├── xz
└── libomp

imath

jasper
└── jpeg-turbo

jbig2dec

jenv

jpeg-turbo

jpeg-xl
├── brotli
├── giflib
├── highway
├── imath
├── jpeg-turbo
├── libpng
├── little-cms2
│   ├── jpeg-turbo
│   └── libtiff
│       ├── jpeg-turbo
│       └── zstd
│           ├── lz4
│           └── xz
├── openexr
│   └── imath
└── webp
    ├── giflib
    ├── jpeg-turbo
    ├── libpng
    └── libtiff
        ├── jpeg-turbo
        └── zstd
            ├── lz4
            └── xz

jq
└── oniguruma

kotlin
└── openjdk
    ├── giflib
    ├── harfbuzz
    │   ├── cairo
    │   │   ├── fontconfig
    │   │   │   └── freetype
    │   │   │       └── libpng
    │   │   ├── freetype
    │   │   │   └── libpng
    │   │   ├── glib
    │   │   │   ├── pcre2
    │   │   │   └── gettext
    │   │   ├── libpng
    │   │   ├── libx11
    │   │   │   ├── libxcb
    │   │   │   │   ├── libxau
    │   │   │   │   │   └── xorgproto
    │   │   │   │   └── libxdmcp
    │   │   │   │       └── xorgproto
    │   │   │   └── xorgproto
    │   │   ├── libxcb
    │   │   │   ├── libxau
    │   │   │   │   └── xorgproto
    │   │   │   └── libxdmcp
    │   │   │       └── xorgproto
    │   │   ├── libxext
    │   │   │   ├── libx11
    │   │   │   │   ├── libxcb
    │   │   │   │   │   ├── libxau
    │   │   │   │   │   │   └── xorgproto
    │   │   │   │   │   └── libxdmcp
    │   │   │   │   │       └── xorgproto
    │   │   │   │   └── xorgproto
    │   │   │   └── xorgproto
    │   │   ├── libxrender
    │   │   │   ├── libx11
    │   │   │   │   ├── libxcb
    │   │   │   │   │   ├── libxau
    │   │   │   │   │   │   └── xorgproto
    │   │   │   │   │   └── libxdmcp
    │   │   │   │   │       └── xorgproto
    │   │   │   │   └── xorgproto
    │   │   │   └── xorgproto
    │   │   ├── lzo
    │   │   └── pixman
    │   ├── freetype
    │   │   └── libpng
    │   ├── glib
    │   │   ├── pcre2
    │   │   └── gettext
    │   ├── graphite2
    │   └── icu4c
    ├── jpeg-turbo
    ├── libpng
    └── little-cms2
        ├── jpeg-turbo
        └── libtiff
            ├── jpeg-turbo
            └── zstd
                ├── lz4
                └── xz

krb5
└── openssl@1.1
    └── ca-certificates

libassuan
└── libgpg-error
    └── gettext

libavif
├── aom
│   ├── jpeg-xl
│   │   ├── brotli
│   │   ├── giflib
│   │   ├── highway
│   │   ├── imath
│   │   ├── jpeg-turbo
│   │   ├── libpng
│   │   ├── little-cms2
│   │   │   ├── jpeg-turbo
│   │   │   └── libtiff
│   │   │       ├── jpeg-turbo
│   │   │       └── zstd
│   │   │           ├── lz4
│   │   │           └── xz
│   │   ├── openexr
│   │   │   └── imath
│   │   └── webp
│   │       ├── giflib
│   │       ├── jpeg-turbo
│   │       ├── libpng
│   │       └── libtiff
│   │           ├── jpeg-turbo
│   │           └── zstd
│   │               ├── lz4
│   │               └── xz
│   └── libvmaf
├── jpeg-turbo
└── libpng

libde265

libevent
└── openssl@1.1
    └── ca-certificates

libgcrypt
└── libgpg-error
    └── gettext

libgpg-error
└── gettext

libheif
├── aom
│   ├── jpeg-xl
│   │   ├── brotli
│   │   ├── giflib
│   │   ├── highway
│   │   ├── imath
│   │   ├── jpeg-turbo
│   │   ├── libpng
│   │   ├── little-cms2
│   │   │   ├── jpeg-turbo
│   │   │   └── libtiff
│   │   │       ├── jpeg-turbo
│   │   │       └── zstd
│   │   │           ├── lz4
│   │   │           └── xz
│   │   ├── openexr
│   │   │   └── imath
│   │   └── webp
│   │       ├── giflib
│   │       ├── jpeg-turbo
│   │       ├── libpng
│   │       └── libtiff
│   │           ├── jpeg-turbo
│   │           └── zstd
│   │               ├── lz4
│   │               └── xz
│   └── libvmaf
├── jpeg-turbo
├── libde265
├── libpng
├── shared-mime-info
│   └── glib
│       ├── pcre2
│       └── gettext
└── x265

libidn

libidn2
├── libunistring
└── gettext

libksba
└── libgpg-error
    └── gettext

liblqr
└── glib
    ├── pcre2
    └── gettext

libnghttp2

libomp

libpng

libpq
├── krb5
│   └── openssl@1.1
│       └── ca-certificates
└── openssl@1.1
    └── ca-certificates

libraw
├── jasper
│   └── jpeg-turbo
├── jpeg-turbo
├── little-cms2
│   ├── jpeg-turbo
│   └── libtiff
│       ├── jpeg-turbo
│       └── zstd
│           ├── lz4
│           └── xz
└── libomp

libsodium

libssh2
└── openssl@1.1
    └── ca-certificates

libtasn1

libtiff
├── jpeg-turbo
└── zstd
    ├── lz4
    └── xz

libtool
└── m4

libunistring

libusb

libuv

libvmaf

libx11
├── libxcb
│   ├── libxau
│   │   └── xorgproto
│   └── libxdmcp
│       └── xorgproto
└── xorgproto

libxau
└── xorgproto

libxcb
├── libxau
│   └── xorgproto
└── libxdmcp
    └── xorgproto

libxdmcp
└── xorgproto

libxext
├── libx11
│   ├── libxcb
│   │   ├── libxau
│   │   │   └── xorgproto
│   │   └── libxdmcp
│   │       └── xorgproto
│   └── xorgproto
└── xorgproto

libxrender
├── libx11
│   ├── libxcb
│   │   ├── libxau
│   │   │   └── xorgproto
│   │   └── libxdmcp
│   │       └── xorgproto
│   └── xorgproto
└── xorgproto

libyaml

libzip
└── zstd
    ├── lz4
    └── xz

little-cms2
├── jpeg-turbo
└── libtiff
    ├── jpeg-turbo
    └── zstd
        ├── lz4
        └── xz

llvm
├── python@3.11
│   ├── mpdecimal
│   ├── openssl@1.1
│   │   └── ca-certificates
│   ├── sqlite
│   │   └── readline
│   └── xz
├── six
├── z3
└── zstd
    ├── lz4
    └── xz

lokalise/cli-2/lokalise2

lz4

lzo

m4

macos-term-size

maven
└── openjdk
    ├── giflib
    ├── harfbuzz
    │   ├── cairo
    │   │   ├── fontconfig
    │   │   │   └── freetype
    │   │   │       └── libpng
    │   │   ├── freetype
    │   │   │   └── libpng
    │   │   ├── glib
    │   │   │   ├── pcre2
    │   │   │   └── gettext
    │   │   ├── libpng
    │   │   ├── libx11
    │   │   │   ├── libxcb
    │   │   │   │   ├── libxau
    │   │   │   │   │   └── xorgproto
    │   │   │   │   └── libxdmcp
    │   │   │   │       └── xorgproto
    │   │   │   └── xorgproto
    │   │   ├── libxcb
    │   │   │   ├── libxau
    │   │   │   │   └── xorgproto
    │   │   │   └── libxdmcp
    │   │   │       └── xorgproto
    │   │   ├── libxext
    │   │   │   ├── libx11
    │   │   │   │   ├── libxcb
    │   │   │   │   │   ├── libxau
    │   │   │   │   │   │   └── xorgproto
    │   │   │   │   │   └── libxdmcp
    │   │   │   │   │       └── xorgproto
    │   │   │   │   └── xorgproto
    │   │   │   └── xorgproto
    │   │   ├── libxrender
    │   │   │   ├── libx11
    │   │   │   │   ├── libxcb
    │   │   │   │   │   ├── libxau
    │   │   │   │   │   │   └── xorgproto
    │   │   │   │   │   └── libxdmcp
    │   │   │   │   │       └── xorgproto
    │   │   │   │   └── xorgproto
    │   │   │   └── xorgproto
    │   │   ├── lzo
    │   │   └── pixman
    │   ├── freetype
    │   │   └── libpng
    │   ├── glib
    │   │   ├── pcre2
    │   │   └── gettext
    │   ├── graphite2
    │   └── icu4c
    ├── jpeg-turbo
    ├── libpng
    └── little-cms2
        ├── jpeg-turbo
        └── libtiff
            ├── jpeg-turbo
            └── zstd
                ├── lz4
                └── xz

mercurial
└── python@3.11
    ├── mpdecimal
    ├── openssl@1.1
    │   └── ca-certificates
    ├── sqlite
    │   └── readline
    └── xz

mint

mpdecimal

nettle
└── gmp

node@12
├── brotli
├── c-ares
├── icu4c
├── libnghttp2
├── libuv
├── openssl@1.1
│   └── ca-certificates
└── macos-term-size

node@16
├── brotli
├── c-ares
├── icu4c
├── libnghttp2
├── libuv
└── openssl@1.1
    └── ca-certificates

npth

oniguruma

openconnect
├── gettext
├── gnutls
│   ├── ca-certificates
│   ├── gmp
│   ├── libidn2
│   │   ├── libunistring
│   │   └── gettext
│   ├── libtasn1
│   ├── libunistring
│   ├── nettle
│   │   └── gmp
│   ├── p11-kit
│   │   ├── ca-certificates
│   │   └── libtasn1
│   └── unbound
│       ├── libevent
│       │   └── openssl@1.1
│       │       └── ca-certificates
│       ├── libnghttp2
│       └── openssl@1.1
│           └── ca-certificates
└── stoken
    └── nettle
        └── gmp

openexr
└── imath

openjdk
├── giflib
├── harfbuzz
│   ├── cairo
│   │   ├── fontconfig
│   │   │   └── freetype
│   │   │       └── libpng
│   │   ├── freetype
│   │   │   └── libpng
│   │   ├── glib
│   │   │   ├── pcre2
│   │   │   └── gettext
│   │   ├── libpng
│   │   ├── libx11
│   │   │   ├── libxcb
│   │   │   │   ├── libxau
│   │   │   │   │   └── xorgproto
│   │   │   │   └── libxdmcp
│   │   │   │       └── xorgproto
│   │   │   └── xorgproto
│   │   ├── libxcb
│   │   │   ├── libxau
│   │   │   │   └── xorgproto
│   │   │   └── libxdmcp
│   │   │       └── xorgproto
│   │   ├── libxext
│   │   │   ├── libx11
│   │   │   │   ├── libxcb
│   │   │   │   │   ├── libxau
│   │   │   │   │   │   └── xorgproto
│   │   │   │   │   └── libxdmcp
│   │   │   │   │       └── xorgproto
│   │   │   │   └── xorgproto
│   │   │   └── xorgproto
│   │   ├── libxrender
│   │   │   ├── libx11
│   │   │   │   ├── libxcb
│   │   │   │   │   ├── libxau
│   │   │   │   │   │   └── xorgproto
│   │   │   │   │   └── libxdmcp
│   │   │   │   │       └── xorgproto
│   │   │   │   └── xorgproto
│   │   │   └── xorgproto
│   │   ├── lzo
│   │   └── pixman
│   ├── freetype
│   │   └── libpng
│   ├── glib
│   │   ├── pcre2
│   │   └── gettext
│   ├── graphite2
│   └── icu4c
├── jpeg-turbo
├── libpng
└── little-cms2
    ├── jpeg-turbo
    └── libtiff
        ├── jpeg-turbo
        └── zstd
            ├── lz4
            └── xz

openjdk@17
├── giflib
├── harfbuzz
│   ├── cairo
│   │   ├── fontconfig
│   │   │   └── freetype
│   │   │       └── libpng
│   │   ├── freetype
│   │   │   └── libpng
│   │   ├── glib
│   │   │   ├── pcre2
│   │   │   └── gettext
│   │   ├── libpng
│   │   ├── libx11
│   │   │   ├── libxcb
│   │   │   │   ├── libxau
│   │   │   │   │   └── xorgproto
│   │   │   │   └── libxdmcp
│   │   │   │       └── xorgproto
│   │   │   └── xorgproto
│   │   ├── libxcb
│   │   │   ├── libxau
│   │   │   │   └── xorgproto
│   │   │   └── libxdmcp
│   │   │       └── xorgproto
│   │   ├── libxext
│   │   │   ├── libx11
│   │   │   │   ├── libxcb
│   │   │   │   │   ├── libxau
│   │   │   │   │   │   └── xorgproto
│   │   │   │   │   └── libxdmcp
│   │   │   │   │       └── xorgproto
│   │   │   │   └── xorgproto
│   │   │   └── xorgproto
│   │   ├── libxrender
│   │   │   ├── libx11
│   │   │   │   ├── libxcb
│   │   │   │   │   ├── libxau
│   │   │   │   │   │   └── xorgproto
│   │   │   │   │   └── libxdmcp
│   │   │   │   │       └── xorgproto
│   │   │   │   └── xorgproto
│   │   │   └── xorgproto
│   │   ├── lzo
│   │   └── pixman
│   ├── freetype
│   │   └── libpng
│   ├── glib
│   │   ├── pcre2
│   │   └── gettext
│   ├── graphite2
│   └── icu4c
├── jpeg-turbo
├── libpng
└── little-cms2
    ├── jpeg-turbo
    └── libtiff
        ├── jpeg-turbo
        └── zstd
            ├── lz4
            └── xz

openjpeg
├── libpng
├── libtiff
│   ├── jpeg-turbo
│   └── zstd
│       ├── lz4
│       └── xz
└── little-cms2
    ├── jpeg-turbo
    └── libtiff
        ├── jpeg-turbo
        └── zstd
            ├── lz4
            └── xz

openldap
└── openssl@1.1
    └── ca-certificates

openssl@1.1
└── ca-certificates

openssl@3
└── ca-certificates

openvpn
├── lz4
├── lzo
├── openssl@1.1
│   └── ca-certificates
└── pkcs11-helper
    └── openssl@1.1
        └── ca-certificates

p11-kit
├── ca-certificates
└── libtasn1

parallel

pcre2

php
├── apr
├── apr-util
│   ├── apr
│   └── openssl@1.1
│       └── ca-certificates
├── argon2
├── aspell
├── autoconf
│   └── m4
├── curl
│   ├── brotli
│   ├── libidn2
│   │   ├── libunistring
│   │   └── gettext
│   ├── libnghttp2
│   ├── libssh2
│   │   └── openssl@1.1
│   │       └── ca-certificates
│   ├── openldap
│   │   └── openssl@1.1
│   │       └── ca-certificates
│   ├── openssl@1.1
│   │   └── ca-certificates
│   ├── rtmpdump
│   │   └── openssl@1.1
│   │       └── ca-certificates
│   └── zstd
│       ├── lz4
│       └── xz
├── freetds
│   ├── openssl@1.1
│   │   └── ca-certificates
│   └── unixodbc
│       └── libtool
│           └── m4
├── gd
│   ├── fontconfig
│   │   └── freetype
│   │       └── libpng
│   ├── freetype
│   │   └── libpng
│   ├── jpeg-turbo
│   ├── libavif
│   │   ├── aom
│   │   │   ├── jpeg-xl
│   │   │   │   ├── brotli
│   │   │   │   ├── giflib
│   │   │   │   ├── highway
│   │   │   │   ├── imath
│   │   │   │   ├── jpeg-turbo
│   │   │   │   ├── libpng
│   │   │   │   ├── little-cms2
│   │   │   │   │   ├── jpeg-turbo
│   │   │   │   │   └── libtiff
│   │   │   │   │       ├── jpeg-turbo
│   │   │   │   │       └── zstd
│   │   │   │   │           ├── lz4
│   │   │   │   │           └── xz
│   │   │   │   ├── openexr
│   │   │   │   │   └── imath
│   │   │   │   └── webp
│   │   │   │       ├── giflib
│   │   │   │       ├── jpeg-turbo
│   │   │   │       ├── libpng
│   │   │   │       └── libtiff
│   │   │   │           ├── jpeg-turbo
│   │   │   │           └── zstd
│   │   │   │               ├── lz4
│   │   │   │               └── xz
│   │   │   └── libvmaf
│   │   ├── jpeg-turbo
│   │   └── libpng
│   ├── libpng
│   ├── libtiff
│   │   ├── jpeg-turbo
│   │   └── zstd
│   │       ├── lz4
│   │       └── xz
│   └── webp
│       ├── giflib
│       ├── jpeg-turbo
│       ├── libpng
│       └── libtiff
│           ├── jpeg-turbo
│           └── zstd
│               ├── lz4
│               └── xz
├── gettext
├── gmp
├── icu4c
├── krb5
│   └── openssl@1.1
│       └── ca-certificates
├── libpq
│   ├── krb5
│   │   └── openssl@1.1
│   │       └── ca-certificates
│   └── openssl@1.1
│       └── ca-certificates
├── libsodium
├── libzip
│   └── zstd
│       ├── lz4
│       └── xz
├── oniguruma
├── openldap
│   └── openssl@1.1
│       └── ca-certificates
├── openssl@1.1
│   └── ca-certificates
├── pcre2
├── sqlite
│   └── readline
├── tidy-html5
└── unixodbc
    └── libtool
        └── m4

pinentry
├── libassuan
│   └── libgpg-error
│       └── gettext
└── libgpg-error
    └── gettext

pixman

pkcs11-helper
└── openssl@1.1
    └── ca-certificates

pkg-config

pyenv
├── autoconf
│   └── m4
├── openssl@3
│   └── ca-certificates
├── pkg-config
└── readline

python@3.10
├── gdbm
├── mpdecimal
├── openssl@1.1
│   └── ca-certificates
├── readline
├── sqlite
│   └── readline
└── xz

python@3.11
├── mpdecimal
├── openssl@1.1
│   └── ca-certificates
├── sqlite
│   └── readline
└── xz

pyyaml
└── libyaml

rbenv
└── ruby-build
    ├── autoconf
    │   └── m4
    ├── pkg-config
    └── readline

readline

rtmpdump
└── openssl@1.1
    └── ca-certificates

ruby-build
├── autoconf
│   └── m4
├── pkg-config
└── readline

screen

shared-mime-info
└── glib
    ├── pcre2
    └── gettext

six

snappy

sqlite
└── readline

stoken
└── nettle
    └── gmp

swiftlint

temurin11

temurin17

temurin8

tidy-html5

transcrypt

tree

unbound
├── libevent
│   └── openssl@1.1
│       └── ca-certificates
├── libnghttp2
└── openssl@1.1
    └── ca-certificates

unixodbc
└── libtool
    └── m4

wangle
├── boost
│   ├── icu4c
│   ├── xz
│   └── zstd
│       ├── lz4
│       └── xz
├── double-conversion
├── fizz
│   ├── boost
│   │   ├── icu4c
│   │   ├── xz
│   │   └── zstd
│   │       ├── lz4
│   │       └── xz
│   ├── double-conversion
│   ├── fmt
│   ├── folly
│   │   ├── boost
│   │   │   ├── icu4c
│   │   │   ├── xz
│   │   │   └── zstd
│   │   │       ├── lz4
│   │   │       └── xz
│   │   ├── double-conversion
│   │   ├── fmt
│   │   ├── gflags
│   │   ├── glog
│   │   │   └── gflags
│   │   ├── libevent
│   │   │   └── openssl@1.1
│   │   │       └── ca-certificates
│   │   ├── lz4
│   │   ├── openssl@1.1
│   │   │   └── ca-certificates
│   │   ├── snappy
│   │   ├── xz
│   │   └── zstd
│   │       ├── lz4
│   │       └── xz
│   ├── gflags
│   ├── glog
│   │   └── gflags
│   ├── libevent
│   │   └── openssl@1.1
│   │       └── ca-certificates
│   ├── libsodium
│   ├── lz4
│   ├── openssl@1.1
│   │   └── ca-certificates
│   ├── snappy
│   └── zstd
│       ├── lz4
│       └── xz
├── fmt
├── folly
│   ├── boost
│   │   ├── icu4c
│   │   ├── xz
│   │   └── zstd
│   │       ├── lz4
│   │       └── xz
│   ├── double-conversion
│   ├── fmt
│   ├── gflags
│   ├── glog
│   │   └── gflags
│   ├── libevent
│   │   └── openssl@1.1
│   │       └── ca-certificates
│   ├── lz4
│   ├── openssl@1.1
│   │   └── ca-certificates
│   ├── snappy
│   ├── xz
│   └── zstd
│       ├── lz4
│       └── xz
├── gflags
├── glog
│   └── gflags
├── libevent
│   └── openssl@1.1
│       └── ca-certificates
├── libsodium
├── lz4
├── openssl@1.1
│   └── ca-certificates
├── snappy
└── zstd
    ├── lz4
    └── xz

watchman
├── boost
│   ├── icu4c
│   ├── xz
│   └── zstd
│       ├── lz4
│       └── xz
├── edencommon
│   ├── folly
│   │   ├── boost
│   │   │   ├── icu4c
│   │   │   ├── xz
│   │   │   └── zstd
│   │   │       ├── lz4
│   │   │       └── xz
│   │   ├── double-conversion
│   │   ├── fmt
│   │   ├── gflags
│   │   ├── glog
│   │   │   └── gflags
│   │   ├── libevent
│   │   │   └── openssl@1.1
│   │   │       └── ca-certificates
│   │   ├── lz4
│   │   ├── openssl@1.1
│   │   │   └── ca-certificates
│   │   ├── snappy
│   │   ├── xz
│   │   └── zstd
│   │       ├── lz4
│   │       └── xz
│   ├── gflags
│   └── glog
│       └── gflags
├── fb303
│   ├── fbthrift
│   │   ├── boost
│   │   │   ├── icu4c
│   │   │   ├── xz
│   │   │   └── zstd
│   │   │       ├── lz4
│   │   │       └── xz
│   │   ├── fizz
│   │   │   ├── boost
│   │   │   │   ├── icu4c
│   │   │   │   ├── xz
│   │   │   │   └── zstd
│   │   │   │       ├── lz4
│   │   │   │       └── xz
│   │   │   ├── double-conversion
│   │   │   ├── fmt
│   │   │   ├── folly
│   │   │   │   ├── boost
│   │   │   │   │   ├── icu4c
│   │   │   │   │   ├── xz
│   │   │   │   │   └── zstd
│   │   │   │   │       ├── lz4
│   │   │   │   │       └── xz
│   │   │   │   ├── double-conversion
│   │   │   │   ├── fmt
│   │   │   │   ├── gflags
│   │   │   │   ├── glog
│   │   │   │   │   └── gflags
│   │   │   │   ├── libevent
│   │   │   │   │   └── openssl@1.1
│   │   │   │   │       └── ca-certificates
│   │   │   │   ├── lz4
│   │   │   │   ├── openssl@1.1
│   │   │   │   │   └── ca-certificates
│   │   │   │   ├── snappy
│   │   │   │   ├── xz
│   │   │   │   └── zstd
│   │   │   │       ├── lz4
│   │   │   │       └── xz
│   │   │   ├── gflags
│   │   │   ├── glog
│   │   │   │   └── gflags
│   │   │   ├── libevent
│   │   │   │   └── openssl@1.1
│   │   │   │       └── ca-certificates
│   │   │   ├── libsodium
│   │   │   ├── lz4
│   │   │   ├── openssl@1.1
│   │   │   │   └── ca-certificates
│   │   │   ├── snappy
│   │   │   └── zstd
│   │   │       ├── lz4
│   │   │       └── xz
│   │   ├── fmt
│   │   ├── folly
│   │   │   ├── boost
│   │   │   │   ├── icu4c
│   │   │   │   ├── xz
│   │   │   │   └── zstd
│   │   │   │       ├── lz4
│   │   │   │       └── xz
│   │   │   ├── double-conversion
│   │   │   ├── fmt
│   │   │   ├── gflags
│   │   │   ├── glog
│   │   │   │   └── gflags
│   │   │   ├── libevent
│   │   │   │   └── openssl@1.1
│   │   │   │       └── ca-certificates
│   │   │   ├── lz4
│   │   │   ├── openssl@1.1
│   │   │   │   └── ca-certificates
│   │   │   ├── snappy
│   │   │   ├── xz
│   │   │   └── zstd
│   │   │       ├── lz4
│   │   │       └── xz
│   │   ├── gflags
│   │   ├── glog
│   │   │   └── gflags
│   │   ├── openssl@1.1
│   │   │   └── ca-certificates
│   │   ├── wangle
│   │   │   ├── boost
│   │   │   │   ├── icu4c
│   │   │   │   ├── xz
│   │   │   │   └── zstd
│   │   │   │       ├── lz4
│   │   │   │       └── xz
│   │   │   ├── double-conversion
│   │   │   ├── fizz
│   │   │   │   ├── boost
│   │   │   │   │   ├── icu4c
│   │   │   │   │   ├── xz
│   │   │   │   │   └── zstd
│   │   │   │   │       ├── lz4
│   │   │   │   │       └── xz
│   │   │   │   ├── double-conversion
│   │   │   │   ├── fmt
│   │   │   │   ├── folly
│   │   │   │   │   ├── boost
│   │   │   │   │   │   ├── icu4c
│   │   │   │   │   │   ├── xz
│   │   │   │   │   │   └── zstd
│   │   │   │   │   │       ├── lz4
│   │   │   │   │   │       └── xz
│   │   │   │   │   ├── double-conversion
│   │   │   │   │   ├── fmt
│   │   │   │   │   ├── gflags
│   │   │   │   │   ├── glog
│   │   │   │   │   │   └── gflags
│   │   │   │   │   ├── libevent
│   │   │   │   │   │   └── openssl@1.1
│   │   │   │   │   │       └── ca-certificates
│   │   │   │   │   ├── lz4
│   │   │   │   │   ├── openssl@1.1
│   │   │   │   │   │   └── ca-certificates
│   │   │   │   │   ├── snappy
│   │   │   │   │   ├── xz
│   │   │   │   │   └── zstd
│   │   │   │   │       ├── lz4
│   │   │   │   │       └── xz
│   │   │   │   ├── gflags
│   │   │   │   ├── glog
│   │   │   │   │   └── gflags
│   │   │   │   ├── libevent
│   │   │   │   │   └── openssl@1.1
│   │   │   │   │       └── ca-certificates
│   │   │   │   ├── libsodium
│   │   │   │   ├── lz4
│   │   │   │   ├── openssl@1.1
│   │   │   │   │   └── ca-certificates
│   │   │   │   ├── snappy
│   │   │   │   └── zstd
│   │   │   │       ├── lz4
│   │   │   │       └── xz
│   │   │   ├── fmt
│   │   │   ├── folly
│   │   │   │   ├── boost
│   │   │   │   │   ├── icu4c
│   │   │   │   │   ├── xz
│   │   │   │   │   └── zstd
│   │   │   │   │       ├── lz4
│   │   │   │   │       └── xz
│   │   │   │   ├── double-conversion
│   │   │   │   ├── fmt
│   │   │   │   ├── gflags
│   │   │   │   ├── glog
│   │   │   │   │   └── gflags
│   │   │   │   ├── libevent
│   │   │   │   │   └── openssl@1.1
│   │   │   │   │       └── ca-certificates
│   │   │   │   ├── lz4
│   │   │   │   ├── openssl@1.1
│   │   │   │   │   └── ca-certificates
│   │   │   │   ├── snappy
│   │   │   │   ├── xz
│   │   │   │   └── zstd
│   │   │   │       ├── lz4
│   │   │   │       └── xz
│   │   │   ├── gflags
│   │   │   ├── glog
│   │   │   │   └── gflags
│   │   │   ├── libevent
│   │   │   │   └── openssl@1.1
│   │   │   │       └── ca-certificates
│   │   │   ├── libsodium
│   │   │   ├── lz4
│   │   │   ├── openssl@1.1
│   │   │   │   └── ca-certificates
│   │   │   ├── snappy
│   │   │   └── zstd
│   │   │       ├── lz4
│   │   │       └── xz
│   │   └── zstd
│   │       ├── lz4
│   │       └── xz
│   ├── fizz
│   │   ├── boost
│   │   │   ├── icu4c
│   │   │   ├── xz
│   │   │   └── zstd
│   │   │       ├── lz4
│   │   │       └── xz
│   │   ├── double-conversion
│   │   ├── fmt
│   │   ├── folly
│   │   │   ├── boost
│   │   │   │   ├── icu4c
│   │   │   │   ├── xz
│   │   │   │   └── zstd
│   │   │   │       ├── lz4
│   │   │   │       └── xz
│   │   │   ├── double-conversion
│   │   │   ├── fmt
│   │   │   ├── gflags
│   │   │   ├── glog
│   │   │   │   └── gflags
│   │   │   ├── libevent
│   │   │   │   └── openssl@1.1
│   │   │   │       └── ca-certificates
│   │   │   ├── lz4
│   │   │   ├── openssl@1.1
│   │   │   │   └── ca-certificates
│   │   │   ├── snappy
│   │   │   ├── xz
│   │   │   └── zstd
│   │   │       ├── lz4
│   │   │       └── xz
│   │   ├── gflags
│   │   ├── glog
│   │   │   └── gflags
│   │   ├── libevent
│   │   │   └── openssl@1.1
│   │   │       └── ca-certificates
│   │   ├── libsodium
│   │   ├── lz4
│   │   ├── openssl@1.1
│   │   │   └── ca-certificates
│   │   ├── snappy
│   │   └── zstd
│   │       ├── lz4
│   │       └── xz
│   ├── fmt
│   ├── folly
│   │   ├── boost
│   │   │   ├── icu4c
│   │   │   ├── xz
│   │   │   └── zstd
│   │   │       ├── lz4
│   │   │       └── xz
│   │   ├── double-conversion
│   │   ├── fmt
│   │   ├── gflags
│   │   ├── glog
│   │   │   └── gflags
│   │   ├── libevent
│   │   │   └── openssl@1.1
│   │   │       └── ca-certificates
│   │   ├── lz4
│   │   ├── openssl@1.1
│   │   │   └── ca-certificates
│   │   ├── snappy
│   │   ├── xz
│   │   └── zstd
│   │       ├── lz4
│   │       └── xz
│   ├── gflags
│   ├── glog
│   │   └── gflags
│   ├── openssl@1.1
│   │   └── ca-certificates
│   └── wangle
│       ├── boost
│       │   ├── icu4c
│       │   ├── xz
│       │   └── zstd
│       │       ├── lz4
│       │       └── xz
│       ├── double-conversion
│       ├── fizz
│       │   ├── boost
│       │   │   ├── icu4c
│       │   │   ├── xz
│       │   │   └── zstd
│       │   │       ├── lz4
│       │   │       └── xz
│       │   ├── double-conversion
│       │   ├── fmt
│       │   ├── folly
│       │   │   ├── boost
│       │   │   │   ├── icu4c
│       │   │   │   ├── xz
│       │   │   │   └── zstd
│       │   │   │       ├── lz4
│       │   │   │       └── xz
│       │   │   ├── double-conversion
│       │   │   ├── fmt
│       │   │   ├── gflags
│       │   │   ├── glog
│       │   │   │   └── gflags
│       │   │   ├── libevent
│       │   │   │   └── openssl@1.1
│       │   │   │       └── ca-certificates
│       │   │   ├── lz4
│       │   │   ├── openssl@1.1
│       │   │   │   └── ca-certificates
│       │   │   ├── snappy
│       │   │   ├── xz
│       │   │   └── zstd
│       │   │       ├── lz4
│       │   │       └── xz
│       │   ├── gflags
│       │   ├── glog
│       │   │   └── gflags
│       │   ├── libevent
│       │   │   └── openssl@1.1
│       │   │       └── ca-certificates
│       │   ├── libsodium
│       │   ├── lz4
│       │   ├── openssl@1.1
│       │   │   └── ca-certificates
│       │   ├── snappy
│       │   └── zstd
│       │       ├── lz4
│       │       └── xz
│       ├── fmt
│       ├── folly
│       │   ├── boost
│       │   │   ├── icu4c
│       │   │   ├── xz
│       │   │   └── zstd
│       │   │       ├── lz4
│       │   │       └── xz
│       │   ├── double-conversion
│       │   ├── fmt
│       │   ├── gflags
│       │   ├── glog
│       │   │   └── gflags
│       │   ├── libevent
│       │   │   └── openssl@1.1
│       │   │       └── ca-certificates
│       │   ├── lz4
│       │   ├── openssl@1.1
│       │   │   └── ca-certificates
│       │   ├── snappy
│       │   ├── xz
│       │   └── zstd
│       │       ├── lz4
│       │       └── xz
│       ├── gflags
│       ├── glog
│       │   └── gflags
│       ├── libevent
│       │   └── openssl@1.1
│       │       └── ca-certificates
│       ├── libsodium
│       ├── lz4
│       ├── openssl@1.1
│       │   └── ca-certificates
│       ├── snappy
│       └── zstd
│           ├── lz4
│           └── xz
├── fmt
├── folly
│   ├── boost
│   │   ├── icu4c
│   │   ├── xz
│   │   └── zstd
│   │       ├── lz4
│   │       └── xz
│   ├── double-conversion
│   ├── fmt
│   ├── gflags
│   ├── glog
│   │   └── gflags
│   ├── libevent
│   │   └── openssl@1.1
│   │       └── ca-certificates
│   ├── lz4
│   ├── openssl@1.1
│   │   └── ca-certificates
│   ├── snappy
│   ├── xz
│   └── zstd
│       ├── lz4
│       └── xz
├── gflags
├── glog
│   └── gflags
├── libevent
│   └── openssl@1.1
│       └── ca-certificates
├── openssl@1.1
│   └── ca-certificates
├── pcre2
└── python@3.11
    ├── mpdecimal
    ├── openssl@1.1
    │   └── ca-certificates
    ├── sqlite
    │   └── readline
    └── xz

webp
├── giflib
├── jpeg-turbo
├── libpng
└── libtiff
    ├── jpeg-turbo
    └── zstd
        ├── lz4
        └── xz

wget
├── libidn2
│   ├── libunistring
│   └── gettext
└── openssl@3
    └── ca-certificates

x265

xcbeautify

xclogparser

robotsandpencils/made/xcodes

xorgproto

xz

yamllint
├── python@3.11
│   ├── mpdecimal
│   ├── openssl@1.1
│   │   └── ca-certificates
│   ├── sqlite
│   │   └── readline
│   └── xz
└── pyyaml
    └── libyaml

yarn

z3

zstd
├── lz4
└── xz

========================================


=== Ruby and rubygems ==================
* Ruby (default): ruby 2.7.6p219 (2022-04-12 revision c9c2245c0a) [arm64-darwin21]
--- Available ruby versions ---
  system
  2.6.9
  2.7.2
  2.7.5
* 2.7.6 (set by /Users/vagrant/.rbenv/version)
  3.0.0
  3.0.3
  3.1.0
  3.1.3
-------------------------------
* rbenv: 1.2.0
* Rubygems: 3.1.6
* Bundler: Bundler version 2.4.8
* CocoaPods: 1.12.0
* xcpretty: 0.3.0
========================================


=== All Ruby GEMs ======================
activesupport (6.1.7.2)
addressable (2.8.1)
algoliasearch (1.27.5)
artifactory (3.0.15)
atomos (0.1.3)
aws-eventstream (1.2.0)
aws-partitions (1.703.0)
aws-sdk-core (3.170.0)
aws-sdk-kms (1.62.0)
aws-sdk-s3 (1.119.0)
aws-sigv4 (1.5.2)
babosa (1.0.4)
benchmark (default: 0.1.0)
bigdecimal (default: 2.0.0)
bundler (2.4.8, 2.4.7, 2.4.6, default: 2.1.4)
CFPropertyList (3.0.6)
cgi (default: 0.1.0.1)
claide (1.1.0)
clamp (1.3.2)
cocoapods (1.12.0, 1.11.3)
cocoapods-core (1.12.0, 1.11.3)
cocoapods-deintegrate (1.0.5)
cocoapods-downloader (1.6.3)
cocoapods-plugins (1.0.0)
cocoapods-search (1.0.1)
cocoapods-trunk (1.6.0)
cocoapods-try (1.2.0)
colored (1.2)
colored2 (3.1.2)
commander (4.6.0)
concurrent-ruby (1.2.0)
csv (default: 3.1.2)
date (default: 3.0.3)
dbm (default: 1.1.0)
declarative (0.0.20)
delegate (default: 0.1.0)
did_you_mean (default: 1.4.0)
digest-crc (0.6.4)
domain_name (0.5.20190701)
dotenv (2.8.1)
emoji_regex (3.2.3)
escape (0.0.4)
etc (default: 1.1.0)
ethon (0.16.0)
excon (0.98.0)
faraday (1.10.3)
faraday-cookie_jar (0.0.7)
faraday-em_http (1.0.0)
faraday-em_synchrony (1.0.0)
faraday-excon (1.1.0)
faraday-httpclient (1.0.1)
faraday-multipart (1.0.4)
faraday-net_http (1.0.1)
faraday-net_http_persistent (1.2.0)
faraday-patron (1.0.0)
faraday-rack (1.0.0)
faraday-retry (1.0.3)
faraday_middleware (1.2.0)
fastimage (2.2.6)
fastlane (2.212.1, 2.212.0, 2.211.0)
fcntl (default: 1.0.0)
ffi (1.15.5)
fiddle (default: 1.0.0)
fileutils (default: 1.4.1)
forwardable (default: 1.3.1)
fourflusher (2.3.1)
fuzzy_match (2.0.4)
getoptlong (default: 0.1.0)
gh_inspector (1.1.3)
google-apis-androidpublisher_v3 (0.33.0)
google-apis-core (0.10.0)
google-apis-iamcredentials_v1 (0.16.0)
google-apis-playcustomapp_v1 (0.12.0)
google-apis-storage_v1 (0.19.0)
google-cloud-core (1.6.0)
google-cloud-env (1.6.0)
google-cloud-errors (1.3.0)
google-cloud-storage (1.44.0)
googleauth (1.3.0)
highline (2.0.3)
http-cookie (1.0.5)
httpclient (2.8.3)
i18n (1.12.0)
io-console (default: 0.5.6)
ipaddr (default: 1.2.2)
irb (default: 1.2.6)
jazzy (0.14.3)
jmespath (1.6.2)
json (default: 2.3.0)
jwt (2.7.0)
liferaft (0.0.6)
logger (default: 1.4.2)
matrix (default: 0.2.0)
memoist (0.16.2)
mini_magick (4.12.0)
mini_mime (1.1.2)
minitest (5.13.0)
molinillo (0.8.0)
multi_json (1.15.0)
multipart-post (2.0.0)
mustache (1.1.1)
mutex_m (default: 0.1.0)
nanaimo (0.3.0)
nap (1.1.0)
naturally (2.2.1)
net-pop (default: 0.1.0)
net-smtp (default: 0.1.0)
net-telnet (0.2.0)
netrc (0.11.0)
nokogiri (1.14.1 arm64-darwin)
observer (default: 0.1.0)
open3 (default: 0.1.0)
open4 (1.3.4)
openssl (default: 2.1.3)
optparse (0.1.1)
os (1.1.4)
ostruct (default: 0.2.0)
plist (3.6.0)
power_assert (1.1.7)
prime (default: 0.1.1)
pstore (default: 0.1.0)
psych (default: 3.1.0)
public_suffix (4.0.7)
racc (default: 1.4.16)
rake (13.0.1)
rdoc (default: 6.2.1.1)
readline (default: 0.0.2)
readline-ext (default: 0.1.0)
redcarpet (3.6.0)
reline (default: 0.1.5)
representable (3.2.0)
retriable (3.1.2)
rexml (3.2.5, default: 3.2.3.1)
rouge (2.0.7)
rss (default: 0.2.8)
ruby-macho (2.5.1)
ruby2_keywords (0.0.5)
rubyzip (2.3.2)
sassc (2.4.0)
sdbm (default: 1.0.0)
security (0.1.3)
signet (0.17.0)
simctl (1.6.10)
singleton (default: 0.1.0)
slack-notifier (2.4.0)
slather (2.7.4)
sqlite3 (1.6.0 arm64-darwin)
stringio (default: 0.1.0)
strscan (default: 1.0.3)
terminal-notifier (2.0.0)
terminal-table (1.8.0)
test-unit (3.3.4)
timeout (default: 0.1.0)
tracer (default: 0.1.0)
trailblazer-option (0.1.2)
trainer (0.9.1)
tty-cursor (0.7.1)
tty-screen (0.8.1)
tty-spinner (0.9.3)
typhoeus (1.4.0)
tzinfo (2.0.6)
uber (0.1.0)
unf (0.1.4)
unf_ext (0.0.8.2)
unicode-display_width (1.8.0)
uri (default: 0.10.0)
webrick (default: 1.6.1)
word_wrap (1.0.0)
xcinvoke (0.3.0)
xcode-install (2.8.1)
xcodeproj (1.22.0)
xcov (1.8.1)
xcpretty (0.3.0)
xcpretty-json-formatter (0.1.1)
xcpretty-travis-formatter (1.0.1)
xcresult (0.2.1)
xmlrpc (0.3.0)
yaml (default: 0.1.0)
zeitwerk (2.6.6)
zlib (default: 1.1.0)
========================================


=== NPM global packages ==========================
* Cordova: 11.0.0 (cordova-lib@11.1.0)
* Ionic: 6.20.1
* Appcenter-CLI version: 2.11.0
========================================


=== Checking Xcode CLT dirs ============

 ls -1 /Library/Developer/CommandLineTools/SDKs/MacOSX.sdk/usr/include/CommonCrypto
CommonCrypto.h
CommonCryptoError.h
CommonCryptor.h
CommonDigest.h
CommonHMAC.h
CommonKeyDerivation.h
CommonRandom.h
CommonSymmetricKeywrap.h
module.modulemap

 * ls -1 /Library/Developer/CommandLineTools/
Library
SDKs
usr

 * /Library/Developer/CommandLineTools/usr/bin/swift --version
Apple Swift version 5.7.2 (swiftlang-5.7.2.135.5 clang-1400.0.29.51)
Target: arm64-apple-darwin21.6.0

 * xcrun swift --version
Apple Swift version 5.7.1 (swiftlang-5.7.1.135.3 clang-1400.0.29.51)
Target: arm64-apple-macosx12.0

========================================


=== Xcode ==============================

* Active Xcode Command Line Tools:
/Applications/Xcode-14.1.0.app/Contents/Developer

* Xcode Version:
Xcode 14.1
Build version 14B47b

* /usr/bin/swift --version
Apple Swift version 5.7.1 (swiftlang-5.7.1.135.3 clang-1400.0.29.51)
Target: arm64-apple-macosx12.0

* Installed SDKs:
DriverKit SDKs:
	DriverKit 22.1                	-sdk driverkit22.1

iOS SDKs:
	iOS 16.1                      	-sdk iphoneos16.1

iOS Simulator SDKs:
	Simulator - iOS 16.1          	-sdk iphonesimulator16.1

macOS SDKs:
	macOS 13.0                    	-sdk macosx13.0
	macOS 13.0                    	-sdk macosx13.0

tvOS SDKs:
	tvOS 16.1                     	-sdk appletvos16.1

tvOS Simulator SDKs:
	Simulator - tvOS 16.1         	-sdk appletvsimulator16.1

watchOS SDKs:
	watchOS 9.1                   	-sdk watchos9.1

watchOS Simulator SDKs:
	Simulator - watchOS 9.1       	-sdk watchsimulator9.1


* Available Simulators:
== Device Types ==
iPhone 4s (com.apple.CoreSimulator.SimDeviceType.iPhone-4s)
iPhone 5 (com.apple.CoreSimulator.SimDeviceType.iPhone-5)
iPhone 5s (com.apple.CoreSimulator.SimDeviceType.iPhone-5s)
iPhone 6 Plus (com.apple.CoreSimulator.SimDeviceType.iPhone-6-Plus)
iPhone 6 (com.apple.CoreSimulator.SimDeviceType.iPhone-6)
iPhone 6s (com.apple.CoreSimulator.SimDeviceType.iPhone-6s)
iPhone 6s Plus (com.apple.CoreSimulator.SimDeviceType.iPhone-6s-Plus)
iPhone SE (1st generation) (com.apple.CoreSimulator.SimDeviceType.iPhone-SE)
iPhone 7 (com.apple.CoreSimulator.SimDeviceType.iPhone-7)
iPhone 7 Plus (com.apple.CoreSimulator.SimDeviceType.iPhone-7-Plus)
iPhone 8 (com.apple.CoreSimulator.SimDeviceType.iPhone-8)
iPhone 8 Plus (com.apple.CoreSimulator.SimDeviceType.iPhone-8-Plus)
iPhone X (com.apple.CoreSimulator.SimDeviceType.iPhone-X)
iPhone Xs (com.apple.CoreSimulator.SimDeviceType.iPhone-XS)
iPhone Xs Max (com.apple.CoreSimulator.SimDeviceType.iPhone-XS-Max)
iPhone Xʀ (com.apple.CoreSimulator.SimDeviceType.iPhone-XR)
iPhone 11 (com.apple.CoreSimulator.SimDeviceType.iPhone-11)
iPhone 11 Pro (com.apple.CoreSimulator.SimDeviceType.iPhone-11-Pro)
iPhone 11 Pro Max (com.apple.CoreSimulator.SimDeviceType.iPhone-11-Pro-Max)
iPhone SE (2nd generation) (com.apple.CoreSimulator.SimDeviceType.iPhone-SE--2nd-generation-)
iPhone 12 mini (com.apple.CoreSimulator.SimDeviceType.iPhone-12-mini)
iPhone 12 (com.apple.CoreSimulator.SimDeviceType.iPhone-12)
iPhone 12 Pro (com.apple.CoreSimulator.SimDeviceType.iPhone-12-Pro)
iPhone 12 Pro Max (com.apple.CoreSimulator.SimDeviceType.iPhone-12-Pro-Max)
iPhone 13 Pro (com.apple.CoreSimulator.SimDeviceType.iPhone-13-Pro)
iPhone 13 Pro Max (com.apple.CoreSimulator.SimDeviceType.iPhone-13-Pro-Max)
iPhone 13 mini (com.apple.CoreSimulator.SimDeviceType.iPhone-13-mini)
iPhone 13 (com.apple.CoreSimulator.SimDeviceType.iPhone-13)
iPhone SE (3rd generation) (com.apple.CoreSimulator.SimDeviceType.iPhone-SE-3rd-generation)
iPhone 14 (com.apple.CoreSimulator.SimDeviceType.iPhone-14)
iPhone 14 Plus (com.apple.CoreSimulator.SimDeviceType.iPhone-14-Plus)
iPhone 14 Pro (com.apple.CoreSimulator.SimDeviceType.iPhone-14-Pro)
iPhone 14 Pro Max (com.apple.CoreSimulator.SimDeviceType.iPhone-14-Pro-Max)
iPod touch (7th generation) (com.apple.CoreSimulator.SimDeviceType.iPod-touch--7th-generation-)
iPad 2 (com.apple.CoreSimulator.SimDeviceType.iPad-2)
iPad Retina (com.apple.CoreSimulator.SimDeviceType.iPad-Retina)
iPad Air (com.apple.CoreSimulator.SimDeviceType.iPad-Air)
iPad mini 2 (com.apple.CoreSimulator.SimDeviceType.iPad-mini-2)
iPad mini 3 (com.apple.CoreSimulator.SimDeviceType.iPad-mini-3)
iPad mini 4 (com.apple.CoreSimulator.SimDeviceType.iPad-mini-4)
iPad Air 2 (com.apple.CoreSimulator.SimDeviceType.iPad-Air-2)
iPad Pro (9.7-inch) (com.apple.CoreSimulator.SimDeviceType.iPad-Pro--9-7-inch-)
iPad Pro (12.9-inch) (1st generation) (com.apple.CoreSimulator.SimDeviceType.iPad-Pro)
iPad (5th generation) (com.apple.CoreSimulator.SimDeviceType.iPad--5th-generation-)
iPad Pro (12.9-inch) (2nd generation) (com.apple.CoreSimulator.SimDeviceType.iPad-Pro--12-9-inch---2nd-generation-)
iPad Pro (10.5-inch) (com.apple.CoreSimulator.SimDeviceType.iPad-Pro--10-5-inch-)
iPad (6th generation) (com.apple.CoreSimulator.SimDeviceType.iPad--6th-generation-)
iPad (7th generation) (com.apple.CoreSimulator.SimDeviceType.iPad--7th-generation-)
iPad Pro (11-inch) (1st generation) (com.apple.CoreSimulator.SimDeviceType.iPad-Pro--11-inch-)
iPad Pro (12.9-inch) (3rd generation) (com.apple.CoreSimulator.SimDeviceType.iPad-Pro--12-9-inch---3rd-generation-)
iPad Pro (11-inch) (2nd generation) (com.apple.CoreSimulator.SimDeviceType.iPad-Pro--11-inch---2nd-generation-)
iPad Pro (12.9-inch) (4th generation) (com.apple.CoreSimulator.SimDeviceType.iPad-Pro--12-9-inch---4th-generation-)
iPad mini (5th generation) (com.apple.CoreSimulator.SimDeviceType.iPad-mini--5th-generation-)
iPad Air (3rd generation) (com.apple.CoreSimulator.SimDeviceType.iPad-Air--3rd-generation-)
iPad (8th generation) (com.apple.CoreSimulator.SimDeviceType.iPad--8th-generation-)
iPad (9th generation) (com.apple.CoreSimulator.SimDeviceType.iPad-9th-generation)
iPad Air (4th generation) (com.apple.CoreSimulator.SimDeviceType.iPad-Air--4th-generation-)
iPad Pro (11-inch) (3rd generation) (com.apple.CoreSimulator.SimDeviceType.iPad-Pro-11-inch-3rd-generation)
iPad Pro (12.9-inch) (5th generation) (com.apple.CoreSimulator.SimDeviceType.iPad-Pro-12-9-inch-5th-generation)
iPad Air (5th generation) (com.apple.CoreSimulator.SimDeviceType.iPad-Air-5th-generation)
iPad (10th generation) (com.apple.CoreSimulator.SimDeviceType.iPad-10th-generation)
iPad mini (6th generation) (com.apple.CoreSimulator.SimDeviceType.iPad-mini-6th-generation)
iPad Pro (11-inch) (4th generation) (com.apple.CoreSimulator.SimDeviceType.iPad-Pro-11-inch-4th-generation-8GB)
iPad Pro (11-inch) (4th generation) (16GB) (com.apple.CoreSimulator.SimDeviceType.iPad-Pro-11-inch-4th-generation-16GB)
iPad Pro (12.9-inch) (6th generation) (com.apple.CoreSimulator.SimDeviceType.iPad-Pro-12-9-inch-6th-generation-8GB)
iPad Pro (12.9-inch) (6th generation) (16GB) (com.apple.CoreSimulator.SimDeviceType.iPad-Pro-12-9-inch-6th-generation-16GB)
Apple TV (com.apple.CoreSimulator.SimDeviceType.Apple-TV-1080p)
Apple TV 4K (com.apple.CoreSimulator.SimDeviceType.Apple-TV-4K-4K)
Apple TV 4K (at 1080p) (com.apple.CoreSimulator.SimDeviceType.Apple-TV-4K-1080p)
Apple TV 4K (2nd generation) (com.apple.CoreSimulator.SimDeviceType.Apple-TV-4K-2nd-generation-4K)
Apple TV 4K (2nd generation) (at 1080p) (com.apple.CoreSimulator.SimDeviceType.Apple-TV-4K-2nd-generation-1080p)
Apple TV 4K (3rd generation) (com.apple.CoreSimulator.SimDeviceType.Apple-TV-4K-3rd-generation-4K)
Apple TV 4K (3rd generation) (at 1080p) (com.apple.CoreSimulator.SimDeviceType.Apple-TV-4K-3rd-generation-1080p)
Apple Watch (38mm) (com.apple.CoreSimulator.SimDeviceType.Apple-Watch-38mm)
Apple Watch (42mm) (com.apple.CoreSimulator.SimDeviceType.Apple-Watch-42mm)
Apple Watch Series 2 (38mm) (com.apple.CoreSimulator.SimDeviceType.Apple-Watch-Series-2-38mm)
Apple Watch Series 2 (42mm) (com.apple.CoreSimulator.SimDeviceType.Apple-Watch-Series-2-42mm)
Apple Watch Series 3 (38mm) (com.apple.CoreSimulator.SimDeviceType.Apple-Watch-Series-3-38mm)
Apple Watch Series 3 (42mm) (com.apple.CoreSimulator.SimDeviceType.Apple-Watch-Series-3-42mm)
Apple Watch Series 4 (40mm) (com.apple.CoreSimulator.SimDeviceType.Apple-Watch-Series-4-40mm)
Apple Watch Series 4 (44mm) (com.apple.CoreSimulator.SimDeviceType.Apple-Watch-Series-4-44mm)
Apple Watch Series 5 (40mm) (com.apple.CoreSimulator.SimDeviceType.Apple-Watch-Series-5-40mm)
Apple Watch Series 5 (44mm) (com.apple.CoreSimulator.SimDeviceType.Apple-Watch-Series-5-44mm)
Apple Watch SE (40mm) (com.apple.CoreSimulator.SimDeviceType.Apple-Watch-SE-40mm)
Apple Watch SE (44mm) (com.apple.CoreSimulator.SimDeviceType.Apple-Watch-SE-44mm)
Apple Watch Series 6 (40mm) (com.apple.CoreSimulator.SimDeviceType.Apple-Watch-Series-6-40mm)
Apple Watch Series 6 (44mm) (com.apple.CoreSimulator.SimDeviceType.Apple-Watch-Series-6-44mm)
Apple Watch Series 7 (41mm) (com.apple.CoreSimulator.SimDeviceType.Apple-Watch-Series-7-41mm)
Apple Watch Series 7 (45mm) (com.apple.CoreSimulator.SimDeviceType.Apple-Watch-Series-7-45mm)
Apple Watch SE (40mm) (2nd generation) (com.apple.CoreSimulator.SimDeviceType.Apple-Watch-SE-40mm-2nd-generation)
Apple Watch SE (44mm) (2nd generation) (com.apple.CoreSimulator.SimDeviceType.Apple-Watch-SE-44mm-2nd-generation)
Apple Watch Series 8 (41mm) (com.apple.CoreSimulator.SimDeviceType.Apple-Watch-Series-8-41mm)
Apple Watch Series 8 (45mm) (com.apple.CoreSimulator.SimDeviceType.Apple-Watch-Series-8-45mm)
Apple Watch Ultra (49mm) (com.apple.CoreSimulator.SimDeviceType.Apple-Watch-Ultra-49mm)
== Runtimes ==
iOS 14.5 (14.5 - 18E182) - com.apple.CoreSimulator.SimRuntime.iOS-14-5
iOS 15.0 (15.0 - 19A339) - com.apple.CoreSimulator.SimRuntime.iOS-15-0
iOS 15.2 (15.2 - 19C51) - com.apple.CoreSimulator.SimRuntime.iOS-15-2
iOS 15.4 (15.4 - 19E240) - com.apple.CoreSimulator.SimRuntime.iOS-15-4
iOS 15.5 (15.5 - 19F70) - com.apple.CoreSimulator.SimRuntime.iOS-15-5
iOS 16.0 (16.0 - 20A360) - com.apple.CoreSimulator.SimRuntime.iOS-16-0
iOS 16.1 (16.1 - 20B72) - com.apple.CoreSimulator.SimRuntime.iOS-16-1
tvOS 15.0 (15.0 - 19J344) - com.apple.CoreSimulator.SimRuntime.tvOS-15-0
tvOS 15.2 (15.2 - 19K50) - com.apple.CoreSimulator.SimRuntime.tvOS-15-2
tvOS 15.4 (15.4 - 19L439) - com.apple.CoreSimulator.SimRuntime.tvOS-15-4
tvOS 16.0 (16.0 - 20J373) - com.apple.CoreSimulator.SimRuntime.tvOS-16-0
tvOS 16.1 (16.1 - 20K67) - com.apple.CoreSimulator.SimRuntime.tvOS-16-1
watchOS 8.0 (8.0 - 19R345) - com.apple.CoreSimulator.SimRuntime.watchOS-8-0
watchOS 8.3 (8.3 - 19S51) - com.apple.CoreSimulator.SimRuntime.watchOS-8-3
watchOS 8.5 (8.5 - 19T241) - com.apple.CoreSimulator.SimRuntime.watchOS-8-5
watchOS 9.0 (9.0 - 20R362) - com.apple.CoreSimulator.SimRuntime.watchOS-9-0
watchOS 9.1 (9.1 - 20S75) - com.apple.CoreSimulator.SimRuntime.watchOS-9-1
== Devices ==
-- iOS 14.5 --
    iPhone 8 Plus (F5CC7EB9-D503-4102-AC4F-84162874CF6C) (Shutdown) 
    iPhone 11 (D96B87C6-FAEF-472D-97BB-7885A51AD16F) (Shutdown) 
    iPhone SE (2nd generation) (6B902B2D-C559-4366-88D6-4CC8DB2E9B80) (Shutdown) 
    iPhone 12 mini (2B4528D6-9551-4CE7-B12B-B29F12FF6F08) (Shutdown) 
    iPhone 12 (A1F9CAEB-E819-49F6-B25A-6216F0B7190A) (Shutdown) 
    iPhone 12 Pro (2F434A2B-C30C-4C8F-A72A-0106631AF6C5) (Shutdown) 
    iPhone 12 Pro Max (F95EC69A-8F7D-47C8-BDA2-F932EA693529) (Shutdown) 
    iPod touch (7th generation) (E679FB37-9467-46B0-895B-2EC06FA4051A) (Shutdown) 
    iPad Pro (9.7-inch) (CF99B7EC-9814-4C27-9275-2762F91C2250) (Shutdown) 
    iPad (8th generation) (2EA4BEA9-56B0-49DE-9882-49DFF8135839) (Shutdown) 
    iPad Air (4th generation) (5759C3DA-E744-4C4C-9DE4-06686DADF547) (Shutdown) 
    iPad Pro (11-inch) (3rd generation) (D17D0CE5-8ECF-443A-A071-2B1D4386C62F) (Shutdown) 
    iPad Pro (12.9-inch) (5th generation) (8545D444-8600-469E-AE95-EF59CEBF41C0) (Shutdown) 
-- iOS 15.0 --
    iPhone 8 Plus (06C3FDF2-AFAD-4893-9E50-113DDAE107BD) (Shutdown) 
    iPhone 11 (6E9F1CA0-14DD-4301-BE89-73E4337A988D) (Shutdown) 
    iPhone SE (2nd generation) (23D941CA-1680-4A42-980D-9DEE86FB435B) (Shutdown) 
    iPhone 13 Pro (38F0C787-9795-493F-9AED-1032DCC51975) (Shutdown) 
    iPhone 13 Pro Max (8AB1DD72-1B06-4AEE-B050-7C3BE65E7402) (Shutdown) 
    iPhone 13 mini (B7A54354-6813-41AD-9663-C14A90FC8050) (Shutdown) 
    iPhone 13 (49AA7D14-FF2F-4BD1-A8FF-AF983CDAD838) (Shutdown) 
    iPod touch (7th generation) (9B3F72D5-792C-4DBD-9C7A-442E783D4E5D) (Shutdown) 
    iPad Pro (9.7-inch) (B6E50567-9987-4D16-BEAD-8348A06642BC) (Shutdown) 
    iPad (9th generation) (5D1A333F-65DC-4120-A4A5-BA7A4B7CCE82) (Shutdown) 
    iPad Air (4th generation) (783FA151-6F61-4A74-93D2-797594632E78) (Shutdown) 
    iPad Pro (11-inch) (3rd generation) (1C078E69-230F-4B1E-A816-E2EAB101FA18) (Shutdown) 
    iPad Pro (12.9-inch) (5th generation) (D57C12BC-3BCD-42B6-8E04-95C6DFAEC09E) (Shutdown) 
    iPad mini (6th generation) (9E201A5E-BBF9-4CD5-B1F0-B433CC01420D) (Shutdown) 
-- iOS 15.2 --
    iPhone 8 Plus (2A222E41-8F13-4B48-9FD6-28B9FF92129A) (Shutdown) 
    iPhone 11 (D6196B38-3A82-4E9F-89CE-8428573DAAE2) (Shutdown) 
    iPhone SE (2nd generation) (95DA5E44-BFB7-4B34-BA19-4D6A1E123635) (Shutdown) 
    iPhone 13 Pro (0E855E8F-6C67-4EE1-B631-3E5B9D9501E6) (Shutdown) 
    iPhone 13 Pro Max (D6FF5163-8320-463D-9C1C-35058A880457) (Shutdown) 
    iPhone 13 mini (E7ED7862-A42F-4415-A254-93C807FFF64B) (Shutdown) 
    iPhone 13 (9196C940-57C0-4A4D-9330-5F5AF769CAD7) (Shutdown) 
    iPod touch (7th generation) (2A7F5FA2-01A0-47E4-B9BB-2E9C37695436) (Shutdown) 
    iPad Pro (9.7-inch) (0528BD0C-2198-4A83-93C6-F79F42125F24) (Shutdown) 
    iPad (9th generation) (870E7A5F-031D-4B02-96A6-8CBDAFA5182F) (Shutdown) 
    iPad Air (4th generation) (9928CF7C-3B5A-48DB-85C1-58A864EB91C1) (Shutdown) 
    iPad Pro (11-inch) (3rd generation) (CDBFA96C-142D-457A-B50D-B9324884109C) (Shutdown) 
    iPad Pro (12.9-inch) (5th generation) (EDA6B016-094D-4AB3-A96A-6CC490A037FC) (Shutdown) 
    iPad mini (6th generation) (95E59BD1-C5FB-4E4B-8800-A9985E25ED08) (Shutdown) 
-- iOS 15.4 --
    iPhone 8 Plus (1F0CD461-63B2-4E98-9E69-F75638777998) (Shutdown) 
    iPhone 11 (92AC8EF4-6460-4223-8D17-463708E807A1) (Shutdown) 
    iPhone 13 Pro (8BD896F9-10A7-4A10-BA6F-64C8547A422B) (Shutdown) 
    iPhone 13 Pro Max (5F1885B9-A8CB-4A05-81B5-E1F064793A60) (Shutdown) 
    iPhone 13 mini (B02F09BD-9EF1-43C6-BF69-C819B816158D) (Shutdown) 
    iPhone 13 (1DF096B6-CCC1-41C8-B10B-2FC5D968D571) (Shutdown) 
    iPhone SE (3rd generation) (A7945812-374C-4983-B490-586061F6FCF7) (Shutdown) 
    iPod touch (7th generation) (DACC7259-45D7-44BD-AD35-9F17FD7E3865) (Shutdown) 
    iPad Pro (9.7-inch) (613550A8-6ACB-4637-8342-6C183D81C878) (Shutdown) 
    iPad (9th generation) (4C8B8166-3310-40B6-BB2B-FF4F0BB23F0A) (Shutdown) 
    iPad Pro (11-inch) (3rd generation) (247FEC0F-7CF5-4EC4-99FB-EBEE8E66B308) (Shutdown) 
    iPad Pro (12.9-inch) (5th generation) (43D72FFB-0255-4FF9-A7EE-CC29E370F785) (Shutdown) 
    iPad Air (5th generation) (969F5139-2BF3-4673-B7A7-0E7002438A4B) (Shutdown) 
    iPad mini (6th generation) (0C2306D0-F49B-44AF-8CAB-660270812987) (Shutdown) 
-- iOS 15.5 --
    iPhone 8 Plus (3DCFD13C-0E7F-4636-9014-BC08A6D970B0) (Shutdown) 
    iPhone 11 (6C7ECD7F-821C-4263-85A7-D0C9ADAA97B7) (Shutdown) 
    iPhone 13 Pro (01AEEA9A-E692-4EFF-861B-09D4662B4083) (Shutdown) 
    iPhone 13 Pro Max (BEC06F1F-C2C6-4CC8-B8AD-7D618D4634DA) (Shutdown) 
    iPhone 13 mini (D7D49065-16F3-4CE8-9614-2520C17F6763) (Shutdown) 
    iPhone 13 (A14DC2CD-2EE7-4459-8BC2-A5D9BF915421) (Shutdown) 
    iPhone SE (3rd generation) (243CD8B3-6EA9-4EAC-B0C7-766DE55A6F99) (Shutdown) 
    iPod touch (7th generation) (7C7B2462-E965-4696-863D-BE7BFD198781) (Shutdown) 
    iPad Pro (9.7-inch) (1AE64BC1-EB8E-4C3C-81BA-F808BBC2FF2C) (Shutdown) 
    iPad (9th generation) (9E1E14C3-B21D-4F3D-81F1-AA208F23A8DC) (Shutdown) 
    iPad Pro (11-inch) (3rd generation) (C01846C2-ED5A-4D7C-AAE8-0784CA784F35) (Shutdown) 
    iPad Pro (12.9-inch) (5th generation) (BE096B79-6D00-4A3D-8261-E0D829ACFC95) (Shutdown) 
    iPad Air (5th generation) (6555A9F1-EE6A-457C-858F-E2E171532983) (Shutdown) 
    iPad mini (6th generation) (D41541E1-11AD-4486-908A-B2F5BCEC9BB2) (Shutdown) 
-- iOS 16.0 --
    iPhone 8 Plus (E011A0FC-7A1C-4967-B886-089753273D63) (Shutdown) 
    iPhone 11 (EE5E8EA7-8CBE-48E9-BA2A-60DD48EC9A11) (Shutdown) 
    iPhone SE (3rd generation) (5FB1A5D6-CF4F-4B2C-9FF3-DF4F6E6D0189) (Shutdown) 
    iPhone 14 (52C4C777-C245-4B94-A1B5-546131434F96) (Shutdown) 
    iPhone 14 Plus (581E7962-847D-49EB-83D1-DD4D6DDEBE1D) (Shutdown) 
    iPhone 14 Pro (C1C44CB4-3AAD-4F6F-9942-7CDB2D20CDAB) (Shutdown) 
    iPhone 14 Pro Max (8D696D12-1DCE-4618-846B-B14B55FA4DA2) (Shutdown) 
    iPad (9th generation) (D52657B0-B7F6-4752-91E9-BE77493DF194) (Shutdown) 
    iPad Pro (11-inch) (3rd generation) (BCE5DEA6-5786-4C56-ADA8-D46DC868BE39) (Shutdown) 
    iPad Pro (12.9-inch) (5th generation) (65277F94-C509-4282-B4A1-071DEF614F39) (Shutdown) 
    iPad Air (5th generation) (121F4065-C447-41FE-BDBA-CC16F5A03CD2) (Shutdown) 
    iPad mini (6th generation) (32911632-1CBD-45DF-B68F-BC2D18337091) (Shutdown) 
-- iOS 16.1 --
    iPhone 8 Plus (2895AAD5-4A84-4135-BFEB-88B873CA0E92) (Shutdown) 
    iPhone 11 (DFE5293A-A768-4386-B796-4C8EEA92EC4F) (Shutdown) 
    iPhone SE (3rd generation) (16AC83B8-1BDC-45CD-8CE1-63F974E74B88) (Shutdown) 
    iPhone 14 (C9D6CC51-7582-42A8-B33B-32107D960239) (Shutdown) 
    iPhone 14 Plus (9BFD09F0-0784-4696-A871-9158BADDFE97) (Shutdown) 
    iPhone 14 Pro (05072BFD-5438-496D-9519-D4CCDBA16CA0) (Shutdown) 
    iPhone 14 Pro Max (531A037E-03FB-4537-BEB1-D6D7F36E91AF) (Shutdown) 
    iPad (9th generation) (42F67247-2E23-41C6-818C-7514E5E4DACF) (Shutdown) 
    iPad Pro (11-inch) (3rd generation) (EC81A565-E126-4196-906F-76B5441E261E) (Shutdown) 
    iPad Pro (12.9-inch) (5th generation) (7B8C8749-E1C2-4844-9D20-4AFEEB92DCA7) (Shutdown) 
    iPad Air (5th generation) (BCB37379-F2C3-46E8-B40D-8C1A0EFAE3DB) (Shutdown) 
    iPad (10th generation) (89380440-E89C-49A3-B5F8-C871C2F13D69) (Shutdown) 
    iPad mini (6th generation) (C78B42F0-12B2-494D-9AEA-99C7D5D94385) (Shutdown) 
    iPad Pro (11-inch) (4th generation) (544CEE93-F911-4786-9EEB-09B45497AAC6) (Shutdown) 
    iPad Pro (12.9-inch) (6th generation) (B38A4F83-F535-405F-88FF-C53C99FF6FAC) (Shutdown) 
-- tvOS 15.0 --
    Apple TV (524463C0-E622-470A-8773-10F2770BA19F) (Shutdown) 
    Apple TV 4K (2nd generation) (403C7446-0CEC-4C89-A9AA-3500C954EB5B) (Shutdown) 
    Apple TV 4K (2nd generation) (at 1080p) (7AA32DE8-1541-4A94-BF8C-449514178B12) (Shutdown) 
-- tvOS 15.2 --
    Apple TV (92057C49-84C0-4209-A269-3AE4D4F34559) (Shutdown) 
    Apple TV 4K (2nd generation) (EC2B106A-163F-4D6E-BE98-E1ABC256920F) (Shutdown) 
    Apple TV 4K (2nd generation) (at 1080p) (3F9E6A7C-3618-44D0-B22D-BE0FFE0477E9) (Shutdown) 
-- tvOS 15.4 --
    Apple TV (D59946BD-B202-4A45-B4AA-0FC095820944) (Shutdown) 
    Apple TV 4K (2nd generation) (FA5EC8DC-CA25-41F1-B483-E8B62796C257) (Shutdown) 
    Apple TV 4K (2nd generation) (at 1080p) (3AF1444D-BAB9-4567-B8B1-F68901A588F8) (Shutdown) 
-- tvOS 16.0 --
    Apple TV (24062B46-5D60-4E3C-B553-D191D2B84CD4) (Shutdown) 
    Apple TV 4K (2nd generation) (0436F63D-1234-4EEF-B620-64C804727CCD) (Shutdown) 
    Apple TV 4K (2nd generation) (at 1080p) (7D119F43-7B68-43D4-9BA8-E93D0A781805) (Shutdown) 
-- tvOS 16.1 --
    Apple TV (AF47F4B0-3EC0-4140-9E6F-8B55D3F478B9) (Shutdown) 
    Apple TV 4K (2nd generation) (549A527B-1E3E-4CAE-ABF3-D40881D1CF33) (Shutdown) 
    Apple TV 4K (at 1080p) (2nd generation) (9508FBD2-5915-4569-8408-42D8CBB26323) (Shutdown) 
    Apple TV 4K (3rd generation) (E017950A-C2B6-4533-AEE4-79805EC735DC) (Shutdown) 
    Apple TV 4K (3rd generation) (at 1080p) (C8E9C6E4-524D-4F61-B2F3-C6D94078DB76) (Shutdown) 
-- watchOS 8.0 --
    Apple Watch Series 5 (40mm) (0B1B27E0-C7FC-41DF-8757-083068DE03E4) (Shutdown) 
    Apple Watch Series 5 (44mm) (1D990AE6-C035-4349-A866-020B33E21F33) (Shutdown) 
    Apple Watch Series 6 (40mm) (E4E5047B-5541-4D37-AD2C-DF4E55D82BE2) (Shutdown) 
    Apple Watch Series 6 (44mm) (2CD42A0D-842E-4047-9D31-E84ECB973CB5) (Shutdown) 
    Apple Watch Series 7 (41mm) (76035118-033B-4AF9-977B-3421BAC26A06) (Shutdown) 
    Apple Watch Series 7 (45mm) (32BDDAEA-3F01-4D0F-9FAA-9BEED2F7BCAF) (Shutdown) 
-- watchOS 8.3 --
    Apple Watch Series 5 (40mm) (F9AD53DC-4474-4B46-939A-532CE97174B3) (Shutdown) 
    Apple Watch Series 5 (44mm) (C0733828-573E-4F6A-B570-CF5D523ABE7F) (Shutdown) 
    Apple Watch Series 6 (40mm) (F9C523C1-0344-4E82-9119-CD6ACF4488DA) (Shutdown) 
    Apple Watch Series 6 (44mm) (F2E2BF69-3E15-42D6-84E7-E2C68FECF4AB) (Shutdown) 
    Apple Watch Series 7 (41mm) (34E90874-F2F3-4994-A28A-527C5402C0EB) (Shutdown) 
    Apple Watch Series 7 (45mm) (1DF61DD0-625A-4A33-9A9F-DACD4B796471) (Shutdown) 
-- watchOS 8.5 --
    Apple Watch Series 5 (40mm) (9E980B65-D75C-40F3-A6D6-77A0ACEF0EC0) (Shutdown) 
    Apple Watch Series 5 (44mm) (AFA0A5FF-86A9-41E0-925F-0F9221195C8B) (Shutdown) 
    Apple Watch Series 6 (40mm) (B739F09B-8413-4E79-8907-216005ECF506) (Shutdown) 
    Apple Watch Series 6 (44mm) (2DC1724E-4283-4134-A767-7896A9E267CD) (Shutdown) 
    Apple Watch Series 7 (41mm) (6C8AD0E1-693C-4DCA-A332-DA16075AD292) (Shutdown) 
    Apple Watch Series 7 (45mm) (12D58111-9A68-49BA-AD4A-505616556F0A) (Shutdown) 
-- watchOS 9.0 --
    Apple Watch Series 5 (40mm) (556CD2E9-DBE4-43C4-933A-601F4891F6FD) (Shutdown) 
    Apple Watch Series 5 (44mm) (1F2B7F6E-A8BC-4034-8126-B47B732DA956) (Shutdown) 
    Apple Watch Series 6 (40mm) (6914D840-36FB-4810-B6D7-3E2899A0E5D2) (Shutdown) 
    Apple Watch Series 6 (44mm) (A8456052-2393-45FC-9A9A-296BB1DA701D) (Shutdown) 
    Apple Watch Series 7 (41mm) (5FEC3FBA-8751-4D77-BF91-B17AEC240191) (Shutdown) 
    Apple Watch Series 7 (45mm) (5265F26A-B191-4923-AF6C-E47833F6736C) (Shutdown) 
    Apple Watch SE (40mm) (2nd generation) (672C1BD3-7E53-4F9B-B49D-395A577A8768) (Shutdown) 
    Apple Watch SE (44mm) (2nd generation) (8AF94123-FC92-42FD-BBB1-A4C06B3526BC) (Shutdown) 
    Apple Watch Series 8 (41mm) (A94B85D1-F19E-471D-842B-94AEF28D73C7) (Shutdown) 
    Apple Watch Series 8 (45mm) (85B9ED1F-6CE7-44F5-9A20-F81937319A5E) (Shutdown) 
    Apple Watch Ultra (49mm) (A010E4F6-5EA4-432C-B42C-8CF85590592D) (Shutdown) 
-- watchOS 9.1 --
    Apple Watch Series 5 (40mm) (9273F300-A65B-4AB6-9526-7CD796187A4D) (Shutdown) 
    Apple Watch Series 5 (44mm) (9E41DCAD-A9DB-4DAD-AFAE-18633BB1DBA7) (Shutdown) 
    Apple Watch Series 6 (40mm) (9D13AB4B-6037-4C01-AE04-E68C7288FD34) (Shutdown) 
    Apple Watch Series 6 (44mm) (8E9F951A-A825-472E-A55E-37B3DAA5A881) (Shutdown) 
    Apple Watch Series 7 (41mm) (5B9351BB-91A2-41B1-A003-C7D536356326) (Shutdown) 
    Apple Watch Series 7 (45mm) (066ACAED-C7D9-422A-A706-8CC75EEA3EDC) (Shutdown) 
    Apple Watch SE (40mm) (2nd generation) (70322758-8A4C-49BE-94DC-9A3063C2AFB1) (Shutdown) 
    Apple Watch SE (44mm) (2nd generation) (9E31895A-2913-41CC-A1E4-1EBF75C4FD8A) (Shutdown) 
    Apple Watch Series 8 (41mm) (85208A32-775A-4BDC-90A2-31E7389BC69A) (Shutdown) 
    Apple Watch Series 8 (45mm) (60578E92-CA4F-49B1-AD26-8066FD5D1258) (Shutdown) 
    Apple Watch Ultra (49mm) (CBF050E2-4B32-4F78-B522-093D19E746D3) (Shutdown) 
== Device Pairs ==
CF88C19E-0D58-47ED-A7FE-3AEA3D4EBAC1 (active, disconnected)
    Watch: Apple Watch Series 7 (45mm) (5265F26A-B191-4923-AF6C-E47833F6736C) (Shutdown)
    Phone: iPhone 14 (52C4C777-C245-4B94-A1B5-546131434F96) (Shutdown)
A8691C65-6D47-4065-809C-65586D78BF5A (active, disconnected)
    Watch: Apple Watch Series 8 (41mm) (A94B85D1-F19E-471D-842B-94AEF28D73C7) (Shutdown)
    Phone: iPhone 14 Plus (581E7962-847D-49EB-83D1-DD4D6DDEBE1D) (Shutdown)
E23BB454-CC5E-403B-9FB4-CDB7A1381BB3 (active, disconnected)
    Watch: Apple Watch Series 8 (45mm) (85B9ED1F-6CE7-44F5-9A20-F81937319A5E) (Shutdown)
    Phone: iPhone 14 Pro (C1C44CB4-3AAD-4F6F-9942-7CDB2D20CDAB) (Shutdown)
827AE913-ED75-4C49-9CCB-7AADD43E4FC3 (active, disconnected)
    Watch: Apple Watch Ultra (49mm) (A010E4F6-5EA4-432C-B42C-8CF85590592D) (Shutdown)
    Phone: iPhone 14 Pro Max (8D696D12-1DCE-4618-846B-B14B55FA4DA2) (Shutdown)
33EBC0CD-4670-4EFA-8A7B-49A579B533D9 (active, disconnected)
    Watch: Apple Watch Series 7 (45mm) (066ACAED-C7D9-422A-A706-8CC75EEA3EDC) (Shutdown)
    Phone: iPhone 14 (C9D6CC51-7582-42A8-B33B-32107D960239) (Shutdown)
125E65C2-A1C4-401A-96AC-D9B7AA259171 (active, disconnected)
    Watch: Apple Watch Series 8 (41mm) (85208A32-775A-4BDC-90A2-31E7389BC69A) (Shutdown)
    Phone: iPhone 14 Plus (9BFD09F0-0784-4696-A871-9158BADDFE97) (Shutdown)
366CC60C-30BB-4C99-BDA9-4D91725EB261 (active, disconnected)
    Watch: Apple Watch Series 8 (45mm) (60578E92-CA4F-49B1-AD26-8066FD5D1258) (Shutdown)
    Phone: iPhone 14 Pro (05072BFD-5438-496D-9519-D4CCDBA16CA0) (Shutdown)
8AA2AA84-3B24-46D0-BE5D-E80C4DD2D5E3 (active, disconnected)
    Watch: Apple Watch Ultra (49mm) (CBF050E2-4B32-4F78-B522-093D19E746D3) (Shutdown)
    Phone: iPhone 14 Pro Max (531A037E-03FB-4537-BEB1-D6D7F36E91AF) (Shutdown)

========================================


=== OS X info =========================

* sw_vers
ProductName:	macOS
ProductVersion:	12.6.3
BuildVersion:	21G419

* system_profiler SPSoftwareDataType
Software:

    System Software Overview:

      System Version: macOS 12.6.3 (21G419)
      Kernel Version: Darwin 21.6.0
      Boot Volume: Macintosh HD
      Boot Mode: Normal
      Computer Name: vm-osx-monterey14-g2-m1.8core-138fe57f-e1bd-406c-9f3b-d1f026766bab
      User Name: vagrant (vagrant)
      Secure Virtual Memory: Enabled
      System Integrity Protection: Disabled
      Time since boot: 34 minutes


========================================


=== System infos =======================
* Free disk space:
    Filesystem         Size        Avail
/dev/disk2s1s1        340Gi        109Gi
========================================

--- Android

* ANDROID_HOME (/usr/local/share/android-sdk) content:
add-ons
build-tools
cmake
cmdline-tools
emulator
extras
licenses
ndk-bundle
patcher
platform-tools
platforms
system-images
tools

* ANDROID_NDK_HOME (/usr/local/share/android-sdk/ndk-bundle) content:
CHANGELOG.md
NOTICE
NOTICE.toolchain
README.md
build
meta
ndk-build
ndk-gdb
ndk-lldb
ndk-stack
ndk-which
package.xml
prebuilt
python-packages
shader-tools
simpleperf
source.properties
sources
toolchains
wrap.sh

* Android NDK Version:
Pkg.Desc = Android NDK
Pkg.Revision = 24.0.8215888

* platform-tools content:
NOTICE.txt
adb
dmtracedump
e2fsdroid
etc1tool
fastboot
hprof-conv
lib64
make_f2fs
make_f2fs_casefold
mke2fs
mke2fs.conf
package.xml
sload_f2fs
source.properties
sqlite3

* build-tools content:
32.0.0
32.1.0-rc1

* extras content:
/usr/local/share/android-sdk/extras
├── android
│   └── m2repository
├── google
│   ├── google_play_services
│   └── m2repository
└── m2repository
    └── com

8 directories, 0 files

* platforms content:
android-32

* system-images content:
/usr/local/share/android-sdk/system-images
├── android-29
│   └── google_apis
│       └── arm64-v8a
├── android-30
│   └── google_apis
│       └── arm64-v8a
├── android-31
│   └── google_apis
│       └── arm64-v8a
└── android-32
    └── google_apis
        └── arm64-v8a

13 directories, 0 files

========================================

 * SDK packages:
* Command line Tools version: 6.0
* Platform Tools version: 33.0.3
* Emulator version: 31.3.14
========================================


=== Android APK tools ==================

* aapt2:

========================================


=== Environment infos =======================
MATCH_KEYCHAIN_PASSWORD environment set
========================================


=== Control tests ======================
source $HOME/.bash_profile ...
source $HOME/.bash_profile - PASSED
========================================

