 (i) Ignore Errors: disabled


=== Revision / ID ======================
* BITRISE_OSX_STACK_REV_ID: v2023-08-29
========================================


=== Pre-installed tool versions ========

== All Ruby versions selectable via asdf local ruby x ==
* Ruby default version: ruby 3.2.2 (2023-03-30 revision e51014f9c0) [arm64-darwin22]
  3.0.0
  3.0.3
  3.0
  3.1.4
  3.1
  3.2.2
 *3.2
  3
3 => 3.2.2
3.0 => 3.0.3
3.1 => 3.1.4
3.2 => 3.2.2

== All Go versions selectable via asdf local golang x ==
* Go default version: go version go1.20.5 darwin/arm64
  1.19.10
  1.19
 *1.20.5
  1.20
  1
1 => 1.20.5
1.19 => 1.19.10
1.20 => 1.20.5
========================================

* Python: Python 2.7.18

== All Nodejs versions selectable via asdf local nodejs x ==
* Node.js default version: v18.17.1
  18.17.1
  18.17
 *18
  20.5.1
  20.5
  20
  lts
18 => 18.17.1
18.17 => 18.17.1
20 => 20.5.1
20.5 => 20.5.1
lts => 18.17.1
* NPM: 9.6.7
* Yarn: 1.22.19
========================================

* Java:   system
  1.8
  1.8.0.382
* 11.0 (set by /Users/vagrant/.jenv/version)
  11.0.20
  17.0
  17.0.8
  8.0
  temurin64-1.8.0.382
  temurin64-11.0.20
  temurin64-17.0.8
* Kotlin: Kotlin version 1.9.10-release-459 (JRE 11.0.20+8)
* Flutter: Flutter 3.7.12 • channel stable • https://github.com/flutter/flutter.git
* fvm: 2.4.1
* Flutter SDKs via fvm: Cache Directory:  /Users/vagrant/fvm/versions

3.7.12 (global)

=== Dart global packages ==================
junitreport 2.0.2
===========================================


* git: git version 2.42.0
* git lfs: git-lfs/3.4.0 (GitHub; darwin arm64; go 1.20.6)
* mercurial/hg: Mercurial Distributed SCM (version 6.5.1)
* curl: curl 8.2.1 (aarch64-apple-darwin22.4.0) libcurl/8.2.1 (SecureTransport) OpenSSL/3.1.2 zlib/1.2.11 brotli/1.0.9 zstd/1.5.5 libidn2/2.3.4 libssh2/1.11.0 nghttp2/1.55.1 librtmp/2.3 OpenLDAP/2.6.6
* wget: GNU Wget 1.21.4 built on darwin22.4.0.
* rsync: rsync  version 2.6.9  protocol version 29
* unzip: UnZip 6.00 of 20 April 2009, by Info-ZIP.  Maintained by C. Spieler.  Send
* zip: This is Zip 3.0 (July 5th 2008), by Info-ZIP.
* tar: bsdtar 3.5.3 - libarchive 3.5.3 zlib/1.2.11 liblzma/5.0.5 bz2lib/1.0.8 
* tree: tree v2.1.1 © 1996 - 2023 by Steve Baker, Thomas Moore, Francesc Rocher, Florian Sesser, Kyosuke Tokoro

* brew: Homebrew 4.1.7
Homebrew/homebrew-core (git revision 9ca3d3d30ae; last commit 2023-08-28)
Homebrew/homebrew-cask (git revision fb810c0c61; last commit 2023-08-28)
* gtimeout: timeout (GNU coreutils) 9.3
* watchman: 2023.08.28.00
* flow: Flow, a static type checker for JavaScript, version 0.215.1
* carthage: 0.39.0
* imagemagick (convert): Version: ImageMagick 7.1.1-15 Q16-HDRI aarch64 21298 https://imagemagick.org
* screen: Screen version 4.09.01 (GNU) 20-Aug-23
* firebase: 12.4.8
* applesimutils version 0.9.9
* jq: 1.6
* xcbeautify: 1.0.0
* XCLogParser 0.2.36
* Screen 4.09.01
* applesimutils 0.9.9
* OpenConnect version v9.12
* aws-cli: aws-cli/2.13.13 Python/3.11.5 Darwin/22.6.0 source/arm64 prompt/off
* cmake: 3.27.4
* danger-swift: 3.17.1
[0;0m
* OpenVPN 2.6.6 aarch64-apple-darwin22.4.0 [SSL (OpenSSL)] [LZO] [LZ4] [PKCS11] [MH/RECVDA] [AEAD]
* tuist: 3.20.0

--- Bitrise CLI tool versions
* bitrise: 2.4.0
* stepman: 0.16.1
* envman: 2.4.2
========================================


=== Brew list versions ==================
ant 1.10.14
aom 3.6.1
applesimutils 0.9.9
apr 1.7.4
apr-util 1.6.3_1
argon2 20190702_1
aria2 1.36.0_2
aspell 0.60.8
autoconf 2.71
awscli 2.13.13
bazelisk 1.18.0
boost 1.82.0_1
brotli 1.0.9
ca-certificates 2023-08-22
cairo 1.16.0_5
carthage 0.39.0
cffi 1.15.1
cmake 3.27.4
coreutils 9.3
curl 8.2.1
danger-js 64
danger-swift 3.17.1
dart 3.1.0
docutils 0.20.1
double-conversion 3.3.0
edencommon 2023.08.28.00
fb303 2023.08.28.00
fbthrift 2023.08.28.00
fizz 2023.08.28.00
flow 0.215.1
fmt 10.1.1
folly 2023.08.28.00
fontconfig 2.14.2
freetds 1.3.20
freetype 2.13.2
fvm 2.4.1
gd 2.3.3_6
gettext 0.21.1
gflags 2.2.2
gh 2.33.0
ghostscript 10.01.2
giflib 5.2.1
git 2.42.0
git-lfs 3.4.0
glib 2.76.4
glog 0.6.0
gmp 6.2.1_1
gnupg 2.4.3
gnutls 3.8.1
gradle 8.3
graphite2 1.3.14
groovy 4.0.14
harfbuzz 8.1.1
highway 1.0.6
hub 2.14.2
icu4c 73.2
imagemagick 7.1.1-15
imath 3.1.9
jasper 4.0.0
jbig2dec 0.19
jenv 0.5.6
jpeg-turbo 3.0.0
jpeg-xl 0.8.2
jq 1.6
kotlin 1.9.10
krb5 1.21.2
libassuan 2.5.6
libavif 1.0.0
libde265 1.0.12
libevent 2.1.12_1
libgcrypt 1.10.2
libgpg-error 1.47
libheif 1.16.2
libidn 1.41
libidn2 2.3.4_1
libksba 1.6.4
liblqr 0.4.2_1
libnghttp2 1.55.1
libomp 16.0.6
libpng 1.6.40
libpq 15.4
libraw 0.21.1
libsodium 1.0.18_1
libssh2 1.11.0_1
libtasn1 4.19.0
libtiff 4.5.1
libtool 2.4.7
libunistring 1.1
libusb 1.0.26
libvmaf 2.3.1
libx11 1.8.6
libxau 1.0.11
libxcb 1.15_1
libxdmcp 1.1.4
libxext 1.3.5
libxrender 0.9.11
libyaml 0.2.5
libzip 1.10.0_1
little-cms2 2.15
lokalise2 2.6.8
lz4 1.9.4
lzo 2.10
m4 1.4.19
maven 3.9.4
mercurial 6.5.1
mint 0.17.5
mpdecimal 2.5.1
nettle 3.9.1
npth 1.6
oniguruma 6.9.8
openconnect 9.12
openexr 3.1.11
openjdk 20.0.1
openjpeg 2.5.0_1
openldap 2.6.6
openssl@3 3.1.2
openvpn 2.6.6
p11-kit 0.25.0
parallel 20230822
pcre2 10.42
php 8.2.9
pinentry 1.2.1
pixman 0.42.2
pkcs11-helper 1.29.0
pkg-config 0.29.2_3
pycparser 2.21
pyenv 2.3.25
python@3.11 3.11.5
pyyaml 6.0.1
rbenv 1.2.0
readline 8.2.1
rtmpdump 2.4+20151223_2
ruby-build 20230717
screen 4.9.1
shared-mime-info 2.2
six 1.16.0_3
snappy 1.1.10
sonar-scanner 5.0.1.3006
sqlite 3.43.0
stoken 0.92_1
swift-format 508.0.1
swiftlint 0.52.4
tidy-html5 5.8.0
transcrypt 2.2.3
tree 2.1.1
unbound 1.17.1_1
unixodbc 2.3.12
wangle 2023.08.28.00
watchman 2023.08.28.00
webp 1.3.1
wget 1.21.4
x265 3.5
xcbeautify 1.0.0
xclogparser 0.2.36
xcodes 1.3.0
xorgproto 2023.2
xz 5.4.4
yamllint 1.32.0
yarn 1.22.19
zeromq 4.3.4
zstd 1.5.5
temurin11 11.0.20,8
temurin17 17.0.8,7
temurin8 8,382,05
========================================


=== Brew deps tree ==================
ant
└── openjdk
    ├── giflib
    ├── harfbuzz
    │   ├── cairo
    │   │   ├── fontconfig
    │   │   │   └── freetype
    │   │   │       └── libpng
    │   │   ├── freetype
    │   │   │   └── libpng
    │   │   ├── glib
    │   │   │   ├── pcre2
    │   │   │   └── gettext
    │   │   ├── libpng
    │   │   ├── libx11
    │   │   │   ├── libxcb
    │   │   │   │   ├── libxau
    │   │   │   │   │   └── xorgproto
    │   │   │   │   └── libxdmcp
    │   │   │   │       └── xorgproto
    │   │   │   └── xorgproto
    │   │   ├── libxcb
    │   │   │   ├── libxau
    │   │   │   │   └── xorgproto
    │   │   │   └── libxdmcp
    │   │   │       └── xorgproto
    │   │   ├── libxext
    │   │   │   ├── libx11
    │   │   │   │   ├── libxcb
    │   │   │   │   │   ├── libxau
    │   │   │   │   │   │   └── xorgproto
    │   │   │   │   │   └── libxdmcp
    │   │   │   │   │       └── xorgproto
    │   │   │   │   └── xorgproto
    │   │   │   └── xorgproto
    │   │   ├── libxrender
    │   │   │   ├── libx11
    │   │   │   │   ├── libxcb
    │   │   │   │   │   ├── libxau
    │   │   │   │   │   │   └── xorgproto
    │   │   │   │   │   └── libxdmcp
    │   │   │   │   │       └── xorgproto
    │   │   │   │   └── xorgproto
    │   │   │   └── xorgproto
    │   │   ├── lzo
    │   │   └── pixman
    │   ├── freetype
    │   │   └── libpng
    │   ├── glib
    │   │   ├── pcre2
    │   │   └── gettext
    │   ├── graphite2
    │   └── icu4c
    ├── jpeg-turbo
    ├── libpng
    └── little-cms2
        ├── jpeg-turbo
        └── libtiff
            ├── jpeg-turbo
            ├── xz
            └── zstd
                ├── lz4
                └── xz

aom
├── jpeg-xl
│   ├── brotli
│   ├── giflib
│   ├── highway
│   ├── imath
│   ├── jpeg-turbo
│   ├── libpng
│   ├── little-cms2
│   │   ├── jpeg-turbo
│   │   └── libtiff
│   │       ├── jpeg-turbo
│   │       ├── xz
│   │       └── zstd
│   │           ├── lz4
│   │           └── xz
│   ├── openexr
│   │   └── imath
│   └── webp
│       ├── giflib
│       ├── jpeg-turbo
│       ├── libpng
│       └── libtiff
│           ├── jpeg-turbo
│           ├── xz
│           └── zstd
│               ├── lz4
│               └── xz
└── libvmaf

wix/brew/applesimutils

apr

apr-util
├── apr
└── openssl@3
    └── ca-certificates

argon2

aria2
├── gettext
├── libssh2
│   └── openssl@3
│       └── ca-certificates
├── openssl@3
│   └── ca-certificates
└── sqlite
    └── readline

aspell

autoconf
└── m4

awscli
├── cffi
│   ├── pycparser
│   │   └── python@3.11
│   │       ├── mpdecimal
│   │       ├── openssl@3
│   │       │   └── ca-certificates
│   │       ├── sqlite
│   │       │   └── readline
│   │       └── xz
│   └── python@3.11
│       ├── mpdecimal
│       ├── openssl@3
│       │   └── ca-certificates
│       ├── sqlite
│       │   └── readline
│       └── xz
├── docutils
│   └── python@3.11
│       ├── mpdecimal
│       ├── openssl@3
│       │   └── ca-certificates
│       ├── sqlite
│       │   └── readline
│       └── xz
├── openssl@3
│   └── ca-certificates
├── pycparser
│   └── python@3.11
│       ├── mpdecimal
│       ├── openssl@3
│       │   └── ca-certificates
│       ├── sqlite
│       │   └── readline
│       └── xz
├── python@3.11
│   ├── mpdecimal
│   ├── openssl@3
│   │   └── ca-certificates
│   ├── sqlite
│   │   └── readline
│   └── xz
└── six

bazelisk

boost
├── icu4c
├── xz
└── zstd
    ├── lz4
    └── xz

brotli

ca-certificates

cairo
├── fontconfig
│   └── freetype
│       └── libpng
├── freetype
│   └── libpng
├── glib
│   ├── pcre2
│   └── gettext
├── libpng
├── libx11
│   ├── libxcb
│   │   ├── libxau
│   │   │   └── xorgproto
│   │   └── libxdmcp
│   │       └── xorgproto
│   └── xorgproto
├── libxcb
│   ├── libxau
│   │   └── xorgproto
│   └── libxdmcp
│       └── xorgproto
├── libxext
│   ├── libx11
│   │   ├── libxcb
│   │   │   ├── libxau
│   │   │   │   └── xorgproto
│   │   │   └── libxdmcp
│   │   │       └── xorgproto
│   │   └── xorgproto
│   └── xorgproto
├── libxrender
│   ├── libx11
│   │   ├── libxcb
│   │   │   ├── libxau
│   │   │   │   └── xorgproto
│   │   │   └── libxdmcp
│   │   │       └── xorgproto
│   │   └── xorgproto
│   └── xorgproto
├── lzo
└── pixman

carthage

cffi
├── pycparser
│   └── python@3.11
│       ├── mpdecimal
│       ├── openssl@3
│       │   └── ca-certificates
│       ├── sqlite
│       │   └── readline
│       └── xz
└── python@3.11
    ├── mpdecimal
    ├── openssl@3
    │   └── ca-certificates
    ├── sqlite
    │   └── readline
    └── xz

cmake

coreutils
└── gmp

curl
├── brotli
├── libidn2
│   ├── libunistring
│   └── gettext
├── libnghttp2
├── libssh2
│   └── openssl@3
│       └── ca-certificates
├── openldap
│   └── openssl@3
│       └── ca-certificates
├── openssl@3
│   └── ca-certificates
├── rtmpdump
│   └── openssl@3
│       └── ca-certificates
└── zstd
    ├── lz4
    └── xz

danger/tap/danger-js

danger/tap/danger-swift
└── danger/tap/danger-js

dart-lang/dart/dart

docutils
└── python@3.11
    ├── mpdecimal
    ├── openssl@3
    │   └── ca-certificates
    ├── sqlite
    │   └── readline
    └── xz

double-conversion

edencommon
├── folly
│   ├── boost
│   │   ├── icu4c
│   │   ├── xz
│   │   └── zstd
│   │       ├── lz4
│   │       └── xz
│   ├── double-conversion
│   ├── fmt
│   ├── gflags
│   ├── glog
│   │   └── gflags
│   ├── libevent
│   │   └── openssl@3
│   │       └── ca-certificates
│   ├── libsodium
│   ├── lz4
│   ├── openssl@3
│   │   └── ca-certificates
│   ├── snappy
│   ├── xz
│   └── zstd
│       ├── lz4
│       └── xz
├── gflags
├── glog
│   └── gflags
└── openssl@3
    └── ca-certificates

fb303
├── fbthrift
│   ├── boost
│   │   ├── icu4c
│   │   ├── xz
│   │   └── zstd
│   │       ├── lz4
│   │       └── xz
│   ├── fizz
│   │   ├── boost
│   │   │   ├── icu4c
│   │   │   ├── xz
│   │   │   └── zstd
│   │   │       ├── lz4
│   │   │       └── xz
│   │   ├── double-conversion
│   │   ├── fmt
│   │   ├── folly
│   │   │   ├── boost
│   │   │   │   ├── icu4c
│   │   │   │   ├── xz
│   │   │   │   └── zstd
│   │   │   │       ├── lz4
│   │   │   │       └── xz
│   │   │   ├── double-conversion
│   │   │   ├── fmt
│   │   │   ├── gflags
│   │   │   ├── glog
│   │   │   │   └── gflags
│   │   │   ├── libevent
│   │   │   │   └── openssl@3
│   │   │   │       └── ca-certificates
│   │   │   ├── libsodium
│   │   │   ├── lz4
│   │   │   ├── openssl@3
│   │   │   │   └── ca-certificates
│   │   │   ├── snappy
│   │   │   ├── xz
│   │   │   └── zstd
│   │   │       ├── lz4
│   │   │       └── xz
│   │   ├── gflags
│   │   ├── glog
│   │   │   └── gflags
│   │   ├── libevent
│   │   │   └── openssl@3
│   │   │       └── ca-certificates
│   │   ├── libsodium
│   │   ├── lz4
│   │   ├── openssl@3
│   │   │   └── ca-certificates
│   │   ├── snappy
│   │   └── zstd
│   │       ├── lz4
│   │       └── xz
│   ├── fmt
│   ├── folly
│   │   ├── boost
│   │   │   ├── icu4c
│   │   │   ├── xz
│   │   │   └── zstd
│   │   │       ├── lz4
│   │   │       └── xz
│   │   ├── double-conversion
│   │   ├── fmt
│   │   ├── gflags
│   │   ├── glog
│   │   │   └── gflags
│   │   ├── libevent
│   │   │   └── openssl@3
│   │   │       └── ca-certificates
│   │   ├── libsodium
│   │   ├── lz4
│   │   ├── openssl@3
│   │   │   └── ca-certificates
│   │   ├── snappy
│   │   ├── xz
│   │   └── zstd
│   │       ├── lz4
│   │       └── xz
│   ├── gflags
│   ├── glog
│   │   └── gflags
│   ├── openssl@3
│   │   └── ca-certificates
│   ├── wangle
│   │   ├── boost
│   │   │   ├── icu4c
│   │   │   ├── xz
│   │   │   └── zstd
│   │   │       ├── lz4
│   │   │       └── xz
│   │   ├── double-conversion
│   │   ├── fizz
│   │   │   ├── boost
│   │   │   │   ├── icu4c
│   │   │   │   ├── xz
│   │   │   │   └── zstd
│   │   │   │       ├── lz4
│   │   │   │       └── xz
│   │   │   ├── double-conversion
│   │   │   ├── fmt
│   │   │   ├── folly
│   │   │   │   ├── boost
│   │   │   │   │   ├── icu4c
│   │   │   │   │   ├── xz
│   │   │   │   │   └── zstd
│   │   │   │   │       ├── lz4
│   │   │   │   │       └── xz
│   │   │   │   ├── double-conversion
│   │   │   │   ├── fmt
│   │   │   │   ├── gflags
│   │   │   │   ├── glog
│   │   │   │   │   └── gflags
│   │   │   │   ├── libevent
│   │   │   │   │   └── openssl@3
│   │   │   │   │       └── ca-certificates
│   │   │   │   ├── libsodium
│   │   │   │   ├── lz4
│   │   │   │   ├── openssl@3
│   │   │   │   │   └── ca-certificates
│   │   │   │   ├── snappy
│   │   │   │   ├── xz
│   │   │   │   └── zstd
│   │   │   │       ├── lz4
│   │   │   │       └── xz
│   │   │   ├── gflags
│   │   │   ├── glog
│   │   │   │   └── gflags
│   │   │   ├── libevent
│   │   │   │   └── openssl@3
│   │   │   │       └── ca-certificates
│   │   │   ├── libsodium
│   │   │   ├── lz4
│   │   │   ├── openssl@3
│   │   │   │   └── ca-certificates
│   │   │   ├── snappy
│   │   │   └── zstd
│   │   │       ├── lz4
│   │   │       └── xz
│   │   ├── fmt
│   │   ├── folly
│   │   │   ├── boost
│   │   │   │   ├── icu4c
│   │   │   │   ├── xz
│   │   │   │   └── zstd
│   │   │   │       ├── lz4
│   │   │   │       └── xz
│   │   │   ├── double-conversion
│   │   │   ├── fmt
│   │   │   ├── gflags
│   │   │   ├── glog
│   │   │   │   └── gflags
│   │   │   ├── libevent
│   │   │   │   └── openssl@3
│   │   │   │       └── ca-certificates
│   │   │   ├── libsodium
│   │   │   ├── lz4
│   │   │   ├── openssl@3
│   │   │   │   └── ca-certificates
│   │   │   ├── snappy
│   │   │   ├── xz
│   │   │   └── zstd
│   │   │       ├── lz4
│   │   │       └── xz
│   │   ├── gflags
│   │   ├── glog
│   │   │   └── gflags
│   │   ├── libevent
│   │   │   └── openssl@3
│   │   │       └── ca-certificates
│   │   ├── libsodium
│   │   ├── lz4
│   │   ├── openssl@3
│   │   │   └── ca-certificates
│   │   ├── snappy
│   │   └── zstd
│   │       ├── lz4
│   │       └── xz
│   └── zstd
│       ├── lz4
│       └── xz
├── fizz
│   ├── boost
│   │   ├── icu4c
│   │   ├── xz
│   │   └── zstd
│   │       ├── lz4
│   │       └── xz
│   ├── double-conversion
│   ├── fmt
│   ├── folly
│   │   ├── boost
│   │   │   ├── icu4c
│   │   │   ├── xz
│   │   │   └── zstd
│   │   │       ├── lz4
│   │   │       └── xz
│   │   ├── double-conversion
│   │   ├── fmt
│   │   ├── gflags
│   │   ├── glog
│   │   │   └── gflags
│   │   ├── libevent
│   │   │   └── openssl@3
│   │   │       └── ca-certificates
│   │   ├── libsodium
│   │   ├── lz4
│   │   ├── openssl@3
│   │   │   └── ca-certificates
│   │   ├── snappy
│   │   ├── xz
│   │   └── zstd
│   │       ├── lz4
│   │       └── xz
│   ├── gflags
│   ├── glog
│   │   └── gflags
│   ├── libevent
│   │   └── openssl@3
│   │       └── ca-certificates
│   ├── libsodium
│   ├── lz4
│   ├── openssl@3
│   │   └── ca-certificates
│   ├── snappy
│   └── zstd
│       ├── lz4
│       └── xz
├── fmt
├── folly
│   ├── boost
│   │   ├── icu4c
│   │   ├── xz
│   │   └── zstd
│   │       ├── lz4
│   │       └── xz
│   ├── double-conversion
│   ├── fmt
│   ├── gflags
│   ├── glog
│   │   └── gflags
│   ├── libevent
│   │   └── openssl@3
│   │       └── ca-certificates
│   ├── libsodium
│   ├── lz4
│   ├── openssl@3
│   │   └── ca-certificates
│   ├── snappy
│   ├── xz
│   └── zstd
│       ├── lz4
│       └── xz
├── gflags
├── glog
│   └── gflags
├── openssl@3
│   └── ca-certificates
└── wangle
    ├── boost
    │   ├── icu4c
    │   ├── xz
    │   └── zstd
    │       ├── lz4
    │       └── xz
    ├── double-conversion
    ├── fizz
    │   ├── boost
    │   │   ├── icu4c
    │   │   ├── xz
    │   │   └── zstd
    │   │       ├── lz4
    │   │       └── xz
    │   ├── double-conversion
    │   ├── fmt
    │   ├── folly
    │   │   ├── boost
    │   │   │   ├── icu4c
    │   │   │   ├── xz
    │   │   │   └── zstd
    │   │   │       ├── lz4
    │   │   │       └── xz
    │   │   ├── double-conversion
    │   │   ├── fmt
    │   │   ├── gflags
    │   │   ├── glog
    │   │   │   └── gflags
    │   │   ├── libevent
    │   │   │   └── openssl@3
    │   │   │       └── ca-certificates
    │   │   ├── libsodium
    │   │   ├── lz4
    │   │   ├── openssl@3
    │   │   │   └── ca-certificates
    │   │   ├── snappy
    │   │   ├── xz
    │   │   └── zstd
    │   │       ├── lz4
    │   │       └── xz
    │   ├── gflags
    │   ├── glog
    │   │   └── gflags
    │   ├── libevent
    │   │   └── openssl@3
    │   │       └── ca-certificates
    │   ├── libsodium
    │   ├── lz4
    │   ├── openssl@3
    │   │   └── ca-certificates
    │   ├── snappy
    │   └── zstd
    │       ├── lz4
    │       └── xz
    ├── fmt
    ├── folly
    │   ├── boost
    │   │   ├── icu4c
    │   │   ├── xz
    │   │   └── zstd
    │   │       ├── lz4
    │   │       └── xz
    │   ├── double-conversion
    │   ├── fmt
    │   ├── gflags
    │   ├── glog
    │   │   └── gflags
    │   ├── libevent
    │   │   └── openssl@3
    │   │       └── ca-certificates
    │   ├── libsodium
    │   ├── lz4
    │   ├── openssl@3
    │   │   └── ca-certificates
    │   ├── snappy
    │   ├── xz
    │   └── zstd
    │       ├── lz4
    │       └── xz
    ├── gflags
    ├── glog
    │   └── gflags
    ├── libevent
    │   └── openssl@3
    │       └── ca-certificates
    ├── libsodium
    ├── lz4
    ├── openssl@3
    │   └── ca-certificates
    ├── snappy
    └── zstd
        ├── lz4
        └── xz

fbthrift
├── boost
│   ├── icu4c
│   ├── xz
│   └── zstd
│       ├── lz4
│       └── xz
├── fizz
│   ├── boost
│   │   ├── icu4c
│   │   ├── xz
│   │   └── zstd
│   │       ├── lz4
│   │       └── xz
│   ├── double-conversion
│   ├── fmt
│   ├── folly
│   │   ├── boost
│   │   │   ├── icu4c
│   │   │   ├── xz
│   │   │   └── zstd
│   │   │       ├── lz4
│   │   │       └── xz
│   │   ├── double-conversion
│   │   ├── fmt
│   │   ├── gflags
│   │   ├── glog
│   │   │   └── gflags
│   │   ├── libevent
│   │   │   └── openssl@3
│   │   │       └── ca-certificates
│   │   ├── libsodium
│   │   ├── lz4
│   │   ├── openssl@3
│   │   │   └── ca-certificates
│   │   ├── snappy
│   │   ├── xz
│   │   └── zstd
│   │       ├── lz4
│   │       └── xz
│   ├── gflags
│   ├── glog
│   │   └── gflags
│   ├── libevent
│   │   └── openssl@3
│   │       └── ca-certificates
│   ├── libsodium
│   ├── lz4
│   ├── openssl@3
│   │   └── ca-certificates
│   ├── snappy
│   └── zstd
│       ├── lz4
│       └── xz
├── fmt
├── folly
│   ├── boost
│   │   ├── icu4c
│   │   ├── xz
│   │   └── zstd
│   │       ├── lz4
│   │       └── xz
│   ├── double-conversion
│   ├── fmt
│   ├── gflags
│   ├── glog
│   │   └── gflags
│   ├── libevent
│   │   └── openssl@3
│   │       └── ca-certificates
│   ├── libsodium
│   ├── lz4
│   ├── openssl@3
│   │   └── ca-certificates
│   ├── snappy
│   ├── xz
│   └── zstd
│       ├── lz4
│       └── xz
├── gflags
├── glog
│   └── gflags
├── openssl@3
│   └── ca-certificates
├── wangle
│   ├── boost
│   │   ├── icu4c
│   │   ├── xz
│   │   └── zstd
│   │       ├── lz4
│   │       └── xz
│   ├── double-conversion
│   ├── fizz
│   │   ├── boost
│   │   │   ├── icu4c
│   │   │   ├── xz
│   │   │   └── zstd
│   │   │       ├── lz4
│   │   │       └── xz
│   │   ├── double-conversion
│   │   ├── fmt
│   │   ├── folly
│   │   │   ├── boost
│   │   │   │   ├── icu4c
│   │   │   │   ├── xz
│   │   │   │   └── zstd
│   │   │   │       ├── lz4
│   │   │   │       └── xz
│   │   │   ├── double-conversion
│   │   │   ├── fmt
│   │   │   ├── gflags
│   │   │   ├── glog
│   │   │   │   └── gflags
│   │   │   ├── libevent
│   │   │   │   └── openssl@3
│   │   │   │       └── ca-certificates
│   │   │   ├── libsodium
│   │   │   ├── lz4
│   │   │   ├── openssl@3
│   │   │   │   └── ca-certificates
│   │   │   ├── snappy
│   │   │   ├── xz
│   │   │   └── zstd
│   │   │       ├── lz4
│   │   │       └── xz
│   │   ├── gflags
│   │   ├── glog
│   │   │   └── gflags
│   │   ├── libevent
│   │   │   └── openssl@3
│   │   │       └── ca-certificates
│   │   ├── libsodium
│   │   ├── lz4
│   │   ├── openssl@3
│   │   │   └── ca-certificates
│   │   ├── snappy
│   │   └── zstd
│   │       ├── lz4
│   │       └── xz
│   ├── fmt
│   ├── folly
│   │   ├── boost
│   │   │   ├── icu4c
│   │   │   ├── xz
│   │   │   └── zstd
│   │   │       ├── lz4
│   │   │       └── xz
│   │   ├── double-conversion
│   │   ├── fmt
│   │   ├── gflags
│   │   ├── glog
│   │   │   └── gflags
│   │   ├── libevent
│   │   │   └── openssl@3
│   │   │       └── ca-certificates
│   │   ├── libsodium
│   │   ├── lz4
│   │   ├── openssl@3
│   │   │   └── ca-certificates
│   │   ├── snappy
│   │   ├── xz
│   │   └── zstd
│   │       ├── lz4
│   │       └── xz
│   ├── gflags
│   ├── glog
│   │   └── gflags
│   ├── libevent
│   │   └── openssl@3
│   │       └── ca-certificates
│   ├── libsodium
│   ├── lz4
│   ├── openssl@3
│   │   └── ca-certificates
│   ├── snappy
│   └── zstd
│       ├── lz4
│       └── xz
└── zstd
    ├── lz4
    └── xz

fizz
├── boost
│   ├── icu4c
│   ├── xz
│   └── zstd
│       ├── lz4
│       └── xz
├── double-conversion
├── fmt
├── folly
│   ├── boost
│   │   ├── icu4c
│   │   ├── xz
│   │   └── zstd
│   │       ├── lz4
│   │       └── xz
│   ├── double-conversion
│   ├── fmt
│   ├── gflags
│   ├── glog
│   │   └── gflags
│   ├── libevent
│   │   └── openssl@3
│   │       └── ca-certificates
│   ├── libsodium
│   ├── lz4
│   ├── openssl@3
│   │   └── ca-certificates
│   ├── snappy
│   ├── xz
│   └── zstd
│       ├── lz4
│       └── xz
├── gflags
├── glog
│   └── gflags
├── libevent
│   └── openssl@3
│       └── ca-certificates
├── libsodium
├── lz4
├── openssl@3
│   └── ca-certificates
├── snappy
└── zstd
    ├── lz4
    └── xz

flow

fmt

folly
├── boost
│   ├── icu4c
│   ├── xz
│   └── zstd
│       ├── lz4
│       └── xz
├── double-conversion
├── fmt
├── gflags
├── glog
│   └── gflags
├── libevent
│   └── openssl@3
│       └── ca-certificates
├── libsodium
├── lz4
├── openssl@3
│   └── ca-certificates
├── snappy
├── xz
└── zstd
    ├── lz4
    └── xz

fontconfig
└── freetype
    └── libpng

freetds
├── openssl@3
│   └── ca-certificates
└── unixodbc
    └── libtool
        └── m4

freetype
└── libpng

leoafarias/fvm/fvm

gd
├── fontconfig
│   └── freetype
│       └── libpng
├── freetype
│   └── libpng
├── jpeg-turbo
├── libavif
│   ├── aom
│   │   ├── jpeg-xl
│   │   │   ├── brotli
│   │   │   ├── giflib
│   │   │   ├── highway
│   │   │   ├── imath
│   │   │   ├── jpeg-turbo
│   │   │   ├── libpng
│   │   │   ├── little-cms2
│   │   │   │   ├── jpeg-turbo
│   │   │   │   └── libtiff
│   │   │   │       ├── jpeg-turbo
│   │   │   │       ├── xz
│   │   │   │       └── zstd
│   │   │   │           ├── lz4
│   │   │   │           └── xz
│   │   │   ├── openexr
│   │   │   │   └── imath
│   │   │   └── webp
│   │   │       ├── giflib
│   │   │       ├── jpeg-turbo
│   │   │       ├── libpng
│   │   │       └── libtiff
│   │   │           ├── jpeg-turbo
│   │   │           ├── xz
│   │   │           └── zstd
│   │   │               ├── lz4
│   │   │               └── xz
│   │   └── libvmaf
│   ├── jpeg-turbo
│   └── libpng
├── libpng
├── libtiff
│   ├── jpeg-turbo
│   ├── xz
│   └── zstd
│       ├── lz4
│       └── xz
└── webp
    ├── giflib
    ├── jpeg-turbo
    ├── libpng
    └── libtiff
        ├── jpeg-turbo
        ├── xz
        └── zstd
            ├── lz4
            └── xz

gettext

gflags

gh

ghostscript
├── fontconfig
│   └── freetype
│       └── libpng
├── freetype
│   └── libpng
├── jbig2dec
├── jpeg-turbo
├── libidn
├── libpng
├── libtiff
│   ├── jpeg-turbo
│   ├── xz
│   └── zstd
│       ├── lz4
│       └── xz
├── little-cms2
│   ├── jpeg-turbo
│   └── libtiff
│       ├── jpeg-turbo
│       ├── xz
│       └── zstd
│           ├── lz4
│           └── xz
└── openjpeg
    ├── libpng
    ├── libtiff
    │   ├── jpeg-turbo
    │   ├── xz
    │   └── zstd
    │       ├── lz4
    │       └── xz
    └── little-cms2
        ├── jpeg-turbo
        └── libtiff
            ├── jpeg-turbo
            ├── xz
            └── zstd
                ├── lz4
                └── xz

giflib

git
├── gettext
└── pcre2

git-lfs

glib
├── pcre2
└── gettext

glog
└── gflags

gmp

gnupg
├── gnutls
│   ├── ca-certificates
│   ├── gmp
│   ├── libidn2
│   │   ├── libunistring
│   │   └── gettext
│   ├── libtasn1
│   ├── libunistring
│   ├── nettle
│   │   └── gmp
│   ├── p11-kit
│   │   ├── ca-certificates
│   │   └── libtasn1
│   └── unbound
│       ├── libevent
│       │   └── openssl@3
│       │       └── ca-certificates
│       ├── libnghttp2
│       └── openssl@3
│           └── ca-certificates
├── libassuan
│   └── libgpg-error
│       └── gettext
├── libgcrypt
│   └── libgpg-error
│       └── gettext
├── libgpg-error
│   └── gettext
├── libksba
│   └── libgpg-error
│       └── gettext
├── libusb
├── npth
├── openldap
│   └── openssl@3
│       └── ca-certificates
├── pinentry
│   ├── libassuan
│   │   └── libgpg-error
│   │       └── gettext
│   └── libgpg-error
│       └── gettext
├── readline
└── gettext

gnutls
├── ca-certificates
├── gmp
├── libidn2
│   ├── libunistring
│   └── gettext
├── libtasn1
├── libunistring
├── nettle
│   └── gmp
├── p11-kit
│   ├── ca-certificates
│   └── libtasn1
└── unbound
    ├── libevent
    │   └── openssl@3
    │       └── ca-certificates
    ├── libnghttp2
    └── openssl@3
        └── ca-certificates

gradle
└── openjdk
    ├── giflib
    ├── harfbuzz
    │   ├── cairo
    │   │   ├── fontconfig
    │   │   │   └── freetype
    │   │   │       └── libpng
    │   │   ├── freetype
    │   │   │   └── libpng
    │   │   ├── glib
    │   │   │   ├── pcre2
    │   │   │   └── gettext
    │   │   ├── libpng
    │   │   ├── libx11
    │   │   │   ├── libxcb
    │   │   │   │   ├── libxau
    │   │   │   │   │   └── xorgproto
    │   │   │   │   └── libxdmcp
    │   │   │   │       └── xorgproto
    │   │   │   └── xorgproto
    │   │   ├── libxcb
    │   │   │   ├── libxau
    │   │   │   │   └── xorgproto
    │   │   │   └── libxdmcp
    │   │   │       └── xorgproto
    │   │   ├── libxext
    │   │   │   ├── libx11
    │   │   │   │   ├── libxcb
    │   │   │   │   │   ├── libxau
    │   │   │   │   │   │   └── xorgproto
    │   │   │   │   │   └── libxdmcp
    │   │   │   │   │       └── xorgproto
    │   │   │   │   └── xorgproto
    │   │   │   └── xorgproto
    │   │   ├── libxrender
    │   │   │   ├── libx11
    │   │   │   │   ├── libxcb
    │   │   │   │   │   ├── libxau
    │   │   │   │   │   │   └── xorgproto
    │   │   │   │   │   └── libxdmcp
    │   │   │   │   │       └── xorgproto
    │   │   │   │   └── xorgproto
    │   │   │   └── xorgproto
    │   │   ├── lzo
    │   │   └── pixman
    │   ├── freetype
    │   │   └── libpng
    │   ├── glib
    │   │   ├── pcre2
    │   │   └── gettext
    │   ├── graphite2
    │   └── icu4c
    ├── jpeg-turbo
    ├── libpng
    └── little-cms2
        ├── jpeg-turbo
        └── libtiff
            ├── jpeg-turbo
            ├── xz
            └── zstd
                ├── lz4
                └── xz

graphite2

groovy
└── openjdk
    ├── giflib
    ├── harfbuzz
    │   ├── cairo
    │   │   ├── fontconfig
    │   │   │   └── freetype
    │   │   │       └── libpng
    │   │   ├── freetype
    │   │   │   └── libpng
    │   │   ├── glib
    │   │   │   ├── pcre2
    │   │   │   └── gettext
    │   │   ├── libpng
    │   │   ├── libx11
    │   │   │   ├── libxcb
    │   │   │   │   ├── libxau
    │   │   │   │   │   └── xorgproto
    │   │   │   │   └── libxdmcp
    │   │   │   │       └── xorgproto
    │   │   │   └── xorgproto
    │   │   ├── libxcb
    │   │   │   ├── libxau
    │   │   │   │   └── xorgproto
    │   │   │   └── libxdmcp
    │   │   │       └── xorgproto
    │   │   ├── libxext
    │   │   │   ├── libx11
    │   │   │   │   ├── libxcb
    │   │   │   │   │   ├── libxau
    │   │   │   │   │   │   └── xorgproto
    │   │   │   │   │   └── libxdmcp
    │   │   │   │   │       └── xorgproto
    │   │   │   │   └── xorgproto
    │   │   │   └── xorgproto
    │   │   ├── libxrender
    │   │   │   ├── libx11
    │   │   │   │   ├── libxcb
    │   │   │   │   │   ├── libxau
    │   │   │   │   │   │   └── xorgproto
    │   │   │   │   │   └── libxdmcp
    │   │   │   │   │       └── xorgproto
    │   │   │   │   └── xorgproto
    │   │   │   └── xorgproto
    │   │   ├── lzo
    │   │   └── pixman
    │   ├── freetype
    │   │   └── libpng
    │   ├── glib
    │   │   ├── pcre2
    │   │   └── gettext
    │   ├── graphite2
    │   └── icu4c
    ├── jpeg-turbo
    ├── libpng
    └── little-cms2
        ├── jpeg-turbo
        └── libtiff
            ├── jpeg-turbo
            ├── xz
            └── zstd
                ├── lz4
                └── xz

harfbuzz
├── cairo
│   ├── fontconfig
│   │   └── freetype
│   │       └── libpng
│   ├── freetype
│   │   └── libpng
│   ├── glib
│   │   ├── pcre2
│   │   └── gettext
│   ├── libpng
│   ├── libx11
│   │   ├── libxcb
│   │   │   ├── libxau
│   │   │   │   └── xorgproto
│   │   │   └── libxdmcp
│   │   │       └── xorgproto
│   │   └── xorgproto
│   ├── libxcb
│   │   ├── libxau
│   │   │   └── xorgproto
│   │   └── libxdmcp
│   │       └── xorgproto
│   ├── libxext
│   │   ├── libx11
│   │   │   ├── libxcb
│   │   │   │   ├── libxau
│   │   │   │   │   └── xorgproto
│   │   │   │   └── libxdmcp
│   │   │   │       └── xorgproto
│   │   │   └── xorgproto
│   │   └── xorgproto
│   ├── libxrender
│   │   ├── libx11
│   │   │   ├── libxcb
│   │   │   │   ├── libxau
│   │   │   │   │   └── xorgproto
│   │   │   │   └── libxdmcp
│   │   │   │       └── xorgproto
│   │   │   └── xorgproto
│   │   └── xorgproto
│   ├── lzo
│   └── pixman
├── freetype
│   └── libpng
├── glib
│   ├── pcre2
│   └── gettext
├── graphite2
└── icu4c

highway

hub

icu4c

imagemagick
├── freetype
│   └── libpng
├── ghostscript
│   ├── fontconfig
│   │   └── freetype
│   │       └── libpng
│   ├── freetype
│   │   └── libpng
│   ├── jbig2dec
│   ├── jpeg-turbo
│   ├── libidn
│   ├── libpng
│   ├── libtiff
│   │   ├── jpeg-turbo
│   │   ├── xz
│   │   └── zstd
│   │       ├── lz4
│   │       └── xz
│   ├── little-cms2
│   │   ├── jpeg-turbo
│   │   └── libtiff
│   │       ├── jpeg-turbo
│   │       ├── xz
│   │       └── zstd
│   │           ├── lz4
│   │           └── xz
│   └── openjpeg
│       ├── libpng
│       ├── libtiff
│       │   ├── jpeg-turbo
│       │   ├── xz
│       │   └── zstd
│       │       ├── lz4
│       │       └── xz
│       └── little-cms2
│           ├── jpeg-turbo
│           └── libtiff
│               ├── jpeg-turbo
│               ├── xz
│               └── zstd
│                   ├── lz4
│                   └── xz
├── jpeg-turbo
├── libheif
│   ├── aom
│   │   ├── jpeg-xl
│   │   │   ├── brotli
│   │   │   ├── giflib
│   │   │   ├── highway
│   │   │   ├── imath
│   │   │   ├── jpeg-turbo
│   │   │   ├── libpng
│   │   │   ├── little-cms2
│   │   │   │   ├── jpeg-turbo
│   │   │   │   └── libtiff
│   │   │   │       ├── jpeg-turbo
│   │   │   │       ├── xz
│   │   │   │       └── zstd
│   │   │   │           ├── lz4
│   │   │   │           └── xz
│   │   │   ├── openexr
│   │   │   │   └── imath
│   │   │   └── webp
│   │   │       ├── giflib
│   │   │       ├── jpeg-turbo
│   │   │       ├── libpng
│   │   │       └── libtiff
│   │   │           ├── jpeg-turbo
│   │   │           ├── xz
│   │   │           └── zstd
│   │   │               ├── lz4
│   │   │               └── xz
│   │   └── libvmaf
│   ├── jpeg-turbo
│   ├── libde265
│   ├── libpng
│   ├── shared-mime-info
│   │   └── glib
│   │       ├── pcre2
│   │       └── gettext
│   └── x265
├── liblqr
│   └── glib
│       ├── pcre2
│       └── gettext
├── libpng
├── libraw
│   ├── jasper
│   │   └── jpeg-turbo
│   ├── jpeg-turbo
│   ├── little-cms2
│   │   ├── jpeg-turbo
│   │   └── libtiff
│   │       ├── jpeg-turbo
│   │       ├── xz
│   │       └── zstd
│   │           ├── lz4
│   │           └── xz
│   └── libomp
├── libtiff
│   ├── jpeg-turbo
│   ├── xz
│   └── zstd
│       ├── lz4
│       └── xz
├── libtool
│   └── m4
├── little-cms2
│   ├── jpeg-turbo
│   └── libtiff
│       ├── jpeg-turbo
│       ├── xz
│       └── zstd
│           ├── lz4
│           └── xz
├── openexr
│   └── imath
├── openjpeg
│   ├── libpng
│   ├── libtiff
│   │   ├── jpeg-turbo
│   │   ├── xz
│   │   └── zstd
│   │       ├── lz4
│   │       └── xz
│   └── little-cms2
│       ├── jpeg-turbo
│       └── libtiff
│           ├── jpeg-turbo
│           ├── xz
│           └── zstd
│               ├── lz4
│               └── xz
├── webp
│   ├── giflib
│   ├── jpeg-turbo
│   ├── libpng
│   └── libtiff
│       ├── jpeg-turbo
│       ├── xz
│       └── zstd
│           ├── lz4
│           └── xz
├── xz
└── libomp

imath

jasper
└── jpeg-turbo

jbig2dec

jenv

jpeg-turbo

jpeg-xl
├── brotli
├── giflib
├── highway
├── imath
├── jpeg-turbo
├── libpng
├── little-cms2
│   ├── jpeg-turbo
│   └── libtiff
│       ├── jpeg-turbo
│       ├── xz
│       └── zstd
│           ├── lz4
│           └── xz
├── openexr
│   └── imath
└── webp
    ├── giflib
    ├── jpeg-turbo
    ├── libpng
    └── libtiff
        ├── jpeg-turbo
        ├── xz
        └── zstd
            ├── lz4
            └── xz

jq
└── oniguruma

kotlin
└── openjdk
    ├── giflib
    ├── harfbuzz
    │   ├── cairo
    │   │   ├── fontconfig
    │   │   │   └── freetype
    │   │   │       └── libpng
    │   │   ├── freetype
    │   │   │   └── libpng
    │   │   ├── glib
    │   │   │   ├── pcre2
    │   │   │   └── gettext
    │   │   ├── libpng
    │   │   ├── libx11
    │   │   │   ├── libxcb
    │   │   │   │   ├── libxau
    │   │   │   │   │   └── xorgproto
    │   │   │   │   └── libxdmcp
    │   │   │   │       └── xorgproto
    │   │   │   └── xorgproto
    │   │   ├── libxcb
    │   │   │   ├── libxau
    │   │   │   │   └── xorgproto
    │   │   │   └── libxdmcp
    │   │   │       └── xorgproto
    │   │   ├── libxext
    │   │   │   ├── libx11
    │   │   │   │   ├── libxcb
    │   │   │   │   │   ├── libxau
    │   │   │   │   │   │   └── xorgproto
    │   │   │   │   │   └── libxdmcp
    │   │   │   │   │       └── xorgproto
    │   │   │   │   └── xorgproto
    │   │   │   └── xorgproto
    │   │   ├── libxrender
    │   │   │   ├── libx11
    │   │   │   │   ├── libxcb
    │   │   │   │   │   ├── libxau
    │   │   │   │   │   │   └── xorgproto
    │   │   │   │   │   └── libxdmcp
    │   │   │   │   │       └── xorgproto
    │   │   │   │   └── xorgproto
    │   │   │   └── xorgproto
    │   │   ├── lzo
    │   │   └── pixman
    │   ├── freetype
    │   │   └── libpng
    │   ├── glib
    │   │   ├── pcre2
    │   │   └── gettext
    │   ├── graphite2
    │   └── icu4c
    ├── jpeg-turbo
    ├── libpng
    └── little-cms2
        ├── jpeg-turbo
        └── libtiff
            ├── jpeg-turbo
            ├── xz
            └── zstd
                ├── lz4
                └── xz

krb5
└── openssl@3
    └── ca-certificates

libassuan
└── libgpg-error
    └── gettext

libavif
├── aom
│   ├── jpeg-xl
│   │   ├── brotli
│   │   ├── giflib
│   │   ├── highway
│   │   ├── imath
│   │   ├── jpeg-turbo
│   │   ├── libpng
│   │   ├── little-cms2
│   │   │   ├── jpeg-turbo
│   │   │   └── libtiff
│   │   │       ├── jpeg-turbo
│   │   │       ├── xz
│   │   │       └── zstd
│   │   │           ├── lz4
│   │   │           └── xz
│   │   ├── openexr
│   │   │   └── imath
│   │   └── webp
│   │       ├── giflib
│   │       ├── jpeg-turbo
│   │       ├── libpng
│   │       └── libtiff
│   │           ├── jpeg-turbo
│   │           ├── xz
│   │           └── zstd
│   │               ├── lz4
│   │               └── xz
│   └── libvmaf
├── jpeg-turbo
└── libpng

libde265

libevent
└── openssl@3
    └── ca-certificates

libgcrypt
└── libgpg-error
    └── gettext

libgpg-error
└── gettext

libheif
├── aom
│   ├── jpeg-xl
│   │   ├── brotli
│   │   ├── giflib
│   │   ├── highway
│   │   ├── imath
│   │   ├── jpeg-turbo
│   │   ├── libpng
│   │   ├── little-cms2
│   │   │   ├── jpeg-turbo
│   │   │   └── libtiff
│   │   │       ├── jpeg-turbo
│   │   │       ├── xz
│   │   │       └── zstd
│   │   │           ├── lz4
│   │   │           └── xz
│   │   ├── openexr
│   │   │   └── imath
│   │   └── webp
│   │       ├── giflib
│   │       ├── jpeg-turbo
│   │       ├── libpng
│   │       └── libtiff
│   │           ├── jpeg-turbo
│   │           ├── xz
│   │           └── zstd
│   │               ├── lz4
│   │               └── xz
│   └── libvmaf
├── jpeg-turbo
├── libde265
├── libpng
├── shared-mime-info
│   └── glib
│       ├── pcre2
│       └── gettext
└── x265

libidn

libidn2
├── libunistring
└── gettext

libksba
└── libgpg-error
    └── gettext

liblqr
└── glib
    ├── pcre2
    └── gettext

libnghttp2

libomp

libpng

libpq
├── krb5
│   └── openssl@3
│       └── ca-certificates
└── openssl@3
    └── ca-certificates

libraw
├── jasper
│   └── jpeg-turbo
├── jpeg-turbo
├── little-cms2
│   ├── jpeg-turbo
│   └── libtiff
│       ├── jpeg-turbo
│       ├── xz
│       └── zstd
│           ├── lz4
│           └── xz
└── libomp

libsodium

libssh2
└── openssl@3
    └── ca-certificates

libtasn1

libtiff
├── jpeg-turbo
├── xz
└── zstd
    ├── lz4
    └── xz

libtool
└── m4

libunistring

libusb

libvmaf

libx11
├── libxcb
│   ├── libxau
│   │   └── xorgproto
│   └── libxdmcp
│       └── xorgproto
└── xorgproto

libxau
└── xorgproto

libxcb
├── libxau
│   └── xorgproto
└── libxdmcp
    └── xorgproto

libxdmcp
└── xorgproto

libxext
├── libx11
│   ├── libxcb
│   │   ├── libxau
│   │   │   └── xorgproto
│   │   └── libxdmcp
│   │       └── xorgproto
│   └── xorgproto
└── xorgproto

libxrender
├── libx11
│   ├── libxcb
│   │   ├── libxau
│   │   │   └── xorgproto
│   │   └── libxdmcp
│   │       └── xorgproto
│   └── xorgproto
└── xorgproto

libyaml

libzip
└── zstd
    ├── lz4
    └── xz

little-cms2
├── jpeg-turbo
└── libtiff
    ├── jpeg-turbo
    ├── xz
    └── zstd
        ├── lz4
        └── xz

lokalise/cli-2/lokalise2

lz4

lzo

m4

maven
└── openjdk
    ├── giflib
    ├── harfbuzz
    │   ├── cairo
    │   │   ├── fontconfig
    │   │   │   └── freetype
    │   │   │       └── libpng
    │   │   ├── freetype
    │   │   │   └── libpng
    │   │   ├── glib
    │   │   │   ├── pcre2
    │   │   │   └── gettext
    │   │   ├── libpng
    │   │   ├── libx11
    │   │   │   ├── libxcb
    │   │   │   │   ├── libxau
    │   │   │   │   │   └── xorgproto
    │   │   │   │   └── libxdmcp
    │   │   │   │       └── xorgproto
    │   │   │   └── xorgproto
    │   │   ├── libxcb
    │   │   │   ├── libxau
    │   │   │   │   └── xorgproto
    │   │   │   └── libxdmcp
    │   │   │       └── xorgproto
    │   │   ├── libxext
    │   │   │   ├── libx11
    │   │   │   │   ├── libxcb
    │   │   │   │   │   ├── libxau
    │   │   │   │   │   │   └── xorgproto
    │   │   │   │   │   └── libxdmcp
    │   │   │   │   │       └── xorgproto
    │   │   │   │   └── xorgproto
    │   │   │   └── xorgproto
    │   │   ├── libxrender
    │   │   │   ├── libx11
    │   │   │   │   ├── libxcb
    │   │   │   │   │   ├── libxau
    │   │   │   │   │   │   └── xorgproto
    │   │   │   │   │   └── libxdmcp
    │   │   │   │   │       └── xorgproto
    │   │   │   │   └── xorgproto
    │   │   │   └── xorgproto
    │   │   ├── lzo
    │   │   └── pixman
    │   ├── freetype
    │   │   └── libpng
    │   ├── glib
    │   │   ├── pcre2
    │   │   └── gettext
    │   ├── graphite2
    │   └── icu4c
    ├── jpeg-turbo
    ├── libpng
    └── little-cms2
        ├── jpeg-turbo
        └── libtiff
            ├── jpeg-turbo
            ├── xz
            └── zstd
                ├── lz4
                └── xz

mercurial
└── python@3.11
    ├── mpdecimal
    ├── openssl@3
    │   └── ca-certificates
    ├── sqlite
    │   └── readline
    └── xz

mint

mpdecimal

nettle
└── gmp

npth

oniguruma

openconnect
├── gettext
├── gnutls
│   ├── ca-certificates
│   ├── gmp
│   ├── libidn2
│   │   ├── libunistring
│   │   └── gettext
│   ├── libtasn1
│   ├── libunistring
│   ├── nettle
│   │   └── gmp
│   ├── p11-kit
│   │   ├── ca-certificates
│   │   └── libtasn1
│   └── unbound
│       ├── libevent
│       │   └── openssl@3
│       │       └── ca-certificates
│       ├── libnghttp2
│       └── openssl@3
│           └── ca-certificates
└── stoken
    └── nettle
        └── gmp

openexr
└── imath

openjdk
├── giflib
├── harfbuzz
│   ├── cairo
│   │   ├── fontconfig
│   │   │   └── freetype
│   │   │       └── libpng
│   │   ├── freetype
│   │   │   └── libpng
│   │   ├── glib
│   │   │   ├── pcre2
│   │   │   └── gettext
│   │   ├── libpng
│   │   ├── libx11
│   │   │   ├── libxcb
│   │   │   │   ├── libxau
│   │   │   │   │   └── xorgproto
│   │   │   │   └── libxdmcp
│   │   │   │       └── xorgproto
│   │   │   └── xorgproto
│   │   ├── libxcb
│   │   │   ├── libxau
│   │   │   │   └── xorgproto
│   │   │   └── libxdmcp
│   │   │       └── xorgproto
│   │   ├── libxext
│   │   │   ├── libx11
│   │   │   │   ├── libxcb
│   │   │   │   │   ├── libxau
│   │   │   │   │   │   └── xorgproto
│   │   │   │   │   └── libxdmcp
│   │   │   │   │       └── xorgproto
│   │   │   │   └── xorgproto
│   │   │   └── xorgproto
│   │   ├── libxrender
│   │   │   ├── libx11
│   │   │   │   ├── libxcb
│   │   │   │   │   ├── libxau
│   │   │   │   │   │   └── xorgproto
│   │   │   │   │   └── libxdmcp
│   │   │   │   │       └── xorgproto
│   │   │   │   └── xorgproto
│   │   │   └── xorgproto
│   │   ├── lzo
│   │   └── pixman
│   ├── freetype
│   │   └── libpng
│   ├── glib
│   │   ├── pcre2
│   │   └── gettext
│   ├── graphite2
│   └── icu4c
├── jpeg-turbo
├── libpng
└── little-cms2
    ├── jpeg-turbo
    └── libtiff
        ├── jpeg-turbo
        ├── xz
        └── zstd
            ├── lz4
            └── xz

openjpeg
├── libpng
├── libtiff
│   ├── jpeg-turbo
│   ├── xz
│   └── zstd
│       ├── lz4
│       └── xz
└── little-cms2
    ├── jpeg-turbo
    └── libtiff
        ├── jpeg-turbo
        ├── xz
        └── zstd
            ├── lz4
            └── xz

openldap
└── openssl@3
    └── ca-certificates

openssl@3
└── ca-certificates

openvpn
├── lz4
├── lzo
├── openssl@3
│   └── ca-certificates
└── pkcs11-helper
    └── openssl@3
        └── ca-certificates

p11-kit
├── ca-certificates
└── libtasn1

parallel

pcre2

php
├── apr
├── apr-util
│   ├── apr
│   └── openssl@3
│       └── ca-certificates
├── argon2
├── aspell
├── autoconf
│   └── m4
├── curl
│   ├── brotli
│   ├── libidn2
│   │   ├── libunistring
│   │   └── gettext
│   ├── libnghttp2
│   ├── libssh2
│   │   └── openssl@3
│   │       └── ca-certificates
│   ├── openldap
│   │   └── openssl@3
│   │       └── ca-certificates
│   ├── openssl@3
│   │   └── ca-certificates
│   ├── rtmpdump
│   │   └── openssl@3
│   │       └── ca-certificates
│   └── zstd
│       ├── lz4
│       └── xz
├── freetds
│   ├── openssl@3
│   │   └── ca-certificates
│   └── unixodbc
│       └── libtool
│           └── m4
├── gd
│   ├── fontconfig
│   │   └── freetype
│   │       └── libpng
│   ├── freetype
│   │   └── libpng
│   ├── jpeg-turbo
│   ├── libavif
│   │   ├── aom
│   │   │   ├── jpeg-xl
│   │   │   │   ├── brotli
│   │   │   │   ├── giflib
│   │   │   │   ├── highway
│   │   │   │   ├── imath
│   │   │   │   ├── jpeg-turbo
│   │   │   │   ├── libpng
│   │   │   │   ├── little-cms2
│   │   │   │   │   ├── jpeg-turbo
│   │   │   │   │   └── libtiff
│   │   │   │   │       ├── jpeg-turbo
│   │   │   │   │       ├── xz
│   │   │   │   │       └── zstd
│   │   │   │   │           ├── lz4
│   │   │   │   │           └── xz
│   │   │   │   ├── openexr
│   │   │   │   │   └── imath
│   │   │   │   └── webp
│   │   │   │       ├── giflib
│   │   │   │       ├── jpeg-turbo
│   │   │   │       ├── libpng
│   │   │   │       └── libtiff
│   │   │   │           ├── jpeg-turbo
│   │   │   │           ├── xz
│   │   │   │           └── zstd
│   │   │   │               ├── lz4
│   │   │   │               └── xz
│   │   │   └── libvmaf
│   │   ├── jpeg-turbo
│   │   └── libpng
│   ├── libpng
│   ├── libtiff
│   │   ├── jpeg-turbo
│   │   ├── xz
│   │   └── zstd
│   │       ├── lz4
│   │       └── xz
│   └── webp
│       ├── giflib
│       ├── jpeg-turbo
│       ├── libpng
│       └── libtiff
│           ├── jpeg-turbo
│           ├── xz
│           └── zstd
│               ├── lz4
│               └── xz
├── gettext
├── gmp
├── icu4c
├── krb5
│   └── openssl@3
│       └── ca-certificates
├── libpq
│   ├── krb5
│   │   └── openssl@3
│   │       └── ca-certificates
│   └── openssl@3
│       └── ca-certificates
├── libsodium
├── libzip
│   └── zstd
│       ├── lz4
│       └── xz
├── oniguruma
├── openldap
│   └── openssl@3
│       └── ca-certificates
├── openssl@3
│   └── ca-certificates
├── pcre2
├── sqlite
│   └── readline
├── tidy-html5
└── unixodbc
    └── libtool
        └── m4

pinentry
├── libassuan
│   └── libgpg-error
│       └── gettext
└── libgpg-error
    └── gettext

pixman

pkcs11-helper
└── openssl@3
    └── ca-certificates

pkg-config

pycparser
└── python@3.11
    ├── mpdecimal
    ├── openssl@3
    │   └── ca-certificates
    ├── sqlite
    │   └── readline
    └── xz

pyenv
├── autoconf
│   └── m4
├── openssl@3
│   └── ca-certificates
├── pkg-config
└── readline

python@3.11
├── mpdecimal
├── openssl@3
│   └── ca-certificates
├── sqlite
│   └── readline
└── xz

pyyaml
└── libyaml

rbenv
└── ruby-build
    ├── autoconf
    │   └── m4
    ├── libyaml
    ├── pkg-config
    └── readline

readline

rtmpdump
└── openssl@3
    └── ca-certificates

ruby-build
├── autoconf
│   └── m4
├── libyaml
├── pkg-config
└── readline

screen

shared-mime-info
└── glib
    ├── pcre2
    └── gettext

six

snappy

sonar-scanner
└── openjdk
    ├── giflib
    ├── harfbuzz
    │   ├── cairo
    │   │   ├── fontconfig
    │   │   │   └── freetype
    │   │   │       └── libpng
    │   │   ├── freetype
    │   │   │   └── libpng
    │   │   ├── glib
    │   │   │   ├── pcre2
    │   │   │   └── gettext
    │   │   ├── libpng
    │   │   ├── libx11
    │   │   │   ├── libxcb
    │   │   │   │   ├── libxau
    │   │   │   │   │   └── xorgproto
    │   │   │   │   └── libxdmcp
    │   │   │   │       └── xorgproto
    │   │   │   └── xorgproto
    │   │   ├── libxcb
    │   │   │   ├── libxau
    │   │   │   │   └── xorgproto
    │   │   │   └── libxdmcp
    │   │   │       └── xorgproto
    │   │   ├── libxext
    │   │   │   ├── libx11
    │   │   │   │   ├── libxcb
    │   │   │   │   │   ├── libxau
    │   │   │   │   │   │   └── xorgproto
    │   │   │   │   │   └── libxdmcp
    │   │   │   │   │       └── xorgproto
    │   │   │   │   └── xorgproto
    │   │   │   └── xorgproto
    │   │   ├── libxrender
    │   │   │   ├── libx11
    │   │   │   │   ├── libxcb
    │   │   │   │   │   ├── libxau
    │   │   │   │   │   │   └── xorgproto
    │   │   │   │   │   └── libxdmcp
    │   │   │   │   │       └── xorgproto
    │   │   │   │   └── xorgproto
    │   │   │   └── xorgproto
    │   │   ├── lzo
    │   │   └── pixman
    │   ├── freetype
    │   │   └── libpng
    │   ├── glib
    │   │   ├── pcre2
    │   │   └── gettext
    │   ├── graphite2
    │   └── icu4c
    ├── jpeg-turbo
    ├── libpng
    └── little-cms2
        ├── jpeg-turbo
        └── libtiff
            ├── jpeg-turbo
            ├── xz
            └── zstd
                ├── lz4
                └── xz

sqlite
└── readline

stoken
└── nettle
    └── gmp

swift-format

swiftlint

temurin11

temurin17

temurin8

tidy-html5

transcrypt

tree

unbound
├── libevent
│   └── openssl@3
│       └── ca-certificates
├── libnghttp2
└── openssl@3
    └── ca-certificates

unixodbc
└── libtool
    └── m4

wangle
├── boost
│   ├── icu4c
│   ├── xz
│   └── zstd
│       ├── lz4
│       └── xz
├── double-conversion
├── fizz
│   ├── boost
│   │   ├── icu4c
│   │   ├── xz
│   │   └── zstd
│   │       ├── lz4
│   │       └── xz
│   ├── double-conversion
│   ├── fmt
│   ├── folly
│   │   ├── boost
│   │   │   ├── icu4c
│   │   │   ├── xz
│   │   │   └── zstd
│   │   │       ├── lz4
│   │   │       └── xz
│   │   ├── double-conversion
│   │   ├── fmt
│   │   ├── gflags
│   │   ├── glog
│   │   │   └── gflags
│   │   ├── libevent
│   │   │   └── openssl@3
│   │   │       └── ca-certificates
│   │   ├── libsodium
│   │   ├── lz4
│   │   ├── openssl@3
│   │   │   └── ca-certificates
│   │   ├── snappy
│   │   ├── xz
│   │   └── zstd
│   │       ├── lz4
│   │       └── xz
│   ├── gflags
│   ├── glog
│   │   └── gflags
│   ├── libevent
│   │   └── openssl@3
│   │       └── ca-certificates
│   ├── libsodium
│   ├── lz4
│   ├── openssl@3
│   │   └── ca-certificates
│   ├── snappy
│   └── zstd
│       ├── lz4
│       └── xz
├── fmt
├── folly
│   ├── boost
│   │   ├── icu4c
│   │   ├── xz
│   │   └── zstd
│   │       ├── lz4
│   │       └── xz
│   ├── double-conversion
│   ├── fmt
│   ├── gflags
│   ├── glog
│   │   └── gflags
│   ├── libevent
│   │   └── openssl@3
│   │       └── ca-certificates
│   ├── libsodium
│   ├── lz4
│   ├── openssl@3
│   │   └── ca-certificates
│   ├── snappy
│   ├── xz
│   └── zstd
│       ├── lz4
│       └── xz
├── gflags
├── glog
│   └── gflags
├── libevent
│   └── openssl@3
│       └── ca-certificates
├── libsodium
├── lz4
├── openssl@3
│   └── ca-certificates
├── snappy
└── zstd
    ├── lz4
    └── xz

watchman
├── boost
│   ├── icu4c
│   ├── xz
│   └── zstd
│       ├── lz4
│       └── xz
├── edencommon
│   ├── folly
│   │   ├── boost
│   │   │   ├── icu4c
│   │   │   ├── xz
│   │   │   └── zstd
│   │   │       ├── lz4
│   │   │       └── xz
│   │   ├── double-conversion
│   │   ├── fmt
│   │   ├── gflags
│   │   ├── glog
│   │   │   └── gflags
│   │   ├── libevent
│   │   │   └── openssl@3
│   │   │       └── ca-certificates
│   │   ├── libsodium
│   │   ├── lz4
│   │   ├── openssl@3
│   │   │   └── ca-certificates
│   │   ├── snappy
│   │   ├── xz
│   │   └── zstd
│   │       ├── lz4
│   │       └── xz
│   ├── gflags
│   ├── glog
│   │   └── gflags
│   └── openssl@3
│       └── ca-certificates
├── fb303
│   ├── fbthrift
│   │   ├── boost
│   │   │   ├── icu4c
│   │   │   ├── xz
│   │   │   └── zstd
│   │   │       ├── lz4
│   │   │       └── xz
│   │   ├── fizz
│   │   │   ├── boost
│   │   │   │   ├── icu4c
│   │   │   │   ├── xz
│   │   │   │   └── zstd
│   │   │   │       ├── lz4
│   │   │   │       └── xz
│   │   │   ├── double-conversion
│   │   │   ├── fmt
│   │   │   ├── folly
│   │   │   │   ├── boost
│   │   │   │   │   ├── icu4c
│   │   │   │   │   ├── xz
│   │   │   │   │   └── zstd
│   │   │   │   │       ├── lz4
│   │   │   │   │       └── xz
│   │   │   │   ├── double-conversion
│   │   │   │   ├── fmt
│   │   │   │   ├── gflags
│   │   │   │   ├── glog
│   │   │   │   │   └── gflags
│   │   │   │   ├── libevent
│   │   │   │   │   └── openssl@3
│   │   │   │   │       └── ca-certificates
│   │   │   │   ├── libsodium
│   │   │   │   ├── lz4
│   │   │   │   ├── openssl@3
│   │   │   │   │   └── ca-certificates
│   │   │   │   ├── snappy
│   │   │   │   ├── xz
│   │   │   │   └── zstd
│   │   │   │       ├── lz4
│   │   │   │       └── xz
│   │   │   ├── gflags
│   │   │   ├── glog
│   │   │   │   └── gflags
│   │   │   ├── libevent
│   │   │   │   └── openssl@3
│   │   │   │       └── ca-certificates
│   │   │   ├── libsodium
│   │   │   ├── lz4
│   │   │   ├── openssl@3
│   │   │   │   └── ca-certificates
│   │   │   ├── snappy
│   │   │   └── zstd
│   │   │       ├── lz4
│   │   │       └── xz
│   │   ├── fmt
│   │   ├── folly
│   │   │   ├── boost
│   │   │   │   ├── icu4c
│   │   │   │   ├── xz
│   │   │   │   └── zstd
│   │   │   │       ├── lz4
│   │   │   │       └── xz
│   │   │   ├── double-conversion
│   │   │   ├── fmt
│   │   │   ├── gflags
│   │   │   ├── glog
│   │   │   │   └── gflags
│   │   │   ├── libevent
│   │   │   │   └── openssl@3
│   │   │   │       └── ca-certificates
│   │   │   ├── libsodium
│   │   │   ├── lz4
│   │   │   ├── openssl@3
│   │   │   │   └── ca-certificates
│   │   │   ├── snappy
│   │   │   ├── xz
│   │   │   └── zstd
│   │   │       ├── lz4
│   │   │       └── xz
│   │   ├── gflags
│   │   ├── glog
│   │   │   └── gflags
│   │   ├── openssl@3
│   │   │   └── ca-certificates
│   │   ├── wangle
│   │   │   ├── boost
│   │   │   │   ├── icu4c
│   │   │   │   ├── xz
│   │   │   │   └── zstd
│   │   │   │       ├── lz4
│   │   │   │       └── xz
│   │   │   ├── double-conversion
│   │   │   ├── fizz
│   │   │   │   ├── boost
│   │   │   │   │   ├── icu4c
│   │   │   │   │   ├── xz
│   │   │   │   │   └── zstd
│   │   │   │   │       ├── lz4
│   │   │   │   │       └── xz
│   │   │   │   ├── double-conversion
│   │   │   │   ├── fmt
│   │   │   │   ├── folly
│   │   │   │   │   ├── boost
│   │   │   │   │   │   ├── icu4c
│   │   │   │   │   │   ├── xz
│   │   │   │   │   │   └── zstd
│   │   │   │   │   │       ├── lz4
│   │   │   │   │   │       └── xz
│   │   │   │   │   ├── double-conversion
│   │   │   │   │   ├── fmt
│   │   │   │   │   ├── gflags
│   │   │   │   │   ├── glog
│   │   │   │   │   │   └── gflags
│   │   │   │   │   ├── libevent
│   │   │   │   │   │   └── openssl@3
│   │   │   │   │   │       └── ca-certificates
│   │   │   │   │   ├── libsodium
│   │   │   │   │   ├── lz4
│   │   │   │   │   ├── openssl@3
│   │   │   │   │   │   └── ca-certificates
│   │   │   │   │   ├── snappy
│   │   │   │   │   ├── xz
│   │   │   │   │   └── zstd
│   │   │   │   │       ├── lz4
│   │   │   │   │       └── xz
│   │   │   │   ├── gflags
│   │   │   │   ├── glog
│   │   │   │   │   └── gflags
│   │   │   │   ├── libevent
│   │   │   │   │   └── openssl@3
│   │   │   │   │       └── ca-certificates
│   │   │   │   ├── libsodium
│   │   │   │   ├── lz4
│   │   │   │   ├── openssl@3
│   │   │   │   │   └── ca-certificates
│   │   │   │   ├── snappy
│   │   │   │   └── zstd
│   │   │   │       ├── lz4
│   │   │   │       └── xz
│   │   │   ├── fmt
│   │   │   ├── folly
│   │   │   │   ├── boost
│   │   │   │   │   ├── icu4c
│   │   │   │   │   ├── xz
│   │   │   │   │   └── zstd
│   │   │   │   │       ├── lz4
│   │   │   │   │       └── xz
│   │   │   │   ├── double-conversion
│   │   │   │   ├── fmt
│   │   │   │   ├── gflags
│   │   │   │   ├── glog
│   │   │   │   │   └── gflags
│   │   │   │   ├── libevent
│   │   │   │   │   └── openssl@3
│   │   │   │   │       └── ca-certificates
│   │   │   │   ├── libsodium
│   │   │   │   ├── lz4
│   │   │   │   ├── openssl@3
│   │   │   │   │   └── ca-certificates
│   │   │   │   ├── snappy
│   │   │   │   ├── xz
│   │   │   │   └── zstd
│   │   │   │       ├── lz4
│   │   │   │       └── xz
│   │   │   ├── gflags
│   │   │   ├── glog
│   │   │   │   └── gflags
│   │   │   ├── libevent
│   │   │   │   └── openssl@3
│   │   │   │       └── ca-certificates
│   │   │   ├── libsodium
│   │   │   ├── lz4
│   │   │   ├── openssl@3
│   │   │   │   └── ca-certificates
│   │   │   ├── snappy
│   │   │   └── zstd
│   │   │       ├── lz4
│   │   │       └── xz
│   │   └── zstd
│   │       ├── lz4
│   │       └── xz
│   ├── fizz
│   │   ├── boost
│   │   │   ├── icu4c
│   │   │   ├── xz
│   │   │   └── zstd
│   │   │       ├── lz4
│   │   │       └── xz
│   │   ├── double-conversion
│   │   ├── fmt
│   │   ├── folly
│   │   │   ├── boost
│   │   │   │   ├── icu4c
│   │   │   │   ├── xz
│   │   │   │   └── zstd
│   │   │   │       ├── lz4
│   │   │   │       └── xz
│   │   │   ├── double-conversion
│   │   │   ├── fmt
│   │   │   ├── gflags
│   │   │   ├── glog
│   │   │   │   └── gflags
│   │   │   ├── libevent
│   │   │   │   └── openssl@3
│   │   │   │       └── ca-certificates
│   │   │   ├── libsodium
│   │   │   ├── lz4
│   │   │   ├── openssl@3
│   │   │   │   └── ca-certificates
│   │   │   ├── snappy
│   │   │   ├── xz
│   │   │   └── zstd
│   │   │       ├── lz4
│   │   │       └── xz
│   │   ├── gflags
│   │   ├── glog
│   │   │   └── gflags
│   │   ├── libevent
│   │   │   └── openssl@3
│   │   │       └── ca-certificates
│   │   ├── libsodium
│   │   ├── lz4
│   │   ├── openssl@3
│   │   │   └── ca-certificates
│   │   ├── snappy
│   │   └── zstd
│   │       ├── lz4
│   │       └── xz
│   ├── fmt
│   ├── folly
│   │   ├── boost
│   │   │   ├── icu4c
│   │   │   ├── xz
│   │   │   └── zstd
│   │   │       ├── lz4
│   │   │       └── xz
│   │   ├── double-conversion
│   │   ├── fmt
│   │   ├── gflags
│   │   ├── glog
│   │   │   └── gflags
│   │   ├── libevent
│   │   │   └── openssl@3
│   │   │       └── ca-certificates
│   │   ├── libsodium
│   │   ├── lz4
│   │   ├── openssl@3
│   │   │   └── ca-certificates
│   │   ├── snappy
│   │   ├── xz
│   │   └── zstd
│   │       ├── lz4
│   │       └── xz
│   ├── gflags
│   ├── glog
│   │   └── gflags
│   ├── openssl@3
│   │   └── ca-certificates
│   └── wangle
│       ├── boost
│       │   ├── icu4c
│       │   ├── xz
│       │   └── zstd
│       │       ├── lz4
│       │       └── xz
│       ├── double-conversion
│       ├── fizz
│       │   ├── boost
│       │   │   ├── icu4c
│       │   │   ├── xz
│       │   │   └── zstd
│       │   │       ├── lz4
│       │   │       └── xz
│       │   ├── double-conversion
│       │   ├── fmt
│       │   ├── folly
│       │   │   ├── boost
│       │   │   │   ├── icu4c
│       │   │   │   ├── xz
│       │   │   │   └── zstd
│       │   │   │       ├── lz4
│       │   │   │       └── xz
│       │   │   ├── double-conversion
│       │   │   ├── fmt
│       │   │   ├── gflags
│       │   │   ├── glog
│       │   │   │   └── gflags
│       │   │   ├── libevent
│       │   │   │   └── openssl@3
│       │   │   │       └── ca-certificates
│       │   │   ├── libsodium
│       │   │   ├── lz4
│       │   │   ├── openssl@3
│       │   │   │   └── ca-certificates
│       │   │   ├── snappy
│       │   │   ├── xz
│       │   │   └── zstd
│       │   │       ├── lz4
│       │   │       └── xz
│       │   ├── gflags
│       │   ├── glog
│       │   │   └── gflags
│       │   ├── libevent
│       │   │   └── openssl@3
│       │   │       └── ca-certificates
│       │   ├── libsodium
│       │   ├── lz4
│       │   ├── openssl@3
│       │   │   └── ca-certificates
│       │   ├── snappy
│       │   └── zstd
│       │       ├── lz4
│       │       └── xz
│       ├── fmt
│       ├── folly
│       │   ├── boost
│       │   │   ├── icu4c
│       │   │   ├── xz
│       │   │   └── zstd
│       │   │       ├── lz4
│       │   │       └── xz
│       │   ├── double-conversion
│       │   ├── fmt
│       │   ├── gflags
│       │   ├── glog
│       │   │   └── gflags
│       │   ├── libevent
│       │   │   └── openssl@3
│       │   │       └── ca-certificates
│       │   ├── libsodium
│       │   ├── lz4
│       │   ├── openssl@3
│       │   │   └── ca-certificates
│       │   ├── snappy
│       │   ├── xz
│       │   └── zstd
│       │       ├── lz4
│       │       └── xz
│       ├── gflags
│       ├── glog
│       │   └── gflags
│       ├── libevent
│       │   └── openssl@3
│       │       └── ca-certificates
│       ├── libsodium
│       ├── lz4
│       ├── openssl@3
│       │   └── ca-certificates
│       ├── snappy
│       └── zstd
│           ├── lz4
│           └── xz
├── fmt
├── folly
│   ├── boost
│   │   ├── icu4c
│   │   ├── xz
│   │   └── zstd
│   │       ├── lz4
│   │       └── xz
│   ├── double-conversion
│   ├── fmt
│   ├── gflags
│   ├── glog
│   │   └── gflags
│   ├── libevent
│   │   └── openssl@3
│   │       └── ca-certificates
│   ├── libsodium
│   ├── lz4
│   ├── openssl@3
│   │   └── ca-certificates
│   ├── snappy
│   ├── xz
│   └── zstd
│       ├── lz4
│       └── xz
├── gflags
├── glog
│   └── gflags
├── libevent
│   └── openssl@3
│       └── ca-certificates
├── openssl@3
│   └── ca-certificates
├── pcre2
└── python@3.11
    ├── mpdecimal
    ├── openssl@3
    │   └── ca-certificates
    ├── sqlite
    │   └── readline
    └── xz

webp
├── giflib
├── jpeg-turbo
├── libpng
└── libtiff
    ├── jpeg-turbo
    ├── xz
    └── zstd
        ├── lz4
        └── xz

wget
├── libidn2
│   ├── libunistring
│   └── gettext
└── openssl@3
    └── ca-certificates

x265

xcbeautify

xclogparser

robotsandpencils/made/xcodes

xorgproto

xz

yamllint
├── python@3.11
│   ├── mpdecimal
│   ├── openssl@3
│   │   └── ca-certificates
│   ├── sqlite
│   │   └── readline
│   └── xz
└── pyyaml
    └── libyaml

yarn

zeromq
└── libsodium

zstd
├── lz4
└── xz

========================================


=== Ruby and rubygems ==================
* Ruby (default): ruby 3.2.2 (2023-03-30 revision e51014f9c0) [arm64-darwin22]
--- Available ruby versions ---
  system
  3.0.0
  3.0.3
  3.1.4
* 3.2.2 (set by /Users/vagrant/.rbenv/version)
-------------------------------
* rbenv: 1.2.0
* Rubygems: 3.4.10
* Bundler: Bundler version 2.4.10
* CocoaPods: 1.12.1
* xcpretty: 0.3.0
========================================


=== All Ruby GEMs ======================
abbrev (default: 0.1.1)
activesupport (7.0.7)
addressable (2.8.5)
algoliasearch (1.27.5)
artifactory (3.0.15)
atomos (0.1.3)
aws-eventstream (1.2.0)
aws-partitions (1.805.0)
aws-sdk-core (3.180.3)
aws-sdk-kms (1.71.0)
aws-sdk-s3 (1.132.1)
aws-sigv4 (1.6.0)
babosa (1.0.4)
base64 (default: 0.1.1)
benchmark (default: 0.2.1)
bigdecimal (default: 3.1.3)
bundler (default: 2.4.10)
CFPropertyList (3.0.6)
cgi (default: 0.3.6)
claide (1.1.0)
clamp (1.3.2)
cocoapods (1.12.1)
cocoapods-core (1.12.1)
cocoapods-deintegrate (1.0.5)
cocoapods-downloader (1.6.3)
cocoapods-plugins (1.0.0)
cocoapods-search (1.0.1)
cocoapods-trunk (1.6.0)
cocoapods-try (1.2.0)
colored (1.2)
colored2 (3.1.2)
commander (4.6.0)
concurrent-ruby (1.2.2)
csv (default: 3.2.6)
date (default: 3.3.3)
debug (1.7.1)
declarative (0.0.20)
delegate (default: 0.3.0)
did_you_mean (default: 1.6.3)
digest (default: 3.1.1)
digest-crc (0.6.5)
domain_name (0.5.20190701)
dotenv (2.8.1)
drb (default: 2.1.1)
emoji_regex (3.2.3)
english (default: 0.7.2)
erb (default: 4.0.2)
error_highlight (default: 0.5.1)
escape (0.0.4)
etc (default: 1.4.2)
ethon (0.16.0)
excon (0.100.0)
faraday (1.10.3)
faraday-cookie_jar (0.0.7)
faraday-em_http (1.0.0)
faraday-em_synchrony (1.0.0)
faraday-excon (1.1.0)
faraday-httpclient (1.0.1)
faraday-multipart (1.0.4)
faraday-net_http (1.0.1)
faraday-net_http_persistent (1.2.0)
faraday-patron (1.0.0)
faraday-rack (1.0.0)
faraday-retry (1.0.3)
faraday_middleware (1.2.0)
fastimage (2.2.7)
fastlane (2.214.0)
fcntl (default: 1.0.2)
ffi (1.15.5)
fiddle (default: 1.1.1)
fileutils (default: 1.7.0)
find (default: 0.1.1)
forwardable (default: 1.3.3)
fourflusher (2.3.1)
fuzzy_match (2.0.4)
getoptlong (default: 0.2.0)
gh_inspector (1.1.3)
google-apis-androidpublisher_v3 (0.48.0)
google-apis-core (0.11.1)
google-apis-iamcredentials_v1 (0.17.0)
google-apis-playcustomapp_v1 (0.13.0)
google-apis-storage_v1 (0.19.0)
google-cloud-core (1.6.0)
google-cloud-env (1.6.0)
google-cloud-errors (1.3.1)
google-cloud-storage (1.44.0)
googleauth (1.7.0)
highline (2.0.3)
http-cookie (1.0.5)
httpclient (2.8.3)
i18n (1.14.1)
io-console (default: 0.6.0)
io-nonblock (default: 0.2.0)
io-wait (default: 0.3.0)
ipaddr (default: 1.2.5)
irb (default: 1.6.2)
jazzy (0.14.3)
jmespath (1.6.2)
json (default: 2.6.3)
jwt (2.7.1)
liferaft (0.0.6)
logger (default: 1.5.3)
matrix (0.4.2)
memoist (0.16.2)
mini_magick (4.12.0)
mini_mime (1.1.5)
minitest (5.16.3)
molinillo (0.8.0)
multi_json (1.15.0)
multipart-post (2.3.0)
mustache (1.1.1)
mutex_m (default: 0.1.2)
nanaimo (0.3.0)
nap (1.1.0)
naturally (2.2.1)
net-ftp (0.2.0)
net-http (default: 0.3.2)
net-imap (0.3.4)
net-pop (0.1.2)
net-protocol (default: 0.2.1)
net-smtp (0.3.3)
netrc (0.11.0)
nkf (default: 0.1.2)
nokogiri (1.15.4 arm64-darwin)
observer (default: 0.1.1)
open-uri (default: 0.3.0)
open3 (default: 0.1.2)
open4 (1.3.4)
openssl (default: 3.1.0)
optparse (default: 0.3.1, 0.1.1)
os (1.1.4)
ostruct (default: 0.5.5)
pathname (default: 0.2.1)
plist (3.7.0)
power_assert (2.0.3)
pp (default: 0.4.0)
prettyprint (default: 0.1.1)
prime (0.1.2)
pstore (default: 0.1.2)
psych (default: 5.0.1)
public_suffix (4.0.7)
racc (default: 1.6.2)
rake (13.0.6)
rbs (2.8.2)
rdoc (default: 6.5.0)
readline (default: 0.0.3)
readline-ext (default: 0.1.5)
redcarpet (3.6.0)
reline (default: 0.3.2)
representable (3.2.0)
resolv (default: 0.2.2)
resolv-replace (default: 0.1.1)
retriable (3.1.2)
rexml (3.2.5)
rinda (default: 0.1.1)
rouge (2.0.7)
rss (0.2.9)
ruby-macho (2.5.1)
ruby2_keywords (default: 0.0.5)
rubyzip (2.3.2)
sassc (2.4.0)
securerandom (default: 0.2.2)
security (0.1.3)
set (default: 1.0.3)
shellwords (default: 0.1.0)
signet (0.17.0)
simctl (1.6.10)
singleton (default: 0.1.1)
slack-notifier (2.4.0)
slather (2.7.4)
sqlite3 (1.6.3 arm64-darwin)
stringio (default: 3.0.4)
strscan (default: 3.0.5)
syntax_suggest (default: 1.0.2)
syslog (default: 0.1.1)
tempfile (default: 0.1.3)
terminal-notifier (2.0.0)
terminal-table (1.8.0)
test-unit (3.5.7)
time (default: 0.2.2)
timeout (default: 0.3.1)
tmpdir (default: 0.1.3)
trailblazer-option (0.1.2)
trainer (0.9.1)
tsort (default: 0.1.1)
tty-cursor (0.7.1)
tty-screen (0.8.1)
tty-spinner (0.9.3)
typeprof (0.21.3)
typhoeus (1.4.0)
tzinfo (2.0.6)
uber (0.1.0)
un (default: 0.2.1)
unf (0.1.4)
unf_ext (0.0.8.2)
unicode-display_width (1.8.0)
uri (default: 0.12.1)
weakref (default: 0.1.2)
webrick (1.8.1)
word_wrap (1.0.0)
xcinvoke (0.3.0)
xcode-install (2.8.1)
xcodeproj (1.22.0)
xcov (1.8.1)
xcpretty (0.3.0)
xcpretty-json-formatter (0.1.1)
xcpretty-travis-formatter (1.0.1)
xcresult (0.2.1)
yaml (default: 0.2.1)
zlib (default: 3.0.0)
========================================


=== NPM global packages ==========================
* Cordova: 11.0.0 (cordova-lib@11.1.0)
* Ionic: 6.20.1
* Appcenter-CLI version: 2.11.0
* OpenUPM version: 1.15.5
========================================


=== Checking Xcode CLT dirs ============

 ls -1 /Library/Developer/CommandLineTools/SDKs/MacOSX.sdk/usr/include/CommonCrypto
CommonCrypto.h
CommonCryptoError.h
CommonCryptor.h
CommonDigest.h
CommonHMAC.h
CommonKeyDerivation.h
CommonRandom.h
CommonSymmetricKeywrap.h
module.modulemap

 * ls -1 /Library/Developer/CommandLineTools/
Library
SDKs
usr

 * /Library/Developer/CommandLineTools/usr/bin/swift --version
Apple Swift version 5.8.1 (swiftlang-5.8.0.124.5 clang-1403.0.22.11.100)
Target: arm64-apple-darwin22.6.0

 * xcrun swift --version
Apple Swift version 5.8.1 (swiftlang-5.8.0.124.5 clang-1403.0.22.11.100)
Target: arm64-apple-macosx13.0

 * swift-format --version
508.0.1

========================================


=== Xcode ==============================

* Active Xcode Command Line Tools:
/Applications/Xcode-14.3.1.app/Contents/Developer

* Xcode Version:
Xcode 14.3.1
Build version 14E300c

* /usr/bin/swift --version
Apple Swift version 5.8.1 (swiftlang-5.8.0.124.5 clang-1403.0.22.11.100)
Target: arm64-apple-macosx13.0

* Installed SDKs:
DriverKit SDKs:
	DriverKit 22.4                	-sdk driverkit22.4

iOS SDKs:
	iOS 16.4                      	-sdk iphoneos16.4

iOS Additional SDKs:
	Asset Runtime SDK for macOS hosts targeting iOS 16.4	-sdk assetruntime.host.macosx.target.iphoneos16.4

iOS Simulator SDKs:
	Simulator - iOS 16.4          	-sdk iphonesimulator16.4

macOS SDKs:
	macOS 13.3                    	-sdk macosx13.3
	macOS 13.3                    	-sdk macosx13.3

tvOS SDKs:
	tvOS 16.4                     	-sdk appletvos16.4

tvOS Additional SDKs:
	Asset Runtime SDK for macOS hosts targeting tvOS 16.4	-sdk assetruntime.host.macosx.target.appletvos16.4

tvOS Simulator SDKs:
	Simulator - tvOS 16.4         	-sdk appletvsimulator16.4

watchOS SDKs:
	watchOS 9.4                   	-sdk watchos9.4

watchOS Additional SDKs:
	Asset Runtime SDK for macOS hosts targeting watchOS 9.4	-sdk assetruntime.host.macosx.target.watchos9.4

watchOS Simulator SDKs:
	Simulator - watchOS 9.4       	-sdk watchsimulator9.4


* Available Simulators:
== Device Types ==
iPhone 6s (com.apple.CoreSimulator.SimDeviceType.iPhone-6s) [/Applications/Xcode-14.3.1.app/Contents/Developer/Platforms/iPhoneOS.platform/Library/Developer/CoreSimulator/Profiles/DeviceTypes/iPhone 6s.simdevicetype]
iPhone 6s Plus (com.apple.CoreSimulator.SimDeviceType.iPhone-6s-Plus) [/Applications/Xcode-14.3.1.app/Contents/Developer/Platforms/iPhoneOS.platform/Library/Developer/CoreSimulator/Profiles/DeviceTypes/iPhone 6s Plus.simdevicetype]
iPhone SE (1st generation) (com.apple.CoreSimulator.SimDeviceType.iPhone-SE) [/Applications/Xcode-14.3.1.app/Contents/Developer/Platforms/iPhoneOS.platform/Library/Developer/CoreSimulator/Profiles/DeviceTypes/iPhone SE (1st generation).simdevicetype]
iPhone 7 (com.apple.CoreSimulator.SimDeviceType.iPhone-7) [/Applications/Xcode-14.3.1.app/Contents/Developer/Platforms/iPhoneOS.platform/Library/Developer/CoreSimulator/Profiles/DeviceTypes/iPhone 7.simdevicetype]
iPhone 7 Plus (com.apple.CoreSimulator.SimDeviceType.iPhone-7-Plus) [/Applications/Xcode-14.3.1.app/Contents/Developer/Platforms/iPhoneOS.platform/Library/Developer/CoreSimulator/Profiles/DeviceTypes/iPhone 7 Plus.simdevicetype]
iPhone 8 (com.apple.CoreSimulator.SimDeviceType.iPhone-8) [/Applications/Xcode-14.3.1.app/Contents/Developer/Platforms/iPhoneOS.platform/Library/Developer/CoreSimulator/Profiles/DeviceTypes/iPhone 8.simdevicetype]
iPhone 8 Plus (com.apple.CoreSimulator.SimDeviceType.iPhone-8-Plus) [/Applications/Xcode-14.3.1.app/Contents/Developer/Platforms/iPhoneOS.platform/Library/Developer/CoreSimulator/Profiles/DeviceTypes/iPhone 8 Plus.simdevicetype]
iPhone X (com.apple.CoreSimulator.SimDeviceType.iPhone-X) [/Applications/Xcode-14.3.1.app/Contents/Developer/Platforms/iPhoneOS.platform/Library/Developer/CoreSimulator/Profiles/DeviceTypes/iPhone X.simdevicetype]
iPhone Xs (com.apple.CoreSimulator.SimDeviceType.iPhone-XS) [/Applications/Xcode-14.3.1.app/Contents/Developer/Platforms/iPhoneOS.platform/Library/Developer/CoreSimulator/Profiles/DeviceTypes/iPhone Xs.simdevicetype]
iPhone Xs Max (com.apple.CoreSimulator.SimDeviceType.iPhone-XS-Max) [/Applications/Xcode-14.3.1.app/Contents/Developer/Platforms/iPhoneOS.platform/Library/Developer/CoreSimulator/Profiles/DeviceTypes/iPhone Xs Max.simdevicetype]
iPhone Xʀ (com.apple.CoreSimulator.SimDeviceType.iPhone-XR) [/Applications/Xcode-14.3.1.app/Contents/Developer/Platforms/iPhoneOS.platform/Library/Developer/CoreSimulator/Profiles/DeviceTypes/iPhone Xʀ.simdevicetype]
iPhone 11 (com.apple.CoreSimulator.SimDeviceType.iPhone-11) [/Applications/Xcode-14.3.1.app/Contents/Developer/Platforms/iPhoneOS.platform/Library/Developer/CoreSimulator/Profiles/DeviceTypes/iPhone 11.simdevicetype]
iPhone 11 Pro (com.apple.CoreSimulator.SimDeviceType.iPhone-11-Pro) [/Applications/Xcode-14.3.1.app/Contents/Developer/Platforms/iPhoneOS.platform/Library/Developer/CoreSimulator/Profiles/DeviceTypes/iPhone 11 Pro.simdevicetype]
iPhone 11 Pro Max (com.apple.CoreSimulator.SimDeviceType.iPhone-11-Pro-Max) [/Applications/Xcode-14.3.1.app/Contents/Developer/Platforms/iPhoneOS.platform/Library/Developer/CoreSimulator/Profiles/DeviceTypes/iPhone 11 Pro Max.simdevicetype]
iPhone SE (2nd generation) (com.apple.CoreSimulator.SimDeviceType.iPhone-SE--2nd-generation-) [/Applications/Xcode-14.3.1.app/Contents/Developer/Platforms/iPhoneOS.platform/Library/Developer/CoreSimulator/Profiles/DeviceTypes/iPhone SE (2nd generation).simdevicetype]
iPhone 12 mini (com.apple.CoreSimulator.SimDeviceType.iPhone-12-mini) [/Applications/Xcode-14.3.1.app/Contents/Developer/Platforms/iPhoneOS.platform/Library/Developer/CoreSimulator/Profiles/DeviceTypes/iPhone 12 mini.simdevicetype]
iPhone 12 (com.apple.CoreSimulator.SimDeviceType.iPhone-12) [/Applications/Xcode-14.3.1.app/Contents/Developer/Platforms/iPhoneOS.platform/Library/Developer/CoreSimulator/Profiles/DeviceTypes/iPhone 12.simdevicetype]
iPhone 12 Pro (com.apple.CoreSimulator.SimDeviceType.iPhone-12-Pro) [/Applications/Xcode-14.3.1.app/Contents/Developer/Platforms/iPhoneOS.platform/Library/Developer/CoreSimulator/Profiles/DeviceTypes/iPhone 12 Pro.simdevicetype]
iPhone 12 Pro Max (com.apple.CoreSimulator.SimDeviceType.iPhone-12-Pro-Max) [/Applications/Xcode-14.3.1.app/Contents/Developer/Platforms/iPhoneOS.platform/Library/Developer/CoreSimulator/Profiles/DeviceTypes/iPhone 12 Pro Max.simdevicetype]
iPhone 13 Pro (com.apple.CoreSimulator.SimDeviceType.iPhone-13-Pro) [/Applications/Xcode-14.3.1.app/Contents/Developer/Platforms/iPhoneOS.platform/Library/Developer/CoreSimulator/Profiles/DeviceTypes/iPhone 13 Pro.simdevicetype]
iPhone 13 Pro Max (com.apple.CoreSimulator.SimDeviceType.iPhone-13-Pro-Max) [/Applications/Xcode-14.3.1.app/Contents/Developer/Platforms/iPhoneOS.platform/Library/Developer/CoreSimulator/Profiles/DeviceTypes/iPhone 13 Pro Max.simdevicetype]
iPhone 13 mini (com.apple.CoreSimulator.SimDeviceType.iPhone-13-mini) [/Applications/Xcode-14.3.1.app/Contents/Developer/Platforms/iPhoneOS.platform/Library/Developer/CoreSimulator/Profiles/DeviceTypes/iPhone 13 mini.simdevicetype]
iPhone 13 (com.apple.CoreSimulator.SimDeviceType.iPhone-13) [/Applications/Xcode-14.3.1.app/Contents/Developer/Platforms/iPhoneOS.platform/Library/Developer/CoreSimulator/Profiles/DeviceTypes/iPhone 13.simdevicetype]
iPhone SE (3rd generation) (com.apple.CoreSimulator.SimDeviceType.iPhone-SE-3rd-generation) [/Applications/Xcode-14.3.1.app/Contents/Developer/Platforms/iPhoneOS.platform/Library/Developer/CoreSimulator/Profiles/DeviceTypes/iPhone SE (3rd generation).simdevicetype]
iPhone 14 (com.apple.CoreSimulator.SimDeviceType.iPhone-14) [/Applications/Xcode-14.3.1.app/Contents/Developer/Platforms/iPhoneOS.platform/Library/Developer/CoreSimulator/Profiles/DeviceTypes/iPhone 14.simdevicetype]
iPhone 14 Plus (com.apple.CoreSimulator.SimDeviceType.iPhone-14-Plus) [/Applications/Xcode-14.3.1.app/Contents/Developer/Platforms/iPhoneOS.platform/Library/Developer/CoreSimulator/Profiles/DeviceTypes/iPhone 14 Plus.simdevicetype]
iPhone 14 Pro (com.apple.CoreSimulator.SimDeviceType.iPhone-14-Pro) [/Applications/Xcode-14.3.1.app/Contents/Developer/Platforms/iPhoneOS.platform/Library/Developer/CoreSimulator/Profiles/DeviceTypes/iPhone 14 Pro.simdevicetype]
iPhone 14 Pro Max (com.apple.CoreSimulator.SimDeviceType.iPhone-14-Pro-Max) [/Applications/Xcode-14.3.1.app/Contents/Developer/Platforms/iPhoneOS.platform/Library/Developer/CoreSimulator/Profiles/DeviceTypes/iPhone 14 Pro Max.simdevicetype]
iPod touch (7th generation) (com.apple.CoreSimulator.SimDeviceType.iPod-touch--7th-generation-) [/Applications/Xcode-14.3.1.app/Contents/Developer/Platforms/iPhoneOS.platform/Library/Developer/CoreSimulator/Profiles/DeviceTypes/iPod touch (7th generation).simdevicetype]
iPad mini 4 (com.apple.CoreSimulator.SimDeviceType.iPad-mini-4) [/Applications/Xcode-14.3.1.app/Contents/Developer/Platforms/iPhoneOS.platform/Library/Developer/CoreSimulator/Profiles/DeviceTypes/iPad mini 4.simdevicetype]
iPad Air 2 (com.apple.CoreSimulator.SimDeviceType.iPad-Air-2) [/Applications/Xcode-14.3.1.app/Contents/Developer/Platforms/iPhoneOS.platform/Library/Developer/CoreSimulator/Profiles/DeviceTypes/iPad Air 2.simdevicetype]
iPad Pro (9.7-inch) (com.apple.CoreSimulator.SimDeviceType.iPad-Pro--9-7-inch-) [/Applications/Xcode-14.3.1.app/Contents/Developer/Platforms/iPhoneOS.platform/Library/Developer/CoreSimulator/Profiles/DeviceTypes/iPad Pro (9.7-inch).simdevicetype]
iPad Pro (12.9-inch) (1st generation) (com.apple.CoreSimulator.SimDeviceType.iPad-Pro) [/Applications/Xcode-14.3.1.app/Contents/Developer/Platforms/iPhoneOS.platform/Library/Developer/CoreSimulator/Profiles/DeviceTypes/iPad Pro (12.9-inch) (1st generation).simdevicetype]
iPad (5th generation) (com.apple.CoreSimulator.SimDeviceType.iPad--5th-generation-) [/Applications/Xcode-14.3.1.app/Contents/Developer/Platforms/iPhoneOS.platform/Library/Developer/CoreSimulator/Profiles/DeviceTypes/iPad (5th generation).simdevicetype]
iPad Pro (12.9-inch) (2nd generation) (com.apple.CoreSimulator.SimDeviceType.iPad-Pro--12-9-inch---2nd-generation-) [/Applications/Xcode-14.3.1.app/Contents/Developer/Platforms/iPhoneOS.platform/Library/Developer/CoreSimulator/Profiles/DeviceTypes/iPad Pro (12.9-inch) (2nd generation).simdevicetype]
iPad Pro (10.5-inch) (com.apple.CoreSimulator.SimDeviceType.iPad-Pro--10-5-inch-) [/Applications/Xcode-14.3.1.app/Contents/Developer/Platforms/iPhoneOS.platform/Library/Developer/CoreSimulator/Profiles/DeviceTypes/iPad Pro (10.5-inch).simdevicetype]
iPad (6th generation) (com.apple.CoreSimulator.SimDeviceType.iPad--6th-generation-) [/Applications/Xcode-14.3.1.app/Contents/Developer/Platforms/iPhoneOS.platform/Library/Developer/CoreSimulator/Profiles/DeviceTypes/iPad (6th generation).simdevicetype]
iPad (7th generation) (com.apple.CoreSimulator.SimDeviceType.iPad--7th-generation-) [/Applications/Xcode-14.3.1.app/Contents/Developer/Platforms/iPhoneOS.platform/Library/Developer/CoreSimulator/Profiles/DeviceTypes/iPad (7th generation).simdevicetype]
iPad Pro (11-inch) (1st generation) (com.apple.CoreSimulator.SimDeviceType.iPad-Pro--11-inch-) [/Applications/Xcode-14.3.1.app/Contents/Developer/Platforms/iPhoneOS.platform/Library/Developer/CoreSimulator/Profiles/DeviceTypes/iPad Pro (11-inch) (1st generation).simdevicetype]
iPad Pro (12.9-inch) (3rd generation) (com.apple.CoreSimulator.SimDeviceType.iPad-Pro--12-9-inch---3rd-generation-) [/Applications/Xcode-14.3.1.app/Contents/Developer/Platforms/iPhoneOS.platform/Library/Developer/CoreSimulator/Profiles/DeviceTypes/iPad Pro (12.9-inch) (3rd generation).simdevicetype]
iPad Pro (11-inch) (2nd generation) (com.apple.CoreSimulator.SimDeviceType.iPad-Pro--11-inch---2nd-generation-) [/Applications/Xcode-14.3.1.app/Contents/Developer/Platforms/iPhoneOS.platform/Library/Developer/CoreSimulator/Profiles/DeviceTypes/iPad Pro (11-inch) (2nd generation).simdevicetype]
iPad Pro (12.9-inch) (4th generation) (com.apple.CoreSimulator.SimDeviceType.iPad-Pro--12-9-inch---4th-generation-) [/Applications/Xcode-14.3.1.app/Contents/Developer/Platforms/iPhoneOS.platform/Library/Developer/CoreSimulator/Profiles/DeviceTypes/iPad Pro (12.9-inch) (4th generation).simdevicetype]
iPad mini (5th generation) (com.apple.CoreSimulator.SimDeviceType.iPad-mini--5th-generation-) [/Applications/Xcode-14.3.1.app/Contents/Developer/Platforms/iPhoneOS.platform/Library/Developer/CoreSimulator/Profiles/DeviceTypes/iPad mini (5th generation).simdevicetype]
iPad Air (3rd generation) (com.apple.CoreSimulator.SimDeviceType.iPad-Air--3rd-generation-) [/Applications/Xcode-14.3.1.app/Contents/Developer/Platforms/iPhoneOS.platform/Library/Developer/CoreSimulator/Profiles/DeviceTypes/iPad Air (3rd generation).simdevicetype]
iPad (8th generation) (com.apple.CoreSimulator.SimDeviceType.iPad--8th-generation-) [/Applications/Xcode-14.3.1.app/Contents/Developer/Platforms/iPhoneOS.platform/Library/Developer/CoreSimulator/Profiles/DeviceTypes/iPad (8th generation).simdevicetype]
iPad (9th generation) (com.apple.CoreSimulator.SimDeviceType.iPad-9th-generation) [/Applications/Xcode-14.3.1.app/Contents/Developer/Platforms/iPhoneOS.platform/Library/Developer/CoreSimulator/Profiles/DeviceTypes/iPad (9th generation).simdevicetype]
iPad Air (4th generation) (com.apple.CoreSimulator.SimDeviceType.iPad-Air--4th-generation-) [/Applications/Xcode-14.3.1.app/Contents/Developer/Platforms/iPhoneOS.platform/Library/Developer/CoreSimulator/Profiles/DeviceTypes/iPad Air (4th generation).simdevicetype]
iPad Pro (11-inch) (3rd generation) (com.apple.CoreSimulator.SimDeviceType.iPad-Pro-11-inch-3rd-generation) [/Applications/Xcode-14.3.1.app/Contents/Developer/Platforms/iPhoneOS.platform/Library/Developer/CoreSimulator/Profiles/DeviceTypes/iPad Pro (11-inch) (3rd generation).simdevicetype]
iPad Pro (12.9-inch) (5th generation) (com.apple.CoreSimulator.SimDeviceType.iPad-Pro-12-9-inch-5th-generation) [/Applications/Xcode-14.3.1.app/Contents/Developer/Platforms/iPhoneOS.platform/Library/Developer/CoreSimulator/Profiles/DeviceTypes/iPad Pro (12.9-inch) (5th generation).simdevicetype]
iPad Air (5th generation) (com.apple.CoreSimulator.SimDeviceType.iPad-Air-5th-generation) [/Applications/Xcode-14.3.1.app/Contents/Developer/Platforms/iPhoneOS.platform/Library/Developer/CoreSimulator/Profiles/DeviceTypes/iPad Air (5th generation).simdevicetype]
iPad (10th generation) (com.apple.CoreSimulator.SimDeviceType.iPad-10th-generation) [/Applications/Xcode-14.3.1.app/Contents/Developer/Platforms/iPhoneOS.platform/Library/Developer/CoreSimulator/Profiles/DeviceTypes/iPad (10th generation).simdevicetype]
iPad mini (6th generation) (com.apple.CoreSimulator.SimDeviceType.iPad-mini-6th-generation) [/Applications/Xcode-14.3.1.app/Contents/Developer/Platforms/iPhoneOS.platform/Library/Developer/CoreSimulator/Profiles/DeviceTypes/iPad mini (6th generation).simdevicetype]
iPad Pro (11-inch) (4th generation) (com.apple.CoreSimulator.SimDeviceType.iPad-Pro-11-inch-4th-generation-8GB) [/Applications/Xcode-14.3.1.app/Contents/Developer/Platforms/iPhoneOS.platform/Library/Developer/CoreSimulator/Profiles/DeviceTypes/iPad Pro (11-inch) (4th generation).simdevicetype]
iPad Pro (11-inch) (4th generation) (16GB) (com.apple.CoreSimulator.SimDeviceType.iPad-Pro-11-inch-4th-generation-16GB) [/Applications/Xcode-14.3.1.app/Contents/Developer/Platforms/iPhoneOS.platform/Library/Developer/CoreSimulator/Profiles/DeviceTypes/iPad Pro (11-inch) (4th generation) (16GB).simdevicetype]
iPad Pro (12.9-inch) (6th generation) (com.apple.CoreSimulator.SimDeviceType.iPad-Pro-12-9-inch-6th-generation-8GB) [/Applications/Xcode-14.3.1.app/Contents/Developer/Platforms/iPhoneOS.platform/Library/Developer/CoreSimulator/Profiles/DeviceTypes/iPad Pro (12.9-inch) (6th generation).simdevicetype]
iPad Pro (12.9-inch) (6th generation) (16GB) (com.apple.CoreSimulator.SimDeviceType.iPad-Pro-12-9-inch-6th-generation-16GB) [/Applications/Xcode-14.3.1.app/Contents/Developer/Platforms/iPhoneOS.platform/Library/Developer/CoreSimulator/Profiles/DeviceTypes/iPad Pro (12.9-inch) (6th generation) (16GB).simdevicetype]
Apple TV (com.apple.CoreSimulator.SimDeviceType.Apple-TV-1080p) [/Applications/Xcode-14.3.1.app/Contents/Developer/Platforms/AppleTVOS.platform/Library/Developer/CoreSimulator/Profiles/DeviceTypes/Apple TV.simdevicetype]
Apple TV 4K (com.apple.CoreSimulator.SimDeviceType.Apple-TV-4K-4K) [/Applications/Xcode-14.3.1.app/Contents/Developer/Platforms/AppleTVOS.platform/Library/Developer/CoreSimulator/Profiles/DeviceTypes/Apple TV 4K.simdevicetype]
Apple TV 4K (at 1080p) (com.apple.CoreSimulator.SimDeviceType.Apple-TV-4K-1080p) [/Applications/Xcode-14.3.1.app/Contents/Developer/Platforms/AppleTVOS.platform/Library/Developer/CoreSimulator/Profiles/DeviceTypes/Apple TV 4K (at 1080p).simdevicetype]
Apple TV 4K (2nd generation) (com.apple.CoreSimulator.SimDeviceType.Apple-TV-4K-2nd-generation-4K) [/Applications/Xcode-14.3.1.app/Contents/Developer/Platforms/AppleTVOS.platform/Library/Developer/CoreSimulator/Profiles/DeviceTypes/Apple TV 4K (2nd generation).simdevicetype]
Apple TV 4K (2nd generation) (at 1080p) (com.apple.CoreSimulator.SimDeviceType.Apple-TV-4K-2nd-generation-1080p) [/Applications/Xcode-14.3.1.app/Contents/Developer/Platforms/AppleTVOS.platform/Library/Developer/CoreSimulator/Profiles/DeviceTypes/Apple TV 4K (2nd generation) (at 1080p).simdevicetype]
Apple TV 4K (3rd generation) (com.apple.CoreSimulator.SimDeviceType.Apple-TV-4K-3rd-generation-4K) [/Applications/Xcode-14.3.1.app/Contents/Developer/Platforms/AppleTVOS.platform/Library/Developer/CoreSimulator/Profiles/DeviceTypes/Apple TV 4K (3rd generation).simdevicetype]
Apple TV 4K (3rd generation) (at 1080p) (com.apple.CoreSimulator.SimDeviceType.Apple-TV-4K-3rd-generation-1080p) [/Applications/Xcode-14.3.1.app/Contents/Developer/Platforms/AppleTVOS.platform/Library/Developer/CoreSimulator/Profiles/DeviceTypes/Apple TV 4K (3rd generation) (at 1080p).simdevicetype]
Apple Watch Series 2 (38mm) (com.apple.CoreSimulator.SimDeviceType.Apple-Watch-Series-2-38mm) [/Applications/Xcode-14.3.1.app/Contents/Developer/Platforms/WatchOS.platform/Library/Developer/CoreSimulator/Profiles/DeviceTypes/Apple Watch Series 2 (38mm).simdevicetype]
Apple Watch Series 2 (42mm) (com.apple.CoreSimulator.SimDeviceType.Apple-Watch-Series-2-42mm) [/Applications/Xcode-14.3.1.app/Contents/Developer/Platforms/WatchOS.platform/Library/Developer/CoreSimulator/Profiles/DeviceTypes/Apple Watch Series 2 (42mm).simdevicetype]
Apple Watch Series 3 (38mm) (com.apple.CoreSimulator.SimDeviceType.Apple-Watch-Series-3-38mm) [/Applications/Xcode-14.3.1.app/Contents/Developer/Platforms/WatchOS.platform/Library/Developer/CoreSimulator/Profiles/DeviceTypes/Apple Watch Series 3 (38mm).simdevicetype]
Apple Watch Series 3 (42mm) (com.apple.CoreSimulator.SimDeviceType.Apple-Watch-Series-3-42mm) [/Applications/Xcode-14.3.1.app/Contents/Developer/Platforms/WatchOS.platform/Library/Developer/CoreSimulator/Profiles/DeviceTypes/Apple Watch Series 3 (42mm).simdevicetype]
Apple Watch Series 4 (40mm) (com.apple.CoreSimulator.SimDeviceType.Apple-Watch-Series-4-40mm) [/Applications/Xcode-14.3.1.app/Contents/Developer/Platforms/WatchOS.platform/Library/Developer/CoreSimulator/Profiles/DeviceTypes/Apple Watch Series 4 (40mm).simdevicetype]
Apple Watch Series 4 (44mm) (com.apple.CoreSimulator.SimDeviceType.Apple-Watch-Series-4-44mm) [/Applications/Xcode-14.3.1.app/Contents/Developer/Platforms/WatchOS.platform/Library/Developer/CoreSimulator/Profiles/DeviceTypes/Apple Watch Series 4 (44mm).simdevicetype]
Apple Watch Series 5 (40mm) (com.apple.CoreSimulator.SimDeviceType.Apple-Watch-Series-5-40mm) [/Applications/Xcode-14.3.1.app/Contents/Developer/Platforms/WatchOS.platform/Library/Developer/CoreSimulator/Profiles/DeviceTypes/Apple Watch Series 5 (40mm).simdevicetype]
Apple Watch Series 5 (44mm) (com.apple.CoreSimulator.SimDeviceType.Apple-Watch-Series-5-44mm) [/Applications/Xcode-14.3.1.app/Contents/Developer/Platforms/WatchOS.platform/Library/Developer/CoreSimulator/Profiles/DeviceTypes/Apple Watch Series 5 (44mm).simdevicetype]
Apple Watch SE (40mm) (com.apple.CoreSimulator.SimDeviceType.Apple-Watch-SE-40mm) [/Applications/Xcode-14.3.1.app/Contents/Developer/Platforms/WatchOS.platform/Library/Developer/CoreSimulator/Profiles/DeviceTypes/Apple Watch SE (40mm).simdevicetype]
Apple Watch SE (44mm) (com.apple.CoreSimulator.SimDeviceType.Apple-Watch-SE-44mm) [/Applications/Xcode-14.3.1.app/Contents/Developer/Platforms/WatchOS.platform/Library/Developer/CoreSimulator/Profiles/DeviceTypes/Apple Watch SE (44mm).simdevicetype]
Apple Watch Series 6 (40mm) (com.apple.CoreSimulator.SimDeviceType.Apple-Watch-Series-6-40mm) [/Applications/Xcode-14.3.1.app/Contents/Developer/Platforms/WatchOS.platform/Library/Developer/CoreSimulator/Profiles/DeviceTypes/Apple Watch Series 6 (40mm).simdevicetype]
Apple Watch Series 6 (44mm) (com.apple.CoreSimulator.SimDeviceType.Apple-Watch-Series-6-44mm) [/Applications/Xcode-14.3.1.app/Contents/Developer/Platforms/WatchOS.platform/Library/Developer/CoreSimulator/Profiles/DeviceTypes/Apple Watch Series 6 (44mm).simdevicetype]
Apple Watch Series 7 (41mm) (com.apple.CoreSimulator.SimDeviceType.Apple-Watch-Series-7-41mm) [/Applications/Xcode-14.3.1.app/Contents/Developer/Platforms/WatchOS.platform/Library/Developer/CoreSimulator/Profiles/DeviceTypes/Apple Watch Series 7 (41mm).simdevicetype]
Apple Watch Series 7 (45mm) (com.apple.CoreSimulator.SimDeviceType.Apple-Watch-Series-7-45mm) [/Applications/Xcode-14.3.1.app/Contents/Developer/Platforms/WatchOS.platform/Library/Developer/CoreSimulator/Profiles/DeviceTypes/Apple Watch Series 7 (45mm).simdevicetype]
Apple Watch SE (40mm) (2nd generation) (com.apple.CoreSimulator.SimDeviceType.Apple-Watch-SE-40mm-2nd-generation) [/Applications/Xcode-14.3.1.app/Contents/Developer/Platforms/WatchOS.platform/Library/Developer/CoreSimulator/Profiles/DeviceTypes/Apple Watch SE (40mm) (2nd generation).simdevicetype]
Apple Watch SE (44mm) (2nd generation) (com.apple.CoreSimulator.SimDeviceType.Apple-Watch-SE-44mm-2nd-generation) [/Applications/Xcode-14.3.1.app/Contents/Developer/Platforms/WatchOS.platform/Library/Developer/CoreSimulator/Profiles/DeviceTypes/Apple Watch SE (44mm) (2nd generation).simdevicetype]
Apple Watch Series 8 (41mm) (com.apple.CoreSimulator.SimDeviceType.Apple-Watch-Series-8-41mm) [/Applications/Xcode-14.3.1.app/Contents/Developer/Platforms/WatchOS.platform/Library/Developer/CoreSimulator/Profiles/DeviceTypes/Apple Watch Series 8 (41mm).simdevicetype]
Apple Watch Series 8 (45mm) (com.apple.CoreSimulator.SimDeviceType.Apple-Watch-Series-8-45mm) [/Applications/Xcode-14.3.1.app/Contents/Developer/Platforms/WatchOS.platform/Library/Developer/CoreSimulator/Profiles/DeviceTypes/Apple Watch Series 8 (45mm).simdevicetype]
Apple Watch Ultra (49mm) (com.apple.CoreSimulator.SimDeviceType.Apple-Watch-Ultra-49mm) [/Applications/Xcode-14.3.1.app/Contents/Developer/Platforms/WatchOS.platform/Library/Developer/CoreSimulator/Profiles/DeviceTypes/Apple Watch Ultra (49mm).simdevicetype]
== Runtimes ==
iOS 16.4 (16.4 - 20E247) - com.apple.CoreSimulator.SimRuntime.iOS-16-4 [/Applications/Xcode-14.3.1.app/Contents/Developer/Platforms/iPhoneOS.platform/Library/Developer/CoreSimulator/Profiles/Runtimes/iOS.simruntime]
tvOS 16.4 (16.4 - 20L494) - com.apple.CoreSimulator.SimRuntime.tvOS-16-4 [/Library/Developer/CoreSimulator/Volumes/tvOS_20L494/Library/Developer/CoreSimulator/Profiles/Runtimes/tvOS 16.4.simruntime]
watchOS 9.4 (9.4 - 20T253) - com.apple.CoreSimulator.SimRuntime.watchOS-9-4 [/Library/Developer/CoreSimulator/Volumes/watchOS_20T253/Library/Developer/CoreSimulator/Profiles/Runtimes/watchOS 9.4.simruntime]
== Devices ==
-- iOS 16.4 (20E247) [/Applications/Xcode-14.3.1.app/Contents/Developer/Platforms/iPhoneOS.platform/Library/Developer/CoreSimulator/Profiles/Runtimes/iOS.simruntime] --
    Bitrise iOS default (494DB6CC-AB4A-43F2-A9BF-CD181145A4EB) (Shutdown) 
    iPhone 8 Plus (1F67383B-4F58-4298-8344-6EC621DBCAFF) (Shutdown) 
    iPhone 11 (19077B3A-8C84-4E03-9F30-B5A1555543CE) (Shutdown) 
    iPhone SE (3rd generation) (702F1DA8-BCC3-4D63-A5AE-536142DBC50E) (Shutdown) 
    iPhone 14 (ED88AED2-4C5F-4668-A0DF-4A52FD19A383) (Shutdown) 
    iPhone 14 Plus (EA1D80F2-602C-4733-9B95-8E3740FEF04C) (Shutdown) 
    iPhone 14 Pro (1585E828-FBDC-4539-8214-BD5EB5523083) (Shutdown) 
    iPhone 14 Pro Max (2656490E-5DD3-45D8-A082-7C90C8601659) (Shutdown) 
    iPad Air (5th generation) (1786D79A-6208-496B-898A-1C10AFDB17E0) (Shutdown) 
    iPad (10th generation) (7956C409-6F00-4CE6-818B-E64E89DFA60B) (Shutdown) 
    iPad mini (6th generation) (20B91C58-BB36-4C47-A1DC-FBC0A4636542) (Shutdown) 
    iPad Pro (11-inch) (4th generation) (89687706-2831-42D5-9ACD-300830E70469) (Shutdown) 
    iPad Pro (12.9-inch) (6th generation) (0C023925-37D5-401C-BE29-FA566591627F) (Shutdown) 
-- tvOS 16.4 (20L494) [/Library/Developer/CoreSimulator/Volumes/tvOS_20L494/Library/Developer/CoreSimulator/Profiles/Runtimes/tvOS 16.4.simruntime] --
    Apple TV (44B15118-498B-47C1-BFCE-D2D168AEE86A) (Shutdown) 
    Apple TV 4K (3rd generation) (D6B9AB43-1CF4-47B1-B999-3DDC297BF546) (Shutdown) 
    Apple TV 4K (3rd generation) (at 1080p) (CA6C1025-1D16-4A35-A60D-DB5C484B3429) (Shutdown) 
-- watchOS 9.4 (20T253) [/Library/Developer/CoreSimulator/Volumes/watchOS_20T253/Library/Developer/CoreSimulator/Profiles/Runtimes/watchOS 9.4.simruntime] --
    Apple Watch Series 5 (40mm) (A7DD494F-9E8F-4D0D-A64B-83B52EB7A38C) (Shutdown) 
    Apple Watch Series 5 (44mm) (132199F3-3BAF-46FC-BFFA-00E691016C8C) (Shutdown) 
    Apple Watch Series 6 (40mm) (904AF6B7-78B9-43A0-9FE4-4A355150E4A5) (Shutdown) 
    Apple Watch Series 6 (44mm) (C8083421-2846-4337-A42E-D6A9723D87EB) (Shutdown) 
    Apple Watch Series 7 (41mm) (3E6F4913-5B1D-4E72-A45A-5797B553B768) (Shutdown) 
    Apple Watch Series 7 (45mm) (C47B8420-6C96-4BFA-AC91-CA9B0A93861D) (Shutdown) 
    Apple Watch SE (40mm) (2nd generation) (4F4750F6-DA21-4F6B-97A4-FF3F41E74A41) (Shutdown) 
    Apple Watch SE (44mm) (2nd generation) (1F735BA0-B16E-4E61-AEE2-44B02E69489D) (Shutdown) 
    Apple Watch Series 8 (41mm) (98777B0D-862D-4C70-9549-E584033A1C07) (Shutdown) 
    Apple Watch Series 8 (45mm) (F5491590-D462-400F-89F9-526F19F65408) (Shutdown) 
    Apple Watch Ultra (49mm) (961C2560-5106-4C5C-8D9F-CF68341C5404) (Shutdown) 
== Device Pairs ==
CDF1BADC-7B1A-4187-BE04-7A56C95F59C6 (active, disconnected)
    Watch: Apple Watch Series 7 (45mm) (C47B8420-6C96-4BFA-AC91-CA9B0A93861D) (Shutdown)
    Phone: iPhone 14 (ED88AED2-4C5F-4668-A0DF-4A52FD19A383) (Shutdown)
CD5701EF-9F09-40AA-A5C7-41B28BB7F09D (active, disconnected)
    Watch: Apple Watch Series 8 (41mm) (98777B0D-862D-4C70-9549-E584033A1C07) (Shutdown)
    Phone: iPhone 14 Plus (EA1D80F2-602C-4733-9B95-8E3740FEF04C) (Shutdown)
C3240ED9-242A-494E-8275-84020882609D (active, disconnected)
    Watch: Apple Watch Series 8 (45mm) (F5491590-D462-400F-89F9-526F19F65408) (Shutdown)
    Phone: iPhone 14 Pro (1585E828-FBDC-4539-8214-BD5EB5523083) (Shutdown)
52EAC2C1-785B-4060-87A8-FF68770155E0 (active, disconnected)
    Watch: Apple Watch Ultra (49mm) (961C2560-5106-4C5C-8D9F-CF68341C5404) (Shutdown)
    Phone: iPhone 14 Pro Max (2656490E-5DD3-45D8-A082-7C90C8601659) (Shutdown)

========================================


=== OS X info =========================

* sw_vers
ProductName:		macOS
ProductVersion:		13.5
BuildVersion:		22G74

* system_profiler SPSoftwareDataType
Software:

    System Software Overview:

      System Version: macOS 13.5 (22G74)
      Kernel Version: Darwin 22.6.0
      Boot Volume: Macintosh HD
      Boot Mode: Normal
      Computer Name: vm-osx-ventura-14-edge-g2-m1-max.5core-ed62121f-f0ae-42cb-af24-cf71b88fe7fe
      User Name: vagrant (vagrant)
      Secure Virtual Memory: Enabled
      System Integrity Protection: Disabled
      Time since boot: 2 minutes, 12 seconds


========================================

Rosetta translation cache size
274M	/var/db/oah


=== System infos =======================
* Free disk space:
    Filesystem         Size        Avail
/dev/disk2s1s1        180Gi        110Gi
========================================

--- Android

* ANDROID_HOME (/usr/local/share/android-sdk) content:
add-ons
build-tools
cmake
cmdline-tools
emulator
extras
licenses
ndk-bundle
patcher
platform-tools
platforms
tools

* ANDROID_NDK_HOME (/usr/local/share/android-sdk/ndk-bundle) content:
CHANGELOG.md
NOTICE
NOTICE.toolchain
README.md
build
meta
ndk-build
ndk-gdb
ndk-lldb
ndk-stack
ndk-which
package.xml
prebuilt
python-packages
shader-tools
simpleperf
source.properties
sources
toolchains
wrap.sh

* Android NDK Version:
Pkg.Desc = Android NDK
Pkg.Revision = 24.0.8215888

* platform-tools content:
NOTICE.txt
adb
dmtracedump
etc1tool
fastboot
hprof-conv
lib64
make_f2fs
make_f2fs_casefold
mke2fs
mke2fs.conf
package.xml
source.properties
sqlite3

* build-tools content:
32.0.0
32.1.0-rc1

* extras content:
/usr/local/share/android-sdk/extras
├── android
│   └── m2repository
├── google
│   ├── google_play_services
│   └── m2repository
└── m2repository
    └── com

8 directories, 0 files

* platforms content:
android-32
android-33
android-34

========================================

 * SDK packages:
* Command line Tools version: 6.0
* Platform Tools version: 34.0.4
* Emulator version: 32.1.14
========================================


=== Environment infos =======================
MATCH_KEYCHAIN_PASSWORD environment set
========================================


=== Control tests ======================
source $HOME/.bash_profile ...
source $HOME/.bash_profile - PASSED
========================================

