 (i) Ignore Errors: enabled

#
# This System Report was generated by: https://github.com/bitrise-io/osx-box-bootstrap/blob/master/system_report.sh
#  Pull Requests are welcome!
#


=== Revision / ID ======================
* BITRISE_OSX_STACK_REV_ID: v2022_12_05
========================================


=== Pre-installed tool versions ========
* Go: go version go1.18.8 darwin/arm64
* Python: Python 2.7.18
* Node.js: v16.18.1
* NPM: 8.19.2
* Yarn: 1.22.19
* Java:   system
  1.8
  1.8.0.292
* 11.0 (set by /Users/vagrant/.jenv/version)
  11.0.11
  17.0
  17.0.4
  openjdk64-1.8.0.292
  openjdk64-11.0.11
  temurin64-17.0.4
* Flutter: Flutter 2.10.3 • channel stable • https://github.com/flutter/flutter.git
* fvm: 2.4.1
* Flutter SDKs via fvm: Cache Directory:  /Users/vagrant/fvm/versions

3.0.0
2.10.3 (global)
1.22.6

=== Dart global packages ==================
junitreport 2.0.2
===========================================


* git: git version 2.38.1
* git lfs: git-lfs/3.3.0 (GitHub; darwin arm64; go 1.19.3)
* mercurial/hg: Mercurial Distributed SCM (version 6.3.1)
* curl: curl 7.79.1 (x86_64-apple-darwin21.0) libcurl/7.79.1 (SecureTransport) LibreSSL/3.3.6 zlib/1.2.11 nghttp2/1.45.1
* wget: GNU Wget 1.21.3 built on darwin21.3.0.
* rsync: rsync  version 2.6.9  protocol version 29
* unzip: UnZip 6.00 of 20 April 2009, by Info-ZIP.  Maintained by C. Spieler.  Send
* zip: This is Zip 3.0 (July 5th 2008), by Info-ZIP.
* tar: bsdtar 3.5.1 - libarchive 3.5.1 zlib/1.2.11 liblzma/5.0.5 bz2lib/1.0.8 
* tree: tree v2.0.4 (c) 1996 - 2022 by Steve Baker, Thomas Moore, Francesc Rocher, Florian Sesser, Kyosuke Tokoro 

* brew: Homebrew 3.6.14
Homebrew/homebrew-core (git revision f9eebd3ef5a; last commit 2022-12-05)
Homebrew/homebrew-cask (git revision 1297a6353e; last commit 2022-12-05)
* Ansible: ansible [core 2.13.6]
  config file = /Users/vagrant/git/ansible.cfg
  configured module search path = ['/Users/vagrant/.ansible/plugins/modules', '/usr/share/ansible/plugins/modules']
  ansible python module location = /opt/homebrew/Cellar/ansible/6.6.0/libexec/lib/python3.10/site-packages/ansible
  ansible collection location = /Users/vagrant/.ansible/collections:/usr/share/ansible/collections
  executable location = /opt/homebrew/bin/ansible
* gtimeout: timeout (GNU coreutils) 9.1
* watchman: 2022.11.28.00
* flow: Flow, a static type checker for JavaScript, version 0.194.0
* carthage: 0.38.0
* imagemagick (convert): Version: ImageMagick 7.1.0-53 Q16-HDRI aarch64 20646 https://imagemagick.org
* ghostscript (ps2ascii): 10.00.0
* screen: Screen version 4.09.00 (GNU) 30-Jan-22
* firebase: 11.8.0
* applesimutils version 0.9.8
* jq: 1.6
* xcbeautify: 0.16.0
* XCLogParser 0.2.36
* Screen 4.09.00
* applesimutils 0.9.8
* OpenConnect version v9.01
* aws-cli: aws-cli/2.9.4 Python/3.11.0 Darwin/21.6.0 source/arm64 prompt/off
* cmake: 3.25.1
* danger-swift: 3.15.0
[0;0m
* OpenVPN 2.5.8 aarch64-apple-darwin21.6.0 [SSL (OpenSSL)] [LZO] [LZ4] [PKCS11] [MH/RECVDA] [AEAD] built on Nov  3 2022
* tuist: 3.12.0

--- Bitrise CLI tool versions
* bitrise: 2.0.0
* stepman: 0.16.0
* envman: 2.4.0
* cmd-bridge: 
========================================


=== Brew list versions ==================
ansible 6.6.0
ant 1.10.12
aom 3.5.0_1
applesimutils 0.9.8
apr 1.7.0_3
apr-util 1.6.1_4
argon2 20190702_1
aspell 0.60.8
autoconf 2.71
awscli 2.9.4
bazelisk 1.15.0
bdw-gc 8.2.2
boost 1.80.0
brotli 1.0.9
c-ares 1.18.1_1
ca-certificates 2022-10-11
cairo 1.16.0_5
carthage 0.38.0
cmake 3.25.1
coreutils 9.1
curl 7.86.0
danger-js 11.2.0
danger-swift 3.15.0
dart 2.18.5
docbook 5.1_1
docbook-xsl 1.79.2_1
docutils 0.19
double-conversion 3.2.1
edencommon 2022.11.28.00
fb303 2022.11.28.00
fbthrift 2022.11.28.00
fizz 2022.11.28.00
flow 0.194.0
fmt 9.1.0
folly 2022.11.28.00
fontconfig 2.14.1
freetds 1.3.15
freetype 2.12.1
fvm 2.4.1
gd 2.3.3_4
gdbm 1.23
gettext 0.21.1
gflags 2.2.2
ghostscript 10.0.0
giflib 5.2.1
git 2.38.1
git-lfs 3.3.0
glib 2.74.0
glog 0.6.0
gmp 6.2.1_1
gnu-getopt 2.38.1
gnupg 2.3.8
gnutls 3.7.8
go@1.18 1.18.8
gradle 7.6
graphite2 1.3.14
groovy 4.0.6
guile 3.0.8_2
harfbuzz 5.3.1
highway 1.0.2
hub 2.14.2
icu4c 71.1
imagemagick 7.1.0-53
imath 3.1.6
jasper 3.0.6_2
jbig2dec 0.19
jenv 0.5.5_2
jpeg-turbo 2.1.4
jpeg-xl 0.7.0_1
jq 1.6
krb5 1.20.1
libassuan 2.5.5
libavif 0.11.1
libde265 1.0.9
libevent 2.1.12
libffi 3.4.4
libgcrypt 1.10.1
libgpg-error 1.46
libheif 1.14.0
libidn 1.41
libidn2 2.3.4
libksba 1.6.2
liblqr 0.4.2_1
libnghttp2 1.51.0
libomp 15.0.6
libpng 1.6.39
libpq 15.1
libpthread-stubs 0.4
libraw 0.20.2_3
libsodium 1.0.18_1
libssh2 1.10.0
libtasn1 4.19.0
libtiff 4.4.0_1
libtool 2.4.7
libunistring 1.0
libusb 1.0.26
libuv 1.44.2
libvmaf 2.3.1
libx11 1.8.2
libxau 1.0.10
libxcb 1.15
libxdmcp 1.1.3
libxext 1.3.5
libxrender 0.9.10
libyaml 0.2.5
libzip 1.9.2
little-cms2 2.14
llvm 15.0.4.reinstall 15.0.2 15.0.6.reinstall
lokalise2 2.6.8
lz4 1.9.4
lzo 2.10
m4 1.4.19
macos-term-size 1.0.0
maven 3.8.6
mercurial 6.3.1
mint 0.17.4
mpdecimal 2.5.1
nettle 3.8.1
node@12 12.22.12_1
node@16 16.18.1
npth 1.6
oniguruma 6.9.8
openconnect 9.01_2
openexr 3.1.5
openjdk 19.0.1
openjdk@17 17.0.5
openjpeg 2.5.0
openldap 2.6.3
openssl@1.1 1.1.1s
openvpn 2.5.8
p11-kit 0.24.1_1
parallel 20221122
pcre 8.45
pcre2 10.40
php@7.4 7.4.33
pinentry 1.2.1
pixman 0.40.0
pkcs11-helper 1.29.0
pkg-config 0.29.2_3
pyenv 2.3.7
python@3.10 3.10.8
python@3.11 3.11.0
pyyaml 6.0_1
rbenv 1.2.0
readline 8.2.1
rtmpdump 2.4+20151223_1
ruby-build 20221124
screen 4.9.0_1
shared-mime-info 2.2
six 1.16.0_3
snappy 1.1.9
sqlite 3.40.0
stoken 0.92_1
swiftlint 0.50.1
tidy-html5 5.8.0
transcrypt 2.2.0
tree 2.0.4
unbound 1.17.0
unixodbc 2.3.11
wangle 2022.11.28.00
watchman 2022.11.28.00_1
webp 1.2.4
wget 1.21.3
x265 3.5
xcbeautify 0.16.0
xclogparser 0.2.36
xmlto 0.0.28
xorgproto 2022.2
xz 5.2.9
yamllint 1.28.0
yarn 1.22.19
z3 4.11.2
zstd 1.5.2
adoptopenjdk11 11.0.11,9
adoptopenjdk8 8,292:b10
temurin17 17.0.4,8
========================================


=== Brew deps tree ==================
adoptopenjdk/openjdk/adoptopenjdk11

adoptopenjdk/openjdk/adoptopenjdk8

ansible
├── openssl@1.1
│   └── ca-certificates
├── python@3.11
│   ├── mpdecimal
│   ├── openssl@1.1
│   │   └── ca-certificates
│   ├── sqlite
│   │   └── readline
│   └── xz
├── pyyaml
│   └── libyaml
└── six

ant
└── openjdk
    ├── giflib
    ├── harfbuzz
    │   ├── cairo
    │   │   ├── fontconfig
    │   │   │   └── freetype
    │   │   │       └── libpng
    │   │   ├── freetype
    │   │   │   └── libpng
    │   │   ├── glib
    │   │   │   ├── gettext
    │   │   │   └── pcre2
    │   │   ├── libpng
    │   │   ├── libx11
    │   │   │   ├── libxcb
    │   │   │   │   ├── libpthread-stubs
    │   │   │   │   │   └── pkg-config
    │   │   │   │   ├── libxau
    │   │   │   │   │   └── xorgproto
    │   │   │   │   └── libxdmcp
    │   │   │   │       └── xorgproto
    │   │   │   └── xorgproto
    │   │   ├── libxcb
    │   │   │   ├── libpthread-stubs
    │   │   │   │   └── pkg-config
    │   │   │   ├── libxau
    │   │   │   │   └── xorgproto
    │   │   │   └── libxdmcp
    │   │   │       └── xorgproto
    │   │   ├── libxext
    │   │   │   ├── libx11
    │   │   │   │   ├── libxcb
    │   │   │   │   │   ├── libpthread-stubs
    │   │   │   │   │   │   └── pkg-config
    │   │   │   │   │   ├── libxau
    │   │   │   │   │   │   └── xorgproto
    │   │   │   │   │   └── libxdmcp
    │   │   │   │   │       └── xorgproto
    │   │   │   │   └── xorgproto
    │   │   │   └── xorgproto
    │   │   ├── libxrender
    │   │   │   ├── libx11
    │   │   │   │   ├── libxcb
    │   │   │   │   │   ├── libpthread-stubs
    │   │   │   │   │   │   └── pkg-config
    │   │   │   │   │   ├── libxau
    │   │   │   │   │   │   └── xorgproto
    │   │   │   │   │   └── libxdmcp
    │   │   │   │   │       └── xorgproto
    │   │   │   │   └── xorgproto
    │   │   │   └── xorgproto
    │   │   ├── lzo
    │   │   └── pixman
    │   ├── freetype
    │   │   └── libpng
    │   ├── glib
    │   │   ├── gettext
    │   │   └── pcre2
    │   ├── graphite2
    │   └── icu4c
    ├── jpeg-turbo
    ├── libpng
    └── little-cms2
        ├── jpeg-turbo
        └── libtiff
            ├── jpeg-turbo
            └── zstd
                ├── lz4
                └── xz

aom
├── jpeg-xl
│   ├── brotli
│   ├── giflib
│   ├── highway
│   ├── imath
│   ├── jpeg-turbo
│   ├── libpng
│   ├── openexr
│   │   └── imath
│   └── webp
│       ├── giflib
│       ├── jpeg-turbo
│       ├── libpng
│       └── libtiff
│           ├── jpeg-turbo
│           └── zstd
│               ├── lz4
│               └── xz
└── libvmaf

wix/brew/applesimutils

apr

apr-util
├── apr
└── openssl@1.1
    └── ca-certificates

argon2

aspell

autoconf
└── m4

awscli
├── docutils
├── python@3.11
│   ├── mpdecimal
│   ├── openssl@1.1
│   │   └── ca-certificates
│   ├── sqlite
│   │   └── readline
│   └── xz
└── six

bazelisk

bdw-gc

boost
├── icu4c
├── xz
└── zstd
    ├── lz4
    └── xz

brotli

c-ares

ca-certificates

cairo
├── fontconfig
│   └── freetype
│       └── libpng
├── freetype
│   └── libpng
├── glib
│   ├── gettext
│   └── pcre2
├── libpng
├── libx11
│   ├── libxcb
│   │   ├── libpthread-stubs
│   │   │   └── pkg-config
│   │   ├── libxau
│   │   │   └── xorgproto
│   │   └── libxdmcp
│   │       └── xorgproto
│   └── xorgproto
├── libxcb
│   ├── libpthread-stubs
│   │   └── pkg-config
│   ├── libxau
│   │   └── xorgproto
│   └── libxdmcp
│       └── xorgproto
├── libxext
│   ├── libx11
│   │   ├── libxcb
│   │   │   ├── libpthread-stubs
│   │   │   │   └── pkg-config
│   │   │   ├── libxau
│   │   │   │   └── xorgproto
│   │   │   └── libxdmcp
│   │   │       └── xorgproto
│   │   └── xorgproto
│   └── xorgproto
├── libxrender
│   ├── libx11
│   │   ├── libxcb
│   │   │   ├── libpthread-stubs
│   │   │   │   └── pkg-config
│   │   │   ├── libxau
│   │   │   │   └── xorgproto
│   │   │   └── libxdmcp
│   │   │       └── xorgproto
│   │   └── xorgproto
│   └── xorgproto
├── lzo
└── pixman

carthage

cmake

coreutils
└── gmp

curl
├── brotli
├── libidn2
│   ├── gettext
│   └── libunistring
├── libnghttp2
├── libssh2
│   └── openssl@1.1
│       └── ca-certificates
├── openldap
│   └── openssl@1.1
│       └── ca-certificates
├── openssl@1.1
│   └── ca-certificates
├── rtmpdump
│   └── openssl@1.1
│       └── ca-certificates
└── zstd
    ├── lz4
    └── xz

danger/tap/danger-js

danger/tap/danger-swift
└── danger/tap/danger-js

dart-lang/dart/dart

docbook

docbook-xsl
└── docbook

docutils

double-conversion

edencommon
├── folly
│   ├── boost
│   │   ├── icu4c
│   │   ├── xz
│   │   └── zstd
│   │       ├── lz4
│   │       └── xz
│   ├── double-conversion
│   ├── fmt
│   ├── gflags
│   ├── glog
│   │   └── gflags
│   ├── libevent
│   │   └── openssl@1.1
│   │       └── ca-certificates
│   ├── lz4
│   ├── openssl@1.1
│   │   └── ca-certificates
│   ├── snappy
│   ├── xz
│   └── zstd
│       ├── lz4
│       └── xz
├── gflags
└── glog
    └── gflags

fb303
├── fbthrift
│   ├── boost
│   │   ├── icu4c
│   │   ├── xz
│   │   └── zstd
│   │       ├── lz4
│   │       └── xz
│   ├── fizz
│   │   ├── boost
│   │   │   ├── icu4c
│   │   │   ├── xz
│   │   │   └── zstd
│   │   │       ├── lz4
│   │   │       └── xz
│   │   ├── double-conversion
│   │   ├── fmt
│   │   ├── folly
│   │   │   ├── boost
│   │   │   │   ├── icu4c
│   │   │   │   ├── xz
│   │   │   │   └── zstd
│   │   │   │       ├── lz4
│   │   │   │       └── xz
│   │   │   ├── double-conversion
│   │   │   ├── fmt
│   │   │   ├── gflags
│   │   │   ├── glog
│   │   │   │   └── gflags
│   │   │   ├── libevent
│   │   │   │   └── openssl@1.1
│   │   │   │       └── ca-certificates
│   │   │   ├── lz4
│   │   │   ├── openssl@1.1
│   │   │   │   └── ca-certificates
│   │   │   ├── snappy
│   │   │   ├── xz
│   │   │   └── zstd
│   │   │       ├── lz4
│   │   │       └── xz
│   │   ├── gflags
│   │   ├── glog
│   │   │   └── gflags
│   │   ├── libevent
│   │   │   └── openssl@1.1
│   │   │       └── ca-certificates
│   │   ├── libsodium
│   │   ├── lz4
│   │   ├── openssl@1.1
│   │   │   └── ca-certificates
│   │   ├── snappy
│   │   └── zstd
│   │       ├── lz4
│   │       └── xz
│   ├── fmt
│   ├── folly
│   │   ├── boost
│   │   │   ├── icu4c
│   │   │   ├── xz
│   │   │   └── zstd
│   │   │       ├── lz4
│   │   │       └── xz
│   │   ├── double-conversion
│   │   ├── fmt
│   │   ├── gflags
│   │   ├── glog
│   │   │   └── gflags
│   │   ├── libevent
│   │   │   └── openssl@1.1
│   │   │       └── ca-certificates
│   │   ├── lz4
│   │   ├── openssl@1.1
│   │   │   └── ca-certificates
│   │   ├── snappy
│   │   ├── xz
│   │   └── zstd
│   │       ├── lz4
│   │       └── xz
│   ├── gflags
│   ├── glog
│   │   └── gflags
│   ├── openssl@1.1
│   │   └── ca-certificates
│   ├── wangle
│   │   ├── boost
│   │   │   ├── icu4c
│   │   │   ├── xz
│   │   │   └── zstd
│   │   │       ├── lz4
│   │   │       └── xz
│   │   ├── double-conversion
│   │   ├── fizz
│   │   │   ├── boost
│   │   │   │   ├── icu4c
│   │   │   │   ├── xz
│   │   │   │   └── zstd
│   │   │   │       ├── lz4
│   │   │   │       └── xz
│   │   │   ├── double-conversion
│   │   │   ├── fmt
│   │   │   ├── folly
│   │   │   │   ├── boost
│   │   │   │   │   ├── icu4c
│   │   │   │   │   ├── xz
│   │   │   │   │   └── zstd
│   │   │   │   │       ├── lz4
│   │   │   │   │       └── xz
│   │   │   │   ├── double-conversion
│   │   │   │   ├── fmt
│   │   │   │   ├── gflags
│   │   │   │   ├── glog
│   │   │   │   │   └── gflags
│   │   │   │   ├── libevent
│   │   │   │   │   └── openssl@1.1
│   │   │   │   │       └── ca-certificates
│   │   │   │   ├── lz4
│   │   │   │   ├── openssl@1.1
│   │   │   │   │   └── ca-certificates
│   │   │   │   ├── snappy
│   │   │   │   ├── xz
│   │   │   │   └── zstd
│   │   │   │       ├── lz4
│   │   │   │       └── xz
│   │   │   ├── gflags
│   │   │   ├── glog
│   │   │   │   └── gflags
│   │   │   ├── libevent
│   │   │   │   └── openssl@1.1
│   │   │   │       └── ca-certificates
│   │   │   ├── libsodium
│   │   │   ├── lz4
│   │   │   ├── openssl@1.1
│   │   │   │   └── ca-certificates
│   │   │   ├── snappy
│   │   │   └── zstd
│   │   │       ├── lz4
│   │   │       └── xz
│   │   ├── fmt
│   │   ├── folly
│   │   │   ├── boost
│   │   │   │   ├── icu4c
│   │   │   │   ├── xz
│   │   │   │   └── zstd
│   │   │   │       ├── lz4
│   │   │   │       └── xz
│   │   │   ├── double-conversion
│   │   │   ├── fmt
│   │   │   ├── gflags
│   │   │   ├── glog
│   │   │   │   └── gflags
│   │   │   ├── libevent
│   │   │   │   └── openssl@1.1
│   │   │   │       └── ca-certificates
│   │   │   ├── lz4
│   │   │   ├── openssl@1.1
│   │   │   │   └── ca-certificates
│   │   │   ├── snappy
│   │   │   ├── xz
│   │   │   └── zstd
│   │   │       ├── lz4
│   │   │       └── xz
│   │   ├── gflags
│   │   ├── glog
│   │   │   └── gflags
│   │   ├── libevent
│   │   │   └── openssl@1.1
│   │   │       └── ca-certificates
│   │   ├── libsodium
│   │   ├── lz4
│   │   ├── openssl@1.1
│   │   │   └── ca-certificates
│   │   ├── snappy
│   │   └── zstd
│   │       ├── lz4
│   │       └── xz
│   └── zstd
│       ├── lz4
│       └── xz
├── fizz
│   ├── boost
│   │   ├── icu4c
│   │   ├── xz
│   │   └── zstd
│   │       ├── lz4
│   │       └── xz
│   ├── double-conversion
│   ├── fmt
│   ├── folly
│   │   ├── boost
│   │   │   ├── icu4c
│   │   │   ├── xz
│   │   │   └── zstd
│   │   │       ├── lz4
│   │   │       └── xz
│   │   ├── double-conversion
│   │   ├── fmt
│   │   ├── gflags
│   │   ├── glog
│   │   │   └── gflags
│   │   ├── libevent
│   │   │   └── openssl@1.1
│   │   │       └── ca-certificates
│   │   ├── lz4
│   │   ├── openssl@1.1
│   │   │   └── ca-certificates
│   │   ├── snappy
│   │   ├── xz
│   │   └── zstd
│   │       ├── lz4
│   │       └── xz
│   ├── gflags
│   ├── glog
│   │   └── gflags
│   ├── libevent
│   │   └── openssl@1.1
│   │       └── ca-certificates
│   ├── libsodium
│   ├── lz4
│   ├── openssl@1.1
│   │   └── ca-certificates
│   ├── snappy
│   └── zstd
│       ├── lz4
│       └── xz
├── fmt
├── folly
│   ├── boost
│   │   ├── icu4c
│   │   ├── xz
│   │   └── zstd
│   │       ├── lz4
│   │       └── xz
│   ├── double-conversion
│   ├── fmt
│   ├── gflags
│   ├── glog
│   │   └── gflags
│   ├── libevent
│   │   └── openssl@1.1
│   │       └── ca-certificates
│   ├── lz4
│   ├── openssl@1.1
│   │   └── ca-certificates
│   ├── snappy
│   ├── xz
│   └── zstd
│       ├── lz4
│       └── xz
├── gflags
├── glog
│   └── gflags
├── openssl@1.1
│   └── ca-certificates
└── wangle
    ├── boost
    │   ├── icu4c
    │   ├── xz
    │   └── zstd
    │       ├── lz4
    │       └── xz
    ├── double-conversion
    ├── fizz
    │   ├── boost
    │   │   ├── icu4c
    │   │   ├── xz
    │   │   └── zstd
    │   │       ├── lz4
    │   │       └── xz
    │   ├── double-conversion
    │   ├── fmt
    │   ├── folly
    │   │   ├── boost
    │   │   │   ├── icu4c
    │   │   │   ├── xz
    │   │   │   └── zstd
    │   │   │       ├── lz4
    │   │   │       └── xz
    │   │   ├── double-conversion
    │   │   ├── fmt
    │   │   ├── gflags
    │   │   ├── glog
    │   │   │   └── gflags
    │   │   ├── libevent
    │   │   │   └── openssl@1.1
    │   │   │       └── ca-certificates
    │   │   ├── lz4
    │   │   ├── openssl@1.1
    │   │   │   └── ca-certificates
    │   │   ├── snappy
    │   │   ├── xz
    │   │   └── zstd
    │   │       ├── lz4
    │   │       └── xz
    │   ├── gflags
    │   ├── glog
    │   │   └── gflags
    │   ├── libevent
    │   │   └── openssl@1.1
    │   │       └── ca-certificates
    │   ├── libsodium
    │   ├── lz4
    │   ├── openssl@1.1
    │   │   └── ca-certificates
    │   ├── snappy
    │   └── zstd
    │       ├── lz4
    │       └── xz
    ├── fmt
    ├── folly
    │   ├── boost
    │   │   ├── icu4c
    │   │   ├── xz
    │   │   └── zstd
    │   │       ├── lz4
    │   │       └── xz
    │   ├── double-conversion
    │   ├── fmt
    │   ├── gflags
    │   ├── glog
    │   │   └── gflags
    │   ├── libevent
    │   │   └── openssl@1.1
    │   │       └── ca-certificates
    │   ├── lz4
    │   ├── openssl@1.1
    │   │   └── ca-certificates
    │   ├── snappy
    │   ├── xz
    │   └── zstd
    │       ├── lz4
    │       └── xz
    ├── gflags
    ├── glog
    │   └── gflags
    ├── libevent
    │   └── openssl@1.1
    │       └── ca-certificates
    ├── libsodium
    ├── lz4
    ├── openssl@1.1
    │   └── ca-certificates
    ├── snappy
    └── zstd
        ├── lz4
        └── xz

fbthrift
├── boost
│   ├── icu4c
│   ├── xz
│   └── zstd
│       ├── lz4
│       └── xz
├── fizz
│   ├── boost
│   │   ├── icu4c
│   │   ├── xz
│   │   └── zstd
│   │       ├── lz4
│   │       └── xz
│   ├── double-conversion
│   ├── fmt
│   ├── folly
│   │   ├── boost
│   │   │   ├── icu4c
│   │   │   ├── xz
│   │   │   └── zstd
│   │   │       ├── lz4
│   │   │       └── xz
│   │   ├── double-conversion
│   │   ├── fmt
│   │   ├── gflags
│   │   ├── glog
│   │   │   └── gflags
│   │   ├── libevent
│   │   │   └── openssl@1.1
│   │   │       └── ca-certificates
│   │   ├── lz4
│   │   ├── openssl@1.1
│   │   │   └── ca-certificates
│   │   ├── snappy
│   │   ├── xz
│   │   └── zstd
│   │       ├── lz4
│   │       └── xz
│   ├── gflags
│   ├── glog
│   │   └── gflags
│   ├── libevent
│   │   └── openssl@1.1
│   │       └── ca-certificates
│   ├── libsodium
│   ├── lz4
│   ├── openssl@1.1
│   │   └── ca-certificates
│   ├── snappy
│   └── zstd
│       ├── lz4
│       └── xz
├── fmt
├── folly
│   ├── boost
│   │   ├── icu4c
│   │   ├── xz
│   │   └── zstd
│   │       ├── lz4
│   │       └── xz
│   ├── double-conversion
│   ├── fmt
│   ├── gflags
│   ├── glog
│   │   └── gflags
│   ├── libevent
│   │   └── openssl@1.1
│   │       └── ca-certificates
│   ├── lz4
│   ├── openssl@1.1
│   │   └── ca-certificates
│   ├── snappy
│   ├── xz
│   └── zstd
│       ├── lz4
│       └── xz
├── gflags
├── glog
│   └── gflags
├── openssl@1.1
│   └── ca-certificates
├── wangle
│   ├── boost
│   │   ├── icu4c
│   │   ├── xz
│   │   └── zstd
│   │       ├── lz4
│   │       └── xz
│   ├── double-conversion
│   ├── fizz
│   │   ├── boost
│   │   │   ├── icu4c
│   │   │   ├── xz
│   │   │   └── zstd
│   │   │       ├── lz4
│   │   │       └── xz
│   │   ├── double-conversion
│   │   ├── fmt
│   │   ├── folly
│   │   │   ├── boost
│   │   │   │   ├── icu4c
│   │   │   │   ├── xz
│   │   │   │   └── zstd
│   │   │   │       ├── lz4
│   │   │   │       └── xz
│   │   │   ├── double-conversion
│   │   │   ├── fmt
│   │   │   ├── gflags
│   │   │   ├── glog
│   │   │   │   └── gflags
│   │   │   ├── libevent
│   │   │   │   └── openssl@1.1
│   │   │   │       └── ca-certificates
│   │   │   ├── lz4
│   │   │   ├── openssl@1.1
│   │   │   │   └── ca-certificates
│   │   │   ├── snappy
│   │   │   ├── xz
│   │   │   └── zstd
│   │   │       ├── lz4
│   │   │       └── xz
│   │   ├── gflags
│   │   ├── glog
│   │   │   └── gflags
│   │   ├── libevent
│   │   │   └── openssl@1.1
│   │   │       └── ca-certificates
│   │   ├── libsodium
│   │   ├── lz4
│   │   ├── openssl@1.1
│   │   │   └── ca-certificates
│   │   ├── snappy
│   │   └── zstd
│   │       ├── lz4
│   │       └── xz
│   ├── fmt
│   ├── folly
│   │   ├── boost
│   │   │   ├── icu4c
│   │   │   ├── xz
│   │   │   └── zstd
│   │   │       ├── lz4
│   │   │       └── xz
│   │   ├── double-conversion
│   │   ├── fmt
│   │   ├── gflags
│   │   ├── glog
│   │   │   └── gflags
│   │   ├── libevent
│   │   │   └── openssl@1.1
│   │   │       └── ca-certificates
│   │   ├── lz4
│   │   ├── openssl@1.1
│   │   │   └── ca-certificates
│   │   ├── snappy
│   │   ├── xz
│   │   └── zstd
│   │       ├── lz4
│   │       └── xz
│   ├── gflags
│   ├── glog
│   │   └── gflags
│   ├── libevent
│   │   └── openssl@1.1
│   │       └── ca-certificates
│   ├── libsodium
│   ├── lz4
│   ├── openssl@1.1
│   │   └── ca-certificates
│   ├── snappy
│   └── zstd
│       ├── lz4
│       └── xz
└── zstd
    ├── lz4
    └── xz

fizz
├── boost
│   ├── icu4c
│   ├── xz
│   └── zstd
│       ├── lz4
│       └── xz
├── double-conversion
├── fmt
├── folly
│   ├── boost
│   │   ├── icu4c
│   │   ├── xz
│   │   └── zstd
│   │       ├── lz4
│   │       └── xz
│   ├── double-conversion
│   ├── fmt
│   ├── gflags
│   ├── glog
│   │   └── gflags
│   ├── libevent
│   │   └── openssl@1.1
│   │       └── ca-certificates
│   ├── lz4
│   ├── openssl@1.1
│   │   └── ca-certificates
│   ├── snappy
│   ├── xz
│   └── zstd
│       ├── lz4
│       └── xz
├── gflags
├── glog
│   └── gflags
├── libevent
│   └── openssl@1.1
│       └── ca-certificates
├── libsodium
├── lz4
├── openssl@1.1
│   └── ca-certificates
├── snappy
└── zstd
    ├── lz4
    └── xz

flow

fmt

folly
├── boost
│   ├── icu4c
│   ├── xz
│   └── zstd
│       ├── lz4
│       └── xz
├── double-conversion
├── fmt
├── gflags
├── glog
│   └── gflags
├── libevent
│   └── openssl@1.1
│       └── ca-certificates
├── lz4
├── openssl@1.1
│   └── ca-certificates
├── snappy
├── xz
└── zstd
    ├── lz4
    └── xz

fontconfig
└── freetype
    └── libpng

freetds
├── openssl@1.1
│   └── ca-certificates
└── unixodbc
    └── libtool
        └── m4

freetype
└── libpng

leoafarias/fvm/fvm

gd
├── fontconfig
│   └── freetype
│       └── libpng
├── freetype
│   └── libpng
├── jpeg-turbo
├── libavif
│   ├── aom
│   │   ├── jpeg-xl
│   │   │   ├── brotli
│   │   │   ├── giflib
│   │   │   ├── highway
│   │   │   ├── imath
│   │   │   ├── jpeg-turbo
│   │   │   ├── libpng
│   │   │   ├── openexr
│   │   │   │   └── imath
│   │   │   └── webp
│   │   │       ├── giflib
│   │   │       ├── jpeg-turbo
│   │   │       ├── libpng
│   │   │       └── libtiff
│   │   │           ├── jpeg-turbo
│   │   │           └── zstd
│   │   │               ├── lz4
│   │   │               └── xz
│   │   └── libvmaf
│   ├── jpeg-turbo
│   └── libpng
├── libpng
├── libtiff
│   ├── jpeg-turbo
│   └── zstd
│       ├── lz4
│       └── xz
└── webp
    ├── giflib
    ├── jpeg-turbo
    ├── libpng
    └── libtiff
        ├── jpeg-turbo
        └── zstd
            ├── lz4
            └── xz

gdbm

gettext

gflags

ghostscript
├── fontconfig
│   └── freetype
│       └── libpng
├── freetype
│   └── libpng
├── jbig2dec
├── jpeg-turbo
├── libidn
├── libpng
├── libtiff
│   ├── jpeg-turbo
│   └── zstd
│       ├── lz4
│       └── xz
├── little-cms2
│   ├── jpeg-turbo
│   └── libtiff
│       ├── jpeg-turbo
│       └── zstd
│           ├── lz4
│           └── xz
└── openjpeg
    ├── libpng
    ├── libtiff
    │   ├── jpeg-turbo
    │   └── zstd
    │       ├── lz4
    │       └── xz
    └── little-cms2
        ├── jpeg-turbo
        └── libtiff
            ├── jpeg-turbo
            └── zstd
                ├── lz4
                └── xz

giflib

git
├── gettext
└── pcre2

git-lfs

glib
├── gettext
└── pcre2

glog
└── gflags

gmp

gnu-getopt

gnupg
├── gettext
├── gnutls
│   ├── ca-certificates
│   ├── gmp
│   ├── guile
│   │   ├── bdw-gc
│   │   ├── gmp
│   │   ├── libtool
│   │   │   └── m4
│   │   ├── libunistring
│   │   ├── pkg-config
│   │   └── readline
│   ├── libidn2
│   │   ├── gettext
│   │   └── libunistring
│   ├── libtasn1
│   ├── libunistring
│   ├── nettle
│   │   └── gmp
│   ├── p11-kit
│   │   ├── ca-certificates
│   │   └── libtasn1
│   └── unbound
│       ├── libevent
│       │   └── openssl@1.1
│       │       └── ca-certificates
│       ├── libnghttp2
│       └── openssl@1.1
│           └── ca-certificates
├── libassuan
│   └── libgpg-error
├── libgcrypt
│   └── libgpg-error
├── libgpg-error
├── libksba
│   └── libgpg-error
├── libusb
├── npth
└── pinentry
    ├── libassuan
    │   └── libgpg-error
    └── libgpg-error

gnutls
├── ca-certificates
├── gmp
├── guile
│   ├── bdw-gc
│   ├── gmp
│   ├── libtool
│   │   └── m4
│   ├── libunistring
│   ├── pkg-config
│   └── readline
├── libidn2
│   ├── gettext
│   └── libunistring
├── libtasn1
├── libunistring
├── nettle
│   └── gmp
├── p11-kit
│   ├── ca-certificates
│   └── libtasn1
└── unbound
    ├── libevent
    │   └── openssl@1.1
    │       └── ca-certificates
    ├── libnghttp2
    └── openssl@1.1
        └── ca-certificates

go@1.18

gradle
└── openjdk@17

graphite2

groovy
└── openjdk
    ├── giflib
    ├── harfbuzz
    │   ├── cairo
    │   │   ├── fontconfig
    │   │   │   └── freetype
    │   │   │       └── libpng
    │   │   ├── freetype
    │   │   │   └── libpng
    │   │   ├── glib
    │   │   │   ├── gettext
    │   │   │   └── pcre2
    │   │   ├── libpng
    │   │   ├── libx11
    │   │   │   ├── libxcb
    │   │   │   │   ├── libpthread-stubs
    │   │   │   │   │   └── pkg-config
    │   │   │   │   ├── libxau
    │   │   │   │   │   └── xorgproto
    │   │   │   │   └── libxdmcp
    │   │   │   │       └── xorgproto
    │   │   │   └── xorgproto
    │   │   ├── libxcb
    │   │   │   ├── libpthread-stubs
    │   │   │   │   └── pkg-config
    │   │   │   ├── libxau
    │   │   │   │   └── xorgproto
    │   │   │   └── libxdmcp
    │   │   │       └── xorgproto
    │   │   ├── libxext
    │   │   │   ├── libx11
    │   │   │   │   ├── libxcb
    │   │   │   │   │   ├── libpthread-stubs
    │   │   │   │   │   │   └── pkg-config
    │   │   │   │   │   ├── libxau
    │   │   │   │   │   │   └── xorgproto
    │   │   │   │   │   └── libxdmcp
    │   │   │   │   │       └── xorgproto
    │   │   │   │   └── xorgproto
    │   │   │   └── xorgproto
    │   │   ├── libxrender
    │   │   │   ├── libx11
    │   │   │   │   ├── libxcb
    │   │   │   │   │   ├── libpthread-stubs
    │   │   │   │   │   │   └── pkg-config
    │   │   │   │   │   ├── libxau
    │   │   │   │   │   │   └── xorgproto
    │   │   │   │   │   └── libxdmcp
    │   │   │   │   │       └── xorgproto
    │   │   │   │   └── xorgproto
    │   │   │   └── xorgproto
    │   │   ├── lzo
    │   │   └── pixman
    │   ├── freetype
    │   │   └── libpng
    │   ├── glib
    │   │   ├── gettext
    │   │   └── pcre2
    │   ├── graphite2
    │   └── icu4c
    ├── jpeg-turbo
    ├── libpng
    └── little-cms2
        ├── jpeg-turbo
        └── libtiff
            ├── jpeg-turbo
            └── zstd
                ├── lz4
                └── xz

guile
├── bdw-gc
├── gmp
├── libtool
│   └── m4
├── libunistring
├── pkg-config
└── readline

harfbuzz
├── cairo
│   ├── fontconfig
│   │   └── freetype
│   │       └── libpng
│   ├── freetype
│   │   └── libpng
│   ├── glib
│   │   ├── gettext
│   │   └── pcre2
│   ├── libpng
│   ├── libx11
│   │   ├── libxcb
│   │   │   ├── libpthread-stubs
│   │   │   │   └── pkg-config
│   │   │   ├── libxau
│   │   │   │   └── xorgproto
│   │   │   └── libxdmcp
│   │   │       └── xorgproto
│   │   └── xorgproto
│   ├── libxcb
│   │   ├── libpthread-stubs
│   │   │   └── pkg-config
│   │   ├── libxau
│   │   │   └── xorgproto
│   │   └── libxdmcp
│   │       └── xorgproto
│   ├── libxext
│   │   ├── libx11
│   │   │   ├── libxcb
│   │   │   │   ├── libpthread-stubs
│   │   │   │   │   └── pkg-config
│   │   │   │   ├── libxau
│   │   │   │   │   └── xorgproto
│   │   │   │   └── libxdmcp
│   │   │   │       └── xorgproto
│   │   │   └── xorgproto
│   │   └── xorgproto
│   ├── libxrender
│   │   ├── libx11
│   │   │   ├── libxcb
│   │   │   │   ├── libpthread-stubs
│   │   │   │   │   └── pkg-config
│   │   │   │   ├── libxau
│   │   │   │   │   └── xorgproto
│   │   │   │   └── libxdmcp
│   │   │   │       └── xorgproto
│   │   │   └── xorgproto
│   │   └── xorgproto
│   ├── lzo
│   └── pixman
├── freetype
│   └── libpng
├── glib
│   ├── gettext
│   └── pcre2
├── graphite2
└── icu4c

highway

hub

icu4c

imagemagick
├── freetype
│   └── libpng
├── ghostscript
│   ├── fontconfig
│   │   └── freetype
│   │       └── libpng
│   ├── freetype
│   │   └── libpng
│   ├── jbig2dec
│   ├── jpeg-turbo
│   ├── libidn
│   ├── libpng
│   ├── libtiff
│   │   ├── jpeg-turbo
│   │   └── zstd
│   │       ├── lz4
│   │       └── xz
│   ├── little-cms2
│   │   ├── jpeg-turbo
│   │   └── libtiff
│   │       ├── jpeg-turbo
│   │       └── zstd
│   │           ├── lz4
│   │           └── xz
│   └── openjpeg
│       ├── libpng
│       ├── libtiff
│       │   ├── jpeg-turbo
│       │   └── zstd
│       │       ├── lz4
│       │       └── xz
│       └── little-cms2
│           ├── jpeg-turbo
│           └── libtiff
│               ├── jpeg-turbo
│               └── zstd
│                   ├── lz4
│                   └── xz
├── jpeg-turbo
├── libheif
│   ├── aom
│   │   ├── jpeg-xl
│   │   │   ├── brotli
│   │   │   ├── giflib
│   │   │   ├── highway
│   │   │   ├── imath
│   │   │   ├── jpeg-turbo
│   │   │   ├── libpng
│   │   │   ├── openexr
│   │   │   │   └── imath
│   │   │   └── webp
│   │   │       ├── giflib
│   │   │       ├── jpeg-turbo
│   │   │       ├── libpng
│   │   │       └── libtiff
│   │   │           ├── jpeg-turbo
│   │   │           └── zstd
│   │   │               ├── lz4
│   │   │               └── xz
│   │   └── libvmaf
│   ├── jpeg-turbo
│   ├── libde265
│   ├── libpng
│   ├── shared-mime-info
│   │   ├── gettext
│   │   ├── glib
│   │   │   ├── gettext
│   │   │   └── pcre2
│   │   └── xmlto
│   │       ├── docbook
│   │       ├── docbook-xsl
│   │       │   └── docbook
│   │       └── gnu-getopt
│   └── x265
├── liblqr
│   └── glib
│       ├── gettext
│       └── pcre2
├── libpng
├── libraw
│   ├── jasper
│   │   └── jpeg-turbo
│   ├── jpeg-turbo
│   ├── little-cms2
│   │   ├── jpeg-turbo
│   │   └── libtiff
│   │       ├── jpeg-turbo
│   │       └── zstd
│   │           ├── lz4
│   │           └── xz
│   └── libomp
├── libtiff
│   ├── jpeg-turbo
│   └── zstd
│       ├── lz4
│       └── xz
├── libtool
│   └── m4
├── little-cms2
│   ├── jpeg-turbo
│   └── libtiff
│       ├── jpeg-turbo
│       └── zstd
│           ├── lz4
│           └── xz
├── openexr
│   └── imath
├── openjpeg
│   ├── libpng
│   ├── libtiff
│   │   ├── jpeg-turbo
│   │   └── zstd
│   │       ├── lz4
│   │       └── xz
│   └── little-cms2
│       ├── jpeg-turbo
│       └── libtiff
│           ├── jpeg-turbo
│           └── zstd
│               ├── lz4
│               └── xz
├── webp
│   ├── giflib
│   ├── jpeg-turbo
│   ├── libpng
│   └── libtiff
│       ├── jpeg-turbo
│       └── zstd
│           ├── lz4
│           └── xz
├── xz
└── libomp

imath

jasper
└── jpeg-turbo

jbig2dec

jenv

jpeg-turbo

jpeg-xl
├── brotli
├── giflib
├── highway
├── imath
├── jpeg-turbo
├── libpng
├── openexr
│   └── imath
└── webp
    ├── giflib
    ├── jpeg-turbo
    ├── libpng
    └── libtiff
        ├── jpeg-turbo
        └── zstd
            ├── lz4
            └── xz

jq
└── oniguruma

krb5
└── openssl@1.1
    └── ca-certificates

libassuan
└── libgpg-error

libavif
├── aom
│   ├── jpeg-xl
│   │   ├── brotli
│   │   ├── giflib
│   │   ├── highway
│   │   ├── imath
│   │   ├── jpeg-turbo
│   │   ├── libpng
│   │   ├── openexr
│   │   │   └── imath
│   │   └── webp
│   │       ├── giflib
│   │       ├── jpeg-turbo
│   │       ├── libpng
│   │       └── libtiff
│   │           ├── jpeg-turbo
│   │           └── zstd
│   │               ├── lz4
│   │               └── xz
│   └── libvmaf
├── jpeg-turbo
└── libpng

libde265

libevent
└── openssl@1.1
    └── ca-certificates

libffi

libgcrypt
└── libgpg-error

libgpg-error

libheif
├── aom
│   ├── jpeg-xl
│   │   ├── brotli
│   │   ├── giflib
│   │   ├── highway
│   │   ├── imath
│   │   ├── jpeg-turbo
│   │   ├── libpng
│   │   ├── openexr
│   │   │   └── imath
│   │   └── webp
│   │       ├── giflib
│   │       ├── jpeg-turbo
│   │       ├── libpng
│   │       └── libtiff
│   │           ├── jpeg-turbo
│   │           └── zstd
│   │               ├── lz4
│   │               └── xz
│   └── libvmaf
├── jpeg-turbo
├── libde265
├── libpng
├── shared-mime-info
│   ├── gettext
│   ├── glib
│   │   ├── gettext
│   │   └── pcre2
│   └── xmlto
│       ├── docbook
│       ├── docbook-xsl
│       │   └── docbook
│       └── gnu-getopt
└── x265

libidn

libidn2
├── gettext
└── libunistring

libksba
└── libgpg-error

liblqr
└── glib
    ├── gettext
    └── pcre2

libnghttp2

libomp

libpng

libpq
├── krb5
│   └── openssl@1.1
│       └── ca-certificates
└── openssl@1.1
    └── ca-certificates

libpthread-stubs
└── pkg-config

libraw
├── jasper
│   └── jpeg-turbo
├── jpeg-turbo
├── little-cms2
│   ├── jpeg-turbo
│   └── libtiff
│       ├── jpeg-turbo
│       └── zstd
│           ├── lz4
│           └── xz
└── libomp

libsodium

libssh2
└── openssl@1.1
    └── ca-certificates

libtasn1

libtiff
├── jpeg-turbo
└── zstd
    ├── lz4
    └── xz

libtool
└── m4

libunistring

libusb

libuv

libvmaf

libx11
├── libxcb
│   ├── libpthread-stubs
│   │   └── pkg-config
│   ├── libxau
│   │   └── xorgproto
│   └── libxdmcp
│       └── xorgproto
└── xorgproto

libxau
└── xorgproto

libxcb
├── libpthread-stubs
│   └── pkg-config
├── libxau
│   └── xorgproto
└── libxdmcp
    └── xorgproto

libxdmcp
└── xorgproto

libxext
├── libx11
│   ├── libxcb
│   │   ├── libpthread-stubs
│   │   │   └── pkg-config
│   │   ├── libxau
│   │   │   └── xorgproto
│   │   └── libxdmcp
│   │       └── xorgproto
│   └── xorgproto
└── xorgproto

libxrender
├── libx11
│   ├── libxcb
│   │   ├── libpthread-stubs
│   │   │   └── pkg-config
│   │   ├── libxau
│   │   │   └── xorgproto
│   │   └── libxdmcp
│   │       └── xorgproto
│   └── xorgproto
└── xorgproto

libyaml

libzip
└── zstd
    ├── lz4
    └── xz

little-cms2
├── jpeg-turbo
└── libtiff
    ├── jpeg-turbo
    └── zstd
        ├── lz4
        └── xz

llvm
├── python@3.11
│   ├── mpdecimal
│   ├── openssl@1.1
│   │   └── ca-certificates
│   ├── sqlite
│   │   └── readline
│   └── xz
├── six
├── z3
└── zstd
    ├── lz4
    └── xz

lokalise/cli-2/lokalise2

lz4

lzo

m4

macos-term-size

maven
└── openjdk
    ├── giflib
    ├── harfbuzz
    │   ├── cairo
    │   │   ├── fontconfig
    │   │   │   └── freetype
    │   │   │       └── libpng
    │   │   ├── freetype
    │   │   │   └── libpng
    │   │   ├── glib
    │   │   │   ├── gettext
    │   │   │   └── pcre2
    │   │   ├── libpng
    │   │   ├── libx11
    │   │   │   ├── libxcb
    │   │   │   │   ├── libpthread-stubs
    │   │   │   │   │   └── pkg-config
    │   │   │   │   ├── libxau
    │   │   │   │   │   └── xorgproto
    │   │   │   │   └── libxdmcp
    │   │   │   │       └── xorgproto
    │   │   │   └── xorgproto
    │   │   ├── libxcb
    │   │   │   ├── libpthread-stubs
    │   │   │   │   └── pkg-config
    │   │   │   ├── libxau
    │   │   │   │   └── xorgproto
    │   │   │   └── libxdmcp
    │   │   │       └── xorgproto
    │   │   ├── libxext
    │   │   │   ├── libx11
    │   │   │   │   ├── libxcb
    │   │   │   │   │   ├── libpthread-stubs
    │   │   │   │   │   │   └── pkg-config
    │   │   │   │   │   ├── libxau
    │   │   │   │   │   │   └── xorgproto
    │   │   │   │   │   └── libxdmcp
    │   │   │   │   │       └── xorgproto
    │   │   │   │   └── xorgproto
    │   │   │   └── xorgproto
    │   │   ├── libxrender
    │   │   │   ├── libx11
    │   │   │   │   ├── libxcb
    │   │   │   │   │   ├── libpthread-stubs
    │   │   │   │   │   │   └── pkg-config
    │   │   │   │   │   ├── libxau
    │   │   │   │   │   │   └── xorgproto
    │   │   │   │   │   └── libxdmcp
    │   │   │   │   │       └── xorgproto
    │   │   │   │   └── xorgproto
    │   │   │   └── xorgproto
    │   │   ├── lzo
    │   │   └── pixman
    │   ├── freetype
    │   │   └── libpng
    │   ├── glib
    │   │   ├── gettext
    │   │   └── pcre2
    │   ├── graphite2
    │   └── icu4c
    ├── jpeg-turbo
    ├── libpng
    └── little-cms2
        ├── jpeg-turbo
        └── libtiff
            ├── jpeg-turbo
            └── zstd
                ├── lz4
                └── xz

mercurial
└── python@3.11
    ├── mpdecimal
    ├── openssl@1.1
    │   └── ca-certificates
    ├── sqlite
    │   └── readline
    └── xz

mint

mpdecimal

nettle
└── gmp

node@12
├── brotli
├── c-ares
├── icu4c
├── libnghttp2
├── libuv
├── openssl@1.1
│   └── ca-certificates
└── macos-term-size

node@16
├── brotli
├── c-ares
├── icu4c
├── libnghttp2
├── libuv
└── openssl@1.1
    └── ca-certificates

npth

oniguruma

openconnect
├── gettext
├── gnutls
│   ├── ca-certificates
│   ├── gmp
│   ├── guile
│   │   ├── bdw-gc
│   │   ├── gmp
│   │   ├── libtool
│   │   │   └── m4
│   │   ├── libunistring
│   │   ├── pkg-config
│   │   └── readline
│   ├── libidn2
│   │   ├── gettext
│   │   └── libunistring
│   ├── libtasn1
│   ├── libunistring
│   ├── nettle
│   │   └── gmp
│   ├── p11-kit
│   │   ├── ca-certificates
│   │   └── libtasn1
│   └── unbound
│       ├── libevent
│       │   └── openssl@1.1
│       │       └── ca-certificates
│       ├── libnghttp2
│       └── openssl@1.1
│           └── ca-certificates
└── stoken
    └── nettle
        └── gmp

openexr
└── imath

openjdk
├── giflib
├── harfbuzz
│   ├── cairo
│   │   ├── fontconfig
│   │   │   └── freetype
│   │   │       └── libpng
│   │   ├── freetype
│   │   │   └── libpng
│   │   ├── glib
│   │   │   ├── gettext
│   │   │   └── pcre2
│   │   ├── libpng
│   │   ├── libx11
│   │   │   ├── libxcb
│   │   │   │   ├── libpthread-stubs
│   │   │   │   │   └── pkg-config
│   │   │   │   ├── libxau
│   │   │   │   │   └── xorgproto
│   │   │   │   └── libxdmcp
│   │   │   │       └── xorgproto
│   │   │   └── xorgproto
│   │   ├── libxcb
│   │   │   ├── libpthread-stubs
│   │   │   │   └── pkg-config
│   │   │   ├── libxau
│   │   │   │   └── xorgproto
│   │   │   └── libxdmcp
│   │   │       └── xorgproto
│   │   ├── libxext
│   │   │   ├── libx11
│   │   │   │   ├── libxcb
│   │   │   │   │   ├── libpthread-stubs
│   │   │   │   │   │   └── pkg-config
│   │   │   │   │   ├── libxau
│   │   │   │   │   │   └── xorgproto
│   │   │   │   │   └── libxdmcp
│   │   │   │   │       └── xorgproto
│   │   │   │   └── xorgproto
│   │   │   └── xorgproto
│   │   ├── libxrender
│   │   │   ├── libx11
│   │   │   │   ├── libxcb
│   │   │   │   │   ├── libpthread-stubs
│   │   │   │   │   │   └── pkg-config
│   │   │   │   │   ├── libxau
│   │   │   │   │   │   └── xorgproto
│   │   │   │   │   └── libxdmcp
│   │   │   │   │       └── xorgproto
│   │   │   │   └── xorgproto
│   │   │   └── xorgproto
│   │   ├── lzo
│   │   └── pixman
│   ├── freetype
│   │   └── libpng
│   ├── glib
│   │   ├── gettext
│   │   └── pcre2
│   ├── graphite2
│   └── icu4c
├── jpeg-turbo
├── libpng
└── little-cms2
    ├── jpeg-turbo
    └── libtiff
        ├── jpeg-turbo
        └── zstd
            ├── lz4
            └── xz

openjdk@17

openjpeg
├── libpng
├── libtiff
│   ├── jpeg-turbo
│   └── zstd
│       ├── lz4
│       └── xz
└── little-cms2
    ├── jpeg-turbo
    └── libtiff
        ├── jpeg-turbo
        └── zstd
            ├── lz4
            └── xz

openldap
└── openssl@1.1
    └── ca-certificates

openssl@1.1
└── ca-certificates

openvpn
├── lz4
├── lzo
├── openssl@1.1
│   └── ca-certificates
└── pkcs11-helper
    └── openssl@1.1
        └── ca-certificates

p11-kit
├── ca-certificates
└── libtasn1

parallel

pcre

pcre2

php@7.4
├── apr
├── apr-util
│   ├── apr
│   └── openssl@1.1
│       └── ca-certificates
├── argon2
├── aspell
├── autoconf
│   └── m4
├── curl
│   ├── brotli
│   ├── libidn2
│   │   ├── gettext
│   │   └── libunistring
│   ├── libnghttp2
│   ├── libssh2
│   │   └── openssl@1.1
│   │       └── ca-certificates
│   ├── openldap
│   │   └── openssl@1.1
│   │       └── ca-certificates
│   ├── openssl@1.1
│   │   └── ca-certificates
│   ├── rtmpdump
│   │   └── openssl@1.1
│   │       └── ca-certificates
│   └── zstd
│       ├── lz4
│       └── xz
├── freetds
│   ├── openssl@1.1
│   │   └── ca-certificates
│   └── unixodbc
│       └── libtool
│           └── m4
├── gd
│   ├── fontconfig
│   │   └── freetype
│   │       └── libpng
│   ├── freetype
│   │   └── libpng
│   ├── jpeg-turbo
│   ├── libavif
│   │   ├── aom
│   │   │   ├── jpeg-xl
│   │   │   │   ├── brotli
│   │   │   │   ├── giflib
│   │   │   │   ├── highway
│   │   │   │   ├── imath
│   │   │   │   ├── jpeg-turbo
│   │   │   │   ├── libpng
│   │   │   │   ├── openexr
│   │   │   │   │   └── imath
│   │   │   │   └── webp
│   │   │   │       ├── giflib
│   │   │   │       ├── jpeg-turbo
│   │   │   │       ├── libpng
│   │   │   │       └── libtiff
│   │   │   │           ├── jpeg-turbo
│   │   │   │           └── zstd
│   │   │   │               ├── lz4
│   │   │   │               └── xz
│   │   │   └── libvmaf
│   │   ├── jpeg-turbo
│   │   └── libpng
│   ├── libpng
│   ├── libtiff
│   │   ├── jpeg-turbo
│   │   └── zstd
│   │       ├── lz4
│   │       └── xz
│   └── webp
│       ├── giflib
│       ├── jpeg-turbo
│       ├── libpng
│       └── libtiff
│           ├── jpeg-turbo
│           └── zstd
│               ├── lz4
│               └── xz
├── gettext
├── gmp
├── icu4c
├── krb5
│   └── openssl@1.1
│       └── ca-certificates
├── libpq
│   ├── krb5
│   │   └── openssl@1.1
│   │       └── ca-certificates
│   └── openssl@1.1
│       └── ca-certificates
├── libsodium
├── libzip
│   └── zstd
│       ├── lz4
│       └── xz
├── oniguruma
├── openldap
│   └── openssl@1.1
│       └── ca-certificates
├── openssl@1.1
│   └── ca-certificates
├── pcre2
├── sqlite
│   └── readline
├── tidy-html5
└── unixodbc
    └── libtool
        └── m4

pinentry
├── libassuan
│   └── libgpg-error
└── libgpg-error

pixman

pkcs11-helper
└── openssl@1.1
    └── ca-certificates

pkg-config

pyenv
├── autoconf
│   └── m4
├── openssl@1.1
│   └── ca-certificates
├── pkg-config
└── readline

python@3.10
├── gdbm
├── mpdecimal
├── openssl@1.1
│   └── ca-certificates
├── readline
├── sqlite
│   └── readline
└── xz

python@3.11
├── mpdecimal
├── openssl@1.1
│   └── ca-certificates
├── sqlite
│   └── readline
└── xz

pyyaml
└── libyaml

rbenv
└── ruby-build
    ├── autoconf
    │   └── m4
    ├── pkg-config
    └── readline

readline

rtmpdump
└── openssl@1.1
    └── ca-certificates

ruby-build
├── autoconf
│   └── m4
├── pkg-config
└── readline

screen

shared-mime-info
├── gettext
├── glib
│   ├── gettext
│   └── pcre2
└── xmlto
    ├── docbook
    ├── docbook-xsl
    │   └── docbook
    └── gnu-getopt

six

snappy

sqlite
└── readline

stoken
└── nettle
    └── gmp

swiftlint

temurin17

tidy-html5

transcrypt

tree

unbound
├── libevent
│   └── openssl@1.1
│       └── ca-certificates
├── libnghttp2
└── openssl@1.1
    └── ca-certificates

unixodbc
└── libtool
    └── m4

wangle
├── boost
│   ├── icu4c
│   ├── xz
│   └── zstd
│       ├── lz4
│       └── xz
├── double-conversion
├── fizz
│   ├── boost
│   │   ├── icu4c
│   │   ├── xz
│   │   └── zstd
│   │       ├── lz4
│   │       └── xz
│   ├── double-conversion
│   ├── fmt
│   ├── folly
│   │   ├── boost
│   │   │   ├── icu4c
│   │   │   ├── xz
│   │   │   └── zstd
│   │   │       ├── lz4
│   │   │       └── xz
│   │   ├── double-conversion
│   │   ├── fmt
│   │   ├── gflags
│   │   ├── glog
│   │   │   └── gflags
│   │   ├── libevent
│   │   │   └── openssl@1.1
│   │   │       └── ca-certificates
│   │   ├── lz4
│   │   ├── openssl@1.1
│   │   │   └── ca-certificates
│   │   ├── snappy
│   │   ├── xz
│   │   └── zstd
│   │       ├── lz4
│   │       └── xz
│   ├── gflags
│   ├── glog
│   │   └── gflags
│   ├── libevent
│   │   └── openssl@1.1
│   │       └── ca-certificates
│   ├── libsodium
│   ├── lz4
│   ├── openssl@1.1
│   │   └── ca-certificates
│   ├── snappy
│   └── zstd
│       ├── lz4
│       └── xz
├── fmt
├── folly
│   ├── boost
│   │   ├── icu4c
│   │   ├── xz
│   │   └── zstd
│   │       ├── lz4
│   │       └── xz
│   ├── double-conversion
│   ├── fmt
│   ├── gflags
│   ├── glog
│   │   └── gflags
│   ├── libevent
│   │   └── openssl@1.1
│   │       └── ca-certificates
│   ├── lz4
│   ├── openssl@1.1
│   │   └── ca-certificates
│   ├── snappy
│   ├── xz
│   └── zstd
│       ├── lz4
│       └── xz
├── gflags
├── glog
│   └── gflags
├── libevent
│   └── openssl@1.1
│       └── ca-certificates
├── libsodium
├── lz4
├── openssl@1.1
│   └── ca-certificates
├── snappy
└── zstd
    ├── lz4
    └── xz

watchman
├── boost
│   ├── icu4c
│   ├── xz
│   └── zstd
│       ├── lz4
│       └── xz
├── edencommon
│   ├── folly
│   │   ├── boost
│   │   │   ├── icu4c
│   │   │   ├── xz
│   │   │   └── zstd
│   │   │       ├── lz4
│   │   │       └── xz
│   │   ├── double-conversion
│   │   ├── fmt
│   │   ├── gflags
│   │   ├── glog
│   │   │   └── gflags
│   │   ├── libevent
│   │   │   └── openssl@1.1
│   │   │       └── ca-certificates
│   │   ├── lz4
│   │   ├── openssl@1.1
│   │   │   └── ca-certificates
│   │   ├── snappy
│   │   ├── xz
│   │   └── zstd
│   │       ├── lz4
│   │       └── xz
│   ├── gflags
│   └── glog
│       └── gflags
├── fb303
│   ├── fbthrift
│   │   ├── boost
│   │   │   ├── icu4c
│   │   │   ├── xz
│   │   │   └── zstd
│   │   │       ├── lz4
│   │   │       └── xz
│   │   ├── fizz
│   │   │   ├── boost
│   │   │   │   ├── icu4c
│   │   │   │   ├── xz
│   │   │   │   └── zstd
│   │   │   │       ├── lz4
│   │   │   │       └── xz
│   │   │   ├── double-conversion
│   │   │   ├── fmt
│   │   │   ├── folly
│   │   │   │   ├── boost
│   │   │   │   │   ├── icu4c
│   │   │   │   │   ├── xz
│   │   │   │   │   └── zstd
│   │   │   │   │       ├── lz4
│   │   │   │   │       └── xz
│   │   │   │   ├── double-conversion
│   │   │   │   ├── fmt
│   │   │   │   ├── gflags
│   │   │   │   ├── glog
│   │   │   │   │   └── gflags
│   │   │   │   ├── libevent
│   │   │   │   │   └── openssl@1.1
│   │   │   │   │       └── ca-certificates
│   │   │   │   ├── lz4
│   │   │   │   ├── openssl@1.1
│   │   │   │   │   └── ca-certificates
│   │   │   │   ├── snappy
│   │   │   │   ├── xz
│   │   │   │   └── zstd
│   │   │   │       ├── lz4
│   │   │   │       └── xz
│   │   │   ├── gflags
│   │   │   ├── glog
│   │   │   │   └── gflags
│   │   │   ├── libevent
│   │   │   │   └── openssl@1.1
│   │   │   │       └── ca-certificates
│   │   │   ├── libsodium
│   │   │   ├── lz4
│   │   │   ├── openssl@1.1
│   │   │   │   └── ca-certificates
│   │   │   ├── snappy
│   │   │   └── zstd
│   │   │       ├── lz4
│   │   │       └── xz
│   │   ├── fmt
│   │   ├── folly
│   │   │   ├── boost
│   │   │   │   ├── icu4c
│   │   │   │   ├── xz
│   │   │   │   └── zstd
│   │   │   │       ├── lz4
│   │   │   │       └── xz
│   │   │   ├── double-conversion
│   │   │   ├── fmt
│   │   │   ├── gflags
│   │   │   ├── glog
│   │   │   │   └── gflags
│   │   │   ├── libevent
│   │   │   │   └── openssl@1.1
│   │   │   │       └── ca-certificates
│   │   │   ├── lz4
│   │   │   ├── openssl@1.1
│   │   │   │   └── ca-certificates
│   │   │   ├── snappy
│   │   │   ├── xz
│   │   │   └── zstd
│   │   │       ├── lz4
│   │   │       └── xz
│   │   ├── gflags
│   │   ├── glog
│   │   │   └── gflags
│   │   ├── openssl@1.1
│   │   │   └── ca-certificates
│   │   ├── wangle
│   │   │   ├── boost
│   │   │   │   ├── icu4c
│   │   │   │   ├── xz
│   │   │   │   └── zstd
│   │   │   │       ├── lz4
│   │   │   │       └── xz
│   │   │   ├── double-conversion
│   │   │   ├── fizz
│   │   │   │   ├── boost
│   │   │   │   │   ├── icu4c
│   │   │   │   │   ├── xz
│   │   │   │   │   └── zstd
│   │   │   │   │       ├── lz4
│   │   │   │   │       └── xz
│   │   │   │   ├── double-conversion
│   │   │   │   ├── fmt
│   │   │   │   ├── folly
│   │   │   │   │   ├── boost
│   │   │   │   │   │   ├── icu4c
│   │   │   │   │   │   ├── xz
│   │   │   │   │   │   └── zstd
│   │   │   │   │   │       ├── lz4
│   │   │   │   │   │       └── xz
│   │   │   │   │   ├── double-conversion
│   │   │   │   │   ├── fmt
│   │   │   │   │   ├── gflags
│   │   │   │   │   ├── glog
│   │   │   │   │   │   └── gflags
│   │   │   │   │   ├── libevent
│   │   │   │   │   │   └── openssl@1.1
│   │   │   │   │   │       └── ca-certificates
│   │   │   │   │   ├── lz4
│   │   │   │   │   ├── openssl@1.1
│   │   │   │   │   │   └── ca-certificates
│   │   │   │   │   ├── snappy
│   │   │   │   │   ├── xz
│   │   │   │   │   └── zstd
│   │   │   │   │       ├── lz4
│   │   │   │   │       └── xz
│   │   │   │   ├── gflags
│   │   │   │   ├── glog
│   │   │   │   │   └── gflags
│   │   │   │   ├── libevent
│   │   │   │   │   └── openssl@1.1
│   │   │   │   │       └── ca-certificates
│   │   │   │   ├── libsodium
│   │   │   │   ├── lz4
│   │   │   │   ├── openssl@1.1
│   │   │   │   │   └── ca-certificates
│   │   │   │   ├── snappy
│   │   │   │   └── zstd
│   │   │   │       ├── lz4
│   │   │   │       └── xz
│   │   │   ├── fmt
│   │   │   ├── folly
│   │   │   │   ├── boost
│   │   │   │   │   ├── icu4c
│   │   │   │   │   ├── xz
│   │   │   │   │   └── zstd
│   │   │   │   │       ├── lz4
│   │   │   │   │       └── xz
│   │   │   │   ├── double-conversion
│   │   │   │   ├── fmt
│   │   │   │   ├── gflags
│   │   │   │   ├── glog
│   │   │   │   │   └── gflags
│   │   │   │   ├── libevent
│   │   │   │   │   └── openssl@1.1
│   │   │   │   │       └── ca-certificates
│   │   │   │   ├── lz4
│   │   │   │   ├── openssl@1.1
│   │   │   │   │   └── ca-certificates
│   │   │   │   ├── snappy
│   │   │   │   ├── xz
│   │   │   │   └── zstd
│   │   │   │       ├── lz4
│   │   │   │       └── xz
│   │   │   ├── gflags
│   │   │   ├── glog
│   │   │   │   └── gflags
│   │   │   ├── libevent
│   │   │   │   └── openssl@1.1
│   │   │   │       └── ca-certificates
│   │   │   ├── libsodium
│   │   │   ├── lz4
│   │   │   ├── openssl@1.1
│   │   │   │   └── ca-certificates
│   │   │   ├── snappy
│   │   │   └── zstd
│   │   │       ├── lz4
│   │   │       └── xz
│   │   └── zstd
│   │       ├── lz4
│   │       └── xz
│   ├── fizz
│   │   ├── boost
│   │   │   ├── icu4c
│   │   │   ├── xz
│   │   │   └── zstd
│   │   │       ├── lz4
│   │   │       └── xz
│   │   ├── double-conversion
│   │   ├── fmt
│   │   ├── folly
│   │   │   ├── boost
│   │   │   │   ├── icu4c
│   │   │   │   ├── xz
│   │   │   │   └── zstd
│   │   │   │       ├── lz4
│   │   │   │       └── xz
│   │   │   ├── double-conversion
│   │   │   ├── fmt
│   │   │   ├── gflags
│   │   │   ├── glog
│   │   │   │   └── gflags
│   │   │   ├── libevent
│   │   │   │   └── openssl@1.1
│   │   │   │       └── ca-certificates
│   │   │   ├── lz4
│   │   │   ├── openssl@1.1
│   │   │   │   └── ca-certificates
│   │   │   ├── snappy
│   │   │   ├── xz
│   │   │   └── zstd
│   │   │       ├── lz4
│   │   │       └── xz
│   │   ├── gflags
│   │   ├── glog
│   │   │   └── gflags
│   │   ├── libevent
│   │   │   └── openssl@1.1
│   │   │       └── ca-certificates
│   │   ├── libsodium
│   │   ├── lz4
│   │   ├── openssl@1.1
│   │   │   └── ca-certificates
│   │   ├── snappy
│   │   └── zstd
│   │       ├── lz4
│   │       └── xz
│   ├── fmt
│   ├── folly
│   │   ├── boost
│   │   │   ├── icu4c
│   │   │   ├── xz
│   │   │   └── zstd
│   │   │       ├── lz4
│   │   │       └── xz
│   │   ├── double-conversion
│   │   ├── fmt
│   │   ├── gflags
│   │   ├── glog
│   │   │   └── gflags
│   │   ├── libevent
│   │   │   └── openssl@1.1
│   │   │       └── ca-certificates
│   │   ├── lz4
│   │   ├── openssl@1.1
│   │   │   └── ca-certificates
│   │   ├── snappy
│   │   ├── xz
│   │   └── zstd
│   │       ├── lz4
│   │       └── xz
│   ├── gflags
│   ├── glog
│   │   └── gflags
│   ├── openssl@1.1
│   │   └── ca-certificates
│   └── wangle
│       ├── boost
│       │   ├── icu4c
│       │   ├── xz
│       │   └── zstd
│       │       ├── lz4
│       │       └── xz
│       ├── double-conversion
│       ├── fizz
│       │   ├── boost
│       │   │   ├── icu4c
│       │   │   ├── xz
│       │   │   └── zstd
│       │   │       ├── lz4
│       │   │       └── xz
│       │   ├── double-conversion
│       │   ├── fmt
│       │   ├── folly
│       │   │   ├── boost
│       │   │   │   ├── icu4c
│       │   │   │   ├── xz
│       │   │   │   └── zstd
│       │   │   │       ├── lz4
│       │   │   │       └── xz
│       │   │   ├── double-conversion
│       │   │   ├── fmt
│       │   │   ├── gflags
│       │   │   ├── glog
│       │   │   │   └── gflags
│       │   │   ├── libevent
│       │   │   │   └── openssl@1.1
│       │   │   │       └── ca-certificates
│       │   │   ├── lz4
│       │   │   ├── openssl@1.1
│       │   │   │   └── ca-certificates
│       │   │   ├── snappy
│       │   │   ├── xz
│       │   │   └── zstd
│       │   │       ├── lz4
│       │   │       └── xz
│       │   ├── gflags
│       │   ├── glog
│       │   │   └── gflags
│       │   ├── libevent
│       │   │   └── openssl@1.1
│       │   │       └── ca-certificates
│       │   ├── libsodium
│       │   ├── lz4
│       │   ├── openssl@1.1
│       │   │   └── ca-certificates
│       │   ├── snappy
│       │   └── zstd
│       │       ├── lz4
│       │       └── xz
│       ├── fmt
│       ├── folly
│       │   ├── boost
│       │   │   ├── icu4c
│       │   │   ├── xz
│       │   │   └── zstd
│       │   │       ├── lz4
│       │   │       └── xz
│       │   ├── double-conversion
│       │   ├── fmt
│       │   ├── gflags
│       │   ├── glog
│       │   │   └── gflags
│       │   ├── libevent
│       │   │   └── openssl@1.1
│       │   │       └── ca-certificates
│       │   ├── lz4
│       │   ├── openssl@1.1
│       │   │   └── ca-certificates
│       │   ├── snappy
│       │   ├── xz
│       │   └── zstd
│       │       ├── lz4
│       │       └── xz
│       ├── gflags
│       ├── glog
│       │   └── gflags
│       ├── libevent
│       │   └── openssl@1.1
│       │       └── ca-certificates
│       ├── libsodium
│       ├── lz4
│       ├── openssl@1.1
│       │   └── ca-certificates
│       ├── snappy
│       └── zstd
│           ├── lz4
│           └── xz
├── fmt
├── folly
│   ├── boost
│   │   ├── icu4c
│   │   ├── xz
│   │   └── zstd
│   │       ├── lz4
│   │       └── xz
│   ├── double-conversion
│   ├── fmt
│   ├── gflags
│   ├── glog
│   │   └── gflags
│   ├── libevent
│   │   └── openssl@1.1
│   │       └── ca-certificates
│   ├── lz4
│   ├── openssl@1.1
│   │   └── ca-certificates
│   ├── snappy
│   ├── xz
│   └── zstd
│       ├── lz4
│       └── xz
├── gflags
├── glog
│   └── gflags
├── libevent
│   └── openssl@1.1
│       └── ca-certificates
├── openssl@1.1
│   └── ca-certificates
├── pcre2
└── python@3.11
    ├── mpdecimal
    ├── openssl@1.1
    │   └── ca-certificates
    ├── sqlite
    │   └── readline
    └── xz

webp
├── giflib
├── jpeg-turbo
├── libpng
└── libtiff
    ├── jpeg-turbo
    └── zstd
        ├── lz4
        └── xz

wget
├── libidn2
│   ├── gettext
│   └── libunistring
└── openssl@1.1
    └── ca-certificates

x265

xcbeautify

xclogparser

xmlto
├── docbook
├── docbook-xsl
│   └── docbook
└── gnu-getopt

xorgproto

xz

yamllint
├── python@3.11
│   ├── mpdecimal
│   ├── openssl@1.1
│   │   └── ca-certificates
│   ├── sqlite
│   │   └── readline
│   └── xz
└── pyyaml
    └── libyaml

yarn

z3

zstd
├── lz4
└── xz

========================================


=== Ruby and rubygems ==================
* Ruby (default): ruby 2.6.9p207 (2021-11-24 revision 67954) [arm64-darwin21]
--- Available ruby versions ---
  system
* 2.6.9 (set by /Users/vagrant/.rbenv/version)
  2.7.2
  2.7.5
  2.7.6
  3.0.0
  3.0.3
  3.1.0
-------------------------------
* rbenv: 1.2.0
* Rubygems: 3.0.3.1
* Bundler: Bundler version 2.3.26
* CocoaPods: 1.11.3
* xcpretty: 0.3.0
========================================


=== All Ruby GEMs ======================
activesupport (6.1.6.1)
addressable (2.8.0)
algoliasearch (1.27.5)
artifactory (3.0.15)
atomos (0.1.3)
aws-eventstream (1.2.0)
aws-partitions (1.619.0)
aws-sdk-core (3.132.0)
aws-sdk-kms (1.58.0)
aws-sdk-s3 (1.114.0)
aws-sigv4 (1.5.1)
babosa (1.0.4)
bigdecimal (default: 1.4.1)
bundler (2.3.26, 2.3.25, 2.3.23, 2.3.21, default: 1.17.2)
CFPropertyList (3.0.5)
claide (1.1.0)
clamp (1.3.2)
cmath (default: 1.0.0)
cocoapods (1.11.3)
cocoapods-core (1.11.3)
cocoapods-deintegrate (1.0.5)
cocoapods-downloader (1.6.3)
cocoapods-plugins (1.0.0)
cocoapods-search (1.0.1)
cocoapods-trunk (1.6.0)
cocoapods-try (1.2.0)
colored (1.2)
colored2 (3.1.2)
commander (4.6.0)
concurrent-ruby (1.1.10)
csv (default: 3.0.9)
date (default: 2.0.2)
dbm (default: 1.0.0)
declarative (0.0.20)
did_you_mean (1.3.0)
digest-crc (0.6.4)
domain_name (0.5.20190701)
dotenv (2.8.1)
e2mmap (default: 0.1.0)
emoji_regex (3.2.3)
escape (0.0.4)
etc (default: 1.0.1)
ethon (0.15.0)
excon (0.92.4)
faraday (1.10.1)
faraday-cookie_jar (0.0.7)
faraday-em_http (1.0.0)
faraday-em_synchrony (1.0.0)
faraday-excon (1.1.0)
faraday-httpclient (1.0.1)
faraday-multipart (1.0.4)
faraday-net_http (1.0.1)
faraday-net_http_persistent (1.2.0)
faraday-patron (1.0.0)
faraday-rack (1.0.0)
faraday-retry (1.0.3)
faraday_middleware (1.2.0)
fastimage (2.2.6)
fastlane (2.211.0, 2.210.1, 2.209.1, 2.209.0)
fcntl (default: 1.0.0)
ffi (1.15.5)
fiddle (default: 1.0.0)
fileutils (default: 1.1.0)
forwardable (default: 1.2.0)
fourflusher (2.3.1)
fuzzy_match (2.0.4)
gh_inspector (1.1.3)
google-apis-androidpublisher_v3 (0.25.0)
google-apis-core (0.7.0)
google-apis-iamcredentials_v1 (0.13.0)
google-apis-playcustomapp_v1 (0.10.0)
google-apis-storage_v1 (0.17.0)
google-cloud-core (1.6.0)
google-cloud-env (1.6.0)
google-cloud-errors (1.2.0)
google-cloud-storage (1.38.0)
googleauth (1.2.0)
highline (2.0.3)
http-cookie (1.0.5)
httpclient (2.8.3)
i18n (1.12.0)
io-console (default: 0.4.7)
ipaddr (default: 1.2.2)
irb (default: 1.0.0)
jazzy (0.14.3, 0.14.2)
jmespath (1.6.1)
json (default: 2.1.0)
jwt (2.4.1)
liferaft (0.0.6)
logger (default: 1.3.0)
matrix (default: 0.1.0)
memoist (0.16.2)
mini_magick (4.11.0)
mini_mime (1.1.2)
minitest (5.11.3)
molinillo (0.8.0)
multi_json (1.15.0)
multipart-post (2.0.0)
mustache (1.1.1)
mutex_m (default: 0.1.0)
nanaimo (0.3.0)
nap (1.1.0)
naturally (2.2.1)
net-telnet (0.2.0)
netrc (0.11.0)
nokogiri (1.13.9 arm64-darwin, 1.13.8 arm64-darwin)
open4 (1.3.4)
openssl (default: 2.1.2)
optparse (0.1.1)
os (1.1.4)
ostruct (default: 0.1.0)
plist (3.6.0)
power_assert (1.1.3)
prime (default: 0.1.0)
psych (default: 3.1.0)
public_suffix (4.0.7)
racc (1.6.0)
rake (12.3.3)
rdoc (default: 6.1.2.1)
redcarpet (3.5.1)
representable (3.2.0)
retriable (3.1.2)
rexml (3.2.5, default: 3.1.9.1)
rouge (2.0.7)
rss (default: 0.2.7)
ruby-macho (2.5.1)
ruby2_keywords (0.0.5)
rubyzip (2.3.2)
sassc (2.4.0)
scanf (default: 1.0.0)
sdbm (default: 1.0.0)
security (0.1.3)
shell (default: 0.7)
signet (0.17.0)
simctl (1.6.8)
slack-notifier (2.4.0)
slather (2.7.3, 2.7.2)
sqlite3 (1.4.4)
stringio (default: 0.0.2)
strscan (default: 1.0.0)
sync (default: 0.5.0)
terminal-notifier (2.0.0)
terminal-table (1.8.0)
test-unit (3.2.9)
thwait (default: 0.1.0)
tracer (default: 0.1.0)
trailblazer-option (0.1.2)
trainer (0.9.1)
tty-cursor (0.7.1)
tty-screen (0.8.1)
tty-spinner (0.9.3)
typhoeus (1.4.0)
tzinfo (2.0.5)
uber (0.1.0)
unf (0.1.4)
unf_ext (0.0.8.2)
unicode-display_width (1.8.0)
webrick (default: 1.4.4)
word_wrap (1.0.0)
xcinvoke (0.3.0)
xcode-install (2.8.1)
xcodeproj (1.22.0)
xcov (1.8.1)
xcpretty (0.3.0)
xcpretty-json-formatter (0.1.1)
xcpretty-travis-formatter (1.0.1)
xcresult (0.2.1)
xmlrpc (0.3.0)
zeitwerk (2.6.0)
zlib (default: 1.0.0)
========================================


=== NPM global packages ==========================
* Cordova: 11.0.0
* Ionic: 6.20.1
* Appcenter-CLI version: 2.11.0
========================================


=== Checking Xcode CLT dirs ============

 ls -1 /Library/Developer/CommandLineTools/SDKs/MacOSX.sdk/usr/include/CommonCrypto
CommonCrypto.h
CommonCryptoError.h
CommonCryptor.h
CommonDigest.h
CommonHMAC.h
CommonKeyDerivation.h
CommonRandom.h
CommonSymmetricKeywrap.h
module.modulemap

 * ls -1 /Library/Developer/CommandLineTools/
Library
SDKs
usr

 * /Library/Developer/CommandLineTools/usr/bin/swift --version
Apple Swift version 5.6.1 (swiftlang-5.6.0.323.66 clang-1316.0.20.12)
Target: arm64-apple-darwin21.6.0

========================================


=== Xcode ==============================

* Active Xcode Command Line Tools:
/Applications/Xcode-13.4.1.app/Contents/Developer

* Xcode Version:
Xcode 13.4.1
Build version 13F100

* /usr/bin/swift --version
Apple Swift version 5.6.1 (swiftlang-5.6.0.323.66 clang-1316.0.20.12)
Target: arm64-apple-macosx12.0

* Installed SDKs:
DriverKit SDKs:
	DriverKit 21.4                	-sdk driverkit21.4

iOS SDKs:
	iOS 15.5                      	-sdk iphoneos15.5

iOS Simulator SDKs:
	Simulator - iOS 15.5          	-sdk iphonesimulator15.5

macOS SDKs:
	macOS 12.3                    	-sdk macosx12.3

tvOS SDKs:
	tvOS 15.4                     	-sdk appletvos15.4

tvOS Simulator SDKs:
	Simulator - tvOS 15.4         	-sdk appletvsimulator15.4

watchOS SDKs:
	watchOS 8.5                   	-sdk watchos8.5

watchOS Simulator SDKs:
	Simulator - watchOS 8.5       	-sdk watchsimulator8.5


* Available Simulators:
== Device Types ==
iPhone 4s (com.apple.CoreSimulator.SimDeviceType.iPhone-4s)
iPhone 5 (com.apple.CoreSimulator.SimDeviceType.iPhone-5)
iPhone 5s (com.apple.CoreSimulator.SimDeviceType.iPhone-5s)
iPhone 6 Plus (com.apple.CoreSimulator.SimDeviceType.iPhone-6-Plus)
iPhone 6 (com.apple.CoreSimulator.SimDeviceType.iPhone-6)
iPhone 6s (com.apple.CoreSimulator.SimDeviceType.iPhone-6s)
iPhone 6s Plus (com.apple.CoreSimulator.SimDeviceType.iPhone-6s-Plus)
iPhone SE (1st generation) (com.apple.CoreSimulator.SimDeviceType.iPhone-SE)
iPhone 7 (com.apple.CoreSimulator.SimDeviceType.iPhone-7)
iPhone 7 Plus (com.apple.CoreSimulator.SimDeviceType.iPhone-7-Plus)
iPhone 8 (com.apple.CoreSimulator.SimDeviceType.iPhone-8)
iPhone 8 Plus (com.apple.CoreSimulator.SimDeviceType.iPhone-8-Plus)
iPhone X (com.apple.CoreSimulator.SimDeviceType.iPhone-X)
iPhone Xs (com.apple.CoreSimulator.SimDeviceType.iPhone-XS)
iPhone Xs Max (com.apple.CoreSimulator.SimDeviceType.iPhone-XS-Max)
iPhone Xʀ (com.apple.CoreSimulator.SimDeviceType.iPhone-XR)
iPhone 11 (com.apple.CoreSimulator.SimDeviceType.iPhone-11)
iPhone 11 Pro (com.apple.CoreSimulator.SimDeviceType.iPhone-11-Pro)
iPhone 11 Pro Max (com.apple.CoreSimulator.SimDeviceType.iPhone-11-Pro-Max)
iPhone SE (2nd generation) (com.apple.CoreSimulator.SimDeviceType.iPhone-SE--2nd-generation-)
iPhone 12 mini (com.apple.CoreSimulator.SimDeviceType.iPhone-12-mini)
iPhone 12 (com.apple.CoreSimulator.SimDeviceType.iPhone-12)
iPhone 12 Pro (com.apple.CoreSimulator.SimDeviceType.iPhone-12-Pro)
iPhone 12 Pro Max (com.apple.CoreSimulator.SimDeviceType.iPhone-12-Pro-Max)
iPhone 13 Pro (com.apple.CoreSimulator.SimDeviceType.iPhone-13-Pro)
iPhone 13 Pro Max (com.apple.CoreSimulator.SimDeviceType.iPhone-13-Pro-Max)
iPhone 13 mini (com.apple.CoreSimulator.SimDeviceType.iPhone-13-mini)
iPhone 13 (com.apple.CoreSimulator.SimDeviceType.iPhone-13)
iPhone SE (3rd generation) (com.apple.CoreSimulator.SimDeviceType.iPhone-SE-3rd-generation)
iPod touch (7th generation) (com.apple.CoreSimulator.SimDeviceType.iPod-touch--7th-generation-)
iPad 2 (com.apple.CoreSimulator.SimDeviceType.iPad-2)
iPad Retina (com.apple.CoreSimulator.SimDeviceType.iPad-Retina)
iPad Air (com.apple.CoreSimulator.SimDeviceType.iPad-Air)
iPad mini 2 (com.apple.CoreSimulator.SimDeviceType.iPad-mini-2)
iPad mini 3 (com.apple.CoreSimulator.SimDeviceType.iPad-mini-3)
iPad mini 4 (com.apple.CoreSimulator.SimDeviceType.iPad-mini-4)
iPad Air 2 (com.apple.CoreSimulator.SimDeviceType.iPad-Air-2)
iPad Pro (9.7-inch) (com.apple.CoreSimulator.SimDeviceType.iPad-Pro--9-7-inch-)
iPad Pro (12.9-inch) (1st generation) (com.apple.CoreSimulator.SimDeviceType.iPad-Pro)
iPad (5th generation) (com.apple.CoreSimulator.SimDeviceType.iPad--5th-generation-)
iPad Pro (12.9-inch) (2nd generation) (com.apple.CoreSimulator.SimDeviceType.iPad-Pro--12-9-inch---2nd-generation-)
iPad Pro (10.5-inch) (com.apple.CoreSimulator.SimDeviceType.iPad-Pro--10-5-inch-)
iPad (6th generation) (com.apple.CoreSimulator.SimDeviceType.iPad--6th-generation-)
iPad (7th generation) (com.apple.CoreSimulator.SimDeviceType.iPad--7th-generation-)
iPad Pro (11-inch) (1st generation) (com.apple.CoreSimulator.SimDeviceType.iPad-Pro--11-inch-)
iPad Pro (12.9-inch) (3rd generation) (com.apple.CoreSimulator.SimDeviceType.iPad-Pro--12-9-inch---3rd-generation-)
iPad Pro (11-inch) (2nd generation) (com.apple.CoreSimulator.SimDeviceType.iPad-Pro--11-inch---2nd-generation-)
iPad Pro (12.9-inch) (4th generation) (com.apple.CoreSimulator.SimDeviceType.iPad-Pro--12-9-inch---4th-generation-)
iPad mini (5th generation) (com.apple.CoreSimulator.SimDeviceType.iPad-mini--5th-generation-)
iPad Air (3rd generation) (com.apple.CoreSimulator.SimDeviceType.iPad-Air--3rd-generation-)
iPad (8th generation) (com.apple.CoreSimulator.SimDeviceType.iPad--8th-generation-)
iPad (9th generation) (com.apple.CoreSimulator.SimDeviceType.iPad-9th-generation)
iPad Air (4th generation) (com.apple.CoreSimulator.SimDeviceType.iPad-Air--4th-generation-)
iPad Pro (11-inch) (3rd generation) (com.apple.CoreSimulator.SimDeviceType.iPad-Pro-11-inch-3rd-generation)
iPad Pro (12.9-inch) (5th generation) (com.apple.CoreSimulator.SimDeviceType.iPad-Pro-12-9-inch-5th-generation)
iPad Air (5th generation) (com.apple.CoreSimulator.SimDeviceType.iPad-Air-5th-generation)
iPad mini (6th generation) (com.apple.CoreSimulator.SimDeviceType.iPad-mini-6th-generation)
Apple TV (com.apple.CoreSimulator.SimDeviceType.Apple-TV-1080p)
Apple TV 4K (com.apple.CoreSimulator.SimDeviceType.Apple-TV-4K-4K)
Apple TV 4K (at 1080p) (com.apple.CoreSimulator.SimDeviceType.Apple-TV-4K-1080p)
Apple TV 4K (2nd generation) (com.apple.CoreSimulator.SimDeviceType.Apple-TV-4K-2nd-generation-4K)
Apple TV 4K (at 1080p) (2nd generation) (com.apple.CoreSimulator.SimDeviceType.Apple-TV-4K-2nd-generation-1080p)
Apple Watch - 38mm (com.apple.CoreSimulator.SimDeviceType.Apple-Watch-38mm)
Apple Watch - 42mm (com.apple.CoreSimulator.SimDeviceType.Apple-Watch-42mm)
Apple Watch Series 2 - 38mm (com.apple.CoreSimulator.SimDeviceType.Apple-Watch-Series-2-38mm)
Apple Watch Series 2 - 42mm (com.apple.CoreSimulator.SimDeviceType.Apple-Watch-Series-2-42mm)
Apple Watch Series 3 - 38mm (com.apple.CoreSimulator.SimDeviceType.Apple-Watch-Series-3-38mm)
Apple Watch Series 3 - 42mm (com.apple.CoreSimulator.SimDeviceType.Apple-Watch-Series-3-42mm)
Apple Watch Series 4 - 40mm (com.apple.CoreSimulator.SimDeviceType.Apple-Watch-Series-4-40mm)
Apple Watch Series 4 - 44mm (com.apple.CoreSimulator.SimDeviceType.Apple-Watch-Series-4-44mm)
Apple Watch Series 5 - 40mm (com.apple.CoreSimulator.SimDeviceType.Apple-Watch-Series-5-40mm)
Apple Watch Series 5 - 44mm (com.apple.CoreSimulator.SimDeviceType.Apple-Watch-Series-5-44mm)
Apple Watch SE - 40mm (com.apple.CoreSimulator.SimDeviceType.Apple-Watch-SE-40mm)
Apple Watch SE - 44mm (com.apple.CoreSimulator.SimDeviceType.Apple-Watch-SE-44mm)
Apple Watch Series 6 - 40mm (com.apple.CoreSimulator.SimDeviceType.Apple-Watch-Series-6-40mm)
Apple Watch Series 6 - 44mm (com.apple.CoreSimulator.SimDeviceType.Apple-Watch-Series-6-44mm)
Apple Watch Series 7 - 41mm (com.apple.CoreSimulator.SimDeviceType.Apple-Watch-Series-7-41mm)
Apple Watch Series 7 - 45mm (com.apple.CoreSimulator.SimDeviceType.Apple-Watch-Series-7-45mm)
== Runtimes ==
iOS 13.7 (13.7 - 17H22) - com.apple.CoreSimulator.SimRuntime.iOS-13-7
iOS 14.5 (14.5 - 18E182) - com.apple.CoreSimulator.SimRuntime.iOS-14-5
iOS 15.0 (15.0 - 19A339) - com.apple.CoreSimulator.SimRuntime.iOS-15-0
iOS 15.2 (15.2 - 19C51) - com.apple.CoreSimulator.SimRuntime.iOS-15-2
iOS 15.5 (15.5 - 19F70) - com.apple.CoreSimulator.SimRuntime.iOS-15-5
tvOS 14.5 (14.5 - 18L191) - com.apple.CoreSimulator.SimRuntime.tvOS-14-5
tvOS 15.0 (15.0 - 19J344) - com.apple.CoreSimulator.SimRuntime.tvOS-15-0
tvOS 15.2 (15.2 - 19K50) - com.apple.CoreSimulator.SimRuntime.tvOS-15-2
tvOS 15.4 (15.4 - 19L439) - com.apple.CoreSimulator.SimRuntime.tvOS-15-4
watchOS 7.4 (7.4 - 18T187) - com.apple.CoreSimulator.SimRuntime.watchOS-7-4
watchOS 8.0 (8.0 - 19R345) - com.apple.CoreSimulator.SimRuntime.watchOS-8-0
watchOS 8.3 (8.3 - 19S51) - com.apple.CoreSimulator.SimRuntime.watchOS-8-3
watchOS 8.5 (8.5 - 19T241) - com.apple.CoreSimulator.SimRuntime.watchOS-8-5
== Devices ==
-- iOS 13.7 --
    iPhone 8 (0F66D3BD-CAF9-4CB6-9582-25CDB0D268B0) (Shutdown) 
    iPhone 8 Plus (C18EC8EB-4FBA-4BD6-9974-04618E1862CB) (Shutdown) 
    iPhone 11 (6B237C20-5F0A-4A7A-BBB4-963B34FAEA51) (Shutdown) 
    iPhone 11 Pro (002576F7-70D9-48E6-999E-A2097681C3F8) (Shutdown) 
    iPhone 11 Pro Max (59D003BA-512A-446F-879E-D78ED59F202E) (Shutdown) 
    iPhone SE (2nd generation) (73218C00-4B7B-4A2E-AED4-BCFFAFCAA200) (Shutdown) 
    iPad Pro (9.7-inch) (D9662BA6-D431-4809-806C-2FBCCA997CD7) (Shutdown) 
    iPad (7th generation) (E3CCECA2-E0A9-49B7-B94E-A7697C342428) (Shutdown) 
    iPad Pro (11-inch) (2nd generation) (CD3112E4-5C2C-49CC-825C-7DDF8FC6884E) (Shutdown) 
    iPad Pro (12.9-inch) (4th generation) (EC257989-65B2-452B-B6C2-F8358D97B5EC) (Shutdown) 
    iPad Air (3rd generation) (2F13A086-DB2C-4D9F-943D-65B16F05ABC2) (Shutdown) 
-- iOS 14.5 --
    iPhone 8 (D1152E6C-9B93-4620-835E-234A4D8823CA) (Shutdown) 
    iPhone 8 Plus (2DAAA16F-92DD-4177-B0CB-DE6B932B0822) (Shutdown) 
    iPhone 11 (AD9D28BA-AFB3-4BA4-AAAF-F85DF1819E32) (Shutdown) 
    iPhone 11 Pro (1D5DEB16-6042-43AE-94F5-31BDEFD7A926) (Shutdown) 
    iPhone 11 Pro Max (B665D7D7-5086-4460-BA78-7B9F1251AB1E) (Shutdown) 
    iPhone SE (2nd generation) (55133D76-272A-4A91-8DB3-F0EB5E744BCA) (Shutdown) 
    iPhone 12 mini (BBEF476B-EFD3-443E-96AF-66E2E6A410CF) (Shutdown) 
    iPhone 12 (1442B018-70F8-492B-AFB9-62C422810ED5) (Shutdown) 
    iPhone 12 Pro (C020C022-645F-41E1-B725-11A32B9083C2) (Shutdown) 
    iPhone 12 Pro Max (D96A394A-D484-4D49-AD45-379D7EB43540) (Shutdown) 
    iPod touch (7th generation) (2DEE796E-8DD6-4E33-8CB8-1D375A8426D6) (Shutdown) 
    iPad Pro (9.7-inch) (6712B0B4-7ABF-4FE3-A418-F2B149F8AAAB) (Shutdown) 
    iPad (8th generation) (B5015E6E-E86B-4A38-9D34-93402822B67C) (Shutdown) 
    iPad Air (4th generation) (197DEC70-12E3-40E4-83B1-060D069CAB91) (Shutdown) 
    iPad Pro (11-inch) (3rd generation) (1E2904E5-0A00-44EC-98E0-912CD03799AA) (Shutdown) 
    iPad Pro (12.9-inch) (5th generation) (2114EA4F-8660-4974-9BCE-81C7D41F20FF) (Shutdown) 
-- iOS 15.0 --
    iPhone 8 (7BC52EAF-F8EB-4712-BC40-2E69696B82D0) (Shutdown) 
    iPhone 8 Plus (5E33FED3-EA6A-4AAC-83D9-65B6162E21B8) (Shutdown) 
    iPhone 11 (82BB2307-60DC-418E-AFDC-748E9FA2750B) (Shutdown) 
    iPhone 11 Pro (C3A7397B-EF3E-40BE-A396-C79DD790221A) (Shutdown) 
    iPhone 11 Pro Max (45D7E5B5-B357-48BB-A957-07B027DB24B2) (Shutdown) 
    iPhone SE (2nd generation) (AB9A8351-3460-4C2F-9227-19A8299B8D37) (Shutdown) 
    iPhone 12 mini (ADD4ED3B-3E0F-4CE3-BEFE-CA87E16862A9) (Shutdown) 
    iPhone 12 (FB0F7FBC-79AB-422E-8DB0-F73CFD547FA5) (Shutdown) 
    iPhone 12 Pro (BDE23D10-D2B7-4E36-A9FD-D370DA014F16) (Shutdown) 
    iPhone 12 Pro Max (71BCE909-E2AD-4646-9F7D-D1F512E7DCA0) (Shutdown) 
    iPhone 13 Pro (6AAF4178-1B14-48EC-9674-69B1DFD51916) (Shutdown) 
    iPhone 13 Pro Max (2D0FAB98-28F8-4F43-A299-95D344967AE2) (Shutdown) 
    iPhone 13 mini (B0EFCE6A-FCAB-4F3C-8AF9-37B45EF0BE2C) (Shutdown) 
    iPhone 13 (3FD8448D-7838-4B32-90D2-9A3932B6EBEA) (Shutdown) 
    iPod touch (7th generation) (7E6BC6C1-53B6-4707-A3DC-BA469808DAA0) (Shutdown) 
    iPad Pro (9.7-inch) (CC759CA0-0904-4236-834C-646C36212849) (Shutdown) 
    iPad (9th generation) (2DBA90BE-080F-484B-A947-B36C795F1A98) (Shutdown) 
    iPad Air (4th generation) (C9E93361-D9AE-499E-B277-E924E9C5BDDA) (Shutdown) 
    iPad Pro (11-inch) (3rd generation) (9E1559C6-32FE-46FB-AF52-905071E5905E) (Shutdown) 
    iPad Pro (12.9-inch) (5th generation) (F43D2439-E206-40F2-9BDA-1A7DD1DEDF2D) (Shutdown) 
    iPad mini (6th generation) (1ABA73B9-3B0E-4BDE-B30D-1EA93C97B5C3) (Shutdown) 
-- iOS 15.2 --
    iPhone 8 (4EEF9454-258B-44A1-8ABA-504310437147) (Shutdown) 
    iPhone 8 Plus (C8F2B388-A643-4B66-991B-62C1DDAEA9EE) (Shutdown) 
    iPhone 11 (FC030319-93A2-4394-B5AA-842E89D87C07) (Shutdown) 
    iPhone 11 Pro (0446B051-1497-418F-B64E-768115959AFA) (Shutdown) 
    iPhone 11 Pro Max (D5AB3E59-9FFE-4DE4-A771-69B1206A07C6) (Shutdown) 
    iPhone SE (2nd generation) (D55FAE66-50A6-4DD2-9F7A-E5BCCA64528A) (Shutdown) 
    iPhone 12 mini (80CBD179-B6C7-4CB0-B738-F6D676E1BB3D) (Shutdown) 
    iPhone 12 (29FC12F1-D301-4B21-8E1B-4519B20F5680) (Shutdown) 
    iPhone 12 Pro (79EF2A57-10C5-42C0-A172-D968FC330E17) (Shutdown) 
    iPhone 12 Pro Max (9CA4C13D-ECC9-4935-B68E-8B109FE2336C) (Shutdown) 
    iPhone 13 Pro (37763A93-66B6-4CDA-A10C-F4CC6AF2C15F) (Shutdown) 
    iPhone 13 Pro Max (730FFEAC-89AD-4AE4-86FE-4D81AE806284) (Shutdown) 
    iPhone 13 mini (C279F453-1F2F-47AB-A2C1-260E8433E5F2) (Shutdown) 
    iPhone 13 (F44BC685-62BC-423E-9119-9704A302E080) (Shutdown) 
    iPod touch (7th generation) (B4C5AF19-EFF6-40BA-B1C7-128BAB576E2F) (Shutdown) 
    iPad Pro (9.7-inch) (18B09754-4D37-498F-B096-83C5EF94B858) (Shutdown) 
    iPad (9th generation) (DAB40395-DBBC-4D30-B379-4E51BEBA5BA1) (Shutdown) 
    iPad Air (4th generation) (AFF71F3F-B49B-4F36-A25E-52A22BF21E0A) (Shutdown) 
    iPad Pro (11-inch) (3rd generation) (2D98F593-FF9B-4F7B-8388-DBE0E2C5302A) (Shutdown) 
    iPad Pro (12.9-inch) (5th generation) (678E0672-12E5-4915-9E9C-5AEEDC83C29C) (Shutdown) 
    iPad mini (6th generation) (8B0C09F4-2DB2-4BEC-9728-83C0975FF950) (Shutdown) 
-- iOS 15.5 --
    iPhone 8 (CCE4E9EA-D7E0-4B28-9E27-7599274C340A) (Shutdown) 
    iPhone 8 Plus (4EFB4BD1-8C12-4450-A076-00E25B308996) (Shutdown) 
    iPhone 11 (8AFB48FA-F5A9-4BD5-B1C6-2AAA11779878) (Shutdown) 
    iPhone 11 Pro (4F9F788A-D67A-4474-B620-FCAC648255A4) (Shutdown) 
    iPhone 11 Pro Max (1872C6E4-FAAC-4E7B-81FF-0EBF31C5DE56) (Shutdown) 
    iPhone 12 mini (EF2EA4C4-6255-4E15-BEF4-782D7BA6192A) (Shutdown) 
    iPhone 12 (1F1969F3-46CC-4864-B00D-81055D35CCAE) (Shutdown) 
    iPhone 12 Pro (AEEC71A3-E523-4449-A401-4AB4F6427244) (Shutdown) 
    iPhone 12 Pro Max (3408444C-321F-4A34-BFF7-84BAA555A349) (Shutdown) 
    iPhone 13 Pro (B3E09DE6-9F98-464C-82ED-7E88FA1681DB) (Shutdown) 
    iPhone 13 Pro Max (14C5D275-3634-4120-99CE-F9212CB71942) (Shutdown) 
    iPhone 13 mini (4D2EEF83-C88E-47B9-970C-64937F4732B2) (Shutdown) 
    iPhone 13 (827F64C9-3B29-44D6-93C3-67487F5BCB5A) (Shutdown) 
    iPhone SE (3rd generation) (718D0570-E64F-489D-80ED-FB3FC36CB80D) (Shutdown) 
    iPod touch (7th generation) (F063D7D2-E1A0-4B3A-96ED-D36A218A60B1) (Shutdown) 
    iPad Pro (9.7-inch) (CB9E74EC-3768-468F-ABFA-B81D4E19E907) (Shutdown) 
    iPad (9th generation) (88B05729-A6A1-410A-883B-DC47EDB5D77B) (Shutdown) 
    iPad Pro (11-inch) (3rd generation) (1409695D-0390-4162-8C87-956712747053) (Shutdown) 
    iPad Pro (12.9-inch) (5th generation) (E88CF3F1-9DD7-4F56-9120-15EA8E0D83AF) (Shutdown) 
    iPad Air (5th generation) (983F61C3-ABA2-4AC9-89EE-D8E44E774488) (Shutdown) 
    iPad mini (6th generation) (7D0A0304-DC48-4C27-8F2E-1E08A0EFFA48) (Shutdown) 
-- tvOS 14.5 --
    Apple TV (AB12C8BD-45A1-4020-8A5D-6D826B99C6BF) (Shutdown) 
    Apple TV 4K (2nd generation) (2874C52A-1E80-4992-A94B-3C1065C8B15B) (Shutdown) 
    Apple TV 4K (at 1080p) (2nd generation) (EE3272C4-67F7-40D5-9747-76F0212DFBA4) (Shutdown) 
-- tvOS 15.0 --
    Apple TV (A7A3D0A3-E430-4A17-9A16-09E0725A3EE1) (Shutdown) 
    Apple TV 4K (2nd generation) (AAA0437D-48D4-4699-9A8C-918671E2706D) (Shutdown) 
    Apple TV 4K (at 1080p) (2nd generation) (9F6AACEC-4D9E-4356-98DB-FC89720BF9C1) (Shutdown) 
-- tvOS 15.2 --
    Apple TV (9640EBDC-B0EF-4830-A1DD-804BAFD77FFE) (Shutdown) 
    Apple TV 4K (2nd generation) (5C8EB552-311E-4CA8-BA1C-5A758484D66A) (Shutdown) 
    Apple TV 4K (at 1080p) (2nd generation) (8CD9B8DF-B010-47AF-81BE-1209890D087D) (Shutdown) 
-- tvOS 15.4 --
    Apple TV (45A3565C-70A6-4717-A90E-8C84C0D21D53) (Shutdown) 
    Apple TV 4K (2nd generation) (9034140F-5291-4259-ABD4-917A8CF4E310) (Shutdown) 
    Apple TV 4K (at 1080p) (2nd generation) (A6EC79EC-615D-45A9-80C3-1E6A09C78B22) (Shutdown) 
-- watchOS 7.4 --
    Apple Watch Series 5 - 40mm (F2A99267-D624-42E7-BC47-4CBD08EC524D) (Shutdown) 
    Apple Watch Series 5 - 44mm (31E002BA-5DE0-4C29-B565-881A89E10055) (Shutdown) 
    Apple Watch Series 6 - 40mm (518650AC-3796-4324-BAE5-16B35C900EF1) (Shutdown) 
    Apple Watch Series 6 - 44mm (B73C71BC-82C4-4C1F-B5A4-6977452E2735) (Shutdown) 
-- watchOS 8.0 --
    Apple Watch Series 5 - 40mm (314203EC-919E-410C-B476-B5905F91C97B) (Shutdown) 
    Apple Watch Series 5 - 44mm (54C3D70E-AC67-4D44-98E3-B9197AD17626) (Shutdown) 
    Apple Watch Series 6 - 40mm (DC7DA3D1-1A20-4563-BCE2-66FD1494B5EE) (Shutdown) 
    Apple Watch Series 6 - 44mm (26A14E55-8A8F-4E55-995C-97DF6E44CBA6) (Shutdown) 
    Apple Watch Series 7 - 41mm (27D60EE7-8E46-4292-82C8-3C838AA28D01) (Shutdown) 
    Apple Watch Series 7 - 45mm (9B58E3CE-8AC6-405B-867F-D7C8EA09133B) (Shutdown) 
-- watchOS 8.3 --
    Apple Watch Series 5 - 40mm (064890CA-F668-4C8D-BD6F-A8262B190D40) (Shutdown) 
    Apple Watch Series 5 - 44mm (49F5CCD6-83AC-4639-B40C-7F7EFD028B56) (Shutdown) 
    Apple Watch Series 6 - 40mm (B7785072-98F1-4C54-ABCC-B4BA848905E5) (Shutdown) 
    Apple Watch Series 6 - 44mm (8ED8BF44-192A-4ECD-9853-B8AEC00E44A1) (Shutdown) 
    Apple Watch Series 7 - 41mm (5E6C368D-45FC-428A-9F87-CF6DE1E1EE7C) (Shutdown) 
    Apple Watch Series 7 - 45mm (3C2462B5-077E-41F9-A5FE-8D8B4E94224D) (Shutdown) 
-- watchOS 8.5 --
    Apple Watch Series 5 - 40mm (C34C3012-CCC9-45DE-86D1-5EE6071AEC36) (Shutdown) 
    Apple Watch Series 5 - 44mm (71B6BBC2-F044-4E6C-B67F-08768EAC3C7B) (Shutdown) 
    Apple Watch Series 6 - 40mm (EF62110C-2628-4A85-BB0E-A70F09E3F31D) (Shutdown) 
    Apple Watch Series 6 - 44mm (67B09499-D4CA-4976-9F54-A55363CD3AE3) (Shutdown) 
    Apple Watch Series 7 - 41mm (355550B5-28C9-4A6D-BF3D-E3EF77C302F1) (Shutdown) 
    Apple Watch Series 7 - 45mm (C2AC4700-9970-4615-A554-0EA21F1EEF5C) (Shutdown) 
== Device Pairs ==
E7F13CB9-11CD-49C6-8D2D-2FDEAD86FA19 (active, disconnected)
    Watch: Apple Watch Series 5 - 40mm (C34C3012-CCC9-45DE-86D1-5EE6071AEC36) (Shutdown)
    Phone: iPhone 12 Pro (AEEC71A3-E523-4449-A401-4AB4F6427244) (Shutdown)
07D85420-E110-4321-ADED-4AD1E52D3FFA (active, disconnected)
    Watch: Apple Watch Series 5 - 44mm (71B6BBC2-F044-4E6C-B67F-08768EAC3C7B) (Shutdown)
    Phone: iPhone 12 Pro Max (3408444C-321F-4A34-BFF7-84BAA555A349) (Shutdown)
9128CC6F-F0B5-4EF8-A873-651E434EB27D (active, disconnected)
    Watch: Apple Watch Series 6 - 40mm (EF62110C-2628-4A85-BB0E-A70F09E3F31D) (Shutdown)
    Phone: iPhone 13 Pro (B3E09DE6-9F98-464C-82ED-7E88FA1681DB) (Shutdown)
7039B5F9-6D95-4897-B75A-049A9B07E0B6 (active, disconnected)
    Watch: Apple Watch Series 6 - 44mm (67B09499-D4CA-4976-9F54-A55363CD3AE3) (Shutdown)
    Phone: iPhone 13 Pro Max (14C5D275-3634-4120-99CE-F9212CB71942) (Shutdown)
4EB68366-DE3C-45F7-B0F2-B75D91732AF4 (active, disconnected)
    Watch: Apple Watch Series 7 - 41mm (355550B5-28C9-4A6D-BF3D-E3EF77C302F1) (Shutdown)
    Phone: iPhone 13 mini (4D2EEF83-C88E-47B9-970C-64937F4732B2) (Shutdown)
309F2BB8-9AEA-4537-8A01-1348F4B229E6 (active, disconnected)
    Watch: Apple Watch Series 7 - 45mm (C2AC4700-9970-4615-A554-0EA21F1EEF5C) (Shutdown)
    Phone: iPhone 13 (827F64C9-3B29-44D6-93C3-67487F5BCB5A) (Shutdown)

========================================


=== OS X info =========================

* sw_vers
ProductName:	macOS
ProductVersion:	12.5
BuildVersion:	21G72

* system_profiler SPSoftwareDataType
Software:

    System Software Overview:

      System Version: macOS 12.5 (21G72)
      Kernel Version: Darwin 21.6.0
      Boot Volume: Macintosh HD
      Boot Mode: Normal
      Computer Name: vm-osx-xcode-13.4.x-g2-m1.8core-c033b83e-740f-43b7-bf80-7afefd601962
      User Name: Vagrant (vagrant)
      Secure Virtual Memory: Enabled
      System Integrity Protection: Disabled
      Time since boot: 52 minutes


========================================


=== System infos =======================
* Free disk space:
    Filesystem         Size        Avail
/dev/disk3s1s1        295Gi        117Gi
========================================

--- Android

* ANDROID_HOME (/usr/local/share/android-sdk) content:
add-ons
build-tools
cmake
cmdline-tools
emulator
extras
licenses
ndk-bundle
patcher
platform-tools
platforms
system-images
tools

* ANDROID_NDK_HOME (/usr/local/share/android-sdk/ndk-bundle) content:
CHANGELOG.md
NOTICE
NOTICE.toolchain
README.md
build
meta
ndk-build
ndk-gdb
ndk-lldb
ndk-stack
ndk-which
package.xml
prebuilt
python-packages
shader-tools
simpleperf
source.properties
sources
toolchains
wrap.sh

* Android NDK Version:
Pkg.Desc = Android NDK
Pkg.Revision = 24.0.8215888

* platform-tools content:
NOTICE.txt
adb
dmtracedump
e2fsdroid
etc1tool
fastboot
hprof-conv
lib64
make_f2fs
make_f2fs_casefold
mke2fs
mke2fs.conf
package.xml
sload_f2fs
source.properties
sqlite3

* build-tools content:
32.0.0
32.1.0-rc1

* extras content:
/usr/local/share/android-sdk/extras
├── android
│   └── m2repository
├── google
│   ├── google_play_services
│   └── m2repository
└── m2repository
    └── com

7 directories, 0 files

* platforms content:
android-32

* system-images content:
/usr/local/share/android-sdk/system-images
├── android-29
│   └── google_apis
│       └── arm64-v8a
├── android-30
│   └── google_apis
│       └── arm64-v8a
├── android-31
│   └── google_apis
│       └── arm64-v8a
└── android-32
    └── google_apis
        └── arm64-v8a

12 directories, 0 files

========================================

 * SDK packages:
* Command line Tools version: 6.0
* Platform Tools version: 33.0.2
* Emulator version: 31.3.10
========================================


=== Android APK tools ==================

* aapt2:

========================================


=== Environment infos =======================
MATCH_KEYCHAIN_PASSWORD environment set
========================================


=== Control tests ======================
source $HOME/.bash_profile ...
source $HOME/.bash_profile - PASSED
========================================

