## docker-bitrise-base


#
# This System Report was generated by: https://github.com/bitrise-docker/bitrise-base/blob/master/system_report.sh
#  Pull Requests are welcome!
#


=== Revision / ID ======================
* BITRISE_DOCKER_REV_NUMBER_BASE: 2016_05_28_1
========================================


=== Pre-installed tool versions ========
* Go: go version go1.6.2 linux/amd64
* Ruby: ruby 2.2.5p319 (2016-04-26 revision 54774) [x86_64-linux]
  * bundler: Bundler version 1.12.5
* Python: Python 2.7.11+

* git: git version 2.7.4
* mercurial/hg: Mercurial Distributed SCM (version 3.7.3)
* curl: curl 7.47.0 (x86_64-pc-linux-gnu) libcurl/7.47.0 GnuTLS/3.4.10 zlib/1.2.8 libidn/1.32 librtmp/2.3
* wget: GNU Wget 1.17.1 built on linux-gnu.
* rsync: rsync  version 3.1.1  protocol version 31
* unzip: UnZip 6.00 of 20 April 2009, by Debian. Original by Info-ZIP.
* zip: This is Zip 3.0 (July 5th 2008), by Info-ZIP.
* tar: tar (GNU tar) 1.28
* tree: tree v1.7.0 (c) 1996 - 2014 by Steve Baker, Thomas Moore, Francesc Rocher, Florian Sesser, Kyosuke Tokoro 

* sudo: Sudo version 1.8.16

* docker: Docker version 1.11.1, build 5604cbe
* docker-compose: docker-compose version 1.7.1, build 0a9ab35

--- Bitrise CLI tool versions
* bitrise: 1.3.4
* stepman: 0.9.19
* envman: 1.1.0
========================================


=== Linux info =========================
* uname -a
Linux fbacc06c409e 4.4.0-22-generic #40-Ubuntu SMP Thu May 12 22:03:46 UTC 2016 x86_64 x86_64 x86_64 GNU/Linux
* uname -r
4.4.0-22-generic
* lsb_release --all
Distributor ID:	Ubuntu
Description:	Ubuntu 16.04 LTS
Release:	16.04
Codename:	xenial
No LSB modules are available.
========================================


=== Docker info ========================
Containers: 1
 Running: 1
 Paused: 0
 Stopped: 0
Images: 3
Server Version: 1.11.1
Storage Driver: btrfs
 Build Version: Btrfs v4.4
 Library Version: 101
Logging Driver: json-file
Cgroup Driver: cgroupfs
Plugins: 
 Volume: local
 Network: null host bridge
Kernel Version: 4.4.0-22-generic
Operating System: Ubuntu 16.04 LTS
OSType: linux
Architecture: x86_64
CPUs: 2
Total Memory: 7.305 GiB
Name: br-build-cont-us-cent1c-b6-stage--host-ondem-int-test-001
ID: QJVG:6VYC:ZJ6K:6L6I:LFG4:55OW:BVWU:ZQFU:HXQS:XCWQ:C24R:PXKC
Docker Root Dir: /var/lib/docker
Debug mode (client): false
Debug mode (server): false
Registry: https://index.docker.io/v1/
WARNING: No swap limit support
========================================


=== System infos =======================
* Free disk space: /dev/loop0       50G   18G   32G  37% /
* Free RAM & swap:
              total        used        free      shared  buff/cache   available
Mem:           7.3G        117M        6.6G        8.7M        584M        7.1G
Swap:            0B          0B          0B
========================================


## docker-bitrise-android


#
# This System Report was generated by: https://github.com/bitrise-docker/android/blob/master/system_report.sh
#  Pull Requests are welcome!
#


=== Revision / ID ======================
* BITRISE_DOCKER_REV_NUMBER_ANDROID: 2016_05_29_1
========================================


=== Pre-installed tool versions ========
* Gradle: Gradle 2.10
* Maven: Apache Maven 3.3.9
* Fastlane: fastlane 1.91.0
* Java: javac 1.8.0_91
========================================


=== Testing Android tools ==============
 * adb path:
/opt/android-sdk-linux/platform-tools/adb

 * adb version:
Android Debug Bridge version 1.0.32
Revision 09a0d98bebce-android
========================================


=== Android tools/dirs =================

* ANDROID_HOME:
.
..
add-ons
build-tools
extras
platforms
platform-tools
SDK Readme.txt
system-images
temp
tools

* platform-tools:
adb
api
dmtracedump
etc1tool
fastboot
hprof-conv
lib64
NOTICE.txt
source.properties
sqlite3
systrace

* build-tools:
17.0.0
19.1.0
20.0.0
21.1.2
22.0.1
23.0.1
23.0.2
23.0.3
24.0.0-preview

* extras:
/opt/android-sdk-linux/extras
├── android
│   ├── m2repository
│   └── support
└── google
    ├── google_play_services
    └── m2repository

6 directories, 0 files

* extra-android-support package version:
Pkg.Revision=23.2.1

* platforms:
android-10
android-15
android-17
android-19
android-20
android-21
android-22
android-23
android-N

* system-images:
/opt/android-sdk-linux/system-images
├── android-15
│   └── default
│       └── armeabi-v7a
├── android-17
│   └── default
│       └── armeabi-v7a
├── android-19
│   └── default
│       └── armeabi-v7a
├── android-21
│   └── default
│       └── armeabi-v7a
├── android-22
│   └── default
│       └── armeabi-v7a
└── android-23
    └── default
        └── armeabi-v7a

18 directories, 0 files
========================================


## docker-bitrise-android-ndk


#
# This System Report was generated by: https://github.com/bitrise-docker/android-ndk/blob/master/system_report.sh
#  Pull Requests are welcome!
#


=== Revision / ID ======================
* BITRISE_DOCKER_REV_NUMBER_ANDROID_NDK: 2016_05_26_1
========================================
