
## Bitrise Docker - Ubuntu 20.04

 (i) Ignore Errors: enabled

#
# This System Report was generated by: https://github.com/bitrise-io/ubuntu-android/blob/master/system_report.sh
#


=== Pre-installed lib versions ========
* zlib1g-dev: 1:1.2.11.dfsg-2ubuntu1.2
* libssl-dev: 1.1.1f-1ubuntu2.8
dpkg-query: package 'libreadline6-dev' is not installed and no information is available
Use dpkg --info (= dpkg-deb --info) to examine archive files.
* libreadline6-dev: 
* libyaml-dev: 0.2.2-1
* libsqlite3-dev: 3.31.1-4ubuntu0.2
=======================================


=== Pre-installed tool versions ========
* git: git version 2.25.1
* mercurial/hg: Mercurial Distributed SCM (version 5.3.1)
* curl: curl 7.68.0 (x86_64-pc-linux-gnu) libcurl/7.68.0 OpenSSL/1.1.1f zlib/1.2.11 brotli/1.0.7 libidn2/2.2.0 libpsl/0.21.0 (+libidn2/2.2.0) libssh/0.9.3/openssl/zlib nghttp2/1.40.0 librtmp/2.3
* wget: GNU Wget 1.20.3 built on linux-gnu.
* rsync: rsync  version 3.1.3  protocol version 31
* sudo: Sudo version 1.8.31
* Python: Python 2.7.18
* pip3: pip 20.0.2 from /usr/lib/python3/dist-packages/pip (python 3.8)
* zip: This is Zip 3.0 (July 5th 2008), by Info-ZIP.
* unzip: UnZip 6.00 of 20 April 2009, by Debian. Original by Info-ZIP.
* tar: tar (GNU tar) 1.30
* tree: tree v1.8.0 (c) 1996 - 2018 by Steve Baker, Thomas Moore, Francesc Rocher, Florian Sesser, Kyosuke Tokoro 
* gcc: gcc (Ubuntu 9.3.0-17ubuntu1~20.04) 9.3.0
* clang: clang version 10.0.0-4ubuntu1 
* imagemagick (convert): Version: ImageMagick 6.9.10-23 Q16 x86_64 20190101 https://imagemagick.org
* aws-cli: aws-cli/1.20.51 Python/3.8.10 Linux/5.4.0-1036-gcp botocore/1.21.51
* Ruby: ruby 2.7.0p0 (2019-12-25 revision 647ee6f091) [x86_64-linux]
  * bundler: Bundler version 2.2.28
  * rubygems: 3.2.28
* Go: go version go1.16.5 linux/amd64
* Node.js: v12.22.6
* NPM: 7.24.1
* Yarn: 1.22.13
* docker: Docker version 20.10.8, build 3967b7d
* docker-compose: docker-compose version 1.21.2, build a133471
* git lfs: git-lfs/3.0.1 (GitHub; linux amd64; go 1.17)

* Terraform: v0.12.19
* Packer: 1.6.5
* Ansible: [core
* Openconnect: v8.05-1
* Shellcheck: 0.7.0
* Gradle: Gradle 6.3
* Maven: [1mApache Maven 3.6.3[m
* Java: javac 11.0.11
* Cordova CLI version: 10.0.0
* Ionic CLI version: 6.17.1
* Appcenter-CLI version: 2.10.2
========================================

=== Java ===============================
* JAVA_HOME: /usr/lib/jvm/java-11-openjdk-amd64
* Java: openjdk version "11.0.11" 2021-04-20
* Javac: javac 11.0.11
========================================


=== Google Cloud SDK components ========
Google Cloud SDK 359.0.0
alpha 2021.09.24
beta 2021.09.24
bq 2.0.71
core 2021.09.24
gsutil 5.2
========================================


=== Firebase Tools components ==========
9.19.0
========================================

=== Google Cloud Network Check =========
Network diagnostic detects and fixes local network connection issues.
Checking network connection...
.done.
Reachability Check passed.
Network diagnostic passed (1/1 checks passed).

Property diagnostic detects issues that may be caused by properties.
Checking hidden properties...
done.
Hidden Property Check passed.
Property diagnostic passed (1/1 checks passed).

========================================


=== Testing Android tools ==============
 * adb path:
/opt/android-sdk-linux/platform-tools/adb

 * adb version:
Android Debug Bridge version 1.0.41
Version 31.0.3-7562133
Installed as /opt/android-sdk-linux/platform-tools/adb

 * SDK packages:
* Command line Tools version: 5.0
* Platform Tools version: 31.0.3
* Emulator version: 30.8.4
========================================


=== Android tools/dirs =================

* ANDROID_HOME:
.
..
add-ons
build-tools
cmdline-tools
emulator
extras
.knownPackages
licenses
ndk-bundle
patcher
platforms
platform-tools
system-images
.temp
tools
tools-2

* ./platform-tools:
adb
dmtracedump
e2fsdroid
etc1tool
fastboot
hprof-conv
lib64
make_f2fs
make_f2fs_casefold
mke2fs
mke2fs.conf
NOTICE.txt
package.xml
sload_f2fs
source.properties
sqlite3
systrace

* ./build-tools:
17.0.0
19.1.0
21.1.2
22.0.1
23.0.3
24.0.3
25.0.3
26.0.1
26.0.2
27.0.0
27.0.1
27.0.2
27.0.3
28.0.0
28.0.1
28.0.2
28.0.3
29.0.0
29.0.1
29.0.2
29.0.3
30.0.0
30.0.1
30.0.2
30.0.3
31.0.0

* ./emulator:
android-info.txt
bin64
emulator
emulator64-crash-service
emulator-check
goldfish-webrtc-bridge
lib
lib64
LICENSE
mksdcard
NOTICE.csv
NOTICE.txt
package.xml
perfetto-protozero-protoc-plugin
qemu
qemu-img
qsn
resources
source.properties

* ./extras:
/opt/android-sdk-linux/extras
├── android
│   └── m2repository
├── google
│   ├── google_play_services
│   └── m2repository
└── m2repository
    └── com

7 directories, 0 files

* ./platforms:
android-15
android-17
android-19
android-21
android-22
android-23
android-24
android-25
android-26
android-27
android-28
android-29
android-30
android-31

* ./system-images:
/opt/android-sdk-linux/system-images
├── android-19
│   └── default
│       └── armeabi-v7a
├── android-22
│   └── default
│       └── armeabi-v7a
├── android-24
│   └── default
│       └── armeabi-v7a
├── android-25
│   └── google_apis
│       └── armeabi-v7a
├── android-26
│   └── google_apis
│       └── x86
├── android-28
│   └── google_apis
│       └── x86_64
├── android-29
│   └── google_apis
│       └── x86
├── android-30
│   └── google_apis
│       └── x86
└── android-31
    └── google_apis
        └── x86_64

27 directories, 0 files
========================================


=== Android APK tools ==================

* aapt2:
Android Asset Packaging Tool (aapt) 2.19-7147631

* bundletool:
1.7.0

========================================

========================================

$ cat /opt/android-sdk-linux/ndk-bundle/source.properties
Pkg.Desc = Android NDK
Pkg.Revision = 21.4.7075529

$ tree -L 2 /opt/android-sdk-linux/ndk-bundle
/opt/android-sdk-linux/ndk-bundle
├── build
│   ├── cmake
│   ├── core
│   ├── dump_compile_commands.py
│   ├── extract_manifest.py
│   ├── extract_platform.py
│   ├── gen_compile_db.py
│   ├── gen_cygpath.py
│   ├── gmsl
│   ├── __init__.py
│   ├── ldflags_to_sanitizers.py
│   ├── lib
│   ├── ndk-build
│   ├── ndk-build.cmd
│   ├── __pycache__
│   ├── test_extract_manifest.py
│   ├── test_extract_platform.py
│   ├── test_gen_cygpath.py
│   ├── test_ldflags_to_sanitizers.py
│   └── tools
├── CHANGELOG.md
├── meta
│   ├── abis.json
│   ├── platforms.json
│   └── system_libs.json
├── ndk-build
├── ndk-gdb
├── ndk-stack
├── ndk-which
├── NOTICE
├── NOTICE.toolchain
├── platforms
│   ├── android-16
│   ├── android-17
│   ├── android-18
│   ├── android-19
│   ├── android-21
│   ├── android-22
│   ├── android-23
│   ├── android-24
│   ├── android-26
│   ├── android-27
│   ├── android-28
│   ├── android-29
│   └── android-30
├── prebuilt
│   ├── android-arm
│   ├── android-arm64
│   ├── android-x86
│   ├── android-x86_64
│   └── linux-x86_64
├── python-packages
│   ├── adb
│   ├── fastboot
│   ├── gdbrunner
│   ├── NOTICE
│   └── OWNERS
├── README.md
├── shader-tools
│   └── linux-x86_64
├── simpleperf
│   ├── annotate.py
│   ├── api_profiler.py
│   ├── app_api
│   ├── app_profiler.py
│   ├── bin
│   ├── binary_cache_builder.py
│   ├── ChangeLog
│   ├── debug_unwind_reporter.py
│   ├── doc
│   ├── inferno
│   ├── inferno.sh
│   ├── __init__.py
│   ├── pprof_proto_generator.py
│   ├── profile_pb2.py
│   ├── report_html.js
│   ├── report_html.py
│   ├── report.py
│   ├── report_sample.py
│   ├── run_simpleperf_on_device.py
│   ├── run_simpleperf_without_usb_connection.py
│   ├── simpleperf_report_lib.py
│   └── utils.py
├── source.properties
├── sources
│   ├── android
│   ├── cxx-stl
│   └── third_party
├── sysroot
│   ├── NOTICE
│   └── usr
├── toolchains
│   ├── aarch64-linux-android-4.9
│   ├── arm-linux-androideabi-4.9
│   ├── llvm
│   ├── renderscript
│   ├── x86-4.9
│   └── x86_64-4.9
└── wrap.sh
    └── asan.sh

53 directories, 47 files


--- Bitrise CLI tool versions
* bitrise: 1.48.0
* stepman: 0.13.1
* envman: 2.3.3
system_report.sh: line 214: bitrise-bridge: command not found
* bitrise-bridge: No bitrise-bridge installed
========================================


=== All Ruby GEMs ======================
addressable (2.8.0)
artifactory (3.0.15)
atomos (0.1.3)
aws-eventstream (1.2.0)
aws-partitions (1.508.0)
aws-sdk-core (3.121.1)
aws-sdk-kms (1.48.0)
aws-sdk-s3 (1.103.0)
aws-sigv4 (1.4.0)
babosa (1.0.4)
benchmark (default: 0.1.0)
bigdecimal (default: 2.0.0)
bundler (default: 2.2.28)
CFPropertyList (3.0.4)
cgi (default: 0.1.0)
claide (1.0.3)
colored (1.2)
colored2 (3.1.2)
commander (4.6.0)
csv (default: 3.1.2)
date (default: 3.0.0)
declarative (0.0.20)
delegate (default: 0.1.0)
did_you_mean (default: 1.4.0)
digest-crc (0.6.4)
domain_name (0.5.20190701)
dotenv (2.7.6)
emoji_regex (3.2.3)
etc (default: 1.1.0)
excon (0.85.0)
faraday (1.8.0)
faraday-cookie_jar (0.0.7)
faraday-em_http (1.0.0)
faraday-em_synchrony (1.0.0)
faraday-excon (1.1.0)
faraday-httpclient (1.0.1)
faraday-net_http (1.0.1)
faraday-net_http_persistent (1.2.0)
faraday-patron (1.0.0)
faraday-rack (1.0.0)
faraday_middleware (1.1.0)
fastimage (2.2.5)
fastlane (2.195.0)
fcntl (default: 1.0.0)
fiddle (default: 1.0.0)
fileutils (default: 1.4.1)
forwardable (default: 1.3.1)
getoptlong (default: 0.1.0)
gh_inspector (1.1.3)
google-apis-androidpublisher_v3 (0.11.0)
google-apis-core (0.4.1)
google-apis-iamcredentials_v1 (0.7.0)
google-apis-playcustomapp_v1 (0.5.0)
google-apis-storage_v1 (0.8.0)
google-cloud-core (1.6.0)
google-cloud-env (1.5.0)
google-cloud-errors (1.2.0)
google-cloud-storage (1.34.1)
googleauth (1.0.0)
highline (2.0.3)
http-cookie (1.0.4)
httpclient (2.8.3)
io-console (default: 0.5.3)
ipaddr (default: 1.2.2)
irb (default: 1.2.1)
jmespath (1.4.0)
json (default: 2.3.0)
jwt (2.2.3)
logger (default: 1.4.2)
matrix (default: 0.2.0)
memoist (0.16.2)
mini_magick (4.11.0)
mini_mime (1.1.1)
minitest (5.13.0)
multi_json (1.15.0)
multipart-post (2.0.0)
mutex_m (default: 0.1.0)
nanaimo (0.3.0)
naturally (2.2.1)
net-pop (default: 0.1.0)
net-smtp (default: 0.1.0)
net-telnet (0.2.0)
observer (default: 0.1.0)
open3 (default: 0.1.0)
openssl (default: 2.1.2)
optparse (0.1.1)
os (1.1.1)
ostruct (default: 0.2.0)
plist (3.6.0)
power_assert (1.1.5)
prime (default: 0.1.1)
pstore (default: 0.1.0)
psych (default: 3.1.0)
public_suffix (4.0.6)
racc (default: 1.4.16)
rake (13.0.1)
rdoc (default: 6.2.1)
readline (default: 0.0.2)
readline-ext (default: 0.1.0)
reline (default: 0.1.2)
representable (3.1.1)
retriable (3.1.2)
rexml (3.2.5, default: 3.2.3)
rouge (2.0.7)
rss (default: 0.2.8)
ruby2_keywords (0.0.5)
rubygems-update (3.2.28)
rubyzip (2.3.2)
sdbm (default: 1.0.0)
security (0.1.3)
signet (0.16.0)
simctl (1.6.8)
singleton (default: 0.1.0)
stringio (default: 0.1.0)
strscan (default: 1.0.3)
terminal-notifier (2.0.0)
terminal-table (1.8.0)
test-unit (3.3.4)
timeout (default: 0.1.0)
tracer (default: 0.1.0)
trailblazer-option (0.1.1)
tty-cursor (0.7.1)
tty-screen (0.8.1)
tty-spinner (0.9.3)
uber (0.1.0)
unf (0.1.4)
unf_ext (0.0.8)
unicode-display_width (1.8.0)
uri (default: 0.10.0)
webrick (default: 1.6.0)
word_wrap (1.0.0)
xcodeproj (1.21.0)
xcpretty (0.3.0)
xcpretty-travis-formatter (1.0.1)
xmlrpc (0.3.0)
yaml (default: 0.1.0)
zlib (default: 1.1.0)
========================================


=== Linux info =========================
* uname -a
Linux stg-20-04-usc1b-211004081425-kkbu4cavwwa2grhelnbnfh 5.4.0-1036-gcp #39-Ubuntu SMP Thu Jan 14 18:41:17 UTC 2021 x86_64 x86_64 x86_64 GNU/Linux
* uname -r
5.4.0-1036-gcp
* lsb_release --all
No LSB modules are available.
Distributor ID:	Ubuntu
Description:	Ubuntu 20.04.3 LTS
Release:	20.04
Codename:	focal
========================================


=== Docker info ========================
Client:
 Context:    default
 Debug Mode: false
 Plugins:
  app: Docker App (Docker Inc., v0.9.1-beta3)
  buildx: Build with BuildKit (Docker Inc., v0.6.1-docker)
  scan: Docker Scan (Docker Inc., v0.8.0)

Server:
 Containers: 1
  Running: 1
  Paused: 0
  Stopped: 0
 Images: 4
 Server Version: 20.10.8
 Storage Driver: btrfs
  Build Version: Btrfs v5.4.1 
  Library Version: 102
 Logging Driver: json-file
 Cgroup Driver: cgroupfs
 Cgroup Version: 1
 Plugins:
  Volume: local
  Network: bridge host ipvlan macvlan null overlay
  Log: awslogs fluentd gcplogs gelf journald json-file local logentries splunk syslog
 Swarm: inactive
 Runtimes: io.containerd.runc.v2 io.containerd.runtime.v1.linux runc
 Default Runtime: runc
 Init Binary: docker-init
 containerd version: 8848fdb7c4ae3815afcc990a8a99d663dda1b590
 runc version: v1.0.2-0-g52b36a2
 init version: de40ad0
 Security Options:
  apparmor
  seccomp
   Profile: default
 Kernel Version: 5.4.0-1036-gcp
 Operating System: Ubuntu 20.04.2 LTS
 OSType: linux
 Architecture: x86_64
 CPUs: 2
 Total Memory: 7.772GiB
 Name: stg-20-04-usc1b-211004081425-kkbu4cavwwa2grhelnbnfh
 ID: F2Z5:4CKK:26IZ:5TUW:U3OA:LEM3:FY63:6WOE:UFWM:XIVL:NDSH:6E7A
 Docker Root Dir: /var/lib/docker
 Debug Mode: false
 Registry: https://index.docker.io/v1/
 Labels:
 Experimental: false
 Insecure Registries:
  127.0.0.0/8
 Live Restore Enabled: false

WARNING: No swap limit support
========================================


=== Docker pre-cached images ===========
bitriseio/android-ndk-20.04 - 41.3GB
quay.io/bitriseio/android-ndk-20.04 - 41.3GB
bitriseio/android-20.04 - 37.1GB
quay.io/bitriseio/android-20.04 - 37.1GB
quay.io/bitriseio/bitrise-base-20.04 - 3.65GB
bitriseio/bitrise-base-20.04 - 3.65GB
bitrisedev/build-env - 5.2GB
========================================


=== System infos =======================
* Free disk space under / :
Filesystem      Size  Used Avail Use% Mounted on
/dev/loop4      160G   45G  115G  29% /
* Free disk space under /bitrise/ :
Filesystem      Size  Used Avail Use% Mounted on
/dev/root       194G   52G  142G  27% /bitrise
* Free RAM & swap:
              total        used        free      shared  buff/cache   available
Mem:          7.8Gi       462Mi       2.8Gi       1.0Mi       4.5Gi       7.0Gi
Swap:         4.0Gi          0B       4.0Gi
========================================


