## docker-bitrise-base


#
# This System Report was generated by: https://github.com/bitrise-docker/bitrise-base/blob/master/system_report.sh
#  Pull Requests are welcome!
#


=== Revision / ID ======================
* BITRISE_DOCKER_REV_NUMBER_BASE: 2016_05_14_1
========================================


=== Pre-installed tool versions ========
* Go: go version go1.6.2 linux/amd64
* Ruby: ruby 2.2.4p230 (2015-12-16 revision 53155) [x86_64-linux]
  * bundler: Bundler version 1.12.3
* Python: Python 2.7.6

* git: git version 1.9.1
* mercurial/hg: Mercurial Distributed SCM (version 2.8.2)
* curl: curl 7.35.0 (x86_64-pc-linux-gnu) libcurl/7.35.0 OpenSSL/1.0.1f zlib/1.2.8 libidn/1.28 librtmp/2.3
* wget: GNU Wget 1.15 built on linux-gnu.
* rsync: rsync  version 3.1.0  protocol version 31
* unzip: UnZip 6.00 of 20 April 2009, by Debian. Original by Info-ZIP.
* zip: This is Zip 3.0 (July 5th 2008), by Info-ZIP.
* tar: tar (GNU tar) 1.27.1
* tree: tree v1.6.0 (c) 1996 - 2011 by Steve Baker, Thomas Moore, Francesc Rocher, Kyosuke Tokoro

* sudo: Sudo version 1.8.9p5

* docker: Docker version 1.10.3, build 20f81dd
* docker-compose: docker-compose version 1.6.2, build 4d72027

--- Bitrise CLI tool versions
* bitrise: 1.3.4
* stepman: 0.9.19
* envman: 1.1.0
========================================


=== Linux info =========================
* uname -a
Linux 90bb3eeec99d 3.19.0-59-generic #66~14.04.1-Ubuntu SMP Fri May 13 17:27:10 UTC 2016 x86_64 x86_64 x86_64 GNU/Linux
* uname -r
3.19.0-59-generic
* lsb_release --all
Distributor ID:	Ubuntu
Description:	Ubuntu 14.04.4 LTS
Release:	14.04
Codename:	trusty
No LSB modules are available.
========================================


=== Docker info ========================
Containers: 1
 Running: 1
 Paused: 0
 Stopped: 0
Images: 3
Server Version: 1.11.1
Storage Driver: btrfs
Logging Driver: json-file
Plugins:
 Volume: local
 Network: host bridge null
Kernel Version: 3.19.0-59-generic
Operating System: Ubuntu 14.04.4 LTS
OSType: linux
Architecture: x86_64
CPUs: 2
Total Memory: 7.305 GiB
Name: br-build-cont-us-cent1c-b6-stage--host-ondem-int-test-001
ID: AHH7:6J3X:PII3:6PAL:K4XK:YD3K:I3XZ:UNET:HHCS:FMCK:JS4Y:OKG5
WARNING: No swap limit support
========================================


=== System infos =======================
* Free disk space: /dev/loop0       40G   20G   20G  50% /
* Free RAM & swap:
             total       used       free     shared    buffers     cached
Mem:          7.3G       741M       6.6G       396K        10M       592M
-/+ buffers/cache:       138M       7.2G
Swap:           0B         0B         0B
========================================


## docker-bitrise-android


#
# This System Report was generated by: https://github.com/bitrise-docker/android/blob/master/system_report.sh
#  Pull Requests are welcome!
#


=== Revision / ID ======================
* BITRISE_DOCKER_REV_NUMBER_ANDROID: 2016_05_26_1
========================================


=== Pre-installed tool versions ========
* Gradle: Gradle 2.13
* Maven: Apache Maven 3.3.9 (bb52d8502b132ec0a5a3f4c09453c07478323dc5; 2015-11-10T16:41:47+00:00)
* Fastlane: fastlane 1.91.0
* Java: javac 1.7.0_101
========================================


=== Testing Android tools ==============
 * adb path:
/opt/android-sdk-linux/platform-tools/adb

 * adb version:
Android Debug Bridge version 1.0.32
Revision 09a0d98bebce-android
========================================


=== Android tools/dirs =================

* ANDROID_HOME:
.
..
add-ons
build-tools
extras
platforms
platform-tools
SDK Readme.txt
system-images
temp
tools

* platform-tools:
adb
api
dmtracedump
etc1tool
fastboot
hprof-conv
lib64
NOTICE.txt
source.properties
sqlite3
systrace

* build-tools:
17.0.0
19.1.0
20.0.0
21.1.2
22.0.1
23.0.1
23.0.2
23.0.3
24.0.0-preview

* extras:
/opt/android-sdk-linux/extras
├── android
│   ├── m2repository
│   └── support
└── google
    ├── google_play_services
    └── m2repository

6 directories, 0 files

* extra-android-support package version:
Pkg.Revision=23.2.1

* platforms:
android-10
android-15
android-17
android-19
android-20
android-21
android-22
android-23
android-N

* system-images:
/opt/android-sdk-linux/system-images
├── android-15
│   └── default
│       └── armeabi-v7a
├── android-17
│   └── default
│       └── armeabi-v7a
├── android-19
│   └── default
│       └── armeabi-v7a
├── android-21
│   └── default
│       └── armeabi-v7a
├── android-22
│   └── default
│       └── armeabi-v7a
└── android-23
    └── default
        └── armeabi-v7a

18 directories, 0 files
========================================


## docker-bitrise-android-ndk


#
# This System Report was generated by: https://github.com/bitrise-docker/android-ndk/blob/master/system_report.sh
#  Pull Requests are welcome!
#


=== Revision / ID ======================
* BITRISE_DOCKER_REV_NUMBER_ANDROID_NDK: 2016_05_26_1
========================================
