
## docker-bitrise-base

 (i) Ignore Errors: enabled

#
# This System Report was generated by: https://github.com/bitrise-docker/bitrise-base/blob/master/system_report.sh
#  Pull Requests are welcome!
#


=== Revision / ID ======================
* BITRISE_DOCKER_REV_NUMBER_BASE: v2019_09_17_1
========================================


=== Pre-installed lib versions ========
* zlib1g-dev: 1:1.2.8.dfsg-2ubuntu4.1
* libssl-dev: 1.0.2g-1ubuntu4.15
* libreadline6-dev: 6.3-8ubuntu2
* libyaml-dev: 0.1.6-3
* libsqlite3-dev: 3.11.0-1ubuntu1.2
=======================================


=== Pre-installed tool versions ========
* Go: go version go1.13 linux/amd64
* Ruby: ruby 2.5.1p57 (2018-03-29 revision 63029) [x86_64-linux]
  * bundler: Bundler version 1.17.3
  * rubygems: 3.0.6
* Python: Python 2.7.12
  * pip: pip 8.1.1 from /usr/lib/python2.7/dist-packages (python 2.7)
* Node.js: v10.16.3
* NPM: 6.9.0
* Yarn: 1.19.0
* aws: aws-cli/1.16.251 Python/2.7.12 Linux/4.4.0-57-generic botocore/1.12.241

* git: git version 2.7.4
* git lfs: git-lfs/2.8.0 (GitHub; linux amd64; go 1.12.6)
* mercurial/hg: Mercurial Distributed SCM (version 3.7.3)
* curl: curl 7.47.0 (x86_64-pc-linux-gnu) libcurl/7.47.0 GnuTLS/3.4.10 zlib/1.2.8 libidn/1.32 librtmp/2.3
* wget: GNU Wget 1.17.1 built on linux-gnu.
* rsync: rsync  version 3.1.1  protocol version 31
* unzip: UnZip 6.00 of 20 April 2009, by Debian. Original by Info-ZIP.
* zip: This is Zip 3.0 (July 5th 2008), by Info-ZIP.
* tar: tar (GNU tar) 1.28
* tree: tree v1.7.0 (c) 1996 - 2014 by Steve Baker, Thomas Moore, Francesc Rocher, Florian Sesser, Kyosuke Tokoro
* gcc: gcc (Ubuntu 5.4.0-6ubuntu1~16.04.11) 5.4.0 20160609
* clang: clang version 3.8.0-2ubuntu4 (tags/RELEASE_380/final)
* imagemagick (convert): Version: ImageMagick 6.8.9-9 Q16 x86_64 2019-06-15 http://www.imagemagick.org

* sudo: Sudo version 1.8.16

* docker: Docker version 19.03.2, build 6a30dfc
* docker-compose: docker-compose version 1.21.2, build a133471

--- Bitrise CLI tool versions
* bitrise: 1.34.0
* stepman: 0.11.9
* envman: 2.2.7
/bitrise/bitrise-base/system_report.sh: line 91: bitrise-bridge: command not found
* bitrise-bridge: No bitrise-bridge installed
========================================


=== All Ruby GEMs ======================
addressable (2.7.0)
atomos (0.1.3)
babosa (1.0.3)
bigdecimal (default: 1.3.4)
bundler (default: 1.17.3)
CFPropertyList (3.0.1)
claide (1.0.3)
cmath (default: 1.0.0)
colored (1.2)
colored2 (3.1.2)
commander-fastlane (4.4.6)
csv (default: 1.0.0)
date (default: 1.0.0)
declarative (0.0.10)
declarative-option (0.1.0)
did_you_mean (1.2.0)
digest-crc (0.4.1)
domain_name (0.5.20190701)
dotenv (2.7.5)
emoji_regex (1.0.1)
etc (default: 1.0.0)
excon (0.67.0)
faraday (0.15.4)
faraday-cookie_jar (0.0.6)
faraday_middleware (0.13.1)
fastimage (2.1.7)
fastlane (2.133.0)
fcntl (default: 1.0.0)
fiddle (default: 1.0.0)
fileutils (default: 1.0.2)
gh_inspector (1.1.3)
google-api-client (0.23.9)
google-cloud-core (1.3.1)
google-cloud-env (1.2.1)
google-cloud-storage (1.16.0)
googleauth (0.6.7)
highline (1.7.10)
http-cookie (1.0.3)
httpclient (2.8.3)
io-console (default: 0.4.6)
ipaddr (default: 1.2.0)
json (default: 2.1.0)
jwt (2.1.0)
memoist (0.16.0)
mime-types (3.3)
mime-types-data (3.2019.0904)
mini_magick (4.9.5)
minitest (5.10.3)
multi_json (1.13.1)
multi_xml (0.6.0)
multipart-post (2.0.0)
nanaimo (0.2.6)
naturally (2.2.0)
net-telnet (0.1.1)
openssl (default: 2.1.0)
os (1.0.1)
plist (3.5.0)
power_assert (1.1.1)
psych (default: 3.0.2)
public_suffix (2.0.5)
rake (12.3.0)
rdoc (default: 6.0.1)
representable (3.0.4)
retriable (3.1.2)
rouge (2.0.7)
rubygems-update (3.0.6)
rubyzip (1.3.0)
scanf (default: 1.0.0)
sdbm (default: 1.0.0)
security (0.1.3)
signet (0.11.0)
simctl (1.6.6)
slack-notifier (2.3.2)
stringio (default: 0.0.1)
strscan (default: 1.0.0)
terminal-notifier (2.0.0)
terminal-table (1.8.0)
test-unit (3.2.7)
tty-cursor (0.7.0)
tty-screen (0.7.0)
tty-spinner (0.9.1)
uber (0.1.0)
unf (0.1.4)
unf_ext (0.0.7.6)
unicode-display_width (1.6.0)
webrick (default: 1.4.2)
word_wrap (1.0.0)
xcodeproj (1.12.0)
xcpretty (0.3.0)
xcpretty-travis-formatter (1.0.0)
xmlrpc (0.3.0)
zlib (default: 1.0.0)
========================================


=== Linux info =========================
* uname -a
Linux prd-latest-usc1b-191008083253-zkbdhhphthx6hggkao5b57 4.4.0-57-generic #78-Ubuntu SMP Fri Dec 9 23:50:32 UTC 2016 x86_64 x86_64 x86_64 GNU/Linux
* uname -r
4.4.0-57-generic
* lsb_release --all
No LSB modules are available.
Distributor ID:	Ubuntu
Description:	Ubuntu 16.04.6 LTS
Release:	16.04
Codename:	xenial
========================================


=== Docker info ========================
Client:
 Debug Mode: false

Server:
 Containers: 1
  Running: 1
  Paused: 0
  Stopped: 0
 Images: 3
 Server Version: 18.09.4
 Storage Driver: btrfs
  Build Version: Btrfs v4.7.3
  Library Version: 101
 Logging Driver: json-file
 Cgroup Driver: cgroupfs
 Plugins:
  Volume: local
  Network: bridge host macvlan null overlay
  Log: awslogs fluentd gcplogs gelf journald json-file local logentries splunk syslog
 Swarm: inactive
 Runtimes: runc
 Default Runtime: runc
 Init Binary: docker-init
 containerd version: 894b81a4b802e4eb2a91d1ce216b8817763c29fb
 runc version: 425e105d5a03fabd737a126ad93d62a9eeede87f
 init version: fec3683
 Security Options:
  apparmor
  seccomp
   Profile: default
 Kernel Version: 4.4.0-57-generic
 Operating System: Ubuntu 16.04.1 LTS
 OSType: linux
 Architecture: x86_64
 CPUs: 2
 Total Memory: 7.304GiB
 Name: prd-latest-usc1b-191008083253-zkbdhhphthx6hggkao5b57
 ID: BVML:7XOF:4OXK:QDH6:R4R4:SREB:2PU7:5ERK:PKDV:YFEQ:LTD4:5SP4
 Docker Root Dir: /var/lib/docker
 Debug Mode: false
 Registry: https://index.docker.io/v1/
 Labels:
 Experimental: false
 Insecure Registries:
  127.0.0.0/8
 Live Restore Enabled: false
 Product License: Community Engine

WARNING: No swap limit support
========================================


=== Docker pre-cached images ===========
bitriseio/android-ndk - 29.6GB
quay.io/bitriseio/android-ndk - 29.6GB
bitriseio/android - 26.5GB
quay.io/bitriseio/android - 26.5GB
bitriseio/bitrise-base - 2.48GB
quay.io/bitriseio/bitrise-base - 2.48GB
========================================


=== System infos =======================
* Free disk space under / :
Filesystem      Size  Used Avail Use% Mounted on
/dev/loop0       60G   29G   31G  49% /
* Free disk space under /bitrise/ :
Filesystem      Size  Used Avail Use% Mounted on
/dev/sda1        97G   66G   32G  68% /bitrise
* Free RAM & swap:
              total        used        free      shared  buff/cache   available
Mem:           7.3G        239M        5.3G        8.7M        1.8G        6.8G
Swap:          4.0G          0B        4.0G
========================================


## docker-bitrise-android


#
# This System Report was generated by: https://github.com/bitrise-docker/android/blob/master/system_report.sh
#  Pull Requests are welcome!
#


=== Revision / ID ======================
* BITRISE_DOCKER_REV_NUMBER_ANDROID: v2019_08_11_1
========================================


=== Pre-installed tool versions ========
* Gradle: Gradle 2.10
* Maven: Apache Maven 3.3.9
* Java: javac 1.8.0_222
* Cordova CLI version: 9.0.0 (cordova-lib@9.0.1)
* Ionic CLI version: 5.4.2
========================================


=== Google Cloud SDK components ========
Google Cloud SDK 265.0.0
alpha 2019.09.27
beta 2019.09.27
bq 2.0.48
core 2019.09.27
gsutil 4.43
kubectl 2019.09.27
========================================


=== Firebase Tools components ==========
/bitrise/bitrise-android/system_report.sh: line 51: firebase: command not found
