 (i) Ignore Errors: enabled

#
# This System Report was generated by: https://github.com/bitrise-io/osx-box-bootstrap/blob/master/system_report.sh
#  Pull Requests are welcome!
#


=== Revision / ID ======================
* BITRISE_OSX_STACK_REV_ID: v2012_06_03
========================================


=== Pre-installed tool versions ========
* Go: go version go1.15.12 darwin/amd64
* Python: Python 2.7.16
* Node.js: v12.22.1
* NPM: 6.14.12
* Yarn: 1.22.10
* Java: openjdk version "1.8.0_292"
OpenJDK Runtime Environment (AdoptOpenJDK)(build 1.8.0_292-b10)
OpenJDK 64-Bit Server VM (AdoptOpenJDK)(build 25.292-b10, mixed mode)
* Flutter: Flutter 1.26.0-17.8.pre • channel unknown • unknown source
* fvm: 2.0.5

* git: git version 2.31.1
* git lfs: git-lfs/2.13.3 (GitHub; darwin amd64; go 1.16.2)
* mercurial/hg: Mercurial Distributed SCM (version 5.8)
* curl: curl 7.64.1 (x86_64-apple-darwin19.0) libcurl/7.64.1 (SecureTransport) LibreSSL/2.8.3 zlib/1.2.11 nghttp2/1.39.2
* wget: GNU Wget 1.21.1 built on darwin19.6.0.
* rsync: rsync  version 2.6.9  protocol version 29
* unzip: UnZip 6.00 of 20 April 2009, by Info-ZIP.  Maintained by C. Spieler.  Send
* zip: This is Zip 3.0 (July 5th 2008), by Info-ZIP.
* tar: bsdtar 3.3.2 - libarchive 3.3.2 zlib/1.2.11 liblzma/5.0.5 bz2lib/1.0.6
* tree: tree v1.8.0 (c) 1996 - 2018 by Steve Baker, Thomas Moore, Francesc Rocher, Florian Sesser, Kyosuke Tokoro 

* brew: Homebrew 3.1.9
Homebrew/homebrew-core (git revision a5077bea81; last commit 2021-05-28)
Homebrew/homebrew-cask (git revision c9e6109c14; last commit 2021-05-28)
* Ansible: ansible [core 2.11.0] 
  config file = /Users/vagrant/git/ansible.cfg
  configured module search path = ['/Users/vagrant/.ansible/plugins/modules', '/usr/share/ansible/plugins/modules']
  ansible python module location = /usr/local/Cellar/ansible/4.0.0/libexec/lib/python3.9/site-packages/ansible
  ansible collection location = /Users/vagrant/.ansible/collections:/usr/share/ansible/collections
  executable location = /usr/local/bin/ansible
* gtimeout: timeout (GNU coreutils) 8.32
* watchman: 4.9.0
* flow: Flow, a static type checker for JavaScript, version 0.152.0
* carthage: 0.38.0
* imagemagick (convert): Version: ImageMagick 7.0.11-13 Q16 x86_64 2021-05-17 https://imagemagick.org
* ghostscript (ps2ascii): 9.54.0
* screen: Screen version 4.08.00 (GNU) 05-Feb-20
* firebase: 9.10.0
* applesimutils version 0.9.2
* jq: 1.6
* Version: 0.8.1
* XCLogParser 0.2.21
* Screen 4.08.00
* applesimutils 0.9.2
* OpenConnect version v8.10
* aws-cli: aws-cli/2.2.7 Python/3.9.5 Darwin/19.6.0 source/x86_64 prompt/off
* cmake: 3.20.3
* danger-swift: 3.10.1
[0;0m

--- Bitrise CLI tool versions
* bitrise: 1.45.1
* stepman: 0.13.0
* envman: 2.3.0
* cmd-bridge: 0.9.5
========================================


=== Brew list versions ==================
ansible 4.0.0
ant 1.10.10
aom 3.1.0
applesimutils 0.9.2
autoconf 2.71
awscli 2.2.7
bdw-gc 8.0.4_2
brotli 1.0.9
c-ares 1.17.1
carthage 0.38.0
cmake 3.20.3
coreutils 8.32
danger-js 10.6.4
danger-swift 3.10.1
dart 2.13.1
docbook 5.1_1
docbook-xsl 1.79.2_1
flow 0.152.0
fontconfig 2.13.1
freetype 2.10.4
fvm 2.0.5
gdbm 1.19
gettext 0.21
ghostscript 9.54.0
git 2.31.1
git-lfs 2.13.3
glib 2.68.2
gmp 6.2.1
gnu-getopt 2.36.2
gnutls 3.6.16
go@1.15 1.15.12
gradle 7.0.2_2
guile 3.0.7
icu4c 69.1
ilmbase 2.5.5_1
imagemagick 7.0.11-13_2
imath 3.0.3
jbig2dec 0.19
jemalloc 5.2.1_1
jenv 0.5.4
jpeg 9d
jq 1.6
libde265 1.0.8
libev 4.33
libevent 2.1.12
libffi 3.3_3
libheif 1.12.0
libidn 1.37
libidn2 2.3.1
liblqr 0.4.2_1
libomp 12.0.0
libpng 1.6.37
libtasn1 4.17.0
libtiff 4.3.0
libtool 2.4.6_3
libunistring 0.9.10
libuv 1.41.0
libyaml 0.2.5
little-cms2 2.12
m4 1.4.18
maven 3.8.1
mercurial 5.8
mpdecimal 2.5.1
nettle 3.7.2
nghttp2 1.43.0
node 16.2.0
node@12 12.22.1_1
oniguruma 6.9.7.1
openconnect 8.10
openexr 3.0.3
openjdk 15.0.2
openjpeg 2.4.0
openssl@1.1 1.1.1k
p11-kit 0.23.22
pcre 8.44
pcre2 10.37
pkg-config 0.29.2_3
python@3.9 3.9.5
rbenv 1.1.2
readline 8.1
ruby-build 20210526
screen 4.8.0
shared-mime-info 2.1
sqlite 3.35.5
stoken 0.92_1
tree 1.8.0
unbound 1.13.1
watchman 4.9.0_5
webp 1.2.0
wget 1.21.1
x265 3.5
xmlto 0.0.28
xz 5.2.5
yarn 1.22.10
========================================


=== Brew deps tree ==================
adoptopenjdk/openjdk/adoptopenjdk11

adoptopenjdk/openjdk/adoptopenjdk8

ansible
├── libyaml
├── openssl@1.1
└── python@3.9
    ├── gdbm
    ├── mpdecimal
    ├── openssl@1.1
    ├── readline
    ├── sqlite
    │   └── readline
    └── xz

ant
└── openjdk

aom

wix/brew/applesimutils

autoconf
└── m4

awscli
└── python@3.9
    ├── gdbm
    ├── mpdecimal
    ├── openssl@1.1
    ├── readline
    ├── sqlite
    │   └── readline
    └── xz

bdw-gc

brotli

c-ares

carthage

cmake

coreutils

danger/tap/danger-js

danger/tap/danger-swift
└── danger/tap/danger-js

dart-lang/dart/dart

docbook

docbook-xsl
└── docbook

flow

fontconfig
└── freetype
    └── libpng

freetype
└── libpng

leoafarias/fvm/fvm

gdbm

gettext

ghostscript
├── fontconfig
│   └── freetype
│       └── libpng
├── freetype
│   └── libpng
├── jbig2dec
├── jpeg
├── libidn
├── libpng
├── libtiff
│   └── jpeg
├── little-cms2
│   ├── jpeg
│   └── libtiff
│       └── jpeg
└── openjpeg
    ├── libpng
    ├── libtiff
    │   └── jpeg
    └── little-cms2
        ├── jpeg
        └── libtiff
            └── jpeg

git
├── gettext
└── pcre2

git-lfs

glib
├── gettext
├── libffi
├── pcre
└── python@3.9
    ├── gdbm
    ├── mpdecimal
    ├── openssl@1.1
    ├── readline
    ├── sqlite
    │   └── readline
    └── xz

gmp

gnu-getopt

gnutls
├── gmp
├── guile
│   ├── bdw-gc
│   ├── gmp
│   ├── libffi
│   ├── libtool
│   │   └── m4
│   ├── libunistring
│   ├── pkg-config
│   └── readline
├── libidn2
│   ├── gettext
│   └── libunistring
├── libtasn1
├── libunistring
├── nettle
│   └── gmp
├── p11-kit
│   └── libffi
└── unbound
    ├── libevent
    │   └── openssl@1.1
    ├── nghttp2
    │   ├── c-ares
    │   ├── jemalloc
    │   ├── libev
    │   └── openssl@1.1
    └── openssl@1.1

go@1.15

gradle
└── openjdk

guile
├── bdw-gc
├── gmp
├── libffi
├── libtool
│   └── m4
├── libunistring
├── pkg-config
└── readline

icu4c

ilmbase

imagemagick
├── freetype
│   └── libpng
├── ghostscript
│   ├── fontconfig
│   │   └── freetype
│   │       └── libpng
│   ├── freetype
│   │   └── libpng
│   ├── jbig2dec
│   ├── jpeg
│   ├── libidn
│   ├── libpng
│   ├── libtiff
│   │   └── jpeg
│   ├── little-cms2
│   │   ├── jpeg
│   │   └── libtiff
│   │       └── jpeg
│   └── openjpeg
│       ├── libpng
│       ├── libtiff
│       │   └── jpeg
│       └── little-cms2
│           ├── jpeg
│           └── libtiff
│               └── jpeg
├── jpeg
├── libheif
│   ├── aom
│   ├── jpeg
│   ├── libde265
│   ├── libpng
│   ├── shared-mime-info
│   │   ├── gettext
│   │   ├── glib
│   │   │   ├── gettext
│   │   │   ├── libffi
│   │   │   ├── pcre
│   │   │   └── python@3.9
│   │   │       ├── gdbm
│   │   │       ├── mpdecimal
│   │   │       ├── openssl@1.1
│   │   │       ├── readline
│   │   │       ├── sqlite
│   │   │       │   └── readline
│   │   │       └── xz
│   │   └── xmlto
│   │       ├── docbook
│   │       ├── docbook-xsl
│   │       │   └── docbook
│   │       └── gnu-getopt
│   └── x265
├── liblqr
│   └── glib
│       ├── gettext
│       ├── libffi
│       ├── pcre
│       └── python@3.9
│           ├── gdbm
│           ├── mpdecimal
│           ├── openssl@1.1
│           ├── readline
│           ├── sqlite
│           │   └── readline
│           └── xz
├── libomp
├── libpng
├── libtiff
│   └── jpeg
├── libtool
│   └── m4
├── little-cms2
│   ├── jpeg
│   └── libtiff
│       └── jpeg
├── openexr
│   └── imath
├── openjpeg
│   ├── libpng
│   ├── libtiff
│   │   └── jpeg
│   └── little-cms2
│       ├── jpeg
│       └── libtiff
│           └── jpeg
├── webp
│   ├── jpeg
│   ├── libpng
│   └── libtiff
│       └── jpeg
└── xz

imath

jbig2dec

jemalloc

jenv

jpeg

jq
└── oniguruma

libde265

libev

libevent
└── openssl@1.1

libffi

libheif
├── aom
├── jpeg
├── libde265
├── libpng
├── shared-mime-info
│   ├── gettext
│   ├── glib
│   │   ├── gettext
│   │   ├── libffi
│   │   ├── pcre
│   │   └── python@3.9
│   │       ├── gdbm
│   │       ├── mpdecimal
│   │       ├── openssl@1.1
│   │       ├── readline
│   │       ├── sqlite
│   │       │   └── readline
│   │       └── xz
│   └── xmlto
│       ├── docbook
│       ├── docbook-xsl
│       │   └── docbook
│       └── gnu-getopt
└── x265

libidn

libidn2
├── gettext
└── libunistring

liblqr
└── glib
    ├── gettext
    ├── libffi
    ├── pcre
    └── python@3.9
        ├── gdbm
        ├── mpdecimal
        ├── openssl@1.1
        ├── readline
        ├── sqlite
        │   └── readline
        └── xz

libomp

libpng

libtasn1

libtiff
└── jpeg

libtool
└── m4

libunistring

libuv

libyaml

little-cms2
├── jpeg
└── libtiff
    └── jpeg

m4

maven
└── openjdk

mercurial
└── python@3.9
    ├── gdbm
    ├── mpdecimal
    ├── openssl@1.1
    ├── readline
    ├── sqlite
    │   └── readline
    └── xz

mpdecimal

nettle
└── gmp

nghttp2
├── c-ares
├── jemalloc
├── libev
└── openssl@1.1

node
├── brotli
├── c-ares
├── icu4c
├── libuv
├── nghttp2
│   ├── c-ares
│   ├── jemalloc
│   ├── libev
│   └── openssl@1.1
└── openssl@1.1

node@12
└── icu4c

oniguruma

openconnect
├── gettext
├── gnutls
│   ├── gmp
│   ├── guile
│   │   ├── bdw-gc
│   │   ├── gmp
│   │   ├── libffi
│   │   ├── libtool
│   │   │   └── m4
│   │   ├── libunistring
│   │   ├── pkg-config
│   │   └── readline
│   ├── libidn2
│   │   ├── gettext
│   │   └── libunistring
│   ├── libtasn1
│   ├── libunistring
│   ├── nettle
│   │   └── gmp
│   ├── p11-kit
│   │   └── libffi
│   └── unbound
│       ├── libevent
│       │   └── openssl@1.1
│       ├── nghttp2
│       │   ├── c-ares
│       │   ├── jemalloc
│       │   ├── libev
│       │   └── openssl@1.1
│       └── openssl@1.1
└── stoken
    └── nettle
        └── gmp

openexr
└── imath

openjdk

openjpeg
├── libpng
├── libtiff
│   └── jpeg
└── little-cms2
    ├── jpeg
    └── libtiff
        └── jpeg

openssl@1.1

p11-kit
└── libffi

pcre

pcre2

pkg-config

python@3.9
├── gdbm
├── mpdecimal
├── openssl@1.1
├── readline
├── sqlite
│   └── readline
└── xz

rbenv
└── ruby-build
    ├── autoconf
    │   └── m4
    ├── pkg-config
    └── readline

readline

ruby-build
├── autoconf
│   └── m4
├── pkg-config
└── readline

screen

shared-mime-info
├── gettext
├── glib
│   ├── gettext
│   ├── libffi
│   ├── pcre
│   └── python@3.9
│       ├── gdbm
│       ├── mpdecimal
│       ├── openssl@1.1
│       ├── readline
│       ├── sqlite
│       │   └── readline
│       └── xz
└── xmlto
    ├── docbook
    ├── docbook-xsl
    │   └── docbook
    └── gnu-getopt

sqlite
└── readline

stoken
└── nettle
    └── gmp

tree

unbound
├── libevent
│   └── openssl@1.1
├── nghttp2
│   ├── c-ares
│   ├── jemalloc
│   ├── libev
│   └── openssl@1.1
└── openssl@1.1

watchman
├── openssl@1.1
├── pcre
└── python@3.9
    ├── gdbm
    ├── mpdecimal
    ├── openssl@1.1
    ├── readline
    ├── sqlite
    │   └── readline
    └── xz

webp
├── jpeg
├── libpng
└── libtiff
    └── jpeg

wget
├── libidn2
│   ├── gettext
│   └── libunistring
└── openssl@1.1

x265

xmlto
├── docbook
├── docbook-xsl
│   └── docbook
└── gnu-getopt

xz

yarn
└── node
    ├── brotli
    ├── c-ares
    ├── icu4c
    ├── libuv
    ├── nghttp2
    │   ├── c-ares
    │   ├── jemalloc
    │   ├── libev
    │   └── openssl@1.1
    └── openssl@1.1

========================================


=== Ruby and rubygems ==================
* Ruby (default): ruby 2.6.5p114 (2019-10-01 revision 67812) [x86_64-darwin19]
--- Available ruby versions ---
  system
  2.4.5
  2.5.3
* 2.6.5 (set by /Users/vagrant/.rbenv/version)
  2.7.2
  3.0.0
-------------------------------
* rbenv: 1.1.2
* Rubygems: 3.0.3
* Bundler: Bundler version 2.1.4
* CocoaPods: 1.10.1
* xcpretty: 0.3.0
========================================


=== All Ruby GEMs ======================
activesupport (5.2.5)
addressable (2.7.0)
algoliasearch (1.27.5)
artifactory (3.0.15)
atomos (0.1.3)
aws-eventstream (1.1.1)
aws-partitions (1.443.0)
aws-sdk-core (3.113.1)
aws-sdk-kms (1.43.0)
aws-sdk-s3 (1.93.0)
aws-sigv4 (1.2.3)
babosa (1.0.4)
bigdecimal (default: 1.4.1)
bundler (2.1.4, default: 1.17.2)
CFPropertyList (3.0.3)
claide (1.0.3)
clamp (1.3.2)
cmath (default: 1.0.0)
cocoapods (1.10.1, 1.10.0)
cocoapods-core (1.10.1, 1.10.0)
cocoapods-deintegrate (1.0.4)
cocoapods-downloader (1.4.0)
cocoapods-plugins (1.0.0)
cocoapods-search (1.0.0)
cocoapods-trunk (1.5.0)
cocoapods-try (1.2.0)
colored (1.2)
colored2 (3.1.2)
commander-fastlane (4.4.6)
concurrent-ruby (1.1.8)
csv (default: 3.0.9)
date (default: 2.0.0)
dbm (default: 1.0.0)
declarative (0.0.20)
did_you_mean (1.3.0)
digest-crc (0.6.3)
domain_name (0.5.20190701)
dotenv (2.7.6)
e2mmap (default: 0.1.0)
emoji_regex (3.2.2)
escape (0.0.4)
etc (default: 1.0.1)
ethon (0.14.0)
excon (0.79.0)
faraday (1.3.0)
faraday-cookie_jar (0.0.7)
faraday-net_http (1.0.1)
faraday_middleware (1.0.0)
fastimage (2.2.3)
fastlane (2.180.1, 2.166.0)
fcntl (default: 1.0.0)
ffi (1.15.0)
fiddle (default: 1.0.0)
fileutils (default: 1.1.0)
forwardable (default: 1.2.0)
fourflusher (2.3.1)
fuzzy_match (2.0.4)
gh_inspector (1.1.3)
google-api-client (0.38.0)
google-apis-core (0.3.0)
google-apis-iamcredentials_v1 (0.3.0)
google-apis-storage_v1 (0.3.0)
google-cloud-core (1.6.0)
google-cloud-env (1.5.0)
google-cloud-errors (1.1.0)
google-cloud-storage (1.31.0)
googleauth (0.16.1)
highline (1.7.10)
http-cookie (1.0.3)
httpclient (2.8.3)
i18n (1.8.10)
io-console (default: 0.4.7)
ipaddr (default: 1.2.2)
irb (default: 1.0.0)
jazzy (0.13.6)
jmespath (1.4.0)
json (default: 2.1.0)
jwt (2.2.2)
liferaft (0.0.6)
logger (default: 1.3.0)
matrix (default: 0.1.0)
memoist (0.16.2)
mini_magick (4.11.0)
mini_mime (1.1.0)
minitest (5.11.3)
molinillo (0.6.6)
multi_json (1.15.0)
multipart-post (2.0.0)
mustache (1.1.1)
mutex_m (default: 0.1.0)
nanaimo (0.3.0)
nap (1.1.0)
naturally (2.2.1)
net-telnet (0.2.0)
netrc (0.11.0)
nokogiri (1.11.3 x86_64-darwin)
open4 (1.3.4)
openssl (default: 2.1.2)
os (1.1.1)
ostruct (default: 0.1.0)
plist (3.6.0)
power_assert (1.1.3)
prime (default: 0.1.0)
psych (default: 3.1.0)
public_suffix (4.0.6)
racc (1.5.2)
rake (12.3.2)
rdoc (default: 6.1.2)
redcarpet (3.5.1)
representable (3.1.0)
retriable (3.1.2)
rexml (default: 3.1.9)
rouge (2.0.7)
rss (default: 0.2.7)
ruby-macho (1.4.0)
ruby2_keywords (0.0.4)
rubyzip (2.3.0)
sassc (2.4.0)
scanf (default: 1.0.0)
sdbm (default: 1.0.0)
security (0.1.3)
shell (default: 0.7)
signet (0.15.0)
simctl (1.6.8)
slack-notifier (2.3.2)
slather (2.5.0)
sqlite3 (1.4.2)
stringio (default: 0.0.2)
strscan (default: 1.0.0)
sync (default: 0.5.0)
terminal-notifier (2.0.0)
terminal-table (1.8.0)
test-unit (3.2.9)
thread_safe (0.3.6)
thwait (default: 0.1.0)
tracer (default: 0.1.0)
trailblazer-option (0.1.0)
trainer (0.9.1)
tty-cursor (0.7.1)
tty-screen (0.8.1)
tty-spinner (0.9.3)
typhoeus (1.4.0)
tzinfo (1.2.9)
uber (0.1.0)
unf (0.1.4)
unf_ext (0.0.7.7)
unicode-display_width (1.7.0)
webrick (default: 1.4.2)
word_wrap (1.0.0)
xcinvoke (0.3.0)
xcode-install (2.6.8)
xcodeproj (1.19.0)
xcov (1.7.5)
xcpretty (0.3.0)
xcpretty-json-formatter (0.1.1)
xcpretty-travis-formatter (1.0.1)
xcresult (0.2.1)
xmlrpc (0.3.0)
zlib (default: 1.0.0)
========================================


=== NPM global packages ==========================
* Cordova: 9.0.0 (cordova-lib@9.0.1)
* Ionic: 6.11.12
* Appcenter-CLI version: 2.7.3
========================================


=== Checking Xcode CLT dirs ============

 * ls -1 /Library/Developer/CommandLineTools/SDKs/MacOSX10.15.sdk/usr/include/CommonCrypto
CommonCrypto.h
CommonCryptoError.h
CommonCryptor.h
CommonDigest.h
CommonHMAC.h
CommonKeyDerivation.h
CommonRandom.h
CommonSymmetricKeywrap.h
module.modulemap

 * ls -1 /Library/Developer/CommandLineTools/
Library
SDKs
usr

 * /Library/Developer/CommandLineTools/usr/bin/swift --version
Apple Swift version 5.3.2 (swiftlang-1200.0.45 clang-1200.0.32.28)
Target: x86_64-apple-darwin19.6.0

========================================


=== Xcode ==============================

* Active Xcode Command Line Tools:
/Applications/Xcode-12.1.app/Contents/Developer

* Xcode Version:
Xcode 12.1
Build version 12A7403

* /usr/bin/swift --version
Apple Swift version 5.3 (swiftlang-1200.0.29.2 clang-1200.0.30.1)
Target: x86_64-apple-darwin19.6.0

* Installed SDKs:
iOS SDKs:
	iOS 14.1                      	-sdk iphoneos14.1

iOS Simulator SDKs:
	Simulator - iOS 14.1          	-sdk iphonesimulator14.1

macOS SDKs:
	DriverKit 19.0                	-sdk driverkit.macosx19.0
	macOS 10.15                   	-sdk macosx10.15

tvOS SDKs:
	tvOS 14.0                     	-sdk appletvos14.0

tvOS Simulator SDKs:
	Simulator - tvOS 14.0         	-sdk appletvsimulator14.0

watchOS SDKs:
	watchOS 7.0                   	-sdk watchos7.0

watchOS Simulator SDKs:
	Simulator - watchOS 7.0       	-sdk watchsimulator7.0


* Available Simulators:
== Device Types ==
iPhone 4s (com.apple.CoreSimulator.SimDeviceType.iPhone-4s)
iPhone 5 (com.apple.CoreSimulator.SimDeviceType.iPhone-5)
iPhone 5s (com.apple.CoreSimulator.SimDeviceType.iPhone-5s)
iPhone 6 Plus (com.apple.CoreSimulator.SimDeviceType.iPhone-6-Plus)
iPhone 6 (com.apple.CoreSimulator.SimDeviceType.iPhone-6)
iPhone 6s (com.apple.CoreSimulator.SimDeviceType.iPhone-6s)
iPhone 6s Plus (com.apple.CoreSimulator.SimDeviceType.iPhone-6s-Plus)
iPhone SE (1st generation) (com.apple.CoreSimulator.SimDeviceType.iPhone-SE)
iPhone 7 (com.apple.CoreSimulator.SimDeviceType.iPhone-7)
iPhone 7 Plus (com.apple.CoreSimulator.SimDeviceType.iPhone-7-Plus)
iPhone 8 (com.apple.CoreSimulator.SimDeviceType.iPhone-8)
iPhone 8 Plus (com.apple.CoreSimulator.SimDeviceType.iPhone-8-Plus)
iPhone X (com.apple.CoreSimulator.SimDeviceType.iPhone-X)
iPhone Xs (com.apple.CoreSimulator.SimDeviceType.iPhone-XS)
iPhone Xs Max (com.apple.CoreSimulator.SimDeviceType.iPhone-XS-Max)
iPhone Xʀ (com.apple.CoreSimulator.SimDeviceType.iPhone-XR)
iPhone 11 (com.apple.CoreSimulator.SimDeviceType.iPhone-11)
iPhone 11 Pro (com.apple.CoreSimulator.SimDeviceType.iPhone-11-Pro)
iPhone 11 Pro Max (com.apple.CoreSimulator.SimDeviceType.iPhone-11-Pro-Max)
iPhone SE (2nd generation) (com.apple.CoreSimulator.SimDeviceType.iPhone-SE--2nd-generation-)
iPhone 12 mini (com.apple.CoreSimulator.SimDeviceType.iPhone-12-mini)
iPhone 12 (com.apple.CoreSimulator.SimDeviceType.iPhone-12)
iPhone 12 Pro (com.apple.CoreSimulator.SimDeviceType.iPhone-12-Pro)
iPhone 12 Pro Max (com.apple.CoreSimulator.SimDeviceType.iPhone-12-Pro-Max)
iPod touch (7th generation) (com.apple.CoreSimulator.SimDeviceType.iPod-touch--7th-generation-)
iPad 2 (com.apple.CoreSimulator.SimDeviceType.iPad-2)
iPad Retina (com.apple.CoreSimulator.SimDeviceType.iPad-Retina)
iPad Air (com.apple.CoreSimulator.SimDeviceType.iPad-Air)
iPad mini 2 (com.apple.CoreSimulator.SimDeviceType.iPad-mini-2)
iPad mini 3 (com.apple.CoreSimulator.SimDeviceType.iPad-mini-3)
iPad mini 4 (com.apple.CoreSimulator.SimDeviceType.iPad-mini-4)
iPad Air 2 (com.apple.CoreSimulator.SimDeviceType.iPad-Air-2)
iPad Pro (9.7-inch) (com.apple.CoreSimulator.SimDeviceType.iPad-Pro--9-7-inch-)
iPad Pro (12.9-inch) (1st generation) (com.apple.CoreSimulator.SimDeviceType.iPad-Pro)
iPad (5th generation) (com.apple.CoreSimulator.SimDeviceType.iPad--5th-generation-)
iPad Pro (12.9-inch) (2nd generation) (com.apple.CoreSimulator.SimDeviceType.iPad-Pro--12-9-inch---2nd-generation-)
iPad Pro (10.5-inch) (com.apple.CoreSimulator.SimDeviceType.iPad-Pro--10-5-inch-)
iPad (6th generation) (com.apple.CoreSimulator.SimDeviceType.iPad--6th-generation-)
iPad (7th generation) (com.apple.CoreSimulator.SimDeviceType.iPad--7th-generation-)
iPad Pro (11-inch) (1st generation) (com.apple.CoreSimulator.SimDeviceType.iPad-Pro--11-inch-)
iPad Pro (12.9-inch) (3rd generation) (com.apple.CoreSimulator.SimDeviceType.iPad-Pro--12-9-inch---3rd-generation-)
iPad Pro (11-inch) (2nd generation) (com.apple.CoreSimulator.SimDeviceType.iPad-Pro--11-inch---2nd-generation-)
iPad Pro (12.9-inch) (4th generation) (com.apple.CoreSimulator.SimDeviceType.iPad-Pro--12-9-inch---4th-generation-)
iPad mini (5th generation) (com.apple.CoreSimulator.SimDeviceType.iPad-mini--5th-generation-)
iPad Air (3rd generation) (com.apple.CoreSimulator.SimDeviceType.iPad-Air--3rd-generation-)
iPad (8th generation) (com.apple.CoreSimulator.SimDeviceType.iPad--8th-generation-)
iPad Air (4th generation) (com.apple.CoreSimulator.SimDeviceType.iPad-Air--4th-generation-)
Apple TV (com.apple.CoreSimulator.SimDeviceType.Apple-TV-1080p)
Apple TV 4K (com.apple.CoreSimulator.SimDeviceType.Apple-TV-4K-4K)
Apple TV 4K (at 1080p) (com.apple.CoreSimulator.SimDeviceType.Apple-TV-4K-1080p)
Apple Watch - 38mm (com.apple.CoreSimulator.SimDeviceType.Apple-Watch-38mm)
Apple Watch - 42mm (com.apple.CoreSimulator.SimDeviceType.Apple-Watch-42mm)
Apple Watch Series 2 - 38mm (com.apple.CoreSimulator.SimDeviceType.Apple-Watch-Series-2-38mm)
Apple Watch Series 2 - 42mm (com.apple.CoreSimulator.SimDeviceType.Apple-Watch-Series-2-42mm)
Apple Watch Series 3 - 38mm (com.apple.CoreSimulator.SimDeviceType.Apple-Watch-Series-3-38mm)
Apple Watch Series 3 - 42mm (com.apple.CoreSimulator.SimDeviceType.Apple-Watch-Series-3-42mm)
Apple Watch Series 4 - 40mm (com.apple.CoreSimulator.SimDeviceType.Apple-Watch-Series-4-40mm)
Apple Watch Series 4 - 44mm (com.apple.CoreSimulator.SimDeviceType.Apple-Watch-Series-4-44mm)
Apple Watch Series 5 - 40mm (com.apple.CoreSimulator.SimDeviceType.Apple-Watch-Series-5-40mm)
Apple Watch Series 5 - 44mm (com.apple.CoreSimulator.SimDeviceType.Apple-Watch-Series-5-44mm)
Apple Watch SE - 40mm (com.apple.CoreSimulator.SimDeviceType.Apple-Watch-SE-40mm)
Apple Watch SE - 44mm (com.apple.CoreSimulator.SimDeviceType.Apple-Watch-SE-44mm)
Apple Watch Series 6 - 40mm (com.apple.CoreSimulator.SimDeviceType.Apple-Watch-Series-6-40mm)
Apple Watch Series 6 - 44mm (com.apple.CoreSimulator.SimDeviceType.Apple-Watch-Series-6-44mm)
== Runtimes ==
iOS 13.3 (13.3 - 17C45) - com.apple.CoreSimulator.SimRuntime.iOS-13-3
iOS 13.4 (13.4 - 17E255) - com.apple.CoreSimulator.SimRuntime.iOS-13-4
iOS 13.5 (13.5 - 17F61) - com.apple.CoreSimulator.SimRuntime.iOS-13-5
iOS 13.6 (13.6 - 17G64) - com.apple.CoreSimulator.SimRuntime.iOS-13-6
iOS 14.0 (14.0.1 - 18A394) - com.apple.CoreSimulator.SimRuntime.iOS-14-0
iOS 14.1 (14.1 - 18A8394) - com.apple.CoreSimulator.SimRuntime.iOS-14-1
tvOS 13.0 (13.0 - 17J585) - com.apple.CoreSimulator.SimRuntime.tvOS-13-0
tvOS 13.2 (13.2 - 17K90) - com.apple.CoreSimulator.SimRuntime.tvOS-13-2
tvOS 13.3 (13.3 - 17K446) - com.apple.CoreSimulator.SimRuntime.tvOS-13-3
tvOS 14.0 (14.0 - 18J383) - com.apple.CoreSimulator.SimRuntime.tvOS-14-0
watchOS 6.0 (6.0 - 17R575) - com.apple.CoreSimulator.SimRuntime.watchOS-6-0
watchOS 6.1 (6.1.1 - 17S445) - com.apple.CoreSimulator.SimRuntime.watchOS-6-1
watchOS 7.0 (7.0 - 18R382) - com.apple.CoreSimulator.SimRuntime.watchOS-7-0
== Devices ==
-- iOS 13.3 --
    iPhone 8 (E9073494-49CE-4E4D-AC0C-0F9EDEE7CFFE) (Shutdown) 
    iPhone 8 Plus (44C62492-0403-41D8-B521-E24F68AF877C) (Shutdown) 
    iPhone 11 (E126CB0E-9DF6-4C4C-8328-AC01461C1840) (Shutdown) 
    iPhone 11 Pro (AE32F865-1CB8-455E-8765-16A10A943BF5) (Shutdown) 
    iPhone 11 Pro Max (A3438202-0464-4C7A-B655-65D64BFAD2C9) (Shutdown) 
    iPad Pro (9.7-inch) (2B78BA98-62A4-41E5-8B66-7DA88A0B2309) (Shutdown) 
    iPad (7th generation) (5C9B7DA4-118F-4752-8DEC-54F08F45D1B9) (Shutdown) 
    iPad Pro (11-inch) (1st generation) (677A72E5-D714-4A45-A4D3-E450267A0929) (Shutdown) 
    iPad Pro (12.9-inch) (3rd generation) (1FFA394C-00E5-46D1-BE68-976DED34101B) (Shutdown) 
    iPad Air (3rd generation) (1F0C3636-5561-468B-800A-23FF4CF711E8) (Shutdown) 
-- iOS 13.4 --
    iPhone 8 (09A4E91D-ACA7-490E-8F2F-7F7D7863C2EB) (Shutdown) 
    iPhone 8 Plus (411E5985-BAD5-49A2-8409-D1E1FF0FCCF5) (Shutdown) 
    iPhone 11 (C7246439-4245-454F-934C-E1C94CEFD50D) (Shutdown) 
    iPhone 11 Pro (2FA3E11F-446B-400B-9CA6-A1EDB9EE5177) (Shutdown) 
    iPhone 11 Pro Max (D30022D2-65C9-4D0B-93CF-364BE0AA9166) (Shutdown) 
    iPad Pro (9.7-inch) (69CD5EBC-7949-4AE6-B56F-EE2B4952F224) (Shutdown) 
    iPad (7th generation) (B292D6C7-FCB6-41CC-9352-60F1202CBFA1) (Shutdown) 
    iPad Pro (11-inch) (2nd generation) (B8996607-418B-4B9A-9DCF-FD504E13DA84) (Shutdown) 
    iPad Pro (12.9-inch) (4th generation) (398895B7-72F0-4D4E-B512-81D69678D794) (Shutdown) 
    iPad Air (3rd generation) (B13BCCAD-63DD-47B7-8DFB-09FBCB493DEE) (Shutdown) 
-- iOS 13.5 --
    iPhone 8 (0DCA532E-681E-49D2-9B11-C6EE9C809C7D) (Shutdown) 
    iPhone 8 Plus (52FD3451-8C1B-4AA2-B7CC-071EB5C5E85A) (Shutdown) 
    iPhone 11 (4E7A148E-0274-4C24-AA03-5A754BB5471C) (Shutdown) 
    iPhone 11 Pro (EB788BDE-7B36-4877-9610-11C1BC5196C7) (Shutdown) 
    iPhone 11 Pro Max (7B95846E-2F32-4366-B2FB-D4A579ABFB42) (Shutdown) 
    iPhone SE (2nd generation) (00A412DF-E987-4CC1-8709-FAB5AA663829) (Shutdown) 
    iPad Pro (9.7-inch) (4B8D99C1-CEA5-4EB9-8BD2-729F6A380FA7) (Shutdown) 
    iPad (7th generation) (90C959FB-292B-4A4A-A02E-4B7DD2378812) (Shutdown) 
    iPad Pro (11-inch) (2nd generation) (B1CB5182-BBF4-43C8-ABB9-D8998E03D8AF) (Shutdown) 
    iPad Pro (12.9-inch) (4th generation) (DCAF97E0-7BD0-47DA-9516-98E139C13DC8) (Shutdown) 
    iPad Air (3rd generation) (B5F0B8D6-CD6F-4C61-AC57-93BD3CB6E5D0) (Shutdown) 
-- iOS 13.6 --
    iPhone 8 (41344AE9-296D-451C-BBEA-4732A6E8B5B8) (Shutdown) 
    iPhone 8 Plus (E193F921-F6DD-41FB-B3DC-A2888E5F0C22) (Shutdown) 
    iPhone 11 (1F0127DD-A97C-4886-B532-252276D5EC53) (Shutdown) 
    iPhone 11 Pro (28D61F83-764E-4FBD-BCDE-20BC9D8110C4) (Shutdown) 
    iPhone 11 Pro Max (214C4AB6-CF93-4179-BB83-24687AD4FAA5) (Shutdown) 
    iPhone SE (2nd generation) (15386F1A-ACA9-4D39-A5BA-3C5E72139DB0) (Shutdown) 
    iPad Pro (9.7-inch) (221D1F20-D42F-4CB1-9953-A976B3A4881C) (Shutdown) 
    iPad (7th generation) (858ECECC-C9BC-4FC8-935C-18705068A29A) (Shutdown) 
    iPad Pro (11-inch) (2nd generation) (59C6FCB8-2B8D-4CB4-B85D-5D2345B1A838) (Shutdown) 
    iPad Pro (12.9-inch) (4th generation) (0A2DBBB0-E5E4-470D-A730-3A66D72A4BC3) (Shutdown) 
    iPad Air (3rd generation) (5A92BDE8-7317-4D0B-A2FC-43C73DFCEB64) (Shutdown) 
-- iOS 14.0 --
    iPhone 8 (45290664-A37E-414B-B1F3-D33D03D1AE94) (Shutdown) 
    iPhone 8 Plus (65953283-94DF-4675-9A95-F8C6399A3561) (Shutdown) 
    iPhone 11 (B1DD48E1-7D9A-466F-865D-0BC6B69A8084) (Shutdown) 
    iPhone 11 Pro (A4C85C3A-84F5-46D1-8B35-4919AEC719ED) (Shutdown) 
    iPhone 11 Pro Max (1D0DA344-4A0D-4B52-8F0A-079599EEE835) (Shutdown) 
    iPhone SE (2nd generation) (9AA982D5-F918-435E-A5DB-B39A862D3753) (Shutdown) 
    iPod touch (7th generation) (4BFD95A6-77AD-4C10-9FF1-D778611097F8) (Shutdown) 
    iPad Pro (9.7-inch) (5AA9C72D-7341-4D52-A259-203B7FF1F911) (Shutdown) 
    iPad Pro (11-inch) (2nd generation) (4F7C0210-0CE2-43B6-9E1E-BCE38EF6B38F) (Shutdown) 
    iPad Pro (12.9-inch) (4th generation) (21123D7A-ACBA-438D-81D2-F935C97E375A) (Shutdown) 
    iPad (8th generation) (2E60B6D3-0049-4879-BAD0-FB1463EC3DAC) (Shutdown) 
    iPad Air (4th generation) (29A3A4F9-1EE3-4808-B1AC-B45B0F6BD902) (Shutdown) 
-- iOS 14.1 --
    iPhone 8 (CE9F50C8-7F18-4174-A08D-7C2F7960C941) (Shutdown) 
    iPhone 8 Plus (6D59068C-5219-4A0C-95E1-8941C8F013BF) (Shutdown) 
    iPhone 11 (8032D4F7-F98D-48C2-B5A4-EA937E977C7A) (Shutdown) 
    iPhone 11 Pro (48223712-74A2-49DC-B6F6-1A3563668571) (Shutdown) 
    iPhone 11 Pro Max (C384D113-8039-4A92-AF5A-7D789EC5D37F) (Shutdown) 
    iPhone SE (2nd generation) (B3E00747-5707-4DB7-9F43-AD8DA3884615) (Shutdown) 
    iPhone 12 mini (D2C8A2C0-439D-4E58-8F53-BD817DE5FBDB) (Shutdown) 
    iPhone 12 (8E05E705-94F1-4D1F-BBE3-1A319051036E) (Shutdown) 
    iPhone 12 Pro (E952EF0D-8001-4454-A8A2-22F5FF75B509) (Shutdown) 
    iPhone 12 Pro Max (52F3D386-D451-4D90-B5E4-16E15C6B5288) (Shutdown) 
    iPod touch (7th generation) (6C78841E-68B9-4939-92FA-F2C1A6FE2E1F) (Shutdown) 
    iPad Pro (9.7-inch) (4E7A3718-C827-4CF3-BE89-BE69D64EE55B) (Shutdown) 
    iPad Pro (11-inch) (2nd generation) (B01062E2-47FE-4386-844F-657901FE70D1) (Shutdown) 
    iPad Pro (12.9-inch) (4th generation) (113AC3E7-4744-4456-86CA-D6E2EA87D7B6) (Shutdown) 
    iPad (8th generation) (4B476C37-847F-473B-A2D4-2BBE0A2712C2) (Shutdown) 
    iPad Air (4th generation) (FE77FDC0-565B-402C-88BA-747C0ADCFA97) (Shutdown) 
-- tvOS 13.0 --
    Apple TV (83321F9E-18B4-408A-A1C0-B9339C79F98E) (Shutdown) 
    Apple TV 4K (0AD9B354-414E-497E-A7EF-EAAD8B34E531) (Shutdown) 
    Apple TV 4K (at 1080p) (8EA57643-827C-47B6-AF79-FCFF39AB039F) (Shutdown) 
-- tvOS 13.2 --
    Apple TV (A8675E48-715C-41FF-BD62-5131579E1505) (Shutdown) 
    Apple TV 4K (B4EE1FCD-D953-4D9F-ACBC-36539BBC8B86) (Shutdown) 
    Apple TV 4K (at 1080p) (C2A3E500-91B9-43E6-ABCB-A7A0A7CF4306) (Shutdown) 
-- tvOS 13.3 --
    Apple TV (A104FB27-6C3B-4E59-A2FB-568FAB94CF00) (Shutdown) 
    Apple TV 4K (11C3C0BE-20F5-4152-8249-D72C3662981E) (Shutdown) 
    Apple TV 4K (at 1080p) (B37C61E6-5C56-4AA9-968C-65E9048510B1) (Shutdown) 
-- tvOS 14.0 --
    Apple TV (218F4693-E4DA-4C12-96F4-434269D3356F) (Shutdown) 
    Apple TV 4K (BD5779C8-84D9-4D5C-8952-75A750C34649) (Shutdown) 
    Apple TV 4K (at 1080p) (D8695CF1-BEFF-4EAD-B7E0-E3D63B862D51) (Shutdown) 
-- watchOS 6.0 --
    Apple Watch Series 4 - 40mm (6F530E5F-C38D-4AFD-B5A2-62923FB08237) (Shutdown) 
    Apple Watch Series 4 - 44mm (F71F1ACC-8BC3-4E20-B1E0-3A679A9FA5C6) (Shutdown) 
    Apple Watch Series 5 - 40mm (2DE0EE0A-09DA-406B-8B1B-D1CD3BC69921) (Shutdown) 
    Apple Watch Series 5 - 44mm (BA4F2F2F-469D-4672-B176-C31F1C6C6A59) (Shutdown) 
-- watchOS 6.1 --
    Apple Watch Series 4 - 40mm (23C5A4C6-83C8-4472-8CDE-BD806311B671) (Shutdown) 
    Apple Watch Series 4 - 44mm (EB109671-BC81-41A7-A338-EE0CA8EF0CB8) (Shutdown) 
    Apple Watch Series 5 - 40mm (84902DDF-8E89-4557-8A6D-755BE1E235C7) (Shutdown) 
    Apple Watch Series 5 - 44mm (0D9D1439-CBFA-4EA3-BD98-22619F51F5F2) (Shutdown) 
-- watchOS 7.0 --
    Apple Watch Series 5 - 40mm (AF05AFB9-F46A-4DE6-ACF1-72CC91D81F99) (Shutdown) 
    Apple Watch Series 5 - 44mm (96122CD5-9425-4592-8878-06622874FBAF) (Shutdown) 
    Apple Watch Series 6 - 40mm (08941130-7D1B-4990-9C78-468D9906A47A) (Shutdown) 
    Apple Watch Series 6 - 44mm (B9BBC906-A7FC-4246-B456-B4B78F2D447F) (Shutdown) 
== Device Pairs ==
FC9A767A-19A9-4E57-9426-7F9688D08C26 (active, disconnected)
    Watch: Apple Watch Series 5 - 40mm (AF05AFB9-F46A-4DE6-ACF1-72CC91D81F99) (Shutdown)
    Phone: iPhone 12 mini (D2C8A2C0-439D-4E58-8F53-BD817DE5FBDB) (Shutdown)
2F40A914-8589-47DD-9B4A-5BE09445A5C4 (active, disconnected)
    Watch: Apple Watch Series 5 - 44mm (96122CD5-9425-4592-8878-06622874FBAF) (Shutdown)
    Phone: iPhone 12 (8E05E705-94F1-4D1F-BBE3-1A319051036E) (Shutdown)
EB38604A-9F78-4ED0-8FDC-E42DB2E55D29 (active, disconnected)
    Watch: Apple Watch Series 6 - 40mm (08941130-7D1B-4990-9C78-468D9906A47A) (Shutdown)
    Phone: iPhone 12 Pro (E952EF0D-8001-4454-A8A2-22F5FF75B509) (Shutdown)
CB9048F8-3F4B-4620-9983-9F0B6E1085B9 (active, disconnected)
    Watch: Apple Watch Series 6 - 44mm (B9BBC906-A7FC-4246-B456-B4B78F2D447F) (Shutdown)
    Phone: iPhone 12 Pro Max (52F3D386-D451-4D90-B5E4-16E15C6B5288) (Shutdown)

========================================


=== OS X info =========================

* sw_vers
ProductName:	Mac OS X
ProductVersion:	10.15.7
BuildVersion:	19H2

* system_profiler SPSoftwareDataType
Software:

    System Software Overview:

      System Version: macOS 10.15.7 (19H2)
      Kernel Version: Darwin 19.6.0
      Boot Volume: Macintosh HD
      Boot Mode: Normal
      Computer Name: vm-osx-xcode-12.1.x-g2.4core-dcecb8fc-266b-4a4e-9662-3784e256aa32
      User Name: vagrant (vagrant)
      Secure Virtual Memory: Enabled
      System Integrity Protection: Disabled
      Time since boot: 1:00


========================================


=== System infos =======================
* Free disk space:
    Filesystem         Size        Avail
  /dev/disk1s5        300Gi        164Gi
========================================

--- Android

* ANDROID_HOME (/usr/local/share/android-sdk) content:
add-ons
build-tools
cmdline-tools
emulator
extras
licenses
patcher
platform-tools
platforms
system-images
tools

* ANDROID_NDK_HOME (/opt/android-ndk/android-ndk-r21) content:
CHANGELOG.md
NOTICE
NOTICE.toolchain
README.md
build
meta
ndk-build
ndk-gdb
ndk-stack
ndk-which
platforms
prebuilt
python-packages
shader-tools
simpleperf
source.properties
sources
sysroot
toolchains
wrap.sh

* Android NDK Version:
Pkg.Desc = Android NDK
Pkg.Revision = 21.0.6113669

* platform-tools content:
NOTICE.txt
adb
api
dmtracedump
e2fsdroid
etc1tool
fastboot
hprof-conv
lib64
make_f2fs
make_f2fs_casefold
mke2fs
mke2fs.conf
package.xml
sload_f2fs
source.properties
sqlite3
systrace

* build-tools content:
17.0.0
19.1.0
21.1.2
22.0.1
23.0.3
24.0.3
25.0.3
26.0.1
26.0.2
27.0.0
27.0.1
27.0.2
27.0.3
28.0.0
28.0.1
28.0.2
28.0.3
29.0.0
29.0.1
29.0.2
29.0.3
30.0.0

* extras content:
/usr/local/share/android-sdk/extras
├── android
│   └── m2repository
├── google
│   ├── google_play_services
│   └── m2repository
└── m2repository
    └── com

7 directories, 0 files

* platforms content:
android-15
android-17
android-19
android-21
android-22
android-23
android-24
android-25
android-26
android-27
android-28
android-29
android-30

* system-images content:
/usr/local/share/android-sdk/system-images
├── android-26
│   └── google_apis
│       └── x86
├── android-28
│   └── google_apis
│       └── x86_64
├── android-29
│   └── google_apis
│       └── x86
└── android-30
    └── google_apis
        └── x86

12 directories, 0 files

========================================


=== Android APK tools ==================

* aapt2:

========================================


=== Environment infos =======================
MATCH_KEYCHAIN_PASSWORD environment set
========================================


=== Control tests ======================
source $HOME/.bash_profile ...
source $HOME/.bash_profile - PASSED
========================================

