 (i) Ignore Errors: enabled

#
# This System Report was generated by: https://github.com/bitrise-io/osx-box-bootstrap/blob/master/system_report.sh
#  Pull Requests are welcome!
#


=== Revision / ID ======================
* BITRISE_OSX_STACK_REV_ID: v2017_06_13_1
========================================


=== Pre-installed tool versions ========
* Go: go version go1.8.3 darwin/amd64
* Ruby: ruby 2.4.1p111 (2017-03-22 revision 58053) [x86_64-darwin16]
* Python: Python 2.7.13
* Node.js: v8.1.2
* NPM: 5.0.3
* Yarn: 0.24.6
* Java: java version "1.8.0_131"
Java(TM) SE Runtime Environment (build 1.8.0_131-b11)
Java HotSpot(TM) 64-Bit Server VM (build 25.131-b11, mixed mode)

* git: git version 2.13.1
* git lfs: git-lfs/2.1.1 (GitHub; darwin amd64; go 1.8.1)
* mercurial/hg: Mercurial Distributed SCM (version 4.2.1)
* curl: curl 7.51.0 (x86_64-apple-darwin16.0) libcurl/7.51.0 SecureTransport zlib/1.2.8
* wget: GNU Wget 1.19.1 built on darwin16.6.0.
* rsync: rsync  version 2.6.9  protocol version 29
* unzip: UnZip 6.00 of 20 April 2009, by Info-ZIP.  Maintained by C. Spieler.  Send
* zip: This is Zip 3.0 (July 5th 2008), by Info-ZIP.
* tar: bsdtar 2.8.3 - libarchive 2.8.3
* tree: tree v1.7.0 (c) 1996 - 2014 by Steve Baker, Thomas Moore, Francesc Rocher, Florian Sesser, Kyosuke Tokoro 

* brew: Homebrew 1.2.3
Homebrew/homebrew-core (git revision 034f; last commit 2017-06-29)
./system_report.sh: line 55: xctool: command not found
* xctool: 
* Ansible: ansible 2.3.1.0
* gtimeout: timeout (GNU coreutils) 8.27
* watchman: 4.7.0
* flow: Flow, a static type checker for JavaScript, version 0.48.0
* carthage: 0.23.0
* imagemagick (convert): Version: ImageMagick 7.0.6-0 Q16 x86_64 2017-06-12 http://www.imagemagick.org
* ghostscript (ps2ascii): 9.21
./system_report.sh: line 70: wine: command not found
* wine: 

--- Bitrise CLI tool versions
* bitrise: 1.6.2
* stepman: 0.9.31
* envman: 1.1.4
* bitrise-bridge: 0.9.11
* cmd-bridge: 0.9.5
========================================


=== Ruby GEMs ==========================
* Rubygems: 2.6.12
* Bundler: Bundler version 1.15.1
* CocoaPods: 1.2.1
* fastlane: [32m# fastlane 2.42.0 is available. You are on 2.41.0.[0m
* xcpretty: 0.2.8
* Nomad CLI: 2.6.12
* Nomad CLI IPA / Shenzhen: ipa 0.14.3
========================================


=== All Ruby GEMs ======================
activesupport (4.2.8)
addressable (2.5.1)
aws-sdk (1.67.0)
aws-sdk-v1 (1.67.0)
babosa (1.0.2)
bigdecimal (default: 1.3.0)
bundler (1.15.1)
certified (1.0.0)
CFPropertyList (2.3.5)
claide (1.0.2)
cocoapods (1.2.1)
cocoapods-core (1.2.1)
cocoapods-deintegrate (1.0.1)
cocoapods-downloader (1.1.3)
cocoapods-plugins (1.0.0)
cocoapods-search (1.0.0)
cocoapods-stats (1.0.0)
cocoapods-trunk (1.2.0)
cocoapods-try (1.1.0)
colored (1.2)
colored2 (3.1.2)
commander (4.4.3)
commander-fastlane (4.4.4)
cupertino (1.3.4)
declarative (0.0.9)
declarative-option (0.1.0)
did_you_mean (1.1.0)
domain_name (0.5.20170404)
dotenv (2.2.1)
dubai (0.1.1)
escape (0.0.4)
excon (0.57.0)
faraday (0.12.1)
faraday-cookie_jar (0.0.6)
faraday_middleware (0.11.0.1)
fastimage (2.1.0)
fastlane (2.41.0)
fourflusher (2.0.1)
fuzzy_match (2.0.4)
gh_inspector (1.0.3)
google-api-client (0.12.0)
googleauth (0.5.1)
highline (1.7.8)
houston (2.2.4)
http-cookie (1.0.3)
httpclient (2.8.3)
i18n (0.8.4)
io-console (default: 0.4.6)
json (default: 2.0.2, 1.8.6)
jwt (1.5.6)
little-plugger (1.1.4)
logging (2.2.2)
mechanize (2.5.1)
memoist (0.16.0)
mime-types (3.1, 1.25.1)
mime-types-data (3.2016.0521)
mini_magick (4.5.1)
mini_portile2 (2.1.0)
minitest (5.10.1)
molinillo (0.5.7)
multi_json (1.12.1)
multi_xml (0.6.0)
multipart-post (2.0.0)
nanaimo (0.2.3)
nap (1.1.0)
net-http-digest_auth (1.4.1)
net-http-persistent (2.9.4)
net-sftp (2.1.2)
net-ssh (4.1.0)
net-telnet (0.1.1)
netrc (0.7.8)
nokogiri (1.6.8.1)
nomad-cli (0.0.2)
ntlm-http (0.1.1)
openssl (default: 2.0.3)
os (0.9.6)
plist (3.1.0)
power_assert (0.4.1)
psych (default: 2.2.2)
public_suffix (2.0.5)
rack (1.6.8)
rack-protection (1.5.3)
rake (12.0.0)
rdoc (default: 5.0.0)
representable (3.0.4)
retriable (3.0.2)
rouge (2.0.7)
ruby-macho (1.1.0)
rubygems-update (2.6.12)
rubyzip (1.2.1)
security (0.1.3)
shenzhen (0.14.3)
signet (0.7.3)
sinatra (1.4.8)
slack-notifier (1.5.1)
term-ansicolor (1.0.7)
terminal-notifier (1.8.0)
terminal-table (1.4.5)
test-unit (3.2.3)
thread_safe (0.3.6)
tilt (2.0.7)
tty-screen (0.5.0)
tzinfo (1.2.3)
uber (0.1.0)
unf (0.1.4)
unf_ext (0.0.7.4)
venice (0.3.0)
webrobots (0.1.2)
word_wrap (1.0.0)
xcodeproj (1.5.0)
xcpretty (0.2.8)
xcpretty-travis-formatter (0.0.4)
xmlrpc (0.2.1)
========================================


=== NPM global packages ==========================
* Cordova: 7.0.1
* Ionic: [2K[G3.4.0
========================================


=== Checking Xcode CLT dirs ============

 * ls -1 /usr/include/CommonCrypto
CommonCrypto.h
CommonCryptoError.h
CommonCryptor.h
CommonDigest.h
CommonHMAC.h
CommonKeyDerivation.h
CommonRandom.h
CommonSymmetricKeywrap.h

 * ls -1 /Library/Developer/CommandLineTools/
Library
SDKs
usr

 * /Library/Developer/CommandLineTools/usr/bin/swift --version
Apple Swift version 3.1 (swiftlang-802.0.53 clang-802.0.42)
Target: x86_64-apple-macosx10.9

========================================


=== Xcode ==============================

* Active Xcode Command Line Tools:
/Applications/Xcode-beta.app/Contents/Developer

* Xcode Version:
Xcode 9.0
Build version 9M137d

* Installed SDKs:
iOS SDKs:
	iOS 11.0                      	-sdk iphoneos11.0

iOS Simulator SDKs:
	Simulator - iOS 11.0          	-sdk iphonesimulator11.0

macOS SDKs:
	macOS 10.13                   	-sdk macosx10.13

tvOS SDKs:
	tvOS 11.0                     	-sdk appletvos11.0

tvOS Simulator SDKs:
	Simulator - tvOS 11.0         	-sdk appletvsimulator11.0

watchOS SDKs:
	watchOS 4.0                   	-sdk watchos4.0

watchOS Simulator SDKs:
	Simulator - watchOS 4.0       	-sdk watchsimulator4.0


* Available Simulators:
== Device Types ==
iPhone 4s (com.apple.CoreSimulator.SimDeviceType.iPhone-4s)
iPhone 5 (com.apple.CoreSimulator.SimDeviceType.iPhone-5)
iPhone 5s (com.apple.CoreSimulator.SimDeviceType.iPhone-5s)
iPhone 6 (com.apple.CoreSimulator.SimDeviceType.iPhone-6)
iPhone 6 Plus (com.apple.CoreSimulator.SimDeviceType.iPhone-6-Plus)
iPhone 6s (com.apple.CoreSimulator.SimDeviceType.iPhone-6s)
iPhone 6s Plus (com.apple.CoreSimulator.SimDeviceType.iPhone-6s-Plus)
iPhone 7 (com.apple.CoreSimulator.SimDeviceType.iPhone-7)
iPhone 7 Plus (com.apple.CoreSimulator.SimDeviceType.iPhone-7-Plus)
iPhone SE (com.apple.CoreSimulator.SimDeviceType.iPhone-SE)
iPad 2 (com.apple.CoreSimulator.SimDeviceType.iPad-2)
iPad Retina (com.apple.CoreSimulator.SimDeviceType.iPad-Retina)
iPad Air (com.apple.CoreSimulator.SimDeviceType.iPad-Air)
iPad Air 2 (com.apple.CoreSimulator.SimDeviceType.iPad-Air-2)
iPad (5th generation) (com.apple.CoreSimulator.SimDeviceType.iPad--5th-generation-)
iPad Pro (9.7-inch) (com.apple.CoreSimulator.SimDeviceType.iPad-Pro--9-7-inch-)
iPad Pro (12.9-inch) (com.apple.CoreSimulator.SimDeviceType.iPad-Pro)
iPad Pro (12.9-inch) (2nd generation) (com.apple.CoreSimulator.SimDeviceType.iPad-Pro--12-9-inch---2nd-generation-)
iPad Pro (10.5-inch) (com.apple.CoreSimulator.SimDeviceType.iPad-Pro--10-5-inch-)
Apple TV 1080p (com.apple.CoreSimulator.SimDeviceType.Apple-TV-1080p)
Apple Watch - 38mm (com.apple.CoreSimulator.SimDeviceType.Apple-Watch-38mm)
Apple Watch - 42mm (com.apple.CoreSimulator.SimDeviceType.Apple-Watch-42mm)
Apple Watch Series 2 - 38mm (com.apple.CoreSimulator.SimDeviceType.Apple-Watch-Series-2-38mm)
Apple Watch Series 2 - 42mm (com.apple.CoreSimulator.SimDeviceType.Apple-Watch-Series-2-42mm)
== Runtimes ==
iOS 8.1 (8.1 - 12B411) - com.apple.CoreSimulator.SimRuntime.iOS-8-1
iOS 8.2 (8.2 - 12D508) - com.apple.CoreSimulator.SimRuntime.iOS-8-2
iOS 8.3 (8.3 - 12F70) - com.apple.CoreSimulator.SimRuntime.iOS-8-3
iOS 8.4 (8.4 - 12H141) - com.apple.CoreSimulator.SimRuntime.iOS-8-4
iOS 9.0 (9.0 - 13A344) - com.apple.CoreSimulator.SimRuntime.iOS-9-0
iOS 9.1 (9.1 - 13B143) - com.apple.CoreSimulator.SimRuntime.iOS-9-1
iOS 9.2 (9.2 - 13C75) - com.apple.CoreSimulator.SimRuntime.iOS-9-2
iOS 9.3 (9.3 - 13E233) - com.apple.CoreSimulator.SimRuntime.iOS-9-3
iOS 10.0 (10.0 - 14A345) - com.apple.CoreSimulator.SimRuntime.iOS-10-0
iOS 10.1 (10.1 - 14B72) - com.apple.CoreSimulator.SimRuntime.iOS-10-1
iOS 10.2 (10.2 - 14C89) - com.apple.CoreSimulator.SimRuntime.iOS-10-2
iOS 10.3 (10.3.1 - 14E8301) - com.apple.CoreSimulator.SimRuntime.iOS-10-3
iOS 11.0 (11.0 - 15A5304f) - com.apple.CoreSimulator.SimRuntime.iOS-11-0
tvOS 9.0 (9.0 - 13T395) - com.apple.CoreSimulator.SimRuntime.tvOS-9-0
tvOS 9.1 (9.1 - 13U85) - com.apple.CoreSimulator.SimRuntime.tvOS-9-1
tvOS 9.2 (9.2 - 13Y234) - com.apple.CoreSimulator.SimRuntime.tvOS-9-2
tvOS 10.0 (10.0 - 14T328) - com.apple.CoreSimulator.SimRuntime.tvOS-10-0
tvOS 10.1 (10.1 - 14U591) - com.apple.CoreSimulator.SimRuntime.tvOS-10-1
tvOS 10.2 (10.2 - 14W260) - com.apple.CoreSimulator.SimRuntime.tvOS-10-2
tvOS 11.0 (11.0 - 15J5310e) - com.apple.CoreSimulator.SimRuntime.tvOS-11-0
watchOS 2.0 (2.0 - 13S343) - com.apple.CoreSimulator.SimRuntime.watchOS-2-0
watchOS 2.1 (2.1 - 13S661) - com.apple.CoreSimulator.SimRuntime.watchOS-2-1
watchOS 2.2 (2.2 - 13V144) - com.apple.CoreSimulator.SimRuntime.watchOS-2-2
watchOS 3.1 (3.1 - 14S471a) - com.apple.CoreSimulator.SimRuntime.watchOS-3-1
watchOS 3.2 (3.2 - 14V243) - com.apple.CoreSimulator.SimRuntime.watchOS-3-2
watchOS 4.0 (4.0 - 15R5307e) - com.apple.CoreSimulator.SimRuntime.watchOS-4-0
== Devices ==
-- iOS 8.1 --
    iPhone 4s (88768D64-2C20-43D6-B495-4D00C76E6E15) (Shutdown)
    iPhone 5 (93D01345-0580-4B03-BE4C-8F0DB0084BC5) (Shutdown)
    iPhone 5s (9BF993B3-4504-4D4A-A6C5-61C6199B9E7F) (Shutdown)
    iPhone 6 (4A7BEF33-E655-4812-8E65-D2213D3F4CFC) (Shutdown)
    iPhone 6 Plus (468FFF8C-7ED1-477C-A901-2FD4ADD394A5) (Shutdown)
    iPad 2 (3F0B2CF9-005D-4B6B-8A53-0504E869565F) (Shutdown)
    iPad Retina (C8E29E5E-07B1-4E8E-82C4-37F5557FF34F) (Shutdown)
    iPad Air (DFBD33F1-CFF9-4D20-9F8E-F230C834A9CB) (Shutdown)
-- iOS 8.2 --
    iPhone 4s (FFA49C45-AA69-4FC6-8FC5-B76C3E5C5DA1) (Shutdown)
    iPhone 5 (D6EBEF1A-B938-4042-8A46-EA629313865D) (Shutdown)
    iPhone 5s (B6CEA69F-E21A-44E6-AC2F-0401959F58C9) (Shutdown)
    iPhone 6 (7E429F5B-C425-42C4-A887-137256C63544) (Shutdown)
    iPhone 6 Plus (4A58AA54-2F9D-442F-82D8-EF49BC6CA3A5) (Shutdown)
    iPad 2 (84A06C85-18DF-43DF-A6B3-4093238A8723) (Shutdown)
    iPad Retina (4604F04D-BDE7-40C9-A74E-7385D6850C86) (Shutdown)
    iPad Air (26D98BBE-543D-4364-9BB7-2F65487A1E31) (Shutdown)
-- iOS 8.3 --
    iPhone 4s (8BF5AFC9-F8FA-44AD-AB44-8355C168C8C6) (Shutdown)
    iPhone 5 (8574E3D2-1EDF-44B5-BF85-AAA8D49C953D) (Shutdown)
    iPhone 5s (3FB7FAFC-A5BE-4BA8-92DA-CECD2A749A9E) (Shutdown)
    iPhone 6 (749319DA-5833-4E26-BAD0-A59B9B47F42E) (Shutdown)
    iPhone 6 Plus (6AB2D941-F1CD-45E0-9D69-911AC7421976) (Shutdown)
    iPad 2 (2E74387A-4144-47D4-8B9E-D7F91FAE5A2E) (Shutdown)
    iPad Retina (AAC5789A-A271-4030-B68D-ABA0EBD0EEC0) (Shutdown)
    iPad Air (D2F2F224-AE7D-4FFB-BFDB-D993618EA271) (Shutdown)
-- iOS 8.4 --
    iPhone 4s (0C539F54-B4A1-4AFB-AA41-78448ED140E5) (Shutdown)
    iPhone 5 (AF0D62DB-AEE0-4160-B55D-C689264A47C7) (Shutdown)
    iPhone 5s (ED740E57-474E-4989-A56A-E6B2235A85B6) (Shutdown)
    iPhone 6 (725C9010-EBC1-48E5-9378-0CD865B7F67B) (Shutdown)
    iPhone 6 Plus (76DE9F5F-B092-4B08-869A-916260D12D4D) (Shutdown)
    iPad 2 (0C5070A2-909C-41AB-AF3D-4FEF9A827D2E) (Shutdown)
    iPad Retina (B978698E-FEC1-48A8-AABC-9CF07D12B878) (Shutdown)
    iPad Air (9D08FA09-8B33-4717-97B7-A1EFE54A38F9) (Shutdown)
-- iOS 9.0 --
    iPhone 4s (3CAF5F46-376C-47ED-8042-40E4A86E2800) (Shutdown)
    iPhone 5 (FBFD5FA6-FFB8-4D0D-9F0F-8757FD9331F5) (Shutdown)
    iPhone 5s (F0D71D76-62F3-418C-A5C3-6F8BE290C98A) (Shutdown)
    iPhone 6 (3E72174D-BE16-4A97-BE66-2F9440F352C4) (Shutdown)
    iPhone 6 Plus (737784E5-7AB5-465C-A17B-40D63B6D6E3E) (Shutdown)
    iPhone 6s (41AC31E5-CDA2-471A-AEC5-049153F56BD6) (Shutdown)
    iPhone 6s Plus (43A2F196-3650-4064-8BD7-30A5D0DD9F0C) (Shutdown)
    iPad 2 (999AAB8F-C7DE-4AA7-A23D-2FA0CE5D00AE) (Shutdown)
    iPad Retina (A254F86E-8D01-4E51-AB25-C199580FAFBF) (Shutdown)
    iPad Air (78A10D4A-1329-41FA-9A10-D9B889FAF150) (Shutdown)
    iPad Air 2 (75BC8173-6510-4741-AA0A-A614CC386E8E) (Shutdown)
-- iOS 9.1 --
    iPhone 4s (A7E09D94-EE20-44DC-9FCA-07B1DBA1BF72) (Shutdown)
    iPhone 5 (1C8AF959-007F-4E14-8931-B2D4DB83BD2D) (Shutdown)
    iPhone 5s (628A04B4-74EB-4CE3-B8C6-BB941B7A11E9) (Shutdown)
    iPhone 6 (0DBCD4F4-7152-4844-AAC1-BCFACE541955) (Shutdown)
    iPhone 6 Plus (BE7F0625-2063-450A-A29C-69CCD3D0EBC7) (Shutdown)
    iPhone 6s (BFE29FD7-0E02-4139-9459-A2FB24B8946F) (Shutdown)
    iPhone 6s Plus (B3E40320-F26A-42DA-8575-A8413B10EF30) (Shutdown)
    iPad 2 (D362E01A-AC4F-4D08-8793-E379AD89D57C) (Shutdown)
    iPad Retina (954CB80F-0CE1-4D2E-A313-1F2427B53214) (Shutdown)
    iPad Air (86CEF9DA-EA7F-4194-9D78-0A5AE41053D1) (Shutdown)
    iPad Air 2 (05EE2839-6505-412F-8CCB-26BA68EB2494) (Shutdown)
    iPad Pro (FB541FFB-6577-4502-8DE8-B9988926E64E) (Shutdown)
-- iOS 9.2 --
    iPhone 4s (625C3029-8494-4ED4-93BB-28E146B3DAC8) (Shutdown)
    iPhone 5 (EFACDF5B-1EC4-43DC-BF21-F531297313A7) (Shutdown)
    iPhone 5s (22E10A64-2768-41AF-A83D-AE2467D76C4C) (Shutdown)
    iPhone 6 (33BDA6AE-60E1-4011-A174-160A0B33196B) (Shutdown)
    iPhone 6 Plus (1DCE786F-0CD0-4FEC-93EA-1DABBAE0BC08) (Shutdown)
    iPhone 6s (57E3E897-14F0-406C-9FB9-65B32E6876C5) (Shutdown)
    iPhone 6s Plus (BAAD52A0-048F-4221-AE60-EB9E1C561C02) (Shutdown)
    iPad 2 (E2DBD248-1637-493A-9007-AB2B627BB4E7) (Shutdown)
    iPad Retina (B3F5E478-4F8B-416A-9EEB-EBE7D19D69C4) (Shutdown)
    iPad Air (FBDA9737-E9E6-4B63-B8E7-398FD16AEEA0) (Shutdown)
    iPad Air 2 (A1836880-2A32-4113-9017-80855380A858) (Shutdown)
    iPad Pro (F6483BD4-BC8D-469B-9A32-8F83E51A6D3C) (Shutdown)
-- iOS 9.3 --
    iPhone 4s (60C8CED6-F4FD-4715-8B5B-EBA552EA43E4) (Shutdown)
    iPhone 5 (0A36A22D-4464-4112-AA6A-A31C778EC076) (Shutdown)
    iPhone 5s (4F8E8A8D-BF39-489D-9791-E0B28B4C7BCD) (Shutdown)
    iPhone 6 (6D8444B5-BC31-40E2-A603-55425209912F) (Shutdown)
    iPhone 6 Plus (78EA3AB9-3763-4745-AE00-94720684946D) (Shutdown)
    iPhone 6s (F858808A-C7BF-422B-92BF-835DBD5CBD65) (Shutdown)
    iPhone 6s Plus (EC246D07-02C4-4165-8651-188D08AF637A) (Shutdown)
    iPad 2 (7DA02909-19FE-436B-BE5A-7C6309C76CC0) (Shutdown)
    iPad Retina (2198B0A5-332D-41F1-A1F3-A57449985EC2) (Shutdown)
    iPad Air (FFF8EC38-665C-4F9D-B896-918A4CF11F61) (Shutdown)
    iPad Air 2 (272F324C-B63C-4CF7-A1B4-5770700F5284) (Shutdown)
    iPad Pro (2946DF9B-C866-4873-B417-6818231A3C0B) (Shutdown)
-- iOS 10.0 --
    iPhone 5 (CB52D4F6-45EA-46C0-89EC-156C14318DE7) (Shutdown)
    iPhone 5s (EBE6CC53-2B24-4A21-972C-8DA7F204F82D) (Shutdown)
    iPhone 6 (6F0859F8-ACDE-4E21-A9CE-42EE2B674283) (Shutdown)
    iPhone 6 Plus (528B8586-B7CC-4274-AC63-AFA0216E5A2B) (Shutdown)
    iPhone 6s (C0247C66-7FA0-4DA5-BB03-2E7D664990D0) (Shutdown)
    iPhone 6s Plus (0F7151D9-6AD1-436F-A9C1-09C2BCF31C14) (Shutdown)
    iPhone SE (2EF2359D-001D-4584-8376-0A538FE85BCD) (Shutdown)
    iPad Air (204F9B72-AFAF-45DF-BAA9-4DF4C04E8970) (Shutdown)
    iPad Air 2 (25F1C8B4-0242-4588-9070-393BCD0BEC16) (Shutdown)
    iPad Pro (9.7 inch) (EED69041-8B5A-4C0E-B61F-1B640CCB7DD3) (Shutdown)
    iPad Pro (12.9 inch) (E53AEBA3-F18E-44FD-BB50-0D5019A0C410) (Shutdown)
-- iOS 10.1 --
    iPhone 5 (685DB276-6311-43E1-B941-1CD0D7DF2191) (Shutdown)
    iPhone 5s (C16EBC90-37B0-4FCB-8318-BA095C90EEE4) (Shutdown)
    iPhone 6 (2DF97144-8E54-4D61-B0E9-113952BF25E4) (Shutdown)
    iPhone 6 Plus (57813821-D423-4BBB-AA1E-A208B97A5D1A) (Shutdown)
    iPhone 6s (6DE638B6-FBD1-4384-AF84-2D2F458692B4) (Shutdown)
    iPhone 6s Plus (FC07F4BB-A449-481D-8759-D94D5F39D8E7) (Shutdown)
    iPhone 7 (81376B7F-9ACD-4372-BE91-AA6407586B5A) (Shutdown)
    iPhone 7 Plus (5FFD1B1C-62D0-40A2-8BFF-069A83510ACE) (Shutdown)
    iPhone SE (12F91223-7702-4716-A8E4-E00831C6F289) (Shutdown)
    iPad Air (93E8714C-1236-4C2A-A8A4-0BDB774BC6AC) (Shutdown)
    iPad Air 2 (01C56FA2-1799-4081-A7F5-AE9842E73E60) (Shutdown)
    iPad Pro (9.7 inch) (B86057EB-960A-45E9-8B67-387C7BE2B70B) (Shutdown)
    iPad Pro (12.9 inch) (DD366FA2-B0C9-4C13-811E-48488F6D7989) (Shutdown)
-- iOS 10.2 --
    iPhone 5 (FD93468D-445B-4BAE-A786-72356968647D) (Shutdown)
    iPhone 5s (47348FD6-CE2F-4F40-9635-B37B91A02C5B) (Shutdown)
    iPhone 6 (15A424E2-230D-44AC-9776-4DCC1650FDD9) (Shutdown)
    iPhone 6 Plus (0B1C1F1C-21B8-4044-98BD-EA07D51A6E08) (Shutdown)
    iPhone 6s (B3193EE5-8BC2-462A-99A0-FB7793A36892) (Shutdown)
    iPhone 6s Plus (1B90D911-7CD8-400D-8B98-10074B9734B4) (Shutdown)
    iPhone 7 (FF05811F-A771-4086-B5B2-E786048740E8) (Shutdown)
    iPhone 7 Plus (6CA8F098-F2D0-4109-A729-7F12A6365F37) (Shutdown)
    iPhone SE (FC1E0A2F-6FF4-42E9-A3D5-39358CD0EE37) (Shutdown)
    iPad Air (A52242FC-248D-43B9-AFC7-4252EECD6F6F) (Shutdown)
    iPad Air 2 (88EA5DE7-F9AF-4EA8-8AB9-914541A7211A) (Shutdown)
    iPad Pro (9.7 inch) (C27D1EFB-0CCC-42BD-86B1-0B282D32CF0B) (Shutdown)
    iPad Pro (12.9 inch) (370BBE11-00A5-4772-AFF4-54F9087DEE1C) (Shutdown)
-- iOS 10.3 --
    iPhone 5 (CAE24FEB-150C-42A2-87FE-D99B1DB7FD9D) (Shutdown)
    iPhone 5s (9DBAECEA-1501-4F28-91AF-A88AA2057BDC) (Shutdown)
    iPhone 6 (37082CDD-7ACB-4525-960D-524B2A3033FF) (Shutdown)
    iPhone 6 Plus (66C7DFFC-DFE2-404D-B135-0B4254A560B3) (Shutdown)
    iPhone 6s (A0FA0875-362B-428D-A841-0A0F9F00BE82) (Shutdown)
    iPhone 6s Plus (BFE4F4C8-EA76-498D-932D-E944D68FAD33) (Shutdown)
    iPhone 7 (7FB8E0EC-0A78-4134-87DF-1B6897CC5D22) (Shutdown)
    iPhone 7 Plus (02A0BF7F-1422-4D81-B5F4-AC83ED579614) (Shutdown)
    iPhone SE (96BA9062-95FB-478B-9440-8EB592D6F02B) (Shutdown)
    iPad Air (878DE0C2-9E6D-4E89-8C6E-793B13187F38) (Shutdown)
    iPad Air 2 (4BB17517-E892-4E8B-9115-09DCBE6D77CD) (Shutdown)
    iPad (5th generation) (14CDFA70-39CC-4F2D-813C-F912C5B9FE9B) (Shutdown)
    iPad Pro (9.7 inch) (A61DABD3-F118-4434-B4F4-EB60B77AF461) (Shutdown)
    iPad Pro (12.9 inch) (F2568B82-AD2A-40B6-BDAA-F86B96BFCE75) (Shutdown)
    iPad Pro (12.9-inch) (2nd generation) (8D4CB949-0BB8-4C17-9D98-FBC65835EFE4) (Shutdown)
    iPad Pro (10.5-inch) (80E6C719-BE33-4CAB-B4DB-89BD1465707F) (Shutdown)
-- iOS 11.0 --
    iPhone 5s (23D344E1-D1E1-4E88-8BB2-6E39D4C37CA1) (Shutdown)
    iPhone 6 (D57F657D-A6AB-4354-8049-7C0575239524) (Shutdown)
    iPhone 6 Plus (10D3763A-0328-43A2-BD5E-EE81ABC8F590) (Shutdown)
    iPhone 6s (24A690CA-0113-44A9-9DA1-105F2B79F300) (Shutdown)
    iPhone 6s Plus (26867860-DF7A-4585-AFC8-B35A8C8CF4AB) (Shutdown)
    iPhone 7 (C116C31C-FED2-48B5-9EDA-1FDC894011B2) (Shutdown)
    iPhone 7 Plus (64DFA24C-616A-48C6-A1A3-A42DE3E3D139) (Shutdown)
    iPhone SE (454EB225-B3E6-4C87-AFF8-2A11A2B2F77A) (Shutdown)
    iPad Air (4151D64D-8924-4A39-895A-3E8E4EF728B0) (Shutdown)
    iPad Air 2 (BEF5B481-738F-4C85-81D0-C731F606DBCC) (Shutdown)
    iPad (5th generation) (A4A93160-B559-41BB-8E9F-30637D659F6E) (Shutdown)
    iPad Pro (9.7-inch) (0944FD01-EF86-4474-A05B-7180CD747D36) (Shutdown)
    iPad Pro (12.9-inch) (04B39122-06EB-4609-A852-D6D717421520) (Shutdown)
    iPad Pro (12.9-inch) (2nd generation) (5DAE24ED-C991-463B-8379-B6FB88056583) (Shutdown)
    iPad Pro (10.5-inch) (02DF4083-782A-4B08-9340-422FFF44589E) (Shutdown)
-- tvOS 9.0 --
    Apple TV 1080p (C32156BE-CDEE-43B8-9292-82BD0044ECD5) (Shutdown)
-- tvOS 9.1 --
    Apple TV 1080p (5855BC6C-13F2-46E2-A000-A316BDABD4A3) (Shutdown)
-- tvOS 9.2 --
    Apple TV 1080p (220A32E4-ACC2-4606-8F10-D1BD14A9DA79) (Shutdown)
-- tvOS 10.0 --
    Apple TV 1080p (E55A31B5-8475-48B0-A7A0-3D447939CE76) (Shutdown)
-- tvOS 10.1 --
    Apple TV 1080p (7D973D77-174B-4CDE-A52B-6690BA9EE047) (Shutdown)
-- tvOS 10.2 --
    Apple TV 1080p (EAA6DA30-2A09-4646-82E8-CBB83F533B30) (Shutdown)
-- tvOS 11.0 --
    Apple TV 1080p (164CB239-E3D0-4251-9E93-2E1900D0FE73) (Shutdown)
-- watchOS 2.0 --
    Apple Watch - 38mm (D635FFBF-EB3F-4099-BF80-16284F8DD7BB) (Shutdown)
    Apple Watch - 42mm (02C2EFDB-1718-41D1-8E03-272B10CD164E) (Shutdown)
-- watchOS 2.1 --
    Apple Watch - 38mm (040916DE-CEF0-4DDE-83F4-D033B356607F) (Shutdown)
    Apple Watch - 42mm (784C4E26-2057-46CB-BF18-69BA00F396E1) (Shutdown)
-- watchOS 2.2 --
    Apple Watch - 38mm (0EA6CB68-691C-44C5-9EA3-0332240F9F9F) (Shutdown)
    Apple Watch - 42mm (101964BE-5E3B-4BF0-B8C7-4EB904910DAD) (Shutdown)
-- watchOS 3.1 --
    Apple Watch - 38mm (19597C16-F6F6-410B-A5DE-D6B7A1FB8EC2) (Shutdown)
    Apple Watch - 42mm (A74E610D-35A2-4AE6-954B-5BFC02105D00) (Shutdown)
    Apple Watch Series 2 - 38mm (15DF42D2-BA31-4C80-B45F-D02DAF0D3E68) (Shutdown)
    Apple Watch Series 2 - 42mm (ECD2913A-7586-4DC8-8413-29F729B104E6) (Shutdown)
-- watchOS 3.2 --
    Apple Watch - 38mm (AEDCD9CF-ECBA-4DFB-9C0C-2DC1EECCB4F5) (Shutdown)
    Apple Watch - 42mm (AC38B200-4FB3-4B2D-ABC0-6CAA26DF2143) (Shutdown)
    Apple Watch Series 2 - 38mm (C90DF073-A1B7-4C9C-B2AD-190958BE7C94) (Shutdown)
    Apple Watch Series 2 - 42mm (373457D0-73B8-4C13-8752-0E9181CE743F) (Shutdown)
-- watchOS 4.0 --
    Apple Watch - 38mm (35413946-EDAC-480F-A772-08031D2CEC38) (Shutdown)
    Apple Watch - 42mm (FFB80643-FA40-4338-93E6-8320A6806F52) (Shutdown)
    Apple Watch Series 2 - 38mm (BFE44C3A-2023-4660-80AB-BC0FD0227242) (Shutdown)
    Apple Watch Series 2 - 42mm (14DAFBA1-9FC8-43CD-AC48-909DE5EA0F91) (Shutdown)
== Device Pairs ==
FA607EE1-D423-4D16-AEB9-AB20416FE73E (active, disconnected)
    Watch: Apple Watch - 38mm (35413946-EDAC-480F-A772-08031D2CEC38) (Shutdown)
    Phone: iPhone 6s (24A690CA-0113-44A9-9DA1-105F2B79F300) (Shutdown)
9B902BDB-96FC-4F05-84FB-7ED252E4B9DB (active, disconnected)
    Watch: Apple Watch - 42mm (FFB80643-FA40-4338-93E6-8320A6806F52) (Shutdown)
    Phone: iPhone 6s Plus (26867860-DF7A-4585-AFC8-B35A8C8CF4AB) (Shutdown)
5013DD07-28CE-4E08-875C-9382388884D5 (active, disconnected)
    Watch: Apple Watch Series 2 - 38mm (BFE44C3A-2023-4660-80AB-BC0FD0227242) (Shutdown)
    Phone: iPhone 7 (C116C31C-FED2-48B5-9EDA-1FDC894011B2) (Shutdown)
DAF90F8F-2C30-4E09-8807-67D5277B0235 (active, disconnected)
    Watch: Apple Watch Series 2 - 42mm (14DAFBA1-9FC8-43CD-AC48-909DE5EA0F91) (Shutdown)
    Phone: iPhone 7 Plus (64DFA24C-616A-48C6-A1A3-A42DE3E3D139) (Shutdown)

========================================


=== OS X info =========================

* sw_vers
ProductName:	Mac OS X
ProductVersion:	10.12.5
BuildVersion:	16F73

* system_profiler SPSoftwareDataType
Software:

    System Software Overview:

      System Version: macOS 10.12.5 (16F73)
      Kernel Version: Darwin 16.6.0
      Boot Volume: Macintosh HD
      Boot Mode: Normal
      Computer Name: controlosxstagebhostondemandinternaltest.local
      User Name: vagrant (vagrant)
      Secure Virtual Memory: Enabled
      System Integrity Protection: Disabled
      Time since boot: 1 minute


========================================


=== System infos =======================
* Free disk space: /dev/disk0s2  199Gi  118Gi   81Gi    60% 2713526 4292253753    0%   /
========================================


=== Environment infos =======================
MATCH_KEYCHAIN_PASSWORD environment set
========================================


=== Control tests ======================
source $HOME/.bash_profile ...
source $HOME/.bash_profile - PASSED
========================================

