 (i) Ignore Errors: disabled

#
# This System Report was generated by: https://github.com/bitrise-io/osx-box-bootstrap/blob/master/system_report.sh
#  Pull Requests are welcome!
#


=== Revision / ID ======================
* BITRISE_OSX_STACK_REV_ID: v2016_10_04_1
========================================


=== Pre-installed tool versions ========
* Go: go version go1.7.1 darwin/amd64
* Ruby: ruby 2.3.1p112 (2016-04-26 revision 54768) [x86_64-darwin15]
* Python: Python 2.7.12
* Node.js: v6.7.0
* NPM: 3.10.7
* Java: java version "1.8.0_102"
Java(TM) SE Runtime Environment (build 1.8.0_102-b14)
Java HotSpot(TM) 64-Bit Server VM (build 25.102-b14, mixed mode)

* git: git version 2.10.1
* git lfs: git-lfs/1.4.1 (GitHub; darwin amd64; go 1.7)
* mercurial/hg: Mercurial Distributed SCM (version 3.9.2)
* curl: curl 7.43.0 (x86_64-apple-darwin15.0) libcurl/7.43.0 SecureTransport zlib/1.2.5
* wget: GNU Wget 1.18 built on darwin15.5.0.
* rsync: rsync  version 2.6.9  protocol version 29
* unzip: UnZip 5.52 of 28 February 2005, by Info-ZIP.  Maintained by C. Spieler.  Send
* zip: This is Zip 3.0 (July 5th 2008), by Info-ZIP.
* tar: bsdtar 2.8.3 - libarchive 2.8.3
* tree: tree v1.7.0 (c) 1996 - 2014 by Steve Baker, Thomas Moore, Francesc Rocher, Florian Sesser, Kyosuke Tokoro 

* brew: Homebrew 1.0.6
Homebrew/homebrew-core (git revision 737a; last commit 2016-10-05)
* xctool: 0.2.9
* Ansible: ansible 2.1.2.0
* gtimeout: timeout (GNU coreutils) 8.25
* watchman: 4.7.0
* flow: Flow, a static type checker for JavaScript, version 0.33.0
* carthage: 0.18
* imagemagick (convert): Version: ImageMagick 6.9.5-10 Q16 x86_64 2016-09-21 http://www.imagemagick.org
* ghostscript (ps2ascii): 9.19
./system_report.sh: line 62: wine: command not found
* wine: 

--- Bitrise CLI tool versions
* bitrise: 1.4.0
* stepman: 0.9.23
* envman: 1.1.1
* bitrise-bridge: 0.9.10
* cmd-bridge: 0.9.4
========================================


=== Ruby GEMs ==========================
* Bundler: Bundler version 1.13.2
* CocoaPods: 1.0.1
* fastlane: fastlane 1.104.0
* xcpretty: 0.2.3
* Nomad CLI: 2.5.1
* Nomad CLI IPA / Shenzhen: ipa 0.14.2
========================================


=== All Ruby GEMs ======================
activesupport (5.0.0.1, 4.2.7.1)
addressable (2.3.8)
aws-sdk (1.66.0)
aws-sdk-v1 (1.66.0)
babosa (1.0.2)
bigdecimal (1.2.8)
bundler (1.13.2)
cert (1.4.2)
certified (1.0.0)
claide (1.0.0)
cocoapods (1.0.1)
cocoapods-core (1.0.1)
cocoapods-deintegrate (1.0.1)
cocoapods-downloader (1.1.1)
cocoapods-plugins (1.0.0)
cocoapods-search (1.0.0)
cocoapods-stats (1.0.0)
cocoapods-trunk (1.0.0)
cocoapods-try (1.1.0)
colored (1.2)
commander (4.4.0)
concurrent-ruby (1.0.2)
credentials_manager (0.16.1)
cupertino (1.3.4)
deliver (1.14.0)
did_you_mean (1.0.0)
domain_name (0.5.20160826)
dotenv (2.1.1)
dubai (0.1.0)
escape (0.0.4)
excon (0.53.0)
faraday (0.9.2, 0.8.11)
faraday-cookie_jar (0.0.6)
faraday_middleware (0.10.0)
fastimage (1.6.8)
fastlane (1.104.0)
fastlane_core (0.52.1)
fourflusher (0.3.2)
frameit (2.7.0)
fuzzy_match (2.0.4)
gh_inspector (1.0.2)
google-api-client (0.9.15)
googleauth (0.5.1)
gym (1.10.0)
highline (1.7.8)
houston (2.2.3)
http-cookie (1.0.3)
httpclient (2.8.2.4)
hurley (0.2)
i18n (0.7.0)
io-console (0.4.5)
json (1.8.3)
jwt (1.5.6)
krausefx-shenzhen (0.14.10)
little-plugger (1.1.4)
logging (2.1.0)
match (0.8.0)
mechanize (2.5.1)
memoist (0.15.0)
mime-types (1.25.1)
mini_magick (4.5.1)
mini_portile2 (2.1.0)
minitest (5.8.3)
molinillo (0.4.5)
multi_json (1.12.1)
multi_xml (0.5.5)
multipart-post (2.0.0, 1.2.0)
nap (1.1.0)
net-http-digest_auth (1.4)
net-http-persistent (2.9.4)
net-sftp (2.1.2)
net-ssh (3.2.0)
net-telnet (0.1.1)
netrc (0.7.8)
nokogiri (1.6.8.1)
nomad-cli (0.0.2)
ntlm-http (0.1.1)
os (0.9.6)
pem (1.3.2)
pilot (1.10.0)
plist (3.1.0)
power_assert (0.2.6)
produce (1.2.0)
psych (2.0.17)
rack (1.6.4)
rack-protection (1.5.3)
rake (10.4.2)
rdoc (4.2.1)
representable (2.3.0)
retriable (2.1.0)
rouge (1.11.1)
rubyzip (1.2.0, 1.1.7)
scan (0.13.0)
screengrab (0.5.4)
security (0.1.3)
shenzhen (0.14.2)
sigh (1.11.1)
signet (0.7.3)
sinatra (1.4.7)
slack-notifier (1.5.1)
snapshot (1.16.1)
spaceship (0.34.2)
supply (0.7.1)
term-ansicolor (1.0.7)
terminal-notifier (1.6.3)
terminal-table (1.4.5)
test-unit (3.1.5)
thread_safe (0.3.5)
tilt (2.0.5)
tzinfo (1.2.2)
uber (0.0.15)
unf (0.1.4)
unf_ext (0.0.7.2)
venice (0.3.0)
webrobots (0.1.2)
word_wrap (1.0.0)
xcode-install (2.0.7)
xcodeproj (1.3.1)
xcpretty (0.2.3)
xcpretty-travis-formatter (0.0.4)
========================================


=== Checking Xcode CLT dirs ============

 * ls -alh /usr/include/CommonCrypto
total 24
drwxr-xr-x   10 root  wheel   340B Feb  4  2016 .
drwxr-xr-x  258 root  wheel   8.6K Aug 15 09:06 ..
-rw-r--r--    1 root  wheel   1.3K Feb  4  2016 CommonCrypto.h
-rw-r--r--    1 root  wheel   2.4K Feb  4  2016 CommonCryptoError.h
-rw-r--r--    1 root  wheel    33K Feb  4  2016 CommonCryptor.h
-rw-r--r--    1 root  wheel    11K Feb  4  2016 CommonDigest.h
-rw-r--r--    1 root  wheel   4.1K Feb  4  2016 CommonHMAC.h
-rw-r--r--    1 root  wheel   4.6K Feb  4  2016 CommonKeyDerivation.h
-rw-r--r--    1 root  wheel   1.7K Feb  4  2016 CommonRandom.h
-rw-r--r--    1 root  wheel   6.1K Feb  4  2016 CommonSymmetricKeywrap.h

 * ls -alh /Library/Developer/CommandLineTools/
total 0
drwxr-xr-x  4 root  admin   136B Apr 26 16:49 .
drwxr-xr-x  4 root  admin   136B Oct  5 03:46 ..
drwxr-xr-x  5 root  admin   170B Apr 26 16:58 Library
drwxr-xr-x  7 root  admin   238B Apr 26 16:53 usr

 * /Library/Developer/CommandLineTools/usr/bin/swift --version
Apple Swift version 2.2 (swiftlang-703.0.18.8 clang-703.0.31)
Target: x86_64-apple-macosx10.9

========================================


=== Xcode ==============================

* Active Xcode Command Line Tools:
/Applications/Xcode-beta.app/Contents/Developer

* Xcode Version:
Xcode 8.1
Build version 8T46g

* Installed SDKs:
iOS SDKs:
	iOS 10.1                      	-sdk iphoneos10.1

iOS Simulator SDKs:
	Simulator - iOS 10.1          	-sdk iphonesimulator10.1

macOS SDKs:
	macOS 10.12                   	-sdk macosx10.12

tvOS SDKs:
	tvOS 10.0                     	-sdk appletvos10.0

tvOS Simulator SDKs:
	Simulator - tvOS 10.0         	-sdk appletvsimulator10.0

watchOS SDKs:
	watchOS 3.1                   	-sdk watchos3.1

watchOS Simulator SDKs:
	Simulator - watchOS 3.1       	-sdk watchsimulator3.1


* Available Simulators:
== Device Types ==
iPhone 4s (com.apple.CoreSimulator.SimDeviceType.iPhone-4s)
iPhone 5 (com.apple.CoreSimulator.SimDeviceType.iPhone-5)
iPhone 5s (com.apple.CoreSimulator.SimDeviceType.iPhone-5s)
iPhone 6 (com.apple.CoreSimulator.SimDeviceType.iPhone-6)
iPhone 6 Plus (com.apple.CoreSimulator.SimDeviceType.iPhone-6-Plus)
iPhone 6s (com.apple.CoreSimulator.SimDeviceType.iPhone-6s)
iPhone 6s Plus (com.apple.CoreSimulator.SimDeviceType.iPhone-6s-Plus)
iPhone 7 (com.apple.CoreSimulator.SimDeviceType.iPhone-7)
iPhone 7 Plus (com.apple.CoreSimulator.SimDeviceType.iPhone-7-Plus)
iPhone SE (com.apple.CoreSimulator.SimDeviceType.iPhone-SE)
iPad 2 (com.apple.CoreSimulator.SimDeviceType.iPad-2)
iPad Retina (com.apple.CoreSimulator.SimDeviceType.iPad-Retina)
iPad Air (com.apple.CoreSimulator.SimDeviceType.iPad-Air)
iPad Air 2 (com.apple.CoreSimulator.SimDeviceType.iPad-Air-2)
iPad Pro (9.7-inch) (com.apple.CoreSimulator.SimDeviceType.iPad-Pro--9-7-inch-)
iPad Pro (12.9-inch) (com.apple.CoreSimulator.SimDeviceType.iPad-Pro)
Apple TV 1080p (com.apple.CoreSimulator.SimDeviceType.Apple-TV-1080p)
Apple Watch - 38mm (com.apple.CoreSimulator.SimDeviceType.Apple-Watch-38mm)
Apple Watch - 42mm (com.apple.CoreSimulator.SimDeviceType.Apple-Watch-42mm)
Apple Watch Series 2 - 38mm (com.apple.CoreSimulator.SimDeviceType.Apple-Watch-Series-2-38mm)
Apple Watch Series 2 - 42mm (com.apple.CoreSimulator.SimDeviceType.Apple-Watch-Series-2-42mm)
== Runtimes ==
iOS 8.1 (8.1 - 12B411) (com.apple.CoreSimulator.SimRuntime.iOS-8-1)
iOS 8.2 (8.2 - 12D508) (com.apple.CoreSimulator.SimRuntime.iOS-8-2)
iOS 8.3 (8.3 - 12F70) (com.apple.CoreSimulator.SimRuntime.iOS-8-3)
iOS 8.4 (8.4 - 12H141) (com.apple.CoreSimulator.SimRuntime.iOS-8-4)
iOS 9.0 (9.0 - 13A344) (com.apple.CoreSimulator.SimRuntime.iOS-9-0)
iOS 9.1 (9.1 - 13B143) (com.apple.CoreSimulator.SimRuntime.iOS-9-1)
iOS 9.2 (9.2 - 13C75) (com.apple.CoreSimulator.SimRuntime.iOS-9-2)
iOS 10.1 (10.1 - 14B65) (com.apple.CoreSimulator.SimRuntime.iOS-10-1)
tvOS 9.0 (9.0 - 13T395) (com.apple.CoreSimulator.SimRuntime.tvOS-9-0)
tvOS 9.1 (9.1 - 13U85) (com.apple.CoreSimulator.SimRuntime.tvOS-9-1)
tvOS 10.0 (10.0 - 14T328) (com.apple.CoreSimulator.SimRuntime.tvOS-10-0)
watchOS 2.0 (2.0 - 13S343) (com.apple.CoreSimulator.SimRuntime.watchOS-2-0)
watchOS 2.1 (2.1 - 13S661) (com.apple.CoreSimulator.SimRuntime.watchOS-2-1)
watchOS 3.1 (3.1 - 14S462) (com.apple.CoreSimulator.SimRuntime.watchOS-3-1)
== Devices ==
-- iOS 8.1 --
    iPhone 4s (852A9536-BBF9-4BE8-9FC8-26A4248815F6) (Shutdown)
    iPhone 5 (73F5E7D2-7698-46AF-9E08-874CFB8CADC3) (Shutdown)
    iPhone 5s (10BD836A-486A-4C8B-BF6A-C04310E31571) (Shutdown)
    iPhone 6 (3A139163-4FEE-4DDE-8312-A1AC8CAC938A) (Shutdown)
    iPhone 6 Plus (8A923399-1DD0-40E2-BF25-D6F520B26806) (Shutdown)
    iPad 2 (B716FF17-9154-4DE4-8D65-8671C8930E99) (Shutdown)
    iPad Retina (86E1C96F-177B-4935-B67B-27BDF25793CF) (Shutdown)
    iPad Air (670CAA76-E407-4838-AC41-3B9B0A32FC08) (Shutdown)
-- iOS 8.2 --
    iPhone 4s (E867E0BF-2C89-488C-8948-F7D04B2E38FB) (Shutdown)
    iPhone 5 (042E2614-61B4-485D-8884-44A050FB3D56) (Shutdown)
    iPhone 5s (653C49AC-7F6B-4EFF-A185-AF0ACD7C5F95) (Shutdown)
    iPhone 6 (868FCBF4-84CD-4B72-A7BA-822D221DB316) (Shutdown)
    iPhone 6 Plus (8D6F1CAD-E6DD-4875-BD6B-07C6DE60F6BC) (Shutdown)
    iPad 2 (52FFF822-DA05-477F-A5B8-2614BD2267E0) (Shutdown)
    iPad Retina (0C5D4232-E259-400C-9072-692AC28EF879) (Shutdown)
    iPad Air (3A171016-5897-426D-8776-EC7067E96E73) (Shutdown)
-- iOS 8.3 --
    iPhone 4s (1394A0E1-C20D-45A5-9275-B88E509413B0) (Shutdown)
    iPhone 5 (A012FF90-7146-42D5-9AFF-B462E5E99337) (Shutdown)
    iPhone 5s (3CCFB582-B419-465F-8A42-91EA245BC626) (Shutdown)
    iPhone 6 (B1906D65-6514-47ED-9830-2A4C9E8783A5) (Shutdown)
    iPhone 6 Plus (99A0B2D0-C87F-4BBF-9864-6D404AD84390) (Shutdown)
    iPad 2 (E248EF80-038F-4034-A6D4-B0809B7E694F) (Shutdown)
    iPad Retina (C1AC4CE1-C2A4-43F3-B7B3-F2B336788599) (Shutdown)
    iPad Air (BBB9B1AB-5C16-4051-BC6E-63D13D1DF0FB) (Shutdown)
-- iOS 8.4 --
    iPhone 4s (3EC2476E-A959-48A5-B015-E9424207698F) (Shutdown)
    iPhone 5 (07CC8ECC-070E-42E1-9604-84E348C72D30) (Shutdown)
    iPhone 5s (72F4119B-3FEE-429E-B344-33F16281783C) (Shutdown)
    iPhone 6 (4C724BD7-AAA3-4E4B-9A14-0CBBFCDDEAD8) (Shutdown)
    iPhone 6 Plus (93C23346-1A2D-474F-BF6A-63A169E80128) (Shutdown)
    iPad 2 (E9314B43-EFEA-484E-8F92-D02D2DE206C3) (Shutdown)
    iPad Retina (3A90230D-1FCA-4186-99F2-6E3905BDA65B) (Shutdown)
    iPad Air (46AF1DC2-F9D2-4BE1-AFD6-100A32B5F1ED) (Shutdown)
-- iOS 9.0 --
    iPhone 4s (F25D8F42-45E3-4BC2-B7D2-DEF5DDD911AC) (Shutdown)
    iPhone 5 (650FAC1E-CEE3-4FA3-8A89-256EB27B0259) (Shutdown)
    iPhone 5s (1C7810B9-A8A9-4253-90F2-FDA148950688) (Shutdown)
    iPhone 6 (7D9EEB39-9EF7-4ADB-894B-1F3689E06CF8) (Shutdown)
    iPhone 6 Plus (7513741E-8C59-4C12-B51B-C2D16771518A) (Shutdown)
    iPhone 6s (298275F8-D367-4912-A773-890F7E999B3C) (Shutdown)
    iPhone 6s Plus (6D0BF922-DA17-4DCF-8AB7-909601C58A99) (Shutdown)
    iPad 2 (B8E75AF8-3C0D-43C6-A4A1-29BDB519BAB0) (Shutdown)
    iPad Retina (4AEF76A8-E78A-4E61-A809-CE5ADCC6E976) (Shutdown)
    iPad Air (AA1BFFF0-B206-4C2B-B256-03BF499DD9BC) (Shutdown)
    iPad Air 2 (DAA8E507-FDAE-4CA3-BABE-D2819784EDC9) (Shutdown)
-- iOS 9.1 --
    iPhone 4s (7CD6E6CF-A3BC-4A1D-9E4F-BB888EE54DBB) (Shutdown)
    iPhone 5 (8298EB4C-D933-48F7-9F8D-9E79D20898AA) (Shutdown)
    iPhone 5s (65574B5F-4C56-42FF-8501-7DBF8CDB612C) (Shutdown)
    iPhone 6 (CC48F354-E9E1-4F2F-A9CA-700F014CC11E) (Shutdown)
    iPhone 6 Plus (514DD70B-7356-417D-8552-BD980D04EC14) (Shutdown)
    iPhone 6s (751AAE2F-995C-4FB6-B63D-15DB5C9E145D) (Shutdown)
    iPhone 6s Plus (389297D0-4BDE-4024-83FA-3E9B88EA2BD3) (Shutdown)
    iPad 2 (0A8AFF26-CC42-4FE7-A3E5-201793ADFD29) (Shutdown)
    iPad Retina (183398A5-81E6-4A50-BE13-ACD5AD74845D) (Shutdown)
    iPad Air (C8EE3E9D-4DC7-44ED-B03B-E9805259F2B1) (Shutdown)
    iPad Air 2 (D2F29EB7-1580-4E61-A17B-D7367432EDD1) (Shutdown)
    iPad Pro (84EB8241-1FCD-4BDD-B8F0-0A0EB6E85528) (Shutdown)
-- iOS 9.2 --
    iPhone 4s (2A92E0F8-A4FC-48EB-B45D-58D018A8674F) (Shutdown)
    iPhone 5 (1E610C58-43D8-4210-B429-FFFC196F441D) (Shutdown)
    iPhone 5s (AD50AAD0-87B5-4CAF-B2CD-00EEA2706D0A) (Shutdown)
    iPhone 6 (9C3F4D2D-28AC-409C-9D59-BEA85F351AF0) (Shutdown)
    iPhone 6 Plus (A63A1574-4D4F-4AA9-AD39-C64713495706) (Shutdown)
    iPhone 6s (F9EC4F39-F13E-4C05-AB9F-7812F30EC0AB) (Shutdown)
    iPhone 6s Plus (E59FC1A9-4623-4243-BE3C-A5B22D3D06F8) (Shutdown)
    iPad 2 (F407A516-6F34-4493-9D78-9717EC5DDF50) (Shutdown)
    iPad Retina (75796202-F201-4926-8A55-70F191A23C01) (Shutdown)
    iPad Air (EDFB13F0-7F31-48FD-8947-014BF8E4E679) (Shutdown)
    iPad Air 2 (CCDBE6BB-528D-434B-82AF-60E4528E3E88) (Shutdown)
    iPad Pro (24C7918B-6A7A-4597-BE34-D1723B54DAE5) (Shutdown)
-- iOS 10.1 --
    iPhone 5 (C1F58AF6-0CA8-40D8-A18A-74AAE2C3CE5B) (Shutdown)
    iPhone 5s (099204E2-293A-4269-8688-ED9FEB1BBD6D) (Shutdown)
    iPhone 6 (E843AEA4-B043-4D2E-AC2B-60061EDFA549) (Shutdown)
    iPhone 6 Plus (199D600D-B8C9-4016-A0DF-E6D8354C863D) (Shutdown)
    iPhone 6s (EAF54AB1-C2B7-4D15-80B6-49DD401500F7) (Shutdown)
    iPhone 6s Plus (7EC192EB-5A95-432C-801E-35E8BE4119B1) (Shutdown)
    iPhone 7 (4104B082-5ADD-4BAC-A7F6-D2DBD8EBCAF2) (Shutdown)
    iPhone 7 Plus (E2734213-E239-40BC-BA41-92E0F3E5518F) (Shutdown)
    iPhone SE (F00446F7-FF68-4BC1-95B5-C8519FAF5768) (Shutdown)
    iPad Retina (CE1055B0-3465-4128-B352-F8AC57940D9A) (Shutdown)
    iPad Air (39F40C76-CD2A-4B21-90FE-7F169E42B9B6) (Shutdown)
    iPad Air 2 (095C1654-C47C-4B81-9D19-C7980E03DC50) (Shutdown)
    iPad Pro (9.7 inch) (D4FA364E-DA84-465C-AC71-E4BD270A1DF9) (Shutdown)
    iPad Pro (12.9 inch) (688A839B-EF15-47DA-93E3-43448C312E35) (Shutdown)
-- tvOS 9.0 --
    Apple TV 1080p (ADE81E2A-7B62-4A52-A980-6C512253584E) (Shutdown)
-- tvOS 9.1 --
    Apple TV 1080p (85B3DAAE-886F-442F-9C15-9CABFEB67CFC) (Shutdown)
-- tvOS 10.0 --
    Apple TV 1080p (E3BA29A5-F9AD-4DF8-9082-277448E13D19) (Shutdown)
-- watchOS 2.0 --
    Apple Watch - 38mm (3545B8F3-13BA-4FE2-8E1B-6A3064FB53D3) (Shutdown)
    Apple Watch - 42mm (ED0AA023-49FF-4064-9FFA-A5D91EE1E365) (Shutdown)
-- watchOS 2.1 --
    Apple Watch - 38mm (BAC4D273-F12A-40AB-8E50-99EA0323EE37) (Shutdown)
    Apple Watch - 42mm (07FA5295-11A5-4966-9661-A94E6897BE05) (Shutdown)
-- watchOS 3.1 --
    Apple Watch - 38mm (2E9329E0-C1AE-4C53-BF6A-E7371CB35E64) (Shutdown)
    Apple Watch - 42mm (E08547CA-0725-4213-B35C-94415ED21D5F) (Shutdown)
    Apple Watch Series 2 - 38mm (F54CC7FC-1C74-4A2B-B9D0-244198B9F482) (Shutdown)
    Apple Watch Series 2 - 42mm (F22B539E-6E2B-4CFC-93A0-F555245CC94F) (Shutdown)
== Device Pairs ==
DCEF8E67-9433-46C1-8E69-CE99712482BA (active, disconnected)
    Watch: Apple Watch Series 2 - 38mm (F54CC7FC-1C74-4A2B-B9D0-244198B9F482) (Shutdown)
    Phone: iPhone 7 (4104B082-5ADD-4BAC-A7F6-D2DBD8EBCAF2) (Shutdown)
C98E20F8-F387-4DDE-BE89-C59C98D105E6 (active, disconnected)
    Watch: Apple Watch Series 2 - 42mm (F22B539E-6E2B-4CFC-93A0-F555245CC94F) (Shutdown)
    Phone: iPhone 7 Plus (E2734213-E239-40BC-BA41-92E0F3E5518F) (Shutdown)

========================================


=== OS X info =========================

* sw_vers
ProductName:	Mac OS X
ProductVersion:	10.11.6
BuildVersion:	15G1004

* system_profiler SPSoftwareDataType
Software:

    System Software Overview:

      System Version: OS X 10.11.6 (15G1004)
      Kernel Version: Darwin 15.6.0
      Boot Volume: Macintosh HD
      Boot Mode: Normal
      Computer Name: controlosxstageahostondemandinternaltest.local
      User Name: vagrant (vagrant)
      Secure Virtual Memory: Enabled
      System Integrity Protection: Enabled
      Time since boot: 1 minute


========================================


=== System infos =======================
* Free disk space: /dev/disk0s2  199Gi   67Gi  132Gi    34% 17593598 34625298   34%   /
========================================


=== Control tests ======================
source $HOME/.bash_profile ...
source $HOME/.bash_profile - PASSED
========================================

