 (i) Ignore Errors: enabled

#
# This System Report was generated by: https://github.com/bitrise-io/osx-box-bootstrap/blob/master/system_report.sh
#  Pull Requests are welcome!
#


=== Revision / ID ======================
* BITRISE_OSX_STACK_REV_ID: v2017_03_14_1
========================================


=== Pre-installed tool versions ========
* Go: go version go1.8 darwin/amd64
* Ruby: ruby 2.4.1p111 (2017-03-22 revision 58053) [x86_64-darwin16]
* Python: Python 2.7.13
* Node.js: v7.8.0
* NPM: 4.2.0
* Yarn: 0.21.3
* Java: java version "1.8.0_121"
Java(TM) SE Runtime Environment (build 1.8.0_121-b13)
Java HotSpot(TM) 64-Bit Server VM (build 25.121-b13, mixed mode)

* git: git version 2.12.2
* git lfs: git-lfs/2.0.2 (GitHub; darwin amd64; go 1.8)
* mercurial/hg: Mercurial Distributed SCM (version 4.1.1)
* curl: curl 7.51.0 (x86_64-apple-darwin16.0) libcurl/7.51.0 SecureTransport zlib/1.2.8
* wget: GNU Wget 1.19.1 built on darwin16.4.0.
* rsync: rsync  version 2.6.9  protocol version 29
* unzip: UnZip 6.00 of 20 April 2009, by Info-ZIP.  Maintained by C. Spieler.  Send
* zip: This is Zip 3.0 (July 5th 2008), by Info-ZIP.
* tar: bsdtar 2.8.3 - libarchive 2.8.3
* tree: tree v1.7.0 (c) 1996 - 2014 by Steve Baker, Thomas Moore, Francesc Rocher, Florian Sesser, Kyosuke Tokoro 

* brew: Homebrew 1.1.11
Homebrew/homebrew-core (git revision 4842; last commit 2017-03-31)
./system_report.sh: line 55: xctool: command not found
* xctool: 
* Ansible: ansible 2.2.1.0
* gtimeout: timeout (GNU coreutils) 8.27
* watchman: 4.7.0
* flow: Flow, a static type checker for JavaScript, version 0.42.0
* carthage: 0.20.1
* imagemagick (convert): Version: ImageMagick 7.0.5-4 Q16 x86_64 2017-03-25 http://www.imagemagick.org
* ghostscript (ps2ascii): 9.21
./system_report.sh: line 70: wine: command not found
* wine: 

--- Bitrise CLI tool versions
* bitrise: 1.5.5
* stepman: 0.9.29
* envman: 1.1.3
* bitrise-bridge: 0.9.11
* cmd-bridge: 0.9.5
========================================


=== Ruby GEMs ==========================
* Rubygems: 2.6.11
* Bundler: Bundler version 1.14.6
* CocoaPods: 1.2.0
* fastlane: fastlane 2.24.0
* xcpretty: 0.2.4
* Nomad CLI: 2.6.11
* Nomad CLI IPA / Shenzhen: ipa 0.14.3
========================================


=== All Ruby GEMs ======================
activesupport (4.2.8)
addressable (2.5.1)
aws-sdk (1.66.0)
aws-sdk-v1 (1.66.0)
babosa (1.0.2)
bigdecimal (default: 1.3.0)
bundler (1.14.6)
certified (1.0.0)
CFPropertyList (2.3.5)
claide (1.0.1)
cocoapods (1.2.0)
cocoapods-core (1.2.0)
cocoapods-deintegrate (1.0.1)
cocoapods-downloader (1.1.3)
cocoapods-plugins (1.0.0)
cocoapods-search (1.0.0)
cocoapods-stats (1.0.0)
cocoapods-trunk (1.1.2)
cocoapods-try (1.1.0)
colored (1.2)
commander (4.4.3)
commander-fastlane (4.4.4)
cupertino (1.3.4)
did_you_mean (1.1.0)
domain_name (0.5.20170223)
dotenv (2.2.0)
dubai (0.1.1)
escape (0.0.4)
excon (0.55.0)
faraday (0.11.0)
faraday-cookie_jar (0.0.6)
faraday_middleware (0.11.0.1)
fastimage (2.1.0)
fastlane (2.24.0)
fourflusher (2.0.1)
fuzzy_match (2.0.4)
gh_inspector (1.0.3)
google-api-client (0.9.28)
googleauth (0.5.1)
highline (1.7.8)
houston (2.2.4)
http-cookie (1.0.3)
httpclient (2.8.3)
hurley (0.2)
i18n (0.8.1)
io-console (default: 0.4.6)
json (default: 2.0.2, 1.8.6)
jwt (1.5.6)
little-plugger (1.1.4)
logging (2.2.0)
mechanize (2.5.1)
memoist (0.15.0)
mime-types (1.25.1)
mini_magick (4.5.1)
mini_portile2 (2.1.0)
minitest (5.10.1)
molinillo (0.5.7)
multi_json (1.12.1)
multi_xml (0.6.0)
multipart-post (2.0.0)
nanaimo (0.2.3)
nap (1.1.0)
net-http-digest_auth (1.4.1)
net-http-persistent (2.9.4)
net-sftp (2.1.2)
net-ssh (4.1.0)
net-telnet (0.1.1)
netrc (0.7.8)
nokogiri (1.6.8.1)
nomad-cli (0.0.2)
ntlm-http (0.1.1)
openssl (default: 2.0.3)
os (0.9.6)
plist (3.1.0)
power_assert (0.4.1)
psych (default: 2.2.2)
public_suffix (2.0.5)
rack (1.6.5)
rack-protection (1.5.3)
rake (12.0.0)
rdoc (default: 5.0.0)
representable (2.3.0)
retriable (2.1.0)
rouge (1.11.1)
ruby-macho (0.2.6)
rubyzip (1.2.1)
security (0.1.3)
shenzhen (0.14.3)
signet (0.7.3)
sinatra (1.4.8)
slack-notifier (1.5.1)
term-ansicolor (1.0.7)
terminal-notifier (1.7.1)
terminal-table (1.4.5)
test-unit (3.2.3)
thread_safe (0.3.6)
tilt (2.0.7)
tty-screen (0.5.0)
tzinfo (1.2.3)
uber (0.0.15)
unf (0.1.4)
unf_ext (0.0.7.2)
venice (0.3.0)
webrobots (0.1.2)
word_wrap (1.0.0)
xcodeproj (1.4.2)
xcpretty (0.2.4)
xcpretty-travis-formatter (0.0.4)
xmlrpc (0.2.1)
========================================


=== NPM global packages ==========================
* Cordova: 6.5.0
* Ionic: ******************************************************
 Dependency warning - for the CLI to run correctly,      
 it is highly recommended to install/upgrade the following:     

 Install ios-sim to deploy iOS applications.`npm install -g ios-sim` (may require sudo)
 Install ios-deploy to deploy iOS applications to devices.  `npm install -g ios-deploy` (may require sudo)

******************************************************
2.2.2
========================================


=== Checking Xcode CLT dirs ============

 * ls -1 /usr/include/CommonCrypto
CommonCrypto.h
CommonCryptoError.h
CommonCryptor.h
CommonDigest.h
CommonHMAC.h
CommonKeyDerivation.h
CommonRandom.h
CommonSymmetricKeywrap.h

 * ls -1 /Library/Developer/CommandLineTools/
Library
SDKs
usr

 * /Library/Developer/CommandLineTools/usr/bin/swift --version
Apple Swift version 3.1 (swiftlang-802.0.48 clang-802.0.38)
Target: x86_64-apple-macosx10.9

========================================


=== Xcode ==============================

* Active Xcode Command Line Tools:
/Applications/Xcode.app/Contents/Developer

* Xcode Version:
Xcode 8.3
Build version 8E162

* Installed SDKs:
iOS SDKs:
	iOS 10.3                      	-sdk iphoneos10.3

iOS Simulator SDKs:
	Simulator - iOS 10.3          	-sdk iphonesimulator10.3

macOS SDKs:
	macOS 10.12                   	-sdk macosx10.12

tvOS SDKs:
	tvOS 10.2                     	-sdk appletvos10.2

tvOS Simulator SDKs:
	Simulator - tvOS 10.2         	-sdk appletvsimulator10.2

watchOS SDKs:
	watchOS 3.2                   	-sdk watchos3.2

watchOS Simulator SDKs:
	Simulator - watchOS 3.2       	-sdk watchsimulator3.2


* Available Simulators:
== Device Types ==
iPhone 4s (com.apple.CoreSimulator.SimDeviceType.iPhone-4s)
iPhone 5 (com.apple.CoreSimulator.SimDeviceType.iPhone-5)
iPhone 5s (com.apple.CoreSimulator.SimDeviceType.iPhone-5s)
iPhone 6 (com.apple.CoreSimulator.SimDeviceType.iPhone-6)
iPhone 6 Plus (com.apple.CoreSimulator.SimDeviceType.iPhone-6-Plus)
iPhone 6s (com.apple.CoreSimulator.SimDeviceType.iPhone-6s)
iPhone 6s Plus (com.apple.CoreSimulator.SimDeviceType.iPhone-6s-Plus)
iPhone 7 (com.apple.CoreSimulator.SimDeviceType.iPhone-7)
iPhone 7 Plus (com.apple.CoreSimulator.SimDeviceType.iPhone-7-Plus)
iPhone SE (com.apple.CoreSimulator.SimDeviceType.iPhone-SE)
iPad 2 (com.apple.CoreSimulator.SimDeviceType.iPad-2)
iPad Retina (com.apple.CoreSimulator.SimDeviceType.iPad-Retina)
iPad Air (com.apple.CoreSimulator.SimDeviceType.iPad-Air)
iPad Air 2 (com.apple.CoreSimulator.SimDeviceType.iPad-Air-2)
iPad Pro (9.7-inch) (com.apple.CoreSimulator.SimDeviceType.iPad-Pro--9-7-inch-)
iPad Pro (12.9-inch) (com.apple.CoreSimulator.SimDeviceType.iPad-Pro)
Apple TV 1080p (com.apple.CoreSimulator.SimDeviceType.Apple-TV-1080p)
Apple Watch - 38mm (com.apple.CoreSimulator.SimDeviceType.Apple-Watch-38mm)
Apple Watch - 42mm (com.apple.CoreSimulator.SimDeviceType.Apple-Watch-42mm)
Apple Watch Series 2 - 38mm (com.apple.CoreSimulator.SimDeviceType.Apple-Watch-Series-2-38mm)
Apple Watch Series 2 - 42mm (com.apple.CoreSimulator.SimDeviceType.Apple-Watch-Series-2-42mm)
== Runtimes ==
iOS 8.1 (8.1 - 12B411) (com.apple.CoreSimulator.SimRuntime.iOS-8-1)
iOS 8.2 (8.2 - 12D508) (com.apple.CoreSimulator.SimRuntime.iOS-8-2)
iOS 8.3 (8.3 - 12F70) (com.apple.CoreSimulator.SimRuntime.iOS-8-3)
iOS 8.4 (8.4 - 12H141) (com.apple.CoreSimulator.SimRuntime.iOS-8-4)
iOS 9.0 (9.0 - 13A344) (com.apple.CoreSimulator.SimRuntime.iOS-9-0)
iOS 9.1 (9.1 - 13B143) (com.apple.CoreSimulator.SimRuntime.iOS-9-1)
iOS 9.2 (9.2 - 13C75) (com.apple.CoreSimulator.SimRuntime.iOS-9-2)
iOS 9.3 (9.3 - 13E233) (com.apple.CoreSimulator.SimRuntime.iOS-9-3)
iOS 10.0 (10.0 - 14A345) (com.apple.CoreSimulator.SimRuntime.iOS-10-0)
iOS 10.1 (10.1 - 14B72) (com.apple.CoreSimulator.SimRuntime.iOS-10-1)
iOS 10.2 (10.2 - 14C89) (com.apple.CoreSimulator.SimRuntime.iOS-10-2)
iOS 10.3 (10.3 - 14E269) (com.apple.CoreSimulator.SimRuntime.iOS-10-3)
tvOS 9.0 (9.0 - 13T395) (com.apple.CoreSimulator.SimRuntime.tvOS-9-0)
tvOS 9.1 (9.1 - 13U85) (com.apple.CoreSimulator.SimRuntime.tvOS-9-1)
tvOS 9.2 (9.2 - 13Y234) (com.apple.CoreSimulator.SimRuntime.tvOS-9-2)
tvOS 10.0 (10.0 - 14T328) (com.apple.CoreSimulator.SimRuntime.tvOS-10-0)
tvOS 10.1 (10.1 - 14U591) (com.apple.CoreSimulator.SimRuntime.tvOS-10-1)
tvOS 10.2 (10.2 - 14W260) (com.apple.CoreSimulator.SimRuntime.tvOS-10-2)
watchOS 2.0 (2.0 - 13S343) (com.apple.CoreSimulator.SimRuntime.watchOS-2-0)
watchOS 2.1 (2.1 - 13S661) (com.apple.CoreSimulator.SimRuntime.watchOS-2-1)
watchOS 2.2 (2.2 - 13V144) (com.apple.CoreSimulator.SimRuntime.watchOS-2-2)
watchOS 3.2 (3.2 - 14V243) (com.apple.CoreSimulator.SimRuntime.watchOS-3-2)
== Devices ==
-- iOS 8.1 --
    iPhone 4s (8812B490-8084-4BC8-9BF0-39CB2B4A1C09) (Shutdown)
    iPhone 5 (5BB4E39E-1A9C-4E99-9FC3-1B2A47F4CB90) (Shutdown)
    iPhone 5s (21994AC7-EEA4-43BA-A15A-ADFA678DF116) (Shutdown)
    iPhone 6 (F965A930-D96B-4804-9C74-6DA94475B43A) (Shutdown)
    iPhone 6 Plus (358736DF-7CBA-4DCF-9F22-797E89E44633) (Shutdown)
    iPad 2 (A2D72514-A7C4-4955-A852-6A04D69F300D) (Shutdown)
    iPad Retina (9C3CCE47-1173-4FB4-B8E0-8CFB61E8175C) (Shutdown)
    iPad Air (56DE6863-E868-4DAA-AED4-2EFA1E345EF5) (Shutdown)
-- iOS 8.2 --
    iPhone 4s (817DD643-AD2F-4249-B43F-48EC7713C115) (Shutdown)
    iPhone 5 (90946C34-D520-4408-928B-A641B33714F3) (Shutdown)
    iPhone 5s (BFB23BD9-0090-4BE1-B68F-1EE5E8269BAB) (Shutdown)
    iPhone 6 (7B572B5F-147B-4C12-BB13-A0A518CA0901) (Shutdown)
    iPhone 6 Plus (CEEC7833-7B80-4A6E-AC9B-73B8098A727A) (Shutdown)
    iPad 2 (A4E68334-FB63-4444-A778-9993CA3CCFD7) (Shutdown)
    iPad Retina (ACD1B18D-0D7E-48A6-8A38-B0BDD20D6960) (Shutdown)
    iPad Air (6BB1DEE7-529B-485C-BCB7-63D1FEE03CC3) (Shutdown)
-- iOS 8.3 --
    iPhone 4s (EEA14964-DBE2-4C6A-B8E0-AD7E543B2EAD) (Shutdown)
    iPhone 5 (5D046339-B7D6-427B-B3FF-229BA9E2E489) (Shutdown)
    iPhone 5s (369A2510-4BA5-4396-8B5D-0E7CD5A144C8) (Shutdown)
    iPhone 6 (BC9E1B40-7CE8-4B25-BFF0-943E218B0F49) (Shutdown)
    iPhone 6 Plus (BF75162D-A671-43C5-84ED-4EAFF57B934F) (Shutdown)
    iPad 2 (2DFFBBF9-CDE7-4F09-A9FD-01DE83606210) (Shutdown)
    iPad Retina (DAF648DB-429C-4847-812B-A950D2C1CD7C) (Shutdown)
    iPad Air (C37571EA-49F4-4773-A8F9-FD267D5645BA) (Shutdown)
-- iOS 8.4 --
    iPhone 4s (5B122387-26CB-4CAC-9C63-FEB5695A166D) (Shutdown)
    iPhone 5 (B41946D1-0D1F-4362-8DC9-53817A5CA51F) (Shutdown)
    iPhone 5s (970CC839-234D-4377-8CD1-70884E529516) (Shutdown)
    iPhone 6 (480799C2-4C83-4C95-BF96-AC3179217438) (Shutdown)
    iPhone 6 Plus (E46CC678-21D4-4813-B8A1-330DD79F829F) (Shutdown)
    iPad 2 (5FBF5CD0-9359-4309-9FDC-6FB007687AE4) (Shutdown)
    iPad Retina (80080D8B-8C8D-43F6-B283-32035D509898) (Shutdown)
    iPad Air (2891E684-8611-47B0-920B-8F50130BF637) (Shutdown)
-- iOS 9.0 --
    iPhone 4s (DC08D0A3-5F30-4B1F-858A-E1BFA2CDBD9C) (Shutdown)
    iPhone 5 (40AB4F30-C76D-4F0D-8979-22683961B5D7) (Shutdown)
    iPhone 5s (88A84741-549B-4CFD-ABDC-F38970DD8D1B) (Shutdown)
    iPhone 6 (BB58A977-0A03-4B2D-A555-6C2038B481E5) (Shutdown)
    iPhone 6 Plus (30C438BD-D120-4F22-9CD4-5C5344BD1C9B) (Shutdown)
    iPhone 6s (B9FFEB29-8033-4740-B3A6-03EF5B8C5E18) (Shutdown)
    iPhone 6s Plus (ACEB0E4C-5FE9-41A6-908D-4F3B03646958) (Shutdown)
    iPad 2 (A04EB8A9-2C06-42FB-9FF2-6432FB192111) (Shutdown)
    iPad Retina (3B8E6CD9-D2D1-43C2-9E43-9EBB153CBFCA) (Shutdown)
    iPad Air (3D3593B4-2731-4E33-ACDF-92DA2FC2ED8B) (Shutdown)
    iPad Air 2 (3C12AC19-ED68-41F5-90BF-BAD68B313C48) (Shutdown)
-- iOS 9.1 --
    iPhone 4s (84EA373D-CA39-42BF-87DA-149069B8AEA4) (Shutdown)
    iPhone 5 (756697B9-A3F4-43D8-BEC2-679395529C9D) (Shutdown)
    iPhone 5s (A6EAC73A-B286-4F62-890E-FCB9E09BEA66) (Shutdown)
    iPhone 6 (1AF328F7-46CD-4698-B91B-D2EDA32DDE3C) (Shutdown)
    iPhone 6 Plus (331F2C65-6B84-4256-BD62-BB6DA3EEC0EB) (Shutdown)
    iPhone 6s (C2BD1D4E-AB9A-4B51-84AC-6AF566673B78) (Shutdown)
    iPhone 6s Plus (BC1CF523-774D-4D3A-A3EF-F3BE12306B22) (Shutdown)
    iPad 2 (4E165CCC-B00B-471F-95A2-D28C49B88DE2) (Shutdown)
    iPad Retina (C5158034-711A-44FB-85F4-70ECFFEDE949) (Shutdown)
    iPad Air (9101217C-3684-43C6-B760-9C7446F33BF8) (Shutdown)
    iPad Air 2 (90E18AD8-7D35-4690-817E-B90687D89837) (Shutdown)
    iPad Pro (AB54E930-3CE4-4892-9783-B920CF37A637) (Shutdown)
-- iOS 9.2 --
    iPhone 4s (89948EE1-57D7-4A27-9CEA-5CC5DAA14B2D) (Shutdown)
    iPhone 5 (48FAEA4E-3C32-423A-A018-AB5279E15110) (Shutdown)
    iPhone 5s (F69F0797-AFCD-480C-A1F4-F571BFD25622) (Shutdown)
    iPhone 6 (9F141FA2-978C-4E8E-A1E8-CEF9BAAD9FAB) (Shutdown)
    iPhone 6 Plus (AAE2C63A-8F46-43D2-BBFF-E0E1A96A5F93) (Shutdown)
    iPhone 6s (F51FB518-2B6F-4F12-B64B-B0A513D08D97) (Shutdown)
    iPhone 6s Plus (657D9930-F1D4-4A2D-B93C-7A2C3D455E94) (Shutdown)
    iPad 2 (A0FF378E-6E91-4100-9BC0-DD2BA7AB958F) (Shutdown)
    iPad Retina (0964C38B-9D6D-4C8E-80DC-0F5C7F801BB1) (Shutdown)
    iPad Air (11696776-7B1B-418C-ADAB-396154987D11) (Shutdown)
    iPad Air 2 (F01FDF00-0A49-4220-97F0-055A4031CEB2) (Shutdown)
    iPad Pro (621F6C13-0769-4A11-BB31-27BDD45808B8) (Shutdown)
-- iOS 9.3 --
    iPhone 4s (709A7344-9273-48D9-AD87-E93C06C2F9A4) (Shutdown)
    iPhone 5 (25CCC2E3-487D-4692-9786-F9264F39347F) (Shutdown)
    iPhone 5s (59CDF49B-0550-4801-A90D-024CC4CBEA73) (Shutdown)
    iPhone 6 (B6CDE2BC-F619-4377-9E79-9CE5E75890B0) (Shutdown)
    iPhone 6 Plus (0F588899-490F-4851-BC0F-C98FF7FB8F65) (Shutdown)
    iPhone 6s (EDE24317-3817-404B-BB86-10EB64372B9F) (Shutdown)
    iPhone 6s Plus (D2861615-C61F-4187-B895-4DC32A0E0760) (Shutdown)
    iPad 2 (294E9430-F724-49AF-AEFA-A2187790A8F5) (Shutdown)
    iPad Retina (32EFA8B9-3A81-4045-9076-69893FC7C0F6) (Shutdown)
    iPad Air (D44DE550-270A-4FB4-9027-5CB11F8B8E8E) (Shutdown)
    iPad Air 2 (03CB0C30-C8BC-4CC3-A043-232493218A5E) (Shutdown)
    iPad Pro (E3AB6434-21F6-4B9E-9A83-C57299837203) (Shutdown)
-- iOS 10.0 --
    iPhone 5 (A7C930CE-F673-4CFD-A456-4E3AA8992362) (Shutdown)
    iPhone 5s (F5F88ACB-0B3F-4475-A895-B8BF72D00911) (Shutdown)
    iPhone 6 (4CCF178B-9164-457E-A0BA-E3B8C6D2FC00) (Shutdown)
    iPhone 6 Plus (C11739D7-BDC0-4D84-B5E9-05EC8CF41080) (Shutdown)
    iPhone 6s (09D28728-EFF1-4C84-9AE2-864C3AC15C85) (Shutdown)
    iPhone 6s Plus (7DF30955-CC32-4D31-85BD-C4ED13652410) (Shutdown)
    iPhone SE (B4FDEB7F-CA2C-40CA-995B-2839B3E922DE) (Shutdown)
    iPad Air (1053AFFA-C172-4F74-BF67-FEC847B1A086) (Shutdown)
    iPad Air 2 (CDAB90D2-A73E-42BB-B6B0-56900AF6353F) (Shutdown)
    iPad Pro (9.7 inch) (9CC1E605-9918-4ADB-A70D-77C9865D385B) (Shutdown)
    iPad Pro (12.9 inch) (0873ABD2-1DB7-4B03-804D-F3D9891A229D) (Shutdown)
-- iOS 10.1 --
    iPhone 5 (14D579AB-3B38-4D18-BAF4-99934FAF8C31) (Shutdown)
    iPhone 5s (7945B8D6-A1D7-4D1B-81F6-720D6653B2D1) (Shutdown)
    iPhone 6 (99747396-03FC-4F3B-84DB-DC976E561692) (Shutdown)
    iPhone 6 Plus (18F8232B-DE4A-499E-B820-7DB86FFF9E3E) (Shutdown)
    iPhone 6s (0013BE6D-5737-45ED-9697-87BCF7B898CF) (Shutdown)
    iPhone 6s Plus (F5A010EC-1A95-4594-BDE5-62B723CF6B81) (Shutdown)
    iPhone 7 (748A63AF-A308-4244-8DF8-9B4154C407C3) (Shutdown)
    iPhone 7 Plus (DB1C158A-67DE-495D-A2A1-A33DE344C175) (Shutdown)
    iPhone SE (0B1272A3-9C6C-4BA6-AF91-DC0B324F5DCC) (Shutdown)
    iPad Air (C3A717A2-2BCF-4ACD-9279-2DB87EE4518E) (Shutdown)
    iPad Air 2 (D5103333-3455-4375-A3BB-5CC38510DEBB) (Shutdown)
    iPad Pro (9.7 inch) (5465F303-5403-4E5A-A301-48B8E157BC76) (Shutdown)
    iPad Pro (12.9 inch) (B98E687D-2139-4AEF-99F9-E552B24C5F70) (Shutdown)
-- iOS 10.2 --
    iPhone 5 (CB0E80AA-4619-4018-ABB4-5DE122E7717D) (Shutdown)
    iPhone 5s (68CD2DB9-A731-40DC-9821-460185DEA0A9) (Shutdown)
    iPhone 6 (8E7EFB3F-BA0C-4A45-B927-2E098D75DE6C) (Shutdown)
    iPhone 6 Plus (4EE44D67-9DB1-4AEC-9F9E-144312EE470F) (Shutdown)
    iPhone 6s (EE586C03-381C-4651-A3A1-3FBD6D43F675) (Shutdown)
    iPhone 6s Plus (2E028531-3A1B-4151-B3E8-FB17E107B12A) (Shutdown)
    iPhone 7 (3F104C65-C736-4B9B-9444-72AA160980A3) (Shutdown)
    iPhone 7 Plus (547C58C5-FD3D-4E1E-8345-A0A64C9B4446) (Shutdown)
    iPhone SE (B3810DE3-14DD-4658-BACA-B3274A0436F2) (Shutdown)
    iPad Air (F4DA0B20-B512-4EC8-B564-8F3C4F51ABC8) (Shutdown)
    iPad Air 2 (1BAE068F-D839-4F49-A7D9-01707DC9EA2A) (Shutdown)
    iPad Pro (9.7 inch) (84CE4E12-6F8D-4D79-A08E-544A1BFE281B) (Shutdown)
    iPad Pro (12.9 inch) (D3F6B829-5AF2-4E54-8813-C22B5628B79D) (Shutdown)
-- iOS 10.3 --
    iPhone 5 (A7F1C5E9-0171-42F1-81B2-07645421B56D) (Shutdown)
    iPhone 5s (7547331B-4F83-4D06-B2E1-0D3961D50A70) (Shutdown)
    iPhone 6 (25AC5947-51AD-433C-80DB-C303608A1298) (Shutdown)
    iPhone 6 Plus (BDE55B21-C42F-4E03-9620-50D89C37A229) (Shutdown)
    iPhone 6s (15A4E554-D89E-4259-B4EC-981E91C6641D) (Shutdown)
    iPhone 6s Plus (4CF46915-AB01-4FCE-A999-EE946E62E701) (Shutdown)
    iPhone 7 (120AD369-6F96-457C-BD44-7544191BA383) (Shutdown)
    iPhone 7 Plus (8C6D0171-FF93-4A34-8D85-4C7A1F38FBA4) (Shutdown)
    iPhone SE (786846AE-2822-4111-924C-8301E47CEA53) (Shutdown)
    iPad Air (E817C079-EAE1-443F-8551-0B9EBA6665C7) (Shutdown)
    iPad Air 2 (CD38358C-3C12-4559-9328-5637A9059936) (Shutdown)
    iPad Pro (9.7 inch) (526D99E3-C93C-434D-80CC-F6C96429513E) (Shutdown)
    iPad Pro (12.9 inch) (D7C338B3-11CB-4617-A71F-4473057BB563) (Shutdown)
-- tvOS 9.0 --
    Apple TV 1080p (5DEF9531-C86F-49D0-909D-B2B467395210) (Shutdown)
-- tvOS 9.1 --
    Apple TV 1080p (AA75EAA4-3EF5-409D-9F57-2375E737632B) (Shutdown)
-- tvOS 9.2 --
    Apple TV 1080p (F6E3A00E-9CA2-4FD9-A25E-5CE7B8548C31) (Shutdown)
-- tvOS 10.0 --
    Apple TV 1080p (87AC878A-81AA-4E1D-B85B-B33634073A26) (Shutdown)
-- tvOS 10.1 --
    Apple TV 1080p (05CF4B82-EB37-4682-BCDA-4A2844AB0895) (Shutdown)
-- tvOS 10.2 --
    Apple TV 1080p (D5B3B157-839A-4309-A5DE-6E9B2F1571CF) (Shutdown)
-- watchOS 2.0 --
    Apple Watch - 38mm (A5461CF1-E1AB-420B-9049-80722CF8E1AD) (Shutdown)
    Apple Watch - 42mm (90928CEA-E1F7-4989-95AC-D147B680ED91) (Shutdown)
-- watchOS 2.1 --
    Apple Watch - 38mm (3C3BFD8B-1519-4182-82B6-30067F2DAE52) (Shutdown)
    Apple Watch - 42mm (21CD7EE9-93E7-44C8-933C-70DFB5A466A7) (Shutdown)
-- watchOS 2.2 --
    Apple Watch - 38mm (23DA0C9B-5926-4B8C-BA14-DA86EAA72FAE) (Shutdown)
    Apple Watch - 42mm (FECBEB69-EAE6-4C74-9A9C-2962B639F7C9) (Shutdown)
-- watchOS 3.2 --
    Apple Watch - 38mm (CBE66468-9264-4359-AFFF-D60BDDA50881) (Shutdown)
    Apple Watch - 42mm (6C7874A2-5C79-40E2-BEBF-35F276860F43) (Shutdown)
    Apple Watch Series 2 - 38mm (969FF96D-10B3-447B-B3F7-CE1EDCF16AA3) (Shutdown)
    Apple Watch Series 2 - 42mm (F7408DDF-5127-45C1-B2AC-BCC37FA65306) (Shutdown)
== Device Pairs ==
D1BF12B8-5CC1-43AD-92A2-17EC3B830999 (active, disconnected)
    Watch: Apple Watch - 38mm (CBE66468-9264-4359-AFFF-D60BDDA50881) (Shutdown)
    Phone: iPhone 6s (15A4E554-D89E-4259-B4EC-981E91C6641D) (Shutdown)
EDE33042-5F85-4BA6-A424-1026867B7134 (active, disconnected)
    Watch: Apple Watch - 42mm (6C7874A2-5C79-40E2-BEBF-35F276860F43) (Shutdown)
    Phone: iPhone 6s Plus (4CF46915-AB01-4FCE-A999-EE946E62E701) (Shutdown)
60694D04-6A87-4065-8936-CF9579F31B6A (active, disconnected)
    Watch: Apple Watch Series 2 - 38mm (969FF96D-10B3-447B-B3F7-CE1EDCF16AA3) (Shutdown)
    Phone: iPhone 7 (120AD369-6F96-457C-BD44-7544191BA383) (Shutdown)
DAAC9A3D-6D8B-483A-969F-C48C4669999A (active, disconnected)
    Watch: Apple Watch Series 2 - 42mm (F7408DDF-5127-45C1-B2AC-BCC37FA65306) (Shutdown)
    Phone: iPhone 7 Plus (8C6D0171-FF93-4A34-8D85-4C7A1F38FBA4) (Shutdown)

========================================


=== OS X info =========================

* sw_vers
ProductName:	Mac OS X
ProductVersion:	10.12.4
BuildVersion:	16E195

* system_profiler SPSoftwareDataType
Software:

    System Software Overview:

      System Version: macOS 10.12.4 (16E195)
      Kernel Version: Darwin 16.5.0
      Boot Volume: Macintosh HD
      Boot Mode: Normal
      Computer Name: controlosxstagebhostondemandinternaltest.local
      User Name: vagrant (vagrant)
      Secure Virtual Memory: Enabled
      System Integrity Protection: Enabled
      Time since boot: 2 minutes


========================================


=== System infos =======================
* Free disk space: /dev/disk0s2  199Gi  100Gi   99Gi    51% 2414416 4292552863    0%   /
========================================


=== Environment infos =======================
MATCH_KEYCHAIN_PASSWORD environment set
========================================


=== Control tests ======================
source $HOME/.bash_profile ...
source $HOME/.bash_profile - PASSED
========================================

