 (i) Ignore Errors: enabled

#
# This System Report was generated by: https://github.com/bitrise-io/osx-box-bootstrap/blob/master/system_report.sh
#  Pull Requests are welcome!
#


=== Revision / ID ======================
* BITRISE_OSX_STACK_REV_ID: v2016_08_10_1
========================================


=== Pre-installed tool versions ========
* Go: go version go1.7 darwin/amd64
* Ruby: ruby 2.3.1p112 (2016-04-26 revision 54768) [x86_64-darwin15]
* Python: Python 2.7.12
* Node.js: v6.3.1
* NPM: 3.10.3
* Java: java version "1.8.0_102"
Java(TM) SE Runtime Environment (build 1.8.0_102-b14)
Java HotSpot(TM) 64-Bit Server VM (build 25.102-b14, mixed mode)

* git: git version 2.9.3
* git lfs: git-lfs/1.3.1 (GitHub; darwin amd64; go 1.6.3)
* mercurial/hg: Mercurial Distributed SCM (version 3.9)
* curl: curl 7.43.0 (x86_64-apple-darwin15.0) libcurl/7.43.0 SecureTransport zlib/1.2.5
* wget: GNU Wget 1.18 built on darwin15.5.0.
* rsync: rsync  version 2.6.9  protocol version 29
* unzip: UnZip 5.52 of 28 February 2005, by Info-ZIP.  Maintained by C. Spieler.  Send
* zip: This is Zip 3.0 (July 5th 2008), by Info-ZIP.
* tar: bsdtar 2.8.3 - libarchive 2.8.3
* tree: tree v1.7.0 (c) 1996 - 2014 by Steve Baker, Thomas Moore, Francesc Rocher, Florian Sesser, Kyosuke Tokoro 

* brew: Homebrew 1.1.9-62-gb626527
Homebrew/homebrew-core (git revision 35027; last commit 2017-02-10)
* xctool: 0.2.9
* Ansible: ansible 2.1.1.0
* gtimeout: timeout (GNU coreutils) 8.25
* watchman: 4.6.0
* flow: Flow, a static type checker for JavaScript, version 0.30.0
* carthage: 0.17.2
* imagemagick (convert): Version: ImageMagick 6.9.5-7 Q16 x86_64 2016-08-15 http://www.imagemagick.org
* ghostscript (ps2ascii): 9.19
./system_report.sh: line 69: wine: command not found
* wine: 

--- Bitrise CLI tool versions
* bitrise: 1.5.2
* stepman: 0.9.26
* envman: 1.1.3
* bitrise-bridge: 0.9.11
* cmd-bridge: 0.9.5
========================================


=== Ruby GEMs ==========================
* Bundler: Bundler version 1.12.5
* CocoaPods: 1.0.1
* fastlane: fastlane 1.100.0
* xcpretty: 0.2.2
* Nomad CLI: 2.5.1
* Nomad CLI IPA / Shenzhen: ipa 0.14.2
========================================


=== All Ruby GEMs ======================
activesupport (5.0.0.1, 4.2.7.1)
addressable (2.3.8)
aws-sdk (1.66.0)
aws-sdk-v1 (1.66.0)
babosa (1.0.2)
bigdecimal (1.2.8)
bundler (1.12.5)
cert (1.4.1)
certified (1.0.0)
claide (1.0.0)
cocoapods (1.0.1)
cocoapods-core (1.0.1)
cocoapods-deintegrate (1.0.0)
cocoapods-downloader (1.1.0)
cocoapods-plugins (1.0.0)
cocoapods-search (1.0.0)
cocoapods-stats (1.0.0)
cocoapods-trunk (1.0.0)
cocoapods-try (1.1.0)
colored (1.2)
commander (4.4.0)
concurrent-ruby (1.0.2)
credentials_manager (0.16.0)
cupertino (1.3.4)
deliver (1.13.2)
did_you_mean (1.0.0)
domain_name (0.5.20160615)
dotenv (2.1.1)
dubai (0.1.0)
escape (0.0.4)
excon (0.45.4)
faraday (0.9.2, 0.8.11)
faraday-cookie_jar (0.0.6)
faraday_middleware (0.10.0)
fastimage (1.6.8)
fastlane (1.100.0)
fastlane_core (0.50.2)
fourflusher (0.3.2)
frameit (2.7.0)
fuzzy_match (2.0.4)
gh_inspector (1.0.2)
google-api-client (0.9.11)
googleauth (0.5.1)
gym (1.7.0)
highline (1.7.8)
houston (2.2.3)
http-cookie (1.0.2)
httpclient (2.8.2.2)
hurley (0.2)
i18n (0.7.0)
io-console (0.4.5)
json (1.8.3)
jwt (1.5.4)
krausefx-shenzhen (0.14.10)
little-plugger (1.1.4)
logging (2.1.0)
match (0.6.2)
mechanize (2.5.1)
memoist (0.14.0)
mime-types (1.25.1)
mini_magick (4.5.1)
mini_portile2 (2.1.0)
minitest (5.8.3)
molinillo (0.4.5)
multi_json (1.12.1)
multi_xml (0.5.5)
multipart-post (2.0.0, 1.2.0)
nap (1.1.0)
net-http-digest_auth (1.4)
net-http-persistent (2.9.4)
net-sftp (2.1.2)
net-ssh (3.2.0)
net-telnet (0.1.1)
netrc (0.7.8)
nokogiri (1.6.8)
nomad-cli (0.0.2)
ntlm-http (0.1.1)
os (0.9.6)
pem (1.3.2)
pilot (1.10.0)
pkg-config (1.1.7)
plist (3.1.0)
power_assert (0.2.6)
produce (1.2.0)
psych (2.0.17)
rack (1.6.4)
rack-protection (1.5.3)
rake (10.4.2)
rdoc (4.2.1)
representable (2.3.0)
retriable (2.1.0)
rouge (1.11.1)
rubyzip (1.2.0, 1.1.7)
scan (0.11.3)
screengrab (0.5.0)
security (0.1.3)
shenzhen (0.14.2)
sigh (1.9.0)
signet (0.7.3)
sinatra (1.4.7)
slack-notifier (1.5.1)
snapshot (1.13.1)
spaceship (0.31.2)
supply (0.7.0)
term-ansicolor (1.0.7)
terminal-notifier (1.6.3)
terminal-table (1.4.5)
test-unit (3.1.5)
thor (0.19.1)
thread_safe (0.3.5)
tilt (2.0.5)
tzinfo (1.2.2)
uber (0.0.15)
unf (0.1.4)
unf_ext (0.0.7.2)
venice (0.3.0)
webrobots (0.1.2)
word_wrap (1.0.0)
xcode-install (2.0.2)
xcodeproj (1.2.0)
xcpretty (0.2.2)
xcpretty-travis-formatter (0.0.4)
========================================


=== NPM global packages ==========================
./system_report.sh: line 103: cordova: command not found
* Cordova: 
./system_report.sh: line 104: ionic: command not found
* Ionic: 
========================================


=== Checking Xcode CLT dirs ============

 * ls -1 /usr/include/CommonCrypto
CommonCrypto.h
CommonCryptoError.h
CommonCryptor.h
CommonDigest.h
CommonHMAC.h
CommonKeyDerivation.h
CommonRandom.h
CommonSymmetricKeywrap.h

 * ls -1 /Library/Developer/CommandLineTools/
Library
usr

 * /Library/Developer/CommandLineTools/usr/bin/swift --version
Apple Swift version 2.2 (swiftlang-703.0.18.8 clang-703.0.31)
Target: x86_64-apple-macosx10.9

========================================


=== Xcode ==============================

* Active Xcode Command Line Tools:
/Applications/Xcode.app/Contents/Developer

* Xcode Version:
Xcode 7.3.1
Build version 7D1014

* Installed SDKs:
OS X SDKs:
	OS X 10.11                    	-sdk macosx10.11

iOS SDKs:
	iOS 9.3                       	-sdk iphoneos9.3

iOS Simulator SDKs:
	Simulator - iOS 9.3           	-sdk iphonesimulator9.3

tvOS SDKs:
	tvOS 9.2                      	-sdk appletvos9.2

tvOS Simulator SDKs:
	Simulator - tvOS 9.2          	-sdk appletvsimulator9.2

watchOS SDKs:
	watchOS 2.2                   	-sdk watchos2.2

watchOS Simulator SDKs:
	Simulator - watchOS 2.2       	-sdk watchsimulator2.2


* Available Simulators:
2017-02-10 04:27:14.844 simctl[1234:5054] Failed to locate a valid instance of CoreSimulatorService in the bootstrap.  Adding it now.
== Device Types ==
iPhone 4s (com.apple.CoreSimulator.SimDeviceType.iPhone-4s)
iPhone 5 (com.apple.CoreSimulator.SimDeviceType.iPhone-5)
iPhone 5s (com.apple.CoreSimulator.SimDeviceType.iPhone-5s)
iPhone 6 (com.apple.CoreSimulator.SimDeviceType.iPhone-6)
iPhone 6 Plus (com.apple.CoreSimulator.SimDeviceType.iPhone-6-Plus)
iPhone 6s (com.apple.CoreSimulator.SimDeviceType.iPhone-6s)
iPhone 6s Plus (com.apple.CoreSimulator.SimDeviceType.iPhone-6s-Plus)
iPad 2 (com.apple.CoreSimulator.SimDeviceType.iPad-2)
iPad Retina (com.apple.CoreSimulator.SimDeviceType.iPad-Retina)
iPad Air (com.apple.CoreSimulator.SimDeviceType.iPad-Air)
iPad Air 2 (com.apple.CoreSimulator.SimDeviceType.iPad-Air-2)
iPad Pro (com.apple.CoreSimulator.SimDeviceType.iPad-Pro)
Apple TV 1080p (com.apple.CoreSimulator.SimDeviceType.Apple-TV-1080p)
Apple Watch - 38mm (com.apple.CoreSimulator.SimDeviceType.Apple-Watch-38mm)
Apple Watch - 42mm (com.apple.CoreSimulator.SimDeviceType.Apple-Watch-42mm)
== Runtimes ==
iOS 8.1 (8.1 - 12B411) (com.apple.CoreSimulator.SimRuntime.iOS-8-1)
iOS 8.2 (8.2 - 12D508) (com.apple.CoreSimulator.SimRuntime.iOS-8-2)
iOS 8.3 (8.3 - 12F70) (com.apple.CoreSimulator.SimRuntime.iOS-8-3)
iOS 8.4 (8.4 - 12H141) (com.apple.CoreSimulator.SimRuntime.iOS-8-4)
iOS 9.0 (9.0 - 13A344) (com.apple.CoreSimulator.SimRuntime.iOS-9-0)
iOS 9.1 (9.1 - 13B143) (com.apple.CoreSimulator.SimRuntime.iOS-9-1)
iOS 9.2 (9.2 - 13C75) (com.apple.CoreSimulator.SimRuntime.iOS-9-2)
iOS 9.3 (9.3 - 13E230) (com.apple.CoreSimulator.SimRuntime.iOS-9-3)
tvOS 9.0 (9.0 - 13T395) (com.apple.CoreSimulator.SimRuntime.tvOS-9-0)
tvOS 9.1 (9.1 - 13U85) (com.apple.CoreSimulator.SimRuntime.tvOS-9-1)
tvOS 9.2 (9.2 - 13Y227) (com.apple.CoreSimulator.SimRuntime.tvOS-9-2)
watchOS 2.0 (2.0 - 13S343) (com.apple.CoreSimulator.SimRuntime.watchOS-2-0)
watchOS 2.1 (2.1 - 13S661) (com.apple.CoreSimulator.SimRuntime.watchOS-2-1)
watchOS 2.2 (2.2 - 13V143) (com.apple.CoreSimulator.SimRuntime.watchOS-2-2)
== Devices ==
-- iOS 8.1 --
    iPhone 4s (AFDF05D9-3C49-42FE-977F-732B18337085) (Shutdown)
    iPhone 5 (96BE2A5C-2DB3-4A3E-A3FE-751E2E5CB392) (Shutdown)
    iPhone 5s (8A4DB7F9-3B58-422F-873D-198D41BBC8D6) (Shutdown)
    iPhone 6 (9FFD272F-68B1-4CF9-8EA9-7CB3BE816334) (Shutdown)
    iPhone 6 Plus (48EE4F70-47F2-41F3-A484-1C38AAC24C05) (Shutdown)
    iPad 2 (271DDA49-B2C9-430F-899F-E38E250E26C0) (Shutdown)
    iPad Retina (F935D8C8-8A5D-4871-BF51-C806B6002EA4) (Shutdown)
    iPad Air (F9D1B002-4FD7-4DEA-8075-D64E55C2A8FB) (Shutdown)
-- iOS 8.2 --
    iPhone 4s (913D5443-1897-4828-97F5-CFEA4EDCA425) (Shutdown)
    iPhone 5 (B4A991AF-BE37-4967-8246-37A4401DA9DD) (Shutdown)
    iPhone 5s (F4F59850-3E5D-42F2-8F21-291C478FF19B) (Shutdown)
    iPhone 6 (835DA385-C038-4AB8-AB47-015E89D850B0) (Shutdown)
    iPhone 6 Plus (E31BF360-0D79-4111-ADA6-AA960DE0AFEA) (Shutdown)
    iPad 2 (DE2AE727-667A-4E14-950F-C7AC698FA52F) (Shutdown)
    iPad Retina (16F883CA-1DF0-45C8-8BB3-5B652CA6D25B) (Shutdown)
    iPad Air (36B50191-122C-4328-9BBF-11EBBDEDE5D6) (Shutdown)
-- iOS 8.3 --
    iPhone 4s (3380513D-726E-4EDD-8C76-33E24AF89385) (Shutdown)
    iPhone 5 (232207BE-9929-44E6-BD75-BF92CEE45A93) (Shutdown)
    iPhone 5s (BE3EEA66-36A1-4910-9B23-E7526E5192B3) (Shutdown)
    iPhone 6 (2591A063-2ABA-48D4-8265-48248C442204) (Shutdown)
    iPhone 6 Plus (EBB9DA94-4D35-4052-AF29-A76210D8AC42) (Shutdown)
    iPad 2 (EFD38ED6-226C-4B2B-9B38-AD932BEF2740) (Shutdown)
    iPad Retina (EE8B489A-FE05-4402-ADAB-3A478C6C6440) (Shutdown)
    iPad Air (3A7C1475-57F2-406E-9A17-2350CBD609B7) (Shutdown)
-- iOS 8.4 --
    iPhone 4s (6AF53B62-8F78-4CCC-8A10-0DB144FC6408) (Shutdown)
    iPhone 5 (B8B02140-1B41-4276-815A-657B6B75BD7D) (Shutdown)
    iPhone 5s (87BB537A-4B3D-404F-9B58-EEDF40F6454F) (Shutdown)
    iPhone 6 (CB0B0BB7-EA95-42AC-B891-372EF92D5685) (Shutdown)
    iPhone 6 Plus (A5EE94AD-979A-411E-82BF-A75691CF6AC9) (Shutdown)
    iPad 2 (1465D9B4-7F5B-476B-A36D-78C123B8CBC4) (Shutdown)
    iPad Retina (4E684FFD-DDE7-40A7-854F-387FD8D55F42) (Shutdown)
    iPad Air (0E0DC225-37E9-4687-9B5A-FA4B5A47B627) (Shutdown)
-- iOS 9.0 --
    iPhone 4s (EC47EE79-530B-47D6-BD89-261F3636D7A7) (Shutdown)
    iPhone 5 (6A23F8B5-91FC-4641-B878-4E03C26948CE) (Shutdown)
    iPhone 5s (4D65A3ED-03C2-46B8-AC96-74FC5984CCB3) (Shutdown)
    iPhone 6 (843DFF7B-9D9D-4582-A538-D4032FA0EBD4) (Shutdown)
    iPhone 6 Plus (6FB2315A-EAEB-47BD-9679-30FBD908437C) (Shutdown)
    iPhone 6s (E1A989F8-042B-4D5E-8DF7-397CCE13C45E) (Shutdown)
    iPhone 6s Plus (3972BF94-5169-415B-9257-1581015EAB3B) (Shutdown)
    iPad 2 (EE81B2CA-5312-40FD-A497-23ED71E0C60F) (Shutdown)
    iPad Retina (50A9A592-E014-44EF-AFAD-6FA40E176AD1) (Shutdown)
    iPad Air (BF541C6B-0FFD-4B11-B1EE-5703FA0D0824) (Shutdown)
    iPad Air 2 (5F4B19CE-1763-49BA-BAD9-E508F45071F8) (Shutdown)
-- iOS 9.1 --
    iPhone 4s (C658D5D0-75C1-445F-9C9E-C23559589407) (Shutdown)
    iPhone 5 (2ABE0DE8-38EC-4E20-9AF9-76E9452EA445) (Shutdown)
    iPhone 5s (3E664E6D-4BEF-4138-A338-656A397C75DF) (Shutdown)
    iPhone 6 (039BA9C5-CF46-4745-94FF-CC60F9D1E985) (Shutdown)
    iPhone 6 Plus (A398759A-77F1-4722-BABB-FCD092F69EBA) (Shutdown)
    iPhone 6s (A8A5BB07-F79C-48F9-9764-8690659A4722) (Shutdown)
    iPhone 6s Plus (ADC922E3-354C-4DED-A70A-74FF3E8FA1A9) (Shutdown)
    iPad 2 (67894777-9F75-44B1-8673-E58A82D27FD5) (Shutdown)
    iPad Retina (BB76208E-A1D1-400E-9D47-476E6F2F476D) (Shutdown)
    iPad Air (E5150E22-311E-4F83-8530-215D0B2EFEB7) (Shutdown)
    iPad Air 2 (CF514685-32D1-4806-BC66-190005149987) (Shutdown)
    iPad Pro (88CC62A4-B4FD-4A6A-8E82-3237B8FBF533) (Shutdown)
-- iOS 9.2 --
    iPhone 4s (5D3BA710-E32D-4874-9AFA-18535BFBB5E9) (Shutdown)
    iPhone 5 (DFE01EED-1B08-4982-8915-AE4DDD37C9F0) (Shutdown)
    iPhone 5s (335808F0-4778-4A6E-BEC8-DE2CCEC24D2D) (Shutdown)
    iPhone 6 (5564FD3D-A3B9-444A-ABA5-138394C8FB0D) (Shutdown)
    iPhone 6 Plus (9F976905-47EF-49D0-853F-6853149995A0) (Shutdown)
    iPhone 6s (A7A04D2F-83D3-4411-84A9-94D5DA0BB930) (Shutdown)
    iPhone 6s Plus (379A26C2-6C33-4B0A-9FA0-9612EC4596A0) (Shutdown)
    iPad 2 (3EC9E476-E722-4EA4-BCA5-0CCEF126979A) (Shutdown)
    iPad Retina (C719CB89-B228-4199-84F8-FE180BDFA5F0) (Shutdown)
    iPad Air (5FEDCCB9-40DD-482C-8334-AE699A59D58A) (Shutdown)
    iPad Air 2 (A42330A1-A068-4E50-940C-8662DE4FB89D) (Shutdown)
    iPad Pro (F9E1FA53-BC36-453E-8B34-F0B8D667CD9E) (Shutdown)
-- iOS 9.3 --
    iPhone 4s (B75CF828-E87A-4111-BA6E-1858E7F6FD53) (Shutdown)
    iPhone 5 (D8354CB6-282B-475C-AD84-F600F781A973) (Shutdown)
    iPhone 5s (06745CFA-4CEB-46E7-9201-41A4CD79828E) (Shutdown)
    iPhone 6 (3990DEB9-01F6-46EE-B2F8-5FCB62A3F77D) (Shutdown)
    iPhone 6 Plus (4A9514AE-62D3-45E3-BABD-55FA77E95126) (Shutdown)
    iPhone 6s (CDE04BC1-7232-4C38-B503-005895800BAE) (Shutdown)
    iPhone 6s Plus (715F8566-A2E3-4B3D-B257-C01290ADE1D8) (Shutdown)
    iPad 2 (4A68FEAA-93AB-463F-82EB-086E5F292F71) (Shutdown)
    iPad Retina (E5A9759D-CE3A-4026-97CB-31E8B3C93D81) (Shutdown)
    iPad Air (7E1E4E8D-925E-4E06-98BD-97A659C01644) (Shutdown)
    iPad Air 2 (AE668BD2-DF97-4219-A5D6-8BFE0DE8864F) (Shutdown)
    iPad Pro (55ED4C05-20E7-4D20-B654-AD047A66BEE3) (Shutdown)
-- tvOS 9.0 --
    Apple TV 1080p (341833C6-4B53-45D7-B5C8-E3C17803A2D2) (Shutdown)
-- tvOS 9.1 --
    Apple TV 1080p (A1EF4EA2-46AB-43EB-BB80-8D04B35E692F) (Shutdown)
-- tvOS 9.2 --
    Apple TV 1080p (6291498A-D0BE-43F0-82DE-31E6E62CD630) (Shutdown)
-- watchOS 2.0 --
    Apple Watch - 38mm (332D883E-115C-4EAA-B33E-B3EA0E68B2BF) (Shutdown)
    Apple Watch - 42mm (4AB60DC3-91B1-4392-9C63-D30DB717281A) (Shutdown)
-- watchOS 2.1 --
    Apple Watch - 38mm (36D989F5-E9CA-4CCE-A16B-B40A144E30FF) (Shutdown)
    Apple Watch - 42mm (6DD4FD3B-6068-49BA-8D9F-C3DE145F6729) (Shutdown)
-- watchOS 2.2 --
    Apple Watch - 38mm (98A7427D-ABED-450C-B24F-B7CE742C8984) (Shutdown)
    Apple Watch - 42mm (0BB9AED5-BE7E-4D10-A3E4-8EB7DD228B5F) (Shutdown)
== Device Pairs ==
C8B5CD22-2467-43E7-8E6A-AA1DD2F1A340 (active, disconnected)
    Watch: Apple Watch - 38mm (98A7427D-ABED-450C-B24F-B7CE742C8984) (Shutdown)
    Phone: iPhone 6s (CDE04BC1-7232-4C38-B503-005895800BAE) (Shutdown)
0CB6D7C4-4326-4478-9980-63A49A3D2327 (active, disconnected)
    Watch: Apple Watch - 42mm (0BB9AED5-BE7E-4D10-A3E4-8EB7DD228B5F) (Shutdown)
    Phone: iPhone 6s Plus (715F8566-A2E3-4B3D-B257-C01290ADE1D8) (Shutdown)

========================================


=== OS X info =========================

* sw_vers
ProductName:	Mac OS X
ProductVersion:	10.11.6
BuildVersion:	15G31

* system_profiler SPSoftwareDataType
Software:

    System Software Overview:

      System Version: OS X 10.11.6 (15G31)
      Kernel Version: Darwin 15.6.0
      Boot Volume: Macintosh HD
      Boot Mode: Normal
      Computer Name: controlosxstagebhostondemandinternaltest.local
      User Name: vagrant (vagrant)
      Secure Virtual Memory: Enabled
      System Integrity Protection: Enabled
      Time since boot: 1 minute


========================================


=== System infos =======================
* Free disk space: /dev/disk0s2  199Gi   91Gi  107Gi    46% 24044290 28174606   46%   /
========================================


=== Xamarin specific ===================

--- Xamarin

* Xamarin Studio
Release ID: 600020073
Git revision: a6f7a24a9723a2d4f5d33c176615b0d44703ab5b
Build date: 2016-07-26 13:36:15-04

* Mono version:
Mono JIT compiler version 4.4.2 (mono-4.4.0-branch-c7sr1/f72fe45 Wed Jul 27 16:20:13 EDT 2016)
Copyright (C) 2002-2014 Novell, Inc, Xamarin Inc and Contributors. www.mono-project.com
	TLS:           normal
	SIGSEGV:       altstack
	Notification:  kqueue
	Architecture:  x86
	Disabled:      none
	Misc:          softdebug 
	LLVM:          yes(3.6.0svn-mono-master/a173357)
	GC:            sgen
* Mono path:
/Library/Frameworks/Mono.framework/Versions/Current/Commands/mono

* Xamarin.Android
6.1.2

* Xamarin.iOS
mtouch 9.8.2.22 (cycle7-sr1: f37444a)

--- Android

* ANDROID_HOME (/Users/vagrant/Library/Developer/Xamarin/android-sdk-macosx) content:
SDK Readme.txt
add-ons
build-tools
extras
platform-tools
platforms
system-images
temp
tools

* ANDROID_NDK_HOME () content:
 (!) ANDROID_NDK_HOME environment variable is not defined!

* platform-tools content:
NOTICE.txt
adb
api
dmtracedump
etc1tool
fastboot
hprof-conv
lib
source.properties
sqlite3
systrace

* build-tools content:
17.0.0
19.1.0
20.0.0
21.1.2
22.0.1
23.0.1
23.0.2
23.0.3
24.0.0
24.0.1
24.0.2

* extras content:
/Users/vagrant/Library/Developer/Xamarin/android-sdk-macosx/extras
├── android
│   ├── m2repository
│   └── support
└── google
    ├── google_play_services
    └── m2repository

6 directories, 0 files

* platforms content:
android-10
android-15
android-17
android-19
android-20
android-21
android-22
android-23
android-24

* system-images content:
/Users/vagrant/Library/Developer/Xamarin/android-sdk-macosx/system-images
├── android-15
│   └── default
│       └── armeabi-v7a
├── android-17
│   └── default
│       └── armeabi-v7a
├── android-19
│   └── default
│       └── armeabi-v7a
├── android-21
│   └── default
│       └── armeabi-v7a
├── android-22
│   └── default
│       └── armeabi-v7a
├── android-23
│   ├── armeabi-v7a
│   │   ├── NOTICE.txt
│   │   ├── build.prop
│   │   ├── kernel-qemu
│   │   ├── kernel-ranchu
│   │   ├── ramdisk.img
│   │   ├── source.properties
│   │   ├── system.img
│   │   └── userdata.img
│   └── default
│       └── armeabi-v7a
└── android-24
    └── default
        └── armeabi-v7a

22 directories, 8 files

* debug.keystore path:
Missing android debug.keystore
========================================


=== Environment infos =======================
MATCH_KEYCHAIN_PASSWORD environment set
========================================


=== Control tests ======================
source $HOME/.bash_profile ...
source $HOME/.bash_profile - PASSED
========================================

