 (i) Ignore Errors: enabled

#
# This System Report was generated by: https://github.com/bitrise-io/osx-box-bootstrap/blob/master/system_report.sh
#  Pull Requests are welcome!
#


=== Revision / ID ======================
* BITRISE_OSX_STACK_REV_ID: 2016_01_28_1
========================================


=== Pre-installed tool versions ========
* Go: go version go1.5.3 darwin/amd64
* Ruby: ruby 2.2.4p230 (2015-12-16 revision 53155) [x86_64-darwin15]
* Python: Python 2.7.10
* Node.js: v5.5.0
* NPM: 3.5.3
* Java: No Java runtime present, requesting install.

* git: git version 2.7.0
git: 'lfs' is not a git command. See 'git --help'.

Did you mean this?
	log
* git lfs: 
* mercurial/hg: Mercurial Distributed SCM (version 3.7)
* curl: curl 7.43.0 (x86_64-apple-darwin15.0) libcurl/7.43.0 SecureTransport zlib/1.2.5
* wget: GNU Wget 1.17.1 built on darwin15.2.0.
* rsync: rsync  version 2.6.9  protocol version 29
* unzip: UnZip 5.52 of 28 February 2005, by Info-ZIP.  Maintained by C. Spieler.  Send
* zip: This is Zip 3.0 (July 5th 2008), by Info-ZIP.
* tar: bsdtar 2.8.3 - libarchive 2.8.3
* tree: tree v1.7.0 (c) 1996 - 2014 by Steve Baker, Thomas Moore, Francesc Rocher, Florian Sesser, Kyosuke Tokoro 

* brew: Homebrew 0.9.9 (git revision b5a6; last commit 2016-09-09)
Homebrew/homebrew-core (git revision c77c; last commit 2016-09-09)
* xctool: 0.2.7
* Ansible: ansible 2.0.0.2
* gtimeout: timeout (GNU coreutils) 8.25
* watchman: 4.1.0
* flow: Flow, a static type checker for JavaScript, version 0.21.0
* carthage: 0.12.0
./system_report.sh: line 57: convert: command not found
* imagemagic (convert): 
./system_report.sh: line 58: ps2ascii: command not found
* ghostscript (ps2ascii): 
./system_report.sh: line 62: wine: command not found
* wine: 

--- Bitrise CLI tool versions
* bitrise: 1.3.7
* stepman: 0.9.22
* envman: 1.1.0
* bitrise-bridge: 0.9.9
* cmd-bridge: 0.9.4
========================================


=== Ruby GEMs ==========================
* Bundler: Bundler version 1.11.2
* CocoaPods: 0.39.0
* fastlane: fastlane 1.57.0
* xcpretty: 0.2.2
* Nomad CLI: 2.4.5.1
* Nomad CLI IPA / Shenzhen: ipa 0.14.2
========================================


=== All Ruby GEMs ======================
activesupport (4.2.5.1)
addressable (2.3.8)
autoparse (0.3.3)
aws-sdk (1.66.0)
aws-sdk-v1 (1.66.0)
babosa (1.0.2)
bigdecimal (1.2.6)
bundler (1.11.2)
cert (1.2.8)
certified (1.0.0)
claide (0.9.1)
cocoapods (0.39.0)
cocoapods-core (0.39.0)
cocoapods-downloader (0.9.3)
cocoapods-plugins (0.4.2)
cocoapods-search (0.1.0)
cocoapods-stats (0.6.2)
cocoapods-trunk (0.6.4)
cocoapods-try (0.5.1)
coderay (1.1.0)
colored (1.2)
commander (4.3.7, 4.3.5)
credentials_manager (0.14.0)
cupertino (1.3.4)
deliver (1.9.0)
domain_name (0.5.20160128)
dotenv (2.1.0)
dubai (0.1.0)
escape (0.0.4)
excon (0.45.4)
extlib (0.9.16)
faraday (0.9.2, 0.8.11)
faraday-cookie_jar (0.0.6)
faraday_middleware (0.10.0)
fastimage (1.6.8)
fastlane (1.57.0)
fastlane_core (0.36.1)
frameit (2.4.1)
fuzzy_match (2.0.4)
google-api-client (0.8.6)
googleauth (0.5.1)
gym (1.4.0)
highline (1.7.8)
houston (2.2.3)
http-cookie (1.0.2)
i18n (0.7.0)
io-console (0.4.3)
json (1.8.1)
jwt (1.5.2)
krausefx-shenzhen (0.14.7)
launchy (2.4.3)
little-plugger (1.1.4)
logging (2.0.0)
match (0.2.5)
mechanize (2.5.1)
memoist (0.14.0)
method_source (0.8.2)
mime-types (1.25.1)
mini_magick (4.0.4)
mini_portile2 (2.0.0)
minitest (5.4.3)
molinillo (0.4.2)
multi_json (1.11.2)
multi_xml (0.5.5)
multipart-post (1.2.0)
nap (1.1.0)
net-http-digest_auth (1.4)
net-http-persistent (2.9.4)
net-sftp (2.1.2)
net-ssh (3.0.2)
netrc (0.7.8)
nokogiri (1.6.7.2)
nomad-cli (0.0.2)
ntlm-http (0.1.1)
os (0.9.6)
pem (1.1.1)
pilot (1.2.1)
plist (3.1.0)
power_assert (0.2.2)
produce (1.1.1)
pry (0.10.3)
psych (2.0.8)
rack (1.6.4)
rack-protection (1.5.3)
rake (10.4.2)
rdoc (4.2.0)
retriable (1.4.1)
rouge (1.10.1)
rubyzip (1.1.7)
scan (0.4.2)
security (0.1.3)
sentry-raven (0.15.4)
shenzhen (0.14.2)
sigh (1.3.1)
signet (0.7.2)
sinatra (1.4.7)
slack-notifier (1.5.1)
slop (3.6.0)
snapshot (1.6.0)
spaceship (0.19.3)
supply (0.3.0)
term-ansicolor (1.0.7)
terminal-notifier (1.6.3)
terminal-table (1.4.5)
test-unit (3.0.8)
thread_safe (0.3.5)
tilt (2.0.2)
tzinfo (1.2.2)
unf (0.1.4)
unf_ext (0.0.7.2)
venice (0.2.0)
webrobots (0.1.2)
xcodeproj (0.28.2)
xcpretty (0.2.2)
xcpretty-travis-formatter (0.0.4)
========================================


=== Checking Xcode CLT dirs ============

 * ls -alh /usr/include/CommonCrypto
total 24
drwxr-xr-x   10 root  wheel   340B Oct 23  2015 .
drwxr-xr-x  258 root  wheel   8.6K Jan 12  2016 ..
-rw-r--r--    1 root  wheel   1.3K Oct 23  2015 CommonCrypto.h
-rw-r--r--    1 root  wheel   2.4K Oct 23  2015 CommonCryptoError.h
-rw-r--r--    1 root  wheel    33K Oct 23  2015 CommonCryptor.h
-rw-r--r--    1 root  wheel    11K Oct 23  2015 CommonDigest.h
-rw-r--r--    1 root  wheel   4.1K Oct 23  2015 CommonHMAC.h
-rw-r--r--    1 root  wheel   4.6K Oct 23  2015 CommonKeyDerivation.h
-rw-r--r--    1 root  wheel   1.7K Oct 23  2015 CommonRandom.h
-rw-r--r--    1 root  wheel   6.1K Oct 23  2015 CommonSymmetricKeywrap.h

 * ls -alh /Library/Developer/CommandLineTools/
total 0
drwxr-xr-x  4 root  admin   136B Nov 17  2015 .
drwxr-xr-x  4 root  admin   136B Feb  3  2016 ..
drwxr-xr-x  5 root  admin   170B Nov 17  2015 Library
drwxr-xr-x  7 root  admin   238B Nov 17  2015 usr

 * /Library/Developer/CommandLineTools/usr/bin/swift --version
Apple Swift version 2.1.1 (swiftlang-700.1.101.15 clang-700.1.81)
Target: x86_64-apple-darwin15.2.0

========================================


=== Xcode ==============================

* Active Xcode Command Line Tools:
/Applications/Xcode.app/Contents/Developer

* Xcode Version:
Xcode 7.2.1
Build version 7C1002

* Installed SDKs:
OS X SDKs:
	OS X 10.11                    	-sdk macosx10.11

iOS SDKs:
	iOS 9.2                       	-sdk iphoneos9.2

iOS Simulator SDKs:
	Simulator - iOS 9.2           	-sdk iphonesimulator9.2

tvOS SDKs:
	tvOS 9.1                      	-sdk appletvos9.1

tvOS Simulator SDKs:
	Simulator - tvOS 9.1          	-sdk appletvsimulator9.1

watchOS SDKs:
	watchOS 2.1                   	-sdk watchos2.1

watchOS Simulator SDKs:
	Simulator - watchOS 2.1       	-sdk watchsimulator2.1


* Available Simulators:
Could not find service "com.apple.CoreSimulator.CoreSimulatorService" in domain for uid: 501
2016-09-09 07:07:12.612 simctl[956:4066] launchctl print returned an error code: 28928
2016-09-09 07:07:12.612 simctl[956:4066] Failed to locate a valid instance of CoreSimulatorService in the bootstrap.  Adding it now.
== Device Types ==
iPhone 4s (com.apple.CoreSimulator.SimDeviceType.iPhone-4s)
iPhone 5 (com.apple.CoreSimulator.SimDeviceType.iPhone-5)
iPhone 5s (com.apple.CoreSimulator.SimDeviceType.iPhone-5s)
iPhone 6 (com.apple.CoreSimulator.SimDeviceType.iPhone-6)
iPhone 6 Plus (com.apple.CoreSimulator.SimDeviceType.iPhone-6-Plus)
iPhone 6s (com.apple.CoreSimulator.SimDeviceType.iPhone-6s)
iPhone 6s Plus (com.apple.CoreSimulator.SimDeviceType.iPhone-6s-Plus)
iPad 2 (com.apple.CoreSimulator.SimDeviceType.iPad-2)
iPad Retina (com.apple.CoreSimulator.SimDeviceType.iPad-Retina)
iPad Air (com.apple.CoreSimulator.SimDeviceType.iPad-Air)
iPad Air 2 (com.apple.CoreSimulator.SimDeviceType.iPad-Air-2)
iPad Pro (com.apple.CoreSimulator.SimDeviceType.iPad-Pro)
Apple TV 1080p (com.apple.CoreSimulator.SimDeviceType.Apple-TV-1080p)
Apple Watch - 38mm (com.apple.CoreSimulator.SimDeviceType.Apple-Watch-38mm)
Apple Watch - 42mm (com.apple.CoreSimulator.SimDeviceType.Apple-Watch-42mm)
== Runtimes ==
iOS 8.1 (8.1 - 12B411) (com.apple.CoreSimulator.SimRuntime.iOS-8-1)
iOS 8.2 (8.2 - 12D508) (com.apple.CoreSimulator.SimRuntime.iOS-8-2)
iOS 8.3 (8.3 - 12F70) (com.apple.CoreSimulator.SimRuntime.iOS-8-3)
iOS 8.4 (8.4 - 12H141) (com.apple.CoreSimulator.SimRuntime.iOS-8-4)
iOS 9.0 (9.0 - 13A344) (com.apple.CoreSimulator.SimRuntime.iOS-9-0)
iOS 9.1 (9.1 - 13B143) (com.apple.CoreSimulator.SimRuntime.iOS-9-1)
iOS 9.2 (9.2 - 13C75) (com.apple.CoreSimulator.SimRuntime.iOS-9-2)
tvOS 9.0 (9.0 - 13T395) (com.apple.CoreSimulator.SimRuntime.tvOS-9-0)
tvOS 9.1 (9.1 - 13U79) (com.apple.CoreSimulator.SimRuntime.tvOS-9-1)
watchOS 2.0 (2.0 - 13S343) (com.apple.CoreSimulator.SimRuntime.watchOS-2-0)
watchOS 2.1 (2.1 - 13S660) (com.apple.CoreSimulator.SimRuntime.watchOS-2-1)
== Devices ==
-- iOS 8.1 --
    iPhone 4s (813FC142-13C7-4EB6-B64C-3C80806037F6) (Shutdown)
    iPhone 5 (7EBF5788-9CB4-484F-897D-68AEE4B4EF30) (Shutdown)
    iPhone 5s (1671C9F6-5523-42B8-9BA5-7DF711A62490) (Shutdown)
    iPhone 6 (9D2E4D96-297A-4F53-B6CB-934D101260A8) (Shutdown)
    iPhone 6 Plus (F217007B-8A6C-489B-878A-08F246B7CDD1) (Shutdown)
    iPad 2 (D105255A-255F-40D0-87C1-737F811C7C8B) (Shutdown)
    iPad Retina (861F0382-A7CF-49F5-82A5-4B154150465D) (Shutdown)
    iPad Air (5B5D4444-CCA7-4164-8E69-0EC1E9942E76) (Shutdown)
-- iOS 8.2 --
    iPhone 4s (16929B7F-7878-4013-9187-9B098E873EB5) (Shutdown)
    iPhone 5 (4144B5B1-8436-40E9-A9D7-AB9BBA9E85A6) (Shutdown)
    iPhone 5s (159FACF5-2A68-4E33-AEB2-02BC649EEAD9) (Shutdown)
    iPhone 6 (84DC9235-1CFA-4B55-8612-B4F01B874C4A) (Shutdown)
    iPhone 6 Plus (4120CBD7-CD81-401D-93F2-666168DB4E8B) (Shutdown)
    iPad 2 (55D7A222-A7BE-4D33-8143-A62BB1A9868D) (Shutdown)
    iPad Retina (1837ABE4-7663-47CC-90B8-C25FA80288F3) (Shutdown)
    iPad Air (37424261-C9F1-4A21-A629-FFDD919E5FB3) (Shutdown)
-- iOS 8.3 --
    iPhone 4s (2C2A7B9F-D698-4C9D-ABE2-1D067C8A2848) (Shutdown)
    iPhone 5 (AA56ABB6-428D-43AD-9C90-4566A0CD5240) (Shutdown)
    iPhone 5s (740398B4-A4FC-426F-BB6D-23E52985ACBA) (Shutdown)
    iPhone 6 (781635AD-39B6-4B3A-90DE-6D55E04A5B2A) (Shutdown)
    iPhone 6 Plus (F31C9D09-84C4-45A9-AB7F-8A41554CCAC1) (Shutdown)
    iPad 2 (5966EEF0-D528-4050-9D48-763E689D428F) (Shutdown)
    iPad Retina (99DF8F68-C2C3-4A86-A70C-8D1D6DD39D57) (Shutdown)
    iPad Air (D086353F-127D-462D-9065-EF363027050E) (Shutdown)
-- iOS 8.4 --
    iPhone 4s (CAF47C90-D6BA-4219-88B2-9172DC59FBA2) (Shutdown)
    iPhone 5 (48E6F6F2-DA1E-421A-ABB4-7D7836337A9E) (Shutdown)
    iPhone 5s (155A35EF-F846-4568-9FB4-FB445D235EE8) (Shutdown)
    iPhone 6 (51550C86-5220-43AF-9D62-6B3541643030) (Shutdown)
    iPhone 6 Plus (FC6839C4-BC68-4A4C-8291-36C123E036D8) (Shutdown)
    iPad 2 (3B4B1089-357F-4142-955E-729BE80A2D54) (Shutdown)
    iPad Retina (1E5B7C92-5585-49C1-92C8-57FED08988F8) (Shutdown)
    iPad Air (3D45830E-8C6F-4ECF-8808-DC7A344EEB2A) (Shutdown)
-- iOS 9.0 --
    iPhone 4s (E375A79C-000A-48C2-A277-B8541C3016A1) (Shutdown)
    iPhone 5 (95A89EE3-52E3-415C-87BA-714164F26FF0) (Shutdown)
    iPhone 5s (387BAC25-9B15-4687-A2EB-F4B7C06B1867) (Shutdown)
    iPhone 6 (3152F479-A921-42F1-B2D9-DE1B568ECB27) (Shutdown)
    iPhone 6 Plus (73910745-2396-4034-A329-DEF564C3B880) (Shutdown)
    iPhone 6s (7163F6CE-E047-4EE5-BDD6-78F5F98519B4) (Shutdown)
    iPhone 6s Plus (C80091A3-139F-4BBC-86EA-1C31A3A401F9) (Shutdown)
    iPad 2 (8F43A909-CE4D-4B5B-839E-F3491138A5C6) (Shutdown)
    iPad Retina (D9B140C7-DA5E-4D5F-A2DB-E625D221AE73) (Shutdown)
    iPad Air (0BD557BD-E95E-4AC9-AC5E-B7DA1F3067C1) (Shutdown)
    iPad Air 2 (5837CC23-DE9E-4E91-93C9-2C8E5E821319) (Shutdown)
-- iOS 9.1 --
    iPhone 4s (60744A21-4C6B-4366-81DB-2804039E623E) (Shutdown)
    iPhone 5 (2DA71B07-AE6E-43B1-B3FD-704E55527639) (Shutdown)
    iPhone 5s (79ED5F01-B144-4C9F-9114-CE868C9F408F) (Shutdown)
    iPhone 6 (08789C84-93EF-4698-B035-7AA792583B8F) (Shutdown)
    iPhone 6 Plus (BC198F2E-C7AD-4979-A5C5-1DF6AEE38EC3) (Shutdown)
    iPhone 6s (A8E5AEE3-D608-4B14-945C-D8AECE680162) (Shutdown)
    iPhone 6s Plus (98449DF5-4AD7-495C-99E0-66F56F80E662) (Shutdown)
    iPad 2 (52E2EFFC-2785-4E09-AAB0-3E294C295B4C) (Shutdown)
    iPad Retina (96ED176A-7440-49B0-9D61-0C83CDA03353) (Shutdown)
    iPad Air (8025A8FC-A9BA-4C2B-B863-54766D8D40C0) (Shutdown)
    iPad Air 2 (4413C65E-A8FB-4690-B8B3-A82E8DAC4A50) (Shutdown)
    iPad Pro (1A655812-B480-42FB-ACB7-330D25E9F1A0) (Shutdown)
-- iOS 9.2 --
    iPhone 4s (F619AEA0-AE21-4BC2-A526-AD594C8CED90) (Shutdown)
    iPhone 5 (46B32585-1ABF-4832-AD51-3EBD0FA08464) (Shutdown)
    iPhone 5s (E56CE4E7-DFAC-4576-85E6-CC9C45883363) (Shutdown)
    iPhone 6 (E778360C-D268-4B9D-AFCF-58D645A1BA35) (Shutdown)
    iPhone 6 Plus (C5738780-2580-45B1-B6AE-FDA687E80210) (Shutdown)
    iPhone 6s (22B9957F-4637-433B-B3CB-0C61977F1BF8) (Shutdown)
    iPhone 6s Plus (314CF2D7-028A-45DE-98D3-0D866AC47183) (Shutdown)
    iPad 2 (84E44EA6-BB51-495D-B1B8-8B218867F5C0) (Shutdown)
    iPad Retina (93B9B585-E8C4-4638-8002-214DD1432A2E) (Shutdown)
    iPad Air (2095135E-8D65-4399-999F-9503F54C8989) (Shutdown)
    iPad Air 2 (D391B237-C297-4AF0-AA0A-2EF5CE1CBFEB) (Shutdown)
    iPad Pro (AADC5A4F-7BE1-4FC3-9964-D3EE0238A084) (Shutdown)
-- tvOS 9.0 --
    Apple TV 1080p (0DF25143-DD79-4565-B82A-8C2204B8DA76) (Shutdown)
-- tvOS 9.1 --
    Apple TV 1080p (B8991539-AB9E-4D52-8223-BB7EA397E440) (Shutdown)
-- watchOS 2.0 --
    Apple Watch - 38mm (99A4A476-E350-4412-8173-676CF1887FE2) (Shutdown)
    Apple Watch - 42mm (5959DC69-309A-4625-A4A2-0D42613AF445) (Shutdown)
-- watchOS 2.1 --
    Apple Watch - 38mm (B39623AC-4001-4594-B3AD-744082CD230D) (Shutdown)
    Apple Watch - 42mm (7D25E8C3-D934-41DF-B094-50DCE51066FC) (Shutdown)
== Device Pairs ==
29871081-5884-49B7-A1C6-A5369946593A (disconnected)
    Watch: Apple Watch - 38mm (B39623AC-4001-4594-B3AD-744082CD230D) (Shutdown)
    Phone: iPhone 6s (22B9957F-4637-433B-B3CB-0C61977F1BF8) (Shutdown)
7D3C6207-C84D-4D0B-8449-AB8FF6E47B86 (disconnected)
    Watch: Apple Watch - 42mm (7D25E8C3-D934-41DF-B094-50DCE51066FC) (Shutdown)
    Phone: iPhone 6s Plus (314CF2D7-028A-45DE-98D3-0D866AC47183) (Shutdown)

========================================


=== OS X info =========================

* sw_vers
ProductName:	Mac OS X
ProductVersion:	10.11.2
BuildVersion:	15C50

* system_profiler SPSoftwareDataType
Software:

    System Software Overview:

      System Version: OS X 10.11.2 (15C50)
      Kernel Version: Darwin 15.2.0
      Boot Volume: Macintosh HD
      Boot Mode: Normal
      Computer Name: controlosxstageahostondemandinternaltest.local
      User Name: vagrant (vagrant)
      Secure Virtual Memory: Enabled
      System Integrity Protection: Enabled
      Time since boot: 1 minute


========================================


=== System infos =======================
* Free disk space: /dev/disk0s2   99Gi   51Gi   48Gi    52% 13474435 12530061   52%   /
========================================

