 (i) Ignore Errors: enabled

#
# This System Report was generated by: https://github.com/bitrise-io/osx-box-bootstrap/blob/master/system_report.sh
#  Pull Requests are welcome!
#


=== Revision / ID ======================
* BITRISE_OSX_STACK_REV_ID: v2018_09_12_1
========================================


=== Pre-installed tool versions ========
* Go: go version go1.11.1 darwin/amd64
* Ruby: ruby 2.5.1p57 (2018-03-29 revision 63029) [x86_64-darwin17]
* Python: Python 2.7.15
* Node.js: v8.12.0
* NPM: 6.4.1
* Yarn: 1.10.1
* Java: java version "11" 2018-09-25
Java(TM) SE Runtime Environment 18.9 (build 11+28)
Java HotSpot(TM) 64-Bit Server VM 18.9 (build 11+28, mixed mode)

* git: git version 2.19.0
* git lfs: git-lfs/2.5.2 (GitHub; darwin amd64; go 1.11)
* mercurial/hg: Mercurial Distributed SCM (version 4.7.1)
* curl: curl 7.54.0 (x86_64-apple-darwin17.0) libcurl/7.54.0 LibreSSL/2.0.20 zlib/1.2.11 nghttp2/1.24.0
* wget: GNU Wget 1.19.5 built on darwin17.5.0.
* rsync: rsync  version 2.6.9  protocol version 29
* unzip: UnZip 6.00 of 20 April 2009, by Info-ZIP.  Maintained by C. Spieler.  Send
* zip: This is Zip 3.0 (July 5th 2008), by Info-ZIP.
* tar: bsdtar 2.8.3 - libarchive 2.8.3
* tree: tree v1.7.0 (c) 1996 - 2014 by Steve Baker, Thomas Moore, Francesc Rocher, Florian Sesser, Kyosuke Tokoro 

* brew: Homebrew 1.7.6
Homebrew/homebrew-core (git revision af25e; last commit 2018-10-04)
Homebrew/homebrew-cask (git revision ec7b3; last commit 2018-10-04)
./system_report.sh: line 54: xctool: command not found
* xctool: 
* Ansible: ansible 2.6.5
  configured module search path = [u'/Users/vagrant/.ansible/plugins/modules', u'/usr/share/ansible/plugins/modules']
  ansible python module location = /usr/local/Cellar/ansible/2.6.5/libexec/lib/python2.7/site-packages/ansible
  executable location = /usr/local/bin/ansible
* gtimeout: timeout (GNU coreutils) 8.30
* watchman: 4.9.0
* flow: Flow, a static type checker for JavaScript, version 0.81.0
* carthage: 0.31.0
* imagemagick (convert): Version: ImageMagick 7.0.8-12 Q16 x86_64 2018-09-23 https://imagemagick.org
* ghostscript (ps2ascii): 9.25
* screen: Screen version 4.06.02 (GNU) 23-Oct-17
./system_report.sh: line 70: wine: command not found
* wine: 

--- Bitrise CLI tool versions
* bitrise: 1.22.0
* stepman: 0.10.3
* envman: 2.0.0
* bitrise-bridge: 0.9.11
* cmd-bridge: 0.9.5
========================================


=== Ruby GEMs ==========================
* Rubygems: 2.7.7
* Bundler: Bundler version 1.16.2
* CocoaPods: 1.5.3
* xcpretty: 0.3.0
* Nomad CLI: 2.7.7
* Nomad CLI IPA / Shenzhen: ipa 0.14.3
========================================


=== All Ruby GEMs ======================
activesupport (4.2.10)
addressable (2.5.2)
atomos (0.1.3)
aws-sdk (1.67.0)
aws-sdk-v1 (1.67.0)
babosa (1.0.2)
bigdecimal (default: 1.3.4)
bundler (default: 1.16.2)
certified (1.0.0)
CFPropertyList (3.0.0)
claide (1.0.2)
cmath (default: 1.0.0)
cocoapods (1.5.3)
cocoapods-core (1.5.3)
cocoapods-deintegrate (1.0.2)
cocoapods-downloader (1.2.1)
cocoapods-plugins (1.0.0)
cocoapods-search (1.0.0)
cocoapods-stats (1.0.0)
cocoapods-trunk (1.3.1)
cocoapods-try (1.1.0)
colored (1.2)
colored2 (3.1.2)
commander (4.4.6)
commander-fastlane (4.4.6)
concurrent-ruby (1.0.5)
connection_pool (2.2.2)
csv (default: 1.0.0)
cupertino (1.4.0)
date (default: 1.0.0)
dbm (default: 1.0.0)
declarative (0.0.10)
declarative-option (0.1.0)
did_you_mean (1.2.0)
domain_name (0.5.20180417)
dotenv (2.5.0)
dubai (0.1.2)
emoji_regex (0.1.1)
escape (0.0.4)
etc (default: 1.0.0)
excon (0.62.0)
faraday (0.15.3)
faraday-cookie_jar (0.0.6)
faraday_middleware (0.12.2)
fastimage (2.1.4)
fastlane (2.105.2)
fcntl (default: 1.0.0)
fiddle (default: 1.0.0)
fileutils (default: 1.0.2)
fourflusher (2.0.1)
fuzzy_match (2.0.4)
gh_inspector (1.1.3)
google-api-client (0.23.9)
googleauth (0.6.6)
highline (1.7.10)
houston (2.3.0)
http-cookie (1.0.3)
httpclient (2.8.3)
i18n (0.9.5)
io-console (default: 0.4.6)
ipaddr (default: 1.2.0)
json (default: 2.1.0, 1.8.6)
jwt (2.1.0)
mechanize (2.7.6)
memoist (0.16.0)
mime-types (3.2.2)
mime-types-data (3.2018.0812)
mini_magick (4.5.1)
mini_portile2 (2.3.0)
minitest (5.10.3)
molinillo (0.6.6)
multi_json (1.13.1)
multi_xml (0.6.0)
multipart-post (2.0.0)
mustermann (1.0.3)
nanaimo (0.2.6)
nap (1.1.0)
naturally (2.2.0)
net-http-digest_auth (1.4.1)
net-http-persistent (3.0.0)
net-sftp (2.1.2)
net-ssh (5.0.2)
net-telnet (0.1.1)
netrc (0.11.0)
nokogiri (1.8.4)
nomad-cli (0.0.2)
ntlm-http (0.1.1)
openssl (default: 2.1.0)
os (1.0.0)
plist (3.1.0)
power_assert (1.1.1)
psych (default: 3.0.2)
public_suffix (2.0.5)
rack (2.0.5)
rack-protection (2.0.0)
rake (12.3.0)
rdoc (default: 6.0.1)
representable (3.0.4)
retriable (3.1.2)
rouge (2.0.7)
ruby-macho (1.3.1)
rubygems-update (2.7.7)
rubyzip (1.2.2)
scanf (default: 1.0.0)
sdbm (default: 1.0.0)
security (0.1.3)
shenzhen (0.14.3)
signet (0.10.0)
simctl (1.6.5)
sinatra (2.0.0)
slack-notifier (2.3.2)
stringio (default: 0.0.1)
strscan (default: 1.0.0)
term-ansicolor (1.6.0)
terminal-notifier (1.8.0)
terminal-table (1.8.0)
test-unit (3.2.7)
thread_safe (0.3.6)
tilt (2.0.8)
tins (1.16.3)
tty-cursor (0.6.0)
tty-screen (0.6.5)
tty-spinner (0.8.0)
tzinfo (1.2.5)
uber (0.1.0)
unf (0.1.4)
unf_ext (0.0.7.5)
unicode-display_width (1.4.0)
venice (0.5.0)
webrick (default: 1.4.2)
webrobots (0.1.2)
word_wrap (1.0.0)
xcodeproj (1.6.0)
xcpretty (0.3.0)
xcpretty-travis-formatter (1.0.0)
xmlrpc (0.3.0)
zlib (default: 1.0.0)
========================================


=== NPM global packages ==========================
* Cordova: 8.1.1 (cordova-lib@8.1.0)
* Ionic: 4.1.2
========================================


=== Checking Xcode CLT dirs ============

 * ls -1 /usr/include/CommonCrypto
CommonCrypto.h
CommonCryptoError.h
CommonCryptor.h
CommonDigest.h
CommonHMAC.h
CommonKeyDerivation.h
CommonRandom.h
CommonSymmetricKeywrap.h

 * ls -1 /Library/Developer/CommandLineTools/
Library
SDKs
usr

 * /Library/Developer/CommandLineTools/usr/bin/swift --version
Apple Swift version 4.2 (swiftlang-1000.0.37.1 clang-1000.10.44)
Target: x86_64-apple-darwin17.7.0

========================================


=== Xcode ==============================

* Active Xcode Command Line Tools:
/Applications/Xcode-beta.app/Contents/Developer

* Xcode Version:
Xcode 10.1
Build version 10O35n

* Installed SDKs:
iOS SDKs:
	iOS 12.1                      	-sdk iphoneos12.1

iOS Simulator SDKs:
	Simulator - iOS 12.1          	-sdk iphonesimulator12.1

macOS SDKs:
	macOS 10.14                   	-sdk macosx10.14

tvOS SDKs:
	tvOS 12.1                     	-sdk appletvos12.1

tvOS Simulator SDKs:
	Simulator - tvOS 12.1         	-sdk appletvsimulator12.1

watchOS SDKs:
	watchOS 5.1                   	-sdk watchos5.1

watchOS Simulator SDKs:
	Simulator - watchOS 5.1       	-sdk watchsimulator5.1


* Available Simulators:
== Device Types ==
iPhone 4s (com.apple.CoreSimulator.SimDeviceType.iPhone-4s)
iPhone 5 (com.apple.CoreSimulator.SimDeviceType.iPhone-5)
iPhone 5s (com.apple.CoreSimulator.SimDeviceType.iPhone-5s)
iPhone 6 (com.apple.CoreSimulator.SimDeviceType.iPhone-6)
iPhone 6 Plus (com.apple.CoreSimulator.SimDeviceType.iPhone-6-Plus)
iPhone 6s (com.apple.CoreSimulator.SimDeviceType.iPhone-6s)
iPhone 6s Plus (com.apple.CoreSimulator.SimDeviceType.iPhone-6s-Plus)
iPhone 7 (com.apple.CoreSimulator.SimDeviceType.iPhone-7)
iPhone 7 Plus (com.apple.CoreSimulator.SimDeviceType.iPhone-7-Plus)
iPhone 8 (com.apple.CoreSimulator.SimDeviceType.iPhone-8)
iPhone 8 Plus (com.apple.CoreSimulator.SimDeviceType.iPhone-8-Plus)
iPhone SE (com.apple.CoreSimulator.SimDeviceType.iPhone-SE)
iPhone X (com.apple.CoreSimulator.SimDeviceType.iPhone-X)
iPhone XR (com.apple.CoreSimulator.SimDeviceType.iPhone-XR)
iPhone XS (com.apple.CoreSimulator.SimDeviceType.iPhone-XS)
iPhone XS Max (com.apple.CoreSimulator.SimDeviceType.iPhone-XS-Max)
iPad 2 (com.apple.CoreSimulator.SimDeviceType.iPad-2)
iPad Retina (com.apple.CoreSimulator.SimDeviceType.iPad-Retina)
iPad Air (com.apple.CoreSimulator.SimDeviceType.iPad-Air)
iPad Air 2 (com.apple.CoreSimulator.SimDeviceType.iPad-Air-2)
iPad (5th generation) (com.apple.CoreSimulator.SimDeviceType.iPad--5th-generation-)
iPad Pro (9.7-inch) (com.apple.CoreSimulator.SimDeviceType.iPad-Pro--9-7-inch-)
iPad Pro (12.9-inch) (com.apple.CoreSimulator.SimDeviceType.iPad-Pro)
iPad Pro (12.9-inch) (2nd generation) (com.apple.CoreSimulator.SimDeviceType.iPad-Pro--12-9-inch---2nd-generation-)
iPad Pro (10.5-inch) (com.apple.CoreSimulator.SimDeviceType.iPad-Pro--10-5-inch-)
iPad (6th generation) (com.apple.CoreSimulator.SimDeviceType.iPad--6th-generation-)
Apple TV (com.apple.CoreSimulator.SimDeviceType.Apple-TV-1080p)
Apple TV 4K (com.apple.CoreSimulator.SimDeviceType.Apple-TV-4K-4K)
Apple TV 4K (at 1080p) (com.apple.CoreSimulator.SimDeviceType.Apple-TV-4K-1080p)
Apple Watch - 38mm (com.apple.CoreSimulator.SimDeviceType.Apple-Watch-38mm)
Apple Watch - 42mm (com.apple.CoreSimulator.SimDeviceType.Apple-Watch-42mm)
Apple Watch Series 2 - 38mm (com.apple.CoreSimulator.SimDeviceType.Apple-Watch-Series-2-38mm)
Apple Watch Series 2 - 42mm (com.apple.CoreSimulator.SimDeviceType.Apple-Watch-Series-2-42mm)
Apple Watch Series 3 - 38mm (com.apple.CoreSimulator.SimDeviceType.Apple-Watch-Series-3-38mm)
Apple Watch Series 3 - 42mm (com.apple.CoreSimulator.SimDeviceType.Apple-Watch-Series-3-42mm)
Apple Watch Series 4 - 40mm (com.apple.CoreSimulator.SimDeviceType.Apple-Watch-Series-4-40mm)
Apple Watch Series 4 - 44mm (com.apple.CoreSimulator.SimDeviceType.Apple-Watch-Series-4-44mm)
== Runtimes ==
iOS 10.0 (10.0 - 14A345) - com.apple.CoreSimulator.SimRuntime.iOS-10-0 
iOS 10.1 (10.1 - 14B72) - com.apple.CoreSimulator.SimRuntime.iOS-10-1 
iOS 10.2 (10.2 - 14C89) - com.apple.CoreSimulator.SimRuntime.iOS-10-2 
iOS 10.3 (10.3.1 - 14E8301) - com.apple.CoreSimulator.SimRuntime.iOS-10-3 
iOS 11.0 (11.0.1 - 15A8401) - com.apple.CoreSimulator.SimRuntime.iOS-11-0 
iOS 11.1 (11.1 - 15B87) - com.apple.CoreSimulator.SimRuntime.iOS-11-1 
iOS 11.2 (11.2 - 15C107) - com.apple.CoreSimulator.SimRuntime.iOS-11-2 
iOS 11.3 (11.3 - 15E217) - com.apple.CoreSimulator.SimRuntime.iOS-11-3 
iOS 11.4 (11.4 - 15F79) - com.apple.CoreSimulator.SimRuntime.iOS-11-4 
iOS 12.1 (12.1 - 16B5068g) - com.apple.CoreSimulator.SimRuntime.iOS-12-1 
tvOS 10.0 (10.0 - 14T328) - com.apple.CoreSimulator.SimRuntime.tvOS-10-0 
tvOS 10.1 (10.1 - 14U591) - com.apple.CoreSimulator.SimRuntime.tvOS-10-1 
tvOS 10.2 (10.2 - 14W260) - com.apple.CoreSimulator.SimRuntime.tvOS-10-2 
tvOS 11.0 (11.0 - 15J380) - com.apple.CoreSimulator.SimRuntime.tvOS-11-0 
tvOS 11.1 (11.1 - 15J580) - com.apple.CoreSimulator.SimRuntime.tvOS-11-1 
tvOS 11.2 (11.2 - 15K104) - com.apple.CoreSimulator.SimRuntime.tvOS-11-2 
tvOS 11.3 (11.3 - 15L211) - com.apple.CoreSimulator.SimRuntime.tvOS-11-3 
tvOS 11.4 (11.4 - 15L576) - com.apple.CoreSimulator.SimRuntime.tvOS-11-4 
tvOS 12.1 (12.1 - 16J5584c) - com.apple.CoreSimulator.SimRuntime.tvOS-12-1 
watchOS 3.1 (3.1 - 14S471a) - com.apple.CoreSimulator.SimRuntime.watchOS-3-1 
watchOS 3.2 (3.2 - 14V243) - com.apple.CoreSimulator.SimRuntime.watchOS-3-2 
watchOS 4.0 (4.0 - 15R372) - com.apple.CoreSimulator.SimRuntime.watchOS-4-0 
watchOS 4.1 (4.1 - 15R844) - com.apple.CoreSimulator.SimRuntime.watchOS-4-1 
watchOS 4.2 (4.2 - 15S100) - com.apple.CoreSimulator.SimRuntime.watchOS-4-2 
watchOS 5.1 (5.1 - 16R5568d) - com.apple.CoreSimulator.SimRuntime.watchOS-5-1 
== Devices ==
-- iOS 10.0 --
    iPhone 5 (CE02F67E-EE97-4915-AD1C-6A8EA1C039BF) (Shutdown) 
    iPhone 5s (103B657D-8BB1-4FBF-9DEE-9E6157823243) (Shutdown) 
    iPhone 6 (C98C4E1B-4832-4074-A985-2451410778E6) (Shutdown) 
    iPhone 6 Plus (EE3AB70D-3E3E-4555-8DD9-85DABD05AFD3) (Shutdown) 
    iPhone 6s (0F9D0FC6-C16B-4C66-9908-6B89424C54C7) (Shutdown) 
    iPhone 6s Plus (ED1D12E2-0C0C-4057-AD71-1079DC0BDC17) (Shutdown) 
    iPhone SE (538A7EAE-B9C4-49E6-AE56-B2BB427AD6FE) (Shutdown) 
    iPad Air (11A845AA-4311-4643-B682-A15A4B3B24BC) (Shutdown) 
    iPad Air 2 (44D805E7-F5C0-4F09-97B0-C1A418C14C8A) (Shutdown) 
    iPad Pro (9.7 inch) (066D5E0E-91F5-4275-83BB-4D3D251292ED) (Shutdown) 
    iPad Pro (12.9 inch) (2CA473C5-D298-42F8-A6BC-62DF8492D160) (Shutdown) 
-- iOS 10.1 --
    iPhone 5 (C9F23E47-334D-410B-8322-4D37B0A752D4) (Shutdown) 
    iPhone 5s (2085E430-5825-4182-8E1A-B20AD4F642DA) (Shutdown) 
    iPhone 6 (B2D35A87-4CC3-4082-AFD9-0E427BE64C64) (Shutdown) 
    iPhone 6 Plus (DCB71091-4AEA-47E2-88AC-498482C464EA) (Shutdown) 
    iPhone 6s (3BB14EA2-CA02-4519-9E11-377F9E59637C) (Shutdown) 
    iPhone 6s Plus (27A9096C-61F5-4406-BD96-F574CDF78963) (Shutdown) 
    iPhone 7 (CF9C7BEA-4A9D-4581-BCC5-71109C942823) (Shutdown) 
    iPhone 7 Plus (DEFCA3CF-4540-4408-901D-9C8C396B5D9E) (Shutdown) 
    iPhone SE (59FAA586-0FE9-4628-B966-A8D2A25EDACF) (Shutdown) 
    iPad Air (635D08FC-A2C7-4CAC-B6E9-2D255858BB79) (Shutdown) 
    iPad Air 2 (794430A2-423A-41FA-9DB7-F6E9DC2E5E79) (Shutdown) 
    iPad Pro (9.7 inch) (A560F333-52DD-4474-8A40-E3ACEA3D5573) (Shutdown) 
    iPad Pro (12.9 inch) (B0A6955E-74F6-4461-A99C-A55CCEAA8DD4) (Shutdown) 
-- iOS 10.2 --
    iPhone 5 (CDB95033-277D-4ABE-893B-4BD4F1077BC7) (Shutdown) 
    iPhone 5s (D74C096C-E3DD-44C0-8D33-70D54C8163D4) (Shutdown) 
    iPhone 6 (7233EB65-1BEE-4F90-99E0-025ED9B5316F) (Shutdown) 
    iPhone 6 Plus (873E0E26-D6A0-4EDF-ABF6-5F6F27A40AEE) (Shutdown) 
    iPhone 6s (44F79104-9E55-4F6D-A9F8-474FFB0876E9) (Shutdown) 
    iPhone 6s Plus (0EED5C9B-0FDC-42EF-8890-3016F53B75C2) (Shutdown) 
    iPhone 7 (C49C1D28-BA58-45E7-B2EF-5B5D148153FC) (Shutdown) 
    iPhone 7 Plus (2F77653E-EAFB-4A85-AA5B-8659216FC541) (Shutdown) 
    iPhone SE (4A0686F7-EE1F-4EDC-9CB9-4A3628C05017) (Shutdown) 
    iPad Air (F1D34CB3-A0CA-4B88-86FD-1FE16902DFFF) (Shutdown) 
    iPad Air 2 (5499E17E-61B5-4E6F-8F8D-D94BD1A354A5) (Shutdown) 
    iPad Pro (9.7 inch) (0FFE315C-D288-49C7-850D-F60EF7DD187E) (Shutdown) 
    iPad Pro (12.9 inch) (4F56F1C5-3F88-4CED-B425-FE942D476A38) (Shutdown) 
-- iOS 10.3 --
    iPhone 5 (37EF40F5-C36C-498E-ACA2-EB23CBE6F387) (Shutdown) 
    iPhone 5s (6091FEFB-482E-4F98-9C2D-75F9924895DC) (Shutdown) 
    iPhone 6 (37A7965B-324E-406A-B834-FB21343EBB73) (Shutdown) 
    iPhone 6 Plus (E5E270A2-03B2-4133-8A27-B27FEBBA8E7A) (Shutdown) 
    iPhone 6s (4BC96140-FB71-4A0F-A49B-765408BC1402) (Shutdown) 
    iPhone 6s Plus (D711687A-8779-4249-ABA3-4C9A978924A2) (Shutdown) 
    iPhone 7 (9B855936-4EA0-4FC1-BEE5-F8831A5446B3) (Shutdown) 
    iPhone 7 Plus (FF4F7114-1189-4349-84F7-2CD6B8622DC7) (Shutdown) 
    iPhone SE (4AFEA29C-B515-46F7-B4F6-9805E3280225) (Shutdown) 
    iPad Air (7842A4BD-6C19-4CAD-8428-1C568A894378) (Shutdown) 
    iPad Air 2 (3E605217-2DAD-4D63-B91F-757E59459451) (Shutdown) 
    iPad (5th generation) (B5ED184E-D2E5-4C78-8EFE-0F36B914DB36) (Shutdown) 
    iPad Pro (9.7 inch) (F637BF41-EBA4-469B-BFA5-5E7EEC7DB508) (Shutdown) 
    iPad Pro (12.9 inch) (63C8EB27-0155-42FD-B13C-2580E0EB9B6B) (Shutdown) 
    iPad Pro (12.9-inch) (2nd generation) (F063BF38-0560-4A39-A207-86415C5393AD) (Shutdown) 
    iPad Pro (10.5-inch) (F8B5A027-DB6A-44DC-9C5F-8AACFF1D7753) (Shutdown) 
-- iOS 11.0 --
    iPhone 5s (71B46800-23AF-48F7-BDB6-261B76348832) (Shutdown) 
    iPhone 6 (0B83C533-892B-485A-9162-D10C4C8350AF) (Shutdown) 
    iPhone 6 Plus (558B1E31-9215-4EB2-AA4A-E6291F1B254F) (Shutdown) 
    iPhone 6s (E6455158-D4A1-4DFE-BCE0-1003BB52A168) (Shutdown) 
    iPhone 6s Plus (9822739A-FC5F-4F17-AA93-4F75AC189F24) (Shutdown) 
    iPhone 7 (A1198668-5B3C-45C9-8F80-69678A5CA977) (Shutdown) 
    iPhone 7 Plus (B7D94A95-2480-446A-81C1-38B5A2B41BBD) (Shutdown) 
    iPhone 8 (57BFF8E7-A6D2-4E1F-B207-559383C63AF2) (Shutdown) 
    iPhone 8 Plus (2D2E2A09-708C-4077-81E5-23BC8C3DC459) (Shutdown) 
    iPhone SE (39CC6FA0-5600-420B-9D85-CC4D28FBB2D2) (Shutdown) 
    iPhone X (1841894C-83D2-445E-8873-C58C20DC389D) (Shutdown) 
    iPad Air (A1B0D472-030C-4809-8F92-F6E54480C897) (Shutdown) 
    iPad Air 2 (F8FCE281-ED28-4440-A326-C175319EBBB0) (Shutdown) 
    iPad (5th generation) (A827B969-23BD-47A2-89D7-94A1989B2180) (Shutdown) 
    iPad Pro (9.7-inch) (704CFA54-501B-43A8-89CB-3747766D9F95) (Shutdown) 
    iPad Pro (12.9-inch) (A18C49DE-8E11-4373-9D0C-20D5B86A2F64) (Shutdown) 
    iPad Pro (12.9-inch) (2nd generation) (8417AF5A-B882-4345-9945-FB1813440F57) (Shutdown) 
    iPad Pro (10.5-inch) (61A748A0-E83B-439E-85F9-8788BE3A371D) (Shutdown) 
-- iOS 11.1 --
    iPhone 5s (D64FF5BC-B291-4B33-A216-A48267787992) (Shutdown) 
    iPhone 6 (33CDD82B-0EEC-4B2A-AED4-A74A28CAF81D) (Shutdown) 
    iPhone 6 Plus (E1923F58-B467-479B-A29A-BB6E294E3E3E) (Shutdown) 
    iPhone 6s (5945BAFE-0E43-4DA1-A753-B90A5E84C20C) (Shutdown) 
    iPhone 6s Plus (9885319F-73AD-4FEE-B2D8-87B1E696483A) (Shutdown) 
    iPhone 7 (63C18940-4108-47A0-ABED-773129C6F70E) (Shutdown) 
    iPhone 7 Plus (34305753-E9D1-419E-AD53-BE9075CD4465) (Shutdown) 
    iPhone 8 (DDB58C05-5E35-46DA-9034-E44BE7FC9BC1) (Shutdown) 
    iPhone 8 Plus (F7E6B362-A6E7-490F-A088-3B441B3BD11F) (Shutdown) 
    iPhone SE (B36CF9C9-52CC-425A-9C44-BA655E8C76CB) (Shutdown) 
    iPhone X (27E42A56-E2BF-45EC-9DD2-917FE7A58474) (Shutdown) 
    iPad Air (242250AA-14B1-4203-A033-CD1C8B212EF4) (Shutdown) 
    iPad Air 2 (E217F40B-D7E9-419D-9130-16F83A408D40) (Shutdown) 
    iPad (5th generation) (D026D968-E2E4-4CC0-BC4B-6F787C2539AF) (Shutdown) 
    iPad Pro (9.7-inch) (5C36ADFF-E0DD-4A6A-9A7E-5142E241E43D) (Shutdown) 
    iPad Pro (12.9-inch) (3F184B49-76F2-446B-BB64-D9DB29BF632D) (Shutdown) 
    iPad Pro (12.9-inch) (2nd generation) (BE554617-3058-4633-B27D-F8B7EE89417F) (Shutdown) 
    iPad Pro (10.5-inch) (8CEDCC0F-6F53-4D9A-BDAC-99B09906A35B) (Shutdown) 
-- iOS 11.2 --
    iPhone 5s (D4FD2704-E960-4076-BB0C-DB9515951F42) (Shutdown) 
    iPhone 6 (FCE849F0-3C5C-4EBF-9AF9-1A5CBC636D84) (Shutdown) 
    iPhone 6 Plus (F5CFF0E2-D6A9-4072-AFB8-C75AD3B7593F) (Shutdown) 
    iPhone 6s (9D3F0C7B-155D-4DAF-BA54-ACCAC7C30C2D) (Shutdown) 
    iPhone 6s Plus (04E1357E-60A2-4465-BE3E-BB3AD4E16255) (Shutdown) 
    iPhone 7 (8C02F9D5-DDC2-4A42-886F-7F853AE0E121) (Shutdown) 
    iPhone 7 Plus (C9ADC079-2643-4A28-A00F-31DC3E0AD747) (Shutdown) 
    iPhone 8 (67F5485B-FC94-4906-AE3E-CAF752A97E77) (Shutdown) 
    iPhone 8 Plus (4B1C4F52-F98D-4899-BCD5-B5465303B031) (Shutdown) 
    iPhone SE (FF8B4517-4C01-4021-A205-90532832B41F) (Shutdown) 
    iPhone X (8856D362-2B03-4FA7-A388-DD929ED4019D) (Shutdown) 
    iPad Air (11F7E5ED-F407-41C7-BF9F-7D3D0238AD76) (Shutdown) 
    iPad Air 2 (3F69AE34-7EFF-452A-BBD9-070EC69284F7) (Shutdown) 
    iPad (5th generation) (3793E9D1-0294-470C-95D4-02ED9361EEB5) (Shutdown) 
    iPad Pro (9.7-inch) (59A9A831-DB11-4B7B-9D4B-9F507E980436) (Shutdown) 
    iPad Pro (12.9-inch) (125421E7-E043-4687-B322-26605F151776) (Shutdown) 
    iPad Pro (12.9-inch) (2nd generation) (E33F0158-2CED-4834-8DDE-B74BA065C8AC) (Shutdown) 
    iPad Pro (10.5-inch) (404FF2E2-6174-4C90-B41D-36A1B4F715DC) (Shutdown) 
-- iOS 11.3 --
    iPhone 5s (528A3756-535C-4EEB-963C-6CD14B491581) (Shutdown) 
    iPhone 6 (BA41CE90-DB7E-4410-A3A8-99B08C14BE3C) (Shutdown) 
    iPhone 6 Plus (C3C025D5-27D2-44E3-A39D-6D971DC355BA) (Shutdown) 
    iPhone 6s (FA37ABAC-DE85-41B4-AD36-BD45CABF1E75) (Shutdown) 
    iPhone 6s Plus (16DB52CD-95A8-400E-BFB8-34222633A121) (Shutdown) 
    iPhone 7 (15815B72-FE4A-4005-9899-1642F9710E5B) (Shutdown) 
    iPhone 7 Plus (B4D20F58-66DA-48D8-82D8-1956F2913170) (Shutdown) 
    iPhone 8 (257218AF-E283-4D6C-93AB-AAD2BA2BDBFE) (Shutdown) 
    iPhone 8 Plus (2AFDF667-041F-4949-A3F7-A671DE294EAD) (Shutdown) 
    iPhone SE (3E19225A-4B6A-4AFF-911B-C170DC36A98F) (Shutdown) 
    iPhone X (FAD6EFC8-2684-49D3-A9B9-D828A794E757) (Shutdown) 
    iPad Air (D743884E-A213-4E7F-AA3B-48B2E423041E) (Shutdown) 
    iPad Air 2 (B0E9027C-A68B-459F-BAA4-B4A8D0CB516E) (Shutdown) 
    iPad (5th generation) (F5A2B777-D5B6-4D83-B036-E135577C45A2) (Shutdown) 
    iPad Pro (9.7-inch) (964FECFA-B48D-4F54-A2A4-281FAAB363E6) (Shutdown) 
    iPad Pro (12.9-inch) (B74A2DD4-0696-4A76-986B-3E8AD6535099) (Shutdown) 
    iPad Pro (12.9-inch) (2nd generation) (220205AC-4487-4EDA-BF13-801ED2CBB0DC) (Shutdown) 
    iPad Pro (10.5-inch) (5BD3D9CD-EDF2-442E-AE0B-A7ACCDEC5F54) (Shutdown) 
-- iOS 11.4 --
    iPhone 5s (4E6B5E38-0C4C-4C74-984E-A7FEAD4F8539) (Shutdown) 
    iPhone 6 (30C0F335-4521-4DDE-891C-FA63BF030D33) (Shutdown) 
    iPhone 6 Plus (6613BE92-5950-4686-BE95-5010336E01A9) (Shutdown) 
    iPhone 6s (7F9C407D-60C4-4990-A15F-9A665D4D2AA4) (Shutdown) 
    iPhone 6s Plus (1A9B31A2-F77B-4615-B937-6EB8F9C1BC56) (Shutdown) 
    iPhone 7 (BA2E3A21-3B89-4212-96ED-7BDF04204A39) (Shutdown) 
    iPhone 7 Plus (F7F5CAFD-1DCF-4589-A1CE-378903B89634) (Shutdown) 
    iPhone 8 (EFBC8AC2-EC4F-4FBE-B338-CE24178FE8E7) (Shutdown) 
    iPhone 8 Plus (A1CA52D2-5117-4D5D-8794-B5E63DC71CF6) (Shutdown) 
    iPhone SE (DB8F6EE9-D6AE-4E53-9CAC-A8BB21C4056B) (Shutdown) 
    iPhone X (75C59AA3-FFB9-4340-8C57-29BA44EA1E81) (Shutdown) 
    iPad Air (FDACF102-5184-46D6-805A-1E5C0B16346F) (Shutdown) 
    iPad Air 2 (336BB02F-6447-47FD-8492-360F1FC035A7) (Shutdown) 
    iPad (5th generation) (0EC92E47-B542-49FF-B215-B7E5A620B0F6) (Shutdown) 
    iPad Pro (9.7-inch) (46678E53-7A39-4A1C-9618-47411C550940) (Shutdown) 
    iPad Pro (12.9-inch) (F5803570-B63F-4404-92D1-32AF339C7AFA) (Shutdown) 
    iPad Pro (12.9-inch) (2nd generation) (24DE0DCA-B0AB-4A4A-A709-B7A7498C79EB) (Shutdown) 
    iPad Pro (10.5-inch) (E0F040EF-2CB2-43D7-9588-4E910F8EF013) (Shutdown) 
-- iOS 12.1 --
    iPhone 5s (54B235BD-952B-4B1F-A6F0-4397619CBD35) (Shutdown) 
    iPhone 6 (907FC9CE-B07F-4117-8293-D82A7EFD7961) (Shutdown) 
    iPhone 6 Plus (34B4B5EE-A4C4-4CA2-A79D-D13B3AFDDBE4) (Shutdown) 
    iPhone 6s (D76AF762-9140-4096-B076-0919E708753A) (Shutdown) 
    iPhone 6s Plus (D3A05640-0469-4F69-92FB-AC1C7BB3674A) (Shutdown) 
    iPhone 7 (DBB069AA-693A-498C-BB11-8859F53AF40D) (Shutdown) 
    iPhone 7 Plus (77F02C63-0893-4AE8-B1F5-856A4C93D411) (Shutdown) 
    iPhone 8 (3EE4B33C-95CA-458B-BB38-94B420DD789A) (Shutdown) 
    iPhone 8 Plus (6DAE2909-8C58-4481-936F-1E6DB53B7623) (Shutdown) 
    iPhone SE (02E6FABD-55FA-4726-AC3E-9765C8BF72D1) (Shutdown) 
    iPhone X (2851E230-8300-4B77-9D08-8921DAA7A26B) (Shutdown) 
    iPhone XR (332FAC5B-E693-47FF-BCE8-4A1962DBE788) (Shutdown) 
    iPhone XS (5E13A4F6-C26F-402B-8652-4A5C9AEFF7F3) (Shutdown) 
    iPhone XS Max (7EB96869-F91C-4465-9AA2-A438B79F007E) (Shutdown) 
    iPad Air (CFD1570D-77B1-41C9-8374-D8EDD155462D) (Shutdown) 
    iPad Air 2 (7F32C3DA-983C-475E-8F42-ADAD1EE06074) (Shutdown) 
    iPad (5th generation) (01062450-2043-445D-A3E4-227657516B13) (Shutdown) 
    iPad Pro (9.7-inch) (0E78C189-CF83-40F9-BDAF-9EEE2B6D6901) (Shutdown) 
    iPad Pro (12.9-inch) (A4B54DFD-6051-41D9-A45A-17AA069044CE) (Shutdown) 
    iPad Pro (12.9-inch) (2nd generation) (2EC14C75-E8C3-4E69-8127-E90489EE42E0) (Shutdown) 
    iPad Pro (10.5-inch) (4715D9D9-764A-4C79-A95E-86E1F52D7DB7) (Shutdown) 
    iPad (6th generation) (C6CEE15F-AE53-4CAD-9F2A-9C6E5B5937C4) (Shutdown) 
-- tvOS 10.0 --
    Apple TV 1080p (33BE3C0E-E56E-4452-9F7D-DBE6E871059F) (Shutdown) 
-- tvOS 10.1 --
    Apple TV 1080p (5A0812F2-E81B-458D-BFDC-C20499813571) (Shutdown) 
-- tvOS 10.2 --
    Apple TV 1080p (B1C8F887-E9DF-4EC1-BFC6-9F10B08402E4) (Shutdown) 
-- tvOS 11.0 --
    Apple TV (1FB066C0-1F58-4C5A-917C-D696FE4A9DDE) (Shutdown) 
    Apple TV 4K (357EBBDC-047B-4D17-A9C8-5441DD64F5CF) (Shutdown) 
    Apple TV 4K (at 1080p) (E6BB07A3-B4B1-4CB7-854D-8B4FC98E36A3) (Shutdown) 
-- tvOS 11.1 --
    Apple TV (0BFE30D8-F2DF-4651-B89C-8668596C97BF) (Shutdown) 
    Apple TV 4K (2C05C7B9-D9D0-4F05-BDD2-9058C169CEFF) (Shutdown) 
    Apple TV 4K (at 1080p) (8A78C517-E8E6-47B4-BBF7-E90A5A573B92) (Shutdown) 
-- tvOS 11.2 --
    Apple TV (501E99B5-48E5-4A5F-81C9-2E3FA2D757CF) (Shutdown) 
    Apple TV 4K (0A877089-0182-4EEF-BBAB-75F50DCD15AA) (Shutdown) 
    Apple TV 4K (at 1080p) (8DDFB8F6-6B15-4B2E-9529-1DACAED69076) (Shutdown) 
-- tvOS 11.3 --
    Apple TV (21838063-59B6-444D-A51E-2A11779DA179) (Shutdown) 
    Apple TV 4K (10A6B278-3D5A-4912-85B5-825080882D20) (Shutdown) 
    Apple TV 4K (at 1080p) (EA152570-F5DC-4831-A789-05894C1A1370) (Shutdown) 
-- tvOS 11.4 --
    Apple TV (A6419FF3-FF1F-4763-BBE7-5722F02AC9B6) (Shutdown) 
    Apple TV 4K (8223C05B-C66C-4B66-8667-89E99856FA15) (Shutdown) 
    Apple TV 4K (at 1080p) (ED58CB6D-C8C0-46B0-AE74-CE9954CE8F7D) (Shutdown) 
-- tvOS 12.1 --
    Apple TV (C301DCB4-1B7A-4C00-98BA-323F0B67BA1D) (Shutdown) 
    Apple TV 4K (7D97955B-0DE0-4306-9AF5-5468126CDC8B) (Shutdown) 
    Apple TV 4K (at 1080p) (45377982-0099-40CF-A2F0-8A47305D8C04) (Shutdown) 
-- watchOS 3.1 --
    Apple Watch - 38mm (B4B95CD6-4565-4B5D-97E7-B9B8B37749A8) (Shutdown) 
    Apple Watch - 42mm (B030889D-4F31-4F5C-BA5C-C04A78A893E3) (Shutdown) 
    Apple Watch Series 2 - 38mm (0E4FC881-25C7-491F-A120-6229D2FC70D1) (Shutdown) 
    Apple Watch Series 2 - 42mm (0E68D0C1-EC6D-4E61-A526-15729418FFB4) (Shutdown) 
-- watchOS 3.2 --
    Apple Watch - 38mm (AA23A950-3113-4807-9FD9-15928200B96C) (Shutdown) 
    Apple Watch - 42mm (4B0FD08D-AD41-4A11-B492-6600A50F8979) (Shutdown) 
    Apple Watch Series 2 - 38mm (558D2EFD-2CFA-4080-A8CE-2517B061D94B) (Shutdown) 
    Apple Watch Series 2 - 42mm (3C6FD5CB-64E5-41BE-927B-B770D37127BE) (Shutdown) 
-- watchOS 4.0 --
    Apple Watch - 38mm (09BA4575-9C82-4EFC-B15A-967E9F6ED4D5) (Shutdown) 
    Apple Watch - 42mm (002A1D72-3F83-4604-AD90-EFC8E29659A5) (Shutdown) 
    Apple Watch Series 2 - 38mm (3D1B1A84-26EE-45E5-9D38-84C27CB65885) (Shutdown) 
    Apple Watch Series 2 - 42mm (621EBF7B-DF59-4CFC-8F5A-FF0CE3523833) (Shutdown) 
    Apple Watch Series 3 - 38mm (C4F17865-6D59-455B-A1F4-BE2A31F59EF6) (Shutdown) 
    Apple Watch Series 3 - 42mm (76C858F1-43B6-47BF-9C99-89AE4231CAF6) (Shutdown) 
-- watchOS 4.1 --
    Apple Watch - 38mm (507582BC-9769-48FE-AD5B-66F8A748A2FF) (Shutdown) 
    Apple Watch - 42mm (D57DA5D9-8E71-4B36-9208-6236702319D4) (Shutdown) 
    Apple Watch Series 2 - 38mm (1F063FC4-CC94-4D50-8F4D-4985887D7AC1) (Shutdown) 
    Apple Watch Series 2 - 42mm (E6A67BE9-5B5E-40D0-B5DE-130262CD3264) (Shutdown) 
    Apple Watch Series 3 - 38mm (3DD527C5-3435-4031-99F8-69C591BE5EE6) (Shutdown) 
    Apple Watch Series 3 - 42mm (3F0E1466-12EF-4922-833D-B1236EC3C3C3) (Shutdown) 
-- watchOS 4.2 --
    Apple Watch - 38mm (45B1FA06-5ED8-4E2C-A190-02280635F032) (Shutdown) 
    Apple Watch - 42mm (F11F4B55-467A-4956-B922-2562C6909F35) (Shutdown) 
    Apple Watch Series 2 - 38mm (9886A56F-9D64-4889-B090-D2BC2E160CDF) (Shutdown) 
    Apple Watch Series 2 - 42mm (A5B6CBF7-A20A-49F6-8B33-EABF2DA8578A) (Shutdown) 
    Apple Watch Series 3 - 38mm (EB31C611-6C7F-4AB3-AF6A-BB7F0A81239A) (Shutdown) 
    Apple Watch Series 3 - 42mm (9374C972-744A-463C-8A71-A1D9B7BDC4E3) (Shutdown) 
-- watchOS 5.1 --
    Apple Watch Series 2 - 38mm (07686AD1-7A01-49A1-8623-F3FEEDE12538) (Shutdown) 
    Apple Watch Series 2 - 42mm (098A8054-2CB7-43B4-8BD3-CDEC2F362166) (Shutdown) 
    Apple Watch Series 3 - 38mm (6F8E9C84-213F-407B-95FD-A43E6FF7CEB2) (Shutdown) 
    Apple Watch Series 3 - 42mm (B4F5F38D-C4C1-4E8B-8EC2-C40B8BE0AB3F) (Shutdown) 
    Apple Watch Series 4 - 40mm (F8D4EF3B-2275-479B-A04F-2EC5A4DDB096) (Shutdown) 
    Apple Watch Series 4 - 44mm (2D23E384-6590-4208-B32A-DDE6C02F0186) (Shutdown) 
== Device Pairs ==
F7D214B1-E433-4BB0-B7B9-EFC2C011E57A (active, disconnected)
    Watch: Apple Watch Series 4 - 40mm (F8D4EF3B-2275-479B-A04F-2EC5A4DDB096) (Shutdown)
    Phone: iPhone XS (5E13A4F6-C26F-402B-8652-4A5C9AEFF7F3) (Shutdown)
4E270EDB-F97F-4060-AEF4-77642B3B00FC (active, disconnected)
    Watch: Apple Watch Series 4 - 44mm (2D23E384-6590-4208-B32A-DDE6C02F0186) (Shutdown)
    Phone: iPhone XS Max (7EB96869-F91C-4465-9AA2-A438B79F007E) (Shutdown)
    Watch: Apple Watch Series 4 - 40mm (86DAA984-6B35-42AA-A73D-5C9BA4D691A4) (Shutdown)
    Phone: iPhone XS (3C72D804-0E53-48C6-95AC-9FF6BFC3B79A) (Shutdown)
    Watch: Apple Watch Series 4 - 44mm (944ACA20-947C-4E0B-8C79-F818CE411CF3) (Shutdown)
    Phone: iPhone XS Max (1A7CB464-D947-4883-B64D-6EA0F9DAE7EF) (Shutdown)

========================================


=== OS X info =========================

* sw_vers
ProductName:	Mac OS X
ProductVersion:	10.13.6
BuildVersion:	17G65

* system_profiler SPSoftwareDataType
Software:

    System Software Overview:

      System Version: macOS 10.13.6 (17G65)
      Kernel Version: Darwin 17.7.0
      Boot Volume: Macintosh HD
      Boot Mode: Normal
      Computer Name: xstagebhostondemandinternalteststandard1.local
      User Name: vagrant (vagrant)
      Secure Virtual Memory: Enabled
      System Integrity Protection: Disabled
      Time since boot: 2 minutes


========================================


=== System infos =======================
* Free disk space: /dev/disk0s2  199Gi  111Gi   88Gi    56% 3755817 4291211462    0%   /
========================================


=== Environment infos =======================
MATCH_KEYCHAIN_PASSWORD environment set
========================================


=== Control tests ======================
source $HOME/.bash_profile ...
source $HOME/.bash_profile - PASSED
========================================

