 (i) Ignore Errors: disabled

#
# This System Report was generated by: https://github.com/bitrise-io/osx-box-bootstrap/blob/master/system_report.sh
#  Pull Requests are welcome!
#


=== Revision / ID ======================
* BITRISE_OSX_STACK_REV_ID: v2018_09_12_1
========================================


=== Pre-installed tool versions ========
* Go: go version go1.11 darwin/amd64
* Ruby: ruby 2.5.1p57 (2018-03-29 revision 63029) [x86_64-darwin17]
* Python: Python 2.7.15
* Node.js: v8.12.0
* NPM: 6.4.1
* Yarn: 1.9.4
* Java: java version "10.0.2" 2018-07-17
Java(TM) SE Runtime Environment 18.3 (build 10.0.2+13)
Java HotSpot(TM) 64-Bit Server VM 18.3 (build 10.0.2+13, mixed mode)

* git: git version 2.19.0
* git lfs: git-lfs/2.5.1 (GitHub; darwin amd64; go 1.10.3)
* mercurial/hg: Mercurial Distributed SCM (version 4.7.1)
* curl: curl 7.54.0 (x86_64-apple-darwin17.0) libcurl/7.54.0 LibreSSL/2.0.20 zlib/1.2.11 nghttp2/1.24.0
* wget: GNU Wget 1.19.5 built on darwin17.5.0.
* rsync: rsync  version 2.6.9  protocol version 29
* unzip: UnZip 6.00 of 20 April 2009, by Info-ZIP.  Maintained by C. Spieler.  Send
* zip: This is Zip 3.0 (July 5th 2008), by Info-ZIP.
* tar: bsdtar 2.8.3 - libarchive 2.8.3
* tree: tree v1.7.0 (c) 1996 - 2014 by Steve Baker, Thomas Moore, Francesc Rocher, Florian Sesser, Kyosuke Tokoro 

* brew: Homebrew 1.7.4
Homebrew/homebrew-core (git revision f4bd; last commit 2018-09-13)
Homebrew/homebrew-cask (git revision 3b8e0; last commit 2018-09-13)
./system_report.sh: line 54: xctool: command not found
* xctool: 
* Ansible: ansible 2.6.4
  configured module search path = [u'/Users/vagrant/.ansible/plugins/modules', u'/usr/share/ansible/plugins/modules']
  ansible python module location = /usr/local/Cellar/ansible/2.6.4/libexec/lib/python2.7/site-packages/ansible
  executable location = /usr/local/bin/ansible
* gtimeout: timeout (GNU coreutils) 8.30
* watchman: 4.9.0
* flow: Flow, a static type checker for JavaScript, version 0.80.0
* carthage: 0.30.1
* imagemagick (convert): Version: ImageMagick 7.0.8-11 Q16 x86_64 2018-09-08 https://www.imagemagick.org
* ghostscript (ps2ascii): 9.24
* screen: Screen version 4.06.02 (GNU) 23-Oct-17
./system_report.sh: line 70: wine: command not found
* wine: 

--- Bitrise CLI tool versions
* bitrise: 1.22.0
* stepman: 0.10.3
* envman: 2.0.0
* bitrise-bridge: 0.9.11
* cmd-bridge: 0.9.5
========================================


=== Ruby GEMs ==========================
* Rubygems: 2.7.7
* Bundler: Bundler version 1.16.2
* CocoaPods: 1.5.3
* xcpretty: 0.3.0
* Nomad CLI: 2.7.7
* Nomad CLI IPA / Shenzhen: ipa 0.14.3
========================================


=== All Ruby GEMs ======================
activesupport (4.2.10)
addressable (2.5.2)
atomos (0.1.3)
aws-sdk (1.67.0)
aws-sdk-v1 (1.67.0)
babosa (1.0.2)
bigdecimal (default: 1.3.4)
bundler (default: 1.16.2)
certified (1.0.0)
CFPropertyList (3.0.0)
claide (1.0.2)
cmath (default: 1.0.0)
cocoapods (1.5.3)
cocoapods-core (1.5.3)
cocoapods-deintegrate (1.0.2)
cocoapods-downloader (1.2.1)
cocoapods-plugins (1.0.0)
cocoapods-search (1.0.0)
cocoapods-stats (1.0.0)
cocoapods-trunk (1.3.1)
cocoapods-try (1.1.0)
colored (1.2)
colored2 (3.1.2)
commander (4.4.6)
commander-fastlane (4.4.6)
concurrent-ruby (1.0.5)
connection_pool (2.2.2)
csv (default: 1.0.0)
cupertino (1.4.0)
date (default: 1.0.0)
dbm (default: 1.0.0)
declarative (0.0.10)
declarative-option (0.1.0)
did_you_mean (1.2.0)
domain_name (0.5.20180417)
dotenv (2.5.0)
dubai (0.1.2)
emoji_regex (0.1.1)
escape (0.0.4)
etc (default: 1.0.0)
excon (0.62.0)
faraday (0.15.2)
faraday-cookie_jar (0.0.6)
faraday_middleware (0.12.2)
fastimage (2.1.4)
fastlane (2.104.0)
fcntl (default: 1.0.0)
fiddle (default: 1.0.0)
fileutils (default: 1.0.2)
fourflusher (2.0.1)
fuzzy_match (2.0.4)
gh_inspector (1.1.3)
google-api-client (0.23.9)
googleauth (0.6.6)
highline (1.7.10)
houston (2.3.0)
http-cookie (1.0.3)
httpclient (2.8.3)
i18n (0.9.5)
io-console (default: 0.4.6)
ipaddr (default: 1.2.0)
json (default: 2.1.0, 1.8.6)
jwt (2.1.0)
mechanize (2.7.6)
memoist (0.16.0)
mime-types (3.2.2)
mime-types-data (3.2018.0812)
mini_magick (4.5.1)
mini_portile2 (2.3.0)
minitest (5.10.3)
molinillo (0.6.6)
multi_json (1.13.1)
multi_xml (0.6.0)
multipart-post (2.0.0)
mustermann (1.0.3)
nanaimo (0.2.6)
nap (1.1.0)
naturally (2.2.0)
net-http-digest_auth (1.4.1)
net-http-persistent (3.0.0)
net-sftp (2.1.2)
net-ssh (5.0.2)
net-telnet (0.1.1)
netrc (0.11.0)
nokogiri (1.8.4)
nomad-cli (0.0.2)
ntlm-http (0.1.1)
openssl (default: 2.1.0)
os (1.0.0)
plist (3.1.0)
power_assert (1.1.1)
psych (default: 3.0.2)
public_suffix (2.0.5)
rack (2.0.5)
rack-protection (2.0.0)
rake (12.3.0)
rdoc (default: 6.0.1)
representable (3.0.4)
retriable (3.1.2)
rouge (2.0.7)
ruby-macho (1.2.0)
rubygems-update (2.7.7)
rubyzip (1.2.2)
scanf (default: 1.0.0)
sdbm (default: 1.0.0)
security (0.1.3)
shenzhen (0.14.3)
signet (0.9.1)
simctl (1.6.5)
sinatra (2.0.0)
slack-notifier (2.3.2)
stringio (default: 0.0.1)
strscan (default: 1.0.0)
term-ansicolor (1.6.0)
terminal-notifier (1.8.0)
terminal-table (1.8.0)
test-unit (3.2.7)
thread_safe (0.3.6)
tilt (2.0.8)
tins (1.16.3)
tty-cursor (0.6.0)
tty-screen (0.6.5)
tty-spinner (0.8.0)
tzinfo (1.2.5)
uber (0.1.0)
unf (0.1.4)
unf_ext (0.0.7.5)
unicode-display_width (1.4.0)
venice (0.5.0)
webrick (default: 1.4.2)
webrobots (0.1.2)
word_wrap (1.0.0)
xcodeproj (1.6.0)
xcpretty (0.3.0)
xcpretty-travis-formatter (1.0.0)
xmlrpc (0.3.0)
zlib (default: 1.0.0)
========================================


=== NPM global packages ==========================
* Cordova: 8.0.0
* Ionic: 4.1.2
========================================


=== Checking Xcode CLT dirs ============

 * ls -1 /usr/include/CommonCrypto
CommonCrypto.h
CommonCryptoError.h
CommonCryptor.h
CommonDigest.h
CommonHMAC.h
CommonKeyDerivation.h
CommonRandom.h
CommonSymmetricKeywrap.h

 * ls -1 /Library/Developer/CommandLineTools/
Library
SDKs
usr

 * /Library/Developer/CommandLineTools/usr/bin/swift --version
Apple Swift version 4.1.2 (swiftlang-902.0.54 clang-902.0.39.2)
Target: x86_64-apple-darwin17.7.0

========================================


=== Xcode ==============================

* Active Xcode Command Line Tools:
/Applications/Xcode.app/Contents/Developer

* Xcode Version:
Xcode 10.0
Build version 10A254a

* Installed SDKs:
iOS SDKs:
	iOS 12.0                      	-sdk iphoneos12.0

iOS Simulator SDKs:
	Simulator - iOS 12.0          	-sdk iphonesimulator12.0

macOS SDKs:
	macOS 10.14                   	-sdk macosx10.14

tvOS SDKs:
	tvOS 12.0                     	-sdk appletvos12.0

tvOS Simulator SDKs:
	Simulator - tvOS 12.0         	-sdk appletvsimulator12.0

watchOS SDKs:
	watchOS 5.0                   	-sdk watchos5.0

watchOS Simulator SDKs:
	Simulator - watchOS 5.0       	-sdk watchsimulator5.0


* Available Simulators:
== Device Types ==
iPhone 4s (com.apple.CoreSimulator.SimDeviceType.iPhone-4s)
iPhone 5 (com.apple.CoreSimulator.SimDeviceType.iPhone-5)
iPhone 5s (com.apple.CoreSimulator.SimDeviceType.iPhone-5s)
iPhone 6 (com.apple.CoreSimulator.SimDeviceType.iPhone-6)
iPhone 6 Plus (com.apple.CoreSimulator.SimDeviceType.iPhone-6-Plus)
iPhone 6s (com.apple.CoreSimulator.SimDeviceType.iPhone-6s)
iPhone 6s Plus (com.apple.CoreSimulator.SimDeviceType.iPhone-6s-Plus)
iPhone 7 (com.apple.CoreSimulator.SimDeviceType.iPhone-7)
iPhone 7 Plus (com.apple.CoreSimulator.SimDeviceType.iPhone-7-Plus)
iPhone 8 (com.apple.CoreSimulator.SimDeviceType.iPhone-8)
iPhone 8 Plus (com.apple.CoreSimulator.SimDeviceType.iPhone-8-Plus)
iPhone SE (com.apple.CoreSimulator.SimDeviceType.iPhone-SE)
iPhone X (com.apple.CoreSimulator.SimDeviceType.iPhone-X)
iPhone XR (com.apple.CoreSimulator.SimDeviceType.iPhone-XR)
iPhone XS (com.apple.CoreSimulator.SimDeviceType.iPhone-XS)
iPhone XS Max (com.apple.CoreSimulator.SimDeviceType.iPhone-XS-Max)
iPad 2 (com.apple.CoreSimulator.SimDeviceType.iPad-2)
iPad Retina (com.apple.CoreSimulator.SimDeviceType.iPad-Retina)
iPad Air (com.apple.CoreSimulator.SimDeviceType.iPad-Air)
iPad Air 2 (com.apple.CoreSimulator.SimDeviceType.iPad-Air-2)
iPad (5th generation) (com.apple.CoreSimulator.SimDeviceType.iPad--5th-generation-)
iPad Pro (9.7-inch) (com.apple.CoreSimulator.SimDeviceType.iPad-Pro--9-7-inch-)
iPad Pro (12.9-inch) (com.apple.CoreSimulator.SimDeviceType.iPad-Pro)
iPad Pro (12.9-inch) (2nd generation) (com.apple.CoreSimulator.SimDeviceType.iPad-Pro--12-9-inch---2nd-generation-)
iPad Pro (10.5-inch) (com.apple.CoreSimulator.SimDeviceType.iPad-Pro--10-5-inch-)
iPad (6th generation) (com.apple.CoreSimulator.SimDeviceType.iPad--6th-generation-)
Apple TV (com.apple.CoreSimulator.SimDeviceType.Apple-TV-1080p)
Apple TV 4K (com.apple.CoreSimulator.SimDeviceType.Apple-TV-4K-4K)
Apple TV 4K (at 1080p) (com.apple.CoreSimulator.SimDeviceType.Apple-TV-4K-1080p)
Apple Watch - 38mm (com.apple.CoreSimulator.SimDeviceType.Apple-Watch-38mm)
Apple Watch - 42mm (com.apple.CoreSimulator.SimDeviceType.Apple-Watch-42mm)
Apple Watch Series 2 - 38mm (com.apple.CoreSimulator.SimDeviceType.Apple-Watch-Series-2-38mm)
Apple Watch Series 2 - 42mm (com.apple.CoreSimulator.SimDeviceType.Apple-Watch-Series-2-42mm)
Apple Watch Series 3 - 38mm (com.apple.CoreSimulator.SimDeviceType.Apple-Watch-Series-3-38mm)
Apple Watch Series 3 - 42mm (com.apple.CoreSimulator.SimDeviceType.Apple-Watch-Series-3-42mm)
Apple Watch Series 4 - 40mm (com.apple.CoreSimulator.SimDeviceType.Apple-Watch-Series-4-40mm)
Apple Watch Series 4 - 44mm (com.apple.CoreSimulator.SimDeviceType.Apple-Watch-Series-4-44mm)
== Runtimes ==
iOS 10.0 (10.0 - 14A345) - com.apple.CoreSimulator.SimRuntime.iOS-10-0
iOS 10.1 (10.1 - 14B72) - com.apple.CoreSimulator.SimRuntime.iOS-10-1
iOS 10.2 (10.2 - 14C89) - com.apple.CoreSimulator.SimRuntime.iOS-10-2
iOS 10.3 (10.3.1 - 14E8301) - com.apple.CoreSimulator.SimRuntime.iOS-10-3
iOS 11.0 (11.0.1 - 15A8401) - com.apple.CoreSimulator.SimRuntime.iOS-11-0
iOS 11.1 (11.1 - 15B87) - com.apple.CoreSimulator.SimRuntime.iOS-11-1
iOS 11.2 (11.2 - 15C107) - com.apple.CoreSimulator.SimRuntime.iOS-11-2
iOS 11.3 (11.3 - 15E217) - com.apple.CoreSimulator.SimRuntime.iOS-11-3
iOS 11.4 (11.4 - 15F79) - com.apple.CoreSimulator.SimRuntime.iOS-11-4
iOS 12.0 (12.0 - 16A366) - com.apple.CoreSimulator.SimRuntime.iOS-12-0
tvOS 10.0 (10.0 - 14T328) - com.apple.CoreSimulator.SimRuntime.tvOS-10-0
tvOS 10.1 (10.1 - 14U591) - com.apple.CoreSimulator.SimRuntime.tvOS-10-1
tvOS 10.2 (10.2 - 14W260) - com.apple.CoreSimulator.SimRuntime.tvOS-10-2
tvOS 11.0 (11.0 - 15J380) - com.apple.CoreSimulator.SimRuntime.tvOS-11-0
tvOS 11.1 (11.1 - 15J580) - com.apple.CoreSimulator.SimRuntime.tvOS-11-1
tvOS 11.2 (11.2 - 15K104) - com.apple.CoreSimulator.SimRuntime.tvOS-11-2
tvOS 11.3 (11.3 - 15L211) - com.apple.CoreSimulator.SimRuntime.tvOS-11-3
tvOS 11.4 (11.4 - 15L576) - com.apple.CoreSimulator.SimRuntime.tvOS-11-4
tvOS 12.0 (12.0 - 16J364) - com.apple.CoreSimulator.SimRuntime.tvOS-12-0
watchOS 3.1 (3.1 - 14S471a) - com.apple.CoreSimulator.SimRuntime.watchOS-3-1
watchOS 3.2 (3.2 - 14V243) - com.apple.CoreSimulator.SimRuntime.watchOS-3-2
watchOS 4.0 (4.0 - 15R372) - com.apple.CoreSimulator.SimRuntime.watchOS-4-0
watchOS 4.1 (4.1 - 15R844) - com.apple.CoreSimulator.SimRuntime.watchOS-4-1
watchOS 4.2 (4.2 - 15S100) - com.apple.CoreSimulator.SimRuntime.watchOS-4-2
watchOS 5.0 (5.0 - 16R363) - com.apple.CoreSimulator.SimRuntime.watchOS-5-0
== Devices ==
-- iOS 10.0 --
    iPhone 5 (E324E12C-2005-47A3-B6C7-00BC3F602626) (Shutdown)
    iPhone 5s (AD059CA4-ED9F-44BD-960B-4C0EB68BFFAC) (Shutdown)
    iPhone 6 (A4AB8D3E-1045-4C75-BB1F-5A47EEAE4CB8) (Shutdown)
    iPhone 6 Plus (846A45DA-613A-4078-946A-7958E2438417) (Shutdown)
    iPhone 6s (0EE1547A-40A7-48C7-A043-BC5DF0FDDF00) (Shutdown)
    iPhone 6s Plus (B640D002-461D-4275-9C25-1DBDD23CA931) (Shutdown)
    iPhone SE (DB6F4063-7C0B-4233-9C3E-5100A1DEC06E) (Shutdown)
    iPad Air (43DC8BF9-0808-4972-B9B4-2D1A79A77F47) (Shutdown)
    iPad Air 2 (45D2D4ED-ADAC-46D3-96A0-65C42BE1FE96) (Shutdown)
    iPad Pro (9.7 inch) (8A83DBF9-5759-472F-9514-E59276ADC12D) (Shutdown)
    iPad Pro (12.9 inch) (75B27F8F-506E-4155-AE95-BDA5930E92D1) (Shutdown)
-- iOS 10.1 --
    iPhone 5 (2403854F-E4C0-4734-A249-103A8A9DE1C2) (Shutdown)
    iPhone 5s (B470C417-5CE9-422A-94A9-816258F2A2C2) (Shutdown)
    iPhone 6 (DBB69AC5-8EF2-4FD4-9B27-AE4B389AA079) (Shutdown)
    iPhone 6 Plus (50058378-BADE-423F-BCD8-1BA9D6454A06) (Shutdown)
    iPhone 6s (B8C3442A-F771-48C0-B885-981CC047813E) (Shutdown)
    iPhone 6s Plus (E922A210-0464-44EB-9AA0-632101C26A1B) (Shutdown)
    iPhone 7 (52B6C881-941E-4D2C-87F7-01F228CF9535) (Shutdown)
    iPhone 7 Plus (6DD4BCA6-807C-4F77-9890-60EE4447845D) (Shutdown)
    iPhone SE (CAFA93E6-08F3-486C-BB1C-51824FCF8027) (Shutdown)
    iPad Air (25358585-7608-44E9-A016-C63843B5E2C5) (Shutdown)
    iPad Air 2 (CA769214-BAD8-47F8-A981-BB97899C8276) (Shutdown)
    iPad Pro (9.7 inch) (B43CE371-EF51-4889-98F5-D8C72A5F3F6F) (Shutdown)
    iPad Pro (12.9 inch) (B0B6C246-F04E-4437-86F3-01A27F054AB4) (Shutdown)
-- iOS 10.2 --
    iPhone 5 (78660E4B-5C58-44E6-9A58-5553554313CE) (Shutdown)
    iPhone 5s (60861AC9-989B-4A57-BB3B-E1A9B3F6DA2F) (Shutdown)
    iPhone 6 (DEAC8C9B-0534-4E82-A14B-178D8B2E7392) (Shutdown)
    iPhone 6 Plus (C172A419-616F-4B1B-8920-F654C85011D6) (Shutdown)
    iPhone 6s (721157D2-A773-4598-8586-C4385EB424D8) (Shutdown)
    iPhone 6s Plus (67D492EF-A594-456D-BF7E-85D63DFF617D) (Shutdown)
    iPhone 7 (4BD2C626-0F83-4B53-BA5C-2EDDB4171146) (Shutdown)
    iPhone 7 Plus (F5C46410-8A21-46D6-8085-D9257D6527E6) (Shutdown)
    iPhone SE (27A478E7-3F03-4BAE-9990-910CDC94BBAA) (Shutdown)
    iPad Air (9F6864BA-8D19-4575-83CF-532AC005230B) (Shutdown)
    iPad Air 2 (1A26845E-C28D-470B-B5B3-69BD4585A293) (Shutdown)
    iPad Pro (9.7 inch) (5EF8FE29-1C17-483C-AD3F-7F68AA91BDC7) (Shutdown)
    iPad Pro (12.9 inch) (F9BC8D4B-6326-4344-A739-DA09D92B49B5) (Shutdown)
-- iOS 10.3 --
    iPhone 5 (ED80FE5F-D293-4042-B8A1-FFAE2BC5735D) (Shutdown)
    iPhone 5s (8485FCF6-304C-45BA-AB28-B8DA55C1000C) (Shutdown)
    iPhone 6 (6A54B10B-4107-4BD7-976C-5B8633A0F602) (Shutdown)
    iPhone 6 Plus (203A8CBE-CA8C-4866-AB20-4A0A631A91EC) (Shutdown)
    iPhone 6s (1BA0AA5F-EDB7-4D21-9DE9-6FF718B91888) (Shutdown)
    iPhone 6s Plus (9DA323EC-ED84-46AA-A5DA-32550D5D20A8) (Shutdown)
    iPhone 7 (1120CD4D-12CA-4777-97F0-3DBB22AC66C5) (Shutdown)
    iPhone 7 Plus (521FCF1F-D410-488E-9E23-83B69A1B8A70) (Shutdown)
    iPhone SE (91AF62E7-48EA-4E7B-8FB3-D8F81539723B) (Shutdown)
    iPad Air (560982D3-B47E-4E4D-812A-A91F6D6C0C36) (Shutdown)
    iPad Air 2 (6A9D636F-3EA0-47B6-99BC-E81E1789F436) (Shutdown)
    iPad (5th generation) (B8535D38-CF6B-4C15-A88E-3BEC266B0420) (Shutdown)
    iPad Pro (9.7 inch) (46BC86B4-B5E9-45B0-8E0A-C817E435C61F) (Shutdown)
    iPad Pro (12.9 inch) (DDF47B21-9A60-42A5-9A9A-6B4138F9CB4F) (Shutdown)
    iPad Pro (12.9-inch) (2nd generation) (67F81452-ACEA-4470-9588-5E34269FB94A) (Shutdown)
    iPad Pro (10.5-inch) (941873F5-0B80-46D6-9650-5DF63D10191B) (Shutdown)
-- iOS 11.0 --
    iPhone 5s (321B10BE-DAC5-4EEB-B880-72EDEED72624) (Shutdown)
    iPhone 6 (02728D3D-F93A-43ED-B559-055821813A81) (Shutdown)
    iPhone 6 Plus (72FA0408-58AB-4613-B9CD-EB6E8B0282A7) (Shutdown)
    iPhone 6s (A596F680-56F7-4E89-B0A3-59E8CE168F8C) (Shutdown)
    iPhone 6s Plus (ECB90413-14F1-4EB8-9B6F-0839AC8EB97E) (Shutdown)
    iPhone 7 (442E58C4-F4A0-4A91-8000-ED6A96118250) (Shutdown)
    iPhone 7 Plus (AC57E059-8369-4680-9AF4-DADF86A69AC8) (Shutdown)
    iPhone 8 (327097AD-8C9F-4084-833E-DE7BA2B240C7) (Shutdown)
    iPhone 8 Plus (2ED61679-E96C-4E22-A970-CB5917486E35) (Shutdown)
    iPhone SE (E5F9AAB6-F0E3-4FA1-B390-9D4C5AE615FA) (Shutdown)
    iPhone X (2EA1CAF6-E979-4FA2-832A-5FE72A10362B) (Shutdown)
    iPad Air (9DF80546-714D-4C2E-9976-9A17214A2422) (Shutdown)
    iPad Air 2 (13016E1B-CB4C-43FE-892A-728597041740) (Shutdown)
    iPad (5th generation) (E622A556-AD4D-4A63-BE73-16E411ABE3C1) (Shutdown)
    iPad Pro (9.7-inch) (FBDF135B-B6B5-4F09-98F6-3173F47854EF) (Shutdown)
    iPad Pro (12.9-inch) (01E69BD4-B6FD-4117-912E-D60B69B32089) (Shutdown)
    iPad Pro (12.9-inch) (2nd generation) (033E221A-46BD-4A58-B1A3-06667FD52581) (Shutdown)
    iPad Pro (10.5-inch) (055206AD-EFEF-4E3B-B459-2DAA67B5601E) (Shutdown)
-- iOS 11.1 --
    iPhone 5s (09C8EE18-2908-4A7E-82C4-6DE6F286B4BF) (Shutdown)
    iPhone 6 (2D52CF11-1F70-4834-84AE-A2661923602C) (Shutdown)
    iPhone 6 Plus (C32EE653-A651-401E-AA33-3A4426278A95) (Shutdown)
    iPhone 6s (1C703CF6-6860-413C-9D07-CABC0D52E000) (Shutdown)
    iPhone 6s Plus (970B0B9C-9DDB-4EF9-B246-745DC267D8DE) (Shutdown)
    iPhone 7 (85D45947-17B8-4E5D-9013-0AEC1B7EA10E) (Shutdown)
    iPhone 7 Plus (300FA117-08E8-44B9-B75E-A410632BF135) (Shutdown)
    iPhone 8 (412DDE95-C0B4-4299-B800-356AD5B2D5F8) (Shutdown)
    iPhone 8 Plus (E3C89331-31CB-4B0E-897D-989BD27BF412) (Shutdown)
    iPhone SE (DBD45712-5223-4D4C-8373-497DFE652756) (Shutdown)
    iPhone X (2B4543B5-59D7-4CD1-A20D-3049D58FDDF5) (Shutdown)
    iPad Air (B2518B30-C46D-4472-9936-B05E5C39270C) (Shutdown)
    iPad Air 2 (F3856D0C-A8BF-4C95-AB21-18933A43BE0E) (Shutdown)
    iPad (5th generation) (C96804EC-B634-4614-9D96-088148EDDEEF) (Shutdown)
    iPad Pro (9.7-inch) (ED4CC8B2-66E5-403E-BDF5-E589AEB39416) (Shutdown)
    iPad Pro (12.9-inch) (B08AC955-E190-415A-9F42-4F497971FE9B) (Shutdown)
    iPad Pro (12.9-inch) (2nd generation) (2739CC27-0615-4D19-ADCC-8C81094D1B36) (Shutdown)
    iPad Pro (10.5-inch) (8B654712-7905-45DE-BF7A-25459D6A2F48) (Shutdown)
-- iOS 11.2 --
    iPhone 5s (554CCABE-EB1D-4E31-A249-52EB6433F20C) (Shutdown)
    iPhone 6 (0D7ABFFB-D5AD-4642-8E99-812BA6D7D6B9) (Shutdown)
    iPhone 6 Plus (FAE9593B-DDEB-4B6D-8CC4-943F7C28E72B) (Shutdown)
    iPhone 6s (0FFB282D-A4DA-4990-8359-A77B27C92EE0) (Shutdown)
    iPhone 6s Plus (467C7923-F540-438E-8D99-8C2DF38DF337) (Shutdown)
    iPhone 7 (A5D714FA-58B6-4D82-9E5D-5B8B29840F5C) (Shutdown)
    iPhone 7 Plus (40DC56ED-CE8F-4C2C-B58F-7E9280E55BBA) (Shutdown)
    iPhone 8 (D7C9C8C7-D3E0-415E-A439-7D81A429ECFC) (Shutdown)
    iPhone 8 Plus (BE50553D-5E9C-4651-9C69-008423EF6632) (Shutdown)
    iPhone SE (4C593911-8186-49F6-BE15-5BAD9B5666F3) (Shutdown)
    iPhone X (3AC49FC8-6B04-4DDD-A791-7C958CDE3991) (Shutdown)
    iPad Air (DBDFB1FA-0A9A-45DF-985B-46369368357D) (Shutdown)
    iPad Air 2 (48C83454-A949-42F2-8F3F-6904B965EC18) (Shutdown)
    iPad (5th generation) (9B9D2200-F84B-4C9F-A387-D53662AA5CFD) (Shutdown)
    iPad Pro (9.7-inch) (8F7A2CDB-B40D-4263-AF4D-5B06EB6F5FC5) (Shutdown)
    iPad Pro (12.9-inch) (1BB2BFF4-BB12-454C-A5AF-80B3D9E84203) (Shutdown)
    iPad Pro (12.9-inch) (2nd generation) (E14024D2-9B2E-4DCB-A818-382A1528C69C) (Shutdown)
    iPad Pro (10.5-inch) (D4CE87B0-A4D8-4E72-9D91-97F6D0D08583) (Shutdown)
-- iOS 11.3 --
    iPhone 5s (D339B28F-F0B8-4990-B144-9A21CC7EC123) (Shutdown)
    iPhone 6 (31877652-33BB-47DF-BA0F-7C5CAF6C3C78) (Shutdown)
    iPhone 6 Plus (6BF28DE6-CE77-4B93-9042-0E25BC0A5DEB) (Shutdown)
    iPhone 6s (9E61C60D-3884-4561-8F45-59CE39706E87) (Shutdown)
    iPhone 6s Plus (79BD47E1-F250-4E73-BD17-FE34D801C48C) (Shutdown)
    iPhone 7 (87A70BF4-B61C-4881-8951-1C91410A756E) (Shutdown)
    iPhone 7 Plus (AFF2E9A7-CC83-4CB2-9844-23387A886AB0) (Shutdown)
    iPhone 8 (493C2CE8-4673-4126-81AA-C52C0C6150BD) (Shutdown)
    iPhone 8 Plus (C66B595E-E75C-4768-A2F5-566A1B67BA47) (Shutdown)
    iPhone SE (D77C5B04-8D60-4A1A-8785-D55AA2C646F6) (Shutdown)
    iPhone X (3C52DA48-0436-4F54-97B3-93399613764D) (Shutdown)
    iPad Air (DF598332-2493-49EF-BDBF-D680B0F28DBA) (Shutdown)
    iPad Air 2 (87930350-6BF0-49B7-9816-4CEB8C7F46D1) (Shutdown)
    iPad (5th generation) (AC13E7E3-2ABB-4E43-8839-7C45C02957A9) (Shutdown)
    iPad Pro (9.7-inch) (4C413ED5-1F56-4C4C-8DB7-9D279152DA86) (Shutdown)
    iPad Pro (12.9-inch) (CDA88887-54F8-43C0-AEA1-7209292A0684) (Shutdown)
    iPad Pro (12.9-inch) (2nd generation) (DD35FBBB-CA2D-4776-99AA-3CC41A2491B2) (Shutdown)
    iPad Pro (10.5-inch) (D664642B-6F91-4ADE-9D5E-F7F40498595D) (Shutdown)
-- iOS 11.4 --
    iPhone 5s (437B712D-53B3-4E1D-95EF-B8E8366E2B9E) (Shutdown)
    iPhone 6 (E3391D34-5B6B-4607-BB92-B38C33C550E0) (Shutdown)
    iPhone 6 Plus (0DCEC342-B655-419B-A2FD-715F340FCC5E) (Shutdown)
    iPhone 6s (A4FA3536-B3B1-44D9-B921-FF848B850603) (Shutdown)
    iPhone 6s Plus (8B1745B6-0DD4-464C-BEEC-FFE1176B00F6) (Shutdown)
    iPhone 7 (9CF6B673-288C-4595-9ED4-70F753521C8F) (Shutdown)
    iPhone 7 Plus (178BDB84-EF3F-453A-8C87-BD5C31E5B4C7) (Shutdown)
    iPhone 8 (CC54A721-3F97-491F-92F7-75CDFE465841) (Shutdown)
    iPhone 8 Plus (FB969BB6-8D49-4E57-9694-7B523D7DFA8E) (Shutdown)
    iPhone SE (737A3437-E97A-43C4-A93D-7B6A2318FA6F) (Shutdown)
    iPhone X (B7E42F0D-57B4-4375-84CE-B224FFAF1BBC) (Shutdown)
    iPad Air (628BC9DF-7925-496B-A0B9-C2C7E727E148) (Shutdown)
    iPad Air 2 (9BC47807-D424-437D-B0A3-BD9938DDBAE1) (Shutdown)
    iPad (5th generation) (BDA65D3A-B5E5-452C-92DC-C9E75DC03032) (Shutdown)
    iPad Pro (9.7-inch) (63B0BF00-5742-4E42-BB41-0BF844FA715C) (Shutdown)
    iPad Pro (12.9-inch) (B349D186-0ED7-42B4-BE19-3536195382BA) (Shutdown)
    iPad Pro (12.9-inch) (2nd generation) (F125B100-BC1F-40F8-B3BD-00D24242178C) (Shutdown)
    iPad Pro (10.5-inch) (504290E2-4C21-464F-8936-EDBD0DEDF1CD) (Shutdown)
-- iOS 12.0 --
    iPhone 5s (1ECAD142-C5C0-46AC-99F2-F0FE337B5017) (Shutdown)
    iPhone 6 (3AE83169-9EC5-4C88-893E-8D25688C06C8) (Shutdown)
    iPhone 6 Plus (1CDCF87D-9E14-44E7-81E6-24F12A9B3466) (Shutdown)
    iPhone 6s (0D2423A9-F1D5-4391-A90F-DA1FB34258C0) (Shutdown)
    iPhone 6s Plus (B21F64DC-963B-4B15-A63E-E26BDBE9FDCB) (Shutdown)
    iPhone 7 (BB032757-C9E7-4FA4-B004-D3907A6BA2B1) (Shutdown)
    iPhone 7 Plus (54E18C85-C349-4F51-8C8D-AA0F0E9F956B) (Shutdown)
    iPhone 8 (E4E2A448-2589-4A36-A6AA-106A8D2C7F92) (Shutdown)
    iPhone 8 Plus (3DFF827D-801F-49F7-9F35-7CD8A31E6CFF) (Shutdown)
    iPhone SE (1AAFA13C-E1DD-4974-9CE9-29564AAF444D) (Shutdown)
    iPhone X (EAA94B4D-263F-4EB3-AD09-5F0B41CD6C2A) (Shutdown)
    iPhone XR (D75C0CC4-0F78-4685-8560-A3AD372500B4) (Shutdown)
    iPhone XS (80541622-1735-42E4-9216-FB67043FECAA) (Shutdown)
    iPhone XS Max (95BF0D28-7B71-428D-8216-3052CA4E2C8E) (Shutdown)
    iPad Air (9FA289B3-D8BD-40C7-A0C6-262C61177A95) (Shutdown)
    iPad Air 2 (43CACC4D-9F3A-4D93-89FD-E1AC1F37C88B) (Shutdown)
    iPad (5th generation) (5DCDAA89-4CD1-48FD-85C8-2064919F54FA) (Shutdown)
    iPad Pro (9.7-inch) (963F527D-50E9-4BCF-B368-B60739D31D8B) (Shutdown)
    iPad Pro (12.9-inch) (22BCB1FA-04AA-4606-8E47-0EAA406FBEE8) (Shutdown)
    iPad Pro (12.9-inch) (2nd generation) (F7BFD288-9F0A-41BB-AB81-DBC1AB73029D) (Shutdown)
    iPad Pro (10.5-inch) (E444D7CB-52DB-489C-96A5-2DB664D7E965) (Shutdown)
    iPad (6th generation) (64E37281-CC0D-4233-B47E-31F679EB4A88) (Shutdown)
-- tvOS 10.0 --
    Apple TV 1080p (0785C27E-E6B8-4E32-9728-236F1C3FF3FA) (Shutdown)
-- tvOS 10.1 --
    Apple TV 1080p (48D2B0E8-FEAA-42AE-B3FC-D6A00BB13754) (Shutdown)
-- tvOS 10.2 --
    Apple TV 1080p (755A84BB-1F21-4111-A041-FD1A9757571D) (Shutdown)
-- tvOS 11.0 --
    Apple TV (4140223F-E51C-4740-8ABE-A4B66144D907) (Shutdown)
    Apple TV 4K (280CD118-9747-41EB-BD6B-0C5A65F92EA0) (Shutdown)
    Apple TV 4K (at 1080p) (78DEA312-CFA9-49FB-A831-F8577A8313B5) (Shutdown)
-- tvOS 11.1 --
    Apple TV (D21A2A94-45C0-44EF-809F-A5632BBF80CA) (Shutdown)
    Apple TV 4K (A02A1F70-6D8E-46B1-99D0-E1033829A0F5) (Shutdown)
    Apple TV 4K (at 1080p) (197CD384-B47D-4E90-896C-9C4CDDB7F36F) (Shutdown)
-- tvOS 11.2 --
    Apple TV (21EC4296-C2E9-4BF6-AB36-BC3500DD869C) (Shutdown)
    Apple TV 4K (484C1553-D194-4C01-97EF-AFB4FFFC830D) (Shutdown)
    Apple TV 4K (at 1080p) (57C4376B-3E93-408C-874C-9326C04F75A3) (Shutdown)
-- tvOS 11.3 --
    Apple TV (E0E3ABC8-C07B-455B-B573-C1DAC94E9B86) (Shutdown)
    Apple TV 4K (F9D28CAB-2DC1-4122-B4A8-306BC459456C) (Shutdown)
    Apple TV 4K (at 1080p) (EADD1DEE-051F-4EAC-869D-1D5EFAD79151) (Shutdown)
-- tvOS 11.4 --
    Apple TV (EDE9BEEB-B3F7-497B-95A1-9F7F53DFD025) (Shutdown)
    Apple TV 4K (580A5E8F-8C44-4C7A-9B25-F69DB4BB0D5D) (Shutdown)
    Apple TV 4K (at 1080p) (851C32F5-13C2-4870-AE01-64FC93C392D9) (Shutdown)
-- tvOS 12.0 --
    Apple TV (6FBDC097-9E31-41CB-B9AE-1E5743934F54) (Shutdown)
    Apple TV 4K (CB8C7AAA-6419-4998-8945-C6AA85CC2FAB) (Shutdown)
    Apple TV 4K (at 1080p) (A00CB8B0-EDF9-4E59-BA8E-1249075C1600) (Shutdown)
-- watchOS 3.1 --
    Apple Watch - 38mm (7BD0034A-FB30-4F17-84CA-6945891C21C2) (Shutdown)
    Apple Watch - 42mm (2B32B4EB-7F55-409C-B7A2-5FC76D63E805) (Shutdown)
    Apple Watch Series 2 - 38mm (4C21CC3F-677D-482F-ACF1-282978ED8BBC) (Shutdown)
    Apple Watch Series 2 - 42mm (B0B706A1-7BB3-42C1-B34B-7BB50DD0EEAF) (Shutdown)
-- watchOS 3.2 --
    Apple Watch - 38mm (9F045F8A-58CD-4A56-8215-7D8D71D5E6D7) (Shutdown)
    Apple Watch - 42mm (9FF72D8B-FF39-409B-B372-370E29A9999E) (Shutdown)
    Apple Watch Series 2 - 38mm (124008BC-1280-4B2B-B396-C02C8BE9AC57) (Shutdown)
    Apple Watch Series 2 - 42mm (E33C6522-5305-492D-8E4E-3A3951807ACA) (Shutdown)
-- watchOS 4.0 --
    Apple Watch - 38mm (CB5FE4CB-6A02-462B-80BD-3AADFC34B039) (Shutdown)
    Apple Watch - 42mm (6B69BAB7-E285-4D41-B49D-171B2D462AE9) (Shutdown)
    Apple Watch Series 2 - 38mm (1B2CC63A-645B-4F2C-8F03-2CDEB600A812) (Shutdown)
    Apple Watch Series 2 - 42mm (52EDE51F-01BD-4A4E-B9E2-CBE8550D6930) (Shutdown)
    Apple Watch Series 3 - 38mm (4392ADA8-1D3A-46C5-9D3E-1F9941EE038F) (Shutdown)
    Apple Watch Series 3 - 42mm (6A367DF5-6B76-4CA9-A220-5F96F481FF9D) (Shutdown)
-- watchOS 4.1 --
    Apple Watch - 38mm (D270EFB2-B285-469A-9CF5-D750371CB772) (Shutdown)
    Apple Watch - 42mm (D5E704D6-3752-46E1-B7A3-23403E38A480) (Shutdown)
    Apple Watch Series 2 - 38mm (1A80D704-261C-45A4-9DE8-8FE84CF3E444) (Shutdown)
    Apple Watch Series 2 - 42mm (CF29FC25-86A8-4335-81C1-B01EBC8267CB) (Shutdown)
    Apple Watch Series 3 - 38mm (B92053B8-993A-4669-B3C8-3DDA435EC8F9) (Shutdown)
    Apple Watch Series 3 - 42mm (1922475D-7526-479D-8807-D6293BD3440E) (Shutdown)
-- watchOS 4.2 --
    Apple Watch - 38mm (68DA4685-582B-49C7-AE8E-C9FEDCEC20ED) (Shutdown)
    Apple Watch - 42mm (68B7F939-0111-4418-9527-4E4D115B6694) (Shutdown)
    Apple Watch Series 2 - 38mm (D00E87EC-A54C-46C5-9B60-F51AD816CA77) (Shutdown)
    Apple Watch Series 2 - 42mm (888C12AA-E910-4BF8-BD91-5A59E7A99156) (Shutdown)
    Apple Watch Series 3 - 38mm (88B73A01-2D4B-41FD-8D1F-845560DF2B60) (Shutdown)
    Apple Watch Series 3 - 42mm (E69EEE21-22AB-4B69-9A84-06DFE9363B50) (Shutdown)
-- watchOS 5.0 --
    Apple Watch Series 2 - 38mm (63F3A67B-A6F7-4FD3-B1D8-E812E07E98A9) (Shutdown)
    Apple Watch Series 2 - 42mm (4CBAD2E9-F56E-4A51-8083-E0870816F023) (Shutdown)
    Apple Watch Series 3 - 38mm (8216DD7D-1DC7-4DB7-9E89-A1F3A963FA84) (Shutdown)
    Apple Watch Series 3 - 42mm (CBA0E51E-3DBF-4161-81A2-FB474589971C) (Shutdown)
    Apple Watch Series 4 - 40mm (A3270CED-9C02-4EBC-AE9E-4F9624BFA4CA) (Shutdown)
    Apple Watch Series 4 - 44mm (09DDC1A0-7567-4B9B-BEDF-28AC3CDC4562) (Shutdown)
== Device Pairs ==
0F09A59E-9B62-4366-AABD-B72A6C48E1FA (active, disconnected)
    Watch: Apple Watch Series 2 - 38mm (63F3A67B-A6F7-4FD3-B1D8-E812E07E98A9) (Shutdown)
    Phone: iPhone 7 (BB032757-C9E7-4FA4-B004-D3907A6BA2B1) (Shutdown)
DD47BFAC-34D7-40F5-AD94-4756CEDC6E9D (active, disconnected)
    Watch: Apple Watch Series 2 - 42mm (4CBAD2E9-F56E-4A51-8083-E0870816F023) (Shutdown)
    Phone: iPhone 7 Plus (54E18C85-C349-4F51-8C8D-AA0F0E9F956B) (Shutdown)
7CE14B6C-AE59-4A73-A929-826215AD36BC (active, disconnected)
    Watch: Apple Watch Series 3 - 38mm (8216DD7D-1DC7-4DB7-9E89-A1F3A963FA84) (Shutdown)
    Phone: iPhone X (EAA94B4D-263F-4EB3-AD09-5F0B41CD6C2A) (Shutdown)
A41BB176-0F12-4B4B-8D13-E2AC95FAA04F (active, disconnected)
    Watch: Apple Watch Series 4 - 40mm (A3270CED-9C02-4EBC-AE9E-4F9624BFA4CA) (Shutdown)
    Phone: iPhone XS (80541622-1735-42E4-9216-FB67043FECAA) (Shutdown)
3349DCC9-AD4D-4980-B6CD-A40463E1F61F (active, disconnected)
    Watch: Apple Watch Series 4 - 44mm (09DDC1A0-7567-4B9B-BEDF-28AC3CDC4562) (Shutdown)
    Phone: iPhone XS Max (95BF0D28-7B71-428D-8216-3052CA4E2C8E) (Shutdown)

========================================


=== OS X info =========================

* sw_vers
ProductName:	Mac OS X
ProductVersion:	10.13.6
BuildVersion:	17G65

* system_profiler SPSoftwareDataType
Software:

    System Software Overview:

      System Version: macOS 10.13.6 (17G65)
      Kernel Version: Darwin 17.7.0
      Boot Volume: Macintosh HD
      Boot Mode: Normal
      Computer Name: xstagebhostondemandinternalteststandard2.local
      User Name: vagrant (vagrant)
      Secure Virtual Memory: Enabled
      System Integrity Protection: Disabled
      Time since boot: 2 minutes


========================================


=== System infos =======================
* Free disk space: /dev/disk0s2  199Gi  109Gi   90Gi    55% 3370630 4291596649    0%   /
========================================


=== Environment infos =======================
MATCH_KEYCHAIN_PASSWORD environment set
========================================


=== Control tests ======================
source $HOME/.bash_profile ...
source $HOME/.bash_profile - PASSED
========================================

