#
# This System Report was generated by: https://github.com/bitrise-io/osx-box-bootstrap/blob/master/system_report.sh
#  Pull Requests are welcome!
#


=== Revision / ID ======================
* BITRISE_OSX_STACK_REV_ID: 2016_01_13_1
========================================


=== Pre-installed tool versions ========
* Go: go version go1.5.2 darwin/amd64
* Ruby: ruby 2.2.4p230 (2015-12-16 revision 53155) [x86_64-darwin15]
* Python: Python 2.7.10

* git: git version 2.7.0
* mercurial/hg: Mercurial Distributed SCM (version 3.6.3)
* curl: curl 7.43.0 (x86_64-apple-darwin15.0) libcurl/7.43.0 SecureTransport zlib/1.2.5
* wget: GNU Wget 1.17.1 built on darwin15.2.0.
* rsync: rsync  version 2.6.9  protocol version 29
* unzip: UnZip 5.52 of 28 February 2005, by Info-ZIP.  Maintained by C. Spieler.  Send
* tar: bsdtar 2.8.3 - libarchive 2.8.3

* brew: Homebrew 0.9.5 (git revision e72b; last commit 2016-01-13)
* xctool: 0.2.7
* Node.js: v5.4.0
* NPM: 3.3.12
* Ansible: ansible 2.0.0.1
* gtimeout: timeout (GNU coreutils) 8.24
* watchman: 4.1.0
* flow: Flow, a static type checker for JavaScript, version 0.20.1
* tree: tree v1.7.0 (c) 1996 - 2014 by Steve Baker, Thomas Moore, Francesc Rocher, Florian Sesser, Kyosuke Tokoro

--- Bitrise CLI tool versions
* bitrise: 1.2.4
* stepman: 0.9.17
* envman: 1.0.0
* bitrise-bridge: 0.9.7
* cmd-bridge: 0.9.4
========================================


=== Ruby GEMs ==========================
* Bundler: Bundler version 1.11.2
* CocoaPods: 0.39.0
* fastlane: fastlane 1.50.0
* xcpretty: 0.2.2
* Nomad CLI: 2.4.5.1
* Nomad CLI IPA / Shenzhen: ipa 0.14.2
========================================


=== Checking Xcode CLT dirs ============

 * ls -alh /usr/include/CommonCrypto
total 24
drwxr-xr-x   10 root  wheel   340B Oct 23 14:52 .
drwxr-xr-x  258 root  wheel   8.6K Jan 12 10:50 ..
-rw-r--r--    1 root  wheel   1.3K Oct 23 14:52 CommonCrypto.h
-rw-r--r--    1 root  wheel   2.4K Oct 23 14:52 CommonCryptoError.h
-rw-r--r--    1 root  wheel    33K Oct 23 14:52 CommonCryptor.h
-rw-r--r--    1 root  wheel    11K Oct 23 14:52 CommonDigest.h
-rw-r--r--    1 root  wheel   4.1K Oct 23 14:52 CommonHMAC.h
-rw-r--r--    1 root  wheel   4.6K Oct 23 14:52 CommonKeyDerivation.h
-rw-r--r--    1 root  wheel   1.7K Oct 23 14:52 CommonRandom.h
-rw-r--r--    1 root  wheel   6.1K Oct 23 14:52 CommonSymmetricKeywrap.h

 * ls -alh /Library/Developer/CommandLineTools/
total 0
drwxr-xr-x  4 root  admin   136B Nov 17 23:02 .
drwxr-xr-x  4 root  admin   136B Jan 12 11:41 ..
drwxr-xr-x  5 root  admin   170B Nov 17 23:11 Library
drwxr-xr-x  7 root  admin   238B Nov 17 23:06 usr

 * /Library/Developer/CommandLineTools/usr/bin/swift --version
Apple Swift version 2.1.1 (swiftlang-700.1.101.15 clang-700.1.81)
Target: x86_64-apple-darwin15.2.0

========================================


=== Xcode ==============================

* Active Xcode Command Line Tools:
/Applications/Xcode.app/Contents/Developer

* Xcode Version:
Xcode 7.2
Build version 7C68

* Installed SDKs:
OS X SDKs:
	OS X 10.11                    	-sdk macosx10.11

iOS SDKs:
	iOS 9.2                       	-sdk iphoneos9.2

iOS Simulator SDKs:
	Simulator - iOS 9.2           	-sdk iphonesimulator9.2

tvOS SDKs:
	tvOS 9.1                      	-sdk appletvos9.1

tvOS Simulator SDKs:
	Simulator - tvOS 9.1          	-sdk appletvsimulator9.1

watchOS SDKs:
	watchOS 2.1                   	-sdk watchos2.1

watchOS Simulator SDKs:
	Simulator - watchOS 2.1       	-sdk watchsimulator2.1


* Available Simulators:
Could not find service "com.apple.CoreSimulator.CoreSimulatorService" in domain for uid: 501
2016-01-13 09:26:07.685 simctl[729:4224] launchctl print returned an error code: 28928
2016-01-13 09:26:07.685 simctl[729:4224] Failed to locate a valid instance of CoreSimulatorService in the bootstrap.  Adding it now.
== Device Types ==
iPhone 4s (com.apple.CoreSimulator.SimDeviceType.iPhone-4s)
iPhone 5 (com.apple.CoreSimulator.SimDeviceType.iPhone-5)
iPhone 5s (com.apple.CoreSimulator.SimDeviceType.iPhone-5s)
iPhone 6 (com.apple.CoreSimulator.SimDeviceType.iPhone-6)
iPhone 6 Plus (com.apple.CoreSimulator.SimDeviceType.iPhone-6-Plus)
iPhone 6s (com.apple.CoreSimulator.SimDeviceType.iPhone-6s)
iPhone 6s Plus (com.apple.CoreSimulator.SimDeviceType.iPhone-6s-Plus)
iPad 2 (com.apple.CoreSimulator.SimDeviceType.iPad-2)
iPad Retina (com.apple.CoreSimulator.SimDeviceType.iPad-Retina)
iPad Air (com.apple.CoreSimulator.SimDeviceType.iPad-Air)
iPad Air 2 (com.apple.CoreSimulator.SimDeviceType.iPad-Air-2)
iPad Pro (com.apple.CoreSimulator.SimDeviceType.iPad-Pro)
Apple TV 1080p (com.apple.CoreSimulator.SimDeviceType.Apple-TV-1080p)
Apple Watch - 38mm (com.apple.CoreSimulator.SimDeviceType.Apple-Watch-38mm)
Apple Watch - 42mm (com.apple.CoreSimulator.SimDeviceType.Apple-Watch-42mm)
== Runtimes ==
iOS 8.1 (8.1 - 12B411) (com.apple.CoreSimulator.SimRuntime.iOS-8-1)
iOS 8.2 (8.2 - 12D508) (com.apple.CoreSimulator.SimRuntime.iOS-8-2)
iOS 8.3 (8.3 - 12F70) (com.apple.CoreSimulator.SimRuntime.iOS-8-3)
iOS 8.4 (8.4 - 12H141) (com.apple.CoreSimulator.SimRuntime.iOS-8-4)
iOS 9.0 (9.0 - 13A344) (com.apple.CoreSimulator.SimRuntime.iOS-9-0)
iOS 9.1 (9.1 - 13B143) (com.apple.CoreSimulator.SimRuntime.iOS-9-1)
iOS 9.2 (9.2 - 13C75) (com.apple.CoreSimulator.SimRuntime.iOS-9-2)
tvOS 9.0 (9.0 - 13T395) (com.apple.CoreSimulator.SimRuntime.tvOS-9-0)
tvOS 9.1 (9.1 - 13U78) (com.apple.CoreSimulator.SimRuntime.tvOS-9-1)
watchOS 2.0 (2.0 - 13S343) (com.apple.CoreSimulator.SimRuntime.watchOS-2-0)
watchOS 2.1 (2.1 - 13S660) (com.apple.CoreSimulator.SimRuntime.watchOS-2-1)
== Devices ==
-- iOS 8.1 --
    iPhone 4s (0E4AD6CB-E96E-4376-98EE-9365EBDE4D20) (Shutdown)
    iPhone 5 (F2CCF7DB-B558-4719-AFDA-413A5E31E056) (Shutdown)
    iPhone 5s (464A8468-48E8-4FBD-B38F-25AE67940F43) (Shutdown)
    iPhone 6 (51FF6732-C6FA-4220-93CE-A135E58A6D81) (Shutdown)
    iPhone 6 Plus (8DD60399-B7A4-4862-85A3-6D6DA6B50904) (Shutdown)
    iPad 2 (E7469B68-6AA4-450E-B44F-785B18852399) (Shutdown)
    iPad Retina (A350C17C-C3C9-4AC3-AC39-A7A359D06749) (Shutdown)
    iPad Air (D5CAFD20-EB15-4CE6-97BE-011C1056AA9B) (Shutdown)
-- iOS 8.2 --
    iPhone 4s (A0A61F38-969A-4844-9B6E-1511AE126348) (Shutdown)
    iPhone 5 (B974A75D-B227-4D17-A779-48863BAF1763) (Shutdown)
    iPhone 5s (2EEB5841-6B85-4807-9CCF-C0CAFD1067ED) (Shutdown)
    iPhone 6 (872D8D3A-BCF6-4810-9972-050C3F030DA8) (Shutdown)
    iPhone 6 Plus (F9EC6341-992D-4E95-AFEC-3CF4F8C807D5) (Shutdown)
    iPad 2 (3D71E302-A748-44D7-B72B-5E9EC81A8EE1) (Shutdown)
    iPad Retina (C1562A18-B8D9-499B-9A89-58D586730C74) (Shutdown)
    iPad Air (9DC8C8FA-6ABF-43DD-9284-E851649406EE) (Shutdown)
-- iOS 8.3 --
    iPhone 4s (546AC29F-1F55-4921-930F-0B0E1FCC4769) (Shutdown)
    iPhone 5 (809283E5-F6EC-4AF0-87E0-D81BFAD6EC10) (Shutdown)
    iPhone 5s (E5CBC5F7-0520-4E20-8244-BDB4F4A4EDC4) (Shutdown)
    iPhone 6 (773C4196-29AD-431E-8E3F-425810A080BD) (Shutdown)
    iPhone 6 Plus (47A8A1BA-4B9F-409B-BA94-2541C535F07D) (Shutdown)
    iPad 2 (E550C774-B2B1-43FD-92E7-BC9BAF15B901) (Shutdown)
    iPad Retina (876C7511-E7A7-4423-B2E6-A35E90F1ABBA) (Shutdown)
    iPad Air (533C0A9D-5E20-46FC-BD05-012DB7C1C463) (Shutdown)
-- iOS 8.4 --
    iPhone 4s (8FBFD93E-BFD1-45EB-9D1A-E42E97C504C0) (Shutdown)
    iPhone 5 (22BA4431-375F-4BF7-A4E1-F591D339D8FC) (Shutdown)
    iPhone 5s (0BBF5E1B-F70E-4E5D-8822-3B55F5E73E70) (Shutdown)
    iPhone 6 (EBD38141-9659-43E9-8B55-CE15679BE6AE) (Shutdown)
    iPhone 6 Plus (F31CDB54-E798-42A8-AE04-B53BE4102132) (Shutdown)
    iPad 2 (C3198C5F-DC98-4556-987B-D2270DF1A335) (Shutdown)
    iPad Retina (D5BCAAD2-80AF-4724-B4DD-5F4FFC050982) (Shutdown)
    iPad Air (353A040B-A5A8-4135-AAF7-69DE3CD2BCC3) (Shutdown)
-- iOS 9.0 --
    iPhone 4s (1127BEFE-2CC7-4EA3-8171-AF094D471669) (Shutdown)
    iPhone 5 (03C991DA-7B4A-45D7-9D49-6D7F83ADBA49) (Shutdown)
    iPhone 5s (32DA8C28-269A-40ED-A11A-B80924818FEB) (Shutdown)
    iPhone 6 (9844022C-4836-458D-A35C-98A03C2FE57E) (Shutdown)
    iPhone 6 Plus (527A842C-FE34-4E3E-91C4-A75B88844C64) (Shutdown)
    iPhone 6s (B4AA94D9-9E82-4E0D-96E1-AF556FC4D600) (Shutdown)
    iPhone 6s Plus (1D9ADB3C-063C-4A3F-B53F-6B705A4FF30A) (Shutdown)
    iPad 2 (F992BD41-7742-48A0-B1EF-8F7B410D561F) (Shutdown)
    iPad Retina (EFEF44B9-84BF-42CA-8D03-3CE5A7EF278D) (Shutdown)
    iPad Air (093C14FB-8301-4881-BAA3-025A9B96AD12) (Shutdown)
    iPad Air 2 (CC0E183E-E4EE-4352-9FD6-38D8DB12C3F7) (Shutdown)
-- iOS 9.1 --
    iPhone 4s (2490156A-0316-4490-BDA9-327B4B3453A2) (Shutdown)
    iPhone 5 (45581DC9-8549-4E34-905F-B8A3B3E3EEC8) (Shutdown)
    iPhone 5s (E43A6813-4839-4C5B-90B6-0B06E728B91D) (Shutdown)
    iPhone 6 (41C18EF4-410A-40FD-9804-5EA71258F9F6) (Shutdown)
    iPhone 6 Plus (19303173-51A7-47EF-8D4D-EAFA76BC4378) (Shutdown)
    iPhone 6s (7F22E374-F041-4781-8991-0A69469B957A) (Shutdown)
    iPhone 6s Plus (C816A6AE-517E-4B34-8D3E-51843425ACB7) (Shutdown)
    iPad 2 (317FDBD8-2C48-45F8-BD1B-E893970457BD) (Shutdown)
    iPad Retina (50A0D870-C310-49BE-AC45-FFE857562A04) (Shutdown)
    iPad Air (9941FC6E-C23A-457C-91DA-89A6FE76B50F) (Shutdown)
    iPad Air 2 (658511F1-F53D-48A3-B453-955DCB427608) (Shutdown)
    iPad Pro (D5FEA154-F2FC-42DF-AF1E-BEB356B66669) (Shutdown)
-- iOS 9.2 --
    iPhone 4s (3549237B-0C9A-4519-98E2-F8F7986D2530) (Shutdown)
    iPhone 5 (2B39B07B-9B29-47B2-9CB5-D9B79DB8D798) (Shutdown)
    iPhone 5s (A8184035-A27B-4EA3-B58E-F3A12450DBF4) (Shutdown)
    iPhone 6 (21C28155-2869-4C5D-AF4D-8C88CE752F50) (Shutdown)
    iPhone 6 Plus (A161A991-D42D-444D-8B1F-3C6AA5123FAB) (Shutdown)
    iPhone 6s (80216429-167C-4DF2-8659-FAC5E2F8389D) (Shutdown)
    iPhone 6s Plus (2E07209C-59A7-4034-806B-08E18A54163C) (Shutdown)
    iPad 2 (D878E694-6C24-4713-B577-25723C0A6BE4) (Shutdown)
    iPad Retina (E7497572-6960-4419-AAE1-A483A53B998D) (Shutdown)
    iPad Air (FE71B32B-9690-4615-8AAA-DC537AFE7923) (Shutdown)
    iPad Air 2 (C672CB02-F371-4726-B02B-664453F07C28) (Shutdown)
    iPad Pro (102EAAAA-FDAC-4E33-89F5-5DA35BF5747F) (Shutdown)
-- tvOS 9.0 --
    Apple TV 1080p (A7CF164B-5DC0-4BAE-906B-526BDF27C4B0) (Shutdown)
-- tvOS 9.1 --
    Apple TV 1080p (A8BB3ABE-65F2-4201-B3DF-8CBCD8588550) (Shutdown)
-- watchOS 2.0 --
    Apple Watch - 38mm (EFB4615C-5F49-4A24-AD29-DC30D04BE726) (Shutdown)
    Apple Watch - 42mm (3B725181-4CDC-4899-BD84-971EBA11B990) (Shutdown)
-- watchOS 2.1 --
    Apple Watch - 38mm (1A2ACF50-7042-46D0-8607-64812FD0196C) (Shutdown)
    Apple Watch - 42mm (FCD32CC6-8F1D-4F9B-8A8D-F3B994989DAC) (Shutdown)
== Device Pairs ==
A70C358C-8AE0-4F48-8444-7DCF126A67DE (disconnected)
    Watch: Apple Watch - 38mm (1A2ACF50-7042-46D0-8607-64812FD0196C) (Shutdown)
    Phone: iPhone 6s (80216429-167C-4DF2-8659-FAC5E2F8389D) (Shutdown)
DE4C5954-495E-440D-B468-642F64685A47 (disconnected)
    Watch: Apple Watch - 42mm (FCD32CC6-8F1D-4F9B-8A8D-F3B994989DAC) (Shutdown)
    Phone: iPhone 6s Plus (2E07209C-59A7-4034-806B-08E18A54163C) (Shutdown)

========================================


=== OS X info =========================

* sw_vers
ProductName:	Mac OS X
ProductVersion:	10.11.2
BuildVersion:	15C50

* system_profiler SPSoftwareDataType
Software:

    System Software Overview:

      System Version: OS X 10.11.2 (15C50)
      Kernel Version: Darwin 15.2.0
      Boot Volume: Macintosh HD
      Boot Mode: Normal
      Computer Name: vsphere-control-4--host-prebooted_xamarin_104
      User Name: vagrant (vagrant)
      Secure Virtual Memory: Enabled
      System Integrity Protection: Enabled
      Time since boot: 4 minutes


========================================


=== System infos =======================
* Free disk space: /dev/disk0s2   99Gi   71Gi   28Gi    72% 18599243 7405253   72%   /
========================================

Warning: tree-1.7.0 already installed

=== Xamarin specific ===================

--- Android

* build-tools:
17.0.0
19.1.0
20.0.0
21.1.2
22.0.1
23.0.1
23.0.2

* extras:
/Users/vagrant/Library/Developer/Xamarin/android-sdk-macosx/extras
├── android
│   ├── m2repository
│   └── support
└── google
    ├── google_play_services
    └── m2repository

6 directories, 0 files

* platforms:
android-10
android-15
android-17
android-19
android-20
android-21
android-22
android-23

* system-images:
/Users/vagrant/Library/Developer/Xamarin/android-sdk-macosx/system-images
├── android-15
│   ├── armeabi-v7a
│   │   ├── NOTICE.txt
│   │   ├── build.prop
│   │   ├── kernel-qemu
│   │   ├── ramdisk.img
│   │   ├── source.properties
│   │   ├── system.img
│   │   └── userdata.img
│   └── default
│       └── armeabi-v7a
├── android-17
│   └── default
│       └── armeabi-v7a
├── android-19
│   ├── armeabi-v7a
│   │   ├── NOTICE.txt
│   │   ├── build.prop
│   │   ├── kernel-qemu
│   │   ├── ramdisk.img
│   │   ├── source.properties
│   │   ├── system.img
│   │   └── userdata.img
│   └── default
│       └── armeabi-v7a
├── android-21
│   └── default
│       └── armeabi-v7a
├── android-22
│   └── default
│       └── armeabi-v7a
└── android-23
    ├── armeabi-v7a
    │   ├── NOTICE.txt
    │   ├── build.prop
    │   ├── kernel-qemu
    │   ├── ramdisk.img
    │   ├── source.properties
    │   ├── system.img
    │   └── userdata.img
    └── default
        └── armeabi-v7a

21 directories, 21 files
========================================
