 (i) Ignore Errors: enabled

#
# This System Report was generated by: https://github.com/bitrise-io/osx-box-bootstrap/blob/master/system_report.sh
#  Pull Requests are welcome!
#


=== Revision / ID ======================
* BITRISE_OSX_STACK_REV_ID: v2017_10_10_1
========================================


=== Pre-installed tool versions ========
* Go: go version go1.9.2 darwin/amd64
* Ruby: ruby 2.4.2p198 (2017-09-14 revision 59899) [x86_64-darwin16]
* Python: Python 2.7.10
* Node.js: v8.9.0
* NPM: 5.5.1
* Yarn: 1.2.1
* Java: java version "9.0.1"
Java(TM) SE Runtime Environment (build 9.0.1+11)
Java HotSpot(TM) 64-Bit Server VM (build 9.0.1+11, mixed mode)

* git: git version 2.15.0
* git lfs: git-lfs/2.3.4 (GitHub; darwin amd64; go 1.9.1)
* mercurial/hg: Mercurial Distributed SCM (version 4.4)
* curl: curl 7.54.0 (x86_64-apple-darwin16.0) libcurl/7.54.0 SecureTransport zlib/1.2.8
* wget: GNU Wget 1.19.2 built on darwin16.7.0.
* rsync: rsync  version 2.6.9  protocol version 29
* unzip: UnZip 6.00 of 20 April 2009, by Info-ZIP.  Maintained by C. Spieler.  Send
* zip: This is Zip 3.0 (July 5th 2008), by Info-ZIP.
* tar: bsdtar 2.8.3 - libarchive 2.8.3
* tree: tree v1.7.0 (c) 1996 - 2014 by Steve Baker, Thomas Moore, Francesc Rocher, Florian Sesser, Kyosuke Tokoro 

* brew: Homebrew 1.5.12
Homebrew/homebrew-core (git revision e9704; last commit 2018-03-22)
./system_report.sh: line 54: xctool: command not found
* xctool: 
* Ansible: ansible 2.4.1.0
  configured module search path = [u'/Users/vagrant/.ansible/plugins/modules', u'/usr/share/ansible/plugins/modules']
  ansible python module location = /usr/local/Cellar/ansible/2.4.1.0/libexec/lib/python2.7/site-packages/ansible
  executable location = /usr/local/bin/ansible
* gtimeout: timeout (GNU coreutils) 8.28
* watchman: 4.9.0
* flow: Flow, a static type checker for JavaScript, version 0.58.0
* carthage: 0.26.2
* imagemagick (convert): Version: ImageMagick 7.0.7-9 Q16 x86_64 2017-10-31 http://www.imagemagick.org
* ghostscript (ps2ascii): 9.22
* screen: Screen version 4.06.02 (GNU) 23-Oct-17
./system_report.sh: line 70: wine: command not found
* wine: 

--- Bitrise CLI tool versions
* bitrise: 1.14.0
* stepman: 0.9.39
* envman: 1.1.11
* bitrise-bridge: 0.9.11
* cmd-bridge: 0.9.5
========================================


=== Ruby GEMs ==========================
* Rubygems: 2.7.0
* Bundler: Bundler version 1.16.0
* CocoaPods: 1.3.1
* xcpretty: 0.2.8
* Nomad CLI: 2.7.0
* Nomad CLI IPA / Shenzhen: ipa 0.14.3
========================================


=== All Ruby GEMs ======================
activesupport (4.2.10)
addressable (2.5.2)
aws-sdk (1.67.0)
aws-sdk-v1 (1.67.0)
babosa (1.0.2)
bigdecimal (default: 1.3.0)
bundler (1.16.0)
certified (1.0.0)
CFPropertyList (2.3.5)
claide (1.0.2)
cocoapods (1.3.1)
cocoapods-core (1.3.1)
cocoapods-deintegrate (1.0.1)
cocoapods-downloader (1.1.3)
cocoapods-plugins (1.0.0)
cocoapods-search (1.0.0)
cocoapods-stats (1.0.0)
cocoapods-trunk (1.3.0)
cocoapods-try (1.1.0)
colored (1.2)
colored2 (3.1.2)
commander (4.4.3)
commander-fastlane (4.4.5)
concurrent-ruby (1.0.5)
cupertino (1.3.4)
declarative (0.0.10)
declarative-option (0.1.0)
did_you_mean (1.1.0)
domain_name (0.5.20170404)
dotenv (2.2.1)
dubai (0.1.2)
escape (0.0.4)
excon (0.59.0)
faraday (0.13.1)
faraday-cookie_jar (0.0.6)
faraday_middleware (0.12.2)
fastimage (2.1.0)
fastlane (2.63.0)
fourflusher (2.0.1)
fuzzy_match (2.0.4)
gh_inspector (1.0.3)
google-api-client (0.13.6)
googleauth (0.6.1)
highline (1.7.8)
houston (2.2.4)
http-cookie (1.0.3)
httpclient (2.8.3)
i18n (0.9.0)
io-console (default: 0.4.6)
json (default: 2.0.4, 1.8.6)
jwt (2.1.0)
little-plugger (1.1.4)
logging (2.2.2)
mechanize (2.5.1)
memoist (0.16.0)
mime-types (3.1, 1.25.1)
mime-types-data (3.2016.0521)
mini_magick (4.5.1)
mini_portile2 (2.1.0)
minitest (5.10.1)
molinillo (0.5.7)
multi_json (1.12.2)
multi_xml (0.6.0)
multipart-post (2.0.0)
mustermann (1.0.1)
nanaimo (0.2.3)
nap (1.1.0)
net-http-digest_auth (1.4.1)
net-http-persistent (2.9.4)
net-sftp (2.1.2)
net-ssh (4.2.0)
net-telnet (0.1.1)
netrc (0.11.0)
nokogiri (1.6.8.1)
nomad-cli (0.0.2)
ntlm-http (0.1.1)
openssl (default: 2.0.5)
os (0.9.6)
plist (3.3.0, 3.1.0)
power_assert (0.4.1)
psych (default: 2.2.2)
public_suffix (2.0.5)
rack (2.0.3)
rack-protection (2.0.0)
rake (12.0.0)
rdoc (default: 5.0.0)
representable (3.0.4)
retriable (3.1.1)
rouge (2.0.7)
ruby-macho (1.1.0)
rubygems-update (2.7.0)
rubyzip (1.2.1)
security (0.1.3)
shenzhen (0.14.3)
signet (0.8.1)
sinatra (2.0.0)
slack-notifier (1.5.1)
term-ansicolor (1.0.7)
terminal-notifier (1.8.0)
terminal-table (1.8.0, 1.4.5)
test-unit (3.2.3)
thread_safe (0.3.6)
tilt (2.0.8)
tty-screen (0.5.1)
tzinfo (1.2.4)
uber (0.1.0)
unf (0.1.4)
unf_ext (0.0.7.4)
unicode-display_width (1.3.0)
venice (0.4.0)
webrobots (0.1.2)
word_wrap (1.0.0)
xcode-install (2.3.1)
xcodeproj (1.5.3)
xcpretty (0.2.8)
xcpretty-travis-formatter (1.0.0)
xmlrpc (0.2.1)
========================================


=== NPM global packages ==========================
* Cordova: 7.1.0
* Ionic: 3.16.0
========================================


=== Checking Xcode CLT dirs ============

 * ls -1 /usr/include/CommonCrypto
CommonCrypto.h
CommonCryptoError.h
CommonCryptor.h
CommonDigest.h
CommonHMAC.h
CommonKeyDerivation.h
CommonRandom.h
CommonSymmetricKeywrap.h

 * ls -1 /Library/Developer/CommandLineTools/
Library
SDKs
usr

 * /Library/Developer/CommandLineTools/usr/bin/swift --version
Apple Swift version 4.0.3 (swiftlang-900.0.74.1 clang-900.0.39.2)
Target: x86_64-apple-macosx10.9

========================================


=== Xcode ==============================

* Active Xcode Command Line Tools:
/Applications/Xcode.app/Contents/Developer

* Xcode Version:
Xcode 9.1
Build version 9B55

* Installed SDKs:
iOS SDKs:
	iOS 11.1                      	-sdk iphoneos11.1

iOS Simulator SDKs:
	Simulator - iOS 11.1          	-sdk iphonesimulator11.1

macOS SDKs:
	macOS 10.13                   	-sdk macosx10.13

tvOS SDKs:
	tvOS 11.1                     	-sdk appletvos11.1

tvOS Simulator SDKs:
	Simulator - tvOS 11.1         	-sdk appletvsimulator11.1

watchOS SDKs:
	watchOS 4.1                   	-sdk watchos4.1

watchOS Simulator SDKs:
	Simulator - watchOS 4.1       	-sdk watchsimulator4.1


* Available Simulators:
== Device Types ==
iPhone 4s (com.apple.CoreSimulator.SimDeviceType.iPhone-4s)
iPhone 5 (com.apple.CoreSimulator.SimDeviceType.iPhone-5)
iPhone 5s (com.apple.CoreSimulator.SimDeviceType.iPhone-5s)
iPhone 6 (com.apple.CoreSimulator.SimDeviceType.iPhone-6)
iPhone 6 Plus (com.apple.CoreSimulator.SimDeviceType.iPhone-6-Plus)
iPhone 6s (com.apple.CoreSimulator.SimDeviceType.iPhone-6s)
iPhone 6s Plus (com.apple.CoreSimulator.SimDeviceType.iPhone-6s-Plus)
iPhone 7 (com.apple.CoreSimulator.SimDeviceType.iPhone-7)
iPhone 7 Plus (com.apple.CoreSimulator.SimDeviceType.iPhone-7-Plus)
iPhone 8 (com.apple.CoreSimulator.SimDeviceType.iPhone-8)
iPhone 8 Plus (com.apple.CoreSimulator.SimDeviceType.iPhone-8-Plus)
iPhone SE (com.apple.CoreSimulator.SimDeviceType.iPhone-SE)
iPhone X (com.apple.CoreSimulator.SimDeviceType.iPhone-X)
iPad 2 (com.apple.CoreSimulator.SimDeviceType.iPad-2)
iPad Retina (com.apple.CoreSimulator.SimDeviceType.iPad-Retina)
iPad Air (com.apple.CoreSimulator.SimDeviceType.iPad-Air)
iPad Air 2 (com.apple.CoreSimulator.SimDeviceType.iPad-Air-2)
iPad (5th generation) (com.apple.CoreSimulator.SimDeviceType.iPad--5th-generation-)
iPad Pro (9.7-inch) (com.apple.CoreSimulator.SimDeviceType.iPad-Pro--9-7-inch-)
iPad Pro (12.9-inch) (com.apple.CoreSimulator.SimDeviceType.iPad-Pro)
iPad Pro (12.9-inch) (2nd generation) (com.apple.CoreSimulator.SimDeviceType.iPad-Pro--12-9-inch---2nd-generation-)
iPad Pro (10.5-inch) (com.apple.CoreSimulator.SimDeviceType.iPad-Pro--10-5-inch-)
Apple TV (com.apple.CoreSimulator.SimDeviceType.Apple-TV-1080p)
Apple TV 4K (com.apple.CoreSimulator.SimDeviceType.Apple-TV-4K-4K)
Apple TV 4K (at 1080p) (com.apple.CoreSimulator.SimDeviceType.Apple-TV-4K-1080p)
Apple Watch - 38mm (com.apple.CoreSimulator.SimDeviceType.Apple-Watch-38mm)
Apple Watch - 42mm (com.apple.CoreSimulator.SimDeviceType.Apple-Watch-42mm)
Apple Watch Series 2 - 38mm (com.apple.CoreSimulator.SimDeviceType.Apple-Watch-Series-2-38mm)
Apple Watch Series 2 - 42mm (com.apple.CoreSimulator.SimDeviceType.Apple-Watch-Series-2-42mm)
Apple Watch Series 3 - 38mm (com.apple.CoreSimulator.SimDeviceType.Apple-Watch-Series-3-38mm)
Apple Watch Series 3 - 42mm (com.apple.CoreSimulator.SimDeviceType.Apple-Watch-Series-3-42mm)
== Runtimes ==
iOS 8.1 (8.1 - 12B411) - com.apple.CoreSimulator.SimRuntime.iOS-8-1
iOS 8.2 (8.2 - 12D508) - com.apple.CoreSimulator.SimRuntime.iOS-8-2
iOS 8.3 (8.3 - 12F70) - com.apple.CoreSimulator.SimRuntime.iOS-8-3
iOS 8.4 (8.4 - 12H141) - com.apple.CoreSimulator.SimRuntime.iOS-8-4
iOS 9.0 (9.0 - 13A344) - com.apple.CoreSimulator.SimRuntime.iOS-9-0
iOS 9.1 (9.1 - 13B143) - com.apple.CoreSimulator.SimRuntime.iOS-9-1
iOS 9.2 (9.2 - 13C75) - com.apple.CoreSimulator.SimRuntime.iOS-9-2
iOS 9.3 (9.3 - 13E233) - com.apple.CoreSimulator.SimRuntime.iOS-9-3
iOS 10.0 (10.0 - 14A345) - com.apple.CoreSimulator.SimRuntime.iOS-10-0
iOS 10.1 (10.1 - 14B72) - com.apple.CoreSimulator.SimRuntime.iOS-10-1
iOS 10.2 (10.2 - 14C89) - com.apple.CoreSimulator.SimRuntime.iOS-10-2
iOS 10.3 (10.3.1 - 14E8301) - com.apple.CoreSimulator.SimRuntime.iOS-10-3
iOS 11.0 (11.0.1 - 15A8401) - com.apple.CoreSimulator.SimRuntime.iOS-11-0
iOS 11.1 (11.1 - 15B87) - com.apple.CoreSimulator.SimRuntime.iOS-11-1
tvOS 9.0 (9.0 - 13T395) - com.apple.CoreSimulator.SimRuntime.tvOS-9-0
tvOS 9.1 (9.1 - 13U85) - com.apple.CoreSimulator.SimRuntime.tvOS-9-1
tvOS 9.2 (9.2 - 13Y234) - com.apple.CoreSimulator.SimRuntime.tvOS-9-2
tvOS 10.0 (10.0 - 14T328) - com.apple.CoreSimulator.SimRuntime.tvOS-10-0
tvOS 10.1 (10.1 - 14U591) - com.apple.CoreSimulator.SimRuntime.tvOS-10-1
tvOS 10.2 (10.2 - 14W260) - com.apple.CoreSimulator.SimRuntime.tvOS-10-2
tvOS 11.0 (11.0 - 15J380) - com.apple.CoreSimulator.SimRuntime.tvOS-11-0
tvOS 11.1 (11.1 - 15J580) - com.apple.CoreSimulator.SimRuntime.tvOS-11-1
watchOS 2.0 (2.0 - 13S343) - com.apple.CoreSimulator.SimRuntime.watchOS-2-0
watchOS 2.1 (2.1 - 13S661) - com.apple.CoreSimulator.SimRuntime.watchOS-2-1
watchOS 2.2 (2.2 - 13V144) - com.apple.CoreSimulator.SimRuntime.watchOS-2-2
watchOS 3.1 (3.1 - 14S471a) - com.apple.CoreSimulator.SimRuntime.watchOS-3-1
watchOS 3.2 (3.2 - 14V243) - com.apple.CoreSimulator.SimRuntime.watchOS-3-2
watchOS 4.0 (4.0 - 15R372) - com.apple.CoreSimulator.SimRuntime.watchOS-4-0
watchOS 4.1 (4.1 - 15R844) - com.apple.CoreSimulator.SimRuntime.watchOS-4-1
== Devices ==
-- iOS 8.1 --
    iPhone 4s (22FF8B1C-5067-44C6-8A1D-D2F2919A3774) (Shutdown)
    iPhone 5 (C49B0CDE-C7A1-4FA7-AD8C-C28D11F15C19) (Shutdown)
    iPhone 5s (94B045A7-D30E-4CC4-9FFD-A43BEB6E4707) (Shutdown)
    iPhone 6 (F3FCB55A-7490-4352-9BA5-114A2F09C196) (Shutdown)
    iPhone 6 Plus (91B3DAA2-9AA0-4A99-8D80-7E057FC8BB4F) (Shutdown)
    iPad 2 (3C720AB9-0FF3-47A0-99D7-CB2EF67E8D86) (Shutdown)
    iPad Retina (0FBC32FA-7ED6-46EA-A455-07D51A594CDB) (Shutdown)
    iPad Air (A76AEFAA-048B-450D-9BD9-8AAB76ED5B35) (Shutdown)
-- iOS 8.2 --
    iPhone 4s (3C2ED153-0E64-4EE6-A80C-F62E09F7501C) (Shutdown)
    iPhone 5 (FD4FF83A-5789-41A1-A27B-D8F115D2550E) (Shutdown)
    iPhone 5s (330309A3-ECFD-405E-A71E-02932AD6FD25) (Shutdown)
    iPhone 6 (C96103F4-BDCB-45CB-A194-D7DF8F67F7A0) (Shutdown)
    iPhone 6 Plus (0F1B214E-A0FF-4060-B8FC-5D2C19DE8A41) (Shutdown)
    iPad 2 (B5F933B6-2628-44C1-8D51-48E0ECF1E9FC) (Shutdown)
    iPad Retina (0B4D33A0-3C7A-4A2A-830D-7142FE786013) (Shutdown)
    iPad Air (5CFF2F9E-AF3C-44E1-89F9-F3A0B880EA99) (Shutdown)
-- iOS 8.3 --
    iPhone 4s (3C151BC7-108B-4B56-A25A-B214C840A369) (Shutdown)
    iPhone 5 (6F5E4FD1-CD11-467E-BE2E-698AD2A5DAE6) (Shutdown)
    iPhone 5s (F92A0B40-D21A-4FFA-9FA3-35A35BF3C0E2) (Shutdown)
    iPhone 6 (D49FDB36-E213-4DEA-9D4D-B3EE456735C8) (Shutdown)
    iPhone 6 Plus (531913F0-E684-4470-9836-7CAF8E9F82A8) (Shutdown)
    iPad 2 (985F6ED6-9A28-4ABE-8810-D1211096BC13) (Shutdown)
    iPad Retina (6F0AA878-58E0-48AF-8C5C-E4316DF23E3C) (Shutdown)
    iPad Air (A1939D00-B4B1-435A-8D07-A6E6CB00C531) (Shutdown)
-- iOS 8.4 --
    iPhone 4s (D95D912F-4E79-41FC-BCBC-CFC4F2E908C1) (Shutdown)
    iPhone 5 (B1ACE617-D0A0-4C6E-8094-AA3BEAF5E011) (Shutdown)
    iPhone 5s (84D6273F-48A1-4EFF-9E1B-584363A82884) (Shutdown)
    iPhone 6 (63E794F3-B370-4A40-8070-8B7778B91C4D) (Shutdown)
    iPhone 6 Plus (78761A19-5CA1-4952-9ADE-02D339958910) (Shutdown)
    iPad 2 (AB1FAAFF-3FFB-4F25-8856-E712F19C3F04) (Shutdown)
    iPad Retina (CB3D5491-208B-46E7-A19D-190DDC6E9A98) (Shutdown)
    iPad Air (8F0FB9B7-7F25-4B94-AEB6-9E25BF67EB6D) (Shutdown)
-- iOS 9.0 --
    iPhone 4s (50D455BC-B96F-449B-A411-35E54187AA2B) (Shutdown)
    iPhone 5 (F1483E7C-52D8-4B69-B3A9-AA5CD77C3005) (Shutdown)
    iPhone 5s (4AA1AF83-A6E4-406B-8225-44AC77738725) (Shutdown)
    iPhone 6 (860B99E7-9CB3-4634-A8BB-C8E2AD38F5B7) (Shutdown)
    iPhone 6 Plus (9204B786-56D2-4D66-9D8B-80307F1466F9) (Shutdown)
    iPhone 6s (0786E05D-395F-47F3-BEA3-8B819CCC6AFA) (Shutdown)
    iPhone 6s Plus (FCF39B01-1417-440E-AB22-D726985CA545) (Shutdown)
    iPad 2 (19A0AA7B-CBFF-47A9-BC96-BA5C19C83467) (Shutdown)
    iPad Retina (D78AD455-D631-4143-ABF7-AAF0C3564DAF) (Shutdown)
    iPad Air (81865EBB-FFB4-45AF-9F16-5FC2B98797C4) (Shutdown)
    iPad Air 2 (79C69159-3D7B-4308-A52F-086B8732A66C) (Shutdown)
-- iOS 9.1 --
    iPhone 4s (94997548-4EAE-4AFC-8C37-FB15CD2C34E9) (Shutdown)
    iPhone 5 (B1F4626F-E523-4D47-98F5-77335571D532) (Shutdown)
    iPhone 5s (3D0A8A4D-8E82-4A34-B308-2E962226B8A9) (Shutdown)
    iPhone 6 (EB518531-F6A3-4EE5-A56B-9486EBB54723) (Shutdown)
    iPhone 6 Plus (95C07AF9-4B9F-4F1C-9DD0-BAAF55A5D76E) (Shutdown)
    iPhone 6s (9879E92B-D11A-4D6F-83F2-CE991DC48DE1) (Shutdown)
    iPhone 6s Plus (BBE4C5C3-0CC7-47DF-A43C-0BFDC3F72A18) (Shutdown)
    iPad 2 (2F1BF17D-1F1B-4AD7-A213-0694D08D9BBF) (Shutdown)
    iPad Retina (5A317F9B-A946-409D-BA98-5E3230DD5441) (Shutdown)
    iPad Air (8FC20758-F061-4E0A-A4B6-A6723720F0A9) (Shutdown)
    iPad Air 2 (D9BF0988-38A8-46D6-958C-DCD2210820D5) (Shutdown)
    iPad Pro (E124F9A7-6B98-40E4-8872-A6FD10D0BF84) (Shutdown)
-- iOS 9.2 --
    iPhone 4s (F78BC9A5-E9C8-44F0-AD34-A42CF01CD115) (Shutdown)
    iPhone 5 (61712D36-C189-44D9-8C88-3E76727AF431) (Shutdown)
    iPhone 5s (FFF9BA9A-97EE-495A-A6F1-65555B7BEAAB) (Shutdown)
    iPhone 6 (9EB2AE0C-2D9B-4DE0-983B-312F2FA552B2) (Shutdown)
    iPhone 6 Plus (FDD912EA-3756-477B-861B-A10ADCD84237) (Shutdown)
    iPhone 6s (29FBF5BF-9707-455D-9AFE-E922B8ADFFD2) (Shutdown)
    iPhone 6s Plus (61DC557B-D794-4499-A57B-6EC92AB83412) (Shutdown)
    iPad 2 (AC9F6D25-E496-4C18-A275-44A0BCA1E074) (Shutdown)
    iPad Retina (7CD3CBD3-57A2-4ADB-B7A7-79315E17C062) (Shutdown)
    iPad Air (8FEACE55-FE8E-481B-A63E-C9B1F1D7DC25) (Shutdown)
    iPad Air 2 (B69DE481-E4D0-45C9-9E3F-D18A6B1DAB28) (Shutdown)
    iPad Pro (EA4820E3-251B-47AC-B49B-7FBA22CEAF54) (Shutdown)
-- iOS 9.3 --
    iPhone 4s (0E02CC44-B9B6-4689-943F-0B5F78AD384D) (Shutdown)
    iPhone 5 (D4D4650A-AB4A-445A-94A2-871678FB3D6E) (Shutdown)
    iPhone 5s (7E5A2A64-4D7F-4D87-A7B0-3B8E7C353CB1) (Shutdown)
    iPhone 6 (A76FA573-942C-40F2-A3C1-31EF467589B1) (Shutdown)
    iPhone 6 Plus (32AC13B9-6408-458C-AF75-78A47BA1B597) (Shutdown)
    iPhone 6s (73D10AA1-835C-41A4-9A48-732E8C6191B2) (Shutdown)
    iPhone 6s Plus (D2FC2494-F636-47D3-A5D6-BF66C11DBF3F) (Shutdown)
    iPad 2 (3A6BEE05-1844-4474-A63D-B3171EF90E15) (Shutdown)
    iPad Retina (B0DE96F6-EBE1-4518-AB4D-C6BEADF30523) (Shutdown)
    iPad Air (76345F13-7351-4D0C-9087-63D66DA7259D) (Shutdown)
    iPad Air 2 (A5907F61-9B5B-4DA6-8BDC-7FB56B1E3996) (Shutdown)
    iPad Pro (FB4FE07D-9323-4284-BFC4-7036ABD922B4) (Shutdown)
-- iOS 10.0 --
    iPhone 5 (936F6ABF-1832-4A6D-8FC4-DCE9D3F0C3F0) (Shutdown)
    iPhone 5s (5C8A14F2-BC1C-4F63-BADD-E66D46437053) (Shutdown)
    iPhone 6 (3FCDAE69-B128-4796-AA54-E437E05AD22E) (Shutdown)
    iPhone 6 Plus (9F546951-8E6D-4019-9C6F-C558B4CD81BF) (Shutdown)
    iPhone 6s (417A5231-0C75-4C37-9563-A853FE259AE0) (Shutdown)
    iPhone 6s Plus (3A9EEED5-9FA0-4444-849F-98A874DFF70A) (Shutdown)
    iPhone SE (3F0EB86F-C07E-4B6E-8E43-A649B254F055) (Shutdown)
    iPad Air (C919B248-7B43-482D-85C3-54BEA463D8A2) (Shutdown)
    iPad Air 2 (1DAD3F5B-1DA8-4D3A-8D91-4F31B21AFEFD) (Shutdown)
    iPad Pro (9.7 inch) (6D5A55BE-B95B-4684-82BB-57157D799E75) (Shutdown)
    iPad Pro (12.9 inch) (5409C1DA-C653-469D-85D8-3488F9A3C17E) (Shutdown)
-- iOS 10.1 --
    iPhone 5 (6C611B4C-A74C-4419-81D2-88F5E5A8B44F) (Shutdown)
    iPhone 5s (F21D7535-1560-4866-A45E-5FD4A3DCF780) (Shutdown)
    iPhone 6 (C5722C98-AAC2-4926-93D4-CAF81862BDD3) (Shutdown)
    iPhone 6 Plus (8E76E661-FEBC-42AB-913B-07257F0E7DA2) (Shutdown)
    iPhone 6s (17DCCEEC-4F5B-4048-9624-8411E13075E3) (Shutdown)
    iPhone 6s Plus (76AF7FF6-EC5D-4BF1-A1F8-46A314762058) (Shutdown)
    iPhone 7 (67953685-82FB-4950-A144-81E4EC494D9C) (Shutdown)
    iPhone 7 Plus (2BBE449A-C40A-4BEF-B483-F8E63B7783BD) (Shutdown)
    iPhone SE (14F473A3-36EC-43CA-A3D9-9F9D56D9670A) (Shutdown)
    iPad Air (DC8B20B6-FBE5-4AC5-ABB5-CD35D111845E) (Shutdown)
    iPad Air 2 (EA658444-2A04-40B3-8F94-92ECC7536370) (Shutdown)
    iPad Pro (9.7 inch) (48170D33-D4B3-4A1E-8198-87A0FDBF541F) (Shutdown)
    iPad Pro (12.9 inch) (B40AE2A6-8B0C-42E1-A0D4-14EBB706D505) (Shutdown)
-- iOS 10.2 --
    iPhone 5 (715F427A-D2C3-4246-B3B2-9473030DA509) (Shutdown)
    iPhone 5s (72694EE4-76E3-4CC8-B9C2-BE6D254C4E72) (Shutdown)
    iPhone 6 (D6453767-8C8C-4503-8FC2-CD459B45CDD7) (Shutdown)
    iPhone 6 Plus (1A7DD87C-2642-4C40-9D28-83C5D50489FD) (Shutdown)
    iPhone 6s (F0397E95-A633-41DB-A236-0E8B6B23F569) (Shutdown)
    iPhone 6s Plus (E3D0BEB6-3B2D-47CF-9658-D45D5850F38F) (Shutdown)
    iPhone 7 (AFA3E571-6161-4535-AF36-7A1A80A0181E) (Shutdown)
    iPhone 7 Plus (B6F1FF63-1E0A-4D9C-8945-868737535468) (Shutdown)
    iPhone SE (EE0936C3-63D7-481F-982D-FFE246595AB1) (Shutdown)
    iPad Air (B7517C48-2408-42B9-9672-684CB1F46EB5) (Shutdown)
    iPad Air 2 (FFCF24D1-1036-4E7A-B7FE-46E03E082CA7) (Shutdown)
    iPad Pro (9.7 inch) (D251F015-8E6B-4708-8774-A6326BA5F6A5) (Shutdown)
    iPad Pro (12.9 inch) (7EDB40B0-C729-408A-93BF-2A9977CF3A29) (Shutdown)
-- iOS 10.3 --
    iPhone 5 (EF1A131B-EBA4-4EDE-B72D-DEC47C9420EC) (Shutdown)
    iPhone 5s (4F9A5A4A-3B3F-427B-A3E2-3C9D2CE0C39F) (Shutdown)
    iPhone 6 (07F51777-1DBB-4D00-A337-30ACFA0ED58A) (Shutdown)
    iPhone 6 Plus (73CCBE39-4108-4F74-A878-28EA3A5D0AED) (Shutdown)
    iPhone 6s (B8D60520-186E-481D-BE9D-87C57FDC2A6E) (Shutdown)
    iPhone 6s Plus (8E8E74A8-336F-40D1-9F99-26C922D89501) (Shutdown)
    iPhone 7 (00AF607F-41B3-4E16-976D-1C6F24E791FD) (Shutdown)
    iPhone 7 Plus (8656E157-01EA-417C-B629-C216B45F2268) (Shutdown)
    iPhone SE (522F77AA-1FD0-4EAD-9B4A-64799538C720) (Shutdown)
    iPad Air (65C58A34-4605-4A24-960C-B1D8B8A518F7) (Shutdown)
    iPad Air 2 (054989FF-DC19-48CC-A39E-259B89D4EC03) (Shutdown)
    iPad (5th generation) (15978F90-FFA1-4EFA-80CB-A7ABF128ECB8) (Shutdown)
    iPad Pro (9.7 inch) (1A0170F1-47CC-42C0-9F1F-07B5974658A6) (Shutdown)
    iPad Pro (12.9 inch) (7CF73D27-EF7D-409E-B95F-78353E0F32D9) (Shutdown)
    iPad Pro (12.9-inch) (2nd generation) (471ADE9E-1F59-4715-86BA-2CE1912EAA91) (Shutdown)
    iPad Pro (10.5-inch) (182A31FA-AA9C-4121-BFA5-3EDA45B71A6F) (Shutdown)
-- iOS 11.0 --
    iPhone 5s (D5195EE6-221B-4934-9F34-B6B99652F9D6) (Shutdown)
    iPhone 6 (BAB49920-1E3F-45AF-8244-5A9450BC0CCC) (Shutdown)
    iPhone 6 Plus (3119EF29-4E96-43AA-BAC5-215D0692DCC3) (Shutdown)
    iPhone 6s (6AEA6F58-B543-4DCA-9117-C9977C6442BE) (Shutdown)
    iPhone 6s Plus (29FF14FB-3776-47DF-BF63-0AE984F24432) (Shutdown)
    iPhone 7 (5C0D1BAD-84DA-44B8-8046-7AA30A73FAB2) (Shutdown)
    iPhone 7 Plus (701A652A-DD6D-4FAE-AE2A-B6703DEEDA65) (Shutdown)
    iPhone 8 (C93FE157-8366-4732-89A7-23A9B2AB4091) (Shutdown)
    iPhone 8 Plus (F0DBC15B-AF21-41DC-9B63-363ABFF5997C) (Shutdown)
    iPhone SE (3BA9D2A3-70E0-4EC7-9E20-225139C836C9) (Shutdown)
    iPhone X (10B8C4B8-EDE2-4390-9DDC-417CE644AD94) (Shutdown)
    iPad Air (70E097C9-302F-4307-90C2-44F762DD5A0C) (Shutdown)
    iPad Air 2 (57F08548-C7D9-4530-85BB-E4BE18731A4A) (Shutdown)
    iPad (5th generation) (1F815F8D-E76E-4D5E-AB9B-E34402DF6237) (Shutdown)
    iPad Pro (9.7-inch) (167685FE-90E3-4832-8FFA-7BE7DB0F0E3A) (Shutdown)
    iPad Pro (12.9-inch) (64586C55-7E87-4E8D-ACEA-CB6635AE2B6E) (Shutdown)
    iPad Pro (12.9-inch) (2nd generation) (E07ED031-5EBB-472F-A3AE-C7D62EAAC81C) (Shutdown)
    iPad Pro (10.5-inch) (33D1A031-46B9-43F7-8E79-FB30567992C1) (Shutdown)
-- iOS 11.1 --
    iPhone 5s (900C6123-B42F-4626-B720-E707C8471479) (Shutdown)
    iPhone 6 (8EDEC2EE-249A-464F-9F73-7AD2CD74F70E) (Shutdown)
    iPhone 6 Plus (818A6AAF-7DED-4D03-A28E-45FBC93837D8) (Shutdown)
    iPhone 6s (2286B469-D30F-4841-ABA7-84C5835839BD) (Shutdown)
    iPhone 6s Plus (014D6C15-FD93-4320-A812-EA3A6001356E) (Shutdown)
    iPhone 7 (879FAC92-ECE9-49BD-BF18-C407C81EB6FB) (Shutdown)
    iPhone 7 Plus (942AD76F-0D85-44E8-9816-DF415524FA57) (Shutdown)
    iPhone 8 (9B5FA140-C6F7-4408-9E41-4E8FB05B6FB8) (Shutdown)
    iPhone 8 Plus (6F954905-6CBC-42F4-BE0D-5ADD7E5B948D) (Shutdown)
    iPhone SE (1C1D9F44-9614-436B-9D22-70E859E43E11) (Shutdown)
    iPhone X (8184F60D-7290-4429-B14E-85803D0771C5) (Shutdown)
    iPad Air (D233A355-DC63-4A8D-A04E-C565DD190CCF) (Shutdown)
    iPad Air 2 (FF5B9BB2-8E49-4B1B-932D-C467B6B6D6AF) (Shutdown)
    iPad (5th generation) (685C24BA-86B8-45E1-8EE2-545DFB821D3C) (Shutdown)
    iPad Pro (9.7-inch) (FE3D3C29-C471-48D1-9432-1D441FE8DE96) (Shutdown)
    iPad Pro (12.9-inch) (19E46E6E-8BBA-46A9-9B63-785CF6F888DA) (Shutdown)
    iPad Pro (12.9-inch) (2nd generation) (10995FDA-3EF4-43FB-BDF7-34842DDF1465) (Shutdown)
    iPad Pro (10.5-inch) (618CC996-997A-42AB-B178-E6132BF33F69) (Shutdown)
-- tvOS 9.0 --
    Apple TV 1080p (D5551F8E-68F3-469A-A6C4-E27ED410CD0D) (Shutdown)
-- tvOS 9.1 --
    Apple TV 1080p (0FA2D9DD-AC06-4CB9-8F20-A891A58D74BB) (Shutdown)
-- tvOS 9.2 --
    Apple TV 1080p (CF09E2FE-F0A2-43AA-8EAF-9021AF9C4D37) (Shutdown)
-- tvOS 10.0 --
    Apple TV 1080p (7CF05B37-2595-464D-A0C0-80E966621B08) (Shutdown)
-- tvOS 10.1 --
    Apple TV 1080p (6875B874-1D12-4CC2-A80A-E3B3D68BFCD3) (Shutdown)
-- tvOS 10.2 --
    Apple TV 1080p (9093DF26-FB5D-400D-941C-0ED8620E0EBC) (Shutdown)
-- tvOS 11.0 --
    Apple TV (CA6008A3-1D03-4462-ABEE-BDA6E6229CD5) (Shutdown)
    Apple TV 4K (E59F6DE7-5BA6-4EE0-80B9-958C02AD908F) (Shutdown)
    Apple TV 4K (at 1080p) (93373B02-5170-454F-82B4-D70398161E74) (Shutdown)
-- tvOS 11.1 --
    Apple TV (665E0129-BC3F-4963-A5B9-E9F01CE6BAF7) (Shutdown)
    Apple TV 4K (4851B4E2-7860-4C90-B6F9-8CF6037DC34B) (Shutdown)
    Apple TV 4K (at 1080p) (8ED0FE9A-B75C-4026-903A-F1B7F84B96A2) (Shutdown)
-- watchOS 2.0 --
    Apple Watch - 38mm (B1ED54E8-CE4D-49F8-86C0-D5B71EE41A30) (Shutdown)
    Apple Watch - 42mm (B45EF68D-90CF-4636-B588-6CEF64478BF7) (Shutdown)
-- watchOS 2.1 --
    Apple Watch - 38mm (E04DCAE3-FE42-4902-956C-E04B820B3298) (Shutdown)
    Apple Watch - 42mm (B852EC9E-20DD-40C8-9822-7AFD35F842FD) (Shutdown)
-- watchOS 2.2 --
    Apple Watch - 38mm (22D649C3-7923-4FA7-B153-3DCEB6F8862F) (Shutdown)
    Apple Watch - 42mm (24A1C58D-6A3E-4D3B-919B-6809FCE557E5) (Shutdown)
-- watchOS 3.1 --
    Apple Watch - 38mm (9E36B54D-7863-4D1B-BA50-F28FDDF3AFA7) (Shutdown)
    Apple Watch - 42mm (BB289D86-9C77-48A4-BCE4-B009C334C31E) (Shutdown)
    Apple Watch Series 2 - 38mm (8811DB51-B630-4D52-AD18-5BD03F5FC07D) (Shutdown)
    Apple Watch Series 2 - 42mm (446F5DFB-CE7D-4CC2-847D-72F6D7E9B978) (Shutdown)
-- watchOS 3.2 --
    Apple Watch - 38mm (967B6E3A-2A69-4607-AA50-138164C14679) (Shutdown)
    Apple Watch - 42mm (F0C535EA-B06B-4CC9-A734-6755C3A9D98D) (Shutdown)
    Apple Watch Series 2 - 38mm (2BC169D7-AC8E-4337-9E6A-7F1F8AB9F5C7) (Shutdown)
    Apple Watch Series 2 - 42mm (2C1752E9-501B-4DAD-842B-E3A6445C8629) (Shutdown)
-- watchOS 4.0 --
    Apple Watch - 38mm (53C0CB9A-4551-4E0C-B391-C8D74ECC8392) (Shutdown)
    Apple Watch - 42mm (6DEC443B-0657-406C-943F-AD7A240D1E9B) (Shutdown)
    Apple Watch Series 2 - 38mm (13C06BFD-5ACC-4F66-AB0D-0BC12D6AE038) (Shutdown)
    Apple Watch Series 2 - 42mm (6046DC7D-C445-4359-8693-CCFDBE9FD4D9) (Shutdown)
    Apple Watch Series 3 - 38mm (8075F478-9F50-427D-B72F-CDE89FC468A9) (Shutdown)
    Apple Watch Series 3 - 42mm (593A1FD7-ECE1-45B3-80E2-8A35A18E4E79) (Shutdown)
-- watchOS 4.1 --
    Apple Watch - 38mm (351AA4EF-4F15-4E8B-90AC-506232E67692) (Shutdown)
    Apple Watch - 42mm (85DF26DC-BAF6-4625-98E0-798EFC7A19A0) (Shutdown)
    Apple Watch Series 2 - 38mm (1F6FCC8E-8A4D-4B2D-BFE2-6C2302069D98) (Shutdown)
    Apple Watch Series 2 - 42mm (7177C4DD-E029-42AE-8341-0E782ABBE7CF) (Shutdown)
    Apple Watch Series 3 - 38mm (221B19B2-82D4-420A-B40D-3A363D4D4046) (Shutdown)
    Apple Watch Series 3 - 42mm (07366BBB-17B0-4D06-9FAB-11331C346E2B) (Shutdown)
== Device Pairs ==
DF846C21-15B6-4AB3-A940-D1E75013BDF5 (active, disconnected)
    Watch: Apple Watch Series 2 - 38mm (1F6FCC8E-8A4D-4B2D-BFE2-6C2302069D98) (Shutdown)
    Phone: iPhone 7 (879FAC92-ECE9-49BD-BF18-C407C81EB6FB) (Shutdown)
0FFF85D9-4FD3-41E0-8F40-C4366F9528DE (active, disconnected)
    Watch: Apple Watch Series 2 - 42mm (7177C4DD-E029-42AE-8341-0E782ABBE7CF) (Shutdown)
    Phone: iPhone 7 Plus (942AD76F-0D85-44E8-9816-DF415524FA57) (Shutdown)
983C1A3C-EE5D-47C9-BAD9-492C5F5E88A1 (active, disconnected)
    Watch: Apple Watch Series 3 - 38mm (221B19B2-82D4-420A-B40D-3A363D4D4046) (Shutdown)
    Phone: iPhone 8 (9B5FA140-C6F7-4408-9E41-4E8FB05B6FB8) (Shutdown)
4669EB9A-EFA4-4F07-9D55-8121E168987B (active, disconnected)
    Watch: Apple Watch Series 3 - 42mm (07366BBB-17B0-4D06-9FAB-11331C346E2B) (Shutdown)
    Phone: iPhone 8 Plus (6F954905-6CBC-42F4-BE0D-5ADD7E5B948D) (Shutdown)

========================================


=== OS X info =========================

* sw_vers
ProductName:	Mac OS X
ProductVersion:	10.12.6
BuildVersion:	16G1212

* system_profiler SPSoftwareDataType
Software:

    System Software Overview:

      System Version: macOS 10.12.6 (16G1212)
      Kernel Version: Darwin 16.7.0
      Boot Volume: Macintosh HD
      Boot Mode: Normal
      Computer Name: xstagebhostondemandinternalteststandard1.local
      User Name: vagrant (vagrant)
      Secure Virtual Memory: Enabled
      System Integrity Protection: Disabled
      Time since boot: 2 minutes


========================================


=== System infos =======================
* Free disk space: /dev/disk0s2  199Gi  102Gi   96Gi    52% 3145068 4291822211    0%   /
========================================


=== Environment infos =======================
MATCH_KEYCHAIN_PASSWORD environment set
========================================


=== Control tests ======================
source $HOME/.bash_profile ...
source $HOME/.bash_profile - PASSED
========================================

