 (i) Ignore Errors: enabled

#
# This System Report was generated by: https://github.com/bitrise-io/osx-box-bootstrap/blob/master/system_report.sh
#  Pull Requests are welcome!
#


=== Revision / ID ======================
* BITRISE_OSX_STACK_REV_ID: v2021_06_15_1
========================================


=== Pre-installed tool versions ========
* Go: go version go1.16.5 darwin/amd64
* Python: Python 2.7.16
* Node.js: v12.22.1
* NPM: 6.14.12
* Yarn: 1.22.10
* Java: openjdk version "1.8.0_292"
OpenJDK Runtime Environment (AdoptOpenJDK)(build 1.8.0_292-b10)
OpenJDK 64-Bit Server VM (AdoptOpenJDK)(build 25.292-b10, mixed mode)
* Flutter: Flutter 1.26.0-17.8.pre вЂў channel unknown вЂў unknown source
* fvm: 2.1.1

* git: git version 2.32.0
* git lfs: git-lfs/2.13.3 (GitHub; darwin amd64; go 1.16.2)
* mercurial/hg: Mercurial Distributed SCM (version 5.8)
* curl: curl 7.64.1 (x86_64-apple-darwin20.0) libcurl/7.64.1 (SecureTransport) LibreSSL/2.8.3 zlib/1.2.11 nghttp2/1.41.0
* wget: GNU Wget 1.21.1 built on darwin20.2.0.
* rsync: rsync  version 2.6.9  protocol version 29
* unzip: UnZip 6.00 of 20 April 2009, by Info-ZIP.  Maintained by C. Spieler.  Send
* zip: This is Zip 3.0 (July 5th 2008), by Info-ZIP.
* tar: bsdtar 3.3.2 - libarchive 3.3.2 zlib/1.2.11 liblzma/5.0.5 bz2lib/1.0.6
* tree: tree v1.8.0 (c) 1996 - 2018 by Steve Baker, Thomas Moore, Francesc Rocher, Florian Sesser, Kyosuke Tokoro 

* brew: Homebrew 3.1.12
Homebrew/homebrew-core (git revision 803ea333d9; last commit 2021-06-15)
Homebrew/homebrew-cask (git revision 59ef557f23; last commit 2021-06-15)
* Ansible: ansible [core 2.11.0] 
  config file = /Users/vagrant/git/ansible.cfg
  configured module search path = ['/Users/vagrant/.ansible/plugins/modules', '/usr/share/ansible/plugins/modules']
  ansible python module location = /usr/local/Cellar/ansible/4.0.0/libexec/lib/python3.9/site-packages/ansible
  ansible collection location = /Users/vagrant/.ansible/collections:/usr/share/ansible/collections
  executable location = /usr/local/bin/ansible
* gtimeout: timeout (GNU coreutils) 8.32
* watchman: 2021.06.07.00
* flow: Flow, a static type checker for JavaScript, version 0.153.0
* carthage: 0.38.0
* imagemagick (convert): Version: ImageMagick 7.1.0-0 Q16 x86_64 2021-06-13 https://imagemagick.org
* ghostscript (ps2ascii): 9.54.0
* screen: Screen version 4.08.00 (GNU) 05-Feb-20
* firebase: 9.12.1
* applesimutils version 0.9.2
* jq: 1.6
* Version: 0.8.1
* XCLogParser 0.2.21
* Screen 4.08.00
* applesimutils 0.9.2
* OpenConnect version v8.10
* aws-cli: aws-cli/2.2.11 Python/3.9.5 Darwin/20.5.0 source/x86_64 prompt/off
* cmake: 3.20.4
* danger-swift: 3.10.1
[0;0m

--- Bitrise CLI tool versions
* bitrise: 1.47.1
* stepman: 0.13.1
* envman: 2.3.1
* cmd-bridge: 0.9.5
========================================


=== Brew list versions ==================
ansible 4.0.0
ant 1.10.10
aom 3.1.1
applesimutils 0.9.2
autoconf 2.71
awscli 2.2.11
bdw-gc 8.0.4_2
boost 1.76.0
brotli 1.0.9
c-ares 1.17.1
carthage 0.38.0
cmake 3.20.4
coreutils 8.32
danger-js 10.6.4
danger-swift 3.10.1
dart 2.13.3
docbook 5.1_1
docbook-xsl 1.79.2_1
double-conversion 3.1.5_1
flow 0.153.0
fmt 7.1.3
folly 2021.06.14.00
fontconfig 2.13.1
freetype 2.10.4
fvm 2.1.1
gdbm 1.19
gettext 0.21
gflags 2.2.2
ghostscript 9.54.0
git 2.32.0
git-lfs 2.13.3
glib 2.68.3
glog 0.5.0
gmp 6.2.1
gnu-getopt 2.37
gnutls 3.6.16
go 1.16.5
go@1.15 1.15.13
gradle 7.1
guile 3.0.7
icu4c 69.1
imagemagick 7.1.0-0
imath 3.0.4
jbig2dec 0.19
jemalloc 5.2.1_1
jenv 0.5.4
jpeg 9d
jq 1.6
libde265 1.0.8
libev 4.33
libevent 2.1.12
libffi 3.3_3
libheif 1.12.0
libidn 1.37
libidn2 2.3.1
liblqr 0.4.2_1
libomp 12.0.0
libpng 1.6.37
libtasn1 4.17.0
libtiff 4.3.0
libtool 2.4.6_3
libunistring 0.9.10
libuv 1.41.0
libyaml 0.2.5
little-cms2 2.12
lz4 1.9.3
m4 1.4.18
maven 3.8.1
mercurial 5.8
mpdecimal 2.5.1
nettle 3.7.3
nghttp2 1.43.0
node 16.3.0
node@12 12.22.1_1
oniguruma 6.9.7.1
openconnect 8.10
openexr 3.0.4
openjdk 16.0.1
openjpeg 2.4.0
openssl@1.1 1.1.1k
p11-kit 0.24.0
pcre 8.44
pcre2 10.37
pkg-config 0.29.2_3
python@3.9 3.9.5
rbenv 1.1.2
readline 8.1
ruby-build 20210611
screen 4.8.0
shared-mime-info 2.1
snappy 1.1.9
sqlite 3.35.5
stoken 0.92_1
tree 1.8.0
unbound 1.13.1
watchman 2021.06.07.00
webp 1.2.0
wget 1.21.1
x265 3.5
xmlto 0.0.28
xz 5.2.5
yarn 1.22.10
zstd 1.5.0
========================================


=== Brew deps tree ==================
adoptopenjdk/openjdk/adoptopenjdk11

adoptopenjdk/openjdk/adoptopenjdk8

ansible
в”њв”Ђв”Ђ libyaml
в”њв”Ђв”Ђ openssl@1.1
в””в”Ђв”Ђ python@3.9
    в”њв”Ђв”Ђ gdbm
    в”њв”Ђв”Ђ mpdecimal
    в”њв”Ђв”Ђ openssl@1.1
    в”њв”Ђв”Ђ readline
    в”њв”Ђв”Ђ sqlite
    в”‚   в””в”Ђв”Ђ readline
    в””в”Ђв”Ђ xz

ant
в””в”Ђв”Ђ openjdk

aom

wix/brew/applesimutils

autoconf
в””в”Ђв”Ђ m4

awscli
в””в”Ђв”Ђ python@3.9
    в”њв”Ђв”Ђ gdbm
    в”њв”Ђв”Ђ mpdecimal
    в”њв”Ђв”Ђ openssl@1.1
    в”њв”Ђв”Ђ readline
    в”њв”Ђв”Ђ sqlite
    в”‚   в””в”Ђв”Ђ readline
    в””в”Ђв”Ђ xz

bdw-gc

boost
в””в”Ђв”Ђ icu4c

brotli

c-ares

carthage

cmake

coreutils

danger/tap/danger-js

danger/tap/danger-swift
в””в”Ђв”Ђ danger/tap/danger-js

dart-lang/dart/dart

docbook

docbook-xsl
в””в”Ђв”Ђ docbook

double-conversion

flow

fmt

folly
в”њв”Ђв”Ђ boost
в”‚   в””в”Ђв”Ђ icu4c
в”њв”Ђв”Ђ double-conversion
в”њв”Ђв”Ђ fmt
в”њв”Ђв”Ђ gflags
в”њв”Ђв”Ђ glog
в”‚   в””в”Ђв”Ђ gflags
в”њв”Ђв”Ђ libevent
в”‚   в””в”Ђв”Ђ openssl@1.1
в”њв”Ђв”Ђ lz4
в”њв”Ђв”Ђ openssl@1.1
в”њв”Ђв”Ђ snappy
в”њв”Ђв”Ђ xz
в””в”Ђв”Ђ zstd

fontconfig
в””в”Ђв”Ђ freetype
    в””в”Ђв”Ђ libpng

freetype
в””в”Ђв”Ђ libpng

leoafarias/fvm/fvm

gdbm

gettext

gflags

ghostscript
в”њв”Ђв”Ђ fontconfig
в”‚   в””в”Ђв”Ђ freetype
в”‚       в””в”Ђв”Ђ libpng
в”њв”Ђв”Ђ freetype
в”‚   в””в”Ђв”Ђ libpng
в”њв”Ђв”Ђ jbig2dec
в”њв”Ђв”Ђ jpeg
в”њв”Ђв”Ђ libidn
в”њв”Ђв”Ђ libpng
в”њв”Ђв”Ђ libtiff
в”‚   в””в”Ђв”Ђ jpeg
в”њв”Ђв”Ђ little-cms2
в”‚   в”њв”Ђв”Ђ jpeg
в”‚   в””в”Ђв”Ђ libtiff
в”‚       в””в”Ђв”Ђ jpeg
в””в”Ђв”Ђ openjpeg
    в”њв”Ђв”Ђ libpng
    в”њв”Ђв”Ђ libtiff
    в”‚   в””в”Ђв”Ђ jpeg
    в””в”Ђв”Ђ little-cms2
        в”њв”Ђв”Ђ jpeg
        в””в”Ђв”Ђ libtiff
            в””в”Ђв”Ђ jpeg

git
в”њв”Ђв”Ђ gettext
в””в”Ђв”Ђ pcre2

git-lfs

glib
в”њв”Ђв”Ђ gettext
в”њв”Ђв”Ђ libffi
в”њв”Ђв”Ђ pcre
в””в”Ђв”Ђ python@3.9
    в”њв”Ђв”Ђ gdbm
    в”њв”Ђв”Ђ mpdecimal
    в”њв”Ђв”Ђ openssl@1.1
    в”њв”Ђв”Ђ readline
    в”њв”Ђв”Ђ sqlite
    в”‚   в””в”Ђв”Ђ readline
    в””в”Ђв”Ђ xz

glog
в””в”Ђв”Ђ gflags

gmp

gnu-getopt

gnutls
в”њв”Ђв”Ђ gmp
в”њв”Ђв”Ђ guile
в”‚   в”њв”Ђв”Ђ bdw-gc
в”‚   в”њв”Ђв”Ђ gmp
в”‚   в”њв”Ђв”Ђ libffi
в”‚   в”њв”Ђв”Ђ libtool
в”‚   в”‚   в””в”Ђв”Ђ m4
в”‚   в”њв”Ђв”Ђ libunistring
в”‚   в”њв”Ђв”Ђ pkg-config
в”‚   в””в”Ђв”Ђ readline
в”њв”Ђв”Ђ libidn2
в”‚   в”њв”Ђв”Ђ gettext
в”‚   в””в”Ђв”Ђ libunistring
в”њв”Ђв”Ђ libtasn1
в”њв”Ђв”Ђ libunistring
в”њв”Ђв”Ђ nettle
в”‚   в””в”Ђв”Ђ gmp
в”њв”Ђв”Ђ p11-kit
в”‚   в””в”Ђв”Ђ libffi
в””в”Ђв”Ђ unbound
    в”њв”Ђв”Ђ libevent
    в”‚   в””в”Ђв”Ђ openssl@1.1
    в”њв”Ђв”Ђ nghttp2
    в”‚   в”њв”Ђв”Ђ c-ares
    в”‚   в”њв”Ђв”Ђ jemalloc
    в”‚   в”њв”Ђв”Ђ libev
    в”‚   в””в”Ђв”Ђ openssl@1.1
    в””в”Ђв”Ђ openssl@1.1

go

go@1.15

gradle
в””в”Ђв”Ђ openjdk

guile
в”њв”Ђв”Ђ bdw-gc
в”њв”Ђв”Ђ gmp
в”њв”Ђв”Ђ libffi
в”њв”Ђв”Ђ libtool
в”‚   в””в”Ђв”Ђ m4
в”њв”Ђв”Ђ libunistring
в”њв”Ђв”Ђ pkg-config
в””в”Ђв”Ђ readline

icu4c

imagemagick
в”њв”Ђв”Ђ freetype
в”‚   в””в”Ђв”Ђ libpng
в”њв”Ђв”Ђ ghostscript
в”‚   в”њв”Ђв”Ђ fontconfig
в”‚   в”‚   в””в”Ђв”Ђ freetype
в”‚   в”‚       в””в”Ђв”Ђ libpng
в”‚   в”њв”Ђв”Ђ freetype
в”‚   в”‚   в””в”Ђв”Ђ libpng
в”‚   в”њв”Ђв”Ђ jbig2dec
в”‚   в”њв”Ђв”Ђ jpeg
в”‚   в”њв”Ђв”Ђ libidn
в”‚   в”њв”Ђв”Ђ libpng
в”‚   в”њв”Ђв”Ђ libtiff
в”‚   в”‚   в””в”Ђв”Ђ jpeg
в”‚   в”њв”Ђв”Ђ little-cms2
в”‚   в”‚   в”њв”Ђв”Ђ jpeg
в”‚   в”‚   в””в”Ђв”Ђ libtiff
в”‚   в”‚       в””в”Ђв”Ђ jpeg
в”‚   в””в”Ђв”Ђ openjpeg
в”‚       в”њв”Ђв”Ђ libpng
в”‚       в”њв”Ђв”Ђ libtiff
в”‚       в”‚   в””в”Ђв”Ђ jpeg
в”‚       в””в”Ђв”Ђ little-cms2
в”‚           в”њв”Ђв”Ђ jpeg
в”‚           в””в”Ђв”Ђ libtiff
в”‚               в””в”Ђв”Ђ jpeg
в”њв”Ђв”Ђ jpeg
в”њв”Ђв”Ђ libheif
в”‚   в”њв”Ђв”Ђ aom
в”‚   в”њв”Ђв”Ђ jpeg
в”‚   в”њв”Ђв”Ђ libde265
в”‚   в”њв”Ђв”Ђ libpng
в”‚   в”њв”Ђв”Ђ shared-mime-info
в”‚   в”‚   в”њв”Ђв”Ђ gettext
в”‚   в”‚   в”њв”Ђв”Ђ glib
в”‚   в”‚   в”‚   в”њв”Ђв”Ђ gettext
в”‚   в”‚   в”‚   в”њв”Ђв”Ђ libffi
в”‚   в”‚   в”‚   в”њв”Ђв”Ђ pcre
в”‚   в”‚   в”‚   в””в”Ђв”Ђ python@3.9
в”‚   в”‚   в”‚       в”њв”Ђв”Ђ gdbm
в”‚   в”‚   в”‚       в”њв”Ђв”Ђ mpdecimal
в”‚   в”‚   в”‚       в”њв”Ђв”Ђ openssl@1.1
в”‚   в”‚   в”‚       в”њв”Ђв”Ђ readline
в”‚   в”‚   в”‚       в”њв”Ђв”Ђ sqlite
в”‚   в”‚   в”‚       в”‚   в””в”Ђв”Ђ readline
в”‚   в”‚   в”‚       в””в”Ђв”Ђ xz
в”‚   в”‚   в””в”Ђв”Ђ xmlto
в”‚   в”‚       в”њв”Ђв”Ђ docbook
в”‚   в”‚       в”њв”Ђв”Ђ docbook-xsl
в”‚   в”‚       в”‚   в””в”Ђв”Ђ docbook
в”‚   в”‚       в””в”Ђв”Ђ gnu-getopt
в”‚   в””в”Ђв”Ђ x265
в”њв”Ђв”Ђ liblqr
в”‚   в””в”Ђв”Ђ glib
в”‚       в”њв”Ђв”Ђ gettext
в”‚       в”њв”Ђв”Ђ libffi
в”‚       в”њв”Ђв”Ђ pcre
в”‚       в””в”Ђв”Ђ python@3.9
в”‚           в”њв”Ђв”Ђ gdbm
в”‚           в”њв”Ђв”Ђ mpdecimal
в”‚           в”њв”Ђв”Ђ openssl@1.1
в”‚           в”њв”Ђв”Ђ readline
в”‚           в”њв”Ђв”Ђ sqlite
в”‚           в”‚   в””в”Ђв”Ђ readline
в”‚           в””в”Ђв”Ђ xz
в”њв”Ђв”Ђ libomp
в”њв”Ђв”Ђ libpng
в”њв”Ђв”Ђ libtiff
в”‚   в””в”Ђв”Ђ jpeg
в”њв”Ђв”Ђ libtool
в”‚   в””в”Ђв”Ђ m4
в”њв”Ђв”Ђ little-cms2
в”‚   в”њв”Ђв”Ђ jpeg
в”‚   в””в”Ђв”Ђ libtiff
в”‚       в””в”Ђв”Ђ jpeg
в”њв”Ђв”Ђ openexr
в”‚   в””в”Ђв”Ђ imath
в”њв”Ђв”Ђ openjpeg
в”‚   в”њв”Ђв”Ђ libpng
в”‚   в”њв”Ђв”Ђ libtiff
в”‚   в”‚   в””в”Ђв”Ђ jpeg
в”‚   в””в”Ђв”Ђ little-cms2
в”‚       в”њв”Ђв”Ђ jpeg
в”‚       в””в”Ђв”Ђ libtiff
в”‚           в””в”Ђв”Ђ jpeg
в”њв”Ђв”Ђ webp
в”‚   в”њв”Ђв”Ђ jpeg
в”‚   в”њв”Ђв”Ђ libpng
в”‚   в””в”Ђв”Ђ libtiff
в”‚       в””в”Ђв”Ђ jpeg
в””в”Ђв”Ђ xz

imath

jbig2dec

jemalloc

jenv

jpeg

jq
в””в”Ђв”Ђ oniguruma

libde265

libev

libevent
в””в”Ђв”Ђ openssl@1.1

libffi

libheif
в”њв”Ђв”Ђ aom
в”њв”Ђв”Ђ jpeg
в”њв”Ђв”Ђ libde265
в”њв”Ђв”Ђ libpng
в”њв”Ђв”Ђ shared-mime-info
в”‚   в”њв”Ђв”Ђ gettext
в”‚   в”њв”Ђв”Ђ glib
в”‚   в”‚   в”њв”Ђв”Ђ gettext
в”‚   в”‚   в”њв”Ђв”Ђ libffi
в”‚   в”‚   в”њв”Ђв”Ђ pcre
в”‚   в”‚   в””в”Ђв”Ђ python@3.9
в”‚   в”‚       в”њв”Ђв”Ђ gdbm
в”‚   в”‚       в”њв”Ђв”Ђ mpdecimal
в”‚   в”‚       в”њв”Ђв”Ђ openssl@1.1
в”‚   в”‚       в”њв”Ђв”Ђ readline
в”‚   в”‚       в”њв”Ђв”Ђ sqlite
в”‚   в”‚       в”‚   в””в”Ђв”Ђ readline
в”‚   в”‚       в””в”Ђв”Ђ xz
в”‚   в””в”Ђв”Ђ xmlto
в”‚       в”њв”Ђв”Ђ docbook
в”‚       в”њв”Ђв”Ђ docbook-xsl
в”‚       в”‚   в””в”Ђв”Ђ docbook
в”‚       в””в”Ђв”Ђ gnu-getopt
в””в”Ђв”Ђ x265

libidn

libidn2
в”њв”Ђв”Ђ gettext
в””в”Ђв”Ђ libunistring

liblqr
в””в”Ђв”Ђ glib
    в”њв”Ђв”Ђ gettext
    в”њв”Ђв”Ђ libffi
    в”њв”Ђв”Ђ pcre
    в””в”Ђв”Ђ python@3.9
        в”њв”Ђв”Ђ gdbm
        в”њв”Ђв”Ђ mpdecimal
        в”њв”Ђв”Ђ openssl@1.1
        в”њв”Ђв”Ђ readline
        в”њв”Ђв”Ђ sqlite
        в”‚   в””в”Ђв”Ђ readline
        в””в”Ђв”Ђ xz

libomp

libpng

libtasn1

libtiff
в””в”Ђв”Ђ jpeg

libtool
в””в”Ђв”Ђ m4

libunistring

libuv

libyaml

little-cms2
в”њв”Ђв”Ђ jpeg
в””в”Ђв”Ђ libtiff
    в””в”Ђв”Ђ jpeg

lz4

m4

maven
в””в”Ђв”Ђ openjdk

mercurial
в””в”Ђв”Ђ python@3.9
    в”њв”Ђв”Ђ gdbm
    в”њв”Ђв”Ђ mpdecimal
    в”њв”Ђв”Ђ openssl@1.1
    в”њв”Ђв”Ђ readline
    в”њв”Ђв”Ђ sqlite
    в”‚   в””в”Ђв”Ђ readline
    в””в”Ђв”Ђ xz

mpdecimal

nettle
в””в”Ђв”Ђ gmp

nghttp2
в”њв”Ђв”Ђ c-ares
в”њв”Ђв”Ђ jemalloc
в”њв”Ђв”Ђ libev
в””в”Ђв”Ђ openssl@1.1

node
в”њв”Ђв”Ђ brotli
в”њв”Ђв”Ђ c-ares
в”њв”Ђв”Ђ icu4c
в”њв”Ђв”Ђ libuv
в”њв”Ђв”Ђ nghttp2
в”‚   в”њв”Ђв”Ђ c-ares
в”‚   в”њв”Ђв”Ђ jemalloc
в”‚   в”њв”Ђв”Ђ libev
в”‚   в””в”Ђв”Ђ openssl@1.1
в””в”Ђв”Ђ openssl@1.1

node@12
в””в”Ђв”Ђ icu4c

oniguruma

openconnect
в”њв”Ђв”Ђ gettext
в”њв”Ђв”Ђ gnutls
в”‚   в”њв”Ђв”Ђ gmp
в”‚   в”њв”Ђв”Ђ guile
в”‚   в”‚   в”њв”Ђв”Ђ bdw-gc
в”‚   в”‚   в”њв”Ђв”Ђ gmp
в”‚   в”‚   в”њв”Ђв”Ђ libffi
в”‚   в”‚   в”њв”Ђв”Ђ libtool
в”‚   в”‚   в”‚   в””в”Ђв”Ђ m4
в”‚   в”‚   в”њв”Ђв”Ђ libunistring
в”‚   в”‚   в”њв”Ђв”Ђ pkg-config
в”‚   в”‚   в””в”Ђв”Ђ readline
в”‚   в”њв”Ђв”Ђ libidn2
в”‚   в”‚   в”њв”Ђв”Ђ gettext
в”‚   в”‚   в””в”Ђв”Ђ libunistring
в”‚   в”њв”Ђв”Ђ libtasn1
в”‚   в”њв”Ђв”Ђ libunistring
в”‚   в”њв”Ђв”Ђ nettle
в”‚   в”‚   в””в”Ђв”Ђ gmp
в”‚   в”њв”Ђв”Ђ p11-kit
в”‚   в”‚   в””в”Ђв”Ђ libffi
в”‚   в””в”Ђв”Ђ unbound
в”‚       в”њв”Ђв”Ђ libevent
в”‚       в”‚   в””в”Ђв”Ђ openssl@1.1
в”‚       в”њв”Ђв”Ђ nghttp2
в”‚       в”‚   в”њв”Ђв”Ђ c-ares
в”‚       в”‚   в”њв”Ђв”Ђ jemalloc
в”‚       в”‚   в”њв”Ђв”Ђ libev
в”‚       в”‚   в””в”Ђв”Ђ openssl@1.1
в”‚       в””в”Ђв”Ђ openssl@1.1
в””в”Ђв”Ђ stoken
    в””в”Ђв”Ђ nettle
        в””в”Ђв”Ђ gmp

openexr
в””в”Ђв”Ђ imath

openjdk

openjpeg
в”њв”Ђв”Ђ libpng
в”њв”Ђв”Ђ libtiff
в”‚   в””в”Ђв”Ђ jpeg
в””в”Ђв”Ђ little-cms2
    в”њв”Ђв”Ђ jpeg
    в””в”Ђв”Ђ libtiff
        в””в”Ђв”Ђ jpeg

openssl@1.1

p11-kit
в””в”Ђв”Ђ libffi

pcre

pcre2

pkg-config

python@3.9
в”њв”Ђв”Ђ gdbm
в”њв”Ђв”Ђ mpdecimal
в”њв”Ђв”Ђ openssl@1.1
в”њв”Ђв”Ђ readline
в”њв”Ђв”Ђ sqlite
в”‚   в””в”Ђв”Ђ readline
в””в”Ђв”Ђ xz

rbenv
в””в”Ђв”Ђ ruby-build
    в”њв”Ђв”Ђ autoconf
    в”‚   в””в”Ђв”Ђ m4
    в”њв”Ђв”Ђ pkg-config
    в””в”Ђв”Ђ readline

readline

ruby-build
в”њв”Ђв”Ђ autoconf
в”‚   в””в”Ђв”Ђ m4
в”њв”Ђв”Ђ pkg-config
в””в”Ђв”Ђ readline

screen

shared-mime-info
в”њв”Ђв”Ђ gettext
в”њв”Ђв”Ђ glib
в”‚   в”њв”Ђв”Ђ gettext
в”‚   в”њв”Ђв”Ђ libffi
в”‚   в”њв”Ђв”Ђ pcre
в”‚   в””в”Ђв”Ђ python@3.9
в”‚       в”њв”Ђв”Ђ gdbm
в”‚       в”њв”Ђв”Ђ mpdecimal
в”‚       в”њв”Ђв”Ђ openssl@1.1
в”‚       в”њв”Ђв”Ђ readline
в”‚       в”њв”Ђв”Ђ sqlite
в”‚       в”‚   в””в”Ђв”Ђ readline
в”‚       в””в”Ђв”Ђ xz
в””в”Ђв”Ђ xmlto
    в”њв”Ђв”Ђ docbook
    в”њв”Ђв”Ђ docbook-xsl
    в”‚   в””в”Ђв”Ђ docbook
    в””в”Ђв”Ђ gnu-getopt

snappy

sqlite
в””в”Ђв”Ђ readline

stoken
в””в”Ђв”Ђ nettle
    в””в”Ђв”Ђ gmp

tree

unbound
в”њв”Ђв”Ђ libevent
в”‚   в””в”Ђв”Ђ openssl@1.1
в”њв”Ђв”Ђ nghttp2
в”‚   в”њв”Ђв”Ђ c-ares
в”‚   в”њв”Ђв”Ђ jemalloc
в”‚   в”њв”Ђв”Ђ libev
в”‚   в””в”Ђв”Ђ openssl@1.1
в””в”Ђв”Ђ openssl@1.1

watchman
в”њв”Ђв”Ђ boost
в”‚   в””в”Ђв”Ђ icu4c
в”њв”Ђв”Ђ fmt
в”њв”Ђв”Ђ folly
в”‚   в”њв”Ђв”Ђ boost
в”‚   в”‚   в””в”Ђв”Ђ icu4c
в”‚   в”њв”Ђв”Ђ double-conversion
в”‚   в”њв”Ђв”Ђ fmt
в”‚   в”њв”Ђв”Ђ gflags
в”‚   в”њв”Ђв”Ђ glog
в”‚   в”‚   в””в”Ђв”Ђ gflags
в”‚   в”њв”Ђв”Ђ libevent
в”‚   в”‚   в””в”Ђв”Ђ openssl@1.1
в”‚   в”њв”Ђв”Ђ lz4
в”‚   в”њв”Ђв”Ђ openssl@1.1
в”‚   в”њв”Ђв”Ђ snappy
в”‚   в”њв”Ђв”Ђ xz
в”‚   в””в”Ђв”Ђ zstd
в”њв”Ђв”Ђ gflags
в”њв”Ђв”Ђ glog
в”‚   в””в”Ђв”Ђ gflags
в”њв”Ђв”Ђ libevent
в”‚   в””в”Ђв”Ђ openssl@1.1
в”њв”Ђв”Ђ openssl@1.1
в”њв”Ђв”Ђ pcre
в””в”Ђв”Ђ python@3.9
    в”њв”Ђв”Ђ gdbm
    в”њв”Ђв”Ђ mpdecimal
    в”њв”Ђв”Ђ openssl@1.1
    в”њв”Ђв”Ђ readline
    в”њв”Ђв”Ђ sqlite
    в”‚   в””в”Ђв”Ђ readline
    в””в”Ђв”Ђ xz

webp
в”њв”Ђв”Ђ jpeg
в”њв”Ђв”Ђ libpng
в””в”Ђв”Ђ libtiff
    в””в”Ђв”Ђ jpeg

wget
в”њв”Ђв”Ђ libidn2
в”‚   в”њв”Ђв”Ђ gettext
в”‚   в””в”Ђв”Ђ libunistring
в””в”Ђв”Ђ openssl@1.1

x265

xmlto
в”њв”Ђв”Ђ docbook
в”њв”Ђв”Ђ docbook-xsl
в”‚   в””в”Ђв”Ђ docbook
в””в”Ђв”Ђ gnu-getopt

xz

yarn
в””в”Ђв”Ђ node
    в”њв”Ђв”Ђ brotli
    в”њв”Ђв”Ђ c-ares
    в”њв”Ђв”Ђ icu4c
    в”њв”Ђв”Ђ libuv
    в”њв”Ђв”Ђ nghttp2
    в”‚   в”њв”Ђв”Ђ c-ares
    в”‚   в”њв”Ђв”Ђ jemalloc
    в”‚   в”њв”Ђв”Ђ libev
    в”‚   в””в”Ђв”Ђ openssl@1.1
    в””в”Ђв”Ђ openssl@1.1

zstd

========================================


=== Ruby and rubygems ==================
* Ruby (default): ruby 2.6.5p114 (2019-10-01 revision 67812) [x86_64-darwin20]
--- Available ruby versions ---
  system
  2.4.5
  2.5.3
* 2.6.5 (set by /Users/vagrant/.rbenv/version)
  2.7.2
  3.0.0
-------------------------------
* rbenv: 1.1.2
* Rubygems: 3.0.3
* Bundler: Bundler version 2.1.4
* CocoaPods: 1.10.1
* xcpretty: 0.3.0
========================================


=== All Ruby GEMs ======================
activesupport (5.2.6)
addressable (2.7.0)
algoliasearch (1.27.5)
artifactory (3.0.15)
atomos (0.1.3)
aws-eventstream (1.1.1)
aws-partitions (1.465.0)
aws-sdk-core (3.114.1)
aws-sdk-kms (1.43.0)
aws-sdk-s3 (1.96.0)
aws-sigv4 (1.2.3)
babosa (1.0.4)
bigdecimal (default: 1.4.1)
bundler (2.1.4, default: 1.17.2)
CFPropertyList (3.0.3)
claide (1.0.3)
clamp (1.3.2)
cmath (default: 1.0.0)
cocoapods (1.10.1)
cocoapods-core (1.10.1)
cocoapods-deintegrate (1.0.4)
cocoapods-downloader (1.4.0)
cocoapods-plugins (1.0.0)
cocoapods-search (1.0.0)
cocoapods-trunk (1.5.0)
cocoapods-try (1.2.0)
colored (1.2)
colored2 (3.1.2)
commander (4.6.0)
commander-fastlane (4.4.6)
concurrent-ruby (1.1.9)
csv (default: 3.0.9)
date (default: 2.0.0)
dbm (default: 1.0.0)
declarative (0.0.20)
did_you_mean (1.3.0)
digest-crc (0.6.3)
domain_name (0.5.20190701)
dotenv (2.7.6)
e2mmap (default: 0.1.0)
emoji_regex (3.2.2)
escape (0.0.4)
etc (default: 1.0.1)
ethon (0.14.0)
excon (0.82.0)
faraday (1.4.2)
faraday-cookie_jar (0.0.7)
faraday-em_http (1.0.0)
faraday-em_synchrony (1.0.0)
faraday-excon (1.1.0)
faraday-net_http (1.0.1)
faraday-net_http_persistent (1.1.0)
faraday_middleware (1.0.0)
fastimage (2.2.4)
fastlane (2.185.0, 2.166.0)
fcntl (default: 1.0.0)
ffi (1.15.1)
fiddle (default: 1.0.0)
fileutils (default: 1.1.0)
forwardable (default: 1.2.0)
fourflusher (2.3.1)
fuzzy_match (2.0.4)
gh_inspector (1.1.3)
google-api-client (0.38.0)
google-apis-androidpublisher_v3 (0.5.0)
google-apis-core (0.3.0)
google-apis-iamcredentials_v1 (0.4.0)
google-apis-playcustomapp_v1 (0.3.0)
google-apis-storage_v1 (0.4.0)
google-cloud-core (1.6.0)
google-cloud-env (1.5.0)
google-cloud-errors (1.1.0)
google-cloud-storage (1.31.1)
googleauth (0.16.2)
highline (2.0.3, 1.7.10)
http-cookie (1.0.4)
httpclient (2.8.3)
i18n (1.8.10)
io-console (default: 0.4.7)
ipaddr (default: 1.2.2)
irb (default: 1.0.0)
jazzy (0.13.6)
jmespath (1.4.0)
json (default: 2.1.0)
jwt (2.2.3)
liferaft (0.0.6)
logger (default: 1.3.0)
matrix (default: 0.1.0)
memoist (0.16.2)
mini_magick (4.11.0)
mini_mime (1.1.0)
minitest (5.11.3)
molinillo (0.6.6)
multi_json (1.15.0)
multipart-post (2.0.0)
mustache (1.1.1)
mutex_m (default: 0.1.0)
nanaimo (0.3.0)
nap (1.1.0)
naturally (2.2.1)
net-telnet (0.2.0)
netrc (0.11.0)
nokogiri (1.11.7 x86_64-darwin)
open4 (1.3.4)
openssl (default: 2.1.2)
os (1.1.1)
ostruct (default: 0.1.0)
plist (3.6.0)
power_assert (1.1.3)
prime (default: 0.1.0)
psych (default: 3.1.0)
public_suffix (4.0.6)
racc (1.5.2)
rake (12.3.2)
rdoc (default: 6.1.2)
redcarpet (3.5.1)
representable (3.1.1)
retriable (3.1.2)
rexml (default: 3.1.9)
rouge (2.0.7)
rss (default: 0.2.7)
ruby-macho (1.4.0)
ruby2_keywords (0.0.4)
rubyzip (2.3.0)
sassc (2.4.0)
scanf (default: 1.0.0)
sdbm (default: 1.0.0)
security (0.1.3)
shell (default: 0.7)
signet (0.15.0)
simctl (1.6.8)
slack-notifier (2.4.0)
slather (2.5.0)
sqlite3 (1.4.2)
stringio (default: 0.0.2)
strscan (default: 1.0.0)
sync (default: 0.5.0)
terminal-notifier (2.0.0)
terminal-table (1.8.0)
test-unit (3.2.9)
thread_safe (0.3.6)
thwait (default: 0.1.0)
tracer (default: 0.1.0)
trailblazer-option (0.1.1)
trainer (0.9.1)
tty-cursor (0.7.1)
tty-screen (0.8.1)
tty-spinner (0.9.3)
typhoeus (1.4.0)
tzinfo (1.2.9)
uber (0.1.0)
unf (0.1.4)
unf_ext (0.0.7.7)
unicode-display_width (1.7.0)
webrick (default: 1.4.2)
word_wrap (1.0.0)
xcinvoke (0.3.0)
xcode-install (2.7.0)
xcodeproj (1.19.0)
xcov (1.7.5)
xcpretty (0.3.0)
xcpretty-json-formatter (0.1.1)
xcpretty-travis-formatter (1.0.1)
xcresult (0.2.1)
xmlrpc (0.3.0)
zlib (default: 1.0.0)
========================================


=== NPM global packages ==========================
* Cordova: 9.0.0 (cordova-lib@9.0.1)
* Ionic: 6.11.12
* Appcenter-CLI version: 2.7.3
========================================


=== Checking Xcode CLT dirs ============

 * ls -1 /Library/Developer/CommandLineTools/SDKs/MacOSX10.15.sdk/usr/include/CommonCrypto
CommonCrypto.h
CommonCryptoError.h
CommonCryptor.h
CommonDigest.h
CommonHMAC.h
CommonKeyDerivation.h
CommonRandom.h
CommonSymmetricKeywrap.h
module.modulemap

 * ls -1 /Library/Developer/CommandLineTools/
Library
SDKs
usr

 * /Library/Developer/CommandLineTools/usr/bin/swift --version
Apple Swift version 5.4 (swiftlang-1205.0.26.9 clang-1205.0.19.55)
Target: x86_64-apple-darwin20.5.0

========================================


=== Xcode ==============================

* Active Xcode Command Line Tools:
/Applications/Xcode-13.beta.app/Contents/Developer

* Xcode Version:
Xcode 13.0
Build version 13A5154h

* /usr/bin/swift --version
swift-driver version: 1.26 Apple Swift version 5.5 (swiftlang-1300.0.19.104 clang-1300.0.18.4)
Target: x86_64-apple-macosx11.0

* Installed SDKs:
2021-06-17 09:46:04.239 xcodebuild[2064:21738] [MT] DVTPlugInManager: Required plug-in compatibility UUID 42E1F17B-27B3-4DE8-92A8-DC76BA4F5921 for DVTCoreGlyphs.framework (com.apple.dt.DVTCoreGlyphs) not present
DriverKit SDKs:
	DriverKit 21.0                	-sdk driverkit21.0

iOS SDKs:
	iOS 15.0                      	-sdk iphoneos15.0

iOS Simulator SDKs:
	Simulator - iOS 15.0          	-sdk iphonesimulator15.0

macOS SDKs:
	macOS 12.0                    	-sdk macosx12.0

tvOS SDKs:
	tvOS 15.0                     	-sdk appletvos15.0

tvOS Simulator SDKs:
	Simulator - tvOS 15.0         	-sdk appletvsimulator15.0

watchOS SDKs:
	watchOS 8.0                   	-sdk watchos8.0

watchOS Simulator SDKs:
	Simulator - watchOS 8.0       	-sdk watchsimulator8.0


* Available Simulators:
== Device Types ==
iPhone 4s (com.apple.CoreSimulator.SimDeviceType.iPhone-4s)
iPhone 5 (com.apple.CoreSimulator.SimDeviceType.iPhone-5)
iPhone 5s (com.apple.CoreSimulator.SimDeviceType.iPhone-5s)
iPhone 6 Plus (com.apple.CoreSimulator.SimDeviceType.iPhone-6-Plus)
iPhone 6 (com.apple.CoreSimulator.SimDeviceType.iPhone-6)
iPhone 6s (com.apple.CoreSimulator.SimDeviceType.iPhone-6s)
iPhone 6s Plus (com.apple.CoreSimulator.SimDeviceType.iPhone-6s-Plus)
iPhone SE (1st generation) (com.apple.CoreSimulator.SimDeviceType.iPhone-SE)
iPhone 7 (com.apple.CoreSimulator.SimDeviceType.iPhone-7)
iPhone 7 Plus (com.apple.CoreSimulator.SimDeviceType.iPhone-7-Plus)
iPhone 8 (com.apple.CoreSimulator.SimDeviceType.iPhone-8)
iPhone 8 Plus (com.apple.CoreSimulator.SimDeviceType.iPhone-8-Plus)
iPhone X (com.apple.CoreSimulator.SimDeviceType.iPhone-X)
iPhone Xs (com.apple.CoreSimulator.SimDeviceType.iPhone-XS)
iPhone Xs Max (com.apple.CoreSimulator.SimDeviceType.iPhone-XS-Max)
iPhone XКЂ (com.apple.CoreSimulator.SimDeviceType.iPhone-XR)
iPhone 11 (com.apple.CoreSimulator.SimDeviceType.iPhone-11)
iPhone 11 Pro (com.apple.CoreSimulator.SimDeviceType.iPhone-11-Pro)
iPhone 11 Pro Max (com.apple.CoreSimulator.SimDeviceType.iPhone-11-Pro-Max)
iPhone SE (2nd generation) (com.apple.CoreSimulator.SimDeviceType.iPhone-SE--2nd-generation-)
iPhone 12 mini (com.apple.CoreSimulator.SimDeviceType.iPhone-12-mini)
iPhone 12 (com.apple.CoreSimulator.SimDeviceType.iPhone-12)
iPhone 12 Pro (com.apple.CoreSimulator.SimDeviceType.iPhone-12-Pro)
iPhone 12 Pro Max (com.apple.CoreSimulator.SimDeviceType.iPhone-12-Pro-Max)
iPod touch (7th generation) (com.apple.CoreSimulator.SimDeviceType.iPod-touch--7th-generation-)
iPad 2 (com.apple.CoreSimulator.SimDeviceType.iPad-2)
iPad Retina (com.apple.CoreSimulator.SimDeviceType.iPad-Retina)
iPad Air (com.apple.CoreSimulator.SimDeviceType.iPad-Air)
iPad mini 2 (com.apple.CoreSimulator.SimDeviceType.iPad-mini-2)
iPad mini 3 (com.apple.CoreSimulator.SimDeviceType.iPad-mini-3)
iPad mini 4 (com.apple.CoreSimulator.SimDeviceType.iPad-mini-4)
iPad Air 2 (com.apple.CoreSimulator.SimDeviceType.iPad-Air-2)
iPad Pro (9.7-inch) (com.apple.CoreSimulator.SimDeviceType.iPad-Pro--9-7-inch-)
iPad Pro (12.9-inch) (1st generation) (com.apple.CoreSimulator.SimDeviceType.iPad-Pro)
iPad (5th generation) (com.apple.CoreSimulator.SimDeviceType.iPad--5th-generation-)
iPad Pro (12.9-inch) (2nd generation) (com.apple.CoreSimulator.SimDeviceType.iPad-Pro--12-9-inch---2nd-generation-)
iPad Pro (10.5-inch) (com.apple.CoreSimulator.SimDeviceType.iPad-Pro--10-5-inch-)
iPad (6th generation) (com.apple.CoreSimulator.SimDeviceType.iPad--6th-generation-)
iPad (7th generation) (com.apple.CoreSimulator.SimDeviceType.iPad--7th-generation-)
iPad Pro (11-inch) (1st generation) (com.apple.CoreSimulator.SimDeviceType.iPad-Pro--11-inch-)
iPad Pro (12.9-inch) (3rd generation) (com.apple.CoreSimulator.SimDeviceType.iPad-Pro--12-9-inch---3rd-generation-)
iPad Pro (11-inch) (2nd generation) (com.apple.CoreSimulator.SimDeviceType.iPad-Pro--11-inch---2nd-generation-)
iPad Pro (12.9-inch) (4th generation) (com.apple.CoreSimulator.SimDeviceType.iPad-Pro--12-9-inch---4th-generation-)
iPad mini (5th generation) (com.apple.CoreSimulator.SimDeviceType.iPad-mini--5th-generation-)
iPad Air (3rd generation) (com.apple.CoreSimulator.SimDeviceType.iPad-Air--3rd-generation-)
iPad (8th generation) (com.apple.CoreSimulator.SimDeviceType.iPad--8th-generation-)
iPad Air (4th generation) (com.apple.CoreSimulator.SimDeviceType.iPad-Air--4th-generation-)
iPad Pro (11-inch) (3rd generation) (com.apple.CoreSimulator.SimDeviceType.iPad-Pro-11-inch-3rd-generation)
iPad Pro (12.9-inch) (5th generation) (com.apple.CoreSimulator.SimDeviceType.iPad-Pro-12-9-inch-5th-generation)
Apple TV (com.apple.CoreSimulator.SimDeviceType.Apple-TV-1080p)
Apple TV 4K (com.apple.CoreSimulator.SimDeviceType.Apple-TV-4K-4K)
Apple TV 4K (at 1080p) (com.apple.CoreSimulator.SimDeviceType.Apple-TV-4K-1080p)
Apple TV 4K (2nd generation) (com.apple.CoreSimulator.SimDeviceType.Apple-TV-4K-2nd-generation-4K)
Apple TV 4K (at 1080p) (2nd generation) (com.apple.CoreSimulator.SimDeviceType.Apple-TV-4K-2nd-generation-1080p)
Apple Watch - 38mm (com.apple.CoreSimulator.SimDeviceType.Apple-Watch-38mm)
Apple Watch - 42mm (com.apple.CoreSimulator.SimDeviceType.Apple-Watch-42mm)
Apple Watch Series 2 - 38mm (com.apple.CoreSimulator.SimDeviceType.Apple-Watch-Series-2-38mm)
Apple Watch Series 2 - 42mm (com.apple.CoreSimulator.SimDeviceType.Apple-Watch-Series-2-42mm)
Apple Watch Series 3 - 38mm (com.apple.CoreSimulator.SimDeviceType.Apple-Watch-Series-3-38mm)
Apple Watch Series 3 - 42mm (com.apple.CoreSimulator.SimDeviceType.Apple-Watch-Series-3-42mm)
Apple Watch Series 4 - 40mm (com.apple.CoreSimulator.SimDeviceType.Apple-Watch-Series-4-40mm)
Apple Watch Series 4 - 44mm (com.apple.CoreSimulator.SimDeviceType.Apple-Watch-Series-4-44mm)
Apple Watch Series 5 - 40mm (com.apple.CoreSimulator.SimDeviceType.Apple-Watch-Series-5-40mm)
Apple Watch Series 5 - 44mm (com.apple.CoreSimulator.SimDeviceType.Apple-Watch-Series-5-44mm)
Apple Watch SE - 40mm (com.apple.CoreSimulator.SimDeviceType.Apple-Watch-SE-40mm)
Apple Watch SE - 44mm (com.apple.CoreSimulator.SimDeviceType.Apple-Watch-SE-44mm)
Apple Watch Series 6 - 40mm (com.apple.CoreSimulator.SimDeviceType.Apple-Watch-Series-6-40mm)
Apple Watch Series 6 - 44mm (com.apple.CoreSimulator.SimDeviceType.Apple-Watch-Series-6-44mm)
== Runtimes ==
iOS 15.0 (15.0 - 19A5261u) - com.apple.CoreSimulator.SimRuntime.iOS-15-0
tvOS 15.0 (15.0 - 19J5268q) - com.apple.CoreSimulator.SimRuntime.tvOS-15-0
watchOS 8.0 (8.0 - 19R5266p) - com.apple.CoreSimulator.SimRuntime.watchOS-8-0
== Devices ==
-- iOS 15.0 --
    iPhone 8 (32F682EE-F15B-46B3-9AA2-732EEF22C32B) (Shutdown) 
    iPhone 8 Plus (08FC392A-1D40-40EE-B7CB-DB01E77F0F40) (Shutdown) 
    iPhone 11 (B4633F83-5930-41DD-AB9D-BEF2F10D64EF) (Shutdown) 
    iPhone 11 Pro (727B3338-DFD5-47A0-B258-1C33B29590E0) (Shutdown) 
    iPhone 11 Pro Max (B0F67C74-B1C2-40FD-A772-66C73F6DCC2D) (Shutdown) 
    iPhone SE (2nd generation) (6A33A4DB-EEE6-47B1-9BAE-662C9DEF3224) (Shutdown) 
    iPhone 12 mini (D04B238F-33A4-4738-8832-EE58D4858F60) (Shutdown) 
    iPhone 12 (2D024D2A-504A-4A09-BB96-1721C3315191) (Shutdown) 
    iPhone 12 Pro (F087C4B4-17BB-4A40-B692-38ED26568279) (Shutdown) 
    iPhone 12 Pro Max (3BFD05DA-7354-4682-976B-306AE36021B0) (Shutdown) 
    iPod touch (7th generation) (436136F2-7C94-4AEB-8FA3-2E0903FD77E0) (Shutdown) 
    iPad Pro (9.7-inch) (5793E69D-2C67-4A59-AEFF-73E25D787380) (Shutdown) 
    iPad Air (4th generation) (2A9F04D6-8734-4F21-8217-90F1DC0B9008) (Shutdown) 
    iPad Pro (11-inch) (3rd generation) (70834935-31F6-4FF3-A31C-176F677C2FD0) (Shutdown) 
    iPad Pro (12.9-inch) (5th generation) (C94B93A4-5436-4DAC-ACF3-22A92E9836A8) (Shutdown) 
-- tvOS 15.0 --
    Apple TV (D3D79A03-2D30-4738-A003-8EE969006475) (Shutdown) 
    Apple TV 4K (2nd generation) (C32A3E14-F20F-4203-85CE-B261E805E272) (Shutdown) 
    Apple TV 4K (at 1080p) (2nd generation) (66941701-6B07-4661-A189-09E0D209FD21) (Shutdown) 
-- watchOS 8.0 --
    Apple Watch Series 5 - 40mm (98809580-99DD-45D5-88B9-2DE27071D703) (Shutdown) 
    Apple Watch Series 5 - 44mm (71179ADC-6EF3-4072-BC59-34C24E011866) (Shutdown) 
    Apple Watch Series 6 - 40mm (4B5816E2-68ED-406C-BBE7-54D0CA77FF88) (Shutdown) 
    Apple Watch Series 6 - 44mm (D250F29C-4C39-4F63-960D-C2AF1669F909) (Shutdown) 
== Device Pairs ==
302E55AE-E4A0-4CB9-95F4-9F1D51260AB3 (active, disconnected)
    Watch: Apple Watch Series 5 - 40mm (98809580-99DD-45D5-88B9-2DE27071D703) (Shutdown)
    Phone: iPhone 12 mini (D04B238F-33A4-4738-8832-EE58D4858F60) (Shutdown)
7DE351A6-A0AD-40CB-B3D5-997B9550AD84 (active, disconnected)
    Watch: Apple Watch Series 5 - 44mm (71179ADC-6EF3-4072-BC59-34C24E011866) (Shutdown)
    Phone: iPhone 12 (2D024D2A-504A-4A09-BB96-1721C3315191) (Shutdown)
D7CAFDAC-DD6E-4820-89E1-96A8CF84F0B1 (active, disconnected)
    Watch: Apple Watch Series 6 - 40mm (4B5816E2-68ED-406C-BBE7-54D0CA77FF88) (Shutdown)
    Phone: iPhone 12 Pro (F087C4B4-17BB-4A40-B692-38ED26568279) (Shutdown)
5ECDFF43-DC9C-4D5A-8845-41B18A2DB026 (active, disconnected)
    Watch: Apple Watch Series 6 - 44mm (D250F29C-4C39-4F63-960D-C2AF1669F909) (Shutdown)
    Phone: iPhone 12 Pro Max (3BFD05DA-7354-4682-976B-306AE36021B0) (Shutdown)

========================================


=== OS X info =========================

* sw_vers
ProductName:	macOS
ProductVersion:	11.4
BuildVersion:	20F71

* system_profiler SPSoftwareDataType
Software:

    System Software Overview:

      System Version: macOS 11.4 (20F71)
      Kernel Version: Darwin 20.5.0
      Boot Volume: Disk
      Boot Mode: Normal
      Computer Name: stg-xcode-13-210617090925-8veUthsvKbKkpEevdQBXP
      User Name: vagrant (vagrant)
      Secure Virtual Memory: Enabled
      System Integrity Protection: Disabled
      Time since boot: 36 minutes


========================================


=== System infos =======================
* Free disk space:
    Filesystem         Size        Avail
/dev/disk1s5s1        200Gi        123Gi
========================================

--- Android

* ANDROID_HOME (/usr/local/share/android-sdk) content:
add-ons
build-tools
cmdline-tools
emulator
extras
licenses
patcher
platform-tools
platforms
system-images
tools

* ANDROID_NDK_HOME (/opt/android-ndk/android-ndk-r21) content:
CHANGELOG.md
NOTICE
NOTICE.toolchain
README.md
build
meta
ndk-build
ndk-gdb
ndk-stack
ndk-which
platforms
prebuilt
python-packages
shader-tools
simpleperf
source.properties
sources
sysroot
toolchains
wrap.sh

* Android NDK Version:
Pkg.Desc = Android NDK
Pkg.Revision = 21.0.6113669

* platform-tools content:
NOTICE.txt
adb
api
dmtracedump
e2fsdroid
etc1tool
fastboot
hprof-conv
lib64
make_f2fs
make_f2fs_casefold
mke2fs
mke2fs.conf
package.xml
sload_f2fs
source.properties
sqlite3
systrace

* build-tools content:
17.0.0
19.1.0
21.1.2
22.0.1
23.0.3
24.0.3
25.0.3
26.0.1
26.0.2
27.0.0
27.0.1
27.0.2
27.0.3
28.0.0
28.0.1
28.0.2
28.0.3
29.0.0
29.0.1
29.0.2
29.0.3
30.0.0

* extras content:
/usr/local/share/android-sdk/extras
в”њв”Ђв”Ђ android
в”‚В В  в””в”Ђв”Ђ m2repository
в”њв”Ђв”Ђ google
в”‚В В  в”њв”Ђв”Ђ google_play_services
в”‚В В  в””в”Ђв”Ђ m2repository
в””в”Ђв”Ђ m2repository
    в””в”Ђв”Ђ com

7 directories, 0 files

* platforms content:
android-15
android-17
android-19
android-21
android-22
android-23
android-24
android-25
android-26
android-27
android-28
android-29
android-30

* system-images content:
/usr/local/share/android-sdk/system-images
в”њв”Ђв”Ђ android-26
в”‚В В  в””в”Ђв”Ђ google_apis
в”‚В В      в””в”Ђв”Ђ x86
в”њв”Ђв”Ђ android-28
в”‚В В  в””в”Ђв”Ђ google_apis
в”‚В В      в””в”Ђв”Ђ x86_64
в”њв”Ђв”Ђ android-29
в”‚В В  в””в”Ђв”Ђ google_apis
в”‚В В      в””в”Ђв”Ђ x86
в””в”Ђв”Ђ android-30
    в””в”Ђв”Ђ google_apis
        в””в”Ђв”Ђ x86

12 directories, 0 files

========================================


=== Android APK tools ==================

* aapt2:
Android Asset Packaging Tool (aapt) 2:19

========================================


=== Environment infos =======================
MATCH_KEYCHAIN_PASSWORD environment set
========================================


=== Control tests ======================
source $HOME/.bash_profile ...
source $HOME/.bash_profile - PASSED
========================================

