 (i) Ignore Errors: enabled

#
# This System Report was generated by: https://github.com/bitrise-io/osx-box-bootstrap/blob/master/system_report.sh
#  Pull Requests are welcome!
#


=== Revision / ID ======================
* BITRISE_OSX_STACK_REV_ID: v2020_04_09_1
========================================


=== Pre-installed tool versions ========
* Go: go version go1.14.2 darwin/amd64
* Python: Python 2.7.16
* Node.js: v10.20.1
* NPM: 6.14.4
* Yarn: 1.22.4
* Java: openjdk version "1.8.0_252"
OpenJDK Runtime Environment (AdoptOpenJDK)(build 1.8.0_252-b09)
OpenJDK 64-Bit Server VM (AdoptOpenJDK)(build 25.252-b09, mixed mode)
* Flutter: Flutter 1.12.13+hotfix.8 • channel stable • https://github.com/flutter/flutter.git

* git: git version 2.26.2
* git lfs: git-lfs/2.10.0 (GitHub; darwin amd64; go 1.13.6)
* mercurial/hg: Mercurial Distributed SCM (version 5.3.2)
* curl: curl 7.64.1 (x86_64-apple-darwin19.0) libcurl/7.64.1 (SecureTransport) LibreSSL/2.8.3 zlib/1.2.11 nghttp2/1.39.2
* wget: GNU Wget 1.20.3 built on darwin19.0.0.
* rsync: rsync  version 2.6.9  protocol version 29
* unzip: UnZip 6.00 of 20 April 2009, by Info-ZIP.  Maintained by C. Spieler.  Send
* zip: This is Zip 3.0 (July 5th 2008), by Info-ZIP.
* tar: bsdtar 3.3.2 - libarchive 3.3.2 zlib/1.2.11 liblzma/5.0.5 bz2lib/1.0.6
* tree: tree v1.8.0 (c) 1996 - 2018 by Steve Baker, Thomas Moore, Francesc Rocher, Florian Sesser, Kyosuke Tokoro 

* brew: Homebrew 2.2.14
Homebrew/homebrew-core (git revision ad6dd60; last commit 2020-04-30)
Homebrew/homebrew-cask (git revision 18f11b; last commit 2020-04-30)
* Ansible: ansible 2.9.7
  configured module search path = ['/Users/vagrant/.ansible/plugins/modules', '/usr/share/ansible/plugins/modules']
  ansible python module location = /usr/local/Cellar/ansible/2.9.7/libexec/lib/python3.8/site-packages/ansible
  executable location = /usr/local/bin/ansible
* gtimeout: timeout (GNU coreutils) 8.32
* watchman: 4.9.0
* flow: Flow, a static type checker for JavaScript, version 0.123.0
* carthage: 0.34.0
* imagemagick (convert): Version: ImageMagick 7.0.10-10 Q16 x86_64 2020-04-28 https://imagemagick.org
* ghostscript (ps2ascii): 9.52
* screen: Screen version 4.08.00 (GNU) 05-Feb-20
* firebase: ]0;Firebase CLI8.2.0

--- Bitrise CLI tool versions
* bitrise: 1.41.2
* stepman: 0.12.2
* envman: 2.2.11
* cmd-bridge: 0.9.5
========================================


=== Brew list versions ==================
ansible 2.9.7
ant 1.10.7_1
autoconf 2.69
carthage 0.34.0
coreutils 8.32
flow 0.123.0
freetype 2.10.1
gdbm 1.18.1
gettext 0.20.2_1
ghostscript 9.52
git 2.26.2
git-lfs 2.10.0
glib 2.64.2_1
go 1.14.2_1
gradle 6.3
icu4c 66.1
ilmbase 2.4.1
imagemagick 7.0.10-10
jenv 0.5.2
jpeg 9d
libde265 1.0.5
libffi 3.3
libheif 1.6.2_1
libidn2 2.3.0
libomp 10.0.0
libpng 1.6.37
libtiff 4.1.0
libtool 2.4.6_1
libunistring 0.9.10
libyaml 0.2.4
little-cms2 2.9
maven 3.6.3_1
mercurial 5.3.2
node 14.0.0
node@10 10.20.1_1
openexr 2.4.1
openjdk 13.0.2+8_2
openjpeg 2.3.1
openssl@1.1 1.1.1g
pcre 8.44
pcre2 10.34
pkg-config 0.29.2_3
python 3.7.7
python@3.8 3.8.2
rbenv 1.1.2
readline 8.0.4
ruby-build 20200401
screen 4.8.0
shared-mime-info 1.15
sqlite 3.31.1
tree 1.8.0
watchman 4.9.0_3
webp 1.1.0
wget 1.20.3_2
x265 3.3
xz 5.2.5
yarn 1.22.4
========================================


=== Brew deps tree ==================
ansible
├── libyaml
├── openssl@1.1
├── gdbm
├── readline
├── sqlite
│   └── readline
├── xz
└── python@3.8
    ├── gdbm
    ├── openssl@1.1
    ├── readline
    ├── sqlite
    │   └── readline
    └── xz

ant
└── openjdk

autoconf

carthage

coreutils

flow

freetype
└── libpng

gdbm

gettext

ghostscript
├── jpeg
└── libtiff
    └── jpeg

git
├── gettext
└── pcre2

git-lfs

glib
├── gettext
├── libffi
├── pcre
├── gdbm
├── openssl@1.1
├── readline
├── sqlite
│   └── readline
├── xz
└── python@3.8
    ├── gdbm
    ├── openssl@1.1
    ├── readline
    ├── sqlite
    │   └── readline
    └── xz

go

gradle
└── openjdk

icu4c

ilmbase

imagemagick
├── libpng
├── freetype
│   └── libpng
├── jpeg
├── libtiff
│   └── jpeg
├── ghostscript
│   ├── jpeg
│   └── libtiff
│       └── jpeg
├── libde265
├── gettext
├── libffi
├── pcre
├── gdbm
├── openssl@1.1
├── readline
├── sqlite
│   └── readline
├── xz
├── python@3.8
│   ├── gdbm
│   ├── openssl@1.1
│   ├── readline
│   ├── sqlite
│   │   └── readline
│   └── xz
├── glib
│   ├── gettext
│   ├── libffi
│   ├── pcre
│   ├── gdbm
│   ├── openssl@1.1
│   ├── readline
│   ├── sqlite
│   │   └── readline
│   ├── xz
│   └── python@3.8
│       ├── gdbm
│       ├── openssl@1.1
│       ├── readline
│       ├── sqlite
│       │   └── readline
│       └── xz
├── shared-mime-info
│   ├── gettext
│   ├── libffi
│   ├── pcre
│   ├── gdbm
│   ├── openssl@1.1
│   ├── readline
│   ├── sqlite
│   │   └── readline
│   ├── xz
│   ├── python@3.8
│   │   ├── gdbm
│   │   ├── openssl@1.1
│   │   ├── readline
│   │   ├── sqlite
│   │   │   └── readline
│   │   └── xz
│   └── glib
│       ├── gettext
│       ├── libffi
│       ├── pcre
│       ├── gdbm
│       ├── openssl@1.1
│       ├── readline
│       ├── sqlite
│       │   └── readline
│       ├── xz
│       └── python@3.8
│           ├── gdbm
│           ├── openssl@1.1
│           ├── readline
│           ├── sqlite
│           │   └── readline
│           └── xz
├── x265
├── libheif
│   ├── jpeg
│   ├── libde265
│   ├── libpng
│   ├── gettext
│   ├── libffi
│   ├── pcre
│   ├── gdbm
│   ├── openssl@1.1
│   ├── readline
│   ├── sqlite
│   │   └── readline
│   ├── xz
│   ├── python@3.8
│   │   ├── gdbm
│   │   ├── openssl@1.1
│   │   ├── readline
│   │   ├── sqlite
│   │   │   └── readline
│   │   └── xz
│   ├── glib
│   │   ├── gettext
│   │   ├── libffi
│   │   ├── pcre
│   │   ├── gdbm
│   │   ├── openssl@1.1
│   │   ├── readline
│   │   ├── sqlite
│   │   │   └── readline
│   │   ├── xz
│   │   └── python@3.8
│   │       ├── gdbm
│   │       ├── openssl@1.1
│   │       ├── readline
│   │       ├── sqlite
│   │       │   └── readline
│   │       └── xz
│   ├── shared-mime-info
│   │   ├── gettext
│   │   ├── libffi
│   │   ├── pcre
│   │   ├── gdbm
│   │   ├── openssl@1.1
│   │   ├── readline
│   │   ├── sqlite
│   │   │   └── readline
│   │   ├── xz
│   │   ├── python@3.8
│   │   │   ├── gdbm
│   │   │   ├── openssl@1.1
│   │   │   ├── readline
│   │   │   ├── sqlite
│   │   │   │   └── readline
│   │   │   └── xz
│   │   └── glib
│   │       ├── gettext
│   │       ├── libffi
│   │       ├── pcre
│   │       ├── gdbm
│   │       ├── openssl@1.1
│   │       ├── readline
│   │       ├── sqlite
│   │       │   └── readline
│   │       ├── xz
│   │       └── python@3.8
│   │           ├── gdbm
│   │           ├── openssl@1.1
│   │           ├── readline
│   │           ├── sqlite
│   │           │   └── readline
│   │           └── xz
│   └── x265
├── libomp
├── libtool
├── little-cms2
│   ├── jpeg
│   └── libtiff
│       └── jpeg
├── ilmbase
├── openexr
│   └── ilmbase
├── openjpeg
│   ├── libpng
│   ├── jpeg
│   ├── libtiff
│   │   └── jpeg
│   └── little-cms2
│       ├── jpeg
│       └── libtiff
│           └── jpeg
└── webp
    ├── jpeg
    ├── libpng
    └── libtiff
        └── jpeg

jenv

jpeg

libde265

libffi

libheif
├── jpeg
├── libde265
├── libpng
├── gettext
├── libffi
├── pcre
├── gdbm
├── openssl@1.1
├── readline
├── sqlite
│   └── readline
├── xz
├── python@3.8
│   ├── gdbm
│   ├── openssl@1.1
│   ├── readline
│   ├── sqlite
│   │   └── readline
│   └── xz
├── glib
│   ├── gettext
│   ├── libffi
│   ├── pcre
│   ├── gdbm
│   ├── openssl@1.1
│   ├── readline
│   ├── sqlite
│   │   └── readline
│   ├── xz
│   └── python@3.8
│       ├── gdbm
│       ├── openssl@1.1
│       ├── readline
│       ├── sqlite
│       │   └── readline
│       └── xz
├── shared-mime-info
│   ├── gettext
│   ├── libffi
│   ├── pcre
│   ├── gdbm
│   ├── openssl@1.1
│   ├── readline
│   ├── sqlite
│   │   └── readline
│   ├── xz
│   ├── python@3.8
│   │   ├── gdbm
│   │   ├── openssl@1.1
│   │   ├── readline
│   │   ├── sqlite
│   │   │   └── readline
│   │   └── xz
│   └── glib
│       ├── gettext
│       ├── libffi
│       ├── pcre
│       ├── gdbm
│       ├── openssl@1.1
│       ├── readline
│       ├── sqlite
│       │   └── readline
│       ├── xz
│       └── python@3.8
│           ├── gdbm
│           ├── openssl@1.1
│           ├── readline
│           ├── sqlite
│           │   └── readline
│           └── xz
└── x265

libidn2
├── gettext
└── libunistring

libomp

libpng

libtiff
└── jpeg

libtool

libunistring

libyaml

little-cms2
├── jpeg
└── libtiff
    └── jpeg

maven
└── openjdk

mercurial
├── gdbm
├── openssl@1.1
├── readline
├── sqlite
│   └── readline
├── xz
└── python
    ├── gdbm
    ├── openssl@1.1
    ├── readline
    ├── sqlite
    │   └── readline
    └── xz

node
└── icu4c

node@10
└── icu4c

openexr
└── ilmbase

openjdk

openjpeg
├── libpng
├── jpeg
├── libtiff
│   └── jpeg
└── little-cms2
    ├── jpeg
    └── libtiff
        └── jpeg

openssl@1.1

pcre

pcre2

pkg-config

python
├── gdbm
├── openssl@1.1
├── readline
├── sqlite
│   └── readline
└── xz

python@3.8
├── gdbm
├── openssl@1.1
├── readline
├── sqlite
│   └── readline
└── xz

rbenv
├── autoconf
├── pkg-config
├── readline
└── ruby-build
    ├── autoconf
    ├── pkg-config
    └── readline

readline

ruby-build
├── autoconf
├── pkg-config
└── readline

screen

shared-mime-info
├── gettext
├── libffi
├── pcre
├── gdbm
├── openssl@1.1
├── readline
├── sqlite
│   └── readline
├── xz
├── python@3.8
│   ├── gdbm
│   ├── openssl@1.1
│   ├── readline
│   ├── sqlite
│   │   └── readline
│   └── xz
└── glib
    ├── gettext
    ├── libffi
    ├── pcre
    ├── gdbm
    ├── openssl@1.1
    ├── readline
    ├── sqlite
    │   └── readline
    ├── xz
    └── python@3.8
        ├── gdbm
        ├── openssl@1.1
        ├── readline
        ├── sqlite
        │   └── readline
        └── xz

sqlite
└── readline

tree

watchman
├── openssl@1.1
├── pcre
├── gdbm
├── readline
├── sqlite
│   └── readline
├── xz
└── python
    ├── gdbm
    ├── openssl@1.1
    ├── readline
    ├── sqlite
    │   └── readline
    └── xz

webp
├── jpeg
├── libpng
└── libtiff
    └── jpeg

wget
├── gettext
├── libunistring
├── libidn2
│   ├── gettext
│   └── libunistring
└── openssl@1.1

x265

xz

yarn
├── icu4c
└── node
    └── icu4c

========================================


=== Ruby and rubygems ==================
* Ruby (default): ruby 2.6.5p114 (2019-10-01 revision 67812) [x86_64-darwin19]
--- Available ruby versions ---
  system
  2.4.5
  2.5.3
* 2.6.5 (set by /Users/vagrant/.rbenv/version)
-------------------------------
* rbenv: 1.1.2
* Rubygems: 3.1.2
* Bundler: Bundler version 2.1.2
* CocoaPods: 1.9.1
* xcpretty: 0.3.0
* Nomad CLI: 3.1.2
* Nomad CLI IPA / Shenzhen: ipa 0.14.3
========================================


=== All Ruby GEMs ======================
activesupport (4.2.11.1)
addressable (2.7.0)
algoliasearch (1.27.2)
atomos (0.1.3)
aws-eventstream (1.1.0)
aws-partitions (1.305.0)
aws-sdk (1.67.0)
aws-sdk-core (3.94.0)
aws-sdk-kms (1.30.0)
aws-sdk-s3 (1.63.0)
aws-sdk-v1 (1.67.0)
aws-sigv4 (1.1.3)
babosa (1.0.3)
bigdecimal (default: 1.4.1)
bundler (default: 2.1.2)
certified (1.0.0)
CFPropertyList (3.0.2)
claide (1.0.3)
cmath (default: 1.0.0)
cocoapods (1.9.1)
cocoapods-core (1.9.1)
cocoapods-deintegrate (1.0.4)
cocoapods-downloader (1.3.0)
cocoapods-plugins (1.0.0)
cocoapods-search (1.0.0)
cocoapods-stats (1.1.0)
cocoapods-trunk (1.4.1)
cocoapods-try (1.2.0)
colored (1.2)
colored2 (3.1.2)
commander (4.5.2)
commander-fastlane (4.4.6)
concurrent-ruby (1.1.6)
csv (default: 3.0.9)
cupertino (1.3.4)
date (default: 2.0.0)
dbm (default: 1.0.0)
declarative (0.0.10)
declarative-option (0.1.0)
did_you_mean (1.3.0)
digest-crc (0.5.1)
domain_name (0.5.20190701)
dotenv (2.7.5)
dubai (0.2.0)
e2mmap (default: 0.1.0)
emoji_regex (1.0.1)
escape (0.0.4)
etc (default: 1.0.1)
ethon (0.12.0)
excon (0.73.0)
faraday (0.17.3)
faraday-cookie_jar (0.0.6)
faraday_middleware (0.13.1)
fastimage (2.1.7)
fastlane (2.146.1)
fcntl (default: 1.0.0)
ffi (1.12.2)
fiddle (default: 1.0.0)
fileutils (default: 1.1.0)
forwardable (default: 1.2.0)
fourflusher (2.3.1)
fuzzy_match (2.0.4)
gh_inspector (1.1.3)
google-api-client (0.36.4)
google-cloud-core (1.5.0)
google-cloud-env (1.3.1)
google-cloud-errors (1.0.0)
google-cloud-storage (1.26.0)
googleauth (0.12.0)
highline (2.0.3, 1.7.10)
houston (2.4.0)
http-cookie (1.0.3)
httpclient (2.8.3)
i18n (0.9.5)
io-console (default: 0.4.7)
ipaddr (default: 1.2.2)
irb (default: 1.0.0)
jmespath (1.4.0)
json (default: 2.1.0, 1.8.6)
jwt (2.1.0)
logger (default: 1.3.0)
matrix (default: 0.1.0)
mechanize (2.5.1)
memoist (0.16.2)
mime-types (1.25.1)
mini_magick (4.10.1)
mini_mime (1.0.2)
mini_portile2 (2.1.0)
minitest (5.11.3)
molinillo (0.6.6)
multi_json (1.14.1)
multi_xml (0.6.0)
multipart-post (2.0.0)
mutex_m (default: 0.1.0)
nanaimo (0.2.6)
nap (1.1.0)
naturally (2.2.0)
net-http-digest_auth (1.4.1)
net-http-persistent (2.9.4)
net-sftp (2.1.2)
net-ssh (6.0.2)
net-telnet (0.2.0)
netrc (0.11.0)
nokogiri (1.6.8.1)
nomad-cli (0.0.2)
ntlm-http (0.1.1)
openssl (default: 2.1.2)
os (1.1.0)
ostruct (default: 0.1.0)
plist (3.5.0, 3.1.0)
power_assert (1.1.3)
prime (default: 0.1.0)
psych (default: 3.1.0)
public_suffix (2.0.5)
rack (1.6.13)
rack-protection (1.5.5)
rake (12.3.2)
rdoc (default: 6.1.2)
representable (3.0.4)
retriable (3.1.2)
rexml (default: 3.1.9)
rouge (2.0.7)
rss (default: 0.2.7)
ruby-macho (1.4.0)
rubygems-update (3.1.2)
rubyzip (1.3.0)
scanf (default: 1.0.0)
sdbm (default: 1.0.0)
security (0.1.3)
shell (default: 0.7)
shenzhen (0.14.3)
signet (0.14.0)
simctl (1.6.8)
sinatra (1.4.8)
slack-notifier (2.3.2)
stringio (default: 0.0.2)
strscan (default: 1.0.0)
sync (default: 0.5.0)
term-ansicolor (1.0.7)
terminal-notifier (2.0.0)
terminal-table (1.8.0, 1.4.5)
test-unit (3.2.9)
thread_safe (0.3.6)
thwait (default: 0.1.0)
tilt (2.0.10)
tracer (default: 0.1.0)
tty-cursor (0.7.1)
tty-screen (0.7.1)
tty-spinner (0.9.3)
typhoeus (1.3.1)
tzinfo (1.2.7)
uber (0.1.0)
unf (0.1.4)
unf_ext (0.0.7.7)
unicode-display_width (1.7.0)
venice (0.6.0)
webrick (default: 1.4.2)
webrobots (0.1.2)
word_wrap (1.0.0)
xcode-install (2.6.4)
xcodeproj (1.16.0)
xcpretty (0.3.0)
xcpretty-travis-formatter (1.0.0)
xmlrpc (0.3.0)
zlib (default: 1.0.0)
========================================


=== NPM global packages ==========================
* Cordova: 9.0.0 (cordova-lib@9.0.1)
* Ionic: 5.4.16
* AppCenter CLI: appcenter version 2.5.0
========================================


=== Checking Xcode CLT dirs ============

 * ls -1 /Library/Developer/CommandLineTools/SDKs/MacOSX10.15.sdk/usr/include/CommonCrypto
CommonCrypto.h
CommonCryptoError.h
CommonCryptor.h
CommonDigest.h
CommonHMAC.h
CommonKeyDerivation.h
CommonRandom.h
CommonSymmetricKeywrap.h
module.modulemap

 * ls -1 /Library/Developer/CommandLineTools/
Library
SDKs
usr

 * /Library/Developer/CommandLineTools/usr/bin/swift --version
Apple Swift version 5.2.2 (swiftlang-1103.0.32.6 clang-1103.0.32.51)
Target: x86_64-apple-darwin19.3.0

========================================


=== Xcode ==============================

* Active Xcode Command Line Tools:
/Applications/Xcode-beta.app/Contents/Developer

* Xcode Version:
Xcode 11.5
Build version 11N605c

* /usr/bin/swift --version
Apple Swift version 5.2.4 (swiftlang-1103.0.32.9 clang-1103.0.32.53)
Target: x86_64-apple-darwin19.3.0

* Installed SDKs:
iOS SDKs:
	iOS 13.5                      	-sdk iphoneos13.5

iOS Simulator SDKs:
	Simulator - iOS 13.5          	-sdk iphonesimulator13.5

macOS SDKs:
	DriverKit 19.0                	-sdk driverkit.macosx19.0
	macOS 10.15                   	-sdk macosx10.15

tvOS SDKs:
	tvOS 13.4                     	-sdk appletvos13.4

tvOS Simulator SDKs:
	Simulator - tvOS 13.4         	-sdk appletvsimulator13.4

watchOS SDKs:
	watchOS 6.2                   	-sdk watchos6.2

watchOS Simulator SDKs:
	Simulator - watchOS 6.2       	-sdk watchsimulator6.2


* Available Simulators:
== Device Types ==
iPhone 4s (com.apple.CoreSimulator.SimDeviceType.iPhone-4s)
iPhone 5 (com.apple.CoreSimulator.SimDeviceType.iPhone-5)
iPhone 5s (com.apple.CoreSimulator.SimDeviceType.iPhone-5s)
iPhone 6 Plus (com.apple.CoreSimulator.SimDeviceType.iPhone-6-Plus)
iPhone 6 (com.apple.CoreSimulator.SimDeviceType.iPhone-6)
iPhone 6s (com.apple.CoreSimulator.SimDeviceType.iPhone-6s)
iPhone 6s Plus (com.apple.CoreSimulator.SimDeviceType.iPhone-6s-Plus)
iPhone SE (1st generation) (com.apple.CoreSimulator.SimDeviceType.iPhone-SE)
iPhone 7 (com.apple.CoreSimulator.SimDeviceType.iPhone-7)
iPhone 7 Plus (com.apple.CoreSimulator.SimDeviceType.iPhone-7-Plus)
iPhone 8 (com.apple.CoreSimulator.SimDeviceType.iPhone-8)
iPhone 8 Plus (com.apple.CoreSimulator.SimDeviceType.iPhone-8-Plus)
iPhone X (com.apple.CoreSimulator.SimDeviceType.iPhone-X)
iPhone Xs (com.apple.CoreSimulator.SimDeviceType.iPhone-XS)
iPhone Xs Max (com.apple.CoreSimulator.SimDeviceType.iPhone-XS-Max)
iPhone Xʀ (com.apple.CoreSimulator.SimDeviceType.iPhone-XR)
iPhone 11 (com.apple.CoreSimulator.SimDeviceType.iPhone-11)
iPhone 11 Pro (com.apple.CoreSimulator.SimDeviceType.iPhone-11-Pro)
iPhone 11 Pro Max (com.apple.CoreSimulator.SimDeviceType.iPhone-11-Pro-Max)
iPhone SE (2nd generation) (com.apple.CoreSimulator.SimDeviceType.iPhone-SE--2nd-generation-)
iPad 2 (com.apple.CoreSimulator.SimDeviceType.iPad-2)
iPad Retina (com.apple.CoreSimulator.SimDeviceType.iPad-Retina)
iPad Air (com.apple.CoreSimulator.SimDeviceType.iPad-Air)
iPad mini 2 (com.apple.CoreSimulator.SimDeviceType.iPad-mini-2)
iPad mini 3 (com.apple.CoreSimulator.SimDeviceType.iPad-mini-3)
iPad mini 4 (com.apple.CoreSimulator.SimDeviceType.iPad-mini-4)
iPad Air 2 (com.apple.CoreSimulator.SimDeviceType.iPad-Air-2)
iPad Pro (9.7-inch) (com.apple.CoreSimulator.SimDeviceType.iPad-Pro--9-7-inch-)
iPad Pro (12.9-inch) (com.apple.CoreSimulator.SimDeviceType.iPad-Pro)
iPad (5th generation) (com.apple.CoreSimulator.SimDeviceType.iPad--5th-generation-)
iPad Pro (12.9-inch) (2nd generation) (com.apple.CoreSimulator.SimDeviceType.iPad-Pro--12-9-inch---2nd-generation-)
iPad Pro (10.5-inch) (com.apple.CoreSimulator.SimDeviceType.iPad-Pro--10-5-inch-)
iPad (6th generation) (com.apple.CoreSimulator.SimDeviceType.iPad--6th-generation-)
iPad (7th generation) (com.apple.CoreSimulator.SimDeviceType.iPad--7th-generation-)
iPad Pro (11-inch) (1st generation) (com.apple.CoreSimulator.SimDeviceType.iPad-Pro--11-inch-)
iPad Pro (12.9-inch) (3rd generation) (com.apple.CoreSimulator.SimDeviceType.iPad-Pro--12-9-inch---3rd-generation-)
iPad Pro (11-inch) (2nd generation) (com.apple.CoreSimulator.SimDeviceType.iPad-Pro--11-inch---2nd-generation-)
iPad Pro (12.9-inch) (4th generation) (com.apple.CoreSimulator.SimDeviceType.iPad-Pro--12-9-inch---4th-generation-)
iPad mini (5th generation) (com.apple.CoreSimulator.SimDeviceType.iPad-mini--5th-generation-)
iPad Air (3rd generation) (com.apple.CoreSimulator.SimDeviceType.iPad-Air--3rd-generation-)
Apple TV (com.apple.CoreSimulator.SimDeviceType.Apple-TV-1080p)
Apple TV 4K (com.apple.CoreSimulator.SimDeviceType.Apple-TV-4K-4K)
Apple TV 4K (at 1080p) (com.apple.CoreSimulator.SimDeviceType.Apple-TV-4K-1080p)
Apple Watch - 38mm (com.apple.CoreSimulator.SimDeviceType.Apple-Watch-38mm)
Apple Watch - 42mm (com.apple.CoreSimulator.SimDeviceType.Apple-Watch-42mm)
Apple Watch Series 2 - 38mm (com.apple.CoreSimulator.SimDeviceType.Apple-Watch-Series-2-38mm)
Apple Watch Series 2 - 42mm (com.apple.CoreSimulator.SimDeviceType.Apple-Watch-Series-2-42mm)
Apple Watch Series 3 - 38mm (com.apple.CoreSimulator.SimDeviceType.Apple-Watch-Series-3-38mm)
Apple Watch Series 3 - 42mm (com.apple.CoreSimulator.SimDeviceType.Apple-Watch-Series-3-42mm)
Apple Watch Series 4 - 40mm (com.apple.CoreSimulator.SimDeviceType.Apple-Watch-Series-4-40mm)
Apple Watch Series 4 - 44mm (com.apple.CoreSimulator.SimDeviceType.Apple-Watch-Series-4-44mm)
Apple Watch Series 5 - 40mm (com.apple.CoreSimulator.SimDeviceType.Apple-Watch-Series-5-40mm)
Apple Watch Series 5 - 44mm (com.apple.CoreSimulator.SimDeviceType.Apple-Watch-Series-5-44mm)
== Runtimes ==
iOS 13.0 (13.0 - 17A577) - com.apple.CoreSimulator.SimRuntime.iOS-13-0 
iOS 13.1 (13.1 - 17A844) - com.apple.CoreSimulator.SimRuntime.iOS-13-1 
iOS 13.2 (13.2.2 - 17B102) - com.apple.CoreSimulator.SimRuntime.iOS-13-2 
iOS 13.3 (13.3 - 17C45) - com.apple.CoreSimulator.SimRuntime.iOS-13-3 
iOS 13.4 (13.4 - 17E255) - com.apple.CoreSimulator.SimRuntime.iOS-13-4 
iOS 13.5 (13.5 - 17F5054f) - com.apple.CoreSimulator.SimRuntime.iOS-13-5 
tvOS 13.0 (13.0 - 17J585) - com.apple.CoreSimulator.SimRuntime.tvOS-13-0 
tvOS 13.2 (13.2 - 17K90) - com.apple.CoreSimulator.SimRuntime.tvOS-13-2 
tvOS 13.3 (13.3 - 17K446) - com.apple.CoreSimulator.SimRuntime.tvOS-13-3 
tvOS 13.4 (13.4 - 17L255) - com.apple.CoreSimulator.SimRuntime.tvOS-13-4 
watchOS 6.0 (6.0 - 17R575) - com.apple.CoreSimulator.SimRuntime.watchOS-6-0 
watchOS 6.1 (6.1.1 - 17S445) - com.apple.CoreSimulator.SimRuntime.watchOS-6-1 
watchOS 6.2 (6.2.1 - 17T531) - com.apple.CoreSimulator.SimRuntime.watchOS-6-2 
== Devices ==
-- iOS 13.0 --
    iPhone 8 (4F8142F0-05A3-4355-9464-F9446D5ED5A0) (Shutdown) 
    iPhone 8 Plus (F1518FE5-0DED-4CB2-AB3B-57411DF4E4C2) (Shutdown) 
    iPhone 11 (1F22EFD2-DC3B-4A23-A72A-2C9DA5E00161) (Shutdown) 
    iPhone 11 Pro (F4DAA423-8CC9-4EC8-A687-E41E73B37A7F) (Shutdown) 
    iPhone 11 Pro Max (FA134331-43AF-489D-AF57-A7BCFD8AB5AE) (Shutdown) 
    iPad Pro (9.7-inch) (AFB82996-A005-45C3-92CD-153CFAEE6B52) (Shutdown) 
    iPad Pro (11-inch) (1st generation) (F06F6E31-782C-4574-87E3-B74F35CBCDEA) (Shutdown) 
    iPad Pro (12.9-inch) (3rd generation) (AAC153C6-8A4A-4DE0-84AB-4A4284A572C0) (Shutdown) 
    iPad Air (3rd generation) (76D62F72-E52A-4F64-8DC5-133F4FA72EDF) (Shutdown) 
-- iOS 13.1 --
    iPhone 8 (70C511E1-7136-47B7-ACE4-82972A252B0E) (Shutdown) 
    iPhone 8 Plus (7F1A6809-95D7-4DC1-BC11-EC3CFDA67C01) (Shutdown) 
    iPhone 11 (161627B4-18E6-4B86-BC1D-C564ACC21505) (Shutdown) 
    iPhone 11 Pro (2FB1EEC4-5FB4-4FCC-90F2-2EA81BCEF573) (Shutdown) 
    iPhone 11 Pro Max (E3AC492F-36C2-4AC1-A704-C3418DBBD258) (Shutdown) 
    iPad Pro (9.7-inch) (586CE697-7E37-4698-973B-DCEC3EE296DA) (Shutdown) 
    iPad Pro (11-inch) (1st generation) (AB69112B-83CD-445E-BBE7-97C0ED9F3953) (Shutdown) 
    iPad Pro (12.9-inch) (3rd generation) (8A531D60-087A-45F9-81B2-1FA969CDD341) (Shutdown) 
    iPad Air (3rd generation) (AD60D151-E27C-4CF0-8355-05F95B697532) (Shutdown) 
-- iOS 13.2 --
    iPhone 8 (91371356-7431-4CDC-9A0E-64E6BBE05F54) (Shutdown) 
    iPhone 8 Plus (BC4DA143-FDE8-4E2B-B34F-FCE1FDF74202) (Shutdown) 
    iPhone 11 (F75FFD6F-DA34-42FE-A42B-41946926B786) (Shutdown) 
    iPhone 11 Pro (180A8610-9DBC-4C08-BE4D-E110E75152C9) (Shutdown) 
    iPhone 11 Pro Max (E87A79C3-9CA6-4325-9C3D-47BBB1415006) (Shutdown) 
    iPad Pro (9.7-inch) (686F0990-6858-43AF-9FF5-BBD163628DA8) (Shutdown) 
    iPad (7th generation) (22EC2E6D-EF32-4967-BF5D-F7E99D6C853F) (Shutdown) 
    iPad Pro (11-inch) (1st generation) (556D2AA3-D3EA-48B9-8357-E17452540CCF) (Shutdown) 
    iPad Pro (12.9-inch) (3rd generation) (45C09ED6-F64C-4D0F-A7B1-50F76D354B8F) (Shutdown) 
    iPad Air (3rd generation) (76905257-3F6F-4FE6-AB6D-A9560361CA5D) (Shutdown) 
-- iOS 13.3 --
    iPhone 8 (5B80CC75-3925-44CC-B432-0B6BD4693984) (Shutdown) 
    iPhone 8 Plus (77E1B1FC-C605-4202-9C01-F6F642DACC4C) (Shutdown) 
    iPhone 11 (B5027322-0639-4CDB-9E6B-45586F9F2D35) (Shutdown) 
    iPhone 11 Pro (42123768-D8DC-42C8-B670-EE557C6D7DD7) (Shutdown) 
    iPhone 11 Pro Max (FCA57670-AB1E-4263-A997-E076F7BE3F05) (Shutdown) 
    iPad Pro (9.7-inch) (16F9BCC4-CF7B-40BD-AC2A-ADEB621DDCD1) (Shutdown) 
    iPad (7th generation) (8362E68F-E4B6-44DC-921E-09155216173F) (Shutdown) 
    iPad Pro (11-inch) (1st generation) (A47E96F1-88F7-4E4E-9749-881C6F8B893B) (Shutdown) 
    iPad Pro (12.9-inch) (3rd generation) (F1AE8F3D-31EF-41F4-ADCE-D62AF6AC26CF) (Shutdown) 
    iPad Air (3rd generation) (4F23570D-0E3D-488E-A549-B775D0082A36) (Shutdown) 
-- iOS 13.4 --
    iPhone 8 (402BA166-80AC-4D9A-9B4B-C4983B278422) (Shutdown) 
    iPhone 8 Plus (E92A56DE-FFC7-408C-8D7D-D17C217B1F97) (Shutdown) 
    iPhone 11 (9B9CDC6D-5020-4D54-A49A-18FC42D4FD73) (Shutdown) 
    iPhone 11 Pro (7BC29912-B839-485D-8DF3-0A1122022736) (Shutdown) 
    iPhone 11 Pro Max (68271B5A-2F5C-4E62-988C-77AAD9430954) (Shutdown) 
    iPad Pro (9.7-inch) (4D3512D4-4D25-4630-A7A3-5859141917A3) (Shutdown) 
    iPad (7th generation) (6E52754A-273B-4D00-98CD-ECCE43C97287) (Shutdown) 
    iPad Pro (11-inch) (2nd generation) (C8C300D5-6364-4D95-B22A-520CD695BD38) (Shutdown) 
    iPad Pro (12.9-inch) (4th generation) (C06182B0-52CF-4385-A2C0-931027187791) (Shutdown) 
    iPad Air (3rd generation) (341C8892-C8F1-436B-934D-A2E8E25D3383) (Shutdown) 
-- iOS 13.5 --
    iPhone 8 (52E9E56C-1B01-4CFA-B34D-6AF8FEC51F5C) (Shutdown) 
    iPhone 8 Plus (A20380A3-455B-4B8B-A6C9-D33D1EE4B1F4) (Shutdown) 
    iPhone 11 (F8CDEED0-32C8-4F12-9987-FFABF4EE8861) (Shutdown) 
    iPhone 11 Pro (6AC26C00-48FE-4F50-9820-7A1689E7D6E9) (Shutdown) 
    iPhone 11 Pro Max (D993DFE4-BDE0-4FEE-8B7B-D35E942EB8A5) (Shutdown) 
    iPhone SE (2nd generation) (FEFF2A16-9228-4CB2-8A72-8F3CDC8062E5) (Shutdown) 
    iPad Pro (9.7-inch) (4A8B3B38-1A4E-46FE-8A02-4F40537D2319) (Shutdown) 
    iPad (7th generation) (96850E3D-CC27-406B-9523-191E18A54C50) (Shutdown) 
    iPad Pro (11-inch) (2nd generation) (5AF214ED-C226-434A-A3AC-59205F49BA11) (Shutdown) 
    iPad Pro (12.9-inch) (4th generation) (970A5629-E5FF-4438-8DDB-75081DC9885E) (Shutdown) 
    iPad Air (3rd generation) (13545CB3-C42F-4C71-82DE-130E3F019FA6) (Shutdown) 
-- tvOS 13.0 --
    Apple TV (5C7D623F-2C9F-4A8D-B3B7-B3163E5AEE8C) (Shutdown) 
    Apple TV 4K (183450DE-BCAD-4CF5-A400-C8F8BEF24A4C) (Shutdown) 
    Apple TV 4K (at 1080p) (00ECFEE8-54E4-4E78-AAB2-1BCD5A7A30DE) (Shutdown) 
-- tvOS 13.2 --
    Apple TV (727B11BD-63AB-4335-95C4-80C39F6A078B) (Shutdown) 
    Apple TV 4K (DDEA90A1-219B-4C30-BD4F-DD4DA4F9B03F) (Shutdown) 
    Apple TV 4K (at 1080p) (AD798529-C4FF-4E93-8B93-4C05B749772F) (Shutdown) 
-- tvOS 13.3 --
    Apple TV (99702A54-A154-48F5-83E7-33E0882DC446) (Shutdown) 
    Apple TV 4K (F65D1031-9259-46A5-83B0-11FE476BC2D7) (Shutdown) 
    Apple TV 4K (at 1080p) (9E7C001A-0CBB-4FC5-9661-8174BBFFF150) (Shutdown) 
-- tvOS 13.4 --
    Apple TV (0A8B7690-3A7E-4C5A-88C5-A4FCAAA81679) (Shutdown) 
    Apple TV 4K (634649E1-B3DD-45A7-9256-EBE01DB45BB7) (Shutdown) 
    Apple TV 4K (at 1080p) (8199D0E0-CD89-4DA9-B422-C8CBBA2C5C7E) (Shutdown) 
-- watchOS 6.0 --
    Apple Watch Series 4 - 40mm (A1FAA46D-2D0D-4F13-8BAE-24C09FEC5263) (Shutdown) 
    Apple Watch Series 4 - 44mm (A3EC9945-77D3-4587-BF99-05E2E0015102) (Shutdown) 
    Apple Watch Series 5 - 40mm (FD638D94-1BAB-4D21-9D43-1447FD0AB5B5) (Shutdown) 
    Apple Watch Series 5 - 44mm (32A6C809-5F55-4425-9274-7B71BCC10DAE) (Shutdown) 
-- watchOS 6.1 --
    Apple Watch Series 4 - 40mm (34B5D1DA-8FBF-4760-B360-417F74136773) (Shutdown) 
    Apple Watch Series 4 - 44mm (3C0E54D7-673A-4A92-AFE8-45A81B1FB2C3) (Shutdown) 
    Apple Watch Series 5 - 40mm (3F020DCC-E577-4D98-97CE-4A0869490800) (Shutdown) 
    Apple Watch Series 5 - 44mm (029D548B-42C7-4765-BC12-5145E697EC90) (Shutdown) 
-- watchOS 6.2 --
    Apple Watch Series 4 - 40mm (BCA07D77-0A75-4119-B463-EAAB65EDEE24) (Shutdown) 
    Apple Watch Series 4 - 44mm (06EB1D3E-22D1-476A-A72A-B0D73F13B536) (Shutdown) 
    Apple Watch Series 5 - 40mm (583CF4D2-38FD-483F-A72A-21E86770329D) (Shutdown) 
    Apple Watch Series 5 - 44mm (E46F23D5-7954-4CCF-A741-4C2AD42E8F27) (Shutdown) 
== Device Pairs ==
C8ED842B-2458-4E25-8C22-7A1400B923CB (active, disconnected)
    Watch: Apple Watch Series 5 - 40mm (583CF4D2-38FD-483F-A72A-21E86770329D) (Shutdown)
    Phone: iPhone 11 Pro (6AC26C00-48FE-4F50-9820-7A1689E7D6E9) (Shutdown)
B9653F9D-1C9C-44D1-B104-63906E0EB31C (active, disconnected)
    Watch: Apple Watch Series 5 - 44mm (E46F23D5-7954-4CCF-A741-4C2AD42E8F27) (Shutdown)
    Phone: iPhone 11 Pro Max (D993DFE4-BDE0-4FEE-8B7B-D35E942EB8A5) (Shutdown)

========================================


=== OS X info =========================

* sw_vers
ProductName:	Mac OS X
ProductVersion:	10.15.3
BuildVersion:	19D76

* system_profiler SPSoftwareDataType
Software:

    System Software Overview:

      System Version: macOS 10.15.3 (19D76)
      Kernel Version: Darwin 19.3.0
      Boot Volume: Untitled
      Boot Mode: Normal
      Computer Name: stg-xcode-11-5-200430170737-nJ8r4nTNyYxggoHhyf3L4H
      User Name: vagrant (vagrant)
      Secure Virtual Memory: Enabled
      System Integrity Protection: Disabled
      Time since boot: 7 minutes


========================================


=== System infos =======================
* Free disk space: 
    Filesystem         Size        Avail
  /dev/disk1s5        200Gi         82Gi
========================================

--- Android

* ANDROID_HOME (/usr/local/share/android-sdk) content:
add-ons
build-tools
emulator
extras
licenses
patcher
platforms
system-images
tools

* ANDROID_NDK_HOME (/opt/android-ndk/android-ndk-r21) content:
CHANGELOG.md
NOTICE
NOTICE.toolchain
README.md
build
meta
ndk-build
ndk-gdb
ndk-stack
ndk-which
platforms
prebuilt
python-packages
shader-tools
simpleperf
source.properties
sources
sysroot
toolchains
wrap.sh

* Android NDK Version:
Pkg.Desc = Android NDK
Pkg.Revision = 21.0.6113669

* platform-tools content:
NOTICE.txt
adb
api
dmtracedump
e2fsdroid
etc1tool
fastboot
hprof-conv
lib64
make_f2fs
mke2fs
mke2fs.conf
sload_f2fs
source.properties
sqlite3
systrace

* build-tools content:
17.0.0
19.1.0
21.1.2
22.0.1
23.0.3
24.0.3
25.0.3
26.0.1
26.0.2
27.0.0
27.0.1
27.0.2
27.0.3
28.0.0
28.0.1
28.0.2
28.0.3
29.0.0
29.0.1
29.0.2
29.0.3

* extras content:
/usr/local/share/android-sdk/extras
├── android
│   └── m2repository
├── google
│   ├── google_play_services
│   └── m2repository
└── m2repository
    └── com

7 directories, 0 files

* platforms content:
android-15
android-17
android-19
android-21
android-22
android-23
android-24
android-25
android-26
android-27
android-28
android-29

* system-images content:
/usr/local/share/android-sdk/system-images
├── android-26
│   └── google_apis
│       └── x86
├── android-28
│   └── google_apis
│       └── x86
└── android-29
    └── google_apis
        └── x86

9 directories, 0 files

========================================


=== Android APK tools ==================

* aapt2:
Android Asset Packaging Tool (aapt) 2:19

========================================


=== Environment infos =======================
MATCH_KEYCHAIN_PASSWORD environment set
========================================


=== Control tests ======================
source $HOME/.bash_profile ...
source $HOME/.bash_profile - PASSED
========================================

