 (i) Ignore Errors: enabled

#
# This System Report was generated by: https://github.com/bitrise-io/osx-box-bootstrap/blob/master/system_report.sh
#  Pull Requests are welcome!
#


=== Revision / ID ======================
* BITRISE_OSX_STACK_REV_ID: v2021_05_07_1
========================================


=== Pre-installed tool versions ========
* Go: go version go1.15.11 darwin/amd64
* Python: Python 2.7.10
* Node.js: v12.22.1
* NPM: 6.14.12
* Yarn: 1.22.10
* Java: openjdk version "1.8.0_292"
OpenJDK Runtime Environment (AdoptOpenJDK)(build 1.8.0_292-b10)
OpenJDK 64-Bit Server VM (AdoptOpenJDK)(build 25.292-b10, mixed mode)
* Flutter: Flutter 1.22.6 • channel stable • https://github.com/flutter/flutter.git

* git: git version 2.31.1
* git lfs: git-lfs/2.13.3 (GitHub; darwin amd64; go 1.16.2)
* mercurial/hg: Mercurial Distributed SCM (version 5.7.1)
* curl: curl 7.54.0 (x86_64-apple-darwin18.0) libcurl/7.54.0 LibreSSL/2.6.5 zlib/1.2.11 nghttp2/1.24.1
* wget: GNU Wget 1.21.1 built on darwin18.7.0.
* rsync: rsync  version 2.6.9  protocol version 29
* unzip: UnZip 6.00 of 20 April 2009, by Info-ZIP.  Maintained by C. Spieler.  Send
* zip: This is Zip 3.0 (July 5th 2008), by Info-ZIP.
* tar: bsdtar 2.8.3 - libarchive 2.8.3
* tree: tree v1.8.0 (c) 1996 - 2018 by Steve Baker, Thomas Moore, Francesc Rocher, Florian Sesser, Kyosuke Tokoro 

* brew: Homebrew 3.1.5
Homebrew/homebrew-core (git revision 9e21f78f8d; last commit 2021-04-13)
Homebrew/homebrew-cask (git revision f2ef2b1128; last commit 2021-04-13)
* Ansible: ansible 2.10.7
  config file = /Users/vagrant/git/ansible.cfg
  configured module search path = ['/Users/vagrant/.ansible/plugins/modules', '/usr/share/ansible/plugins/modules']
  ansible python module location = /usr/local/Cellar/ansible/3.2.0/libexec/lib/python3.9/site-packages/ansible
  executable location = /usr/local/bin/ansible
* gtimeout: timeout (GNU coreutils) 8.32
* watchman: 4.9.0
* flow: Flow, a static type checker for JavaScript, version 0.148.0
* carthage: 0.37.0
* imagemagick (convert): Version: ImageMagick 7.0.11-7 Q16 x86_64 2021-04-12 https://imagemagick.org
* ghostscript (ps2ascii): 9.53.3
* screen: Screen version 4.08.00 (GNU) 05-Feb-20
* firebase: 9.8.0
* applesimutils version 0.9.2
* jq: 1.6
* Version: 0.8.1
* XCLogParser 0.2.21
* Screen 4.08.00
* applesimutils 0.9.2
* OpenConnect version v8.10
* aws-cli: aws-cli/2.1.36 Python/3.9.4 Darwin/18.7.0 source/x86_64 prompt/off
* cmake: 3.20.1
./system_report.sh: line 76: danger-swift: command not found
* danger-swift: 

--- Bitrise CLI tool versions
* bitrise: 1.45.1
* stepman: 0.13.0
* envman: 2.3.0
* cmd-bridge: 0.9.5
========================================


=== Brew list versions ==================
ansible 3.2.0
ant 1.10.9
aom 3.0.0
applesimutils 0.9.2
autoconf 2.71
awscli 2.1.36
bdw-gc 8.0.4_2
brotli 1.0.9
c-ares 1.17.1
carthage 0.37.0
cmake 3.20.1
coreutils 8.32
docbook 5.1_1
docbook-xsl 1.79.2_1
flow 0.148.0
freetype 2.10.4
gdbm 1.19
gettext 0.21
ghostscript 9.53.3_1
git 2.31.1
git-lfs 2.13.3
glib 2.68.0
gmp 6.2.1
gnu-getopt 2.36.2
gnutls 3.6.15
go@1.15 1.15.11
gradle 7.0
guile 3.0.5
icu4c 68.2
ilmbase 2.5.5
imagemagick 7.0.11-7
jemalloc 5.2.1_1
jenv 0.5.4
jpeg 9d
jq 1.6
libde265 1.0.8
libev 4.33
libevent 2.1.12
libffi 3.3_3
libheif 1.11.0_2
libidn2 2.3.0
liblqr 0.4.2_1
libomp 11.1.0
libpng 1.6.37
libtasn1 4.16.0_1
libtiff 4.2.0
libtool 2.4.6_3
libunistring 0.9.10
libuv 1.41.0
libyaml 0.2.5
little-cms2 2.12
m4 1.4.18
maven 3.8.1
mercurial 5.7.1
mpdecimal 2.5.1
nettle 3.7.2
nghttp2 1.43.0
node 15.14.0
node@12 12.22.1
oniguruma 6.9.6
openconnect 8.10
openexr 2.5.5
openjdk 15.0.2
openjpeg 2.4.0
openssl@1.1 1.1.1k
p11-kit 0.23.22
pcre 8.44
pcre2 10.36
pkg-config 0.29.2_3
python@3.9 3.9.4
rbenv 1.1.2
readline 8.1
ruby-build 20210405
screen 4.8.0
shared-mime-info 2.1
sqlite 3.35.4
stoken 0.92_1
tcl-tk 8.6.11_1
tree 1.8.0
unbound 1.13.1
watchman 4.9.0_5
webp 1.2.0
wget 1.21.1
x265 3.5
xmlto 0.0.28
xz 5.2.5
yarn 1.22.10
========================================


=== Brew deps tree ==================
adoptopenjdk/openjdk/adoptopenjdk11

adoptopenjdk/openjdk/adoptopenjdk8

ansible
├── libyaml
├── openssl@1.1
└── python@3.9
    ├── gdbm
    ├── mpdecimal
    ├── openssl@1.1
    ├── readline
    ├── sqlite
    │   └── readline
    └── xz

ant
└── openjdk

aom

wix/brew/applesimutils

autoconf
└── m4

awscli
└── python@3.9
    ├── gdbm
    ├── mpdecimal
    ├── openssl@1.1
    ├── readline
    ├── sqlite
    │   └── readline
    └── xz

bdw-gc

brotli

c-ares

carthage

cmake

coreutils

docbook

docbook-xsl
└── docbook

flow

freetype
└── libpng

gdbm

gettext

ghostscript
└── libtiff
    └── jpeg

git
├── gettext
└── pcre2

git-lfs

glib
├── gettext
├── libffi
├── pcre
└── python@3.9
    ├── gdbm
    ├── mpdecimal
    ├── openssl@1.1
    ├── readline
    ├── sqlite
    │   └── readline
    └── xz

gmp

gnu-getopt

gnutls
├── gmp
├── guile
│   ├── bdw-gc
│   ├── gmp
│   ├── libffi
│   ├── libtool
│   │   └── m4
│   ├── libunistring
│   ├── pkg-config
│   └── readline
├── libidn2
│   ├── gettext
│   └── libunistring
├── libtasn1
├── libunistring
├── nettle
│   └── gmp
├── p11-kit
│   └── libffi
└── unbound
    ├── libevent
    │   └── openssl@1.1
    ├── nghttp2
    │   ├── c-ares
    │   ├── jemalloc
    │   ├── libev
    │   └── openssl@1.1
    └── openssl@1.1

go@1.15

gradle
└── openjdk

guile
├── bdw-gc
├── gmp
├── libffi
├── libtool
│   └── m4
├── libunistring
├── pkg-config
└── readline

icu4c

ilmbase

imagemagick
├── freetype
│   └── libpng
├── ghostscript
│   └── libtiff
│       └── jpeg
├── jpeg
├── libheif
│   ├── aom
│   ├── jpeg
│   ├── libde265
│   ├── libpng
│   ├── shared-mime-info
│   │   ├── gettext
│   │   ├── glib
│   │   │   ├── gettext
│   │   │   ├── libffi
│   │   │   ├── pcre
│   │   │   └── python@3.9
│   │   │       ├── gdbm
│   │   │       ├── mpdecimal
│   │   │       ├── openssl@1.1
│   │   │       ├── readline
│   │   │       ├── sqlite
│   │   │       │   └── readline
│   │   │       └── xz
│   │   └── xmlto
│   │       ├── docbook
│   │       ├── docbook-xsl
│   │       │   └── docbook
│   │       └── gnu-getopt
│   └── x265
├── liblqr
│   └── glib
│       ├── gettext
│       ├── libffi
│       ├── pcre
│       └── python@3.9
│           ├── gdbm
│           ├── mpdecimal
│           ├── openssl@1.1
│           ├── readline
│           ├── sqlite
│           │   └── readline
│           └── xz
├── libomp
├── libpng
├── libtiff
│   └── jpeg
├── libtool
│   └── m4
├── little-cms2
│   ├── jpeg
│   └── libtiff
│       └── jpeg
├── openexr
│   └── ilmbase
├── openjpeg
│   ├── libpng
│   ├── libtiff
│   │   └── jpeg
│   └── little-cms2
│       ├── jpeg
│       └── libtiff
│           └── jpeg
├── webp
│   ├── jpeg
│   ├── libpng
│   └── libtiff
│       └── jpeg
└── xz

jemalloc

jenv

jpeg

jq
└── oniguruma

libde265

libev

libevent
└── openssl@1.1

libffi

libheif
├── aom
├── jpeg
├── libde265
├── libpng
├── shared-mime-info
│   ├── gettext
│   ├── glib
│   │   ├── gettext
│   │   ├── libffi
│   │   ├── pcre
│   │   └── python@3.9
│   │       ├── gdbm
│   │       ├── mpdecimal
│   │       ├── openssl@1.1
│   │       ├── readline
│   │       ├── sqlite
│   │       │   └── readline
│   │       └── xz
│   └── xmlto
│       ├── docbook
│       ├── docbook-xsl
│       │   └── docbook
│       └── gnu-getopt
└── x265

libidn2
├── gettext
└── libunistring

liblqr
└── glib
    ├── gettext
    ├── libffi
    ├── pcre
    └── python@3.9
        ├── gdbm
        ├── mpdecimal
        ├── openssl@1.1
        ├── readline
        ├── sqlite
        │   └── readline
        └── xz

libomp

libpng

libtasn1

libtiff
└── jpeg

libtool
└── m4

libunistring

libuv

libyaml

little-cms2
├── jpeg
└── libtiff
    └── jpeg

m4

maven
└── openjdk

mercurial
└── python@3.9
    ├── gdbm
    ├── mpdecimal
    ├── openssl@1.1
    ├── readline
    ├── sqlite
    │   └── readline
    └── xz

mpdecimal

nettle
└── gmp

nghttp2
├── c-ares
├── jemalloc
├── libev
└── openssl@1.1

node
├── brotli
├── c-ares
├── icu4c
├── libuv
├── nghttp2
│   ├── c-ares
│   ├── jemalloc
│   ├── libev
│   └── openssl@1.1
└── openssl@1.1

node@12
└── icu4c

oniguruma

openconnect
├── gettext
├── gnutls
│   ├── gmp
│   ├── guile
│   │   ├── bdw-gc
│   │   ├── gmp
│   │   ├── libffi
│   │   ├── libtool
│   │   │   └── m4
│   │   ├── libunistring
│   │   ├── pkg-config
│   │   └── readline
│   ├── libidn2
│   │   ├── gettext
│   │   └── libunistring
│   ├── libtasn1
│   ├── libunistring
│   ├── nettle
│   │   └── gmp
│   ├── p11-kit
│   │   └── libffi
│   └── unbound
│       ├── libevent
│       │   └── openssl@1.1
│       ├── nghttp2
│       │   ├── c-ares
│       │   ├── jemalloc
│       │   ├── libev
│       │   └── openssl@1.1
│       └── openssl@1.1
└── stoken
    └── nettle
        └── gmp

openexr
└── ilmbase

openjdk

openjpeg
├── libpng
├── libtiff
│   └── jpeg
└── little-cms2
    ├── jpeg
    └── libtiff
        └── jpeg

openssl@1.1

p11-kit
└── libffi

pcre

pcre2

pkg-config

python@3.9
├── gdbm
├── mpdecimal
├── openssl@1.1
├── readline
├── sqlite
│   └── readline
└── xz

rbenv
└── ruby-build
    ├── autoconf
    │   └── m4
    ├── pkg-config
    └── readline

readline

ruby-build
├── autoconf
│   └── m4
├── pkg-config
└── readline

screen

shared-mime-info
├── gettext
├── glib
│   ├── gettext
│   ├── libffi
│   ├── pcre
│   └── python@3.9
│       ├── gdbm
│       ├── mpdecimal
│       ├── openssl@1.1
│       ├── readline
│       ├── sqlite
│       │   └── readline
│       └── xz
└── xmlto
    ├── docbook
    ├── docbook-xsl
    │   └── docbook
    └── gnu-getopt

sqlite
└── readline

stoken
└── nettle
    └── gmp

tcl-tk
└── openssl@1.1

tree

unbound
├── libevent
│   └── openssl@1.1
├── nghttp2
│   ├── c-ares
│   ├── jemalloc
│   ├── libev
│   └── openssl@1.1
└── openssl@1.1

watchman
├── openssl@1.1
├── pcre
└── python@3.9
    ├── gdbm
    ├── mpdecimal
    ├── openssl@1.1
    ├── readline
    ├── sqlite
    │   └── readline
    └── xz

webp
├── jpeg
├── libpng
└── libtiff
    └── jpeg

wget
├── libidn2
│   ├── gettext
│   └── libunistring
└── openssl@1.1

x265

xmlto
├── docbook
├── docbook-xsl
│   └── docbook
└── gnu-getopt

xz

yarn
└── node
    ├── brotli
    ├── c-ares
    ├── icu4c
    ├── libuv
    ├── nghttp2
    │   ├── c-ares
    │   ├── jemalloc
    │   ├── libev
    │   └── openssl@1.1
    └── openssl@1.1

========================================


=== Ruby and rubygems ==================
* Ruby (default): ruby 2.6.5p114 (2019-10-01 revision 67812) [x86_64-darwin18]
--- Available ruby versions ---
  system
  2.4.5
  2.5.3
* 2.6.5 (set by /Users/vagrant/.ruby-version)
-------------------------------
* rbenv: 1.1.2
* Rubygems: 3.0.3
* Bundler: Bundler version 2.1.4
* CocoaPods: 1.10.1
* xcpretty: 0.3.0
========================================


=== All Ruby GEMs ======================
activesupport (5.2.6)
addressable (2.7.0)
algoliasearch (1.27.5)
atomos (0.1.3)
aws-eventstream (1.1.1)
aws-partitions (1.452.0)
aws-sdk-core (3.114.0)
aws-sdk-kms (1.43.0)
aws-sdk-s3 (1.94.1)
aws-sigv4 (1.2.3)
babosa (1.0.4)
bigdecimal (default: 1.4.1)
bundler (2.1.4, default: 1.17.2)
CFPropertyList (3.0.3)
claide (1.0.3)
clamp (1.3.2)
cmath (default: 1.0.0)
cocoapods (1.10.1)
cocoapods-core (1.10.1)
cocoapods-deintegrate (1.0.4)
cocoapods-downloader (1.4.0)
cocoapods-plugins (1.0.0)
cocoapods-search (1.0.0)
cocoapods-trunk (1.5.0)
cocoapods-try (1.2.0)
colored (1.2)
colored2 (3.1.2)
commander-fastlane (4.4.6)
concurrent-ruby (1.1.8)
csv (default: 3.0.9)
date (default: 2.0.0)
dbm (default: 1.0.0)
declarative (0.0.20)
digest-crc (0.6.3)
domain_name (0.5.20190701)
dotenv (2.7.6)
e2mmap (default: 0.1.0)
emoji_regex (3.2.2)
escape (0.0.4)
etc (default: 1.0.1)
ethon (0.14.0)
excon (0.81.0)
faraday (1.4.1)
faraday-cookie_jar (0.0.7)
faraday-excon (1.1.0)
faraday-net_http (1.0.1)
faraday-net_http_persistent (1.1.0)
faraday_middleware (1.0.0)
fastimage (2.2.3)
fastlane (2.166.0)
fcntl (default: 1.0.0)
ffi (1.15.0)
fiddle (default: 1.0.0)
fileutils (default: 1.1.0)
forwardable (default: 1.2.0)
fourflusher (2.3.1)
fuzzy_match (2.0.4)
gh_inspector (1.1.3)
google-api-client (0.38.0)
google-apis-core (0.3.0)
google-apis-iamcredentials_v1 (0.3.0)
google-apis-storage_v1 (0.3.0)
google-cloud-core (1.6.0)
google-cloud-env (1.5.0)
google-cloud-errors (1.1.0)
google-cloud-storage (1.31.0)
googleauth (0.16.2)
highline (1.7.10)
http-cookie (1.0.3)
httpclient (2.8.3)
i18n (1.8.10)
io-console (default: 0.4.7)
ipaddr (default: 1.2.2)
irb (default: 1.0.0)
jazzy (0.13.6)
jmespath (1.4.0)
json (default: 2.1.0)
jwt (2.2.3)
liferaft (0.0.6)
logger (default: 1.3.0)
matrix (default: 0.1.0)
memoist (0.16.2)
mini_magick (4.11.0)
mini_mime (1.1.0)
minitest (5.14.4)
molinillo (0.6.6)
multi_json (1.15.0)
multipart-post (2.0.0)
mustache (1.1.1)
mutex_m (default: 0.1.0)
nanaimo (0.3.0)
nap (1.1.0)
naturally (2.2.1)
netrc (0.11.0)
nokogiri (1.11.3 x86_64-darwin)
open4 (1.3.4)
openssl (default: 2.1.2)
os (1.1.1)
ostruct (default: 0.1.0)
plist (3.6.0)
prime (default: 0.1.0)
psych (default: 3.1.0)
public_suffix (4.0.6)
racc (1.5.2)
rake (13.0.3)
rdoc (default: 6.1.2)
redcarpet (3.5.1)
representable (3.1.1)
retriable (3.1.2)
rexml (default: 3.1.9)
rouge (2.0.7)
rss (default: 0.2.7)
ruby-macho (1.4.0)
ruby2_keywords (0.0.4)
rubyzip (2.3.0)
sassc (2.4.0)
scanf (default: 1.0.0)
sdbm (default: 1.0.0)
security (0.1.3)
shell (default: 0.7)
signet (0.15.0)
simctl (1.6.8)
slack-notifier (2.4.0)
slather (2.5.0)
sqlite3 (1.4.2)
stringio (default: 0.0.2)
strscan (default: 1.0.0)
sync (default: 0.5.0)
terminal-notifier (2.0.0)
terminal-table (1.8.0)
thread_safe (0.3.6)
thwait (default: 0.1.0)
tracer (default: 0.1.0)
trailblazer-option (0.1.1)
trainer (0.9.1)
tty-cursor (0.7.1)
tty-screen (0.8.1)
tty-spinner (0.9.3)
typhoeus (1.4.0)
tzinfo (1.2.9)
uber (0.1.0)
unf (0.1.4)
unf_ext (0.0.7.7)
unicode-display_width (1.7.0)
webrick (default: 1.4.2)
word_wrap (1.0.0)
xcinvoke (0.3.0)
xcode-install (2.7.0)
xcodeproj (1.19.0)
xcov (1.7.5)
xcpretty (0.3.0)
xcpretty-json-formatter (0.1.1)
xcpretty-travis-formatter (1.0.1)
xcresult (0.2.1)
zlib (default: 1.0.0)
========================================


=== NPM global packages ==========================
* Cordova: 9.0.0 (cordova-lib@9.0.1)
* Ionic: 6.11.12
* Appcenter-CLI version: 2.7.3
========================================


=== Checking Xcode CLT dirs ============

 ls -1 /Library/Developer/CommandLineTools/SDKs/MacOSX.sdk/usr/include/CommonCrypto
CommonCrypto.h
CommonCryptoError.h
CommonCryptor.h
CommonDigest.h
CommonHMAC.h
CommonKeyDerivation.h
CommonRandom.h
CommonSymmetricKeywrap.h
module.modulemap

 * ls -1 /Library/Developer/CommandLineTools/
Library
Packages
SDKs
usr

 * /Library/Developer/CommandLineTools/usr/bin/swift --version
Apple Swift version 5.0.1 (swiftlang-1001.0.82.4 clang-1001.0.46.5)
Target: x86_64-apple-darwin18.7.0

========================================


=== Xcode ==============================

* Active Xcode Command Line Tools:
/Applications/Xcode-11.1.app/Contents/Developer

* Xcode Version:
Xcode 11.1
Build version 11A1027

* /usr/bin/swift --version
Apple Swift version 5.1 (swiftlang-1100.0.270.13 clang-1100.0.33.7)
Target: x86_64-apple-darwin18.7.0

* Installed SDKs:
iOS SDKs:
	iOS 13.1                      	-sdk iphoneos13.1

iOS Simulator SDKs:
	Simulator - iOS 13.1          	-sdk iphonesimulator13.1

macOS SDKs:
	DriverKit 19.0                	-sdk driverkit.macosx19.0
	macOS 10.15                   	-sdk macosx10.15

tvOS SDKs:
	tvOS 13.0                     	-sdk appletvos13.0

tvOS Simulator SDKs:
	Simulator - tvOS 13.0         	-sdk appletvsimulator13.0

watchOS SDKs:
	watchOS 6.0                   	-sdk watchos6.0

watchOS Simulator SDKs:
	Simulator - watchOS 6.0       	-sdk watchsimulator6.0


* Available Simulators:
== Device Types ==
iPhone 4s (com.apple.CoreSimulator.SimDeviceType.iPhone-4s)
iPhone 5 (com.apple.CoreSimulator.SimDeviceType.iPhone-5)
iPhone 5s (com.apple.CoreSimulator.SimDeviceType.iPhone-5s)
iPhone 6 Plus (com.apple.CoreSimulator.SimDeviceType.iPhone-6-Plus)
iPhone 6 (com.apple.CoreSimulator.SimDeviceType.iPhone-6)
iPhone 6s (com.apple.CoreSimulator.SimDeviceType.iPhone-6s)
iPhone 6s Plus (com.apple.CoreSimulator.SimDeviceType.iPhone-6s-Plus)
iPhone SE (com.apple.CoreSimulator.SimDeviceType.iPhone-SE)
iPhone 7 (com.apple.CoreSimulator.SimDeviceType.iPhone-7)
iPhone 7 Plus (com.apple.CoreSimulator.SimDeviceType.iPhone-7-Plus)
iPhone 8 (com.apple.CoreSimulator.SimDeviceType.iPhone-8)
iPhone 8 Plus (com.apple.CoreSimulator.SimDeviceType.iPhone-8-Plus)
iPhone X (com.apple.CoreSimulator.SimDeviceType.iPhone-X)
iPhone Xs (com.apple.CoreSimulator.SimDeviceType.iPhone-XS)
iPhone Xs Max (com.apple.CoreSimulator.SimDeviceType.iPhone-XS-Max)
iPhone Xʀ (com.apple.CoreSimulator.SimDeviceType.iPhone-XR)
iPhone 11 (com.apple.CoreSimulator.SimDeviceType.iPhone-11)
iPhone 11 Pro (com.apple.CoreSimulator.SimDeviceType.iPhone-11-Pro)
iPhone 11 Pro Max (com.apple.CoreSimulator.SimDeviceType.iPhone-11-Pro-Max)
iPad 2 (com.apple.CoreSimulator.SimDeviceType.iPad-2)
iPad Retina (com.apple.CoreSimulator.SimDeviceType.iPad-Retina)
iPad Air (com.apple.CoreSimulator.SimDeviceType.iPad-Air)
iPad mini 2 (com.apple.CoreSimulator.SimDeviceType.iPad-mini-2)
iPad mini 3 (com.apple.CoreSimulator.SimDeviceType.iPad-mini-3)
iPad mini 4 (com.apple.CoreSimulator.SimDeviceType.iPad-mini-4)
iPad Air 2 (com.apple.CoreSimulator.SimDeviceType.iPad-Air-2)
iPad Pro (9.7-inch) (com.apple.CoreSimulator.SimDeviceType.iPad-Pro--9-7-inch-)
iPad Pro (12.9-inch) (com.apple.CoreSimulator.SimDeviceType.iPad-Pro)
iPad (5th generation) (com.apple.CoreSimulator.SimDeviceType.iPad--5th-generation-)
iPad Pro (12.9-inch) (2nd generation) (com.apple.CoreSimulator.SimDeviceType.iPad-Pro--12-9-inch---2nd-generation-)
iPad Pro (10.5-inch) (com.apple.CoreSimulator.SimDeviceType.iPad-Pro--10-5-inch-)
iPad (6th generation) (com.apple.CoreSimulator.SimDeviceType.iPad--6th-generation-)
iPad (7th generation) (com.apple.CoreSimulator.SimDeviceType.iPad--7th-generation-)
iPad Pro (11-inch) (com.apple.CoreSimulator.SimDeviceType.iPad-Pro--11-inch-)
iPad Pro (12.9-inch) (3rd generation) (com.apple.CoreSimulator.SimDeviceType.iPad-Pro--12-9-inch---3rd-generation-)
iPad mini (5th generation) (com.apple.CoreSimulator.SimDeviceType.iPad-mini--5th-generation-)
iPad Air (3rd generation) (com.apple.CoreSimulator.SimDeviceType.iPad-Air--3rd-generation-)
Apple TV (com.apple.CoreSimulator.SimDeviceType.Apple-TV-1080p)
Apple TV 4K (com.apple.CoreSimulator.SimDeviceType.Apple-TV-4K-4K)
Apple TV 4K (at 1080p) (com.apple.CoreSimulator.SimDeviceType.Apple-TV-4K-1080p)
Apple Watch - 38mm (com.apple.CoreSimulator.SimDeviceType.Apple-Watch-38mm)
Apple Watch - 42mm (com.apple.CoreSimulator.SimDeviceType.Apple-Watch-42mm)
Apple Watch Series 2 - 38mm (com.apple.CoreSimulator.SimDeviceType.Apple-Watch-Series-2-38mm)
Apple Watch Series 2 - 42mm (com.apple.CoreSimulator.SimDeviceType.Apple-Watch-Series-2-42mm)
Apple Watch Series 3 - 38mm (com.apple.CoreSimulator.SimDeviceType.Apple-Watch-Series-3-38mm)
Apple Watch Series 3 - 42mm (com.apple.CoreSimulator.SimDeviceType.Apple-Watch-Series-3-42mm)
Apple Watch Series 4 - 40mm (com.apple.CoreSimulator.SimDeviceType.Apple-Watch-Series-4-40mm)
Apple Watch Series 4 - 44mm (com.apple.CoreSimulator.SimDeviceType.Apple-Watch-Series-4-44mm)
Apple Watch Series 5 - 40mm (com.apple.CoreSimulator.SimDeviceType.Apple-Watch-Series-5-40mm)
Apple Watch Series 5 - 44mm (com.apple.CoreSimulator.SimDeviceType.Apple-Watch-Series-5-44mm)
== Runtimes ==
iOS 12.0 (12.0 - 16A366) - com.apple.CoreSimulator.SimRuntime.iOS-12-0 
iOS 12.1 (12.1 - 16B91) - com.apple.CoreSimulator.SimRuntime.iOS-12-1 
iOS 12.2 (12.2 - 16E226) - com.apple.CoreSimulator.SimRuntime.iOS-12-2 
iOS 13.1 (13.1 - 17A844) - com.apple.CoreSimulator.SimRuntime.iOS-13-1 
tvOS 12.0 (12.0 - 16J364) - com.apple.CoreSimulator.SimRuntime.tvOS-12-0 
tvOS 12.1 (12.1 - 16J602) - com.apple.CoreSimulator.SimRuntime.tvOS-12-1 
tvOS 12.2 (12.2 - 16L225) - com.apple.CoreSimulator.SimRuntime.tvOS-12-2 
tvOS 13.0 (13.0 - 17J585) - com.apple.CoreSimulator.SimRuntime.tvOS-13-0 
watchOS 5.0 (5.0 - 16R363) - com.apple.CoreSimulator.SimRuntime.watchOS-5-0 
watchOS 5.1 (5.1 - 16R591) - com.apple.CoreSimulator.SimRuntime.watchOS-5-1 
watchOS 5.2 (5.2 - 16T224) - com.apple.CoreSimulator.SimRuntime.watchOS-5-2 
watchOS 6.0 (6.0 - 17R575) - com.apple.CoreSimulator.SimRuntime.watchOS-6-0 
== Devices ==
-- iOS 12.0 --
    iPhone 5s (9AFA2960-1967-4A95-8C55-8AE8D1647D47) (Shutdown) 
    iPhone 6 Plus (A9539545-624D-481C-BB87-7A3287CB27D0) (Shutdown) 
    iPhone 6 (2A2D577C-EE51-443C-9F79-8DFC33435B6B) (Shutdown) 
    iPhone 6s (8C6BFF24-C48C-431B-9115-FC82255F0E2F) (Shutdown) 
    iPhone 6s Plus (A17EAF17-360B-4919-BA9A-030135C35147) (Shutdown) 
    iPhone SE (C52B99C2-B2F6-42ED-89EA-B916B9AC4DE2) (Shutdown) 
    iPhone 7 (F6B5383A-D4FB-4D73-8823-7770713F7C9A) (Shutdown) 
    iPhone 7 Plus (162406E2-AE82-4F5B-AA31-024C76442E89) (Shutdown) 
    iPhone 8 (17B359A3-D44A-4886-9EE1-9B818424CFE6) (Shutdown) 
    iPhone 8 Plus (6F4FDC8A-E555-40E0-B09E-625AC10722CC) (Shutdown) 
    iPhone X (50674CBF-B3DB-43D5-88DF-49C5A829689B) (Shutdown) 
    iPhone XS (B0E067CE-1EA1-4345-B082-8096F397C003) (Shutdown) 
    iPhone XS Max (DEE97659-53AA-4316-8CC5-4953D5D1D0CD) (Shutdown) 
    iPhone XR (35D18F96-6F2D-4922-B88B-FF7666238A75) (Shutdown) 
    iPad Air (F8ECDD55-52D2-4E5B-8558-26232A5ACC15) (Shutdown) 
    iPad Air 2 (F12E8B33-D93D-4840-874D-ACDAB5718D9A) (Shutdown) 
    iPad Pro (9.7-inch) (A16B6E85-D0B2-46EA-9F86-AC8E03861B34) (Shutdown) 
    iPad Pro (12.9-inch) (743716BF-FAFC-4F4F-8CBC-2DD3EDC85049) (Shutdown) 
    iPad (5th generation) (F226420D-4891-4245-B47B-3F58E775F525) (Shutdown) 
    iPad Pro (12.9-inch) (2nd generation) (9E84E53E-C3C9-41AB-8148-B8C9E08E1CF1) (Shutdown) 
    iPad Pro (10.5-inch) (B2630D4D-6614-46E0-A1FF-2E4141FB0D0A) (Shutdown) 
    iPad (6th generation) (2310EBD1-583E-4B52-926A-937CD39F46AA) (Shutdown) 
-- iOS 12.1 --
    iPhone 5s (58FB446A-2D6E-417F-8D94-041F8C70593E) (Shutdown) 
    iPhone 6 Plus (C825CB1D-5D37-4875-962B-87C91D914B2D) (Shutdown) 
    iPhone 6 (3A4994A1-6A0A-4E66-AA11-1270A33E1535) (Shutdown) 
    iPhone 6s (1A25922A-C8EE-4969-B71F-63EFA5DCDA60) (Shutdown) 
    iPhone 6s Plus (161B9576-1514-4B8F-9FDD-7B54A3DEC760) (Shutdown) 
    iPhone SE (B72D9517-D3F2-4444-9FE2-3438F7DBEBB6) (Shutdown) 
    iPhone 7 (ABA24E1A-0111-4B94-9169-2A6CE50522E9) (Shutdown) 
    iPhone 7 Plus (B9CE4420-7F99-4836-A9FA-B0617DF3045B) (Shutdown) 
    iPhone 8 (68420202-152C-48CC-B677-B43BFFDB7FCE) (Shutdown) 
    iPhone 8 Plus (09F07DB6-8F3F-427C-958E-295A7333D874) (Shutdown) 
    iPhone X (080AF322-5BA4-4B72-907F-9AC5A312B4CC) (Shutdown) 
    iPhone XS (C8C360CA-183D-43BD-A42B-C86AEE1FFDAB) (Shutdown) 
    iPhone XS Max (66F54B2E-0FEA-4976-B262-0E0622A93303) (Shutdown) 
    iPhone XR (08AE7AB7-C1BE-4571-B71C-8297E1A740A5) (Shutdown) 
    iPad Air (064BC3BC-3981-4A0A-B178-0E2F16441FC4) (Shutdown) 
    iPad Air 2 (C26A60E9-69E5-4054-AE19-754757D89E59) (Shutdown) 
    iPad Pro (9.7-inch) (DC9C938A-D2CD-40A4-9DF0-7180B1C82A3E) (Shutdown) 
    iPad Pro (12.9-inch) (9753FF83-7AD9-49FF-ADA0-B1E2BCD3B99E) (Shutdown) 
    iPad (5th generation) (52FEA9DE-9B14-4DA6-AC90-D59F9FC33B5E) (Shutdown) 
    iPad Pro (12.9-inch) (2nd generation) (DFF53E61-CAF0-471B-A481-A063CD9822B2) (Shutdown) 
    iPad Pro (10.5-inch) (903D32A6-7A9E-4C2C-87E1-2C3FC26BC78E) (Shutdown) 
    iPad (6th generation) (5D76F64A-2CC7-45EF-ABDA-19133C05DD4E) (Shutdown) 
    iPad Pro (11-inch) (4CF5E090-8BED-407B-B876-946843B2B648) (Shutdown) 
    iPad Pro (12.9-inch) (3rd generation) (C703FA6B-6116-482F-8028-D8F4A7E908EB) (Shutdown) 
-- iOS 12.2 --
    iPhone 5s (DCF27FEA-59F4-433D-8C77-6409E6B32072) (Shutdown) 
    iPhone 6 Plus (2CAE0D37-85AB-469C-B988-A8B7035CB0CE) (Shutdown) 
    iPhone 6 (6F824E96-191E-4FA1-92DB-76DF1BC3E8F7) (Shutdown) 
    iPhone 6s (A1DB69A5-0AA4-419C-B435-6FB8D25D6C2D) (Shutdown) 
    iPhone 6s Plus (DB6F83B2-EDB3-4EC8-87F3-6D16B0BA75FE) (Shutdown) 
    iPhone SE (295C9AB4-67CC-47A9-827B-FD9F844593F0) (Shutdown) 
    iPhone 7 (E862E9D7-CD32-4E75-8E10-9071DA784599) (Shutdown) 
    iPhone 7 Plus (5EE6F13C-31E6-43A7-8F52-3A5F98CBF89A) (Shutdown) 
    iPhone 8 (6562D658-C6F3-4E6B-8652-1E22E011646D) (Shutdown) 
    iPhone 8 Plus (6D94E24E-C01D-4AC5-A42A-10AA7315B58B) (Shutdown) 
    iPhone X (2E5DCA78-4CC1-4087-BDDB-B228FAD78FA2) (Shutdown) 
    iPhone Xs (6522138D-BDE1-455A-8627-F594BAB72CC4) (Shutdown) 
    iPhone Xs Max (157E73E8-FD3E-4F36-996A-6AD563FA5891) (Shutdown) 
    iPhone Xʀ (1952F2C6-4D40-423A-A9FC-71B9029C8800) (Shutdown) 
    iPad Air (72545BED-3340-495B-9272-6DA9CB9116EF) (Shutdown) 
    iPad Air 2 (E72816DF-848B-47E0-812E-C8BBE0887CB0) (Shutdown) 
    iPad Pro (9.7-inch) (B7E572A6-80AA-4E36-A482-17BC3AF919AB) (Shutdown) 
    iPad Pro (12.9-inch) (A9AFF03D-87B4-4202-8CC3-DC7FB9BF4570) (Shutdown) 
    iPad (5th generation) (5A77791B-DCF9-4ABC-B5E4-EE813BA02E8D) (Shutdown) 
    iPad Pro (12.9-inch) (2nd generation) (45A7F122-6B05-4607-A4F8-B618B1F41FA9) (Shutdown) 
    iPad Pro (10.5-inch) (0412F414-F803-4DDB-8326-44CFC941BC08) (Shutdown) 
    iPad (6th generation) (3339CD90-53D7-4AE6-9C98-3F3631FB59BF) (Shutdown) 
    iPad Pro (11-inch) (1CAA3129-8788-420A-9A3D-9D00888CFBCB) (Shutdown) 
    iPad Pro (12.9-inch) (3rd generation) (0AA90818-CC0C-4EAC-B18C-7C5532071DA8) (Shutdown) 
    iPad Air (3rd generation) (36C5F93C-864B-450A-B483-D4A43EE91B50) (Shutdown) 
-- iOS 13.1 --
    iPhone 8 (5A6275AF-9389-42CC-8229-B502FC698021) (Shutdown) 
    iPhone 8 Plus (AE261B78-20BB-4D4F-B397-88D4B71B9975) (Shutdown) 
    iPhone 11 (7CD83E01-C0B8-4A3D-A56E-1E3C98012982) (Shutdown) 
    iPhone 11 Pro (CF193BC2-3AC2-4287-BB5F-BB937113BCAD) (Shutdown) 
    iPhone 11 Pro Max (F94FEA6F-3B95-4EC3-83BE-4263E38D6D19) (Shutdown) 
    iPad Pro (9.7-inch) (6E2EBA00-ABB4-44E0-8CC6-7DBB6752B25F) (Shutdown) 
    iPad Pro (11-inch) (4AE55814-3FEA-4044-B32B-FFBFB2B6C605) (Shutdown) 
    iPad Pro (12.9-inch) (3rd generation) (89FDB230-6404-4D84-ADF3-A3A6E7C319D5) (Shutdown) 
    iPad Air (3rd generation) (4BD609B6-C59A-4FC4-BF81-144DA05C2A6C) (Shutdown) 
-- tvOS 12.0 --
    Apple TV (2F623521-E333-4066-931C-3E9DB2832B7F) (Shutdown) 
    Apple TV 4K (71AAC2A2-AAD7-48BA-89FB-C5F0A3D7BC0F) (Shutdown) 
    Apple TV 4K (at 1080p) (747E6C40-D6B2-454F-8B57-E0237C11798E) (Shutdown) 
-- tvOS 12.1 --
    Apple TV (A59DDB0D-89CD-4ED5-8E6A-D37CA78BAD2D) (Shutdown) 
    Apple TV 4K (62B17CEA-AA87-4B28-A072-B86C564E03F6) (Shutdown) 
    Apple TV 4K (at 1080p) (A2F59ED5-4842-4A26-A877-5D031D93E1E3) (Shutdown) 
-- tvOS 12.2 --
    Apple TV (6AD21A6B-89FB-4249-AFDE-AD807AE4DFCF) (Shutdown) 
    Apple TV 4K (C10B1999-F565-45A4-A5D5-266DC690B6E7) (Shutdown) 
    Apple TV 4K (at 1080p) (2EB15830-6A54-4963-B102-0FC14527B0FB) (Shutdown) 
-- tvOS 13.0 --
    Apple TV (931992BB-382D-44D7-B6FD-F227F4DBB5B1) (Shutdown) 
    Apple TV 4K (FDF6124F-AF43-408D-9CB9-EBF132719C0F) (Shutdown) 
    Apple TV 4K (at 1080p) (5E078945-3A07-4358-BA8D-6D6DA6B1C9FF) (Shutdown) 
-- watchOS 5.0 --
    Apple Watch Series 2 - 38mm (B05BBC55-D801-4EE5-97D3-3EC5F9A68146) (Shutdown) 
    Apple Watch Series 2 - 42mm (D75009C3-3174-44A5-96C1-35E55774C2BD) (Shutdown) 
    Apple Watch Series 3 - 38mm (78A8B0FB-50A1-4DC3-93C7-0C572E5285B6) (Shutdown) 
    Apple Watch Series 3 - 42mm (D620B5FE-41EB-4225-B911-05C893EF7EEA) (Shutdown) 
    Apple Watch Series 4 - 40mm (83CBC990-81C4-4524-ABED-47BFA0DAA918) (Shutdown) 
    Apple Watch Series 4 - 44mm (80BF3967-AB0B-416B-B93D-924BB0D8807A) (Shutdown) 
-- watchOS 5.1 --
    Apple Watch Series 2 - 38mm (57120E3B-4ED6-4CA0-AC95-0ACBA08CA764) (Shutdown) 
    Apple Watch Series 2 - 42mm (019AA642-8070-4CBF-A45B-5FC5AA397975) (Shutdown) 
    Apple Watch Series 3 - 38mm (170D83ED-FC9D-407B-961E-A801FF9CF4D6) (Shutdown) 
    Apple Watch Series 3 - 42mm (487B70D1-B767-4EB9-8622-BA65EA31CF7A) (Shutdown) 
    Apple Watch Series 4 - 40mm (DBC10BED-011E-43FF-9A83-171F56EDBB98) (Shutdown) 
    Apple Watch Series 4 - 44mm (612D52FF-5D0A-454D-BE6F-8BA0E1E7CC24) (Shutdown) 
-- watchOS 5.2 --
    Apple Watch Series 2 - 38mm (6EBE2088-2A8A-4166-916A-1261D0E7EAD7) (Shutdown) 
    Apple Watch Series 2 - 42mm (3CA33B74-BF49-43C9-9E4D-2D82D7EB0595) (Shutdown) 
    Apple Watch Series 3 - 38mm (6FBE1EBF-8B5E-4406-8150-B89C5B3FAE60) (Shutdown) 
    Apple Watch Series 3 - 42mm (8687B6A5-2433-4478-B017-26CC6C858CCA) (Shutdown) 
    Apple Watch Series 4 - 40mm (1849D622-3DF3-4554-9517-65B2B206382F) (Shutdown) 
    Apple Watch Series 4 - 44mm (E4DB44D0-B812-4512-B1B5-089F9179706D) (Shutdown) 
-- watchOS 6.0 --
    Apple Watch Series 4 - 40mm (69B56463-3FC7-4F1A-9B2E-C3B0DCA0110B) (Shutdown) 
    Apple Watch Series 4 - 44mm (56BFDE42-E2C1-4EBB-9027-4723038457DF) (Shutdown) 
    Apple Watch Series 5 - 40mm (530EE25F-93B8-4B02-A048-4D0019CF29E9) (Shutdown) 
    Apple Watch Series 5 - 44mm (59EF16E6-1EEE-4861-93B8-C042C585640A) (Shutdown) 
== Device Pairs ==
6DB33700-22E1-40E5-AAD3-C31EE1644180 (active, disconnected)
    Watch: Apple Watch Series 5 - 40mm (530EE25F-93B8-4B02-A048-4D0019CF29E9) (Shutdown)
    Phone: iPhone 11 Pro (CF193BC2-3AC2-4287-BB5F-BB937113BCAD) (Shutdown)
5F75345E-FC12-4734-B7A4-2AFBEFE354F6 (active, disconnected)
    Watch: Apple Watch Series 5 - 44mm (59EF16E6-1EEE-4861-93B8-C042C585640A) (Shutdown)
    Phone: iPhone 11 Pro Max (F94FEA6F-3B95-4EC3-83BE-4263E38D6D19) (Shutdown)

========================================


=== OS X info =========================

* sw_vers
ProductName:	Mac OS X
ProductVersion:	10.14.6
BuildVersion:	18G103

* system_profiler SPSoftwareDataType
Software:

    System Software Overview:

      System Version: macOS 10.14.6 (18G103)
      Kernel Version: Darwin 18.7.0
      Boot Volume: Disk
      Boot Mode: Normal
      Computer Name: stg-xcode-11-1-210513042046-3PHyuo3jkMjPERZbz3XegS
      User Name: vagrant (vagrant)
      Secure Virtual Memory: Enabled
      System Integrity Protection: Disabled
      Time since boot: 39 minutes


========================================


=== System infos =======================
* Free disk space:
    Filesystem         Size        Avail
  /dev/disk1s1        200Gi        103Gi
========================================

--- Android

* ANDROID_HOME (/usr/local/share/android-sdk) content:
add-ons
build-tools
cmdline-tools
emulator
extras
licenses
patcher
platform-tools
platforms
system-images
tools

* ANDROID_NDK_HOME (/opt/android-ndk/android-ndk-r21) content:
CHANGELOG.md
NOTICE
NOTICE.toolchain
README.md
build
meta
ndk-build
ndk-gdb
ndk-stack
ndk-which
platforms
prebuilt
python-packages
shader-tools
simpleperf
source.properties
sources
sysroot
toolchains
wrap.sh

* Android NDK Version:
Pkg.Desc = Android NDK
Pkg.Revision = 21.0.6113669

* platform-tools content:
NOTICE.txt
adb
api
dmtracedump
e2fsdroid
etc1tool
fastboot
hprof-conv
lib64
make_f2fs
make_f2fs_casefold
mke2fs
mke2fs.conf
package.xml
sload_f2fs
source.properties
sqlite3
systrace

* build-tools content:
17.0.0
19.1.0
21.1.2
22.0.1
23.0.3
24.0.3
25.0.3
26.0.1
26.0.2
27.0.0
27.0.1
27.0.2
27.0.3
28.0.0
28.0.1
28.0.2
28.0.3
29.0.0
29.0.1
29.0.2
29.0.3
30.0.0

* extras content:
/usr/local/share/android-sdk/extras
├── android
│   └── m2repository
├── google
│   ├── google_play_services
│   └── m2repository
└── m2repository
    └── com

7 directories, 0 files

* platforms content:
android-15
android-17
android-19
android-21
android-22
android-23
android-24
android-25
android-26
android-27
android-28
android-29
android-30

* system-images content:
/usr/local/share/android-sdk/system-images
├── android-26
│   └── google_apis
│       └── x86
├── android-28
│   └── google_apis
│       └── x86_64
├── android-29
│   └── google_apis
│       └── x86
└── android-30
    └── google_apis
        └── x86

12 directories, 0 files

========================================


=== Android APK tools ==================

* aapt2:
Android Asset Packaging Tool (aapt) 2:19

========================================


=== Environment infos =======================
MATCH_KEYCHAIN_PASSWORD environment set
========================================


=== Control tests ======================
source $HOME/.bash_profile ...
source $HOME/.bash_profile - PASSED
========================================

