 (i) Ignore Errors: enabled

#
# This System Report was generated by: https://github.com/bitrise-io/osx-box-bootstrap/blob/master/system_report.sh
#  Pull Requests are welcome!
#


=== Revision / ID ======================
* BITRISE_OSX_STACK_REV_ID: v2021_07_08
========================================


=== Pre-installed tool versions ========
* Go: go version go1.16.5 darwin/amd64
* Python: Python 2.7.16
* Node.js: v12.22.3
* NPM: 6.14.13
* Yarn: 1.22.10
* Java: openjdk version "1.8.0_292"
OpenJDK Runtime Environment (AdoptOpenJDK)(build 1.8.0_292-b10)
OpenJDK 64-Bit Server VM (AdoptOpenJDK)(build 25.292-b10, mixed mode)
* Flutter: Flutter 1.26.0-17.8.pre • channel unknown • unknown source
* fvm: 2.2.2

* git: git version 2.32.0
* git lfs: git-lfs/2.13.3 (GitHub; darwin amd64; go 1.16.2)
* mercurial/hg: Mercurial Distributed SCM (version 5.8)
* curl: curl 7.64.1 (x86_64-apple-darwin19.0) libcurl/7.64.1 (SecureTransport) LibreSSL/2.8.3 zlib/1.2.11 nghttp2/1.39.2
* wget: GNU Wget 1.21.1 built on darwin19.6.0.
* rsync: rsync  version 2.6.9  protocol version 29
* unzip: UnZip 6.00 of 20 April 2009, by Info-ZIP.  Maintained by C. Spieler.  Send
* zip: This is Zip 3.0 (July 5th 2008), by Info-ZIP.
* tar: bsdtar 3.3.2 - libarchive 3.3.2 zlib/1.2.11 liblzma/5.0.5 bz2lib/1.0.6
* tree: tree v1.8.0 (c) 1996 - 2018 by Steve Baker, Thomas Moore, Francesc Rocher, Florian Sesser, Kyosuke Tokoro 

* brew: Homebrew 3.2.1
Homebrew/homebrew-core (git revision 3ce084722c; last commit 2021-07-08)
Homebrew/homebrew-cask (git revision 3588ab5d4c; last commit 2021-07-08)
* Ansible: ansible [core 2.11.2] 
  config file = /Users/vagrant/git/ansible.cfg
  configured module search path = ['/Users/vagrant/.ansible/plugins/modules', '/usr/share/ansible/plugins/modules']
  ansible python module location = /usr/local/Cellar/ansible/4.2.0/libexec/lib/python3.9/site-packages/ansible
  ansible collection location = /Users/vagrant/.ansible/collections:/usr/share/ansible/collections
  executable location = /usr/local/bin/ansible
* gtimeout: timeout (GNU coreutils) 8.32
* watchman: 2021.06.07.00
* flow: Flow, a static type checker for JavaScript, version 0.154.0
* carthage: 0.38.0
* imagemagick (convert): Version: ImageMagick 7.1.0-2 Q16 x86_64 2021-06-25 https://imagemagick.org
* ghostscript (ps2ascii): 9.54.0
* screen: Screen version 4.08.00 (GNU) 05-Feb-20
* firebase: 9.12.1
* applesimutils version 0.9.2
* jq: 1.6
* Version: 0.8.1
* XCLogParser 0.2.21
* Screen 4.08.00
* applesimutils 0.9.2
* OpenConnect version v8.10
* aws-cli: aws-cli/2.2.17 Python/3.9.6 Darwin/19.6.0 source/x86_64 prompt/off
* cmake: 3.20.5
* danger-swift: 3.10.1
[0;0m

--- Bitrise CLI tool versions
* bitrise: 1.47.1
* stepman: 0.13.1
* envman: 2.3.1
* cmd-bridge: 0.9.5
========================================


=== Brew list versions ==================
ansible 4.2.0
ant 1.10.10
aom 3.1.1
applesimutils 0.9.2
autoconf 2.71
awscli 2.2.17
bdw-gc 8.0.4_2
boost 1.76.0
brotli 1.0.9
c-ares 1.17.1
carthage 0.38.0
cmake 3.20.5
coreutils 8.32
danger-js 10.6.6
danger-swift 3.10.1
dart 2.13.4
docbook 5.1_1
docbook-xsl 1.79.2_1
double-conversion 3.1.5_1
flow 0.154.0
fmt 7.1.3
folly 2021.06.14.00
fontconfig 2.13.1
freetype 2.10.4
fvm 2.2.2
gdbm 1.20
gettext 0.21
gflags 2.2.2
ghostscript 9.54.0
git 2.32.0
git-lfs 2.13.3
glib 2.68.3
glog 0.5.0
gmp 6.2.1
gnu-getopt 2.37
gnutls 3.6.16
go 1.16.5
go@1.15 1.15.13
gradle 7.1.1
guile 3.0.7
icu4c 69.1
imagemagick 7.1.0-2_1
imath 3.0.5
jbig2dec 0.19
jemalloc 5.2.1_1
jenv 0.5.4
jpeg 9d
jq 1.6
libde265 1.0.8
libev 4.33
libevent 2.1.12
libffi 3.3_3
libheif 1.12.0
libidn 1.37
libidn2 2.3.1
liblqr 0.4.2_1
libomp 12.0.0
libpng 1.6.37
libtasn1 4.17.0
libtiff 4.3.0
libtool 2.4.6_3
libunistring 0.9.10
libuv 1.41.1
libyaml 0.2.5
little-cms2 2.12
lz4 1.9.3
m4 1.4.18
maven 3.8.1
mercurial 5.8
mpdecimal 2.5.1
nettle 3.7.3
nghttp2 1.43.0
node 16.4.2
node@12 12.22.3
oniguruma 6.9.7.1
openconnect 8.10
openexr 3.0.5
openjdk 16.0.1
openjpeg 2.4.0
openssl@1.1 1.1.1k
p11-kit 0.24.0
pcre 8.45
pcre2 10.37_1
pkg-config 0.29.2_3
python@3.9 3.9.6
rbenv 1.1.2
readline 8.1
ruby-build 20210707
screen 4.8.0
shared-mime-info 2.1
snappy 1.1.9
sqlite 3.36.0
stoken 0.92_1
tree 1.8.0
unbound 1.13.1
watchman 2021.06.07.00
webp 1.2.0
wget 1.21.1
x265 3.5
xmlto 0.0.28
xz 5.2.5
yarn 1.22.10
zstd 1.5.0
========================================


=== Brew deps tree ==================
adoptopenjdk/openjdk/adoptopenjdk11

adoptopenjdk/openjdk/adoptopenjdk8

ansible
├── libyaml
├── openssl@1.1
└── python@3.9
    ├── gdbm
    ├── mpdecimal
    ├── openssl@1.1
    ├── readline
    ├── sqlite
    │   └── readline
    └── xz

ant
└── openjdk

aom

wix/brew/applesimutils

autoconf
└── m4

awscli
└── python@3.9
    ├── gdbm
    ├── mpdecimal
    ├── openssl@1.1
    ├── readline
    ├── sqlite
    │   └── readline
    └── xz

bdw-gc

boost
└── icu4c

brotli

c-ares

carthage

cmake

coreutils

danger/tap/danger-js

danger/tap/danger-swift
└── danger/tap/danger-js

dart-lang/dart/dart

docbook

docbook-xsl
└── docbook

double-conversion

flow

fmt

folly
├── boost
│   └── icu4c
├── double-conversion
├── fmt
├── gflags
├── glog
│   └── gflags
├── libevent
│   └── openssl@1.1
├── lz4
├── openssl@1.1
├── snappy
├── xz
└── zstd

fontconfig
└── freetype
    └── libpng

freetype
└── libpng

leoafarias/fvm/fvm

gdbm

gettext

gflags

ghostscript
├── fontconfig
│   └── freetype
│       └── libpng
├── freetype
│   └── libpng
├── jbig2dec
├── jpeg
├── libidn
├── libpng
├── libtiff
│   └── jpeg
├── little-cms2
│   ├── jpeg
│   └── libtiff
│       └── jpeg
└── openjpeg
    ├── libpng
    ├── libtiff
    │   └── jpeg
    └── little-cms2
        ├── jpeg
        └── libtiff
            └── jpeg

git
├── gettext
└── pcre2

git-lfs

glib
├── gettext
├── libffi
├── pcre
└── python@3.9
    ├── gdbm
    ├── mpdecimal
    ├── openssl@1.1
    ├── readline
    ├── sqlite
    │   └── readline
    └── xz

glog
└── gflags

gmp

gnu-getopt

gnutls
├── gmp
├── guile
│   ├── bdw-gc
│   ├── gmp
│   ├── libffi
│   ├── libtool
│   │   └── m4
│   ├── libunistring
│   ├── pkg-config
│   └── readline
├── libidn2
│   ├── gettext
│   └── libunistring
├── libtasn1
├── libunistring
├── nettle
│   └── gmp
├── p11-kit
│   └── libffi
└── unbound
    ├── libevent
    │   └── openssl@1.1
    ├── nghttp2
    │   ├── c-ares
    │   ├── jemalloc
    │   ├── libev
    │   └── openssl@1.1
    └── openssl@1.1

go

go@1.15

gradle
└── openjdk

guile
├── bdw-gc
├── gmp
├── libffi
├── libtool
│   └── m4
├── libunistring
├── pkg-config
└── readline

icu4c

imagemagick
├── freetype
│   └── libpng
├── ghostscript
│   ├── fontconfig
│   │   └── freetype
│   │       └── libpng
│   ├── freetype
│   │   └── libpng
│   ├── jbig2dec
│   ├── jpeg
│   ├── libidn
│   ├── libpng
│   ├── libtiff
│   │   └── jpeg
│   ├── little-cms2
│   │   ├── jpeg
│   │   └── libtiff
│   │       └── jpeg
│   └── openjpeg
│       ├── libpng
│       ├── libtiff
│       │   └── jpeg
│       └── little-cms2
│           ├── jpeg
│           └── libtiff
│               └── jpeg
├── jpeg
├── libheif
│   ├── aom
│   ├── jpeg
│   ├── libde265
│   ├── libpng
│   ├── shared-mime-info
│   │   ├── gettext
│   │   ├── glib
│   │   │   ├── gettext
│   │   │   ├── libffi
│   │   │   ├── pcre
│   │   │   └── python@3.9
│   │   │       ├── gdbm
│   │   │       ├── mpdecimal
│   │   │       ├── openssl@1.1
│   │   │       ├── readline
│   │   │       ├── sqlite
│   │   │       │   └── readline
│   │   │       └── xz
│   │   └── xmlto
│   │       ├── docbook
│   │       ├── docbook-xsl
│   │       │   └── docbook
│   │       └── gnu-getopt
│   └── x265
├── liblqr
│   └── glib
│       ├── gettext
│       ├── libffi
│       ├── pcre
│       └── python@3.9
│           ├── gdbm
│           ├── mpdecimal
│           ├── openssl@1.1
│           ├── readline
│           ├── sqlite
│           │   └── readline
│           └── xz
├── libomp
├── libpng
├── libtiff
│   └── jpeg
├── libtool
│   └── m4
├── little-cms2
│   ├── jpeg
│   └── libtiff
│       └── jpeg
├── openexr
│   └── imath
├── openjpeg
│   ├── libpng
│   ├── libtiff
│   │   └── jpeg
│   └── little-cms2
│       ├── jpeg
│       └── libtiff
│           └── jpeg
├── webp
│   ├── jpeg
│   ├── libpng
│   └── libtiff
│       └── jpeg
└── xz

imath

intel-haxm

jbig2dec

jemalloc

jenv

jpeg

jq
└── oniguruma

libde265

libev

libevent
└── openssl@1.1

libffi

libheif
├── aom
├── jpeg
├── libde265
├── libpng
├── shared-mime-info
│   ├── gettext
│   ├── glib
│   │   ├── gettext
│   │   ├── libffi
│   │   ├── pcre
│   │   └── python@3.9
│   │       ├── gdbm
│   │       ├── mpdecimal
│   │       ├── openssl@1.1
│   │       ├── readline
│   │       ├── sqlite
│   │       │   └── readline
│   │       └── xz
│   └── xmlto
│       ├── docbook
│       ├── docbook-xsl
│       │   └── docbook
│       └── gnu-getopt
└── x265

libidn

libidn2
├── gettext
└── libunistring

liblqr
└── glib
    ├── gettext
    ├── libffi
    ├── pcre
    └── python@3.9
        ├── gdbm
        ├── mpdecimal
        ├── openssl@1.1
        ├── readline
        ├── sqlite
        │   └── readline
        └── xz

libomp

libpng

libtasn1

libtiff
└── jpeg

libtool
└── m4

libunistring

libuv

libyaml

little-cms2
├── jpeg
└── libtiff
    └── jpeg

lz4

m4

maven
└── openjdk

mercurial
└── python@3.9
    ├── gdbm
    ├── mpdecimal
    ├── openssl@1.1
    ├── readline
    ├── sqlite
    │   └── readline
    └── xz

mpdecimal

nettle
└── gmp

nghttp2
├── c-ares
├── jemalloc
├── libev
└── openssl@1.1

node
├── brotli
├── c-ares
├── icu4c
├── libuv
├── nghttp2
│   ├── c-ares
│   ├── jemalloc
│   ├── libev
│   └── openssl@1.1
└── openssl@1.1

node@12
└── icu4c

oniguruma

openconnect
├── gettext
├── gnutls
│   ├── gmp
│   ├── guile
│   │   ├── bdw-gc
│   │   ├── gmp
│   │   ├── libffi
│   │   ├── libtool
│   │   │   └── m4
│   │   ├── libunistring
│   │   ├── pkg-config
│   │   └── readline
│   ├── libidn2
│   │   ├── gettext
│   │   └── libunistring
│   ├── libtasn1
│   ├── libunistring
│   ├── nettle
│   │   └── gmp
│   ├── p11-kit
│   │   └── libffi
│   └── unbound
│       ├── libevent
│       │   └── openssl@1.1
│       ├── nghttp2
│       │   ├── c-ares
│       │   ├── jemalloc
│       │   ├── libev
│       │   └── openssl@1.1
│       └── openssl@1.1
└── stoken
    └── nettle
        └── gmp

openexr
└── imath

openjdk

openjpeg
├── libpng
├── libtiff
│   └── jpeg
└── little-cms2
    ├── jpeg
    └── libtiff
        └── jpeg

openssl@1.1

p11-kit
└── libffi

pcre

pcre2

pkg-config

python@3.9
├── gdbm
├── mpdecimal
├── openssl@1.1
├── readline
├── sqlite
│   └── readline
└── xz

rbenv
└── ruby-build
    ├── autoconf
    │   └── m4
    ├── pkg-config
    └── readline

readline

ruby-build
├── autoconf
│   └── m4
├── pkg-config
└── readline

screen

shared-mime-info
├── gettext
├── glib
│   ├── gettext
│   ├── libffi
│   ├── pcre
│   └── python@3.9
│       ├── gdbm
│       ├── mpdecimal
│       ├── openssl@1.1
│       ├── readline
│       ├── sqlite
│       │   └── readline
│       └── xz
└── xmlto
    ├── docbook
    ├── docbook-xsl
    │   └── docbook
    └── gnu-getopt

snappy

sqlite
└── readline

stoken
└── nettle
    └── gmp

tree

unbound
├── libevent
│   └── openssl@1.1
├── nghttp2
│   ├── c-ares
│   ├── jemalloc
│   ├── libev
│   └── openssl@1.1
└── openssl@1.1

watchman
├── boost
│   └── icu4c
├── fmt
├── folly
│   ├── boost
│   │   └── icu4c
│   ├── double-conversion
│   ├── fmt
│   ├── gflags
│   ├── glog
│   │   └── gflags
│   ├── libevent
│   │   └── openssl@1.1
│   ├── lz4
│   ├── openssl@1.1
│   ├── snappy
│   ├── xz
│   └── zstd
├── gflags
├── glog
│   └── gflags
├── libevent
│   └── openssl@1.1
├── openssl@1.1
├── pcre
└── python@3.9
    ├── gdbm
    ├── mpdecimal
    ├── openssl@1.1
    ├── readline
    ├── sqlite
    │   └── readline
    └── xz

webp
├── jpeg
├── libpng
└── libtiff
    └── jpeg

wget
├── libidn2
│   ├── gettext
│   └── libunistring
└── openssl@1.1

x265

xmlto
├── docbook
├── docbook-xsl
│   └── docbook
└── gnu-getopt

xz

yarn
└── node
    ├── brotli
    ├── c-ares
    ├── icu4c
    ├── libuv
    ├── nghttp2
    │   ├── c-ares
    │   ├── jemalloc
    │   ├── libev
    │   └── openssl@1.1
    └── openssl@1.1

zstd

========================================


=== Ruby and rubygems ==================
* Ruby (default): ruby 2.6.5p114 (2019-10-01 revision 67812) [x86_64-darwin19]
--- Available ruby versions ---
  system
  2.4.5
  2.5.3
* 2.6.5 (set by /Users/vagrant/.rbenv/version)
  2.7.2
  3.0.0
-------------------------------
* rbenv: 1.1.2
* Rubygems: 3.0.3
* Bundler: Bundler version 2.1.4
* CocoaPods: 1.10.1
* xcpretty: 0.3.0
========================================


=== All Ruby GEMs ======================
activesupport (5.2.6)
addressable (2.7.0)
algoliasearch (1.27.5)
artifactory (3.0.15)
atomos (0.1.3)
aws-eventstream (1.1.1)
aws-partitions (1.443.0)
aws-sdk-core (3.113.1)
aws-sdk-kms (1.43.0)
aws-sdk-s3 (1.93.0)
aws-sigv4 (1.2.3)
babosa (1.0.4)
bigdecimal (default: 1.4.1)
bundler (2.1.4, default: 1.17.2)
CFPropertyList (3.0.3)
claide (1.0.3)
clamp (1.3.2)
cmath (default: 1.0.0)
cocoapods (1.10.1)
cocoapods-core (1.10.1)
cocoapods-deintegrate (1.0.4)
cocoapods-downloader (1.4.0)
cocoapods-plugins (1.0.0)
cocoapods-search (1.0.0)
cocoapods-trunk (1.5.0)
cocoapods-try (1.2.0)
colored (1.2)
colored2 (3.1.2)
commander-fastlane (4.4.6)
concurrent-ruby (1.1.9)
csv (default: 3.0.9)
date (default: 2.0.0)
dbm (default: 1.0.0)
declarative (0.0.20)
did_you_mean (1.3.0)
digest-crc (0.6.3)
domain_name (0.5.20190701)
dotenv (2.7.6)
e2mmap (default: 0.1.0)
emoji_regex (3.2.2)
escape (0.0.4)
etc (default: 1.0.1)
ethon (0.14.0)
excon (0.79.0)
faraday (1.3.0)
faraday-cookie_jar (0.0.7)
faraday-net_http (1.0.1)
faraday_middleware (1.0.0)
fastimage (2.2.3)
fastlane (2.180.1, 2.166.0)
fcntl (default: 1.0.0)
ffi (1.15.1)
fiddle (default: 1.0.0)
fileutils (default: 1.1.0)
forwardable (default: 1.2.0)
fourflusher (2.3.1)
fuzzy_match (2.0.4)
gh_inspector (1.1.3)
google-api-client (0.38.0)
google-apis-core (0.3.0)
google-apis-iamcredentials_v1 (0.3.0)
google-apis-storage_v1 (0.3.0)
google-cloud-core (1.6.0)
google-cloud-env (1.5.0)
google-cloud-errors (1.1.0)
google-cloud-storage (1.31.0)
googleauth (0.16.1)
highline (1.7.10)
http-cookie (1.0.3)
httpclient (2.8.3)
i18n (1.8.10)
io-console (default: 0.4.7)
ipaddr (default: 1.2.2)
irb (default: 1.0.0)
jazzy (0.13.6)
jmespath (1.4.0)
json (default: 2.1.0)
jwt (2.2.2)
liferaft (0.0.6)
logger (default: 1.3.0)
matrix (default: 0.1.0)
memoist (0.16.2)
mini_magick (4.11.0)
mini_mime (1.1.0)
minitest (5.11.3)
molinillo (0.6.6)
multi_json (1.15.0)
multipart-post (2.0.0)
mustache (1.1.1)
mutex_m (default: 0.1.0)
nanaimo (0.3.0)
nap (1.1.0)
naturally (2.2.1)
net-telnet (0.2.0)
netrc (0.11.0)
nokogiri (1.11.7 x86_64-darwin)
open4 (1.3.4)
openssl (default: 2.1.2)
os (1.1.1)
ostruct (default: 0.1.0)
plist (3.6.0)
power_assert (1.1.3)
prime (default: 0.1.0)
psych (default: 3.1.0)
public_suffix (4.0.6)
racc (1.5.2)
rake (12.3.2)
rdoc (default: 6.1.2)
redcarpet (3.5.1)
representable (3.1.0)
retriable (3.1.2)
rexml (default: 3.1.9)
rouge (2.0.7)
rss (default: 0.2.7)
ruby-macho (1.4.0)
ruby2_keywords (0.0.4)
rubyzip (2.3.0)
sassc (2.4.0)
scanf (default: 1.0.0)
sdbm (default: 1.0.0)
security (0.1.3)
shell (default: 0.7)
signet (0.15.0)
simctl (1.6.8)
slack-notifier (2.3.2)
slather (2.5.0)
sqlite3 (1.4.2)
stringio (default: 0.0.2)
strscan (default: 1.0.0)
sync (default: 0.5.0)
terminal-notifier (2.0.0)
terminal-table (1.8.0)
test-unit (3.2.9)
thread_safe (0.3.6)
thwait (default: 0.1.0)
tracer (default: 0.1.0)
trailblazer-option (0.1.0)
trainer (0.9.1)
tty-cursor (0.7.1)
tty-screen (0.8.1)
tty-spinner (0.9.3)
typhoeus (1.4.0)
tzinfo (1.2.9)
uber (0.1.0)
unf (0.1.4)
unf_ext (0.0.7.7)
unicode-display_width (1.7.0)
webrick (default: 1.4.2)
word_wrap (1.0.0)
xcinvoke (0.3.0)
xcode-install (2.6.8)
xcodeproj (1.19.0)
xcov (1.7.5)
xcpretty (0.3.0)
xcpretty-json-formatter (0.1.1)
xcpretty-travis-formatter (1.0.1)
xcresult (0.2.1)
xmlrpc (0.3.0)
zlib (default: 1.0.0)
========================================


=== NPM global packages ==========================
* Cordova: 9.0.0 (cordova-lib@9.0.1)
* Ionic: 6.11.12
* Appcenter-CLI version: 2.7.3
========================================


=== Checking Xcode CLT dirs ============

 * ls -1 /Library/Developer/CommandLineTools/SDKs/MacOSX10.15.sdk/usr/include/CommonCrypto
CommonCrypto.h
CommonCryptoError.h
CommonCryptor.h
CommonDigest.h
CommonHMAC.h
CommonKeyDerivation.h
CommonRandom.h
CommonSymmetricKeywrap.h
module.modulemap

 * ls -1 /Library/Developer/CommandLineTools/
Library
SDKs
usr

 * /Library/Developer/CommandLineTools/usr/bin/swift --version
Apple Swift version 5.3.2 (swiftlang-1200.0.45 clang-1200.0.32.28)
Target: x86_64-apple-darwin19.6.0

========================================


=== Xcode ==============================

* Active Xcode Command Line Tools:
/Applications/Xcode-12.3.app/Contents/Developer

* Xcode Version:
Xcode 12.3
Build version 12C33

* /usr/bin/swift --version
Apple Swift version 5.3.2 (swiftlang-1200.0.45 clang-1200.0.32.28)
Target: x86_64-apple-darwin19.6.0

* Installed SDKs:
iOS SDKs:
	iOS 14.3                      	-sdk iphoneos14.3

iOS Simulator SDKs:
	Simulator - iOS 14.3          	-sdk iphonesimulator14.3

macOS SDKs:
	DriverKit 20.2                	-sdk driverkit.macosx20.2
	macOS 11.1                    	-sdk macosx11.1

tvOS SDKs:
	tvOS 14.3                     	-sdk appletvos14.3

tvOS Simulator SDKs:
	Simulator - tvOS 14.3         	-sdk appletvsimulator14.3

watchOS SDKs:
	watchOS 7.2                   	-sdk watchos7.2

watchOS Simulator SDKs:
	Simulator - watchOS 7.2       	-sdk watchsimulator7.2


* Available Simulators:
== Device Types ==
iPhone 4s (com.apple.CoreSimulator.SimDeviceType.iPhone-4s)
iPhone 5 (com.apple.CoreSimulator.SimDeviceType.iPhone-5)
iPhone 5s (com.apple.CoreSimulator.SimDeviceType.iPhone-5s)
iPhone 6 Plus (com.apple.CoreSimulator.SimDeviceType.iPhone-6-Plus)
iPhone 6 (com.apple.CoreSimulator.SimDeviceType.iPhone-6)
iPhone 6s (com.apple.CoreSimulator.SimDeviceType.iPhone-6s)
iPhone 6s Plus (com.apple.CoreSimulator.SimDeviceType.iPhone-6s-Plus)
iPhone SE (1st generation) (com.apple.CoreSimulator.SimDeviceType.iPhone-SE)
iPhone 7 (com.apple.CoreSimulator.SimDeviceType.iPhone-7)
iPhone 7 Plus (com.apple.CoreSimulator.SimDeviceType.iPhone-7-Plus)
iPhone 8 (com.apple.CoreSimulator.SimDeviceType.iPhone-8)
iPhone 8 Plus (com.apple.CoreSimulator.SimDeviceType.iPhone-8-Plus)
iPhone X (com.apple.CoreSimulator.SimDeviceType.iPhone-X)
iPhone Xs (com.apple.CoreSimulator.SimDeviceType.iPhone-XS)
iPhone Xs Max (com.apple.CoreSimulator.SimDeviceType.iPhone-XS-Max)
iPhone Xʀ (com.apple.CoreSimulator.SimDeviceType.iPhone-XR)
iPhone 11 (com.apple.CoreSimulator.SimDeviceType.iPhone-11)
iPhone 11 Pro (com.apple.CoreSimulator.SimDeviceType.iPhone-11-Pro)
iPhone 11 Pro Max (com.apple.CoreSimulator.SimDeviceType.iPhone-11-Pro-Max)
iPhone SE (2nd generation) (com.apple.CoreSimulator.SimDeviceType.iPhone-SE--2nd-generation-)
iPhone 12 mini (com.apple.CoreSimulator.SimDeviceType.iPhone-12-mini)
iPhone 12 (com.apple.CoreSimulator.SimDeviceType.iPhone-12)
iPhone 12 Pro (com.apple.CoreSimulator.SimDeviceType.iPhone-12-Pro)
iPhone 12 Pro Max (com.apple.CoreSimulator.SimDeviceType.iPhone-12-Pro-Max)
iPod touch (7th generation) (com.apple.CoreSimulator.SimDeviceType.iPod-touch--7th-generation-)
iPad 2 (com.apple.CoreSimulator.SimDeviceType.iPad-2)
iPad Retina (com.apple.CoreSimulator.SimDeviceType.iPad-Retina)
iPad Air (com.apple.CoreSimulator.SimDeviceType.iPad-Air)
iPad mini 2 (com.apple.CoreSimulator.SimDeviceType.iPad-mini-2)
iPad mini 3 (com.apple.CoreSimulator.SimDeviceType.iPad-mini-3)
iPad mini 4 (com.apple.CoreSimulator.SimDeviceType.iPad-mini-4)
iPad Air 2 (com.apple.CoreSimulator.SimDeviceType.iPad-Air-2)
iPad Pro (9.7-inch) (com.apple.CoreSimulator.SimDeviceType.iPad-Pro--9-7-inch-)
iPad Pro (12.9-inch) (1st generation) (com.apple.CoreSimulator.SimDeviceType.iPad-Pro)
iPad (5th generation) (com.apple.CoreSimulator.SimDeviceType.iPad--5th-generation-)
iPad Pro (12.9-inch) (2nd generation) (com.apple.CoreSimulator.SimDeviceType.iPad-Pro--12-9-inch---2nd-generation-)
iPad Pro (10.5-inch) (com.apple.CoreSimulator.SimDeviceType.iPad-Pro--10-5-inch-)
iPad (6th generation) (com.apple.CoreSimulator.SimDeviceType.iPad--6th-generation-)
iPad (7th generation) (com.apple.CoreSimulator.SimDeviceType.iPad--7th-generation-)
iPad Pro (11-inch) (1st generation) (com.apple.CoreSimulator.SimDeviceType.iPad-Pro--11-inch-)
iPad Pro (12.9-inch) (3rd generation) (com.apple.CoreSimulator.SimDeviceType.iPad-Pro--12-9-inch---3rd-generation-)
iPad Pro (11-inch) (2nd generation) (com.apple.CoreSimulator.SimDeviceType.iPad-Pro--11-inch---2nd-generation-)
iPad Pro (12.9-inch) (4th generation) (com.apple.CoreSimulator.SimDeviceType.iPad-Pro--12-9-inch---4th-generation-)
iPad mini (5th generation) (com.apple.CoreSimulator.SimDeviceType.iPad-mini--5th-generation-)
iPad Air (3rd generation) (com.apple.CoreSimulator.SimDeviceType.iPad-Air--3rd-generation-)
iPad (8th generation) (com.apple.CoreSimulator.SimDeviceType.iPad--8th-generation-)
iPad Air (4th generation) (com.apple.CoreSimulator.SimDeviceType.iPad-Air--4th-generation-)
Apple TV (com.apple.CoreSimulator.SimDeviceType.Apple-TV-1080p)
Apple TV 4K (com.apple.CoreSimulator.SimDeviceType.Apple-TV-4K-4K)
Apple TV 4K (at 1080p) (com.apple.CoreSimulator.SimDeviceType.Apple-TV-4K-1080p)
Apple Watch - 38mm (com.apple.CoreSimulator.SimDeviceType.Apple-Watch-38mm)
Apple Watch - 42mm (com.apple.CoreSimulator.SimDeviceType.Apple-Watch-42mm)
Apple Watch Series 2 - 38mm (com.apple.CoreSimulator.SimDeviceType.Apple-Watch-Series-2-38mm)
Apple Watch Series 2 - 42mm (com.apple.CoreSimulator.SimDeviceType.Apple-Watch-Series-2-42mm)
Apple Watch Series 3 - 38mm (com.apple.CoreSimulator.SimDeviceType.Apple-Watch-Series-3-38mm)
Apple Watch Series 3 - 42mm (com.apple.CoreSimulator.SimDeviceType.Apple-Watch-Series-3-42mm)
Apple Watch Series 4 - 40mm (com.apple.CoreSimulator.SimDeviceType.Apple-Watch-Series-4-40mm)
Apple Watch Series 4 - 44mm (com.apple.CoreSimulator.SimDeviceType.Apple-Watch-Series-4-44mm)
Apple Watch Series 5 - 40mm (com.apple.CoreSimulator.SimDeviceType.Apple-Watch-Series-5-40mm)
Apple Watch Series 5 - 44mm (com.apple.CoreSimulator.SimDeviceType.Apple-Watch-Series-5-44mm)
Apple Watch SE - 40mm (com.apple.CoreSimulator.SimDeviceType.Apple-Watch-SE-40mm)
Apple Watch SE - 44mm (com.apple.CoreSimulator.SimDeviceType.Apple-Watch-SE-44mm)
Apple Watch Series 6 - 40mm (com.apple.CoreSimulator.SimDeviceType.Apple-Watch-Series-6-40mm)
Apple Watch Series 6 - 44mm (com.apple.CoreSimulator.SimDeviceType.Apple-Watch-Series-6-44mm)
== Runtimes ==
iOS 13.7 (13.7 - 17H22) - com.apple.CoreSimulator.SimRuntime.iOS-13-7
iOS 14.0 (14.0.1 - 18A394) - com.apple.CoreSimulator.SimRuntime.iOS-14-0
iOS 14.1 (14.1 - 18A8394) - com.apple.CoreSimulator.SimRuntime.iOS-14-1
iOS 14.2 (14.2 - 18B79) - com.apple.CoreSimulator.SimRuntime.iOS-14-2
iOS 14.3 (14.3 - 18C61) - com.apple.CoreSimulator.SimRuntime.iOS-14-3
tvOS 13.0 (13.0 - 17J585) - com.apple.CoreSimulator.SimRuntime.tvOS-13-0
tvOS 13.2 (13.2 - 17K90) - com.apple.CoreSimulator.SimRuntime.tvOS-13-2
tvOS 13.3 (13.3 - 17K446) - com.apple.CoreSimulator.SimRuntime.tvOS-13-3
tvOS 13.4 (13.4 - 17L255) - com.apple.CoreSimulator.SimRuntime.tvOS-13-4
tvOS 14.0 (14.0 - 18J383) - com.apple.CoreSimulator.SimRuntime.tvOS-14-0
tvOS 14.3 (14.3 - 18K559) - com.apple.CoreSimulator.SimRuntime.tvOS-14-3
watchOS 6.2 (6.2.1 - 17T531) - com.apple.CoreSimulator.SimRuntime.watchOS-6-2
watchOS 7.0 (7.0 - 18R382) - com.apple.CoreSimulator.SimRuntime.watchOS-7-0
watchOS 7.1 (7.1 - 18R579) - com.apple.CoreSimulator.SimRuntime.watchOS-7-1
watchOS 7.2 (7.2 - 18S561) - com.apple.CoreSimulator.SimRuntime.watchOS-7-2
== Devices ==
-- iOS 13.7 --
    iPhone 8 (67C54A6C-BFB1-4E50-BD9C-8D80DCC90B95) (Shutdown) 
    iPhone 8 Plus (95BAA4AF-51A5-4B6A-8303-37230586118F) (Shutdown) 
    iPhone 11 (681A5F6A-22D8-45A0-B8E3-05D1D2512478) (Shutdown) 
    iPhone 11 Pro (35460FDE-411F-4DCA-8AE8-1886DE899C8F) (Shutdown) 
    iPhone 11 Pro Max (3CC82276-9C5E-4A9A-9409-0A9875AF1EF8) (Shutdown) 
    iPhone SE (2nd generation) (F80B74B0-BB49-4067-8C29-BD932B2901BF) (Shutdown) 
    iPad Pro (9.7-inch) (AF16C17C-3633-4B2B-9407-3FE2CBF48EBD) (Shutdown) 
    iPad (7th generation) (942A1943-5D57-4019-B588-7AD81F41AF78) (Shutdown) 
    iPad Pro (11-inch) (2nd generation) (A4CC513E-2412-44CD-A39D-7A294D7A3322) (Shutdown) 
    iPad Pro (12.9-inch) (4th generation) (B79DAE58-448E-43F9-9621-AB8997FAEDFE) (Shutdown) 
    iPad Air (3rd generation) (156FB1D4-7E36-4A64-AAEB-D86E698BD04A) (Shutdown) 
-- iOS 14.0 --
    iPhone 8 (F38B92E8-AEEC-4D50-93BF-3AE6604D1981) (Shutdown) 
    iPhone 8 Plus (9B25D852-1B3A-45D3-B22E-91D3D6479A67) (Shutdown) 
    iPhone 11 (82C634A9-772F-4566-92DF-F9EBD12D6B68) (Shutdown) 
    iPhone 11 Pro (D1BAB7D3-BE4B-4D96-B240-1045A9D1D7B4) (Shutdown) 
    iPhone 11 Pro Max (E0D64249-0B67-48E9-86BB-8377F6D84212) (Shutdown) 
    iPhone SE (2nd generation) (4B8CD006-106A-4B96-AA9E-E84DB2CAE5E1) (Shutdown) 
    iPod touch (7th generation) (0A7A21A4-0347-46E3-B37F-58C7CABBFD0B) (Shutdown) 
    iPad Pro (9.7-inch) (8C79D8FB-7EFF-4CBB-BC24-65CFCB464980) (Shutdown) 
    iPad Pro (11-inch) (2nd generation) (265F8715-0A31-412C-8150-01C36DC8D520) (Shutdown) 
    iPad Pro (12.9-inch) (4th generation) (6E5E5B52-BE95-4EEF-A0CB-5FF4204DE92C) (Shutdown) 
    iPad (8th generation) (54CDB8D6-B65A-415E-A294-DDE86BB52618) (Shutdown) 
    iPad Air (4th generation) (E247AF44-1A50-4847-B146-0987DE3D8749) (Shutdown) 
-- iOS 14.1 --
    iPhone 8 (95B6FA1B-9C24-4C13-9314-74D92E9FC66B) (Shutdown) 
    iPhone 8 Plus (0F655F9D-6135-4C8B-B5CE-5FA9613AB788) (Shutdown) 
    iPhone 11 (FE595CB8-02DB-4CBF-BB11-8FD4BB9B5E81) (Shutdown) 
    iPhone 11 Pro (273AA9DE-979F-4117-AB5C-0D46C7248DE1) (Shutdown) 
    iPhone 11 Pro Max (EDD7E330-6D78-4CA8-9B3A-5FCF13C3DBDE) (Shutdown) 
    iPhone SE (2nd generation) (148845C1-732A-47A6-B677-BF382999A5DC) (Shutdown) 
    iPhone 12 mini (07AC382D-2E4D-466F-8903-AE3DA8F571B6) (Shutdown) 
    iPhone 12 (220E3C4B-283C-45E3-8AD2-436C0B19BBED) (Shutdown) 
    iPhone 12 Pro (ECEA3668-1A4B-45F8-85EC-2FE1FF8646FE) (Shutdown) 
    iPhone 12 Pro Max (4D92BD04-903F-49F7-BE73-6582CAB9661A) (Shutdown) 
    iPod touch (7th generation) (4B7E8061-A9EB-49C7-89E1-ADCEA7B51042) (Shutdown) 
    iPad Pro (9.7-inch) (1E8B79D1-2D72-4611-AF73-278ABFB0DBC6) (Shutdown) 
    iPad Pro (11-inch) (2nd generation) (64D3CB7A-A732-4DB0-B8E3-5465F03D3764) (Shutdown) 
    iPad Pro (12.9-inch) (4th generation) (E1A09EEE-8221-4DEF-B3E2-5D8620628AB0) (Shutdown) 
    iPad (8th generation) (F58DB11D-5DA4-4410-8BCD-D7726BDAD26D) (Shutdown) 
    iPad Air (4th generation) (7884055F-3A7B-4A2E-AC3E-CCE6281D6F9C) (Shutdown) 
-- iOS 14.2 --
    iPhone 8 (6277A69E-B59C-420F-976D-0C15568D5F16) (Shutdown) 
    iPhone 8 Plus (638AB505-BE91-4986-BEFD-0ADCF7DAE144) (Shutdown) 
    iPhone 11 (7465B9AC-5D38-4E6C-BB6E-4AB0A714DF90) (Shutdown) 
    iPhone 11 Pro (95A2B452-D930-44C3-B221-0CE6E7F9161B) (Shutdown) 
    iPhone 11 Pro Max (ACBB069E-9D88-44D7-9ABD-81E4BF4EAC6E) (Shutdown) 
    iPhone SE (2nd generation) (27D53082-EF2B-42F5-BB7F-6E5E68711616) (Shutdown) 
    iPhone 12 mini (C60A4FD2-0AED-4EF4-920E-66A9A344E4EE) (Shutdown) 
    iPhone 12 (B7971B04-207E-4183-909E-F13E5395A7D8) (Shutdown) 
    iPhone 12 Pro (C59554DB-AB57-4D15-92A7-95D9CA1077B7) (Shutdown) 
    iPhone 12 Pro Max (C0B08007-BE22-4BFB-ABD9-F3F6592A34C4) (Shutdown) 
    iPod touch (7th generation) (C39F43DB-DBFD-4657-8D64-7BFEBC3C2E5C) (Shutdown) 
    iPad Pro (9.7-inch) (8D19C1CC-0FC7-4315-8AE5-D4190849BCB1) (Shutdown) 
    iPad Pro (11-inch) (2nd generation) (01BDC7A9-FE85-44BF-A5EF-85A1B1936848) (Shutdown) 
    iPad Pro (12.9-inch) (4th generation) (8529B066-7D9C-4058-8D8E-D1629B044A57) (Shutdown) 
    iPad (8th generation) (FF9D33F5-0DB6-46D7-944D-5FA954477F29) (Shutdown) 
    iPad Air (4th generation) (971E61DA-7146-4EE9-854B-299AB160A530) (Shutdown) 
-- iOS 14.3 --
    iPhone 8 (80D95F45-7AB3-41E7-81B7-F25FF640062D) (Shutdown) 
    iPhone 8 Plus (0D44C4D2-6D54-436A-9046-C179FBD80D40) (Shutdown) 
    iPhone 11 (16AC7A02-1F0F-4D76-954B-D3B45950763A) (Shutdown) 
    iPhone 11 Pro (49C1E94F-2B3A-40DC-B665-D6CB8A44812E) (Shutdown) 
    iPhone 11 Pro Max (C4DAC2B7-4A82-4693-B0E4-CEE8738F01ED) (Shutdown) 
    iPhone SE (2nd generation) (A69089E3-1E3D-41D1-B9C5-1D29E5180523) (Shutdown) 
    iPhone 12 mini (B6D3A630-603E-4269-9C19-73F2B573169B) (Shutdown) 
    iPhone 12 (B69AD0FC-91E9-41D0-96F1-300211830B75) (Shutdown) 
    iPhone 12 Pro (A64F03F3-8770-4F69-86A6-AD94FA837EF5) (Shutdown) 
    iPhone 12 Pro Max (5959D740-62B9-4362-83B8-DD17B8EC3147) (Shutdown) 
    iPod touch (7th generation) (13727660-BEB7-4F18-853F-6EEBBD9B8C65) (Shutdown) 
    iPad Pro (9.7-inch) (DDAD85F1-86A4-409A-A1C3-45507A5FBF65) (Shutdown) 
    iPad Pro (11-inch) (2nd generation) (14A869B3-06F5-4C84-A6CC-541BBAC6365A) (Shutdown) 
    iPad Pro (12.9-inch) (4th generation) (CABA2C97-A0E3-4003-95E9-AD9E82445EB3) (Shutdown) 
    iPad (8th generation) (E4FC179C-BD4B-41E5-A5A1-BAC810FD0B21) (Shutdown) 
    iPad Air (4th generation) (7FAF409A-B710-4593-B26A-F24EEE3C9E08) (Shutdown) 
-- tvOS 13.0 --
    Apple TV (2DBF8226-25F8-4CE8-9702-111561D1931D) (Shutdown) 
    Apple TV 4K (CB141B9B-6C19-4A1D-B196-4FA66105541A) (Shutdown) 
    Apple TV 4K (at 1080p) (1A11EA0F-D113-4C2C-B090-DFF28E0467AC) (Shutdown) 
-- tvOS 13.2 --
    Apple TV (28B3874B-50E5-4A21-91E4-BB68EBF21428) (Shutdown) 
    Apple TV 4K (25C9D1A3-EC7E-46D3-8E69-4A960543200F) (Shutdown) 
    Apple TV 4K (at 1080p) (086A6DB6-3B5D-4554-BBA4-12DD8411BD42) (Shutdown) 
-- tvOS 13.3 --
    Apple TV (7EEF62D9-A6D1-4F05-83B3-995EEE56E57B) (Shutdown) 
    Apple TV 4K (0881051D-32BC-4EB0-9621-4A23B3A196F3) (Shutdown) 
    Apple TV 4K (at 1080p) (10B5E4E4-4B09-452C-9BD9-89194DBFB595) (Shutdown) 
-- tvOS 13.4 --
    Apple TV (3BC01F24-A1FE-44FE-A372-62A4446006BF) (Shutdown) 
    Apple TV 4K (41059FA7-DDF0-48B6-80B7-425C8DA944EE) (Shutdown) 
    Apple TV 4K (at 1080p) (FC5861F5-022D-4165-B00A-AD2F1CD6C80A) (Shutdown) 
-- tvOS 14.0 --
    Apple TV (D1F74F64-6E57-4D1E-930B-6962D0506DD1) (Shutdown) 
    Apple TV 4K (34AEBD5E-E0F5-4E84-BA9C-176CE8166033) (Shutdown) 
    Apple TV 4K (at 1080p) (B53F162C-D427-4218-AB16-0BD19F349530) (Shutdown) 
-- tvOS 14.3 --
    Apple TV (0A4B5B42-9D52-46EC-9D5D-09276D3A1170) (Shutdown) 
    Apple TV 4K (2392B737-90A0-49BC-8034-7E6AF31BB445) (Shutdown) 
    Apple TV 4K (at 1080p) (F36D78AB-454F-4769-8AEC-FFF1C056B742) (Shutdown) 
-- watchOS 6.2 --
    Apple Watch Series 4 - 40mm (8580EC5A-A15E-4F6F-9379-08A27EAE89E8) (Shutdown) 
    Apple Watch Series 4 - 44mm (AF37E538-9F02-4F35-B51C-962C1154A78B) (Shutdown) 
    Apple Watch Series 5 - 40mm (CF6CC2A1-05A3-4670-B92C-1BD69F35F242) (Shutdown) 
    Apple Watch Series 5 - 44mm (5105A2D4-6B02-4BA8-B48F-18CCFBA5BE93) (Shutdown) 
-- watchOS 7.0 --
    Apple Watch Series 5 - 40mm (9CB87AAF-4C79-4827-A4E6-67A47352E66E) (Shutdown) 
    Apple Watch Series 5 - 44mm (44A1DEE6-6C41-490F-827F-BB0C515C5901) (Shutdown) 
    Apple Watch Series 6 - 40mm (FF0F010F-3967-4563-94A9-90298F575595) (Shutdown) 
    Apple Watch Series 6 - 44mm (21159FB8-41D2-44A1-BA6A-0343C4C8A96C) (Shutdown) 
-- watchOS 7.1 --
    Apple Watch Series 5 - 40mm (144EDC84-58C2-49FC-992C-E3F970CF0D55) (Shutdown) 
    Apple Watch Series 5 - 44mm (870CA764-D3F0-4655-9EED-1C79DABA02B5) (Shutdown) 
    Apple Watch Series 6 - 40mm (C1FF8BC4-4419-42EA-BEDE-FEF8A64E0F50) (Shutdown) 
    Apple Watch Series 6 - 44mm (06FA6767-F8B4-4EBB-B6B9-405B4C8F0280) (Shutdown) 
-- watchOS 7.2 --
    Apple Watch Series 5 - 40mm (9F2F9B42-8379-494E-B5DB-83FD569BAA29) (Shutdown) 
    Apple Watch Series 5 - 44mm (79CFC8AA-027B-43B2-A3A9-3A660E291DA8) (Shutdown) 
    Apple Watch Series 6 - 40mm (7ABD2E5E-4B9D-4466-B35C-6CFC0ADC85D5) (Shutdown) 
    Apple Watch Series 6 - 44mm (59F75425-1EBA-4E91-950B-5EBFA2413932) (Shutdown) 
== Device Pairs ==
1885C320-4C95-44D6-9B24-D7BEA9D47D03 (active, disconnected)
    Watch: Apple Watch Series 5 - 40mm (9F2F9B42-8379-494E-B5DB-83FD569BAA29) (Shutdown)
    Phone: iPhone 12 mini (B6D3A630-603E-4269-9C19-73F2B573169B) (Shutdown)
E3DEF035-0F3B-4A41-8621-383385D43AF6 (active, disconnected)
    Watch: Apple Watch Series 5 - 44mm (79CFC8AA-027B-43B2-A3A9-3A660E291DA8) (Shutdown)
    Phone: iPhone 12 (B69AD0FC-91E9-41D0-96F1-300211830B75) (Shutdown)
CF5EB01A-32AC-4594-BBFB-2FFE747D2867 (active, disconnected)
    Watch: Apple Watch Series 6 - 40mm (7ABD2E5E-4B9D-4466-B35C-6CFC0ADC85D5) (Shutdown)
    Phone: iPhone 12 Pro (A64F03F3-8770-4F69-86A6-AD94FA837EF5) (Shutdown)
6A97D9DA-7EA5-4EAD-A240-C61A7439B39C (active, disconnected)
    Watch: Apple Watch Series 6 - 44mm (59F75425-1EBA-4E91-950B-5EBFA2413932) (Shutdown)
    Phone: iPhone 12 Pro Max (5959D740-62B9-4362-83B8-DD17B8EC3147) (Shutdown)

========================================


=== OS X info =========================

* sw_vers
ProductName:	Mac OS X
ProductVersion:	10.15.7
BuildVersion:	19H2

* system_profiler SPSoftwareDataType
Software:

    System Software Overview:

      System Version: macOS 10.15.7 (19H2)
      Kernel Version: Darwin 19.6.0
      Boot Volume: Macintosh HD
      Boot Mode: Normal
      Computer Name: vm-osx-xcode-12.3.x-g2.4core-3210882b-7cd4-41d7-997b-e0c16e68ad53
      User Name: vagrant (vagrant)
      Secure Virtual Memory: Enabled
      System Integrity Protection: Disabled
      Time since boot: 38 minutes


========================================


=== System infos =======================
* Free disk space:
    Filesystem         Size        Avail
  /dev/disk1s5        300Gi        139Gi
========================================

--- Android

* ANDROID_HOME (/usr/local/share/android-sdk) content:
add-ons
build-tools
cmdline-tools
emulator
extras
licenses
patcher
platform-tools
platforms
system-images
tools

* ANDROID_NDK_HOME (/opt/android-ndk/android-ndk-r21) content:
CHANGELOG.md
NOTICE
NOTICE.toolchain
README.md
build
meta
ndk-build
ndk-gdb
ndk-stack
ndk-which
platforms
prebuilt
python-packages
shader-tools
simpleperf
source.properties
sources
sysroot
toolchains
wrap.sh

* Android NDK Version:
Pkg.Desc = Android NDK
Pkg.Revision = 21.0.6113669

* platform-tools content:
NOTICE.txt
adb
api
dmtracedump
e2fsdroid
etc1tool
fastboot
hprof-conv
lib64
make_f2fs
make_f2fs_casefold
mke2fs
mke2fs.conf
package.xml
sload_f2fs
source.properties
sqlite3
systrace

* build-tools content:
17.0.0
19.1.0
21.1.2
22.0.1
23.0.3
24.0.3
25.0.3
26.0.1
26.0.2
27.0.0
27.0.1
27.0.2
27.0.3
28.0.0
28.0.1
28.0.2
28.0.3
29.0.0
29.0.1
29.0.2
29.0.3
30.0.0

* extras content:
/usr/local/share/android-sdk/extras
├── android
│   └── m2repository
├── google
│   ├── google_play_services
│   └── m2repository
└── m2repository
    └── com

7 directories, 0 files

* platforms content:
android-15
android-17
android-19
android-21
android-22
android-23
android-24
android-25
android-26
android-27
android-28
android-29
android-30

* system-images content:
/usr/local/share/android-sdk/system-images
├── android-26
│   └── google_apis
│       └── x86
├── android-28
│   └── google_apis
│       └── x86_64
├── android-29
│   └── google_apis
│       └── x86
└── android-30
    └── google_apis
        └── x86

12 directories, 0 files

========================================


=== Android APK tools ==================

* aapt2:

========================================


=== Environment infos =======================
MATCH_KEYCHAIN_PASSWORD environment set
========================================


=== Control tests ======================
source $HOME/.bash_profile ...
source $HOME/.bash_profile - PASSED
========================================

