 (i) Ignore Errors: enabled

#
# This System Report was generated by: https://github.com/bitrise-io/osx-box-bootstrap/blob/master/system_report.sh
#  Pull Requests are welcome!
#


=== Revision / ID ======================
* BITRISE_OSX_STACK_REV_ID: v2020_02_12_1
========================================


=== Pre-installed tool versions ========
* Go: go version go1.13.1 darwin/amd64
* Python: Python 2.7.16
* Node.js: v10.16.3
* NPM: 6.13.4
* Yarn: 1.19.0
* Java: openjdk version "1.8.0_222"
OpenJDK Runtime Environment (AdoptOpenJDK)(build 1.8.0_222-b10)
OpenJDK 64-Bit Server VM (AdoptOpenJDK)(build 25.222-b10, mixed mode)
* Flutter: Flutter 1.12.13+hotfix.5 • channel stable • https://github.com/flutter/flutter.git

* git: git version 2.23.0
* git lfs: git-lfs/2.8.0 (GitHub; darwin amd64; go 1.12.7)
* mercurial/hg: Mercurial Distributed SCM (version 5.2.2)
* curl: curl 7.54.0 (x86_64-apple-darwin18.0) libcurl/7.54.0 LibreSSL/2.6.5 zlib/1.2.11 nghttp2/1.24.1
* wget: GNU Wget 1.20.3 built on darwin18.6.0.
* rsync: rsync  version 2.6.9  protocol version 29
* unzip: UnZip 6.00 of 20 April 2009, by Info-ZIP.  Maintained by C. Spieler.  Send
* zip: This is Zip 3.0 (July 5th 2008), by Info-ZIP.
* tar: bsdtar 2.8.3 - libarchive 2.8.3
* tree: tree v1.8.0 (c) 1996 - 2018 by Steve Baker, Thomas Moore, Francesc Rocher, Florian Sesser, Kyosuke Tokoro 

* brew: Homebrew 2.2.5
Homebrew/homebrew-core (git revision e974; last commit 2020-02-13)
Homebrew/homebrew-cask (git revision bb78e; last commit 2020-02-13)
./system_report.sh: line 58: xctool: command not found
* xctool: 
* Ansible: ansible 2.9.2
  configured module search path = ['/Users/vagrant/.ansible/plugins/modules', '/usr/share/ansible/plugins/modules']
  ansible python module location = /usr/local/Cellar/ansible/2.9.2_1/libexec/lib/python3.8/site-packages/ansible
  executable location = /usr/local/bin/ansible
* gtimeout: timeout (GNU coreutils) 8.31
* watchman: 4.9.0
* flow: Flow, a static type checker for JavaScript, version 0.109.0
* carthage: 0.33.0
* imagemagick (convert): Version: ImageMagick 7.0.9-14 Q16 x86_64 2020-01-06 https://imagemagick.org
* ghostscript (ps2ascii): 9.27
* screen: Screen version 4.06.02 (GNU) 23-Oct-17
* firebase: ]0;Firebase CLI7.13.0
./system_report.sh: line 75: wine: command not found
* wine: 

--- Bitrise CLI tool versions
* bitrise: 1.39.0
* stepman: 0.12.0
* envman: 2.2.11
* cmd-bridge: 0.9.5
========================================


=== Brew list versions ==================
ansible 2.9.2_1
ant 1.10.7
autoconf 2.69
carthage 0.33.0
coreutils 8.31
flow 0.109.0
freetype 2.10.1
gdbm 1.18.1
gettext 0.20.1
ghostscript 9.27_1
git 2.23.0_1
git-lfs 2.8.0
glib 2.62.4
go 1.13.1
gradle 5.6.2
icu4c 64.2
ilmbase 2.3.0 2.4.0
imagemagick 7.0.9-14
jenv 0.5.2
jpeg 9c
libde265 1.0.4 1.0.3
libffi 3.2.1
libheif 1.6.1
libidn2 2.2.0_1
libomp 9.0.0
libpng 1.6.37
libtiff 4.1.0 4.0.10_1
libtool 2.4.6_1
libunistring 0.9.10
libyaml 0.2.2
little-cms2 2.9
maven 3.6.2
mercurial 5.2.2
node 12.11.1
node@10 10.16.3
openexr 2.3.0 2.4.0
openjpeg 2.3.1
openssl@1.1 1.1.1d
pcre 8.43
pcre2 10.33
pkg-config 0.29.2
python 3.7.6_1
python@3.8 3.8.1
rbenv 1.1.2
readline 8.0.1
ruby-build 20191004
screen 4.6.2
shared-mime-info 1.15
sqlite 3.30.1
tree 1.8.0
watchman 4.9.0_3
webp 1.0.3
wget 1.20.3_1
x265 3.1.2 3.2.1
xz 5.2.4
yarn 1.19.0
========================================


=== Brew deps tree ==================
ansible
├── libyaml
├── openssl@1.1
└── python@3.8
    ├── gdbm
    ├── openssl@1.1
    ├── readline
    ├── sqlite
    │   └── readline
    └── xz

ant
└── openjdk

autoconf

carthage

coreutils

flow

freetype
└── libpng

gdbm

gettext

ghostscript
└── libtiff
    └── jpeg

git
├── gettext
└── pcre2

git-lfs

glib
├── gettext
├── libffi
├── pcre
└── python
    ├── gdbm
    ├── openssl@1.1
    ├── readline
    ├── sqlite
    │   └── readline
    └── xz

go

gradle
└── openjdk

icu4c

ilmbase

imagemagick
├── freetype
│   └── libpng
├── jpeg
├── libheif
│   ├── jpeg
│   ├── libde265
│   ├── libpng
│   ├── shared-mime-info
│   │   ├── gettext
│   │   └── glib
│   │       ├── gettext
│   │       ├── libffi
│   │       ├── pcre
│   │       └── python
│   │           ├── gdbm
│   │           ├── openssl@1.1
│   │           ├── readline
│   │           ├── sqlite
│   │           │   └── readline
│   │           └── xz
│   └── x265
├── libomp
├── libpng
├── libtiff
│   └── jpeg
├── libtool
├── little-cms2
│   ├── jpeg
│   └── libtiff
│       └── jpeg
├── openexr
│   └── ilmbase
├── openjpeg
│   ├── libpng
│   ├── libtiff
│   │   └── jpeg
│   └── little-cms2
│       ├── jpeg
│       └── libtiff
│           └── jpeg
├── webp
│   ├── jpeg
│   ├── libpng
│   └── libtiff
│       └── jpeg
└── xz

jenv

jpeg

libde265

libffi

libheif
├── jpeg
├── libde265
├── libpng
├── shared-mime-info
│   ├── gettext
│   └── glib
│       ├── gettext
│       ├── libffi
│       ├── pcre
│       └── python
│           ├── gdbm
│           ├── openssl@1.1
│           ├── readline
│           ├── sqlite
│           │   └── readline
│           └── xz
└── x265

libidn2
├── gettext
└── libunistring

libomp

libpng

libtiff
└── jpeg

libtool

libunistring

libyaml

little-cms2
├── jpeg
└── libtiff
    └── jpeg

maven
└── openjdk

mercurial
└── python
    ├── gdbm
    ├── openssl@1.1
    ├── readline
    ├── sqlite
    │   └── readline
    └── xz

node
└── icu4c

node@10
└── icu4c

openexr
└── ilmbase

openjpeg
├── libpng
├── libtiff
│   └── jpeg
└── little-cms2
    ├── jpeg
    └── libtiff
        └── jpeg

openssl@1.1

pcre

pcre2

pkg-config

python
├── gdbm
├── openssl@1.1
├── readline
├── sqlite
│   └── readline
└── xz

python@3.8
├── gdbm
├── openssl@1.1
├── readline
├── sqlite
│   └── readline
└── xz

rbenv
└── ruby-build
    ├── autoconf
    ├── pkg-config
    └── readline

readline

ruby-build
├── autoconf
├── pkg-config
└── readline

screen

shared-mime-info
├── gettext
└── glib
    ├── gettext
    ├── libffi
    ├── pcre
    └── python
        ├── gdbm
        ├── openssl@1.1
        ├── readline
        ├── sqlite
        │   └── readline
        └── xz

sqlite
└── readline

tree

watchman
├── openssl@1.1
├── pcre
└── python
    ├── gdbm
    ├── openssl@1.1
    ├── readline
    ├── sqlite
    │   └── readline
    └── xz

webp
├── jpeg
├── libpng
└── libtiff
    └── jpeg

wget
├── libidn2
│   ├── gettext
│   └── libunistring
└── openssl@1.1

x265

xz

yarn
└── node
    └── icu4c

========================================


=== Ruby and rubygems ==================
* Ruby (default): ruby 2.6.5p114 (2019-10-01 revision 67812) [x86_64-darwin18]
--- Available ruby versions ---
  system
  2.4.9
  2.5.7
* 2.6.5 (set by /Users/vagrant/.rbenv/version)
-------------------------------
* rbenv: 1.1.2
* Rubygems: 3.0.6
* Bundler: Bundler version 1.17.3
* CocoaPods: 1.8.4
* xcpretty: 0.3.0
* Nomad CLI: 3.0.6
* Nomad CLI IPA / Shenzhen: ipa 0.14.3
========================================


=== All Ruby GEMs ======================
activesupport (4.2.11.1)
addressable (2.7.0)
algoliasearch (1.27.1)
atomos (0.1.3)
aws-sdk (1.67.0)
aws-sdk-v1 (1.67.0)
babosa (1.0.3)
bigdecimal (default: 1.4.1)
bundler (default: 1.17.3)
certified (1.0.0)
CFPropertyList (3.0.1)
claide (1.0.3)
cmath (default: 1.0.0)
cocoapods (1.8.4, 1.8.1)
cocoapods-core (1.8.4, 1.8.1)
cocoapods-deintegrate (1.0.4)
cocoapods-downloader (1.2.2)
cocoapods-plugins (1.0.0)
cocoapods-search (1.0.0)
cocoapods-stats (1.1.0)
cocoapods-trunk (1.4.1)
cocoapods-try (1.1.0)
colored (1.2)
colored2 (3.1.2)
commander (4.4.7)
commander-fastlane (4.4.6)
concurrent-ruby (1.1.5)
csv (default: 3.0.9)
cupertino (1.3.4)
date (default: 2.0.0)
dbm (default: 1.0.0)
declarative (0.0.10)
declarative-option (0.1.0)
did_you_mean (1.3.0)
digest-crc (0.4.1)
domain_name (0.5.20190701)
dotenv (2.7.5)
dubai (0.2.0)
e2mmap (default: 0.1.0)
emoji_regex (1.0.1)
escape (0.0.4)
etc (default: 1.0.1)
excon (0.67.0)
faraday (0.16.2, 0.15.4)
faraday-cookie_jar (0.0.6)
faraday_middleware (0.13.1)
fastimage (2.1.7)
fastlane (2.133.0)
fcntl (default: 1.0.0)
fiddle (default: 1.0.0)
fileutils (default: 1.1.0)
forwardable (default: 1.2.0)
fourflusher (2.3.1)
fuzzy_match (2.0.4)
gdbm (default: 2.0.0)
gh_inspector (1.1.3)
google-api-client (0.23.9)
google-cloud-core (1.3.1)
google-cloud-env (1.2.1)
google-cloud-storage (1.16.0)
googleauth (0.6.7)
highline (2.0.2, 1.7.10)
houston (2.4.0)
http-cookie (1.0.3)
httpclient (2.8.3)
i18n (0.9.5)
io-console (default: 0.4.7)
ipaddr (default: 1.2.2)
irb (default: 1.0.0)
json (default: 2.1.0, 1.8.6)
jwt (2.1.0)
logger (default: 1.3.0)
matrix (default: 0.1.0)
mechanize (2.5.1)
memoist (0.16.0)
mime-types (3.3, 1.25.1)
mime-types-data (3.2019.0904)
mini_magick (4.9.5)
mini_portile2 (2.1.0)
minitest (5.11.3)
molinillo (0.6.6)
multi_json (1.13.1)
multi_xml (0.6.0)
multipart-post (2.1.1, 2.0.0)
mutex_m (default: 0.1.0)
nanaimo (0.2.6)
nap (1.1.0)
naturally (2.2.0)
net-http-digest_auth (1.4.1)
net-http-persistent (2.9.4)
net-sftp (2.1.2)
net-ssh (5.2.0)
net-telnet (0.2.0)
netrc (0.11.0)
nokogiri (1.6.8.1)
nomad-cli (0.0.2)
ntlm-http (0.1.1)
openssl (default: 2.1.2)
os (1.0.1)
ostruct (default: 0.1.0)
plist (3.1.0)
power_assert (1.1.3)
prime (default: 0.1.0)
psych (default: 3.1.0)
public_suffix (2.0.5)
rack (1.6.11)
rack-protection (1.5.5)
rake (12.3.2)
rdoc (default: 6.1.2)
representable (3.0.4)
retriable (3.1.2)
rexml (default: 3.1.9)
rouge (2.0.7)
rss (default: 0.2.7)
ruby-macho (1.4.0)
rubygems-update (3.0.6)
rubyzip (1.3.0)
scanf (default: 1.0.0)
sdbm (default: 1.0.0)
security (0.1.3)
shell (default: 0.7)
shenzhen (0.14.3)
signet (0.11.0)
simctl (1.6.6)
sinatra (1.4.8)
slack-notifier (2.3.2)
stringio (default: 0.0.2)
strscan (default: 1.0.0)
sync (default: 0.5.0)
term-ansicolor (1.0.7)
terminal-notifier (2.0.0)
terminal-table (1.4.5)
test-unit (3.2.9)
thread_safe (0.3.6)
thwait (default: 0.1.0)
tilt (2.0.10)
tracer (default: 0.1.0)
tty-cursor (0.7.0)
tty-screen (0.7.0)
tty-spinner (0.9.1)
tzinfo (1.2.5)
uber (0.1.0)
unf (0.1.4)
unf_ext (0.0.7.6)
venice (0.5.0)
webrick (default: 1.4.2)
webrobots (0.1.2)
word_wrap (1.0.0)
xcodeproj (1.12.0)
xcpretty (0.3.0)
xcpretty-travis-formatter (1.0.0)
xmlrpc (0.3.0)
zlib (default: 1.0.0)
========================================


=== NPM global packages ==========================
* Cordova: 9.0.0 (cordova-lib@9.0.1)
* Ionic: 5.4.2
========================================


=== Checking Xcode CLT dirs ============

 * ls -1 /usr/include/CommonCrypto
ls: /usr/include/CommonCrypto: No such file or directory

 * ls -1 /Library/Developer/CommandLineTools/
Library
Packages
SDKs
usr

 * /Library/Developer/CommandLineTools/usr/bin/swift --version
Apple Swift version 5.0.1 (swiftlang-1001.0.82.4 clang-1001.0.46.5)
Target: x86_64-apple-darwin18.7.0

========================================


=== Xcode ==============================

* Active Xcode Command Line Tools:
/Applications/Xcode.app/Contents/Developer

* Xcode Version:
Xcode 11.2.1
Build version 11B500

* /usr/bin/swift --version
Apple Swift version 5.1.2 (swiftlang-1100.0.278 clang-1100.0.33.9)
Target: x86_64-apple-darwin18.7.0

* Installed SDKs:
iOS SDKs:
	iOS 13.2                      	-sdk iphoneos13.2

iOS Simulator SDKs:
	Simulator - iOS 13.2          	-sdk iphonesimulator13.2

macOS SDKs:
	DriverKit 19.0                	-sdk driverkit.macosx19.0
	macOS 10.15                   	-sdk macosx10.15

tvOS SDKs:
	tvOS 13.2                     	-sdk appletvos13.2

tvOS Simulator SDKs:
	Simulator - tvOS 13.2         	-sdk appletvsimulator13.2

watchOS SDKs:
	watchOS 6.1                   	-sdk watchos6.1

watchOS Simulator SDKs:
	Simulator - watchOS 6.1       	-sdk watchsimulator6.1


* Available Simulators:
== Device Types ==
iPhone 4s (com.apple.CoreSimulator.SimDeviceType.iPhone-4s)
iPhone 5 (com.apple.CoreSimulator.SimDeviceType.iPhone-5)
iPhone 5s (com.apple.CoreSimulator.SimDeviceType.iPhone-5s)
iPhone 6 Plus (com.apple.CoreSimulator.SimDeviceType.iPhone-6-Plus)
iPhone 6 (com.apple.CoreSimulator.SimDeviceType.iPhone-6)
iPhone 6s (com.apple.CoreSimulator.SimDeviceType.iPhone-6s)
iPhone 6s Plus (com.apple.CoreSimulator.SimDeviceType.iPhone-6s-Plus)
iPhone SE (com.apple.CoreSimulator.SimDeviceType.iPhone-SE)
iPhone 7 (com.apple.CoreSimulator.SimDeviceType.iPhone-7)
iPhone 7 Plus (com.apple.CoreSimulator.SimDeviceType.iPhone-7-Plus)
iPhone 8 (com.apple.CoreSimulator.SimDeviceType.iPhone-8)
iPhone 8 Plus (com.apple.CoreSimulator.SimDeviceType.iPhone-8-Plus)
iPhone X (com.apple.CoreSimulator.SimDeviceType.iPhone-X)
iPhone Xs (com.apple.CoreSimulator.SimDeviceType.iPhone-XS)
iPhone Xs Max (com.apple.CoreSimulator.SimDeviceType.iPhone-XS-Max)
iPhone Xʀ (com.apple.CoreSimulator.SimDeviceType.iPhone-XR)
iPhone 11 (com.apple.CoreSimulator.SimDeviceType.iPhone-11)
iPhone 11 Pro (com.apple.CoreSimulator.SimDeviceType.iPhone-11-Pro)
iPhone 11 Pro Max (com.apple.CoreSimulator.SimDeviceType.iPhone-11-Pro-Max)
iPad 2 (com.apple.CoreSimulator.SimDeviceType.iPad-2)
iPad Retina (com.apple.CoreSimulator.SimDeviceType.iPad-Retina)
iPad Air (com.apple.CoreSimulator.SimDeviceType.iPad-Air)
iPad mini 2 (com.apple.CoreSimulator.SimDeviceType.iPad-mini-2)
iPad mini 3 (com.apple.CoreSimulator.SimDeviceType.iPad-mini-3)
iPad mini 4 (com.apple.CoreSimulator.SimDeviceType.iPad-mini-4)
iPad Air 2 (com.apple.CoreSimulator.SimDeviceType.iPad-Air-2)
iPad Pro (9.7-inch) (com.apple.CoreSimulator.SimDeviceType.iPad-Pro--9-7-inch-)
iPad Pro (12.9-inch) (com.apple.CoreSimulator.SimDeviceType.iPad-Pro)
iPad (5th generation) (com.apple.CoreSimulator.SimDeviceType.iPad--5th-generation-)
iPad Pro (12.9-inch) (2nd generation) (com.apple.CoreSimulator.SimDeviceType.iPad-Pro--12-9-inch---2nd-generation-)
iPad Pro (10.5-inch) (com.apple.CoreSimulator.SimDeviceType.iPad-Pro--10-5-inch-)
iPad (6th generation) (com.apple.CoreSimulator.SimDeviceType.iPad--6th-generation-)
iPad (7th generation) (com.apple.CoreSimulator.SimDeviceType.iPad--7th-generation-)
iPad Pro (11-inch) (com.apple.CoreSimulator.SimDeviceType.iPad-Pro--11-inch-)
iPad Pro (12.9-inch) (3rd generation) (com.apple.CoreSimulator.SimDeviceType.iPad-Pro--12-9-inch---3rd-generation-)
iPad mini (5th generation) (com.apple.CoreSimulator.SimDeviceType.iPad-mini--5th-generation-)
iPad Air (3rd generation) (com.apple.CoreSimulator.SimDeviceType.iPad-Air--3rd-generation-)
Apple TV (com.apple.CoreSimulator.SimDeviceType.Apple-TV-1080p)
Apple TV 4K (com.apple.CoreSimulator.SimDeviceType.Apple-TV-4K-4K)
Apple TV 4K (at 1080p) (com.apple.CoreSimulator.SimDeviceType.Apple-TV-4K-1080p)
Apple Watch - 38mm (com.apple.CoreSimulator.SimDeviceType.Apple-Watch-38mm)
Apple Watch - 42mm (com.apple.CoreSimulator.SimDeviceType.Apple-Watch-42mm)
Apple Watch Series 2 - 38mm (com.apple.CoreSimulator.SimDeviceType.Apple-Watch-Series-2-38mm)
Apple Watch Series 2 - 42mm (com.apple.CoreSimulator.SimDeviceType.Apple-Watch-Series-2-42mm)
Apple Watch Series 3 - 38mm (com.apple.CoreSimulator.SimDeviceType.Apple-Watch-Series-3-38mm)
Apple Watch Series 3 - 42mm (com.apple.CoreSimulator.SimDeviceType.Apple-Watch-Series-3-42mm)
Apple Watch Series 4 - 40mm (com.apple.CoreSimulator.SimDeviceType.Apple-Watch-Series-4-40mm)
Apple Watch Series 4 - 44mm (com.apple.CoreSimulator.SimDeviceType.Apple-Watch-Series-4-44mm)
Apple Watch Series 5 - 40mm (com.apple.CoreSimulator.SimDeviceType.Apple-Watch-Series-5-40mm)
Apple Watch Series 5 - 44mm (com.apple.CoreSimulator.SimDeviceType.Apple-Watch-Series-5-44mm)
== Runtimes ==
iOS 10.3 (10.3.1 - 14E8301) - com.apple.CoreSimulator.SimRuntime.iOS-10-3 
iOS 11.0 (11.0.1 - 15A8401) - com.apple.CoreSimulator.SimRuntime.iOS-11-0 
iOS 11.1 (11.1 - 15B87) - com.apple.CoreSimulator.SimRuntime.iOS-11-1 
iOS 11.2 (11.2 - 15C107) - com.apple.CoreSimulator.SimRuntime.iOS-11-2 
iOS 11.3 (11.3 - 15E217) - com.apple.CoreSimulator.SimRuntime.iOS-11-3 
iOS 11.4 (11.4 - 15F79) - com.apple.CoreSimulator.SimRuntime.iOS-11-4 
iOS 12.0 (12.0 - 16A366) - com.apple.CoreSimulator.SimRuntime.iOS-12-0 
iOS 12.1 (12.1 - 16B91) - com.apple.CoreSimulator.SimRuntime.iOS-12-1 
iOS 12.2 (12.2 - 16E226) - com.apple.CoreSimulator.SimRuntime.iOS-12-2 
iOS 12.4 (12.4 - 16G73) - com.apple.CoreSimulator.SimRuntime.iOS-12-4 
iOS 13.0 (13.0 - 17A577) - com.apple.CoreSimulator.SimRuntime.iOS-13-0 
iOS 13.1 (13.1 - 17A844) - com.apple.CoreSimulator.SimRuntime.iOS-13-1 
iOS 13.2 (13.2.2 - 17B102) - com.apple.CoreSimulator.SimRuntime.iOS-13-2 
tvOS 10.2 (10.2 - 14W260) - com.apple.CoreSimulator.SimRuntime.tvOS-10-2 
tvOS 11.0 (11.0 - 15J380) - com.apple.CoreSimulator.SimRuntime.tvOS-11-0 
tvOS 11.1 (11.1 - 15J580) - com.apple.CoreSimulator.SimRuntime.tvOS-11-1 
tvOS 11.2 (11.2 - 15K104) - com.apple.CoreSimulator.SimRuntime.tvOS-11-2 
tvOS 11.3 (11.3 - 15L211) - com.apple.CoreSimulator.SimRuntime.tvOS-11-3 
tvOS 11.4 (11.4 - 15L576) - com.apple.CoreSimulator.SimRuntime.tvOS-11-4 
tvOS 12.0 (12.0 - 16J364) - com.apple.CoreSimulator.SimRuntime.tvOS-12-0 
tvOS 12.1 (12.1 - 16J602) - com.apple.CoreSimulator.SimRuntime.tvOS-12-1 
tvOS 12.2 (12.2 - 16L225) - com.apple.CoreSimulator.SimRuntime.tvOS-12-2 
tvOS 12.4 (12.4 - 16M567) - com.apple.CoreSimulator.SimRuntime.tvOS-12-4 
tvOS 13.2 (13.2 - 17K90) - com.apple.CoreSimulator.SimRuntime.tvOS-13-2 
watchOS 3.2 (3.2 - 14V243) - com.apple.CoreSimulator.SimRuntime.watchOS-3-2 
watchOS 4.0 (4.0 - 15R372) - com.apple.CoreSimulator.SimRuntime.watchOS-4-0 
watchOS 4.1 (4.1 - 15R844) - com.apple.CoreSimulator.SimRuntime.watchOS-4-1 
watchOS 4.2 (4.2 - 15S100) - com.apple.CoreSimulator.SimRuntime.watchOS-4-2 
watchOS 5.0 (5.0 - 16R363) - com.apple.CoreSimulator.SimRuntime.watchOS-5-0 
watchOS 5.1 (5.1 - 16R591) - com.apple.CoreSimulator.SimRuntime.watchOS-5-1 
watchOS 5.2 (5.2 - 16T224) - com.apple.CoreSimulator.SimRuntime.watchOS-5-2 
watchOS 5.3 (5.3 - 16U567) - com.apple.CoreSimulator.SimRuntime.watchOS-5-3 
watchOS 6.0 (6.0 - 17R575) - com.apple.CoreSimulator.SimRuntime.watchOS-6-0 
watchOS 6.1 (6.1 - 17S83) - com.apple.CoreSimulator.SimRuntime.watchOS-6-1 
== Devices ==
-- iOS 10.3 --
    iPhone 5 (488CA1A6-5BB0-4125-BBC2-A91C535E2735) (Shutdown) 
    iPhone 5s (9A286938-BE93-44E8-AF69-5F2F1463A433) (Shutdown) 
    iPhone 6 Plus (7955A543-9CCA-409E-ACBC-2BEC4069E260) (Shutdown) 
    iPhone 6 (BC4655BB-C3B8-4BBD-BF5A-FC4B91583688) (Shutdown) 
    iPhone 6s (0191B3C9-223C-49DF-8815-E01E3312751F) (Shutdown) 
    iPhone 6s Plus (55B81239-1CFE-40C6-9E92-59493694CB56) (Shutdown) 
    iPhone SE (B8E4B230-1148-4696-A559-303EA718E73A) (Shutdown) 
    iPhone 7 (D3E8E1BA-CDAF-4578-8E9B-CAF97B553F37) (Shutdown) 
    iPhone 7 Plus (CC47BE7F-F0E9-4C50-B041-330217933D93) (Shutdown) 
    iPad Air (17933E57-CFDC-47B7-8C20-CDDE7E8B90E5) (Shutdown) 
    iPad Air 2 (E2C0EB17-C2BD-4661-8D77-0AD942A96E38) (Shutdown) 
    iPad Pro (9.7 inch) (8ECC421A-A5CD-4765-B570-178C0102783E) (Shutdown) 
    iPad Pro (12.9 inch) (B2686C6B-37CE-4E1E-9C99-09702F43F4DD) (Shutdown) 
    iPad (5th generation) (5C5CDB03-B3C8-4A61-9095-40B239C042B7) (Shutdown) 
    iPad Pro (12.9-inch) (2nd generation) (29B798DB-1E60-429A-A0A3-E9AD4B9D2116) (Shutdown) 
    iPad Pro (10.5-inch) (95B04610-E37E-42D8-9246-1E42371AD519) (Shutdown) 
-- iOS 11.0 --
    iPhone 5s (964965DF-3A64-42F8-8F83-386B73CA7CE8) (Shutdown) 
    iPhone 6 Plus (79564576-72A7-4145-B2C2-9ADF31434E41) (Shutdown) 
    iPhone 6 (5A892027-6610-44F3-A29B-ED1CDC479E24) (Shutdown) 
    iPhone 6s (3C37E947-BD61-4585-B2F0-3D1148485B6D) (Shutdown) 
    iPhone 6s Plus (E7444860-B043-49FD-9CB1-E9EAD05AD300) (Shutdown) 
    iPhone SE (4823FA91-22FC-436C-BDB8-E98776A77696) (Shutdown) 
    iPhone 7 (A2636DCE-08C7-49CE-AACC-C5175A761640) (Shutdown) 
    iPhone 7 Plus (0927CF52-ED24-4803-9113-52BB59B4A75A) (Shutdown) 
    iPhone 8 (F7FE38E2-AEF0-483B-AE22-BED25F31F6E3) (Shutdown) 
    iPhone 8 Plus (FD1A2EFF-0799-425D-A2F5-D4ED918E0490) (Shutdown) 
    iPhone X (C71F51D0-1527-455D-A610-E20EC7D6B534) (Shutdown) 
    iPad Air (63529127-C102-4717-B92D-25CE32E10ABA) (Shutdown) 
    iPad Air 2 (D1230302-A8DD-4E1F-B5A2-812AAF40D389) (Shutdown) 
    iPad Pro (9.7-inch) (497F3D16-B9AF-4363-B251-76770CA6D7B5) (Shutdown) 
    iPad Pro (12.9-inch) (BC83BE70-1040-4201-A6A1-1F132C78BB93) (Shutdown) 
    iPad (5th generation) (9D3ECBEB-6CE3-49D6-87E4-77339EEC4C53) (Shutdown) 
    iPad Pro (12.9-inch) (2nd generation) (3D63B255-343E-4DCD-BFF1-8EDB87207596) (Shutdown) 
    iPad Pro (10.5-inch) (1589BC3B-74CD-4E32-952E-93A83C5E22B5) (Shutdown) 
-- iOS 11.1 --
    iPhone 5s (9733CB6C-B328-44EA-93AC-3B95B0A5686E) (Shutdown) 
    iPhone 6 Plus (DC783F7F-7101-4FFF-86CD-16E5D6EE8B21) (Shutdown) 
    iPhone 6 (E3FDF63C-1F27-433D-8861-F2C1E9959905) (Shutdown) 
    iPhone 6s (28922BB5-8304-461F-A42E-FBB8B3DA0903) (Shutdown) 
    iPhone 6s Plus (155DE654-95E1-4E61-B97E-2E3803087F60) (Shutdown) 
    iPhone SE (EF549CBC-A879-4CAB-89B6-173424C713C3) (Shutdown) 
    iPhone 7 (5CFA4806-8289-4DF6-BB36-3F56459F6CD5) (Shutdown) 
    iPhone 7 Plus (FCEF52DA-4E85-4183-8881-ACBE307820DE) (Shutdown) 
    iPhone 8 (3C129595-73E0-40B1-B3D5-A4F4A9A08584) (Shutdown) 
    iPhone 8 Plus (4640C638-59C0-4FC3-8742-8B2F604894C3) (Shutdown) 
    iPhone X (FAE3C04C-7EC9-4C92-91E4-EE967975FDDC) (Shutdown) 
    iPad Air (0EFFB04C-3D14-4562-847A-79D3191AF33B) (Shutdown) 
    iPad Air 2 (3C8F6636-F959-400E-8992-E87AF2FBBE1E) (Shutdown) 
    iPad Pro (9.7-inch) (E4C6B42A-3C40-4A0B-A353-53CC07A2D293) (Shutdown) 
    iPad Pro (12.9-inch) (4CE9CC74-5135-4FEB-B0FB-FAB4118D7A67) (Shutdown) 
    iPad (5th generation) (FD1135D8-29F0-4534-8CA9-0BF49578DD5C) (Shutdown) 
    iPad Pro (12.9-inch) (2nd generation) (6E12A3D3-5ED0-45EE-A75F-D4E8D13AC194) (Shutdown) 
    iPad Pro (10.5-inch) (BED4019E-D9E5-4C00-90A2-83FAE1B3A18F) (Shutdown) 
-- iOS 11.2 --
    iPhone 5s (8E44F792-B531-451A-9AA5-E9C23933FD66) (Shutdown) 
    iPhone 6 Plus (BCF6FC56-C370-40BE-A843-9FBA057DD3D4) (Shutdown) 
    iPhone 6 (5B1FA4F1-60FD-45FF-BA3A-7BA7BDBF0E93) (Shutdown) 
    iPhone 6s (DA24CE5B-27C6-4326-9FAB-EDDA20B65A3F) (Shutdown) 
    iPhone 6s Plus (E4664B26-6D99-46CF-92B5-F0455DB4E92B) (Shutdown) 
    iPhone SE (A2CC1DCB-CB8F-4291-8560-7968C26BEAE9) (Shutdown) 
    iPhone 7 (0517FDB6-5953-4411-9918-749127EBF12B) (Shutdown) 
    iPhone 7 Plus (503D3A70-FDD2-4114-BE51-5D8048C91EBF) (Shutdown) 
    iPhone 8 (4D13D29F-1FC7-4A57-8ED4-605815258F56) (Shutdown) 
    iPhone 8 Plus (585183C7-21C7-4F41-9C9C-AE3E8877D61E) (Shutdown) 
    iPhone X (2B5BF6DA-D3A6-4684-B2D5-F10E3E9D64B4) (Shutdown) 
    iPad Air (BEBCE1B7-D574-4553-9FCB-1D3714963974) (Shutdown) 
    iPad Air 2 (80A3611E-33FF-4787-95A4-369DDC9E84CC) (Shutdown) 
    iPad Pro (9.7-inch) (B47A91F1-F218-42B0-8D59-F97E399C3C68) (Shutdown) 
    iPad Pro (12.9-inch) (518ABDE8-EE99-4CD9-8446-DE27BC780C42) (Shutdown) 
    iPad (5th generation) (9C080782-60D3-4A7F-B636-6CA04864EB5B) (Shutdown) 
    iPad Pro (12.9-inch) (2nd generation) (A627C92E-F264-4B03-B2AC-7B1D655BE106) (Shutdown) 
    iPad Pro (10.5-inch) (D5C8C832-BBBF-428F-B33D-5F3E20525684) (Shutdown) 
-- iOS 11.3 --
    iPhone 5s (429B2B50-253C-43FF-9C48-700CB07F6388) (Shutdown) 
    iPhone 6 Plus (9E9FC099-D281-4465-94C1-FFF76A928877) (Shutdown) 
    iPhone 6 (7DEC008B-D76E-429D-BB06-2B1BCDE26B1E) (Shutdown) 
    iPhone 6s (DB552765-D93A-43B7-9C89-E9312F3384CD) (Shutdown) 
    iPhone 6s Plus (C5C39A29-DFAE-43C9-904D-9F356E1CBBEC) (Shutdown) 
    iPhone SE (634844D4-63E8-4173-BBE9-6AB14EE263D2) (Shutdown) 
    iPhone 7 (473C981E-655C-41BA-8DDE-57C73416564C) (Shutdown) 
    iPhone 7 Plus (CF672BC1-EACC-4A7C-B16A-7254DBE1515D) (Shutdown) 
    iPhone 8 (670A47EF-CF3A-4F80-8313-1F8430592485) (Shutdown) 
    iPhone 8 Plus (CF0C6829-8ED9-45A1-B129-D96F8DDB12C2) (Shutdown) 
    iPhone X (ECE42B6A-9F06-4EC8-A195-C8E9F1BA6067) (Shutdown) 
    iPad Air (E0FE07C2-9E62-45AF-8D13-0738A7B65405) (Shutdown) 
    iPad Air 2 (80E44495-1F3D-441A-9548-93253796CEE0) (Shutdown) 
    iPad Pro (9.7-inch) (FFE19F06-9A3C-49EA-AF28-A3D3A96DF2B9) (Shutdown) 
    iPad Pro (12.9-inch) (AAB2A25F-A272-4AB6-A461-55FD9B5C36E5) (Shutdown) 
    iPad (5th generation) (F788BC9D-E434-4B03-95C0-FCF458E48340) (Shutdown) 
    iPad Pro (12.9-inch) (2nd generation) (61779739-052A-4A1E-9D11-2202DE93D0DD) (Shutdown) 
    iPad Pro (10.5-inch) (69D13889-C25F-4683-A7AD-B8FED90DF323) (Shutdown) 
-- iOS 11.4 --
    iPhone 5s (69C379FF-C658-48A6-8D03-52E564D5DE4F) (Shutdown) 
    iPhone 6 Plus (52E12ADB-E91E-47E6-A447-6F7B75E95004) (Shutdown) 
    iPhone 6 (9D424CFA-8C31-4179-9D5C-9771A6C733F0) (Shutdown) 
    iPhone 6s (4B491D47-D292-4EEF-9EA4-FBA2726E87B2) (Shutdown) 
    iPhone 6s Plus (CEF8C2CB-93B7-4C84-8239-37295779C094) (Shutdown) 
    iPhone SE (D826D8BA-5992-4B75-93A6-1C4B5169DB12) (Shutdown) 
    iPhone 7 (C0A23771-556F-4025-845E-6D048BC136B7) (Shutdown) 
    iPhone 7 Plus (4A9DAAB8-ADEE-42D1-9C4B-F3BB0155977C) (Shutdown) 
    iPhone 8 (07F1DB2E-5D12-4778-B0C8-EBB1395AF863) (Shutdown) 
    iPhone 8 Plus (73538F25-9545-4F4E-8F0B-1B65369049D9) (Shutdown) 
    iPhone X (840ADFC3-B004-4B29-8B16-D9F1F50A91FB) (Shutdown) 
    iPad Air (962886EF-E083-4484-BAC0-AA223F030FAA) (Shutdown) 
    iPad Air 2 (4B2D5F3D-FF8A-40DC-ACC8-FE9DECB8A09A) (Shutdown) 
    iPad Pro (9.7-inch) (FBA7F1BC-0E85-4F02-96EA-2E4AB484BB78) (Shutdown) 
    iPad Pro (12.9-inch) (D6B487C2-9B50-449B-AACD-6476240CED1A) (Shutdown) 
    iPad (5th generation) (E873A8F2-2651-4A89-813B-C5B3BE1E0C14) (Shutdown) 
    iPad Pro (12.9-inch) (2nd generation) (8828CFE8-C6DF-479B-9BA1-C264BCA9DAF3) (Shutdown) 
    iPad Pro (10.5-inch) (C92A4DAB-6456-4B50-BD65-5AB66B0C3062) (Shutdown) 
-- iOS 12.0 --
    iPhone 5s (8526E3A1-7DCC-45B9-AFCC-8C09A49D3E90) (Shutdown) 
    iPhone 6 Plus (907785DE-1014-4D60-AA93-160319C8B384) (Shutdown) 
    iPhone 6 (DF24E2AC-DBEA-47DC-A7CD-7C4CD628A836) (Shutdown) 
    iPhone 6s (EBD7FCEA-DFC8-4C29-8012-18AB5D39F559) (Shutdown) 
    iPhone 6s Plus (665F6D91-354B-4849-888A-D628E9FEF118) (Shutdown) 
    iPhone SE (F38E255D-CCC8-423F-9C7D-EA6E2393EDD1) (Shutdown) 
    iPhone 7 (376F0741-E88F-45C4-84E4-5E4D4E29E1C0) (Shutdown) 
    iPhone 7 Plus (C58B5039-EC3A-4165-8915-6362DDDE5696) (Shutdown) 
    iPhone 8 (87213697-E3B9-4007-93CC-53A0ED4B0E21) (Shutdown) 
    iPhone 8 Plus (D0D81478-0A50-45F5-B5D5-42E653DBDAEB) (Shutdown) 
    iPhone X (26EF14EB-295D-4C0D-99C8-15EF48A7A8C0) (Shutdown) 
    iPhone XS (6344EED4-DBC8-4A3D-988B-3B8A070716F2) (Shutdown) 
    iPhone XS Max (11F21012-B513-4D7A-9DF6-003A11C4CCCF) (Shutdown) 
    iPhone XR (C702A397-F092-4A52-A37E-98BE2D24831A) (Shutdown) 
    iPad Air (7E88B772-5B9F-45D2-A8D4-866F72AA9A19) (Shutdown) 
    iPad Air 2 (3946AD44-FF38-454D-B7DA-7F64C9234BB2) (Shutdown) 
    iPad Pro (9.7-inch) (EED17F64-5610-4C16-B80A-BFDEE6EA4D2F) (Shutdown) 
    iPad Pro (12.9-inch) (3973B456-EB26-4D8A-A739-CF7F0748F85E) (Shutdown) 
    iPad (5th generation) (EF18C4D3-3E1F-4A23-8725-1985BE1ACBB4) (Shutdown) 
    iPad Pro (12.9-inch) (2nd generation) (C40E72D9-BC68-4E69-9696-A37475C624DC) (Shutdown) 
    iPad Pro (10.5-inch) (B5145947-3FA5-4928-981C-31D8A176F505) (Shutdown) 
    iPad (6th generation) (4B8B2F19-1877-4492-9E5A-FE383016BB22) (Shutdown) 
-- iOS 12.1 --
    iPhone 5s (0C01FDD9-EE3E-4AFC-AB67-9755E8EFEC02) (Shutdown) 
    iPhone 6 Plus (239C916C-1888-4FF2-BA9C-3B05149A164A) (Shutdown) 
    iPhone 6 (3C18BEEC-6E3A-4994-BE43-3F9B73E03FE5) (Shutdown) 
    iPhone 6s (3DB8BD7E-7B17-4B11-99AD-5002988CCD75) (Shutdown) 
    iPhone 6s Plus (33D11790-0E94-4A8C-A6C6-D7CBEB816555) (Shutdown) 
    iPhone SE (DD20CE4D-AB3A-4F8F-9904-85E72DF85685) (Shutdown) 
    iPhone 7 (41FA24B1-ECD8-4000-B5C9-8437E9790EBF) (Shutdown) 
    iPhone 7 Plus (675799BB-0E5D-4B38-BAC3-10F147998BD6) (Shutdown) 
    iPhone 8 (9C15086E-E0B4-4EF7-93C4-BADB01666D72) (Shutdown) 
    iPhone 8 Plus (0836C7C0-F8D3-4B5A-93BA-22849BB7841C) (Shutdown) 
    iPhone X (12319AA5-5975-4793-8182-25A3156621BB) (Shutdown) 
    iPhone XS (41CB0DB0-3775-477B-B1D3-DE4FBE155B49) (Shutdown) 
    iPhone XS Max (3CF441FD-7F6C-40EA-8AE5-B8E061A051BF) (Shutdown) 
    iPhone XR (052D49CB-593E-45FE-B808-E0A557D0FCB3) (Shutdown) 
    iPad Air (BB230CC2-4EAF-44B3-9ADA-082ADFF67C05) (Shutdown) 
    iPad Air 2 (A5672598-8FF1-45A0-B582-24F4500C16A6) (Shutdown) 
    iPad Pro (9.7-inch) (1F2F0FAB-0412-4C8D-8D9D-1144BFD440BF) (Shutdown) 
    iPad Pro (12.9-inch) (05D7ABD6-DD3B-48E3-ACA0-D0D6F27FC5B8) (Shutdown) 
    iPad (5th generation) (4583ADE3-0F33-42B4-BC2B-00C96F7DC0DD) (Shutdown) 
    iPad Pro (12.9-inch) (2nd generation) (4833E87E-2285-41F1-B29F-D2188A56E668) (Shutdown) 
    iPad Pro (10.5-inch) (5A830EFB-61A6-4C18-BFEC-80C750899723) (Shutdown) 
    iPad (6th generation) (61F53E3F-07A6-4D2B-8F1E-8CDA22DC539F) (Shutdown) 
    iPad Pro (11-inch) (87F75406-DAFC-4434-B24E-73B565A2510E) (Shutdown) 
    iPad Pro (12.9-inch) (3rd generation) (7CA2D2CD-D1A1-4675-AF32-2B1E7E311B9F) (Shutdown) 
-- iOS 12.2 --
    iPhone 5s (272E8EA2-0F07-4599-A922-AD059D314B62) (Shutdown) 
    iPhone 6 Plus (E71EA669-A5C2-4D5B-BDB1-00EE17C68260) (Shutdown) 
    iPhone 6 (A7AEDDAD-78D7-4F46-858E-F8A91B54699A) (Shutdown) 
    iPhone 6s (20F73E22-E9C6-433D-B118-C0805092B108) (Shutdown) 
    iPhone 6s Plus (2E02AB06-C6ED-4D35-99B0-4C8253E1D6E2) (Shutdown) 
    iPhone SE (DB3132C9-ECE3-4539-9053-E4356516CB37) (Shutdown) 
    iPhone 7 (B763BE3F-922A-40FC-AE63-723343A8C258) (Shutdown) 
    iPhone 7 Plus (D9A71C8F-2106-4B37-9AF0-D8143AB25299) (Shutdown) 
    iPhone 8 (BFCD6DCF-E538-496A-826E-62780759A697) (Shutdown) 
    iPhone 8 Plus (DE772586-A5AF-4715-B236-034322D80EBD) (Shutdown) 
    iPhone X (08AD1707-DC30-49A3-AE27-4C1BEE3D0263) (Shutdown) 
    iPhone Xs (2F7B02C6-05F8-4B2A-97BA-2F6CA7AEED68) (Shutdown) 
    iPhone Xs Max (E7F67778-D416-4A83-B256-614C5C7144B0) (Shutdown) 
    iPhone Xʀ (2211E42F-A655-4303-BE0C-9BBE4451BAA4) (Shutdown) 
    iPad Air (58840E5D-8E14-4778-8F87-902D3138AA87) (Shutdown) 
    iPad Air 2 (BF12D140-9236-4683-9319-2766E7DB462A) (Shutdown) 
    iPad Pro (9.7-inch) (91C76344-A0D3-4948-B9BF-B74E48FB2408) (Shutdown) 
    iPad Pro (12.9-inch) (701D4FEF-CCF7-47F9-9730-3E65C1D41481) (Shutdown) 
    iPad (5th generation) (44102E71-EAE1-449B-AB07-540F75FA9547) (Shutdown) 
    iPad Pro (12.9-inch) (2nd generation) (4F248740-048F-4333-85F4-F23D6B1AD7F3) (Shutdown) 
    iPad Pro (10.5-inch) (7E612D83-F655-461C-AA1E-2693AF608E2C) (Shutdown) 
    iPad (6th generation) (C292B8BB-F405-4848-AB53-8D9E460E530D) (Shutdown) 
    iPad Pro (11-inch) (064383D4-B72D-4F11-B9DC-7D8A27F77948) (Shutdown) 
    iPad Pro (12.9-inch) (3rd generation) (1C7C4668-4D63-4C4C-B316-DF610333312C) (Shutdown) 
    iPad Air (3rd generation) (97896332-261E-4A67-B4C5-D5FF52610177) (Shutdown) 
-- iOS 12.4 --
    iPhone 5s (80AAAB6C-61EE-4E51-A935-CEA1558BFDA7) (Shutdown) 
    iPhone 6 Plus (0A22EE1A-BCAA-49FD-A45F-557B02769815) (Shutdown) 
    iPhone 6 (C574882F-6A26-4D15-9559-E0C259D66E7D) (Shutdown) 
    iPhone 6s (8BB0CC5C-4370-4091-B7F2-44B38A9A0855) (Shutdown) 
    iPhone 6s Plus (D81B8D40-391A-4DD7-B4AE-E344F5200E22) (Shutdown) 
    iPhone SE (C4BAC76C-3AAB-4B29-BFB6-8D28B5798430) (Shutdown) 
    iPhone 7 (F43CDE06-0E4D-4F7F-8138-9EDE8AF70956) (Shutdown) 
    iPhone 7 Plus (62AD14E2-52DE-437C-9AF8-A7110452215B) (Shutdown) 
    iPhone 8 (CB1BB506-9615-46AE-B1BA-8436CC1768C7) (Shutdown) 
    iPhone 8 Plus (CE341D13-9B9A-434C-BDC3-C5BF8F72B604) (Shutdown) 
    iPhone X (96BC5AE1-5FBD-4330-B7CB-90C76A4392B7) (Shutdown) 
    iPhone Xs (4CAA3E1B-EDAB-4392-85BA-AEE0C609F033) (Shutdown) 
    iPhone Xs Max (8F341CF8-4BA0-4610-9923-B94F00129D28) (Shutdown) 
    iPhone Xʀ (A79052FD-E55C-4225-8417-DFB37DCDA72B) (Shutdown) 
    iPad Air (EDF25D53-F3C9-4D06-B81D-8FE664634083) (Shutdown) 
    iPad Air 2 (2CB8EB2D-A6EF-45CB-B930-76CD7F94F5AD) (Shutdown) 
    iPad Pro (9.7-inch) (EE4FB85E-02E8-47F4-ADAE-F367BF737AA4) (Shutdown) 
    iPad Pro (12.9-inch) (6791A1E4-D826-44EE-8C22-CF19B45FFCE8) (Shutdown) 
    iPad (5th generation) (B81E3662-C606-4863-B30E-6311613618D8) (Shutdown) 
    iPad Pro (12.9-inch) (2nd generation) (A9C44E8D-D1C9-4ACB-9B2F-84446B6478B0) (Shutdown) 
    iPad Pro (10.5-inch) (48EDC493-9E3C-4807-AE9C-A2E06118D080) (Shutdown) 
    iPad (6th generation) (4D58AB6A-89E0-43F6-81E8-E5D66DD8F55A) (Shutdown) 
    iPad Pro (11-inch) (FF9112B3-B40F-4A23-A94D-DBF8F1A232FB) (Shutdown) 
    iPad Pro (12.9-inch) (3rd generation) (81B34853-B7B7-4629-93D8-902D888E73D3) (Shutdown) 
    iPad Air (3rd generation) (444A91A1-EAD7-4F6B-8EC5-EA5F039F09B1) (Shutdown) 
-- iOS 13.0 --
    iPhone 8 (BAB6DAB1-F34B-4556-982E-411E19F4476B) (Shutdown) 
    iPhone 8 Plus (E3FB30EC-9D60-4CDC-BDD9-4E72EC9218BC) (Shutdown) 
    iPhone 11 (C229DD1B-3CE6-4952-B8A7-C96062995FA9) (Shutdown) 
    iPhone 11 Pro (F86E4687-4DBB-4DBE-8785-F9077D0051A5) (Shutdown) 
    iPhone 11 Pro Max (6F7364EF-D179-40B3-AAE8-847FE677D073) (Shutdown) 
    iPad Pro (9.7-inch) (87709C1B-A2A5-44F2-90EB-A0CF04325575) (Shutdown) 
    iPad Pro (11-inch) (84D7408C-2A44-4B30-A83A-0FFA2303EBA7) (Shutdown) 
    iPad Pro (12.9-inch) (3rd generation) (B466AAC3-1E2A-427F-B18E-DA33AFD56CDD) (Shutdown) 
    iPad Air (3rd generation) (9AFBFBB7-00BF-4BB8-8C1C-1FEDD4928FF8) (Shutdown) 
-- iOS 13.1 --
    iPhone 8 (46121397-1271-47FC-ADEC-14C573F8B1C7) (Shutdown) 
    iPhone 8 Plus (7FDC0186-E323-4DCC-A551-F1E8BE3DFF81) (Shutdown) 
    iPhone 11 (5F553FBA-D19E-40F3-993C-444BB7AD8614) (Shutdown) 
    iPhone 11 Pro (DAB5082C-4D8B-41AD-9C17-4B70D627B929) (Shutdown) 
    iPhone 11 Pro Max (9EB86A56-B8A9-4EFB-83DD-CA545B03E380) (Shutdown) 
    iPad Pro (9.7-inch) (CFADC040-4C11-45F6-A993-7C1547F0BF96) (Shutdown) 
    iPad Pro (11-inch) (B3A6DA7F-F69F-4014-B858-C0231AEB8EA6) (Shutdown) 
    iPad Pro (12.9-inch) (3rd generation) (B02BFD3E-8952-4785-9533-BBD96F8E303E) (Shutdown) 
    iPad Air (3rd generation) (0CB42FD9-79CF-4B88-9DB4-348B2FB6FD1A) (Shutdown) 
-- iOS 13.2 --
    iPhone 8 (7AE647E5-603E-4FB4-B420-D5C3F18E6BF9) (Shutdown) 
    iPhone 8 Plus (D52FCB1A-7C77-4A93-8B90-C214E810C7F3) (Shutdown) 
    iPhone 11 (3A62D072-09D2-47B0-9FD2-E2775F589052) (Shutdown) 
    iPhone 11 Pro (D975D341-F5E8-4700-9CEB-408117D7E4E1) (Shutdown) 
    iPhone 11 Pro Max (D3A8696E-8C29-4561-882D-05B84B3AB33A) (Shutdown) 
    iPad Pro (9.7-inch) (7871EC79-E4F3-4F6C-9D8E-D694081AE217) (Shutdown) 
    iPad (7th generation) (D80A110D-CA25-451C-8E23-9F3C289A1748) (Shutdown) 
    iPad Pro (11-inch) (DB4D2D4A-3C3A-4B16-BF80-6E1EC2EBF6D7) (Shutdown) 
    iPad Pro (12.9-inch) (3rd generation) (00548615-3FA4-4A42-A84B-BADB4E14EAD0) (Shutdown) 
    iPad Air (3rd generation) (8ACF29F4-2415-47E6-BA80-952EAD8CCB12) (Shutdown) 
-- tvOS 10.2 --
    Apple TV 1080p (5BB8092F-4AE8-4FED-8248-1F4BD3BFF0E3) (Shutdown) 
-- tvOS 11.0 --
    Apple TV (5159FA55-6EEE-4CB7-9550-FBD9BE88ED10) (Shutdown) 
    Apple TV 4K (9ABC2FFA-8942-4242-8412-922481FBAEA8) (Shutdown) 
    Apple TV 4K (at 1080p) (37F2EFF9-ECBE-45E9-9C8E-A598CF9ED049) (Shutdown) 
-- tvOS 11.1 --
    Apple TV (5300AB75-32E1-48DB-A1B2-C1F0160F4B9E) (Shutdown) 
    Apple TV 4K (9979FB12-D724-48F9-8B44-20D5FBFF1890) (Shutdown) 
    Apple TV 4K (at 1080p) (3C574DE8-E8B7-44AF-8302-CC1B6AACA1A5) (Shutdown) 
-- tvOS 11.2 --
    Apple TV (28D7A7A9-D26F-4819-8213-AF459456D864) (Shutdown) 
    Apple TV 4K (6E6895CE-CE3C-4808-A473-EE002A60BE2F) (Shutdown) 
    Apple TV 4K (at 1080p) (E79D6F89-E621-47BC-9412-713FE2416E11) (Shutdown) 
-- tvOS 11.3 --
    Apple TV (073BCB51-95C1-4B59-85D4-0BFC9A81250F) (Shutdown) 
    Apple TV 4K (80C3571B-6E95-44EA-8C90-D786732EAE32) (Shutdown) 
    Apple TV 4K (at 1080p) (7935032C-726F-4DF0-9547-E68BEC4F4B12) (Shutdown) 
-- tvOS 11.4 --
    Apple TV (EB128DC1-A9C3-4587-AB16-03ABA9749D8A) (Shutdown) 
    Apple TV 4K (3CA9BD84-B7EC-4652-B6C1-B798F26CCB36) (Shutdown) 
    Apple TV 4K (at 1080p) (F0AAD71A-9602-4667-AE16-0BF0ADC4AACC) (Shutdown) 
-- tvOS 12.0 --
    Apple TV (A448C451-1782-4640-949D-2B601DF5A93B) (Shutdown) 
    Apple TV 4K (53FACF19-7507-4961-8C33-333FF9A79122) (Shutdown) 
    Apple TV 4K (at 1080p) (05B566E8-9FC8-4EE2-A145-AF56A503D8B7) (Shutdown) 
-- tvOS 12.1 --
    Apple TV (C3C382EA-3416-4261-BB9A-08CD9D150528) (Shutdown) 
    Apple TV 4K (AD943086-03EB-470E-8C9C-2C8E75D6AEA2) (Shutdown) 
    Apple TV 4K (at 1080p) (EB5B11EC-5EDD-437E-8721-03F454B5A433) (Shutdown) 
-- tvOS 12.2 --
    Apple TV (F93FE6A1-116D-4E3C-B4B3-EB3F021185C4) (Shutdown) 
    Apple TV 4K (FCBF8EC3-C482-4683-BE20-7F36953FD5AA) (Shutdown) 
    Apple TV 4K (at 1080p) (3AFC1165-7586-49A4-ADD9-5E4A625577B2) (Shutdown) 
-- tvOS 12.4 --
    Apple TV (6C02AFE6-B7EC-47CF-A2E3-4EE52611AD65) (Shutdown) 
    Apple TV 4K (35F5AC89-D382-4C32-A7BB-35A9FF1C7F24) (Shutdown) 
    Apple TV 4K (at 1080p) (535D7EC7-00DE-494A-943A-D6CA9FE415D1) (Shutdown) 
-- tvOS 13.2 --
    Apple TV (19E783DB-4251-4F1F-99AA-C55999B9010D) (Shutdown) 
    Apple TV 4K (0227E717-C119-4E0D-BD5D-3D02E111BD72) (Shutdown) 
    Apple TV 4K (at 1080p) (AD26EF20-9E57-42CD-B60E-7036994EDAD3) (Shutdown) 
-- watchOS 3.2 --
    Apple Watch - 38mm (3FB936CE-A2A9-4F33-B291-E480B3171455) (Shutdown) 
    Apple Watch - 42mm (DF6903E1-17CE-4CE9-BEED-2344D44F9208) (Shutdown) 
    Apple Watch Series 2 - 38mm (1E88FEB7-E62C-47CB-A6EA-91364ADF6265) (Shutdown) 
    Apple Watch Series 2 - 42mm (F42CF87B-AA8A-47EE-8CE7-61EC579CF982) (Shutdown) 
-- watchOS 4.0 --
    Apple Watch - 38mm (DDD15A04-0181-436E-B1BC-7AB5411D9259) (Shutdown) 
    Apple Watch - 42mm (869742A9-50E2-4B50-B3D5-7B584BBBCF45) (Shutdown) 
    Apple Watch Series 2 - 38mm (EBDE3655-E4A7-4978-A461-14D9F8C892C3) (Shutdown) 
    Apple Watch Series 2 - 42mm (8717B5B2-E2C1-49EB-9790-8BB9B88CA853) (Shutdown) 
    Apple Watch Series 3 - 38mm (EE98972B-A079-427C-B1FE-25EEBC309E3C) (Shutdown) 
    Apple Watch Series 3 - 42mm (2C615DCD-1670-4C05-B26E-1376567A45AD) (Shutdown) 
-- watchOS 4.1 --
    Apple Watch - 38mm (49F48697-A77D-4C9C-9501-1768954ECCA5) (Shutdown) 
    Apple Watch - 42mm (4D4409F1-8736-4D27-B9E7-25BD29038FB6) (Shutdown) 
    Apple Watch Series 2 - 38mm (633E143E-4833-48F2-BA65-A0E51844DBED) (Shutdown) 
    Apple Watch Series 2 - 42mm (F2660BE9-FFA3-4A07-80F8-3644FCB89453) (Shutdown) 
    Apple Watch Series 3 - 38mm (E607ECAF-912C-4CCB-8877-E693E16E6409) (Shutdown) 
    Apple Watch Series 3 - 42mm (855D8F5A-D7B3-4419-B928-5B4E98BEA788) (Shutdown) 
-- watchOS 4.2 --
    Apple Watch - 38mm (F8D648BC-6C82-42CC-BF6B-6C12ACB91382) (Shutdown) 
    Apple Watch - 42mm (CD4E232F-32F2-45CF-8F3C-1977BAF7965D) (Shutdown) 
    Apple Watch Series 2 - 38mm (8C30C923-A012-412C-B66F-500873C033E3) (Shutdown) 
    Apple Watch Series 2 - 42mm (95E7D02C-3FC5-4B41-BBEB-2369EA39A123) (Shutdown) 
    Apple Watch Series 3 - 38mm (A79D5540-07DA-43F5-834E-1DCA28F1FA5E) (Shutdown) 
    Apple Watch Series 3 - 42mm (0F6FDDEA-E56B-48BF-B736-88416EDD1CE0) (Shutdown) 
-- watchOS 5.0 --
    Apple Watch Series 2 - 38mm (1DAB509F-D610-4A46-8997-58729160FA53) (Shutdown) 
    Apple Watch Series 2 - 42mm (82155DA3-51BE-46E1-A1FF-DE825E6A2B87) (Shutdown) 
    Apple Watch Series 3 - 38mm (993CD845-69B6-4AD0-B0AB-8FDE814E8D6A) (Shutdown) 
    Apple Watch Series 3 - 42mm (81E58263-88F0-4B1B-B683-9215D98E5354) (Shutdown) 
    Apple Watch Series 4 - 40mm (CA6B0059-2E06-4C75-867D-7A631B0B87BF) (Shutdown) 
    Apple Watch Series 4 - 44mm (6FCC5E08-8B88-43FF-B32A-C21769E28A1F) (Shutdown) 
-- watchOS 5.1 --
    Apple Watch Series 2 - 38mm (A6E49B5B-25E2-47FD-838A-CC579A5D7337) (Shutdown) 
    Apple Watch Series 2 - 42mm (5BBD7E73-56EE-4A7E-B025-0F95A90B6949) (Shutdown) 
    Apple Watch Series 3 - 38mm (9BFDD643-8598-4E80-BC3B-C302331E46A9) (Shutdown) 
    Apple Watch Series 3 - 42mm (11444DEB-5FF6-4FBC-80AE-EA6BD535DC7F) (Shutdown) 
    Apple Watch Series 4 - 40mm (24028E11-4ADC-4592-9758-2F00015DC753) (Shutdown) 
    Apple Watch Series 4 - 44mm (9A3DBF4A-D109-497C-8942-BC2077BB1999) (Shutdown) 
-- watchOS 5.2 --
    Apple Watch Series 2 - 38mm (5E010B45-C2FC-4B01-8F3E-4B5911A33107) (Shutdown) 
    Apple Watch Series 2 - 42mm (E5D944D9-5304-4840-89F7-9E4257A86D2C) (Shutdown) 
    Apple Watch Series 3 - 38mm (8E6211DE-38A9-4684-AC05-DA33C64CD016) (Shutdown) 
    Apple Watch Series 3 - 42mm (AE0FE21C-CC72-4C08-BE87-1E7A6596265C) (Shutdown) 
    Apple Watch Series 4 - 40mm (F6689C3D-70A3-44EB-A2DE-593009DBC9FD) (Shutdown) 
    Apple Watch Series 4 - 44mm (17B65EE2-EF34-4C28-ADF1-3364397A47C2) (Shutdown) 
-- watchOS 5.3 --
    Apple Watch Series 2 - 38mm (A47ACE19-CBEB-4D07-92E4-53EB474E5059) (Shutdown) 
    Apple Watch Series 2 - 42mm (4477B1DB-7A1F-4734-87AD-6174D9F21B50) (Shutdown) 
    Apple Watch Series 3 - 38mm (8566E209-10AE-4598-B95E-967C41089AF0) (Shutdown) 
    Apple Watch Series 3 - 42mm (503C2038-DD8D-406C-9DBB-72A00AFDEE2F) (Shutdown) 
    Apple Watch Series 4 - 40mm (08FEC067-9872-4D78-8C2A-2A8B6B710D03) (Shutdown) 
    Apple Watch Series 4 - 44mm (23DB7D1F-C1BD-4493-8144-F816A92F339E) (Shutdown) 
-- watchOS 6.0 --
    Apple Watch Series 4 - 40mm (92E7A712-5892-4B48-8703-0C5E7B1FA998) (Shutdown) 
    Apple Watch Series 4 - 44mm (8FD07916-D8DB-4653-AF98-C70D727C2969) (Shutdown) 
    Apple Watch Series 5 - 40mm (BC7AA0B1-3FB6-4E3D-8E09-F039E67F6063) (Shutdown) 
    Apple Watch Series 5 - 44mm (5D86025B-896E-42FF-94E6-12FA6FBE20B1) (Shutdown) 
-- watchOS 6.1 --
    Apple Watch Series 4 - 40mm (3CA4F728-BC02-4800-B8FA-ADCB545EB117) (Shutdown) 
    Apple Watch Series 4 - 44mm (9A2CA57F-6E8E-4B1F-A8AD-CD34A0486EF7) (Shutdown) 
    Apple Watch Series 5 - 40mm (6C52FCAD-FA54-4789-AE25-5DADE6EFBD0A) (Shutdown) 
    Apple Watch Series 5 - 44mm (8090FC13-D7EA-4152-B6AB-5B19895C6D27) (Shutdown) 
== Device Pairs ==
0E144FE8-07F7-44EE-999C-6EC41D28E7DE (active, disconnected)
    Watch: Apple Watch Series 5 - 40mm (6C52FCAD-FA54-4789-AE25-5DADE6EFBD0A) (Shutdown)
    Phone: iPhone 11 Pro (D975D341-F5E8-4700-9CEB-408117D7E4E1) (Shutdown)
558E3DEE-788F-40D7-A7D0-D822C8AA9775 (active, disconnected)
    Watch: Apple Watch Series 5 - 44mm (8090FC13-D7EA-4152-B6AB-5B19895C6D27) (Shutdown)
    Phone: iPhone 11 Pro Max (D3A8696E-8C29-4561-882D-05B84B3AB33A) (Shutdown)

========================================


=== OS X info =========================

* sw_vers
ProductName:	Mac OS X
ProductVersion:	10.14.6
BuildVersion:	18G1012

* system_profiler SPSoftwareDataType
Software:

    System Software Overview:

      System Version: macOS 10.14.6 (18G1012)
      Kernel Version: Darwin 18.7.0
      Boot Volume: Untitled
      Boot Mode: Normal
      Computer Name: stg-xcode-11-2-200214080433-Qh4xUd7fTFS3tKHZWKTS87
      User Name: vagrant (vagrant)
      Secure Virtual Memory: Enabled
      System Integrity Protection: Disabled
      Time since boot: 4:26


========================================


=== System infos =======================
* Free disk space: /dev/disk1s1  200Gi  173Gi   26Gi    87% 5140191 9223372036849635616    0%   /
========================================

--- Android

* ANDROID_HOME (/usr/local/share/android-sdk) content:
add-ons
build-tools
emulator
extras
licenses
patcher
platform-tools
platforms
system-images
tools

* ANDROID_NDK_HOME (/opt/android-ndk/android-ndk-r20) content:
CHANGELOG.md
NOTICE
NOTICE.toolchain
README.md
build
meta
ndk-build
ndk-gdb
ndk-stack
ndk-which
platforms
prebuilt
python-packages
shader-tools
simpleperf
source.properties
sources
sysroot
toolchains
wrap.sh

* Android NDK Version:
Pkg.Desc = Android NDK
Pkg.Revision = 20.0.5594570

* platform-tools content:
NOTICE.txt
adb
api
dmtracedump
e2fsdroid
etc1tool
fastboot
hprof-conv
lib64
make_f2fs
mke2fs
mke2fs.conf
package.xml
sload_f2fs
source.properties
sqlite3
systrace

* build-tools content:
17.0.0
19.1.0
21.1.2
22.0.1
23.0.3
24.0.3
25.0.3
26.0.1
26.0.2
27.0.0
27.0.1
27.0.2
27.0.3
28.0.0
28.0.1
28.0.2
28.0.3
29.0.0
29.0.1
29.0.2

* extras content:
/usr/local/share/android-sdk/extras
├── android
│   └── m2repository
├── google
│   ├── google_play_services
│   └── m2repository
└── m2repository
    └── com

7 directories, 0 files

* platforms content:
android-15
android-17
android-19
android-21
android-22
android-23
android-24
android-25
android-26
android-27
android-28
android-29

* system-images content:
/usr/local/share/android-sdk/system-images
├── android-19
│   └── default
│       └── armeabi-v7a
├── android-22
│   └── default
│       └── armeabi-v7a
├── android-24
│   └── default
│       └── armeabi-v7a
├── android-25
│   └── google_apis
│       └── armeabi-v7a
├── android-26
│   └── google_apis
│       └── x86
├── android-28
│   └── google_apis
│       └── x86
└── android-29
    └── google_apis
        └── x86

21 directories, 0 files

========================================


=== Android APK tools ==================

* aapt2:
Android Asset Packaging Tool (aapt) 2:19

========================================


=== Environment infos =======================
MATCH_KEYCHAIN_PASSWORD environment set
========================================


=== Control tests ======================
source $HOME/.bash_profile ...
source $HOME/.bash_profile - PASSED
========================================

