#
# This System Report was generated by: https://github.com/bitrise-io/osx-box-bootstrap/blob/master/system_report.sh
#  Pull Requests are welcome!
#


=== Revision / ID ======================
* BITRISE_OSX_STACK_REV_ID: 2016_01_28_1
========================================


=== Pre-installed tool versions ========
* Go: go version go1.5.3 darwin/amd64
* Ruby: ruby 2.2.4p230 (2015-12-16 revision 53155) [x86_64-darwin15]
* Python: Python 2.7.10

* git: git version 2.7.0
* mercurial/hg: Mercurial Distributed SCM (version 3.6.3)
* curl: curl 7.43.0 (x86_64-apple-darwin15.0) libcurl/7.43.0 SecureTransport zlib/1.2.5
* wget: GNU Wget 1.17.1 built on darwin15.2.0.
* rsync: rsync  version 2.6.9  protocol version 29
* unzip: UnZip 5.52 of 28 February 2005, by Info-ZIP.  Maintained by C. Spieler.  Send
* tar: bsdtar 2.8.3 - libarchive 2.8.3

* brew: Homebrew 0.9.5 (git revision 7d3a; last commit 2016-01-28)
* xctool: 0.2.7
* Node.js: v5.5.0
* NPM: 3.5.3
* Ansible: ansible 2.0.0.2
* gtimeout: timeout (GNU coreutils) 8.25
* watchman: 4.1.0
* flow: Flow, a static type checker for JavaScript, version 0.20.1
* tree: tree v1.7.0 (c) 1996 - 2014 by Steve Baker, Thomas Moore, Francesc Rocher, Florian Sesser, Kyosuke Tokoro
* carthage: 0.11.0

--- Bitrise CLI tool versions
* bitrise: 1.2.4
* stepman: 0.9.17
* envman: 1.0.0
* bitrise-bridge: 0.9.7
* cmd-bridge: 0.9.4
========================================


=== Ruby GEMs ==========================
* Bundler: Bundler version 1.11.2
* CocoaPods: 0.39.0
* fastlane: fastlane 1.53.0
* xcpretty: 0.2.2
* Nomad CLI: 2.4.5.1
* Nomad CLI IPA / Shenzhen: ipa 0.14.2
========================================


=== Checking Xcode CLT dirs ============

 * ls -alh /usr/include/CommonCrypto
total 24
drwxr-xr-x   10 root  wheel   340B Oct 23 14:52 .
drwxr-xr-x  258 root  wheel   8.6K Jan 12 10:50 ..
-rw-r--r--    1 root  wheel   1.3K Oct 23 14:52 CommonCrypto.h
-rw-r--r--    1 root  wheel   2.4K Oct 23 14:52 CommonCryptoError.h
-rw-r--r--    1 root  wheel    33K Oct 23 14:52 CommonCryptor.h
-rw-r--r--    1 root  wheel    11K Oct 23 14:52 CommonDigest.h
-rw-r--r--    1 root  wheel   4.1K Oct 23 14:52 CommonHMAC.h
-rw-r--r--    1 root  wheel   4.6K Oct 23 14:52 CommonKeyDerivation.h
-rw-r--r--    1 root  wheel   1.7K Oct 23 14:52 CommonRandom.h
-rw-r--r--    1 root  wheel   6.1K Oct 23 14:52 CommonSymmetricKeywrap.h

 * ls -alh /Library/Developer/CommandLineTools/
total 0
drwxr-xr-x  4 root  admin   136B Nov 17 23:02 .
drwxr-xr-x  4 root  admin   136B Jan 27 10:52 ..
drwxr-xr-x  5 root  admin   170B Nov 17 23:11 Library
drwxr-xr-x  7 root  admin   238B Nov 17 23:06 usr

 * /Library/Developer/CommandLineTools/usr/bin/swift --version
Apple Swift version 2.1.1 (swiftlang-700.1.101.15 clang-700.1.81)
Target: x86_64-apple-darwin15.2.0

========================================


=== Xcode ==============================

* Active Xcode Command Line Tools:
/Applications/Xcode-beta.app/Contents/Developer

* Xcode Version:
Xcode 7.3
Build version 7D129n

* Installed SDKs:
OS X SDKs:
	OS X 10.11                    	-sdk macosx10.11

iOS SDKs:
	iOS 9.3                       	-sdk iphoneos9.3

iOS Simulator SDKs:
	Simulator - iOS 9.3           	-sdk iphonesimulator9.3

tvOS SDKs:
	tvOS 9.2                      	-sdk appletvos9.2

tvOS Simulator SDKs:
	Simulator - tvOS 9.2          	-sdk appletvsimulator9.2

watchOS SDKs:
	watchOS 2.2                   	-sdk watchos2.2

watchOS Simulator SDKs:
	Simulator - watchOS 2.2       	-sdk watchsimulator2.2


* Available Simulators:
2016-01-28 11:34:44.031 simctl[747:4072] Failed to locate a valid instance of CoreSimulatorService in the bootstrap.  Adding it now.
== Device Types ==
iPhone 4s (com.apple.CoreSimulator.SimDeviceType.iPhone-4s)
iPhone 5 (com.apple.CoreSimulator.SimDeviceType.iPhone-5)
iPhone 5s (com.apple.CoreSimulator.SimDeviceType.iPhone-5s)
iPhone 6 (com.apple.CoreSimulator.SimDeviceType.iPhone-6)
iPhone 6 Plus (com.apple.CoreSimulator.SimDeviceType.iPhone-6-Plus)
iPhone 6s (com.apple.CoreSimulator.SimDeviceType.iPhone-6s)
iPhone 6s Plus (com.apple.CoreSimulator.SimDeviceType.iPhone-6s-Plus)
iPad 2 (com.apple.CoreSimulator.SimDeviceType.iPad-2)
iPad Retina (com.apple.CoreSimulator.SimDeviceType.iPad-Retina)
iPad Air (com.apple.CoreSimulator.SimDeviceType.iPad-Air)
iPad Air 2 (com.apple.CoreSimulator.SimDeviceType.iPad-Air-2)
iPad Pro (com.apple.CoreSimulator.SimDeviceType.iPad-Pro)
Apple TV 1080p (com.apple.CoreSimulator.SimDeviceType.Apple-TV-1080p)
Apple Watch - 38mm (com.apple.CoreSimulator.SimDeviceType.Apple-Watch-38mm)
Apple Watch - 42mm (com.apple.CoreSimulator.SimDeviceType.Apple-Watch-42mm)
== Runtimes ==
iOS 8.1 (8.1 - 12B411) (com.apple.CoreSimulator.SimRuntime.iOS-8-1)
iOS 8.2 (8.2 - 12D508) (com.apple.CoreSimulator.SimRuntime.iOS-8-2)
iOS 8.3 (8.3 - 12F70) (com.apple.CoreSimulator.SimRuntime.iOS-8-3)
iOS 8.4 (8.4 - 12H141) (com.apple.CoreSimulator.SimRuntime.iOS-8-4)
iOS 9.0 (9.0 - 13A344) (com.apple.CoreSimulator.SimRuntime.iOS-9-0)
iOS 9.1 (9.1 - 13B143) (com.apple.CoreSimulator.SimRuntime.iOS-9-1)
iOS 9.2 (9.2 - 13C75) (com.apple.CoreSimulator.SimRuntime.iOS-9-2)
iOS 9.3 (9.3 - 13E5191d) (com.apple.CoreSimulator.SimRuntime.iOS-9-3)
tvOS 9.0 (9.0 - 13T395) (com.apple.CoreSimulator.SimRuntime.tvOS-9-0)
tvOS 9.1 (9.1 - 13U85) (com.apple.CoreSimulator.SimRuntime.tvOS-9-1)
tvOS 9.2 (9.2 - 13Y5189c) (com.apple.CoreSimulator.SimRuntime.tvOS-9-2)
watchOS 2.0 (2.0 - 13S343) (com.apple.CoreSimulator.SimRuntime.watchOS-2-0)
watchOS 2.1 (2.1 - 13S661) (com.apple.CoreSimulator.SimRuntime.watchOS-2-1)
watchOS 2.2 (2.2 - 13V5108b) (com.apple.CoreSimulator.SimRuntime.watchOS-2-2)
== Devices ==
-- iOS 8.1 --
    iPhone 4s (3256ABB2-1370-4D20-A2C1-46DB53443103) (Shutdown)
    iPhone 5 (A2D60159-B8B7-4B0B-A467-826C00E8DD58) (Shutdown)
    iPhone 5s (A5C102C1-80D0-4654-8ED4-D983F8C998F1) (Shutdown)
    iPhone 6 (676BDBB2-2545-4620-946A-68CC4989526A) (Shutdown)
    iPhone 6 Plus (9820C9F4-D226-4A8E-86E4-C0546E5EF583) (Shutdown)
    iPad 2 (03D9128E-1F63-4144-8253-D6C3BC29D53C) (Shutdown)
    iPad Retina (CFAA6D11-7734-48E3-B343-549D478FF80C) (Shutdown)
    iPad Air (6386865B-0516-456D-88D1-DF151EF4B8CE) (Shutdown)
-- iOS 8.2 --
    iPhone 4s (404E9D42-AA6B-42AF-9145-0626B60DF48D) (Shutdown)
    iPhone 5 (2DEE0032-2CC1-4487-A44A-1519A94B9E30) (Shutdown)
    iPhone 5s (653582AE-ED56-458F-A9A1-F12493372F9B) (Shutdown)
    iPhone 6 (3165F629-E83A-4165-8908-F4C42EB38D5D) (Shutdown)
    iPhone 6 Plus (B36A65DD-C81D-43B3-AEA3-563FDE9B243E) (Shutdown)
    iPad 2 (CBDC86AA-73F9-4B2E-B1AC-3A5D830FF165) (Shutdown)
    iPad Retina (B76BCCBD-65BF-4B2B-81D3-58CD30982DEE) (Shutdown)
    iPad Air (07D41F31-8281-4FAD-9BEE-72371AAA22EC) (Shutdown)
-- iOS 8.3 --
    iPhone 4s (3E68D451-BF54-4BA8-834F-1A029556D632) (Shutdown)
    iPhone 5 (261628B2-AC2C-4FB3-AB97-E46CD6064436) (Shutdown)
    iPhone 5s (519640C3-3DE2-4FD8-9E58-0D17B485E2C2) (Shutdown)
    iPhone 6 (22D56927-95D8-4DBA-A12D-990A71C7C72F) (Shutdown)
    iPhone 6 Plus (A49F70E9-7067-4A21-94CB-FBFE6A782816) (Shutdown)
    iPad 2 (885C5A78-EA6B-4A8E-92FE-39F9F693ED70) (Shutdown)
    iPad Retina (70606DCD-5A57-45DA-A2DF-7C923DA64B66) (Shutdown)
    iPad Air (EEC4D0FC-D191-466D-A147-0889355E124F) (Shutdown)
-- iOS 8.4 --
    iPhone 4s (1EFF256C-F328-465B-8B6D-2BAA861343E8) (Shutdown)
    iPhone 5 (030418D5-683A-4F88-91EC-5D515BFCBAA9) (Shutdown)
    iPhone 5s (F06F4EDF-BD49-4496-8174-37B3A46BD8A0) (Shutdown)
    iPhone 6 (3364C715-B643-4904-9E29-47E68F8A1FD2) (Shutdown)
    iPhone 6 Plus (62FBD25E-6AF4-4748-93BF-A8FE2FBB614C) (Shutdown)
    iPad 2 (AE17AA08-008C-4F40-BC14-B9A1754C059F) (Shutdown)
    iPad Retina (BA74223A-292D-4B60-A54B-5B02C7158524) (Shutdown)
    iPad Air (B1EBAD80-7958-4A70-A9F2-8A5E81198E27) (Shutdown)
-- iOS 9.0 --
    iPhone 4s (B0150517-265F-439F-B9E1-8495FB4AC706) (Shutdown)
    iPhone 5 (8AE32061-3767-43D1-AF24-8B6EBCCF7CE7) (Shutdown)
    iPhone 5s (9BC35C8F-4285-49F0-B984-4040BB35F898) (Shutdown)
    iPhone 6 (CBAB5358-8532-4551-9196-6604C52A67AC) (Shutdown)
    iPhone 6 Plus (C22A32C4-7BC9-426F-A565-4A69118A24D8) (Shutdown)
    iPhone 6s (AE0DF684-098F-4BF0-9EAA-D0A050E1BC5C) (Shutdown)
    iPhone 6s Plus (BEE23CC7-DEA8-4766-B900-3359D5210C08) (Shutdown)
    iPad 2 (88A7E1F2-EEAB-46A5-8E2A-9D9C7F75B177) (Shutdown)
    iPad Retina (8AB4D491-0E57-47ED-8375-3FE1AA3D036F) (Shutdown)
    iPad Air (1F99FE7F-6947-40C1-B179-265FE3EE4B3B) (Shutdown)
    iPad Air 2 (FA41B431-6B24-4C42-980E-7AE643D20EEE) (Shutdown)
-- iOS 9.1 --
    iPhone 4s (1CCFA6A9-752D-4115-90AC-7B4B39E7FD94) (Shutdown)
    iPhone 5 (A5E752A3-3E18-4111-B83C-879582B1A2CF) (Shutdown)
    iPhone 5s (CB8FC187-E545-4944-9681-A46744D334E2) (Shutdown)
    iPhone 6 (FFC5B751-F6D5-468A-8FF9-F6BCBF700996) (Shutdown)
    iPhone 6 Plus (E7F8ED07-EC0C-406E-8971-42CA20B8A988) (Shutdown)
    iPhone 6s (725ED3F9-8CC4-45CE-B63A-F8028EE12EB3) (Shutdown)
    iPhone 6s Plus (CFED1B3F-1F02-4EFC-84BE-89B433D7598A) (Shutdown)
    iPad 2 (35FCC078-D527-4D04-8139-9E28C6CD078F) (Shutdown)
    iPad Retina (DD952833-F9DB-4CA9-B345-7BFF00E2E1A2) (Shutdown)
    iPad Air (4F5E9140-938A-4D51-9993-94DA274A9EBC) (Shutdown)
    iPad Air 2 (EB8CCEBD-5260-4FC8-9E83-86E8FCA7696C) (Shutdown)
    iPad Pro (8FFE92F8-FA16-4CF4-AE22-757B0AC64EE9) (Shutdown)
-- iOS 9.2 --
    iPhone 4s (03A4CED0-38F5-4275-9B88-92BCB1D3A323) (Shutdown)
    iPhone 5 (8EEE54D9-8859-4BB0-A550-47BE7BFFB9F0) (Shutdown)
    iPhone 5s (2C88EC47-EDE4-491C-BC51-2F89C3CB32C7) (Shutdown)
    iPhone 6 (E932C6F1-4BB4-4B37-B0DB-281C97D588DA) (Shutdown)
    iPhone 6 Plus (7DA2F353-EACB-459D-A26B-0A13A3E40FC3) (Shutdown)
    iPhone 6s (B2E3203C-4551-49C0-9C17-CA8340EFF1F7) (Shutdown)
    iPhone 6s Plus (578CE921-4D6E-4C50-89F0-8542063E1EBD) (Shutdown)
    iPad 2 (FC607745-EDB8-4D09-B34E-3079F451FB4C) (Shutdown)
    iPad Retina (5520AC3C-32BB-4F9E-AD68-A5020B214982) (Shutdown)
    iPad Air (97896DBE-8908-4619-B40C-DD588B23B6D6) (Shutdown)
    iPad Air 2 (DB072104-2F8A-4A3C-8673-3AC9F9DD3B1E) (Shutdown)
    iPad Pro (BD42A221-68CB-4AAF-80F6-0A5132FE8CE3) (Shutdown)
-- iOS 9.3 --
    iPhone 4s (ABC0D3AE-C193-438D-A8AB-AE3E5A3334C8) (Shutdown)
    iPhone 5 (7427DACE-F888-4969-BFB9-810795AC9B1F) (Shutdown)
    iPhone 5s (C7062989-6BE2-4F12-8E37-91E9D1AA909C) (Shutdown)
    iPhone 6 (98698EB0-773B-4AD5-929F-835FFEFAD83A) (Shutdown)
    iPhone 6 Plus (D5472E24-4D14-4FCF-B301-E6A1C02E7369) (Shutdown)
    iPhone 6s (613C6C95-B798-484C-8A6F-D95901EEC072) (Shutdown)
    iPhone 6s Plus (C229F25F-9034-4117-B7AE-DACF21B9D84B) (Shutdown)
    iPad 2 (0A16B621-EEDE-4CE0-B9EE-1B404481B217) (Shutdown)
    iPad Retina (74F042AD-9DC9-4794-86E3-BD87A249AFA8) (Shutdown)
    iPad Air (6426FB63-A6B1-46C2-A438-12A4DBB4F1F7) (Shutdown)
    iPad Air 2 (817712F9-488D-4B1A-826E-CF9F219EAB3F) (Shutdown)
    iPad Pro (9FEC3B9D-325F-4C55-AAC4-9883912FBCEB) (Shutdown)
-- tvOS 9.0 --
    Apple TV 1080p (A37C7886-D145-4C94-BCFC-3BB51AB36F2E) (Shutdown)
-- tvOS 9.1 --
    Apple TV 1080p (A429FB47-A5B8-4092-8322-21F754B8AE1D) (Shutdown)
-- tvOS 9.2 --
    Apple TV 1080p (D7F7EDD3-EF11-4514-990B-782BBFD80AD2) (Shutdown)
-- watchOS 2.0 --
    Apple Watch - 38mm (86D5FFB6-0BD6-4A83-A3A5-F0B08A48401F) (Shutdown)
    Apple Watch - 42mm (9D8F1EDF-CA33-403C-92A2-6F50B4285947) (Shutdown)
-- watchOS 2.1 --
    Apple Watch - 38mm (5772E6A7-A320-423F-87BE-19E38C30864E) (Shutdown)
    Apple Watch - 42mm (87DC3E09-DD94-4A86-BAA1-DBE55C2262FE) (Shutdown)
-- watchOS 2.2 --
    Apple Watch - 38mm (0ED0140A-650A-4C6F-9BB6-6270396C34D5) (Shutdown)
    Apple Watch - 42mm (EA89DEA7-06F8-4EC1-951A-82B45A26076C) (Shutdown)
== Device Pairs ==
B76291E7-CD99-464C-91EF-15D90AD492FF (active, disconnected)
    Watch: Apple Watch - 38mm (0ED0140A-650A-4C6F-9BB6-6270396C34D5) (Shutdown)
    Phone: iPhone 6s (613C6C95-B798-484C-8A6F-D95901EEC072) (Shutdown)
B595F905-2C11-4564-B182-DFE13ABF9D3F (active, disconnected)
    Watch: Apple Watch - 42mm (EA89DEA7-06F8-4EC1-951A-82B45A26076C) (Shutdown)
    Phone: iPhone 6s Plus (C229F25F-9034-4117-B7AE-DACF21B9D84B) (Shutdown)

========================================


=== OS X info =========================

* sw_vers
ProductName:	Mac OS X
ProductVersion:	10.11.2
BuildVersion:	15C50

* system_profiler SPSoftwareDataType
Software:

    System Software Overview:

      System Version: OS X 10.11.2 (15C50)
      Kernel Version: Darwin 15.2.0
      Boot Volume: Macintosh HD
      Boot Mode: Normal
      Computer Name: vsphere-control-4--host-ondemand_internal_test
      User Name: vagrant (vagrant)
      Secure Virtual Memory: Enabled
      System Integrity Protection: Enabled
      Time since boot: 2 minutes


========================================


=== System infos =======================
* Free disk space: /dev/disk0s2   99Gi   63Gi   36Gi    64% 16597093 9407403   64%   /
========================================
