 (i) Ignore Errors: enabled

#
# This System Report was generated by: https://github.com/bitrise-io/osx-box-bootstrap/blob/master/system_report.sh
#  Pull Requests are welcome!
#


=== Revision / ID ======================
* BITRISE_OSX_STACK_REV_ID: v2016_08_18_1
========================================


=== Pre-installed tool versions ========
* Go: go version go1.7 darwin/amd64
* Ruby: ruby 2.3.1p112 (2016-04-26 revision 54768) [x86_64-darwin15]
* Python: Python 2.7.12
* Node.js: v6.5.0
* NPM: 3.10.3
* Java: java version "1.8.0_102"
Java(TM) SE Runtime Environment (build 1.8.0_102-b14)
Java HotSpot(TM) 64-Bit Server VM (build 25.102-b14, mixed mode)

* git: git version 2.10.0
* git lfs: git-lfs/1.4.1 (GitHub; darwin amd64; go 1.7)
* mercurial/hg: Mercurial Distributed SCM (version 3.9.1)
* curl: curl 7.43.0 (x86_64-apple-darwin15.0) libcurl/7.43.0 SecureTransport zlib/1.2.5
* wget: GNU Wget 1.18 built on darwin15.5.0.
* rsync: rsync  version 2.6.9  protocol version 29
* unzip: UnZip 5.52 of 28 February 2005, by Info-ZIP.  Maintained by C. Spieler.  Send
* zip: This is Zip 3.0 (July 5th 2008), by Info-ZIP.
* tar: bsdtar 2.8.3 - libarchive 2.8.3
* tree: tree v1.7.0 (c) 1996 - 2014 by Steve Baker, Thomas Moore, Francesc Rocher, Florian Sesser, Kyosuke Tokoro 

* brew: Homebrew 0.9.9 (git revision b5a6; last commit 2016-09-09)
Homebrew/homebrew-core (git revision 224c; last commit 2016-09-09)
* xctool: 0.2.9
* Ansible: ansible 2.1.1.0
* gtimeout: timeout (GNU coreutils) 8.25
* watchman: 4.6.0
* flow: Flow, a static type checker for JavaScript, version 0.32.0
* carthage: 0.17.2
* imagemagic (convert): Version: ImageMagick 6.9.5-9 Q16 x86_64 2016-09-06 http://www.imagemagick.org
* ghostscript (ps2ascii): 9.19
./system_report.sh: line 62: wine: command not found
* wine: 

--- Bitrise CLI tool versions
* bitrise: 1.3.7
* stepman: 0.9.22
* envman: 1.1.0
* bitrise-bridge: 0.9.9
* cmd-bridge: 0.9.4
========================================


=== Ruby GEMs ==========================
* Bundler: Bundler version 1.12.5
* CocoaPods: 1.0.1
* fastlane: fastlane 1.102.0
* xcpretty: 0.2.2
* Nomad CLI: 2.5.1
* Nomad CLI IPA / Shenzhen: ipa 0.14.2
========================================


=== All Ruby GEMs ======================
activesupport (5.0.0.1, 4.2.7.1)
addressable (2.3.8)
aws-sdk (1.66.0)
aws-sdk-v1 (1.66.0)
babosa (1.0.2)
bigdecimal (1.2.8)
bundler (1.12.5)
cert (1.4.2)
certified (1.0.0)
claide (1.0.0)
cocoapods (1.0.1)
cocoapods-core (1.0.1)
cocoapods-deintegrate (1.0.1)
cocoapods-downloader (1.1.1)
cocoapods-plugins (1.0.0)
cocoapods-search (1.0.0)
cocoapods-stats (1.0.0)
cocoapods-trunk (1.0.0)
cocoapods-try (1.1.0)
colored (1.2)
commander (4.4.0)
concurrent-ruby (1.0.2)
credentials_manager (0.16.0)
cupertino (1.3.4)
deliver (1.13.3)
did_you_mean (1.0.0)
domain_name (0.5.20160826)
dotenv (2.1.1)
dubai (0.1.0)
escape (0.0.4)
excon (0.45.4)
faraday (0.9.2, 0.8.11)
faraday-cookie_jar (0.0.6)
faraday_middleware (0.10.0)
fastimage (1.6.8)
fastlane (1.102.0)
fastlane_core (0.51.0)
fourflusher (0.3.2)
frameit (2.7.0)
fuzzy_match (2.0.4)
gh_inspector (1.0.2)
google-api-client (0.9.13)
googleauth (0.5.1)
gym (1.8.0)
highline (1.7.8)
houston (2.2.3)
http-cookie (1.0.2)
httpclient (2.8.2.3)
hurley (0.2)
i18n (0.7.0)
io-console (0.4.5)
json (1.8.3)
jwt (1.5.4)
krausefx-shenzhen (0.14.10)
little-plugger (1.1.4)
logging (2.1.0)
match (0.6.3)
mechanize (2.5.1)
memoist (0.15.0)
mime-types (1.25.1)
mini_magick (4.5.1)
mini_portile2 (2.1.0)
minitest (5.8.3)
molinillo (0.4.5)
multi_json (1.12.1)
multi_xml (0.5.5)
multipart-post (2.0.0, 1.2.0)
nap (1.1.0)
net-http-digest_auth (1.4)
net-http-persistent (2.9.4)
net-sftp (2.1.2)
net-ssh (3.2.0)
net-telnet (0.1.1)
netrc (0.7.8)
nokogiri (1.6.8)
nomad-cli (0.0.2)
ntlm-http (0.1.1)
os (0.9.6)
pem (1.3.2)
pilot (1.10.0)
pkg-config (1.1.7)
plist (3.1.0)
power_assert (0.2.6)
produce (1.2.0)
psych (2.0.17)
rack (1.6.4)
rack-protection (1.5.3)
rake (10.4.2)
rdoc (4.2.1)
representable (2.3.0)
retriable (2.1.0)
rouge (1.11.1)
rubyzip (1.2.0, 1.1.7)
scan (0.11.3)
screengrab (0.5.2)
security (0.1.3)
shenzhen (0.14.2)
sigh (1.10.1)
signet (0.7.3)
sinatra (1.4.7)
slack-notifier (1.5.1)
snapshot (1.14.0)
spaceship (0.32.1)
supply (0.7.1)
term-ansicolor (1.0.7)
terminal-notifier (1.6.3)
terminal-table (1.4.5)
test-unit (3.1.5)
thread_safe (0.3.5)
tilt (2.0.5)
tzinfo (1.2.2)
uber (0.0.15)
unf (0.1.4)
unf_ext (0.0.7.2)
venice (0.3.0)
webrobots (0.1.2)
word_wrap (1.0.0)
xcode-install (2.0.3)
xcodeproj (1.3.0)
xcpretty (0.2.2)
xcpretty-travis-formatter (0.0.4)
========================================


=== Checking Xcode CLT dirs ============

 * ls -alh /usr/include/CommonCrypto
total 24
drwxr-xr-x   10 root  wheel   340B Feb  4  2016 .
drwxr-xr-x  258 root  wheel   8.6K Aug 15 09:06 ..
-rw-r--r--    1 root  wheel   1.3K Feb  4  2016 CommonCrypto.h
-rw-r--r--    1 root  wheel   2.4K Feb  4  2016 CommonCryptoError.h
-rw-r--r--    1 root  wheel    33K Feb  4  2016 CommonCryptor.h
-rw-r--r--    1 root  wheel    11K Feb  4  2016 CommonDigest.h
-rw-r--r--    1 root  wheel   4.1K Feb  4  2016 CommonHMAC.h
-rw-r--r--    1 root  wheel   4.6K Feb  4  2016 CommonKeyDerivation.h
-rw-r--r--    1 root  wheel   1.7K Feb  4  2016 CommonRandom.h
-rw-r--r--    1 root  wheel   6.1K Feb  4  2016 CommonSymmetricKeywrap.h

 * ls -alh /Library/Developer/CommandLineTools/
total 0
drwxr-xr-x  4 root  admin   136B Apr 26 16:49 .
drwxr-xr-x  4 root  admin   136B Sep  8 04:16 ..
drwxr-xr-x  5 root  admin   170B Apr 26 16:58 Library
drwxr-xr-x  7 root  admin   238B Apr 26 16:53 usr

 * /Library/Developer/CommandLineTools/usr/bin/swift --version
Apple Swift version 2.2 (swiftlang-703.0.18.8 clang-703.0.31)
Target: x86_64-apple-macosx10.9

========================================


=== Xcode ==============================

* Active Xcode Command Line Tools:
/Applications/Xcode.app/Contents/Developer

* Xcode Version:
Xcode 8.0
Build version 8A218a

* Installed SDKs:
iOS SDKs:
	iOS 10.0                      	-sdk iphoneos10.0

iOS Simulator SDKs:
	Simulator - iOS 10.0          	-sdk iphonesimulator10.0

macOS SDKs:
	macOS 10.12                   	-sdk macosx10.12

tvOS SDKs:
	tvOS 10.0                     	-sdk appletvos10.0

tvOS Simulator SDKs:
	Simulator - tvOS 10.0         	-sdk appletvsimulator10.0

watchOS SDKs:
	watchOS 3.0                   	-sdk watchos3.0

watchOS Simulator SDKs:
	Simulator - watchOS 3.0       	-sdk watchsimulator3.0


* Available Simulators:
== Device Types ==
iPhone 4s (com.apple.CoreSimulator.SimDeviceType.iPhone-4s)
iPhone 5 (com.apple.CoreSimulator.SimDeviceType.iPhone-5)
iPhone 5s (com.apple.CoreSimulator.SimDeviceType.iPhone-5s)
iPhone 6 (com.apple.CoreSimulator.SimDeviceType.iPhone-6)
iPhone 6 Plus (com.apple.CoreSimulator.SimDeviceType.iPhone-6-Plus)
iPhone 6s (com.apple.CoreSimulator.SimDeviceType.iPhone-6s)
iPhone 6s Plus (com.apple.CoreSimulator.SimDeviceType.iPhone-6s-Plus)
iPhone 7 (com.apple.CoreSimulator.SimDeviceType.iPhone-7)
iPhone 7 Plus (com.apple.CoreSimulator.SimDeviceType.iPhone-7-Plus)
iPhone SE (com.apple.CoreSimulator.SimDeviceType.iPhone-SE)
iPad 2 (com.apple.CoreSimulator.SimDeviceType.iPad-2)
iPad Retina (com.apple.CoreSimulator.SimDeviceType.iPad-Retina)
iPad Air (com.apple.CoreSimulator.SimDeviceType.iPad-Air)
iPad Air 2 (com.apple.CoreSimulator.SimDeviceType.iPad-Air-2)
iPad Pro (9.7-inch) (com.apple.CoreSimulator.SimDeviceType.iPad-Pro--9-7-inch-)
iPad Pro (12.9-inch) (com.apple.CoreSimulator.SimDeviceType.iPad-Pro)
Apple TV 1080p (com.apple.CoreSimulator.SimDeviceType.Apple-TV-1080p)
Apple Watch - 38mm (com.apple.CoreSimulator.SimDeviceType.Apple-Watch-38mm)
Apple Watch - 42mm (com.apple.CoreSimulator.SimDeviceType.Apple-Watch-42mm)
Apple Watch Series 2 - 38mm (com.apple.CoreSimulator.SimDeviceType.Apple-Watch-Series-2-38mm)
Apple Watch Series 2 - 42mm (com.apple.CoreSimulator.SimDeviceType.Apple-Watch-Series-2-42mm)
== Runtimes ==
iOS 8.1 (8.1 - 12B411) (com.apple.CoreSimulator.SimRuntime.iOS-8-1)
iOS 8.2 (8.2 - 12D508) (com.apple.CoreSimulator.SimRuntime.iOS-8-2)
iOS 8.3 (8.3 - 12F70) (com.apple.CoreSimulator.SimRuntime.iOS-8-3)
iOS 8.4 (8.4 - 12H141) (com.apple.CoreSimulator.SimRuntime.iOS-8-4)
iOS 9.0 (9.0 - 13A344) (com.apple.CoreSimulator.SimRuntime.iOS-9-0)
iOS 9.1 (9.1 - 13B143) (com.apple.CoreSimulator.SimRuntime.iOS-9-1)
iOS 9.2 (9.2 - 13C75) (com.apple.CoreSimulator.SimRuntime.iOS-9-2)
iOS 9.3 (9.3 - 13E233) (com.apple.CoreSimulator.SimRuntime.iOS-9-3)
iOS 10.0 (10.0 - 14A345) (com.apple.CoreSimulator.SimRuntime.iOS-10-0)
tvOS 9.0 (9.0 - 13T395) (com.apple.CoreSimulator.SimRuntime.tvOS-9-0)
tvOS 9.1 (9.1 - 13U85) (com.apple.CoreSimulator.SimRuntime.tvOS-9-1)
tvOS 9.2 (9.2 - 13Y234) (com.apple.CoreSimulator.SimRuntime.tvOS-9-2)
tvOS 10.0 (10.0 - 14T328) (com.apple.CoreSimulator.SimRuntime.tvOS-10-0)
watchOS 2.0 (2.0 - 13S343) (com.apple.CoreSimulator.SimRuntime.watchOS-2-0)
watchOS 2.1 (2.1 - 13S661) (com.apple.CoreSimulator.SimRuntime.watchOS-2-1)
watchOS 2.2 (2.2 - 13V144) (com.apple.CoreSimulator.SimRuntime.watchOS-2-2)
watchOS 3.0 (3.0 - 14S326) (com.apple.CoreSimulator.SimRuntime.watchOS-3-0)
== Devices ==
-- iOS 8.1 --
    iPhone 4s (66D26F87-2272-42C4-91C6-8D051B77C760) (Shutdown)
    iPhone 5 (FD2D6AE4-C103-40A8-9A39-6D517389AF26) (Shutdown)
    iPhone 5s (A23DF0A7-A92A-4B25-9B79-84E9943738EC) (Shutdown)
    iPhone 6 (01F9C390-3EDD-412D-A72C-21DBF99E3869) (Shutdown)
    iPhone 6 Plus (88175F01-4FD6-4C15-A08F-8F83B8CEF37E) (Shutdown)
    iPad 2 (BCCE7B06-AE32-45A0-8BB1-9F97F8D03B55) (Shutdown)
    iPad Retina (A8C42AB7-1CB2-4AA0-9567-FCF33C06EB9E) (Shutdown)
    iPad Air (4DDDFB06-725F-462D-9B30-B2976713C410) (Shutdown)
-- iOS 8.2 --
    iPhone 4s (1FCD2FED-506D-47D3-8557-2B6453DA1F79) (Shutdown)
    iPhone 5 (9E4EBDF9-4EA0-48AE-865F-CB4F2557E747) (Shutdown)
    iPhone 5s (1E361514-6B83-44C9-B07A-498AE5BF37ED) (Shutdown)
    iPhone 6 (08825FE0-8743-41A2-AC53-97DE2C7BDC8D) (Shutdown)
    iPhone 6 Plus (5BF4A936-318B-4C2C-8BD0-755C015CCB9A) (Shutdown)
    iPad 2 (FAC9FE65-ED34-403C-A4E6-EDEE3F8622EC) (Shutdown)
    iPad Retina (7FD78D37-18BC-474F-A9AC-7BE105881D74) (Shutdown)
    iPad Air (2334F98D-1B9D-4C9C-BA73-09A239C73C90) (Shutdown)
-- iOS 8.3 --
    iPhone 4s (21D37F1D-8BE8-47F7-9CC3-27DE4901BA22) (Shutdown)
    iPhone 5 (B83C35C6-E027-408D-8274-5BF7DF2460FE) (Shutdown)
    iPhone 5s (59956071-04B9-40B0-B566-CF4119A349DF) (Shutdown)
    iPhone 6 (F9D1B9ED-B04B-4BDE-A053-4A88AFE177B6) (Shutdown)
    iPhone 6 Plus (AF6035A4-0CDA-4F68-8BE9-8D8FE95F2484) (Shutdown)
    iPad 2 (C3DB246B-6DAA-46DE-9169-BBD6987319B8) (Shutdown)
    iPad Retina (8E1D90A8-A563-41CD-8A7C-2F616ADFA51B) (Shutdown)
    iPad Air (38E107CD-BBFE-4C15-9A0A-775A722E8346) (Shutdown)
-- iOS 8.4 --
    iPhone 4s (1943B5D6-1614-44DC-8289-E87A65A99729) (Shutdown)
    iPhone 5 (84D32455-8E80-4249-AD0B-C807D8A1038E) (Shutdown)
    iPhone 5s (98B456B9-4E82-4AAE-943B-02DB90ECF6A5) (Shutdown)
    iPhone 6 (932DFAE5-4162-4BD4-81F5-C94E1EC531AD) (Shutdown)
    iPhone 6 Plus (693D4E35-755A-4B44-BCC4-5BE8178E8769) (Shutdown)
    iPad 2 (8BC4A27A-3224-4103-9B8D-C2CD79248A78) (Shutdown)
    iPad Retina (81ACCDF1-D9C5-4C49-AD93-AACCCC603AEF) (Shutdown)
    iPad Air (D6344716-2E43-498E-BFD9-38EC45870DE0) (Shutdown)
-- iOS 9.0 --
    iPhone 4s (747E9D45-2B0D-4195-A43F-77C8A4498C61) (Shutdown)
    iPhone 5 (977EE0BD-5D10-4605-B105-80C55D78034F) (Shutdown)
    iPhone 5s (413BD6DC-CE74-4552-83BC-E841B2FF98B2) (Shutdown)
    iPhone 6 (687BD924-6E9D-41AC-9CED-FB2204876A39) (Shutdown)
    iPhone 6 Plus (D3A0C08F-413C-4D52-AD65-763685F4D15D) (Shutdown)
    iPhone 6s (645C9FE3-E7FE-463B-9CAD-F240DD0EB8EB) (Shutdown)
    iPhone 6s Plus (7D897067-5498-4C2F-B55A-3EB9D195307D) (Shutdown)
    iPad 2 (F8BC83F9-1977-4BE9-AF51-69D44A1A543F) (Shutdown)
    iPad Retina (2A739A8B-2D70-45AA-B07A-4C570A9000B4) (Shutdown)
    iPad Air (46355FB1-6694-4C11-B7D0-AB6B70A24C62) (Shutdown)
    iPad Air 2 (7CDD24B4-7BA0-4AE4-997F-F2D9EED34BAA) (Shutdown)
-- iOS 9.1 --
    iPhone 4s (E34BC77B-F2A4-47A4-A3CB-BEE48AF8DD31) (Shutdown)
    iPhone 5 (EA09E594-1B26-41A8-A440-96BF97031609) (Shutdown)
    iPhone 5s (4ED5CBE2-FE2D-497E-A0B6-BFCB30396050) (Shutdown)
    iPhone 6 (754DC9BE-D3A3-49EF-AA0C-461FB3CFE7B4) (Shutdown)
    iPhone 6 Plus (F6FB4E5F-A207-4E30-9990-7794997D48CB) (Shutdown)
    iPhone 6s (3D3E18BC-96F5-47F7-8029-F07CFE70FC3A) (Shutdown)
    iPhone 6s Plus (48835ABC-4232-42E0-B4BF-B9DB129D8F42) (Shutdown)
    iPad 2 (6B44E2FE-24F2-4B64-A602-B0C938493FAA) (Shutdown)
    iPad Retina (F234C63A-FC85-4955-AEBB-B986F0936D15) (Shutdown)
    iPad Air (6C70F2AC-3895-4629-BB27-A6E6E301EF03) (Shutdown)
    iPad Air 2 (89C4A9EC-BBF7-4788-89C6-1222CD26BE43) (Shutdown)
    iPad Pro (915E5C52-CB00-468D-B279-9A2AE7B057BA) (Shutdown)
-- iOS 9.2 --
    iPhone 4s (9C2A7C10-5CDC-4C8D-B264-E2DD99A3CEAA) (Shutdown)
    iPhone 5 (84F8D6B1-DDB7-4FE4-B458-5D95A7C737FA) (Shutdown)
    iPhone 5s (5E61C921-7E4C-4653-8179-1DDE43560F0A) (Shutdown)
    iPhone 6 (11CF36D5-8E2E-4E92-A4E7-B08F2C9B1CF1) (Shutdown)
    iPhone 6 Plus (69C920AA-8053-42B4-B1C2-4DD7C69A0E35) (Shutdown)
    iPhone 6s (B95608CB-75FC-4129-9C1A-0FFA8ACCEE21) (Shutdown)
    iPhone 6s Plus (BACF3F69-9B06-42BA-887B-68F3EB45DFAF) (Shutdown)
    iPad 2 (81CC79FC-D384-4907-A6A7-C49C63C1219E) (Shutdown)
    iPad Retina (606B24D0-B683-4896-B85C-BE05ABFD4AFE) (Shutdown)
    iPad Air (63A2C60F-5EB5-456A-B9A9-5B0A9921FEC7) (Shutdown)
    iPad Air 2 (414258CA-25D2-4A5A-8C3B-475C4CA0A564) (Shutdown)
    iPad Pro (B4C1BB09-5575-4281-A72F-4FA59A7437F0) (Shutdown)
-- iOS 9.3 --
    iPhone 4s (4655F9B6-D73A-4ADB-8FBE-09980AECBB80) (Shutdown)
    iPhone 5 (D3313B94-6A4F-4B27-B140-C8538AF8745F) (Shutdown)
    iPhone 5s (1580A8C1-5D5F-4706-9967-94452BE6558C) (Shutdown)
    iPhone 6 (3DDF5CC0-9AFE-405F-88F7-ECB0F82E25A9) (Shutdown)
    iPhone 6 Plus (DCEE32FF-0415-4DB1-8E86-DA3A6C0C5B9C) (Shutdown)
    iPhone 6s (DCB4682D-EB6D-4183-AE51-A6D37E23381A) (Shutdown)
    iPhone 6s Plus (256DBF2C-A0C2-40E8-B0D5-E618F6D6322D) (Shutdown)
    iPad 2 (E99B41A1-0679-4C7D-A94C-BDF13002ACE3) (Shutdown)
    iPad Retina (8748A17C-2694-4B49-942A-8BFD16E45B87) (Shutdown)
    iPad Air (FF7FAB14-A0F9-4071-8D86-251C9D2EC211) (Shutdown)
    iPad Air 2 (2515E659-FADC-4BE3-B6DB-B584FEC233CA) (Shutdown)
    iPad Pro (E080B27F-3C11-4337-B00C-0963766C8E31) (Shutdown)
-- iOS 10.0 --
    iPhone 5 (BB6406E6-BEAF-42F4-8974-CB0B62973A6F) (Shutdown)
    iPhone 5s (B9A77C20-7CC2-4A6B-9E56-C21DB7C5F66A) (Shutdown)
    iPhone 6 (AD2142E3-6764-4CAA-9337-3F764867AE1F) (Shutdown)
    iPhone 6 Plus (D9952115-0132-42CF-A763-0C1CA35C483F) (Shutdown)
    iPhone 6s (F16AFAF9-2615-47AB-908B-F01BFA3A4DC5) (Shutdown)
    iPhone 6s Plus (57E514BC-704C-4F52-978A-E7DF4EB73358) (Shutdown)
    iPhone 7 (7D5A6E73-8DEA-4600-8CED-B73ABF29403B) (Shutdown)
    iPhone 7 Plus (82E40331-FC53-40AD-B76F-D0A9DCD62817) (Shutdown)
    iPhone SE (832245D7-02E4-4AE1-8D6E-1687E6B7646E) (Shutdown)
    iPad Retina (6C486CC1-E141-4F71-B976-806DF4C3EAED) (Shutdown)
    iPad Air (2111B10B-C7C5-451D-9E71-563EB0AD4751) (Shutdown)
    iPad Air 2 (6815F2E6-57CC-4B80-A806-91F54F71B3FE) (Shutdown)
    iPad Pro (9.7 inch) (A5343BD9-8EDA-4FA7-AFB6-1B3494A7F018) (Shutdown)
    iPad Pro (12.9 inch) (77898A4E-A231-49B8-9773-E95BAAD3C8D0) (Shutdown)
-- tvOS 9.0 --
    Apple TV 1080p (4E382322-A651-4586-9CED-68938E8824B5) (Shutdown)
-- tvOS 9.1 --
    Apple TV 1080p (0BDE6FB4-F6D4-4D62-842E-1D148BF366D3) (Shutdown)
-- tvOS 9.2 --
    Apple TV 1080p (2AFC24AC-FA8A-449B-B075-6315837ADED4) (Shutdown)
-- tvOS 10.0 --
    Apple TV 1080p (51D05A38-D4D4-407A-A252-484FBE721066) (Shutdown)
-- watchOS 2.0 --
    Apple Watch - 38mm (0EB43D04-E467-4CB7-AC5F-199E4CFD516E) (Shutdown)
    Apple Watch - 42mm (7F029CC9-C309-4AC0-A010-32C98123FDEE) (Shutdown)
-- watchOS 2.1 --
    Apple Watch - 38mm (476AECEF-85B8-4E01-9022-0CBAC544BD5A) (Shutdown)
    Apple Watch - 42mm (5932A926-A79D-431B-9942-C132D9C799B7) (Shutdown)
-- watchOS 2.2 --
    Apple Watch - 38mm (B5CDB3E8-4D7D-4C2A-98C4-BA4916147A5D) (Shutdown)
    Apple Watch - 42mm (4111B281-92FF-4672-B4FF-0D814942FEDA) (Shutdown)
-- watchOS 3.0 --
    Apple Watch - 38mm (93F2961E-5C7F-42D1-AE37-820CE27EB93F) (Shutdown)
    Apple Watch - 42mm (BDBA265F-1179-4E40-9DEE-85D61428B06C) (Shutdown)
    Apple Watch Series 2 - 38mm (FC87EBD6-DD48-44BA-BC51-298A55DEEB9A) (Shutdown)
    Apple Watch Series 2 - 42mm (3BBA3926-13F8-45BA-AB41-5B49B54B0274) (Shutdown)
== Device Pairs ==
908DEA83-1BD4-4016-9C89-CCA44C52849D (active, disconnected)
    Watch: Apple Watch Series 2 - 38mm (FC87EBD6-DD48-44BA-BC51-298A55DEEB9A) (Shutdown)
    Phone: iPhone 7 (7D5A6E73-8DEA-4600-8CED-B73ABF29403B) (Shutdown)
4301F6D3-9647-4249-801B-95BD986BEE07 (active, disconnected)
    Watch: Apple Watch Series 2 - 42mm (3BBA3926-13F8-45BA-AB41-5B49B54B0274) (Shutdown)
    Phone: iPhone 7 Plus (82E40331-FC53-40AD-B76F-D0A9DCD62817) (Shutdown)

========================================


=== OS X info =========================

* sw_vers
ProductName:	Mac OS X
ProductVersion:	10.11.6
BuildVersion:	15G31

* system_profiler SPSoftwareDataType
Software:

    System Software Overview:

      System Version: OS X 10.11.6 (15G31)
      Kernel Version: Darwin 15.6.0
      Boot Volume: Macintosh HD
      Boot Mode: Normal
      Computer Name: controlosxstageahostondemandinternaltest.local
      User Name: vagrant (vagrant)
      Secure Virtual Memory: Enabled
      System Integrity Protection: Enabled
      Time since boot: 1 minute


========================================


=== System infos =======================
* Free disk space: /dev/disk0s2  199Gi   78Gi  121Gi    40% 20492273 31726623   39%   /
========================================

