 (i) Ignore Errors: enabled

#
# This System Report was generated by: https://github.com/bitrise-io/osx-box-bootstrap/blob/master/system_report.sh
#  Pull Requests are welcome!
#


=== Revision / ID ======================
* BITRISE_OSX_STACK_REV_ID: v2019_11_20_1
========================================


=== Pre-installed tool versions ========
* Go: go version go1.13.4 darwin/amd64
* Python: Python 2.7.16
* Node.js: v10.17.0
* NPM: 6.12.1
* Yarn: 1.19.1
* Java: openjdk version "1.8.0_232"
OpenJDK Runtime Environment (AdoptOpenJDK)(build 1.8.0_232-b09)
OpenJDK 64-Bit Server VM (AdoptOpenJDK)(build 25.232-b09, mixed mode)
* Flutter: Flutter 1.9.1+hotfix.6 • channel stable • https://github.com/flutter/flutter.git

* git: git version 2.24.0
* git lfs: git-lfs/2.8.0 (GitHub; darwin amd64; go 1.12.7)
* mercurial/hg: Mercurial Distributed SCM (version 5.2)
* curl: curl 7.54.0 (x86_64-apple-darwin18.0) libcurl/7.54.0 LibreSSL/2.6.5 zlib/1.2.11 nghttp2/1.24.1
* wget: GNU Wget 1.20.3 built on darwin18.6.0.
* rsync: rsync  version 2.6.9  protocol version 29
* unzip: UnZip 6.00 of 20 April 2009, by Info-ZIP.  Maintained by C. Spieler.  Send
* zip: This is Zip 3.0 (July 5th 2008), by Info-ZIP.
* tar: bsdtar 2.8.3 - libarchive 2.8.3
* tree: tree v1.8.0 (c) 1996 - 2018 by Steve Baker, Thomas Moore, Francesc Rocher, Florian Sesser, Kyosuke Tokoro 

* brew: Homebrew 2.2.0
Homebrew/homebrew-core (git revision c2ba; last commit 2019-11-27)
Homebrew/homebrew-cask (git revision 60b11; last commit 2019-11-28)
./system_report.sh: line 58: xctool: command not found
* xctool: 
* Ansible: ansible 2.9.1
  configured module search path = ['/Users/vagrant/.ansible/plugins/modules', '/usr/share/ansible/plugins/modules']
  ansible python module location = /usr/local/Cellar/ansible/2.9.1/libexec/lib/python3.7/site-packages/ansible
  executable location = /usr/local/bin/ansible
* gtimeout: timeout (GNU coreutils) 8.31
* watchman: 4.9.0
* flow: Flow, a static type checker for JavaScript, version 0.112.0
* carthage: 0.34.0
* imagemagick (convert): Version: ImageMagick 7.0.9-5 Q16 x86_64 2019-11-18 https://imagemagick.org
* ghostscript (ps2ascii): 9.50
* screen: Screen version 4.07.00 (GNU) 02-Oct-19
Error: No available formula with the name "swift-sh" 
Warning: homebrew/core is shallow clone. To get complete history run:
  git -C "$(brew --repo homebrew/core)" fetch --unshallow

Error: No previously deleted formula found.
* swift-sh: for
* firebase: ]0;Firebase CLI7.8.1
./system_report.sh: line 76: wine: command not found
* wine: 

--- Bitrise CLI tool versions
* bitrise: 1.36.0
* stepman: 0.11.11
* envman: 2.2.9
* cmd-bridge: 0.9.5
========================================


=== Ruby and rubygems ==================
* Ruby (default): ruby 2.6.3p62 (2019-04-16 revision 67580) [x86_64-darwin18]
--- Available ruby versions ---
  system
  2.4.5
  2.5.3
* 2.6.3 (set by /Users/vagrant/.rbenv/version)
-------------------------------
* rbenv: 1.1.2
* Rubygems: 3.0.6
* Bundler: Bundler version 1.17.3
* CocoaPods: 1.8.4
* xcpretty: 0.3.0
* Nomad CLI: 3.0.6
* Nomad CLI IPA / Shenzhen: ipa 0.14.3
========================================


=== All Ruby GEMs ======================
activesupport (4.2.11.1)
addressable (2.7.0)
algoliasearch (1.27.1)
atomos (0.1.3)
aws-sdk (1.67.0)
aws-sdk-v1 (1.67.0)
babosa (1.0.3)
bigdecimal (default: 1.4.1)
bundler (default: 1.17.3)
certified (1.0.0)
CFPropertyList (3.0.1)
claide (1.0.3)
cmath (default: 1.0.0)
cocoapods (1.8.4)
cocoapods-core (1.8.4)
cocoapods-deintegrate (1.0.4)
cocoapods-downloader (1.3.0)
cocoapods-plugins (1.0.0)
cocoapods-search (1.0.0)
cocoapods-stats (1.1.0)
cocoapods-trunk (1.4.1)
cocoapods-try (1.1.0)
colored (1.2)
colored2 (3.1.2)
commander (4.4.7)
commander-fastlane (4.4.6)
concurrent-ruby (1.1.5)
csv (default: 3.0.9)
cupertino (1.3.4)
date (default: 2.0.0)
dbm (default: 1.0.0)
declarative (0.0.10)
declarative-option (0.1.0)
did_you_mean (1.3.0)
digest-crc (0.4.1)
domain_name (0.5.20190701)
dotenv (2.7.5)
dubai (0.2.0)
e2mmap (default: 0.1.0)
emoji_regex (1.0.1)
escape (0.0.4)
etc (default: 1.0.1)
excon (0.69.0)
faraday (0.17.0)
faraday-cookie_jar (0.0.6)
faraday_middleware (0.13.1)
fastimage (2.1.7)
fastlane (2.136.0)
fcntl (default: 1.0.0)
fiddle (default: 1.0.0)
fileutils (default: 1.1.0)
forwardable (default: 1.2.0)
fourflusher (2.3.1)
fuzzy_match (2.0.4)
gdbm (default: 2.0.0)
gh_inspector (1.1.3)
google-api-client (0.23.9)
google-cloud-core (1.4.1)
google-cloud-env (1.3.0)
google-cloud-storage (1.16.0)
googleauth (0.6.7)
highline (2.0.3, 1.7.10)
houston (2.4.0)
http-cookie (1.0.3)
httpclient (2.8.3)
i18n (0.9.5)
io-console (default: 0.4.7)
ipaddr (default: 1.2.2)
irb (default: 1.0.0)
json (default: 2.1.0, 1.8.6)
jwt (2.1.0)
logger (default: 1.3.0)
matrix (default: 0.1.0)
mechanize (2.5.1)
memoist (0.16.1)
mime-types (3.3, 1.25.1)
mime-types-data (3.2019.1009)
mini_magick (4.9.5)
mini_portile2 (2.1.0)
minitest (5.11.3)
molinillo (0.6.6)
multi_json (1.14.1)
multi_xml (0.6.0)
multipart-post (2.1.1, 2.0.0)
mutex_m (default: 0.1.0)
nanaimo (0.2.6)
nap (1.1.0)
naturally (2.2.0)
net-http-digest_auth (1.4.1)
net-http-persistent (2.9.4)
net-sftp (2.1.2)
net-ssh (5.2.0)
net-telnet (0.2.0)
netrc (0.11.0)
nokogiri (1.6.8.1)
nomad-cli (0.0.2)
ntlm-http (0.1.1)
openssl (default: 2.1.2)
os (1.0.1)
ostruct (default: 0.1.0)
plist (3.1.0)
power_assert (1.1.3)
prime (default: 0.1.0)
psych (default: 3.1.0)
public_suffix (2.0.5)
rack (1.6.11)
rack-protection (1.5.5)
rake (12.3.2)
rdoc (default: 6.1.0)
representable (3.0.4)
retriable (3.1.2)
rexml (default: 3.1.9)
rouge (2.0.7)
rss (default: 0.2.7)
ruby-macho (1.4.0)
rubygems-update (3.0.6)
rubyzip (1.3.0)
scanf (default: 1.0.0)
sdbm (default: 1.0.0)
security (0.1.3)
shell (default: 0.7)
shenzhen (0.14.3)
signet (0.12.0)
simctl (1.6.6)
sinatra (1.4.8)
slack-notifier (2.3.2)
stringio (default: 0.0.2)
strscan (default: 1.0.0)
sync (default: 0.5.0)
term-ansicolor (1.0.7)
terminal-notifier (2.0.0)
terminal-table (1.4.5)
test-unit (3.2.9)
thread_safe (0.3.6)
thwait (default: 0.1.0)
tilt (2.0.10)
tracer (default: 0.1.0)
tty-cursor (0.7.0)
tty-screen (0.7.0)
tty-spinner (0.9.1)
tzinfo (1.2.5)
uber (0.1.0)
unf (0.1.4)
unf_ext (0.0.7.6)
venice (0.6.0)
webrick (default: 1.4.2)
webrobots (0.1.2)
word_wrap (1.0.0)
xcodeproj (1.13.0)
xcpretty (0.3.0)
xcpretty-travis-formatter (1.0.0)
xmlrpc (0.3.0)
zlib (default: 1.0.0)
========================================


=== NPM global packages ==========================
* Cordova: 9.0.0 (cordova-lib@9.0.1)
* Ionic: 5.4.6
========================================


=== Checking Xcode CLT dirs ============

 * ls -1 /usr/include/CommonCrypto
ls: /usr/include/CommonCrypto: No such file or directory

 * ls -1 /Library/Developer/CommandLineTools/
Library
Packages
SDKs
usr

 * /Library/Developer/CommandLineTools/usr/bin/swift --version
Apple Swift version 5.0.1 (swiftlang-1001.0.82.4 clang-1001.0.46.5)
Target: x86_64-apple-darwin18.7.0

========================================


=== Xcode ==============================

* Active Xcode Command Line Tools:
/Applications/Xcode-beta.app/Contents/Developer

* Xcode Version:
Xcode 11.3
Build version 11C24b

* /usr/bin/swift --version
Apple Swift version 5.1.3 (swiftlang-1100.0.282 clang-1100.0.33.15)
Target: x86_64-apple-darwin18.7.0

* Installed SDKs:
iOS SDKs:
	iOS 13.2                      	-sdk iphoneos13.2

iOS Simulator SDKs:
	Simulator - iOS 13.2          	-sdk iphonesimulator13.2

macOS SDKs:
	DriverKit 19.0                	-sdk driverkit.macosx19.0
	macOS 10.15                   	-sdk macosx10.15

tvOS SDKs:
	tvOS 13.2                     	-sdk appletvos13.2

tvOS Simulator SDKs:
	Simulator - tvOS 13.2         	-sdk appletvsimulator13.2

watchOS SDKs:
	watchOS 6.1                   	-sdk watchos6.1

watchOS Simulator SDKs:
	Simulator - watchOS 6.1       	-sdk watchsimulator6.1


* Available Simulators:
== Device Types ==
iPhone 4s (com.apple.CoreSimulator.SimDeviceType.iPhone-4s)
iPhone 5 (com.apple.CoreSimulator.SimDeviceType.iPhone-5)
iPhone 5s (com.apple.CoreSimulator.SimDeviceType.iPhone-5s)
iPhone 6 Plus (com.apple.CoreSimulator.SimDeviceType.iPhone-6-Plus)
iPhone 6 (com.apple.CoreSimulator.SimDeviceType.iPhone-6)
iPhone 6s (com.apple.CoreSimulator.SimDeviceType.iPhone-6s)
iPhone 6s Plus (com.apple.CoreSimulator.SimDeviceType.iPhone-6s-Plus)
iPhone SE (com.apple.CoreSimulator.SimDeviceType.iPhone-SE)
iPhone 7 (com.apple.CoreSimulator.SimDeviceType.iPhone-7)
iPhone 7 Plus (com.apple.CoreSimulator.SimDeviceType.iPhone-7-Plus)
iPhone 8 (com.apple.CoreSimulator.SimDeviceType.iPhone-8)
iPhone 8 Plus (com.apple.CoreSimulator.SimDeviceType.iPhone-8-Plus)
iPhone X (com.apple.CoreSimulator.SimDeviceType.iPhone-X)
iPhone Xs (com.apple.CoreSimulator.SimDeviceType.iPhone-XS)
iPhone Xs Max (com.apple.CoreSimulator.SimDeviceType.iPhone-XS-Max)
iPhone Xʀ (com.apple.CoreSimulator.SimDeviceType.iPhone-XR)
iPhone 11 (com.apple.CoreSimulator.SimDeviceType.iPhone-11)
iPhone 11 Pro (com.apple.CoreSimulator.SimDeviceType.iPhone-11-Pro)
iPhone 11 Pro Max (com.apple.CoreSimulator.SimDeviceType.iPhone-11-Pro-Max)
iPad 2 (com.apple.CoreSimulator.SimDeviceType.iPad-2)
iPad Retina (com.apple.CoreSimulator.SimDeviceType.iPad-Retina)
iPad Air (com.apple.CoreSimulator.SimDeviceType.iPad-Air)
iPad mini 2 (com.apple.CoreSimulator.SimDeviceType.iPad-mini-2)
iPad mini 3 (com.apple.CoreSimulator.SimDeviceType.iPad-mini-3)
iPad mini 4 (com.apple.CoreSimulator.SimDeviceType.iPad-mini-4)
iPad Air 2 (com.apple.CoreSimulator.SimDeviceType.iPad-Air-2)
iPad Pro (9.7-inch) (com.apple.CoreSimulator.SimDeviceType.iPad-Pro--9-7-inch-)
iPad Pro (12.9-inch) (com.apple.CoreSimulator.SimDeviceType.iPad-Pro)
iPad (5th generation) (com.apple.CoreSimulator.SimDeviceType.iPad--5th-generation-)
iPad Pro (12.9-inch) (2nd generation) (com.apple.CoreSimulator.SimDeviceType.iPad-Pro--12-9-inch---2nd-generation-)
iPad Pro (10.5-inch) (com.apple.CoreSimulator.SimDeviceType.iPad-Pro--10-5-inch-)
iPad (6th generation) (com.apple.CoreSimulator.SimDeviceType.iPad--6th-generation-)
iPad (7th generation) (com.apple.CoreSimulator.SimDeviceType.iPad--7th-generation-)
iPad Pro (11-inch) (com.apple.CoreSimulator.SimDeviceType.iPad-Pro--11-inch-)
iPad Pro (12.9-inch) (3rd generation) (com.apple.CoreSimulator.SimDeviceType.iPad-Pro--12-9-inch---3rd-generation-)
iPad mini (5th generation) (com.apple.CoreSimulator.SimDeviceType.iPad-mini--5th-generation-)
iPad Air (3rd generation) (com.apple.CoreSimulator.SimDeviceType.iPad-Air--3rd-generation-)
Apple TV (com.apple.CoreSimulator.SimDeviceType.Apple-TV-1080p)
Apple TV 4K (com.apple.CoreSimulator.SimDeviceType.Apple-TV-4K-4K)
Apple TV 4K (at 1080p) (com.apple.CoreSimulator.SimDeviceType.Apple-TV-4K-1080p)
Apple Watch - 38mm (com.apple.CoreSimulator.SimDeviceType.Apple-Watch-38mm)
Apple Watch - 42mm (com.apple.CoreSimulator.SimDeviceType.Apple-Watch-42mm)
Apple Watch Series 2 - 38mm (com.apple.CoreSimulator.SimDeviceType.Apple-Watch-Series-2-38mm)
Apple Watch Series 2 - 42mm (com.apple.CoreSimulator.SimDeviceType.Apple-Watch-Series-2-42mm)
Apple Watch Series 3 - 38mm (com.apple.CoreSimulator.SimDeviceType.Apple-Watch-Series-3-38mm)
Apple Watch Series 3 - 42mm (com.apple.CoreSimulator.SimDeviceType.Apple-Watch-Series-3-42mm)
Apple Watch Series 4 - 40mm (com.apple.CoreSimulator.SimDeviceType.Apple-Watch-Series-4-40mm)
Apple Watch Series 4 - 44mm (com.apple.CoreSimulator.SimDeviceType.Apple-Watch-Series-4-44mm)
Apple Watch Series 5 - 40mm (com.apple.CoreSimulator.SimDeviceType.Apple-Watch-Series-5-40mm)
Apple Watch Series 5 - 44mm (com.apple.CoreSimulator.SimDeviceType.Apple-Watch-Series-5-44mm)
== Runtimes ==
iOS 11.0 (11.0.1 - 15A8401) - com.apple.CoreSimulator.SimRuntime.iOS-11-0 
iOS 11.1 (11.1 - 15B87) - com.apple.CoreSimulator.SimRuntime.iOS-11-1 
iOS 11.2 (11.2 - 15C107) - com.apple.CoreSimulator.SimRuntime.iOS-11-2 
iOS 11.3 (11.3 - 15E217) - com.apple.CoreSimulator.SimRuntime.iOS-11-3 
iOS 11.4 (11.4 - 15F79) - com.apple.CoreSimulator.SimRuntime.iOS-11-4 
iOS 12.0 (12.0 - 16A366) - com.apple.CoreSimulator.SimRuntime.iOS-12-0 
iOS 12.1 (12.1 - 16B91) - com.apple.CoreSimulator.SimRuntime.iOS-12-1 
iOS 12.2 (12.2 - 16E226) - com.apple.CoreSimulator.SimRuntime.iOS-12-2 
iOS 12.4 (12.4 - 16G73) - com.apple.CoreSimulator.SimRuntime.iOS-12-4 
iOS 13.0 (13.0 - 17A577) - com.apple.CoreSimulator.SimRuntime.iOS-13-0 
iOS 13.1 (13.1 - 17A844) - com.apple.CoreSimulator.SimRuntime.iOS-13-1 
iOS 13.3 (13.3 - 17C5032d) - com.apple.CoreSimulator.SimRuntime.iOS-13-3 
tvOS 11.0 (11.0 - 15J380) - com.apple.CoreSimulator.SimRuntime.tvOS-11-0 
tvOS 11.1 (11.1 - 15J580) - com.apple.CoreSimulator.SimRuntime.tvOS-11-1 
tvOS 11.2 (11.2 - 15K104) - com.apple.CoreSimulator.SimRuntime.tvOS-11-2 
tvOS 11.3 (11.3 - 15L211) - com.apple.CoreSimulator.SimRuntime.tvOS-11-3 
tvOS 11.4 (11.4 - 15L576) - com.apple.CoreSimulator.SimRuntime.tvOS-11-4 
tvOS 12.0 (12.0 - 16J364) - com.apple.CoreSimulator.SimRuntime.tvOS-12-0 
tvOS 12.1 (12.1 - 16J602) - com.apple.CoreSimulator.SimRuntime.tvOS-12-1 
tvOS 12.2 (12.2 - 16L225) - com.apple.CoreSimulator.SimRuntime.tvOS-12-2 
tvOS 12.4 (12.4 - 16M567) - com.apple.CoreSimulator.SimRuntime.tvOS-12-4 
tvOS 13.0 (13.0 - 17J585) - com.apple.CoreSimulator.SimRuntime.tvOS-13-0 
tvOS 13.3 (13.3 - 17K5433c) - com.apple.CoreSimulator.SimRuntime.tvOS-13-3 
watchOS 4.0 (4.0 - 15R372) - com.apple.CoreSimulator.SimRuntime.watchOS-4-0 
watchOS 4.1 (4.1 - 15R844) - com.apple.CoreSimulator.SimRuntime.watchOS-4-1 
watchOS 4.2 (4.2 - 15S100) - com.apple.CoreSimulator.SimRuntime.watchOS-4-2 
watchOS 5.0 (5.0 - 16R363) - com.apple.CoreSimulator.SimRuntime.watchOS-5-0 
watchOS 5.1 (5.1 - 16R591) - com.apple.CoreSimulator.SimRuntime.watchOS-5-1 
watchOS 5.2 (5.2 - 16T224) - com.apple.CoreSimulator.SimRuntime.watchOS-5-2 
watchOS 5.3 (5.3 - 16U567) - com.apple.CoreSimulator.SimRuntime.watchOS-5-3 
watchOS 6.0 (6.0 - 17R575) - com.apple.CoreSimulator.SimRuntime.watchOS-6-0 
watchOS 6.1 (6.1.1 - 17S5433b) - com.apple.CoreSimulator.SimRuntime.watchOS-6-1 
== Devices ==
-- iOS 11.0 --
    iPhone 5s (1AEAEF50-69AF-4EF1-BAA8-F6B181E66823) (Shutdown) 
    iPhone 6 Plus (C89A2E04-B569-42EA-ADD7-0A84A3EF1230) (Shutdown) 
    iPhone 6 (DF697006-5FE9-42D5-9CA2-A11B8D72C23B) (Shutdown) 
    iPhone 6s (AC3F499B-BB2A-497C-B9AB-E494A9528C47) (Shutdown) 
    iPhone 6s Plus (DE938669-B11E-4993-8BE3-98210630066C) (Shutdown) 
    iPhone SE (816D612C-EBB8-4204-A6A8-CB7FB26D4C22) (Shutdown) 
    iPhone 7 (C97A6E6B-825E-4E52-BCEB-FE5DC332AA42) (Shutdown) 
    iPhone 7 Plus (07A33F56-2963-477B-88DA-73783DA1B920) (Shutdown) 
    iPhone 8 (D79DB890-87E1-45E7-A0A9-40632B70B5BE) (Shutdown) 
    iPhone 8 Plus (15A18CEC-4328-4C5C-B398-342CB527BEFB) (Shutdown) 
    iPhone X (46C4C366-54E5-41EC-83E6-7C73DA3DEA52) (Shutdown) 
    iPad Air (33A35AB4-A9C8-41DE-93C0-DA27569A9148) (Shutdown) 
    iPad Air 2 (02E18E95-30AC-44C7-95B4-141C126E9679) (Shutdown) 
    iPad Pro (9.7-inch) (EE2C64F4-63C7-465C-B779-5E0735ABDDCC) (Shutdown) 
    iPad Pro (12.9-inch) (57BE202E-5971-4199-AE55-80EF23613048) (Shutdown) 
    iPad (5th generation) (269C1FE6-17AB-4B89-9C0F-0F9C4CE37687) (Shutdown) 
    iPad Pro (12.9-inch) (2nd generation) (08C121EA-BD73-44AC-AF55-715FADA4FBC4) (Shutdown) 
    iPad Pro (10.5-inch) (5A3F05A1-0B20-43BE-9D9D-0F5B2C0BC63F) (Shutdown) 
-- iOS 11.1 --
    iPhone 5s (8682FA55-6231-4A6F-ABA7-0D40DBE5FDA6) (Shutdown) 
    iPhone 6 Plus (66629AAD-7DB1-4DF7-8D92-11707C67E0A8) (Shutdown) 
    iPhone 6 (FB811FC3-2B79-49E6-B681-211095377D9C) (Shutdown) 
    iPhone 6s (9503316B-F3F0-4176-8E43-83C01DE13638) (Shutdown) 
    iPhone 6s Plus (46AB457D-1A74-43E2-90CC-499B1D0E57CF) (Shutdown) 
    iPhone SE (1F70227C-7412-4125-91DD-0FA12E2D41B5) (Shutdown) 
    iPhone 7 (E065AB76-E75C-4157-B04E-1A83DEC1CA12) (Shutdown) 
    iPhone 7 Plus (155F0901-47A3-442B-89DE-6C4BA69D216C) (Shutdown) 
    iPhone 8 (52BFB225-E5BE-4021-ACE1-487C5DE854BB) (Shutdown) 
    iPhone 8 Plus (E6D4926A-30F7-46D4-A376-37C01EB85C3D) (Shutdown) 
    iPhone X (CDFBFD2A-53A5-46AB-B684-E08A9414451B) (Shutdown) 
    iPad Air (D610B319-C2BE-4D84-A90C-BD769B473DDD) (Shutdown) 
    iPad Air 2 (8F886814-FC37-4FE5-9053-98C84BC1C453) (Shutdown) 
    iPad Pro (9.7-inch) (F25E52D3-2269-40D7-848C-F1AA4DED8F4F) (Shutdown) 
    iPad Pro (12.9-inch) (1E4A6DB6-0A9F-46B8-AD93-FED95D65CF65) (Shutdown) 
    iPad (5th generation) (E5CA049A-3238-4F20-9174-142535B464A7) (Shutdown) 
    iPad Pro (12.9-inch) (2nd generation) (1BA5E954-1C01-43A4-A5FA-18FDA65BE440) (Shutdown) 
    iPad Pro (10.5-inch) (085CB063-15AF-486D-A3B1-85888CCD7039) (Shutdown) 
-- iOS 11.2 --
    iPhone 5s (4B6057F8-89C0-4547-B815-86B61744F258) (Shutdown) 
    iPhone 6 Plus (C2A0A471-67C4-4D9B-9FBD-95E3F14B4E31) (Shutdown) 
    iPhone 6 (71395307-8CF6-4D86-B39B-386B18EEDFEB) (Shutdown) 
    iPhone 6s (57487364-6AA7-4E86-B16A-AEE225454E20) (Shutdown) 
    iPhone 6s Plus (E4436D55-7389-4999-B0DB-32A5E7AEEBB7) (Shutdown) 
    iPhone SE (DCDBDA57-AA5D-4FE6-A467-AA5BCEF9EF26) (Shutdown) 
    iPhone 7 (91197AC3-416F-4AE2-A429-88616CE1BC7F) (Shutdown) 
    iPhone 7 Plus (F1475597-B1A7-490A-BDA5-FBFD3B540032) (Shutdown) 
    iPhone 8 (E183358D-4AB1-48EF-91B8-C534AFE38CEA) (Shutdown) 
    iPhone 8 Plus (7DD157D9-939D-42E5-80A8-48FE2ADEF869) (Shutdown) 
    iPhone X (4ADD5A14-E101-4536-8140-06229878F83B) (Shutdown) 
    iPad Air (F04ACED1-BB98-4C94-9F3C-49386ACF1E4C) (Shutdown) 
    iPad Air 2 (6CCADF7C-20D0-4CF1-83E4-7B5BDA1A5FBB) (Shutdown) 
    iPad Pro (9.7-inch) (33F49A9A-5861-42A0-BB6C-E62695110353) (Shutdown) 
    iPad Pro (12.9-inch) (8CA04B12-7D66-43FE-86FB-95D48A5C872F) (Shutdown) 
    iPad (5th generation) (0662F283-E93B-4126-93E8-25A6F42FACDF) (Shutdown) 
    iPad Pro (12.9-inch) (2nd generation) (D600309B-A37A-4333-8B8E-7F0572479F98) (Shutdown) 
    iPad Pro (10.5-inch) (AC415BB9-1E30-4EBD-B77E-C44783B0DB54) (Shutdown) 
-- iOS 11.3 --
    iPhone 5s (AD744511-B3F9-4EE3-ADC0-703199CB1050) (Shutdown) 
    iPhone 6 Plus (1DF97830-1CF8-4563-AD98-03C5EBA77CA4) (Shutdown) 
    iPhone 6 (3CA04682-FE0A-4F83-93E0-CEE1D81D171D) (Shutdown) 
    iPhone 6s (70C1543B-99EA-4402-9F1C-E08E3CEB1DCD) (Shutdown) 
    iPhone 6s Plus (38A1D725-64E4-40BD-AE83-731C78E32E5B) (Shutdown) 
    iPhone SE (8EFE389D-64AA-4CD4-AEED-7C0F30373927) (Shutdown) 
    iPhone 7 (DE68C569-435C-4DA9-A73F-4C7BBC4D7934) (Shutdown) 
    iPhone 7 Plus (E0349AC3-6E8F-4184-9AEB-CDEAEC8A336B) (Shutdown) 
    iPhone 8 (A71815F1-B2F3-4D6F-8283-51356CB84E54) (Shutdown) 
    iPhone 8 Plus (20C8E971-971E-4D9E-BF65-4F7ACBFC308E) (Shutdown) 
    iPhone X (8C7D141B-4DB3-4CEC-88A5-7B7271E886B9) (Shutdown) 
    iPad Air (F50394AC-0CEB-49F2-8FA1-8ACC6C2E1944) (Shutdown) 
    iPad Air 2 (2BBA2374-5645-4CB6-A1E8-A6569383D3E3) (Shutdown) 
    iPad Pro (9.7-inch) (289E7BBF-A573-46BD-9916-E6423339DAD1) (Shutdown) 
    iPad Pro (12.9-inch) (21783F80-C5CC-47B6-93D9-31CC53486ACF) (Shutdown) 
    iPad (5th generation) (A387D177-B8FD-4FF9-BAC7-5CB9A7112B9F) (Shutdown) 
    iPad Pro (12.9-inch) (2nd generation) (F76666F0-D5C0-426A-AA52-89D1F717F5F9) (Shutdown) 
    iPad Pro (10.5-inch) (2B1E49F4-7393-4F97-AE58-5A1E7EC6DB35) (Shutdown) 
-- iOS 11.4 --
    iPhone 5s (7D15DB15-EC5D-4D77-96A2-37A4A7E859D1) (Shutdown) 
    iPhone 6 Plus (45F3AC0F-E20A-48AC-885F-1A38C676903D) (Shutdown) 
    iPhone 6 (773071CB-CE5A-4D3D-81BD-8F00A31C132E) (Shutdown) 
    iPhone 6s (1A5F0EBF-27EE-4BA6-BC88-2FA16D3340F3) (Shutdown) 
    iPhone 6s Plus (C988CC1B-54B6-422E-9D9D-917659E2A914) (Shutdown) 
    iPhone SE (40DE4E4F-E1D1-4D1B-AA5D-F1D935A6E913) (Shutdown) 
    iPhone 7 (5E9327DA-62AE-41F9-B20B-D4DA5FEB9B23) (Shutdown) 
    iPhone 7 Plus (B0DA8DAF-E029-40E9-8283-1279391F4913) (Shutdown) 
    iPhone 8 (3AF0BF61-9AB0-4EB5-9971-25F4E718D15E) (Shutdown) 
    iPhone 8 Plus (E519167E-F7C6-4C8A-8163-7400A05AE250) (Shutdown) 
    iPhone X (2D4D46A5-17FC-4B8E-87F0-E8B488F1C4C8) (Shutdown) 
    iPad Air (BB100A01-089C-4FB8-A095-355312F1A3A8) (Shutdown) 
    iPad Air 2 (7E386245-1840-4043-BF94-2FEAD665F02B) (Shutdown) 
    iPad Pro (9.7-inch) (A36B9519-7EA5-4D49-8081-97A89E1B13B4) (Shutdown) 
    iPad Pro (12.9-inch) (E713A284-7CCB-4626-B6C9-584B6DB7F9D8) (Shutdown) 
    iPad (5th generation) (F5247E40-6178-4ABE-B3FF-62AF6C8D8966) (Shutdown) 
    iPad Pro (12.9-inch) (2nd generation) (2259F294-51F7-43C5-8C4D-E77DB71089CA) (Shutdown) 
    iPad Pro (10.5-inch) (EAF44B83-51C8-4DD7-88A2-C4D4F59A85A2) (Shutdown) 
-- iOS 12.0 --
    iPhone 5s (E5A9C8F9-AB0D-419E-A8BD-6B315D43A42A) (Shutdown) 
    iPhone 6 Plus (3344C03D-F4AF-4468-B370-ED002163A3BE) (Shutdown) 
    iPhone 6 (5AB3B868-43AD-4164-BD80-844AB8E460AE) (Shutdown) 
    iPhone 6s (62193CB4-FE09-433A-A334-6D9ED65DC605) (Shutdown) 
    iPhone 6s Plus (3F661088-B679-45E8-A50F-20A3EFBAA1C4) (Shutdown) 
    iPhone SE (1283CFEB-B39A-4480-B50A-09A4BF4D53FA) (Shutdown) 
    iPhone 7 (C2EB8E82-2A95-4CFE-8C64-F775A8798243) (Shutdown) 
    iPhone 7 Plus (E0C6D554-3F28-4B98-8675-FFF0EEDB2047) (Shutdown) 
    iPhone 8 (84649261-9651-4BA6-8C76-613695500C0C) (Shutdown) 
    iPhone 8 Plus (31613BD4-1B6E-47D4-A621-481C797D56F5) (Shutdown) 
    iPhone X (79C723B3-C316-4B62-8005-836EC58D6053) (Shutdown) 
    iPhone XS (7D562D97-CB73-4549-82FC-3134D038868E) (Shutdown) 
    iPhone XS Max (9212BB4B-3543-482F-BAEC-68DD1C68727E) (Shutdown) 
    iPhone XR (F2D0676B-9E89-4CC2-85FD-7C79E4A248CC) (Shutdown) 
    iPad Air (3F9E8565-03CF-4BA8-B8DE-A4A486D0FCBB) (Shutdown) 
    iPad Air 2 (1F9735BC-277E-480F-AEA7-CDBEB2EA8ABF) (Shutdown) 
    iPad Pro (9.7-inch) (53F2064E-60D5-42B8-8BB5-8B51F5DCD29D) (Shutdown) 
    iPad Pro (12.9-inch) (0D17C5E6-B941-4458-859C-09242F09D073) (Shutdown) 
    iPad (5th generation) (B11C33F7-F6E3-4819-9442-55483512F2D5) (Shutdown) 
    iPad Pro (12.9-inch) (2nd generation) (2D644631-4350-4AFD-9108-15BB0BAF3126) (Shutdown) 
    iPad Pro (10.5-inch) (E85F0E89-1BAC-4474-9F45-4856E5206131) (Shutdown) 
    iPad (6th generation) (44E14298-F921-4E3C-9AA7-F52FA3451D0B) (Shutdown) 
-- iOS 12.1 --
    iPhone 5s (334040D4-E7E4-4DF4-8990-D20134D96AD8) (Shutdown) 
    iPhone 6 Plus (5E4DF3A6-8A04-4DBD-A28C-B2D855F58B67) (Shutdown) 
    iPhone 6 (49B063D3-FA9D-424A-9831-6691D40426BB) (Shutdown) 
    iPhone 6s (6C7A1596-36BD-4DF3-A423-C57C506EC211) (Shutdown) 
    iPhone 6s Plus (A665390B-AA03-4FC7-B8A5-AD03F5791466) (Shutdown) 
    iPhone SE (AD929636-2E55-41ED-9170-453F01153A3B) (Shutdown) 
    iPhone 7 (CB19ACBC-F4D7-4342-B6DC-E9A66BF7DFBB) (Shutdown) 
    iPhone 7 Plus (3710E96A-1304-49D8-A7EA-EAE169CE66E6) (Shutdown) 
    iPhone 8 (FF685703-B6D5-478A-91C1-EA5AB26A700C) (Shutdown) 
    iPhone 8 Plus (B4560123-0762-4C57-A1B8-BD744B48A61C) (Shutdown) 
    iPhone X (B7F52426-B412-487E-AD70-C3CEA26D5FEE) (Shutdown) 
    iPhone XS (F566BEF6-8D2D-423B-AD04-A4F25765F9C2) (Shutdown) 
    iPhone XS Max (09396F42-EB89-4A75-82F2-20628CD212B1) (Shutdown) 
    iPhone XR (9708542B-D801-4E7D-819A-57C5F34021AA) (Shutdown) 
    iPad Air (D5DEBDCA-C09C-4B9A-9F7F-FAED6B2D0C16) (Shutdown) 
    iPad Air 2 (294EAA25-3D9F-481B-8D48-D8E18DB9DF0F) (Shutdown) 
    iPad Pro (9.7-inch) (2AB7B349-812F-4F54-B0C1-3A059666611B) (Shutdown) 
    iPad Pro (12.9-inch) (A801548B-E431-41CA-B8A5-950D2AA462FF) (Shutdown) 
    iPad (5th generation) (FA93599F-B7C2-4F7E-84D6-6D5E99C9A2C5) (Shutdown) 
    iPad Pro (12.9-inch) (2nd generation) (D8F65F9F-4A7F-41B2-B921-0517E4E5EBF3) (Shutdown) 
    iPad Pro (10.5-inch) (54CC3C04-7977-4C64-9FD7-98EAB82C076A) (Shutdown) 
    iPad (6th generation) (DB5061B0-8CFF-4826-9E94-50E28E346F50) (Shutdown) 
    iPad Pro (11-inch) (B7212830-9DBA-4CB8-81FE-FBE42C1AB246) (Shutdown) 
    iPad Pro (12.9-inch) (3rd generation) (1A5E8675-4A86-4E21-801D-8F5F4568EF6F) (Shutdown) 
-- iOS 12.2 --
    iPhone 5s (C45FFBC1-976E-43F3-BE06-2FE077428A6D) (Shutdown) 
    iPhone 6 Plus (BBCABF7B-4D0F-4770-B26F-92CB7D44101F) (Shutdown) 
    iPhone 6 (FF5D4057-ACDA-4B46-B591-0B3CA0592EC0) (Shutdown) 
    iPhone 6s (006731E0-2511-4B50-A5F6-3FF7D917A2F7) (Shutdown) 
    iPhone 6s Plus (DD594900-73BC-4B57-A705-849EF926C622) (Shutdown) 
    iPhone SE (4CD60EA7-BF47-4DAB-82B2-96DD8CD40AB5) (Shutdown) 
    iPhone 7 (79979200-757C-4A83-9080-5CA9FA522413) (Shutdown) 
    iPhone 7 Plus (2C531BA2-5AE2-486A-B69E-797F48A72682) (Shutdown) 
    iPhone 8 (DDCD3631-00C0-4669-B84C-39FCC6DEE548) (Shutdown) 
    iPhone 8 Plus (280C07F3-A982-42E5-82DC-6D494D52CBE3) (Shutdown) 
    iPhone X (3E9F5CA7-EC43-467D-9FDB-727FE2B7891D) (Shutdown) 
    iPhone Xs (319B303E-9639-46E9-9F92-6DA9E2C8EBAA) (Shutdown) 
    iPhone Xs Max (0F954838-FD4D-4362-836E-382723228DDE) (Shutdown) 
    iPhone Xʀ (70839F67-C286-41EB-B4D2-C98CF7936B7A) (Shutdown) 
    iPad Air (A3184D3C-888D-4BFE-ACE6-8173A0797992) (Shutdown) 
    iPad Air 2 (D1971BD1-086E-4C27-A741-35C2874951D3) (Shutdown) 
    iPad Pro (9.7-inch) (25EF5D6B-0C73-4455-BC03-3DD21DB84679) (Shutdown) 
    iPad Pro (12.9-inch) (F9EB0802-4B43-4FD3-9BF2-FEE51912D627) (Shutdown) 
    iPad (5th generation) (4DAF638B-D8D5-4906-9185-EB083317EEEB) (Shutdown) 
    iPad Pro (12.9-inch) (2nd generation) (5BD5A84E-D6D2-4D31-81DB-7694760C2086) (Shutdown) 
    iPad Pro (10.5-inch) (13A0123F-6958-431A-B3B8-AFEB185DB79D) (Shutdown) 
    iPad (6th generation) (BCECE7A1-4A05-4C6A-B1EF-328FB17B6D64) (Shutdown) 
    iPad Pro (11-inch) (CF87BE82-756E-4FE4-98B3-E6EDA3664C5D) (Shutdown) 
    iPad Pro (12.9-inch) (3rd generation) (1E2356CA-5CA3-40E8-8812-EE61A197A960) (Shutdown) 
    iPad Air (3rd generation) (631C3EA8-FFE1-4DCF-A80A-EFE1B5CF3ABD) (Shutdown) 
-- iOS 12.4 --
    iPhone 5s (EC8E3E7A-F3E8-4441-B932-278D5371D3A4) (Shutdown) 
    iPhone 6 Plus (98A5C210-5CFD-48F3-8C0D-291503A936A9) (Shutdown) 
    iPhone 6 (889E57DA-C6F4-4B56-8BB9-89D76DD49EC8) (Shutdown) 
    iPhone 6s (AD653AC9-8822-494B-BDEB-D4EDE5D606A3) (Shutdown) 
    iPhone 6s Plus (F6642294-6D2F-4B42-A83E-9FE04662F32F) (Shutdown) 
    iPhone SE (D5F3F4D1-AD44-4E5A-B24C-002F793CE562) (Shutdown) 
    iPhone 7 (41BB33EF-5F1C-4A1F-87C7-1CAD52B19526) (Shutdown) 
    iPhone 7 Plus (B7A46946-5D6D-4D5A-BCDA-1B85D51215E3) (Shutdown) 
    iPhone 8 (37E54F3D-10B4-484D-A3D0-21DEE5E17EB0) (Shutdown) 
    iPhone 8 Plus (E38C7D12-3644-42B9-81F3-C70E4FDF956F) (Shutdown) 
    iPhone X (AB3C6261-2F08-45F1-8768-C572CCCA3750) (Shutdown) 
    iPhone Xs (9CCC5365-5500-4FD6-8AA6-8B05A5743CF3) (Shutdown) 
    iPhone Xs Max (9FC41F2F-AAE3-42E9-A58A-CCEFD4BCC778) (Shutdown) 
    iPhone Xʀ (DB199DE6-EE06-4101-9D7B-AD7C7844AB1A) (Shutdown) 
    iPad Air (D31FDD01-C37A-446F-B012-3478A603F5B2) (Shutdown) 
    iPad Air 2 (75061B43-73C0-4CE0-BE89-719D97A505D0) (Shutdown) 
    iPad Pro (9.7-inch) (085AD94B-75B8-423C-98E3-206F76CE8ABC) (Shutdown) 
    iPad Pro (12.9-inch) (260C758D-9756-438C-8800-2EC6AE09A4AF) (Shutdown) 
    iPad (5th generation) (7A6D19B7-6888-4CF0-9650-75A9DCEFAC3D) (Shutdown) 
    iPad Pro (12.9-inch) (2nd generation) (B7B99BD2-7AF9-41FB-96AA-4A28141F10E1) (Shutdown) 
    iPad Pro (10.5-inch) (71073D1C-F315-4073-93AB-337D7C8F703A) (Shutdown) 
    iPad (6th generation) (02FF84B4-6314-4575-9EE2-8A3194C25D46) (Shutdown) 
    iPad Pro (11-inch) (8633F385-0E91-4D63-BC8B-26E2AFB5F110) (Shutdown) 
    iPad Pro (12.9-inch) (3rd generation) (918F0F2B-2D03-4715-98A2-AD3A4BDF2012) (Shutdown) 
    iPad Air (3rd generation) (24A7E7D2-76A8-40DF-8E14-BD4E251FA42D) (Shutdown) 
-- iOS 13.0 --
    iPhone 8 (8E6EC231-D85D-4D77-AA52-64766D50E9B3) (Shutdown) 
    iPhone 8 Plus (40737943-9F4C-4BE0-97CD-30714F6F761F) (Shutdown) 
    iPhone 11 (B15A4822-7D90-49C1-8575-916E19DCBF6C) (Shutdown) 
    iPhone 11 Pro (B99E31EB-5871-4F55-B8BD-D41666DFAEA0) (Shutdown) 
    iPhone 11 Pro Max (4F227097-227D-47C5-A070-7DD97F5E825D) (Shutdown) 
    iPad Pro (9.7-inch) (A055AE90-7BF8-448A-AF95-F8848883EB4F) (Shutdown) 
    iPad Pro (11-inch) (9A9CB8A6-DE24-449F-ABBE-1F06DFF6D41F) (Shutdown) 
    iPad Pro (12.9-inch) (3rd generation) (5008BBA0-9247-40D0-BCE9-6DD5B5B4855F) (Shutdown) 
    iPad Air (3rd generation) (E9A19837-EBE3-4B16-9EFD-F8395693751F) (Shutdown) 
-- iOS 13.1 --
    iPhone 8 (5A9832F2-CCC7-4FAE-8CC3-821B2A0CABBE) (Shutdown) 
    iPhone 8 Plus (88CC75CC-AEFA-4324-89F0-2DC05BD9C673) (Shutdown) 
    iPhone 11 (36A5140A-0149-4399-AA22-E193ECF0FDFD) (Shutdown) 
    iPhone 11 Pro (FA61C792-7987-4829-9437-9401E58FCE34) (Shutdown) 
    iPhone 11 Pro Max (1B565EA2-1626-40DE-8EAE-97E62A491A81) (Shutdown) 
    iPad Pro (9.7-inch) (8B847DFB-7D9D-4204-AF7B-700279DA6EF5) (Shutdown) 
    iPad Pro (11-inch) (551903FA-A0D3-452E-B814-A0C18EDCB4E4) (Shutdown) 
    iPad Pro (12.9-inch) (3rd generation) (6DA140D7-9CB0-48DF-A6A0-424367DBD579) (Shutdown) 
    iPad Air (3rd generation) (57950572-BC5E-462A-AECE-C691A524AAFE) (Shutdown) 
-- iOS 13.3 --
    iPhone 8 (2124F457-156E-447D-AD37-58AF6550173D) (Shutdown) 
    iPhone 8 Plus (4045668E-525F-4925-ADBA-F017D8CC42FD) (Shutdown) 
    iPhone 11 (64B973C0-FF97-4724-B4F4-AC10F189ABF6) (Shutdown) 
    iPhone 11 Pro (B134785A-E822-43AC-8A26-B49BB25A2512) (Shutdown) 
    iPhone 11 Pro Max (CADC9E42-3517-419E-8E44-0CD0B47393A3) (Shutdown) 
    iPad Pro (9.7-inch) (DAB3073B-7BEB-4141-9E70-4CEDCB6D61B1) (Shutdown) 
    iPad (7th generation) (A3756B05-66DB-46E8-A6E8-013DE764AF59) (Shutdown) 
    iPad Pro (11-inch) (D0FB5495-0F9A-4B6B-A7EB-5766D6682E60) (Shutdown) 
    iPad Pro (12.9-inch) (3rd generation) (A5CBED54-1CAD-4B57-BA63-621C0C3C647B) (Shutdown) 
    iPad Air (3rd generation) (72186DB5-5269-4076-BCAB-D6F2EF3DFDF7) (Shutdown) 
-- tvOS 11.0 --
    Apple TV (D5287FAE-72F9-4A3E-877B-5D3120735FBA) (Shutdown) 
    Apple TV 4K (1C8341FC-18A8-4453-AC94-34D3195D8C0E) (Shutdown) 
    Apple TV 4K (at 1080p) (27525A08-867C-438A-BC45-8332F42D8B0C) (Shutdown) 
-- tvOS 11.1 --
    Apple TV (AEA0EAF9-1A25-48D0-A2CE-03D12D891CF4) (Shutdown) 
    Apple TV 4K (085448F0-105B-4E1F-817C-8831DEC394CC) (Shutdown) 
    Apple TV 4K (at 1080p) (66A3BF0F-C9A7-4C12-A274-ACDFDAD99122) (Shutdown) 
-- tvOS 11.2 --
    Apple TV (92929A02-B641-4098-AF23-BBD940C88949) (Shutdown) 
    Apple TV 4K (B24CBCAE-1D3E-451E-94D1-924F2B0D5344) (Shutdown) 
    Apple TV 4K (at 1080p) (7227C5C4-459C-4DD0-A779-616467C48C28) (Shutdown) 
-- tvOS 11.3 --
    Apple TV (836B4444-B22C-4C76-B289-EA3CF2EB0136) (Shutdown) 
    Apple TV 4K (97179BAA-4152-4C59-B057-22F23B0DB147) (Shutdown) 
    Apple TV 4K (at 1080p) (224D07F5-365F-493A-8676-D2F9DD05986E) (Shutdown) 
-- tvOS 11.4 --
    Apple TV (C9D69B56-1212-4A8D-820B-02E6167A19C3) (Shutdown) 
    Apple TV 4K (06F092E0-0FCA-4971-94E3-876274D60CAF) (Shutdown) 
    Apple TV 4K (at 1080p) (D08020E9-FBEA-4144-BE83-A0FE80E3B659) (Shutdown) 
-- tvOS 12.0 --
    Apple TV (4F52339C-7F0A-4AF6-816E-C960CAF4B8E4) (Shutdown) 
    Apple TV 4K (4B9C87DC-9C0D-41F6-9E41-A11C4159F3D3) (Shutdown) 
    Apple TV 4K (at 1080p) (02C05AA6-43AF-4FB1-B983-D3EB5F7A3F62) (Shutdown) 
-- tvOS 12.1 --
    Apple TV (9718B2F7-8FF4-443A-B809-04759C63EAAC) (Shutdown) 
    Apple TV 4K (F94DA7B7-64D1-466D-A50C-817E2E523D5E) (Shutdown) 
    Apple TV 4K (at 1080p) (FE627811-10DA-4019-A760-0C35BC8147D0) (Shutdown) 
-- tvOS 12.2 --
    Apple TV (CA2B8DD4-BC30-4018-8A4B-9E1FCC593339) (Shutdown) 
    Apple TV 4K (EC9401FA-43C9-4AEE-ACC6-90A6A5DACE34) (Shutdown) 
    Apple TV 4K (at 1080p) (A574628E-0884-4375-A6E5-3D70FC7907EB) (Shutdown) 
-- tvOS 12.4 --
    Apple TV (F0FA0664-0AE2-4DFC-892A-6AB279FB6296) (Shutdown) 
    Apple TV 4K (FF528D47-B80D-4164-9253-4CA816520F4D) (Shutdown) 
    Apple TV 4K (at 1080p) (60D9570A-8891-452A-A263-C2A0E8E8C9A7) (Shutdown) 
-- tvOS 13.0 --
    Apple TV (4DC5B56A-2CFE-4614-AE79-5B40BDE4A9C4) (Shutdown) 
    Apple TV 4K (9E9F9E63-EF62-4887-9B60-5E00CD403CE0) (Shutdown) 
    Apple TV 4K (at 1080p) (21BBE96D-81F5-467F-8DA1-B9CC223E13B8) (Shutdown) 
-- tvOS 13.3 --
    Apple TV (0827A407-2F82-4792-8F02-CC6005C12251) (Shutdown) 
    Apple TV 4K (300BE1BD-B5DA-4138-8690-659B4B7E294B) (Shutdown) 
    Apple TV 4K (at 1080p) (82AB59E9-ECDF-4636-8813-4AD12FCBB331) (Shutdown) 
-- watchOS 4.0 --
    Apple Watch - 38mm (E2BBD101-5489-405D-9B0E-2BF58C0E8C5F) (Shutdown) 
    Apple Watch - 42mm (A7E8B4A1-4449-4E61-A455-78460DA25808) (Shutdown) 
    Apple Watch Series 2 - 38mm (6945FD6E-5F05-47DA-A84E-3AE22096CD4B) (Shutdown) 
    Apple Watch Series 2 - 42mm (387F8D44-9F96-4B6F-BA90-E466F15B8CB7) (Shutdown) 
    Apple Watch Series 3 - 38mm (A9485D1D-DC76-4C40-A927-6AA92EE8659C) (Shutdown) 
    Apple Watch Series 3 - 42mm (665323C7-A0B9-470A-80BD-B8C8BE015DAF) (Shutdown) 
-- watchOS 4.1 --
    Apple Watch - 38mm (410FA809-BCB7-4A74-9A18-B0B7B4BCD186) (Shutdown) 
    Apple Watch - 42mm (CB4FAE5F-46C8-4173-A62B-CF777AF45F61) (Shutdown) 
    Apple Watch Series 2 - 38mm (5FC254AD-9CCB-49F6-A4A9-0A3FB9146FBC) (Shutdown) 
    Apple Watch Series 2 - 42mm (174F2A60-4AB1-40B4-A58A-819D02D6D9DD) (Shutdown) 
    Apple Watch Series 3 - 38mm (B37CB989-80A1-4E61-8B8C-43F7E3452CCA) (Shutdown) 
    Apple Watch Series 3 - 42mm (C6FBCFAB-D749-4DA0-9FB6-BFBE5832262B) (Shutdown) 
-- watchOS 4.2 --
    Apple Watch - 38mm (A5E90977-B472-475A-82A0-DFDBDF5879D0) (Shutdown) 
    Apple Watch - 42mm (BDD84E99-35D5-4078-9D89-0924E13F316E) (Shutdown) 
    Apple Watch Series 2 - 38mm (89237DFE-DBFB-4517-A621-89CAD82305C3) (Shutdown) 
    Apple Watch Series 2 - 42mm (9707FD82-F61A-4F16-97D4-85FD9E6BCAB2) (Shutdown) 
    Apple Watch Series 3 - 38mm (CF92C175-C6D5-46A8-9CC9-B1DE3B21F12A) (Shutdown) 
    Apple Watch Series 3 - 42mm (4C4D9465-F392-4A7C-922E-38E5FEF6F3B3) (Shutdown) 
-- watchOS 5.0 --
    Apple Watch Series 2 - 38mm (545CBF1D-4DAD-4E43-BF75-3825B144F8F7) (Shutdown) 
    Apple Watch Series 2 - 42mm (24E8BCFA-1664-4754-97DA-CFF74BC378FF) (Shutdown) 
    Apple Watch Series 3 - 38mm (B744DE98-D075-4C69-99EF-BD2A12CF551B) (Shutdown) 
    Apple Watch Series 3 - 42mm (93F1466A-5D78-4279-A5C1-DE33844B66A1) (Shutdown) 
    Apple Watch Series 4 - 40mm (C2533CB6-3709-4776-BA18-65B920635D08) (Shutdown) 
    Apple Watch Series 4 - 44mm (B60CFFD4-9421-4D88-A70D-7DAD8ECB7B4E) (Shutdown) 
-- watchOS 5.1 --
    Apple Watch Series 2 - 38mm (C3EC5522-F2BA-482C-B6E1-3FC000DB2A2F) (Shutdown) 
    Apple Watch Series 2 - 42mm (07E498BF-3CBF-407C-9C99-5DECA1994723) (Shutdown) 
    Apple Watch Series 3 - 38mm (F417E534-2211-46CF-9192-C68D67EB4981) (Shutdown) 
    Apple Watch Series 3 - 42mm (94721115-45A4-4763-92A0-7204EC315E97) (Shutdown) 
    Apple Watch Series 4 - 40mm (E89B5E04-7316-4AE2-A85C-07C1E00A38DF) (Shutdown) 
    Apple Watch Series 4 - 44mm (E1BBE952-10A2-476B-BCA5-450D79948155) (Shutdown) 
-- watchOS 5.2 --
    Apple Watch Series 2 - 38mm (AA53EBDA-EA10-4885-9061-DB7699638663) (Shutdown) 
    Apple Watch Series 2 - 42mm (7FF687B2-AF98-4112-A71D-B30CA7816DEF) (Shutdown) 
    Apple Watch Series 3 - 38mm (90F11630-6E5D-4061-BD56-ECEAB3E47CFF) (Shutdown) 
    Apple Watch Series 3 - 42mm (14AD2792-455C-4677-B1AB-9A60D3F3BDB6) (Shutdown) 
    Apple Watch Series 4 - 40mm (4A1E1172-D7D9-4053-8231-40CCB9433024) (Shutdown) 
    Apple Watch Series 4 - 44mm (C9C62FCB-9134-4EAC-9A8C-BB2D2A6D499E) (Shutdown) 
-- watchOS 5.3 --
    Apple Watch Series 2 - 38mm (75DDB6D7-B18E-4740-8EEF-80263E733A8C) (Shutdown) 
    Apple Watch Series 2 - 42mm (523E6E22-C2CC-4AEA-8D8D-602BFA6E5303) (Shutdown) 
    Apple Watch Series 3 - 38mm (0AA78AF4-1A4A-4F8F-902B-FA33EBCD2BA5) (Shutdown) 
    Apple Watch Series 3 - 42mm (1205AEAE-0B82-49F7-BAE1-3DAE91A35493) (Shutdown) 
    Apple Watch Series 4 - 40mm (2D13B361-A7D5-4414-B712-FEC3A2EBC6C8) (Shutdown) 
    Apple Watch Series 4 - 44mm (66DF39BE-9FA8-45A1-8DE6-75260B000954) (Shutdown) 
-- watchOS 6.0 --
    Apple Watch Series 4 - 40mm (E62E8DA1-FAB6-4FFE-B437-0D1E1BC292CA) (Shutdown) 
    Apple Watch Series 4 - 44mm (CE395908-52DC-487E-81D5-4D7EA0BEC112) (Shutdown) 
    Apple Watch Series 5 - 40mm (B93391F1-3CB1-4D01-9296-8399708772CF) (Shutdown) 
    Apple Watch Series 5 - 44mm (0F3C9FBA-3D0D-4D29-BF7E-00351495EE6F) (Shutdown) 
-- watchOS 6.1 --
    Apple Watch Series 4 - 40mm (85F55063-CFAE-4454-8B3E-F0F899B04CF3) (Shutdown) 
    Apple Watch Series 4 - 44mm (C4EBF7ED-CD47-4CC5-8358-CA9DFD0F01F6) (Shutdown) 
    Apple Watch Series 5 - 40mm (BF3FA781-7962-4AE8-8C41-805F9453D98A) (Shutdown) 
    Apple Watch Series 5 - 44mm (A039DCF7-8C61-4E5A-A487-8146939CF517) (Shutdown) 
== Device Pairs ==
AB824B04-C10B-4767-BDCE-C35BB915EB5D (active, disconnected)
    Watch: Apple Watch Series 5 - 40mm (BF3FA781-7962-4AE8-8C41-805F9453D98A) (Shutdown)
    Phone: iPhone 11 Pro (B134785A-E822-43AC-8A26-B49BB25A2512) (Shutdown)
219B97B8-6FA8-4082-B478-747C8AC46B18 (active, disconnected)
    Watch: Apple Watch Series 5 - 44mm (A039DCF7-8C61-4E5A-A487-8146939CF517) (Shutdown)
    Phone: iPhone 11 Pro Max (CADC9E42-3517-419E-8E44-0CD0B47393A3) (Shutdown)

========================================


=== OS X info =========================

* sw_vers
ProductName:	Mac OS X
ProductVersion:	10.14.6
BuildVersion:	18G1012

* system_profiler SPSoftwareDataType
Software:

    System Software Overview:

      System Version: macOS 10.14.6 (18G1012)
      Kernel Version: Darwin 18.7.0
      Boot Volume: Untitled
      Boot Mode: Normal
      Computer Name: stg-xcode-11-3-191128170254-PoAfKHTGhVv4uaP6MDHMrK
      User Name: vagrant (vagrant)
      Secure Virtual Memory: Enabled
      System Integrity Protection: Disabled
      Time since boot: 5 minutes


========================================


=== System infos =======================
* Free disk space: /dev/disk1s1  200Gi  158Gi   42Gi    80% 4928332 9223372036849847475    0%   /
========================================

--- Android

* ANDROID_HOME (/usr/local/share/android-sdk) content:
add-ons
build-tools
emulator
extras
licenses
patcher
platform-tools
platforms
system-images
tools

* ANDROID_NDK_HOME (/opt/android-ndk/android-ndk-r20) content:
CHANGELOG.md
NOTICE
NOTICE.toolchain
README.md
build
meta
ndk-build
ndk-gdb
ndk-stack
ndk-which
platforms
prebuilt
python-packages
shader-tools
simpleperf
source.properties
sources
sysroot
toolchains
wrap.sh

* Android NDK Version:
Pkg.Desc = Android NDK
Pkg.Revision = 20.0.5594570

* platform-tools content:
NOTICE.txt
adb
api
dmtracedump
e2fsdroid
etc1tool
fastboot
hprof-conv
lib64
make_f2fs
mke2fs
mke2fs.conf
package.xml
sload_f2fs
source.properties
sqlite3
systrace

* build-tools content:
17.0.0
19.1.0
21.1.2
22.0.1
23.0.3
24.0.3
25.0.3
26.0.1
26.0.2
27.0.0
27.0.1
27.0.2
27.0.3
28.0.0
28.0.1
28.0.2
28.0.3
29.0.0
29.0.1
29.0.2

* extras content:
/usr/local/share/android-sdk/extras
├── android
│   └── m2repository
├── google
│   ├── google_play_services
│   └── m2repository
└── m2repository
    └── com

7 directories, 0 files

* platforms content:
android-15
android-17
android-19
android-21
android-22
android-23
android-24
android-25
android-26
android-27
android-28
android-29

* system-images content:
/usr/local/share/android-sdk/system-images
├── android-26
│   └── google_apis
│       └── x86
├── android-28
│   └── google_apis
│       └── x86
└── android-29
    └── google_apis
        └── x86

9 directories, 0 files

========================================


=== Android APK tools ==================

* aapt2:
Android Asset Packaging Tool (aapt) 2:19

========================================


=== Environment infos =======================
MATCH_KEYCHAIN_PASSWORD environment set
========================================


=== Control tests ======================
source $HOME/.bash_profile ...
source $HOME/.bash_profile - PASSED
========================================

