 (i) Ignore Errors: enabled

#
# This System Report was generated by: https://github.com/bitrise-io/osx-box-bootstrap/blob/master/system_report.sh
#  Pull Requests are welcome!
#


=== Revision / ID ======================
* BITRISE_OSX_STACK_REV_ID: v2017_03_14_1
========================================


=== Pre-installed tool versions ========
* Go: go version go1.8 darwin/amd64
* Ruby: ruby 2.4.1p111 (2017-03-22 revision 58053) [x86_64-darwin16]
* Python: Python 2.7.13
* Node.js: v7.7.4
* NPM: 4.1.2
* Yarn: 0.21.3
* Java: java version "1.8.0_121"
Java(TM) SE Runtime Environment (build 1.8.0_121-b13)
Java HotSpot(TM) 64-Bit Server VM (build 25.121-b13, mixed mode)

* git: git version 2.12.2
* git lfs: git-lfs/2.0.1 (GitHub; darwin amd64; go 1.8)
* mercurial/hg: Mercurial Distributed SCM (version 4.1.1)
* curl: curl 7.51.0 (x86_64-apple-darwin16.0) libcurl/7.51.0 SecureTransport zlib/1.2.8
* wget: GNU Wget 1.19.1 built on darwin16.4.0.
* rsync: rsync  version 2.6.9  protocol version 29
* unzip: UnZip 6.00 of 20 April 2009, by Info-ZIP.  Maintained by C. Spieler.  Send
* zip: This is Zip 3.0 (July 5th 2008), by Info-ZIP.
* tar: bsdtar 2.8.3 - libarchive 2.8.3
* tree: tree v1.7.0 (c) 1996 - 2014 by Steve Baker, Thomas Moore, Francesc Rocher, Florian Sesser, Kyosuke Tokoro 

* brew: Homebrew 1.1.12
Homebrew/homebrew-core (git revision a29be; last commit 2017-04-14)
./system_report.sh: line 55: xctool: command not found
* xctool: 
* Ansible: ansible 2.2.1.0
* gtimeout: timeout (GNU coreutils) 8.27
* watchman: 4.7.0
* flow: Flow, a static type checker for JavaScript, version 0.42.0
* carthage: 0.20.1
* imagemagick (convert): Version: ImageMagick 7.0.5-4 Q16 x86_64 2017-03-25 http://www.imagemagick.org
* ghostscript (ps2ascii): 9.21
./system_report.sh: line 70: wine: command not found
* wine: 

--- Bitrise CLI tool versions
* bitrise: 1.5.6
* stepman: 0.9.30
* envman: 1.1.3
* bitrise-bridge: 0.9.11
* cmd-bridge: 0.9.5
========================================


=== Ruby GEMs ==========================
* Rubygems: 2.6.11
* Bundler: Bundler version 1.14.6
* CocoaPods: 1.2.0
* fastlane: fastlane 2.23.0
* xcpretty: 0.2.4
* Nomad CLI: 2.6.11
* Nomad CLI IPA / Shenzhen: ipa 0.14.3
========================================


=== All Ruby GEMs ======================
activesupport (4.2.8)
addressable (2.5.0)
aws-sdk (1.66.0)
aws-sdk-v1 (1.66.0)
babosa (1.0.2)
bigdecimal (default: 1.3.0)
bundler (1.14.6)
certified (1.0.0)
CFPropertyList (2.3.5)
claide (1.0.1)
cocoapods (1.2.0)
cocoapods-core (1.2.0)
cocoapods-deintegrate (1.0.1)
cocoapods-downloader (1.1.3)
cocoapods-plugins (1.0.0)
cocoapods-search (1.0.0)
cocoapods-stats (1.0.0)
cocoapods-trunk (1.1.2)
cocoapods-try (1.1.0)
colored (1.2)
commander (4.4.3)
commander-fastlane (4.4.4)
cupertino (1.3.4)
did_you_mean (1.1.0)
domain_name (0.5.20170223)
dotenv (2.2.0)
dubai (0.1.1)
escape (0.0.4)
excon (0.55.0)
faraday (0.11.0)
faraday-cookie_jar (0.0.6)
faraday_middleware (0.11.0.1)
fastimage (2.1.0)
fastlane (2.23.0)
fourflusher (2.0.1)
fuzzy_match (2.0.4)
gh_inspector (1.0.3)
google-api-client (0.9.28)
googleauth (0.5.1)
highline (1.7.8)
houston (2.2.4)
http-cookie (1.0.3)
httpclient (2.8.3)
hurley (0.2)
i18n (0.8.1)
io-console (default: 0.4.6)
json (default: 2.0.2, 1.8.6)
jwt (1.5.6)
little-plugger (1.1.4)
logging (2.2.0)
mechanize (2.5.1)
memoist (0.15.0)
mime-types (1.25.1)
mini_magick (4.5.1)
mini_portile2 (2.1.0)
minitest (5.10.1)
molinillo (0.5.7)
multi_json (1.12.1)
multi_xml (0.6.0)
multipart-post (2.0.0)
nanaimo (0.2.3)
nap (1.1.0)
net-http-digest_auth (1.4.1)
net-http-persistent (2.9.4)
net-sftp (2.1.2)
net-ssh (4.1.0)
net-telnet (0.1.1)
netrc (0.7.8)
nokogiri (1.6.8.1)
nomad-cli (0.0.2)
ntlm-http (0.1.1)
openssl (default: 2.0.3)
os (0.9.6)
plist (3.1.0)
power_assert (0.4.1)
psych (default: 2.2.2)
public_suffix (2.0.5)
rack (1.6.5)
rack-protection (1.5.3)
rake (12.0.0)
rdoc (default: 5.0.0)
representable (2.3.0)
retriable (2.1.0)
rouge (1.11.1)
ruby-macho (0.2.6)
rubyzip (1.2.1)
security (0.1.3)
shenzhen (0.14.3)
signet (0.7.3)
sinatra (1.4.8)
slack-notifier (1.5.1)
term-ansicolor (1.0.7)
terminal-notifier (1.7.1)
terminal-table (1.4.5)
test-unit (3.2.3)
thread_safe (0.3.6)
tilt (2.0.7)
tty-screen (0.5.0)
tzinfo (1.2.3)
uber (0.0.15)
unf (0.1.4)
unf_ext (0.0.7.2)
venice (0.3.0)
webrobots (0.1.2)
word_wrap (1.0.0)
xcodeproj (1.4.2)
xcpretty (0.2.4)
xcpretty-travis-formatter (0.0.4)
xmlrpc (0.2.1)
========================================


=== NPM global packages ==========================
* Cordova: 6.5.0
* Ionic: ******************************************************
 Dependency warning - for the CLI to run correctly,      
 it is highly recommended to install/upgrade the following:     

 Install ios-sim to deploy iOS applications.`npm install -g ios-sim` (may require sudo)
 Install ios-deploy to deploy iOS applications to devices.  `npm install -g ios-deploy` (may require sudo)

******************************************************
2.2.1
========================================


=== Checking Xcode CLT dirs ============

 * ls -1 /usr/include/CommonCrypto
CommonCrypto.h
CommonCryptoError.h
CommonCryptor.h
CommonDigest.h
CommonHMAC.h
CommonKeyDerivation.h
CommonRandom.h
CommonSymmetricKeywrap.h

 * ls -1 /Library/Developer/CommandLineTools/
Library
SDKs
usr

 * /Library/Developer/CommandLineTools/usr/bin/swift --version
Apple Swift version 3.1 (swiftlang-802.0.48 clang-802.0.38)
Target: x86_64-apple-macosx10.9

========================================


=== Xcode ==============================

* Active Xcode Command Line Tools:
/Applications/Xcode.app/Contents/Developer

* Xcode Version:
Xcode 8.3.1
Build version 8E1000a

* Installed SDKs:
iOS SDKs:
	iOS 10.3                      	-sdk iphoneos10.3

iOS Simulator SDKs:
	Simulator - iOS 10.3          	-sdk iphonesimulator10.3

macOS SDKs:
	macOS 10.12                   	-sdk macosx10.12

tvOS SDKs:
	tvOS 10.2                     	-sdk appletvos10.2

tvOS Simulator SDKs:
	Simulator - tvOS 10.2         	-sdk appletvsimulator10.2

watchOS SDKs:
	watchOS 3.2                   	-sdk watchos3.2

watchOS Simulator SDKs:
	Simulator - watchOS 3.2       	-sdk watchsimulator3.2


* Available Simulators:
== Device Types ==
iPhone 4s (com.apple.CoreSimulator.SimDeviceType.iPhone-4s)
iPhone 5 (com.apple.CoreSimulator.SimDeviceType.iPhone-5)
iPhone 5s (com.apple.CoreSimulator.SimDeviceType.iPhone-5s)
iPhone 6 (com.apple.CoreSimulator.SimDeviceType.iPhone-6)
iPhone 6 Plus (com.apple.CoreSimulator.SimDeviceType.iPhone-6-Plus)
iPhone 6s (com.apple.CoreSimulator.SimDeviceType.iPhone-6s)
iPhone 6s Plus (com.apple.CoreSimulator.SimDeviceType.iPhone-6s-Plus)
iPhone 7 (com.apple.CoreSimulator.SimDeviceType.iPhone-7)
iPhone 7 Plus (com.apple.CoreSimulator.SimDeviceType.iPhone-7-Plus)
iPhone SE (com.apple.CoreSimulator.SimDeviceType.iPhone-SE)
iPad 2 (com.apple.CoreSimulator.SimDeviceType.iPad-2)
iPad Retina (com.apple.CoreSimulator.SimDeviceType.iPad-Retina)
iPad Air (com.apple.CoreSimulator.SimDeviceType.iPad-Air)
iPad Air 2 (com.apple.CoreSimulator.SimDeviceType.iPad-Air-2)
iPad Pro (9.7-inch) (com.apple.CoreSimulator.SimDeviceType.iPad-Pro--9-7-inch-)
iPad Pro (12.9-inch) (com.apple.CoreSimulator.SimDeviceType.iPad-Pro)
Apple TV 1080p (com.apple.CoreSimulator.SimDeviceType.Apple-TV-1080p)
Apple Watch - 38mm (com.apple.CoreSimulator.SimDeviceType.Apple-Watch-38mm)
Apple Watch - 42mm (com.apple.CoreSimulator.SimDeviceType.Apple-Watch-42mm)
Apple Watch Series 2 - 38mm (com.apple.CoreSimulator.SimDeviceType.Apple-Watch-Series-2-38mm)
Apple Watch Series 2 - 42mm (com.apple.CoreSimulator.SimDeviceType.Apple-Watch-Series-2-42mm)
== Runtimes ==
iOS 8.1 (8.1 - 12B411) (com.apple.CoreSimulator.SimRuntime.iOS-8-1)
iOS 8.2 (8.2 - 12D508) (com.apple.CoreSimulator.SimRuntime.iOS-8-2)
iOS 8.3 (8.3 - 12F70) (com.apple.CoreSimulator.SimRuntime.iOS-8-3)
iOS 8.4 (8.4 - 12H141) (com.apple.CoreSimulator.SimRuntime.iOS-8-4)
iOS 9.0 (9.0 - 13A344) (com.apple.CoreSimulator.SimRuntime.iOS-9-0)
iOS 9.1 (9.1 - 13B143) (com.apple.CoreSimulator.SimRuntime.iOS-9-1)
iOS 9.2 (9.2 - 13C75) (com.apple.CoreSimulator.SimRuntime.iOS-9-2)
iOS 9.3 (9.3 - 13E233) (com.apple.CoreSimulator.SimRuntime.iOS-9-3)
iOS 10.0 (10.0 - 14A345) (com.apple.CoreSimulator.SimRuntime.iOS-10-0)
iOS 10.1 (10.1 - 14B72) (com.apple.CoreSimulator.SimRuntime.iOS-10-1)
iOS 10.2 (10.2 - 14C89) (com.apple.CoreSimulator.SimRuntime.iOS-10-2)
iOS 10.3 (10.3 - 14E269) (com.apple.CoreSimulator.SimRuntime.iOS-10-3)
tvOS 9.0 (9.0 - 13T395) (com.apple.CoreSimulator.SimRuntime.tvOS-9-0)
tvOS 9.1 (9.1 - 13U85) (com.apple.CoreSimulator.SimRuntime.tvOS-9-1)
tvOS 9.2 (9.2 - 13Y234) (com.apple.CoreSimulator.SimRuntime.tvOS-9-2)
tvOS 10.0 (10.0 - 14T328) (com.apple.CoreSimulator.SimRuntime.tvOS-10-0)
tvOS 10.1 (10.1 - 14U591) (com.apple.CoreSimulator.SimRuntime.tvOS-10-1)
tvOS 10.2 (10.2 - 14W260) (com.apple.CoreSimulator.SimRuntime.tvOS-10-2)
watchOS 2.0 (2.0 - 13S343) (com.apple.CoreSimulator.SimRuntime.watchOS-2-0)
watchOS 2.1 (2.1 - 13S661) (com.apple.CoreSimulator.SimRuntime.watchOS-2-1)
watchOS 2.2 (2.2 - 13V144) (com.apple.CoreSimulator.SimRuntime.watchOS-2-2)
watchOS 3.2 (3.2 - 14V243) (com.apple.CoreSimulator.SimRuntime.watchOS-3-2)
== Devices ==
-- iOS 8.1 --
    iPhone 4s (F6988495-2F79-4776-B81C-9345D6920248) (Shutdown)
    iPhone 5 (A6342772-8F39-49C4-B468-81293A930819) (Shutdown)
    iPhone 5s (CCB28761-1052-4865-9062-905D427AF134) (Shutdown)
    iPhone 6 (EE5C56EE-C5D5-491A-A2D8-0D155D27D3BE) (Shutdown)
    iPhone 6 Plus (8049D249-D6DE-4440-8125-086C1CC80FED) (Shutdown)
    iPad 2 (33C7906D-76DC-41CE-B74F-9229E6ACC302) (Shutdown)
    iPad Retina (FC134CCE-90C0-4349-BF17-40A34B85ED7F) (Shutdown)
    iPad Air (8B87F32E-880B-4FA0-93BE-ED46669223D1) (Shutdown)
-- iOS 8.2 --
    iPhone 4s (CF460DEE-FB10-4664-8772-BEC557E3D765) (Shutdown)
    iPhone 5 (60C5A574-74FD-4806-979A-7B11FD608BC8) (Shutdown)
    iPhone 5s (8F54B41C-0233-42FF-A59B-B83C6773BAD2) (Shutdown)
    iPhone 6 (FF76E310-776F-4722-ACE7-EC55E7BFD104) (Shutdown)
    iPhone 6 Plus (6E2C55F7-20A2-4F59-BB15-EC60A64D6279) (Shutdown)
    iPad 2 (A9C06663-293B-4E70-BAE4-BB648A6AF6A8) (Shutdown)
    iPad Retina (03D6D997-AE1E-4B0D-929D-240A954A2323) (Shutdown)
    iPad Air (8F1E130F-2A45-4A1F-BCED-6113DCE4602C) (Shutdown)
-- iOS 8.3 --
    iPhone 4s (02E5A1A6-03CD-4DBA-9527-B091F0E9B9F2) (Shutdown)
    iPhone 5 (A713123B-72AD-475D-8343-68C80E224D19) (Shutdown)
    iPhone 5s (FCF4DE94-CF88-4560-8970-BC63C68ADB19) (Shutdown)
    iPhone 6 (64E16446-ED22-46EE-B638-D8C5A2C775F1) (Shutdown)
    iPhone 6 Plus (26093502-FB39-4148-A44F-366636C946B3) (Shutdown)
    iPad 2 (FAA07074-91A9-47FB-9EC1-E6A9F9019228) (Shutdown)
    iPad Retina (6F9E3439-9F1F-4CEF-B755-C6386EB8026C) (Shutdown)
    iPad Air (375E4E0E-76CD-4400-888A-7A12636553F9) (Shutdown)
-- iOS 8.4 --
    iPhone 4s (6FB2FB29-A603-4A21-B6E9-EB4E3D5AAA45) (Shutdown)
    iPhone 5 (DC947678-13EA-4C53-8270-D9011E9BBC72) (Shutdown)
    iPhone 5s (E3DE8B0B-1EFD-459D-B6F6-53CE2B45594D) (Shutdown)
    iPhone 6 (451F6473-8868-4D76-8A0D-432625F887FE) (Shutdown)
    iPhone 6 Plus (DEBDD9C7-9B09-48C0-9E7D-31B9FE592EEB) (Shutdown)
    iPad 2 (1A5FCB4B-7FD4-45B9-897C-AAB441B44966) (Shutdown)
    iPad Retina (E1B1451B-53E6-43D7-B845-94F5A081D646) (Shutdown)
    iPad Air (9FDD0558-AC9B-4658-9D99-1AA02AC3E6C7) (Shutdown)
-- iOS 9.0 --
    iPhone 4s (1F0CE801-C3BB-4A42-AF24-C25B1988331C) (Shutdown)
    iPhone 5 (88251320-1EB5-4015-BE82-D02DE0003840) (Shutdown)
    iPhone 5s (101C529E-B411-4016-A433-F66245BCC884) (Shutdown)
    iPhone 6 (44F56342-67B4-40C4-A870-98C9EA27C3A8) (Shutdown)
    iPhone 6 Plus (33800548-B9C1-419B-BA62-2DF144C5FB3E) (Shutdown)
    iPhone 6s (55175E37-80AC-44D1-B6C2-48DA7E0AB6A8) (Shutdown)
    iPhone 6s Plus (C51B7F05-0857-49F6-9527-11757645FB99) (Shutdown)
    iPad 2 (17A0E4D8-3083-47B3-857F-DD79BA8290E2) (Shutdown)
    iPad Retina (E12C6720-800F-4BFE-B37B-DDB772F7FE5A) (Shutdown)
    iPad Air (EDFB9F41-9481-4F67-BFFB-A38D72DBEACD) (Shutdown)
    iPad Air 2 (4C86BA87-0A64-4504-99FB-695C295D5F10) (Shutdown)
-- iOS 9.1 --
    iPhone 4s (385172E6-CA0F-4FB4-A9F9-04F81051046E) (Shutdown)
    iPhone 5 (BADB3E01-5567-49F6-9113-0A7916F9D77D) (Shutdown)
    iPhone 5s (7C42BA40-ACC3-449D-8464-D7CA3F72F38C) (Shutdown)
    iPhone 6 (CA542235-944D-40E2-8A26-6C17292D008E) (Shutdown)
    iPhone 6 Plus (B06DE253-821E-4D6F-8F9C-DCF734D643D9) (Shutdown)
    iPhone 6s (D293A0B2-CFAB-4724-ADAE-AA79F59B184F) (Shutdown)
    iPhone 6s Plus (52D78918-8CB2-4B8B-8B9F-B1AF0D5B7418) (Shutdown)
    iPad 2 (7065D0E4-0F3C-487C-AD4E-FD6957B1735D) (Shutdown)
    iPad Retina (4F3D6CBA-0558-4827-A8BF-8A9716894106) (Shutdown)
    iPad Air (5363864A-13F5-4F18-B34B-6D323C900472) (Shutdown)
    iPad Air 2 (CD35AA25-A68F-4250-AACD-C250AFBFAB71) (Shutdown)
    iPad Pro (40616934-3F92-412A-AFDF-CBA8E554F6A3) (Shutdown)
-- iOS 9.2 --
    iPhone 4s (D2776ACA-62F7-4AA5-8544-E52B2E2C2E0D) (Shutdown)
    iPhone 5 (DF6DFDD8-41FD-46AE-AD6E-B5798D6EFB39) (Shutdown)
    iPhone 5s (0D73DD68-D3BA-445D-BED4-ADABFEE5D6D3) (Shutdown)
    iPhone 6 (74B0C077-53FE-444A-81CE-C0198596F12F) (Shutdown)
    iPhone 6 Plus (BA16612D-9499-4CE5-B6D0-F89474FABD50) (Shutdown)
    iPhone 6s (6CCBC818-7F54-44DE-A901-BE896A9C642C) (Shutdown)
    iPhone 6s Plus (42DFF221-4809-434D-9EBB-1E74AB8C0E98) (Shutdown)
    iPad 2 (16384608-658B-4871-A2C7-8D9CC89FC25D) (Shutdown)
    iPad Retina (443526E9-EBBB-41BB-8B04-D1EE7FE74832) (Shutdown)
    iPad Air (4F442DAF-1033-4954-BA8C-3B89C08A24DE) (Shutdown)
    iPad Air 2 (35794F22-CB12-4A1D-87C9-E73FE40CC599) (Shutdown)
    iPad Pro (E5B92C87-7AAA-4DAC-8701-C405B5E9340B) (Shutdown)
-- iOS 9.3 --
    iPhone 4s (EE2FF035-38D4-45F9-B17A-2A652CB48783) (Shutdown)
    iPhone 5 (4F905D7A-A0BF-408C-88A0-954FFD4B12D9) (Shutdown)
    iPhone 5s (FD49A72B-FDCD-4A3D-9C01-2C5C6E5CFD71) (Shutdown)
    iPhone 6 (CAEF7B89-A22F-4B8E-9495-721457A0684E) (Shutdown)
    iPhone 6 Plus (D0BFDE5B-5C25-435E-9D1E-0B2D67725502) (Shutdown)
    iPhone 6s (EB96F8E3-FD30-4094-853B-6EEB3D317B76) (Shutdown)
    iPhone 6s Plus (04239C3C-2961-4B0A-B253-1F49758C2872) (Shutdown)
    iPad 2 (50D1ACA3-B7E1-45F9-9276-70D4E307154F) (Shutdown)
    iPad Retina (4A059C45-B947-4CDC-9DC7-D3DB654C505B) (Shutdown)
    iPad Air (D833D27A-23EB-4A61-84BD-1F619628EFF4) (Shutdown)
    iPad Air 2 (2AA004BD-7F36-4E00-9FED-896CAF5A877A) (Shutdown)
    iPad Pro (131324C5-7887-44D6-8BDB-C96C40ED81D0) (Shutdown)
-- iOS 10.0 --
    iPhone 5 (5575F558-F55F-42F4-8438-0BFD394DE3B9) (Shutdown)
    iPhone 5s (50BD1E25-2B7C-4A18-AF77-3349E0FF3FA1) (Shutdown)
    iPhone 6 (52AFC347-32FE-4294-9318-4F318823735C) (Shutdown)
    iPhone 6 Plus (5C2DF5BF-B0D5-4DCC-B57D-F61145B0F883) (Shutdown)
    iPhone 6s (E83F3359-0CB1-49BD-8146-79493F1605D2) (Shutdown)
    iPhone 6s Plus (872C2F93-D526-411D-BBAD-28C8F8B70297) (Shutdown)
    iPhone SE (27E2F100-865F-48B6-8ACB-64B2F443844D) (Shutdown)
    iPad Air (52877025-E614-4DF4-986C-78F952C28422) (Shutdown)
    iPad Air 2 (009CA95F-EED3-4E49-B75F-E93AA4D22AD9) (Shutdown)
    iPad Pro (9.7 inch) (82ADB759-6434-443F-89B3-AC744077BC1D) (Shutdown)
    iPad Pro (12.9 inch) (F02120DB-9A58-482D-92EF-CDE839A262D8) (Shutdown)
-- iOS 10.1 --
    iPhone 5 (CAA18A13-F869-4B89-9D11-701609AFC34C) (Shutdown)
    iPhone 5s (988107F9-8A7C-4A54-8388-D72486656717) (Shutdown)
    iPhone 6 (8E87FBA5-48F8-4C2D-899D-2663C886FE2F) (Shutdown)
    iPhone 6 Plus (E3C43341-3357-42ED-986C-DF6E29EE719A) (Shutdown)
    iPhone 6s (24360DB7-469D-423D-B773-91A787FA3241) (Shutdown)
    iPhone 6s Plus (14789D5D-2965-46C8-BB46-C610E1DB6B2C) (Shutdown)
    iPhone 7 (C541851D-22E8-4A77-87E0-F88F33759F03) (Shutdown)
    iPhone 7 Plus (FC5964F7-5239-4D26-B9EB-3DC5D94EF0FB) (Shutdown)
    iPhone SE (C90F785E-240D-40D4-9BF0-37E889EA9674) (Shutdown)
    iPad Air (8C86BB82-A7F2-45A3-AF15-A6D6A9C73796) (Shutdown)
    iPad Air 2 (45CD744D-27BE-4A33-83EC-4F80FC0BDA4F) (Shutdown)
    iPad Pro (9.7 inch) (E64E003E-AFE9-4F67-BEE7-B2CCD57A28AA) (Shutdown)
    iPad Pro (12.9 inch) (2C21A5DF-368E-439E-85B5-A5707C2B122E) (Shutdown)
-- iOS 10.2 --
    iPhone 5 (2340842C-F8E3-477B-9B00-5B7317BD4C38) (Shutdown)
    iPhone 5s (F147D054-63BE-4F0F-8C9F-069A2E91431D) (Shutdown)
    iPhone 6 (526976B3-317F-4651-A535-8B5DAB539258) (Shutdown)
    iPhone 6 Plus (A7B28994-0202-45D5-9338-AA2182C9E518) (Shutdown)
    iPhone 6s (128562CD-5047-4090-A52E-FDAC618CA3F3) (Shutdown)
    iPhone 6s Plus (F258D70C-D604-46A9-B554-D98D42F79F45) (Shutdown)
    iPhone 7 (4B54B5BD-A3D6-4061-8829-540FD2848E71) (Shutdown)
    iPhone 7 Plus (973C3CA9-B319-4C55-B045-F9D4768DA2BF) (Shutdown)
    iPhone SE (CFD45C24-DB45-45DF-86F9-5798295D3739) (Shutdown)
    iPad Air (001D1938-D481-4417-8874-438486D3F9E2) (Shutdown)
    iPad Air 2 (D8BC59A9-1D80-4178-9F25-0DBD8A0A828D) (Shutdown)
    iPad Pro (9.7 inch) (B32E0432-9808-4E9F-887D-3DDA883B3E79) (Shutdown)
    iPad Pro (12.9 inch) (5B4DA341-1F2C-4577-AE1C-B03DB6ADDE43) (Shutdown)
-- iOS 10.3 --
    iPhone 5 (A7F1C5E9-0171-42F1-81B2-07645421B56D) (Shutdown)
    iPhone 5s (7547331B-4F83-4D06-B2E1-0D3961D50A70) (Shutdown)
    iPhone 6 (25AC5947-51AD-433C-80DB-C303608A1298) (Shutdown)
    iPhone 6 Plus (BDE55B21-C42F-4E03-9620-50D89C37A229) (Shutdown)
    iPhone 6s (15A4E554-D89E-4259-B4EC-981E91C6641D) (Shutdown)
    iPhone 6s Plus (4CF46915-AB01-4FCE-A999-EE946E62E701) (Shutdown)
    iPhone 7 (120AD369-6F96-457C-BD44-7544191BA383) (Shutdown)
    iPhone 7 Plus (8C6D0171-FF93-4A34-8D85-4C7A1F38FBA4) (Shutdown)
    iPhone SE (786846AE-2822-4111-924C-8301E47CEA53) (Shutdown)
    iPad Air (E817C079-EAE1-443F-8551-0B9EBA6665C7) (Shutdown)
    iPad Air 2 (CD38358C-3C12-4559-9328-5637A9059936) (Shutdown)
    iPad Pro (9.7 inch) (526D99E3-C93C-434D-80CC-F6C96429513E) (Shutdown)
    iPad Pro (12.9 inch) (D7C338B3-11CB-4617-A71F-4473057BB563) (Shutdown)
-- tvOS 9.0 --
    Apple TV 1080p (839DC04C-4BDF-4F0E-8C2A-2EC2BF2E0C49) (Shutdown)
-- tvOS 9.1 --
    Apple TV 1080p (8535FE1B-3AEC-4FD1-A96A-A53EE518C32B) (Shutdown)
-- tvOS 9.2 --
    Apple TV 1080p (65940EB2-8ECD-43BA-80EA-6CBE934A5F0D) (Shutdown)
-- tvOS 10.0 --
    Apple TV 1080p (03AD4740-7715-4E31-A093-C29B70250D30) (Shutdown)
-- tvOS 10.1 --
    Apple TV 1080p (B6B0031C-3CE3-42D7-88DC-F521B510D690) (Shutdown)
-- tvOS 10.2 --
    Apple TV 1080p (D5B3B157-839A-4309-A5DE-6E9B2F1571CF) (Shutdown)
-- watchOS 2.0 --
    Apple Watch - 38mm (013069BA-EE7B-41E4-AE94-37A330548E94) (Shutdown)
    Apple Watch - 42mm (8E391928-BD4B-4C00-834B-DDFD41039CCC) (Shutdown)
-- watchOS 2.1 --
    Apple Watch - 38mm (0F4B7D2A-379D-433C-B1EE-CB03794F1E65) (Shutdown)
    Apple Watch - 42mm (50B26B6A-45A7-473B-88D3-373D03F97C94) (Shutdown)
-- watchOS 2.2 --
    Apple Watch - 38mm (170416C8-D2CA-452D-81B1-396A9732BEC6) (Shutdown)
    Apple Watch - 42mm (65903770-4CAE-4FDF-99FC-5F9794EE82DA) (Shutdown)
-- watchOS 3.2 --
    Apple Watch - 38mm (CBE66468-9264-4359-AFFF-D60BDDA50881) (Shutdown)
    Apple Watch - 42mm (6C7874A2-5C79-40E2-BEBF-35F276860F43) (Shutdown)
    Apple Watch Series 2 - 38mm (969FF96D-10B3-447B-B3F7-CE1EDCF16AA3) (Shutdown)
    Apple Watch Series 2 - 42mm (F7408DDF-5127-45C1-B2AC-BCC37FA65306) (Shutdown)
== Device Pairs ==
D1BF12B8-5CC1-43AD-92A2-17EC3B830999 (active, disconnected)
    Watch: Apple Watch - 38mm (CBE66468-9264-4359-AFFF-D60BDDA50881) (Shutdown)
    Phone: iPhone 6s (15A4E554-D89E-4259-B4EC-981E91C6641D) (Shutdown)
EDE33042-5F85-4BA6-A424-1026867B7134 (active, disconnected)
    Watch: Apple Watch - 42mm (6C7874A2-5C79-40E2-BEBF-35F276860F43) (Shutdown)
    Phone: iPhone 6s Plus (4CF46915-AB01-4FCE-A999-EE946E62E701) (Shutdown)
60694D04-6A87-4065-8936-CF9579F31B6A (active, disconnected)
    Watch: Apple Watch Series 2 - 38mm (969FF96D-10B3-447B-B3F7-CE1EDCF16AA3) (Shutdown)
    Phone: iPhone 7 (120AD369-6F96-457C-BD44-7544191BA383) (Shutdown)
DAAC9A3D-6D8B-483A-969F-C48C4669999A (active, disconnected)
    Watch: Apple Watch Series 2 - 42mm (F7408DDF-5127-45C1-B2AC-BCC37FA65306) (Shutdown)
    Phone: iPhone 7 Plus (8C6D0171-FF93-4A34-8D85-4C7A1F38FBA4) (Shutdown)

========================================


=== OS X info =========================

* sw_vers
ProductName:	Mac OS X
ProductVersion:	10.12.4
BuildVersion:	16E195

* system_profiler SPSoftwareDataType
Software:

    System Software Overview:

      System Version: macOS 10.12.4 (16E195)
      Kernel Version: Darwin 16.5.0
      Boot Volume: Macintosh HD
      Boot Mode: Normal
      Computer Name: controlosxstagebhostondemandinternaltest.local
      User Name: vagrant (vagrant)
      Secure Virtual Memory: Enabled
      System Integrity Protection: Disabled
      Time since boot: 2 minutes


========================================


=== System infos =======================
* Free disk space: /dev/disk0s2  199Gi  133Gi   66Gi    67% 2618799 4292348480    0%   /
========================================


=== Xamarin specific ===================

--- Xamarin

* Xamarin Studio
Release ID: 603000863
Git revision: a2163670efe259c85cd8f335d95b175068fbbe2a
Build date: 2017-04-03 14:33:15-04

* Mono version:
Mono JIT compiler version 4.8.1 (mono-4.8.0-branch/22a39d7 Fri Apr  7 12:00:08 EDT 2017)
Copyright (C) 2002-2014 Novell, Inc, Xamarin Inc and Contributors. www.mono-project.com
	TLS:           normal
	SIGSEGV:       altstack
	Notification:  kqueue
	Architecture:  x86
	Disabled:      none
	Misc:          softdebug 
	LLVM:          yes(3.6.0svn-mono-master/8b1520c)
	GC:            sgen
* Mono path:
/Library/Frameworks/Mono.framework/Versions/Current/Commands/mono

* Xamarin.Android
7.2.0

* Xamarin.iOS
mtouch 10.8.0.175 (d15-1: a04678c2)

--- Android

* ANDROID_HOME (/Users/vagrant/Library/Developer/Xamarin/android-sdk-macosx) content:
SDK Readme.txt
add-ons
build-tools
extras
platform-tools
platforms
system-images
temp
tools

* ANDROID_NDK_HOME (/Users/vagrant/Library/Developer/Xamarin/android-ndk/android-ndk-r11c) content:
CHANGELOG.md
build
ndk-build
ndk-depends
ndk-gdb
ndk-stack
ndk-which
platforms
prebuilt
python-packages
source.properties
sources
toolchains

* platform-tools content:
NOTICE.txt
adb
api
dmtracedump
etc1tool
fastboot
hprof-conv
lib
source.properties
sqlite3
systrace

* build-tools content:
17.0.0
19.1.0
20.0.0
21.1.2
22.0.1
23.0.1
23.0.2
23.0.3
24.0.0
24.0.1
24.0.2
24.0.3
25.0.0
25.0.1
25.0.2

* extras content:
/Users/vagrant/Library/Developer/Xamarin/android-sdk-macosx/extras
├── android
│   └── m2repository
└── google
    ├── google_play_services
    └── m2repository

5 directories, 0 files

* platforms content:
android-10
android-15
android-17
android-19
android-20
android-21
android-22
android-23
android-24
android-25

* system-images content:
/Users/vagrant/Library/Developer/Xamarin/android-sdk-macosx/system-images
├── android-15
│   └── default
│       └── armeabi-v7a
├── android-17
│   └── default
│       └── armeabi-v7a
├── android-19
│   └── default
│       └── armeabi-v7a
├── android-21
│   └── default
│       └── armeabi-v7a
├── android-22
│   └── default
│       └── armeabi-v7a
├── android-23
│   └── google_apis
│       ├── armeabi-v7a
│       └── x86
└── android-24
    └── default
        └── armeabi-v7a

22 directories, 0 files

* debug.keystore path:
/Users/vagrant/.local/share/Xamarin/Mono for Android/debug.keystore
========================================


=== Environment infos =======================
MATCH_KEYCHAIN_PASSWORD environment set
========================================


=== Control tests ======================
source $HOME/.bash_profile ...
source $HOME/.bash_profile - PASSED
========================================

