 (i) Ignore Errors: enabled

#
# This System Report was generated by: https://github.com/bitrise-io/osx-box-bootstrap/blob/master/system_report.sh
#  Pull Requests are welcome!
#


=== Revision / ID ======================
* BITRISE_OSX_STACK_REV_ID: v2019_02_28_1
========================================


=== Pre-installed tool versions ========
* Go: go version go1.12 darwin/amd64
* Python: Python 2.7.16
* Node.js: v10.15.2
* NPM: 6.7.0
* Yarn: 1.13.0
* Java: java version "1.8.0_202"
Java(TM) SE Runtime Environment (build 1.8.0_202-b08)
Java HotSpot(TM) 64-Bit Server VM (build 25.202-b08, mixed mode)

* git: git version 2.21.0
* git lfs: git-lfs/2.7.1 (GitHub; darwin amd64; go 1.12)
* mercurial/hg: Mercurial Distributed SCM (version 4.9)
* curl: curl 7.54.0 (x86_64-apple-darwin18.0) libcurl/7.54.0 LibreSSL/2.6.4 zlib/1.2.11 nghttp2/1.24.1
* wget: GNU Wget 1.20.1 built on darwin18.2.0.
* rsync: rsync  version 2.6.9  protocol version 29
* unzip: UnZip 6.00 of 20 April 2009, by Info-ZIP.  Maintained by C. Spieler.  Send
* zip: This is Zip 3.0 (July 5th 2008), by Info-ZIP.
* tar: bsdtar 2.8.3 - libarchive 2.8.3
* tree: tree v1.8.0 (c) 1996 - 2018 by Steve Baker, Thomas Moore, Francesc Rocher, Florian Sesser, Kyosuke Tokoro 

* brew: Homebrew 2.0.5
Homebrew/homebrew-core (git revision c30aa; last commit 2019-03-21)
Homebrew/homebrew-cask (git revision 28ad52; last commit 2019-03-21)
./system_report.sh: line 53: xctool: command not found
* xctool: 
* Ansible: ansible 2.7.8
  configured module search path = ['/Users/vagrant/.ansible/plugins/modules', '/usr/share/ansible/plugins/modules']
  ansible python module location = /usr/local/Cellar/ansible/2.7.8/libexec/lib/python3.7/site-packages/ansible
  executable location = /usr/local/bin/ansible
* gtimeout: timeout (GNU coreutils) 8.30
* watchman: 4.9.0
* flow: Flow, a static type checker for JavaScript, version 0.94.0
* carthage: 0.32.0
* imagemagick (convert): Version: ImageMagick 7.0.8-32 Q16 x86_64 2019-03-07 https://imagemagick.org
* ghostscript (ps2ascii): 9.26
* screen: Screen version 4.06.02 (GNU) 23-Oct-17
./system_report.sh: line 69: wine: command not found
* wine: 

--- Bitrise CLI tool versions
* bitrise: 1.28.0
* stepman: 0.11.2
* envman: 2.2.1
* bitrise-bridge: 0.9.11
* cmd-bridge: 0.9.5
========================================


=== Ruby and rubygems ==================
* Ruby (default): ruby 2.5.3p105 (2018-10-18 revision 65156) [x86_64-darwin18]
--- Available ruby versions ---
  system
  2.2.10
  2.3.8
  2.4.5
* 2.5.3 (set by /Users/vagrant/.rbenv/version)
-------------------------------
* rbenv: 1.1.1
* Rubygems: 3.0.3
* Bundler: Bundler version 1.17.3
* CocoaPods: 1.6.1
* xcpretty: 0.3.0
* Nomad CLI: 3.0.3
* Nomad CLI IPA / Shenzhen: ipa 0.14.3
========================================


=== All Ruby GEMs ======================
activesupport (4.2.11)
addressable (2.6.0)
atomos (0.1.3)
aws-sdk (1.67.0)
aws-sdk-v1 (1.67.0)
babosa (1.0.2)
bigdecimal (default: 1.3.4)
bundler (default: 1.17.3)
certified (1.0.0)
CFPropertyList (3.0.0)
claide (1.0.2)
cmath (default: 1.0.0)
cocoapods (1.6.1)
cocoapods-core (1.6.1)
cocoapods-deintegrate (1.0.3)
cocoapods-downloader (1.2.2)
cocoapods-plugins (1.0.0)
cocoapods-search (1.0.0)
cocoapods-stats (1.1.0)
cocoapods-trunk (1.3.1)
cocoapods-try (1.1.0)
colored (1.2)
colored2 (3.1.2)
commander (4.4.7)
commander-fastlane (4.4.6)
concurrent-ruby (1.1.4)
csv (default: 1.0.0)
cupertino (1.3.4)
date (default: 1.0.0)
dbm (default: 1.0.0)
declarative (0.0.10)
declarative-option (0.1.0)
did_you_mean (1.2.0)
digest-crc (0.4.1)
domain_name (0.5.20180417)
dotenv (2.7.1)
dubai (0.1.2)
emoji_regex (1.0.1)
escape (0.0.4)
etc (default: 1.0.0)
excon (0.62.0)
faraday (0.15.4)
faraday-cookie_jar (0.0.6)
faraday_middleware (0.13.1)
fastimage (2.1.5)
fastlane (2.117.1)
fcntl (default: 1.0.0)
fiddle (default: 1.0.0)
fileutils (default: 1.0.2)
fourflusher (2.2.0)
fuzzy_match (2.0.4)
gdbm (default: 2.0.0)
gh_inspector (1.1.3)
google-api-client (0.23.9)
google-cloud-core (1.3.0)
google-cloud-env (1.0.5)
google-cloud-storage (1.16.0)
googleauth (0.6.7)
highline (2.0.1, 1.7.10)
houston (2.4.0)
http-cookie (1.0.3)
httpclient (2.8.3)
i18n (0.9.5)
io-console (default: 0.4.6)
ipaddr (default: 1.2.0)
json (default: 2.1.0, 1.8.6)
jwt (2.1.0)
mechanize (2.5.1)
memoist (0.16.0)
mime-types (3.2.2, 1.25.1)
mime-types-data (3.2018.0812)
mini_magick (4.5.1)
mini_portile2 (2.1.0)
minitest (5.10.3)
molinillo (0.6.6)
multi_json (1.13.1)
multi_xml (0.6.0)
multipart-post (2.0.0)
mustermann (1.0.3)
nanaimo (0.2.6)
nap (1.1.0)
naturally (2.2.0)
net-http-digest_auth (1.4.1)
net-http-persistent (2.9.4)
net-sftp (2.1.2)
net-ssh (5.1.0)
net-telnet (0.1.1)
netrc (0.11.0)
nokogiri (1.6.8.1)
nomad-cli (0.0.2)
ntlm-http (0.1.1)
openssl (default: 2.1.2)
os (1.0.0)
plist (3.1.0)
power_assert (1.1.1)
psych (default: 3.0.2)
public_suffix (2.0.5)
rack (2.0.6)
rack-protection (2.0.0)
rake (12.3.0)
rdoc (default: 6.0.1)
representable (3.0.4)
retriable (3.1.2)
rouge (2.0.7)
ruby-macho (1.4.0)
rubygems-update (3.0.3)
rubyzip (1.2.2)
scanf (default: 1.0.0)
sdbm (default: 1.0.0)
security (0.1.3)
shenzhen (0.14.3)
signet (0.11.0)
simctl (1.6.5)
sinatra (2.0.0)
slack-notifier (2.3.2)
stringio (default: 0.0.1)
strscan (default: 1.0.0)
term-ansicolor (1.0.7)
terminal-notifier (1.8.0)
terminal-table (1.4.5)
test-unit (3.2.7)
thread_safe (0.3.6)
tilt (2.0.9)
tty-cursor (0.6.1)
tty-screen (0.6.5)
tty-spinner (0.9.0)
tzinfo (1.2.5)
uber (0.1.0)
unf (0.1.4)
unf_ext (0.0.7.5)
venice (0.5.0)
webrick (default: 1.4.2)
webrobots (0.1.2)
word_wrap (1.0.0)
xcodeproj (1.8.1)
xcpretty (0.3.0)
xcpretty-travis-formatter (1.0.0)
xmlrpc (0.3.0)
zlib (default: 1.0.0)
========================================


=== NPM global packages ==========================
* Cordova: 8.1.2 (cordova-lib@8.1.1)
* Ionic: 4.11.0
========================================


=== Checking Xcode CLT dirs ============

 * ls -1 /usr/include/CommonCrypto
ls: /usr/include/CommonCrypto: No such file or directory

 * ls -1 /Library/Developer/CommandLineTools/
Library
Packages
SDKs
usr

 * /Library/Developer/CommandLineTools/usr/bin/swift --version
Apple Swift version 4.2.1 (swiftlang-1000.0.42 clang-1000.10.45.1)
Target: x86_64-apple-darwin18.2.0

========================================


=== Xcode ==============================

* Active Xcode Command Line Tools:
/Applications/Xcode-beta.app/Contents/Developer

* Xcode Version:
Xcode 10.2
Build version 10P107d

* /usr/bin/swift --version
Apple Swift version 5.0 (swiftlang-1001.0.69 clang-1001.0.45.2)
Target: x86_64-apple-darwin18.2.0

* Installed SDKs:
iOS SDKs:
	iOS 12.2                      	-sdk iphoneos12.2

iOS Simulator SDKs:
	Simulator - iOS 12.2          	-sdk iphonesimulator12.2

macOS SDKs:
	macOS 10.14                   	-sdk macosx10.14

tvOS SDKs:
	tvOS 12.2                     	-sdk appletvos12.2

tvOS Simulator SDKs:
	Simulator - tvOS 12.2         	-sdk appletvsimulator12.2

watchOS SDKs:
	watchOS 5.2                   	-sdk watchos5.2

watchOS Simulator SDKs:
	Simulator - watchOS 5.2       	-sdk watchsimulator5.2


* Available Simulators:
== Device Types ==
iPhone 4s (com.apple.CoreSimulator.SimDeviceType.iPhone-4s)
iPhone 5 (com.apple.CoreSimulator.SimDeviceType.iPhone-5)
iPhone 5s (com.apple.CoreSimulator.SimDeviceType.iPhone-5s)
iPhone 6 (com.apple.CoreSimulator.SimDeviceType.iPhone-6)
iPhone 6 Plus (com.apple.CoreSimulator.SimDeviceType.iPhone-6-Plus)
iPhone 6s (com.apple.CoreSimulator.SimDeviceType.iPhone-6s)
iPhone 6s Plus (com.apple.CoreSimulator.SimDeviceType.iPhone-6s-Plus)
iPhone 7 (com.apple.CoreSimulator.SimDeviceType.iPhone-7)
iPhone 7 Plus (com.apple.CoreSimulator.SimDeviceType.iPhone-7-Plus)
iPhone 8 (com.apple.CoreSimulator.SimDeviceType.iPhone-8)
iPhone 8 Plus (com.apple.CoreSimulator.SimDeviceType.iPhone-8-Plus)
iPhone SE (com.apple.CoreSimulator.SimDeviceType.iPhone-SE)
iPhone X (com.apple.CoreSimulator.SimDeviceType.iPhone-X)
iPhone Xs (com.apple.CoreSimulator.SimDeviceType.iPhone-XS)
iPhone Xs Max (com.apple.CoreSimulator.SimDeviceType.iPhone-XS-Max)
iPhone Xʀ (com.apple.CoreSimulator.SimDeviceType.iPhone-XR)
iPad 2 (com.apple.CoreSimulator.SimDeviceType.iPad-2)
iPad Retina (com.apple.CoreSimulator.SimDeviceType.iPad-Retina)
iPad Air (com.apple.CoreSimulator.SimDeviceType.iPad-Air)
iPad mini 2 (com.apple.CoreSimulator.SimDeviceType.iPad-mini-2)
iPad mini 3 (com.apple.CoreSimulator.SimDeviceType.iPad-mini-3)
iPad mini 4 (com.apple.CoreSimulator.SimDeviceType.iPad-mini-4)
iPad Air 2 (com.apple.CoreSimulator.SimDeviceType.iPad-Air-2)
iPad (5th generation) (com.apple.CoreSimulator.SimDeviceType.iPad--5th-generation-)
iPad Pro (9.7-inch) (com.apple.CoreSimulator.SimDeviceType.iPad-Pro--9-7-inch-)
iPad Pro (12.9-inch) (com.apple.CoreSimulator.SimDeviceType.iPad-Pro)
iPad Pro (12.9-inch) (2nd generation) (com.apple.CoreSimulator.SimDeviceType.iPad-Pro--12-9-inch---2nd-generation-)
iPad Pro (10.5-inch) (com.apple.CoreSimulator.SimDeviceType.iPad-Pro--10-5-inch-)
iPad (6th generation) (com.apple.CoreSimulator.SimDeviceType.iPad--6th-generation-)
iPad Pro (11-inch) (com.apple.CoreSimulator.SimDeviceType.iPad-Pro--11-inch-)
iPad Pro (12.9-inch) (3rd generation) (com.apple.CoreSimulator.SimDeviceType.iPad-Pro--12-9-inch---3rd-generation-)
Apple TV (com.apple.CoreSimulator.SimDeviceType.Apple-TV-1080p)
Apple TV 4K (com.apple.CoreSimulator.SimDeviceType.Apple-TV-4K-4K)
Apple TV 4K (at 1080p) (com.apple.CoreSimulator.SimDeviceType.Apple-TV-4K-1080p)
Apple Watch - 38mm (com.apple.CoreSimulator.SimDeviceType.Apple-Watch-38mm)
Apple Watch - 42mm (com.apple.CoreSimulator.SimDeviceType.Apple-Watch-42mm)
Apple Watch Series 2 - 38mm (com.apple.CoreSimulator.SimDeviceType.Apple-Watch-Series-2-38mm)
Apple Watch Series 2 - 42mm (com.apple.CoreSimulator.SimDeviceType.Apple-Watch-Series-2-42mm)
Apple Watch Series 3 - 38mm (com.apple.CoreSimulator.SimDeviceType.Apple-Watch-Series-3-38mm)
Apple Watch Series 3 - 42mm (com.apple.CoreSimulator.SimDeviceType.Apple-Watch-Series-3-42mm)
Apple Watch Series 4 - 40mm (com.apple.CoreSimulator.SimDeviceType.Apple-Watch-Series-4-40mm)
Apple Watch Series 4 - 44mm (com.apple.CoreSimulator.SimDeviceType.Apple-Watch-Series-4-44mm)
== Runtimes ==
iOS 12.2 (12.2 - 16E5212e) - com.apple.CoreSimulator.SimRuntime.iOS-12-2 
tvOS 12.2 (12.2 - 16L5212d) - com.apple.CoreSimulator.SimRuntime.tvOS-12-2 
watchOS 5.2 (5.2 - 16T5212d) - com.apple.CoreSimulator.SimRuntime.watchOS-5-2 
== Devices ==
-- iOS 12.2 --
    iPhone 5s (0B5280BC-409B-40B3-99CC-16428125084E) (Shutdown) 
-- tvOS 12.2 --
-- watchOS 5.2 --
    Apple Watch Series 2 - 38mm (7939DBD6-F3C2-4A00-ADF0-BE8AD927CB76) (Shutdown) 
    Apple Watch Series 2 - 42mm (347F2B09-A9B6-4AB2-8F05-AAB6FF2F4C11) (Shutdown) 
    Apple Watch Series 3 - 38mm (EC95B52F-49F6-4248-B460-F3125D09E3EF) (Shutdown) 
    Apple Watch Series 3 - 42mm (233AA45F-E1A7-4C05-9826-E3CDD2D4E160) (Shutdown) 
== Device Pairs ==

========================================


=== OS X info =========================

* sw_vers
ProductName:	Mac OS X
ProductVersion:	10.14.3
BuildVersion:	18D109

* system_profiler SPSoftwareDataType
Software:

    System Software Overview:

      System Version: macOS 10.14.3 (18D109)
      Kernel Version: Darwin 18.2.0
      Boot Volume: Untitled
      Boot Mode: Normal
      Computer Name: stg-xcode-10-2-190321155331-cqfs4TVZWuhjfe5V6i9UMc
      User Name: vagrant (vagrant)
      Secure Virtual Memory: Enabled
      System Integrity Protection: Disabled
      Time since boot: 2 minutes


========================================


=== System infos =======================
* Free disk space: /dev/disk1s1  200Gi   48Gi  151Gi    25% 2033554 9223372036852742253    0%   /
========================================

--- Android

* ANDROID_HOME (/usr/local/share/android-sdk) content:
add-ons
build-tools
emulator
extras
licenses
patcher
platform-tools
platforms
system-images
tools

* ANDROID_NDK_HOME (/opt/android-ndk/android-ndk-r16b) content:
CHANGELOG.md
README.md
build
meta
ndk-build
ndk-depends
ndk-gdb
ndk-stack
ndk-which
platforms
prebuilt
python-packages
shader-tools
simpleperf
source.properties
sources
sysroot
toolchains

* Android NDK Version:
Pkg.Desc = Android NDK
Pkg.Revision = 16.1.4479499

* platform-tools content:
NOTICE.txt
adb
api
deployagent
deployagent.jar
deploypatchgenerator.jar
dmtracedump
e2fsdroid
etc1tool
fastboot
hprof-conv
lib64
make_f2fs
mke2fs
mke2fs.conf
package.xml
sload_f2fs
source.properties
sqlite3
systrace

* build-tools content:
17.0.0
19.1.0
21.1.2
22.0.1
23.0.3
24.0.3
25.0.3
26.0.1
26.0.2
27.0.0
27.0.1
27.0.2
27.0.3
28.0.0
28.0.1
28.0.2
28.0.3

* extras content:
/usr/local/share/android-sdk/extras
├── android
│   └── m2repository
├── google
│   ├── google_play_services
│   └── m2repository
└── m2repository
    └── com

7 directories, 0 files

* platforms content:
android-15
android-17
android-19
android-21
android-22
android-23
android-24
android-25
android-26
android-27
android-28

* system-images content:
/usr/local/share/android-sdk/system-images
├── android-19
│   └── default
│       └── armeabi-v7a
├── android-22
│   └── default
│       └── armeabi-v7a
├── android-24
│   └── default
│       └── armeabi-v7a
├── android-25
│   └── google_apis
│       └── armeabi-v7a
├── android-26
│   └── google_apis
│       └── x86
└── android-28
    └── google_apis
        └── x86

18 directories, 0 files

========================================


=== Environment infos =======================
MATCH_KEYCHAIN_PASSWORD environment set
========================================


=== Control tests ======================
source $HOME/.bash_profile ...
source $HOME/.bash_profile - PASSED
========================================

