 (i) Ignore Errors: enabled

#
# This System Report was generated by: https://github.com/bitrise-io/osx-box-bootstrap/blob/master/system_report.sh
#  Pull Requests are welcome!
#


=== Revision / ID ======================
* BITRISE_OSX_STACK_REV_ID: v2017_01_12_1
========================================


=== Pre-installed tool versions ========
* Go: go version go1.7.5 darwin/amd64
* Ruby: ruby 2.3.3p222 (2016-11-21 revision 56859) [x86_64-darwin16]
* Python: Python 2.7.13
* Node.js: v7.4.0
* NPM: 4.0.5
* Java: java version "1.8.0_121"
Java(TM) SE Runtime Environment (build 1.8.0_121-b13)
Java HotSpot(TM) 64-Bit Server VM (build 25.121-b13, mixed mode)

* git: git version 2.11.0
* git lfs: git-lfs/1.5.5 (GitHub; darwin amd64; go 1.7.4)
* mercurial/hg: Mercurial Distributed SCM (version 4.0.2)
* curl: curl 7.51.0 (x86_64-apple-darwin16.0) libcurl/7.51.0 SecureTransport zlib/1.2.8
* wget: GNU Wget 1.18 built on darwin16.0.0.
* rsync: rsync  version 2.6.9  protocol version 29
* unzip: UnZip 6.00 of 20 April 2009, by Info-ZIP.  Maintained by C. Spieler.  Send
* zip: This is Zip 3.0 (July 5th 2008), by Info-ZIP.
* tar: bsdtar 2.8.3 - libarchive 2.8.3
* tree: tree v1.7.0 (c) 1996 - 2014 by Steve Baker, Thomas Moore, Francesc Rocher, Florian Sesser, Kyosuke Tokoro 

* brew: Homebrew 1.1.9
Homebrew/homebrew-core (git revision f2fc; last commit 2017-02-03)
./system_report.sh: line 54: xctool: command not found
* xctool: 
* Ansible: ansible 2.2.1.0
* gtimeout: timeout (GNU coreutils) 8.26
* watchman: 4.7.0
* flow: Flow, a static type checker for JavaScript, version 0.38.0
* carthage: 0.18.1
* imagemagick (convert): Version: ImageMagick 7.0.4-6 Q16 x86_64 2017-01-28 http://www.imagemagick.org
* ghostscript (ps2ascii): 9.20
./system_report.sh: line 69: wine: command not found
* wine: 

--- Bitrise CLI tool versions
* bitrise: 1.5.2
* stepman: 0.9.26
* envman: 1.1.3
* bitrise-bridge: 0.9.11
* cmd-bridge: 0.9.5
========================================


=== Ruby GEMs ==========================
* Bundler: Bundler version 1.14.3
* CocoaPods: 1.2.0
* fastlane: [32m# fastlane 2.14.1 is available. You are on 2.12.0.[0m
* xcpretty: 0.2.4
* Nomad CLI: 2.5.2
* Nomad CLI IPA / Shenzhen: ipa 0.14.3
========================================


=== All Ruby GEMs ======================
activesupport (4.2.7.1)
addressable (2.5.0)
aws-sdk (1.66.0)
aws-sdk-v1 (1.66.0)
babosa (1.0.2)
bigdecimal (1.2.8)
bundler (1.14.3)
certified (1.0.0)
CFPropertyList (2.3.5)
claide (1.0.1)
cocoapods (1.2.0)
cocoapods-core (1.2.0)
cocoapods-deintegrate (1.0.1)
cocoapods-downloader (1.1.3)
cocoapods-plugins (1.0.0)
cocoapods-search (1.0.0)
cocoapods-stats (1.0.0)
cocoapods-trunk (1.1.2)
cocoapods-try (1.1.0)
colored (1.2)
commander (4.4.3)
concurrent-ruby (1.0.4)
cupertino (1.3.4)
did_you_mean (1.0.0)
domain_name (0.5.20161129)
dotenv (2.2.0)
dubai (0.1.1)
escape (0.0.4)
excon (0.54.0)
faraday (0.11.0)
faraday-cookie_jar (0.0.6)
faraday_middleware (0.11.0.1)
fastimage (2.0.1)
fastlane (2.12.0)
fourflusher (2.0.1)
fuzzy_match (2.0.4)
gh_inspector (1.0.3)
google-api-client (0.9.26)
googleauth (0.5.1)
highline (1.7.8)
houston (2.2.4)
http-cookie (1.0.3)
httpclient (2.8.3)
hurley (0.2)
i18n (0.7.0)
io-console (0.4.5)
json (1.8.3)
jwt (1.5.6)
little-plugger (1.1.4)
logging (2.1.0)
mechanize (2.5.1)
memoist (0.15.0)
mime-types (1.25.1)
mini_magick (4.5.1)
mini_portile2 (2.1.0)
minitest (5.8.5)
molinillo (0.5.5)
multi_json (1.12.1)
multi_xml (0.6.0)
multipart-post (2.0.0)
nanaimo (0.2.3)
nap (1.1.0)
net-http-digest_auth (1.4)
net-http-persistent (2.9.4)
net-sftp (2.1.2)
net-ssh (4.0.1)
net-telnet (0.1.1)
netrc (0.7.8)
nokogiri (1.6.8.1)
nomad-cli (0.0.2)
ntlm-http (0.1.1)
os (0.9.6)
plist (3.1.0)
power_assert (0.2.6)
psych (2.1.0)
public_suffix (2.0.5)
rack (1.6.5)
rack-protection (1.5.3)
rake (10.4.2)
rdoc (4.2.1)
representable (2.3.0)
retriable (2.1.0)
rouge (1.11.1)
ruby-macho (0.2.6)
rubyzip (1.2.0)
security (0.1.3)
shenzhen (0.14.3)
signet (0.7.3)
sinatra (1.4.8)
slack-notifier (1.5.1)
term-ansicolor (1.0.7)
terminal-notifier (1.7.1)
terminal-table (1.4.5)
test-unit (3.1.5)
thread_safe (0.3.5)
tilt (2.0.6)
tzinfo (1.2.2)
uber (0.0.15)
unf (0.1.4)
unf_ext (0.0.7.2)
venice (0.3.0)
webrobots (0.1.2)
word_wrap (1.0.0)
xcodeproj (1.4.2)
xcpretty (0.2.4)
xcpretty-travis-formatter (0.0.4)
========================================


=== NPM global packages ==========================
* Cordova: 6.5.0
* Ionic: ******************************************************
 Dependency warning - for the CLI to run correctly,      
 it is highly recommended to install/upgrade the following:     

 Install ios-sim to deploy iOS applications.`npm install -g ios-sim` (may require sudo)
 Install ios-deploy to deploy iOS applications to devices.  `npm install -g ios-deploy` (may require sudo)

******************************************************
2.2.1
========================================


=== Checking Xcode CLT dirs ============

 * ls -1 /usr/include/CommonCrypto
CommonCrypto.h
CommonCryptoError.h
CommonCryptor.h
CommonDigest.h
CommonHMAC.h
CommonKeyDerivation.h
CommonRandom.h
CommonSymmetricKeywrap.h

 * ls -1 /Library/Developer/CommandLineTools/
Library
SDKs
usr

 * /Library/Developer/CommandLineTools/usr/bin/swift --version
Apple Swift version 3.0.2 (swiftlang-800.0.63 clang-800.0.42.1)
Target: x86_64-apple-macosx10.9

========================================


=== Xcode ==============================

* Active Xcode Command Line Tools:
/Applications/Xcode-beta.app/Contents/Developer

* Xcode Version:
Xcode 8.3
Build version 8W109m

* Installed SDKs:
iOS SDKs:
	iOS 10.3                      	-sdk iphoneos10.3

iOS Simulator SDKs:
	Simulator - iOS 10.3          	-sdk iphonesimulator10.3

macOS SDKs:
	macOS 10.12                   	-sdk macosx10.12

tvOS SDKs:
	tvOS 10.2                     	-sdk appletvos10.2

tvOS Simulator SDKs:
	Simulator - tvOS 10.2         	-sdk appletvsimulator10.2

watchOS SDKs:
	watchOS 3.2                   	-sdk watchos3.2

watchOS Simulator SDKs:
	Simulator - watchOS 3.2       	-sdk watchsimulator3.2


* Available Simulators:
== Device Types ==
iPhone 4s (com.apple.CoreSimulator.SimDeviceType.iPhone-4s)
iPhone 5 (com.apple.CoreSimulator.SimDeviceType.iPhone-5)
iPhone 5s (com.apple.CoreSimulator.SimDeviceType.iPhone-5s)
iPhone 6 (com.apple.CoreSimulator.SimDeviceType.iPhone-6)
iPhone 6 Plus (com.apple.CoreSimulator.SimDeviceType.iPhone-6-Plus)
iPhone 6s (com.apple.CoreSimulator.SimDeviceType.iPhone-6s)
iPhone 6s Plus (com.apple.CoreSimulator.SimDeviceType.iPhone-6s-Plus)
iPhone 7 (com.apple.CoreSimulator.SimDeviceType.iPhone-7)
iPhone 7 Plus (com.apple.CoreSimulator.SimDeviceType.iPhone-7-Plus)
iPhone SE (com.apple.CoreSimulator.SimDeviceType.iPhone-SE)
iPad 2 (com.apple.CoreSimulator.SimDeviceType.iPad-2)
iPad Retina (com.apple.CoreSimulator.SimDeviceType.iPad-Retina)
iPad Air (com.apple.CoreSimulator.SimDeviceType.iPad-Air)
iPad Air 2 (com.apple.CoreSimulator.SimDeviceType.iPad-Air-2)
iPad Pro (9.7-inch) (com.apple.CoreSimulator.SimDeviceType.iPad-Pro--9-7-inch-)
iPad Pro (12.9-inch) (com.apple.CoreSimulator.SimDeviceType.iPad-Pro)
Apple TV 1080p (com.apple.CoreSimulator.SimDeviceType.Apple-TV-1080p)
Apple Watch - 38mm (com.apple.CoreSimulator.SimDeviceType.Apple-Watch-38mm)
Apple Watch - 42mm (com.apple.CoreSimulator.SimDeviceType.Apple-Watch-42mm)
Apple Watch Series 2 - 38mm (com.apple.CoreSimulator.SimDeviceType.Apple-Watch-Series-2-38mm)
Apple Watch Series 2 - 42mm (com.apple.CoreSimulator.SimDeviceType.Apple-Watch-Series-2-42mm)
== Runtimes ==
iOS 8.1 (8.1 - 12B411) (com.apple.CoreSimulator.SimRuntime.iOS-8-1)
iOS 8.2 (8.2 - 12D508) (com.apple.CoreSimulator.SimRuntime.iOS-8-2)
iOS 8.3 (8.3 - 12F70) (com.apple.CoreSimulator.SimRuntime.iOS-8-3)
iOS 8.4 (8.4 - 12H141) (com.apple.CoreSimulator.SimRuntime.iOS-8-4)
iOS 9.0 (9.0 - 13A344) (com.apple.CoreSimulator.SimRuntime.iOS-9-0)
iOS 9.1 (9.1 - 13B143) (com.apple.CoreSimulator.SimRuntime.iOS-9-1)
iOS 9.2 (9.2 - 13C75) (com.apple.CoreSimulator.SimRuntime.iOS-9-2)
iOS 9.3 (9.3 - 13E233) (com.apple.CoreSimulator.SimRuntime.iOS-9-3)
iOS 10.0 (10.0 - 14A345) (com.apple.CoreSimulator.SimRuntime.iOS-10-0)
iOS 10.1 (10.1 - 14B72) (com.apple.CoreSimulator.SimRuntime.iOS-10-1)
iOS 10.2 (10.2 - 14C89) (com.apple.CoreSimulator.SimRuntime.iOS-10-2)
iOS 10.3 (10.3 - 14E5230d) (com.apple.CoreSimulator.SimRuntime.iOS-10-3)
tvOS 9.0 (9.0 - 13T395) (com.apple.CoreSimulator.SimRuntime.tvOS-9-0)
tvOS 9.1 (9.1 - 13U85) (com.apple.CoreSimulator.SimRuntime.tvOS-9-1)
tvOS 9.2 (9.2 - 13Y234) (com.apple.CoreSimulator.SimRuntime.tvOS-9-2)
tvOS 10.0 (10.0 - 14T328) (com.apple.CoreSimulator.SimRuntime.tvOS-10-0)
tvOS 10.1 (10.1 - 14U591) (com.apple.CoreSimulator.SimRuntime.tvOS-10-1)
tvOS 10.2 (10.2 - 14W5222c) (com.apple.CoreSimulator.SimRuntime.tvOS-10-2)
watchOS 2.0 (2.0 - 13S343) (com.apple.CoreSimulator.SimRuntime.watchOS-2-0)
watchOS 2.1 (2.1 - 13S661) (com.apple.CoreSimulator.SimRuntime.watchOS-2-1)
watchOS 2.2 (2.2 - 13V144) (com.apple.CoreSimulator.SimRuntime.watchOS-2-2)
watchOS 3.2 (3.2 - 14V5205c) (com.apple.CoreSimulator.SimRuntime.watchOS-3-2)
== Devices ==
-- iOS 8.1 --
    iPhone 4s (37E06115-290C-4626-9763-B249ED3C6668) (Shutdown)
    iPhone 5 (1CC0B39B-F205-4205-BD9F-9D1FFD120240) (Shutdown)
    iPhone 5s (7037D278-9FAC-4530-9BD8-853CD58ED7F3) (Shutdown)
    iPhone 6 (380EA52D-E88D-4953-9810-65BDFAAE52D6) (Shutdown)
    iPhone 6 Plus (D3DBB7B4-E616-4864-B74E-6BB0B02AAACB) (Shutdown)
    iPad 2 (A995407A-E4FF-40A3-BBCE-F95EBB2BCFEE) (Shutdown)
    iPad Retina (7C6BB013-56C6-4FD9-AFBA-65F4F8661481) (Shutdown)
    iPad Air (4FA33DC7-D61B-436F-9D7F-EE2E8A1D4053) (Shutdown)
-- iOS 8.2 --
    iPhone 4s (BBE2F4E4-6C9E-408D-9E80-E7FDC239A75E) (Shutdown)
    iPhone 5 (FA1EDB54-0C51-4623-A03B-BAC622DB1C8C) (Shutdown)
    iPhone 5s (DD3850A9-3AD3-4E9F-A54B-2C8B80D262E3) (Shutdown)
    iPhone 6 (1350667D-A765-4ACB-AA09-4456D0AC9C3D) (Shutdown)
    iPhone 6 Plus (DB30428E-6E6E-49C9-8224-BF67085766AD) (Shutdown)
    iPad 2 (3FF78B17-EB94-4976-B22A-79022C1474E4) (Shutdown)
    iPad Retina (75455AFA-1921-4B3B-B019-6B41A9B486C1) (Shutdown)
    iPad Air (C00A02DF-2CA7-42A4-836F-E953D1202457) (Shutdown)
-- iOS 8.3 --
    iPhone 4s (42261B99-9E7E-4940-9DB0-BEE6D21821F3) (Shutdown)
    iPhone 5 (A635E2DC-14A9-448C-B90E-572AF50286B1) (Shutdown)
    iPhone 5s (37D1F7E3-56B9-4E6D-A1AB-711ECFE060E0) (Shutdown)
    iPhone 6 (37BFFCFE-80F6-41E6-AB3E-4C34F7923BA4) (Shutdown)
    iPhone 6 Plus (AE5CDEC0-A44E-462B-905F-1DD9537945E5) (Shutdown)
    iPad 2 (3A2DC60C-56A8-4B16-A78F-22C0BC86ADCC) (Shutdown)
    iPad Retina (D9E4A3D3-1819-4131-B9FC-98C8D302402A) (Shutdown)
    iPad Air (300B2E66-3ACB-4449-AC19-14275724ECD0) (Shutdown)
-- iOS 8.4 --
    iPhone 4s (DD8EF6F6-ACEC-4D05-AC1F-83A5B2B8D67E) (Shutdown)
    iPhone 5 (5E23EA02-D2E3-42E3-9473-F5CA8F701019) (Shutdown)
    iPhone 5s (0FF7735D-1EF2-454A-A87E-6FFF86B224FB) (Shutdown)
    iPhone 6 (37B1EF02-4193-4374-8066-F2C46D9133D7) (Shutdown)
    iPhone 6 Plus (2F87C10B-B5DC-40E2-9E59-51EDCC578F40) (Shutdown)
    iPad 2 (3B742742-1B6F-4E62-B559-6AE77E83F19B) (Shutdown)
    iPad Retina (B7DD2CC1-89C8-4C3E-9527-C0A936E25A54) (Shutdown)
    iPad Air (A03F4EA6-CCA2-4447-9FBD-9069C8A3D594) (Shutdown)
-- iOS 9.0 --
    iPhone 4s (CD37E3A4-6802-4337-BC84-0A11496773B9) (Shutdown)
    iPhone 5 (6DCBBADB-2824-40C0-9799-88C3145267CD) (Shutdown)
    iPhone 5s (C5AD6F0E-C5C7-4519-AB21-241CB8224BEC) (Shutdown)
    iPhone 6 (D0459A6F-D242-48B9-BC66-C66F9837647A) (Shutdown)
    iPhone 6 Plus (C2FD88B8-D17F-4194-B95B-94D488627C3D) (Shutdown)
    iPhone 6s (FC06C894-E695-4DBD-9EDA-98BC08E34A38) (Shutdown)
    iPhone 6s Plus (74F798B1-B589-4AFF-ABCF-BDB74B290251) (Shutdown)
    iPad 2 (78E768DC-F629-4B59-8CB4-0C10FA03B277) (Shutdown)
    iPad Retina (3EB1547E-AAA6-40D3-9DD3-D4FA465B1565) (Shutdown)
    iPad Air (F0E042DC-B8A2-46FA-A95C-37A7610EA61C) (Shutdown)
    iPad Air 2 (A4AD58CB-D2EC-4F76-B741-63DFF64305A6) (Shutdown)
-- iOS 9.1 --
    iPhone 4s (F1E3172B-1C11-4F96-8EA2-305726C5330C) (Shutdown)
    iPhone 5 (17817A2B-AF10-4D4D-8BD3-24C317B89817) (Shutdown)
    iPhone 5s (2AE2DD57-7704-4933-B0E3-59B80AA8E915) (Shutdown)
    iPhone 6 (7A074901-F746-4DC9-A0AE-1F8D2DF2A66E) (Shutdown)
    iPhone 6 Plus (7E4BF864-E907-4BCB-8D4B-7FEA45A015C9) (Shutdown)
    iPhone 6s (88B2E61C-19EB-467C-B60D-683299A3C17C) (Shutdown)
    iPhone 6s Plus (1FC70268-94DB-4679-B5F0-D3D076EB7FDD) (Shutdown)
    iPad 2 (BF477B7F-B9D3-4915-8C78-842C977FF94F) (Shutdown)
    iPad Retina (F34EAB13-1E7E-4D05-9BE3-AF435BDB7F7E) (Shutdown)
    iPad Air (B1834A41-30B4-48E1-AEAA-70D397FB75AC) (Shutdown)
    iPad Air 2 (27C669FB-2358-42A3-82AA-FC5696FBA9D1) (Shutdown)
    iPad Pro (0EC4409D-3EE4-49BC-B334-0A356C3B176E) (Shutdown)
-- iOS 9.2 --
    iPhone 4s (1DA888AE-BE16-4D1B-BB2E-63C22F379AAD) (Shutdown)
    iPhone 5 (B7770ED3-9EDF-492F-9313-E92A8B1BFF58) (Shutdown)
    iPhone 5s (5DC4705B-F6B1-428F-BF5E-6188DB926552) (Shutdown)
    iPhone 6 (D4504749-1E6D-44E8-8B3F-73280FB2DBF2) (Shutdown)
    iPhone 6 Plus (E0841DBA-A6C6-4862-BA72-7C7497CF0D97) (Shutdown)
    iPhone 6s (5CFD3AF1-2B10-4CF7-9F5F-9161F246F170) (Shutdown)
    iPhone 6s Plus (43D052D9-3E31-4AB4-B34D-542CB91988C1) (Shutdown)
    iPad 2 (42B82189-709C-42D5-84D9-67EB2736EE83) (Shutdown)
    iPad Retina (9E2F1A5F-27B1-45B0-8CD8-FF8C686A6CDE) (Shutdown)
    iPad Air (2254B5D8-E881-4B61-A80C-99F73F77A892) (Shutdown)
    iPad Air 2 (EEF84CB7-4C32-4825-9B6A-B90C8F89377A) (Shutdown)
    iPad Pro (F8664DF9-2513-48A1-9485-298D441B18E6) (Shutdown)
-- iOS 9.3 --
    iPhone 4s (7DC044D7-72FD-4E0E-AEC1-4E846C8C92DB) (Shutdown)
    iPhone 5 (F02DE1DB-A98D-49BA-ACC7-D40956600EFE) (Shutdown)
    iPhone 5s (D0798311-463C-48AD-9D44-F776B25F49F5) (Shutdown)
    iPhone 6 (832F93BE-5FF0-4B4F-BF10-ACC92B89F98C) (Shutdown)
    iPhone 6 Plus (8E392116-F123-4911-899E-0D66B16EF09A) (Shutdown)
    iPhone 6s (6BE36514-5493-414A-A721-91710AE0628D) (Shutdown)
    iPhone 6s Plus (E0FE8028-7B55-49B5-BEAF-842C0221A498) (Shutdown)
    iPad 2 (3E2A4FDA-85A3-4FB5-872E-7F6025C3684F) (Shutdown)
    iPad Retina (3BE566A2-74A0-44F1-A779-91A31D2C51DE) (Shutdown)
    iPad Air (C90F2E31-3CB4-4A34-8BF6-D48B3935F2F4) (Shutdown)
    iPad Air 2 (646EE107-0349-413E-9E83-DE4C251589C0) (Shutdown)
    iPad Pro (C966457B-C852-4D4C-AB32-F63C3A595D88) (Shutdown)
-- iOS 10.0 --
    iPhone 5 (1F190719-D0C1-4D2C-B4D5-331C8206C8AC) (Shutdown)
    iPhone 5s (ECD6ECB3-26D9-485E-8862-0D066FDF7D0C) (Shutdown)
    iPhone 6 (1A571D76-B61D-469B-803C-A2CB0D79B65F) (Shutdown)
    iPhone 6 Plus (97317376-FEA2-4155-A50B-245C7C032AE7) (Shutdown)
    iPhone 6s (061F8441-4E2A-40DA-B1EF-60591E8AAA55) (Shutdown)
    iPhone 6s Plus (5B1BA70B-C8C3-40C2-9B06-76AA66E79087) (Shutdown)
    iPhone SE (63D90548-811F-4C38-B38D-F67CB78F46A3) (Shutdown)
    iPad Retina (7F27013B-7263-40F1-AA43-0211E8118580) (Shutdown)
    iPad Air (A0706493-C2D3-4F95-857E-A2C2A54A4554) (Shutdown)
    iPad Air 2 (CA757E0D-E2CD-4C8E-ACED-673F8445B9AA) (Shutdown)
    iPad Pro (9.7 inch) (9E06B467-9029-4941-B519-B3BE4AF80119) (Shutdown)
    iPad Pro (12.9 inch) (9A9DB1FD-C24A-457C-869F-7BB456B97CEE) (Shutdown)
-- iOS 10.1 --
    iPhone 5 (EB21266C-729D-4A61-A638-8BF842FF60B4) (Shutdown)
    iPhone 5s (DB24810B-C9B7-481A-ADBC-EED6A0ED5949) (Shutdown)
    iPhone 6 (2CC80766-684F-4803-AD5E-E7F59FBCF0F2) (Shutdown)
    iPhone 6 Plus (ED98D144-78EF-4760-A984-D6725C29A9D2) (Shutdown)
    iPhone 6s (10032744-A894-461A-A46C-3F68625D279F) (Shutdown)
    iPhone 6s Plus (C7474516-8BC4-494D-B353-9A43E858BECB) (Shutdown)
    iPhone 7 (095BE957-59A5-40DC-8C19-CC233DE65834) (Shutdown)
    iPhone 7 Plus (71CD436B-62FE-4E77-B4B1-141DA8DCFCB0) (Shutdown)
    iPhone SE (98F78E2A-DB6A-4AC0-8C14-D6E5EEAB3A78) (Shutdown)
    iPad Retina (E005803D-AD6E-4B02-8E73-26E34E1D2DFB) (Shutdown)
    iPad Air (C845E9E8-BCCF-4B6A-9DC0-7176B6C45088) (Shutdown)
    iPad Air 2 (9C272978-9090-46F8-A0E1-CA9EF05D3040) (Shutdown)
    iPad Pro (9.7 inch) (7D00EBC8-EE8A-4C97-89EC-24A72133D7D1) (Shutdown)
    iPad Pro (12.9 inch) (5194B462-90B4-407C-838C-0A5DF3095281) (Shutdown)
-- iOS 10.2 --
    iPhone 5 (23BC988C-3DD8-4027-BE64-FDA333D741CB) (Shutdown)
    iPhone 5s (11F71DF3-711C-4920-9B80-767D5CA7CB05) (Shutdown)
    iPhone 6 (C4C1038F-4E31-4A5D-9733-09FD90058A52) (Shutdown)
    iPhone 6 Plus (3487ADB4-E7B5-4842-9BC3-FCD2E995FAA9) (Shutdown)
    iPhone 6s (D75155C5-8AD6-4BAB-BE72-BF209823DB13) (Shutdown)
    iPhone 6s Plus (5DF34741-642E-4AB2-BE25-6D1E59EB2C8C) (Shutdown)
    iPhone 7 (08E9E2A5-51BC-4DC8-BAAC-C66F7752FF14) (Shutdown)
    iPhone 7 Plus (0D44A038-C6C1-4A85-8B6C-779F8DFBF4AF) (Shutdown)
    iPhone SE (E3060A30-152E-4AE9-9790-DA738BE7FE59) (Shutdown)
    iPad Retina (450552B9-1C3C-4A4D-A11E-682C07EF3721) (Shutdown)
    iPad Air (7B8E9C27-9FB7-47F1-99E6-A4D7778561F1) (Shutdown)
    iPad Air 2 (17A68E4D-4775-4557-A036-20AE8DC456A1) (Shutdown)
    iPad Pro (9.7 inch) (A63692DA-E9F8-45E9-9B29-4CFD2486325B) (Shutdown)
    iPad Pro (12.9 inch) (D467E82C-C9A3-4108-BD6C-DFA04E78CBE7) (Shutdown)
-- iOS 10.3 --
    iPhone 5 (807A1EA6-320A-4A50-9273-C73EF7F52AAF) (Shutdown)
    iPhone 5s (191CE0FE-13F2-4725-984A-D3D5B2EB5D31) (Shutdown)
    iPhone 6 (4A6642CF-3C07-4620-BEAB-771CA03F48F2) (Shutdown)
    iPhone 6 Plus (81039522-4E67-4DC9-AFB7-7BFF01687215) (Shutdown)
    iPhone 6s (DE4BC1CA-226F-4E5E-B9A6-4DAB8CE2C210) (Shutdown)
    iPhone 6s Plus (632E1BA5-840D-48B6-A62C-3ED78B6E8D0A) (Shutdown)
    iPhone 7 (2ADD55BF-370D-41FE-ACBA-1211F41FFBE8) (Shutdown)
    iPhone 7 Plus (A3D3D3E3-C1B8-476F-9D82-0360B6F7E14D) (Shutdown)
    iPhone SE (4DF473E5-08EB-4701-9C23-02587744734C) (Shutdown)
    iPad Retina (C6D39C9A-C03B-4095-B32D-269966525B94) (Shutdown)
    iPad Air (C9C9074B-8511-4CB5-96D5-582E25BE9120) (Shutdown)
    iPad Air 2 (653D6C9F-8F30-4AD0-8998-6DCFF35108F5) (Shutdown)
    iPad Pro (9.7 inch) (8FF09BA5-6F01-443B-AE31-FEE742660013) (Shutdown)
    iPad Pro (12.9 inch) (D662622F-1B6A-47C0-A5D7-50EDFDFE1E41) (Shutdown)
-- tvOS 9.0 --
    Apple TV 1080p (F733BEE0-EDB9-43F1-B369-C23FC225B685) (Shutdown)
-- tvOS 9.1 --
    Apple TV 1080p (D723D6FC-AF64-4D5B-9B20-11B4AA00C4C5) (Shutdown)
-- tvOS 9.2 --
    Apple TV 1080p (60B9EC4C-A9DB-462D-8AD0-ABC70F828E27) (Shutdown)
-- tvOS 10.0 --
    Apple TV 1080p (1C18FFEB-1D81-41D9-A3C9-A8AE59684D4F) (Shutdown)
-- tvOS 10.1 --
    Apple TV 1080p (7F0F245D-370B-460B-B13A-FA77B649752A) (Shutdown)
-- tvOS 10.2 --
    Apple TV 1080p (7D39A53E-3048-4EBB-BA4D-D6653978CD66) (Shutdown)
-- watchOS 2.0 --
    Apple Watch - 38mm (2FECD653-326D-4EEB-B269-57D6D4995F5C) (Shutdown)
    Apple Watch - 42mm (8B01A3F8-AA57-4056-A6C3-D0D4BF6AECED) (Shutdown)
-- watchOS 2.1 --
    Apple Watch - 38mm (DC46ABEF-45CC-4949-BA13-686336743D80) (Shutdown)
    Apple Watch - 42mm (9E168922-9FC8-40E6-AA83-F352F8BBFEB5) (Shutdown)
-- watchOS 2.2 --
    Apple Watch - 38mm (3A934C67-CFD9-4763-BF8A-EA2217A60792) (Shutdown)
    Apple Watch - 42mm (545946AC-54D2-4E02-8269-424197FE9B28) (Shutdown)
-- watchOS 3.2 --
    Apple Watch - 38mm (1C57FEDB-837B-472A-AB43-86B90EA1BA77) (Shutdown)
    Apple Watch - 42mm (A5740D69-CB79-469A-A1B8-6F06582B96F0) (Shutdown)
    Apple Watch Series 2 - 38mm (9EAFD3C2-0213-4C58-B09C-BFC7EC9D3FFC) (Shutdown)
    Apple Watch Series 2 - 42mm (4CED02C0-FF64-4E49-8DF0-FD6C6858CE8D) (Shutdown)
== Device Pairs ==
A0770B88-9F63-4B41-80D3-8365891EDC63 (active, disconnected)
    Watch: Apple Watch - 38mm (1C57FEDB-837B-472A-AB43-86B90EA1BA77) (Shutdown)
    Phone: iPhone 6s (DE4BC1CA-226F-4E5E-B9A6-4DAB8CE2C210) (Shutdown)
54BE2EDB-7FBD-48E6-B482-531DD0D81288 (active, disconnected)
    Watch: Apple Watch - 42mm (A5740D69-CB79-469A-A1B8-6F06582B96F0) (Shutdown)
    Phone: iPhone 6s Plus (632E1BA5-840D-48B6-A62C-3ED78B6E8D0A) (Shutdown)
C3728522-A11E-4A51-B971-FC9AB9ACDEAF (active, disconnected)
    Watch: Apple Watch Series 2 - 38mm (9EAFD3C2-0213-4C58-B09C-BFC7EC9D3FFC) (Shutdown)
    Phone: iPhone 7 (2ADD55BF-370D-41FE-ACBA-1211F41FFBE8) (Shutdown)
A497A768-D491-47A6-B3ED-20AAF3FCA2CB (active, disconnected)
    Watch: Apple Watch Series 2 - 42mm (4CED02C0-FF64-4E49-8DF0-FD6C6858CE8D) (Shutdown)
    Phone: iPhone 7 Plus (A3D3D3E3-C1B8-476F-9D82-0360B6F7E14D) (Shutdown)

========================================


=== OS X info =========================

* sw_vers
ProductName:	Mac OS X
ProductVersion:	10.12.3
BuildVersion:	16D32

* system_profiler SPSoftwareDataType
Software:

    System Software Overview:

      System Version: macOS 10.12.3 (16D32)
      Kernel Version: Darwin 16.4.0
      Boot Volume: Macintosh HD
      Boot Mode: Normal
      Computer Name: controlosxstagebhostondemandinternaltest.local
      User Name: vagrant (vagrant)
      Secure Virtual Memory: Enabled
      System Integrity Protection: Enabled
      Time since boot: 2 minutes


========================================


=== System infos =======================
* Free disk space: /dev/disk0s2  199Gi   97Gi  102Gi    49% 2373788 4292593491    0%   /
========================================


=== Environment infos =======================
MATCH_KEYCHAIN_PASSWORD environment set
========================================


=== Control tests ======================
source $HOME/.bash_profile ...
source $HOME/.bash_profile - PASSED
========================================

