 (i) Ignore Errors: enabled

#
# This System Report was generated by: https://github.com/bitrise-io/osx-box-bootstrap/blob/master/system_report.sh
#  Pull Requests are welcome!
#


=== Revision / ID ======================
* BITRISE_OSX_STACK_REV_ID: 2016_04_27_1
========================================


=== Pre-installed tool versions ========
* Go: go version go1.6.2 darwin/amd64
* Ruby: ruby 2.2.4p230 (2015-12-16 revision 53155) [x86_64-darwin15]
* Python: Python 2.7.10
* Java: java version "1.8.0_92"
Java(TM) SE Runtime Environment (build 1.8.0_92-b14)
Java HotSpot(TM) 64-Bit Server VM (build 25.92-b14, mixed mode)

* git: git version 2.8.2
git: 'lfs' is not a git command. See 'git --help'.

Did you mean this?
	log
* git lfs: 
* mercurial/hg: Mercurial Distributed SCM (version 3.8.1)
* curl: curl 7.43.0 (x86_64-apple-darwin15.0) libcurl/7.43.0 SecureTransport zlib/1.2.5
* wget: GNU Wget 1.17.1 built on darwin15.2.0.
* rsync: rsync  version 2.6.9  protocol version 29
* unzip: UnZip 5.52 of 28 February 2005, by Info-ZIP.  Maintained by C. Spieler.  Send
* zip: This is Zip 3.0 (July 5th 2008), by Info-ZIP.
* tar: bsdtar 2.8.3 - libarchive 2.8.3
* tree: tree v1.7.0 (c) 1996 - 2014 by Steve Baker, Thomas Moore, Francesc Rocher, Florian Sesser, Kyosuke Tokoro 

* brew: Homebrew 0.9.9 (git revision fbac; last commit 2016-07-02)
Homebrew/homebrew-core (git revision b4a57; last commit 2016-07-02)
* xctool: 0.2.9
* Node.js: v6.0.0
* NPM: 3.8.6
* Ansible: ansible 2.0.2.0
* gtimeout: timeout (GNU coreutils) 8.25
* watchman: 4.5.0
* flow: Flow, a static type checker for JavaScript, version 0.24.1
* carthage: 0.16.2
* wine: wine-1.8.2

--- Bitrise CLI tool versions
* bitrise: 1.3.5
* stepman: 0.9.19
* envman: 1.1.0
* bitrise-bridge: 0.9.8
* cmd-bridge: 0.9.4
========================================


=== Ruby GEMs ==========================
* Bundler: Bundler version 1.12.1
* CocoaPods: 0.39.0
* fastlane: fastlane 1.84.0
* xcpretty: 0.2.2
* Nomad CLI: 2.4.5.1
* Nomad CLI IPA / Shenzhen: ipa 0.14.2
========================================


=== Checking Xcode CLT dirs ============

 * ls -alh /usr/include/CommonCrypto
total 24
drwxr-xr-x   10 root  wheel   340B Feb  4 17:15 .
drwxr-xr-x  258 root  wheel   8.6K May  4 00:35 ..
-rw-r--r--    1 root  wheel   1.3K Feb  4 17:15 CommonCrypto.h
-rw-r--r--    1 root  wheel   2.4K Feb  4 17:15 CommonCryptoError.h
-rw-r--r--    1 root  wheel    33K Feb  4 17:15 CommonCryptor.h
-rw-r--r--    1 root  wheel    11K Feb  4 17:15 CommonDigest.h
-rw-r--r--    1 root  wheel   4.1K Feb  4 17:15 CommonHMAC.h
-rw-r--r--    1 root  wheel   4.6K Feb  4 17:15 CommonKeyDerivation.h
-rw-r--r--    1 root  wheel   1.7K Feb  4 17:15 CommonRandom.h
-rw-r--r--    1 root  wheel   6.1K Feb  4 17:15 CommonSymmetricKeywrap.h

 * ls -alh /Library/Developer/CommandLineTools/
total 0
drwxr-xr-x  4 root  admin   136B Mar  8 17:50 .
drwxr-xr-x  4 root  admin   136B May  4 02:46 ..
drwxr-xr-x  5 root  admin   170B Mar  8 17:58 Library
drwxr-xr-x  7 root  admin   238B Mar  8 17:54 usr

 * /Library/Developer/CommandLineTools/usr/bin/swift --version
Apple Swift version 2.2 (swiftlang-703.0.18.1 clang-703.0.29)
Target: x86_64-apple-macosx10.9

========================================


=== Xcode ==============================

* Active Xcode Command Line Tools:
/Applications/Xcode.app/Contents/Developer

* Xcode Version:
Xcode 7.3.1
Build version 7D1014

* Installed SDKs:
OS X SDKs:
	OS X 10.11                    	-sdk macosx10.11

iOS SDKs:
	iOS 9.3                       	-sdk iphoneos9.3

iOS Simulator SDKs:
	Simulator - iOS 9.3           	-sdk iphonesimulator9.3

tvOS SDKs:
	tvOS 9.2                      	-sdk appletvos9.2

tvOS Simulator SDKs:
	Simulator - tvOS 9.2          	-sdk appletvsimulator9.2

watchOS SDKs:
	watchOS 2.2                   	-sdk watchos2.2

watchOS Simulator SDKs:
	Simulator - watchOS 2.2       	-sdk watchsimulator2.2


* Available Simulators:
2016-07-02 12:56:07.484 simctl[758:3894] Failed to locate a valid instance of CoreSimulatorService in the bootstrap.  Adding it now.
== Device Types ==
iPhone 4s (com.apple.CoreSimulator.SimDeviceType.iPhone-4s)
iPhone 5 (com.apple.CoreSimulator.SimDeviceType.iPhone-5)
iPhone 5s (com.apple.CoreSimulator.SimDeviceType.iPhone-5s)
iPhone 6 (com.apple.CoreSimulator.SimDeviceType.iPhone-6)
iPhone 6 Plus (com.apple.CoreSimulator.SimDeviceType.iPhone-6-Plus)
iPhone 6s (com.apple.CoreSimulator.SimDeviceType.iPhone-6s)
iPhone 6s Plus (com.apple.CoreSimulator.SimDeviceType.iPhone-6s-Plus)
iPad 2 (com.apple.CoreSimulator.SimDeviceType.iPad-2)
iPad Retina (com.apple.CoreSimulator.SimDeviceType.iPad-Retina)
iPad Air (com.apple.CoreSimulator.SimDeviceType.iPad-Air)
iPad Air 2 (com.apple.CoreSimulator.SimDeviceType.iPad-Air-2)
iPad Pro (com.apple.CoreSimulator.SimDeviceType.iPad-Pro)
Apple TV 1080p (com.apple.CoreSimulator.SimDeviceType.Apple-TV-1080p)
Apple Watch - 38mm (com.apple.CoreSimulator.SimDeviceType.Apple-Watch-38mm)
Apple Watch - 42mm (com.apple.CoreSimulator.SimDeviceType.Apple-Watch-42mm)
== Runtimes ==
iOS 8.1 (8.1 - 12B411) (com.apple.CoreSimulator.SimRuntime.iOS-8-1)
iOS 8.2 (8.2 - 12D508) (com.apple.CoreSimulator.SimRuntime.iOS-8-2)
iOS 8.3 (8.3 - 12F70) (com.apple.CoreSimulator.SimRuntime.iOS-8-3)
iOS 8.4 (8.4 - 12H141) (com.apple.CoreSimulator.SimRuntime.iOS-8-4)
iOS 9.0 (9.0 - 13A344) (com.apple.CoreSimulator.SimRuntime.iOS-9-0)
iOS 9.1 (9.1 - 13B143) (com.apple.CoreSimulator.SimRuntime.iOS-9-1)
iOS 9.2 (9.2 - 13C75) (com.apple.CoreSimulator.SimRuntime.iOS-9-2)
iOS 9.3 (9.3 - 13E230) (com.apple.CoreSimulator.SimRuntime.iOS-9-3)
tvOS 9.0 (9.0 - 13T395) (com.apple.CoreSimulator.SimRuntime.tvOS-9-0)
tvOS 9.1 (9.1 - 13U85) (com.apple.CoreSimulator.SimRuntime.tvOS-9-1)
tvOS 9.2 (9.2 - 13Y227) (com.apple.CoreSimulator.SimRuntime.tvOS-9-2)
watchOS 2.0 (2.0 - 13S343) (com.apple.CoreSimulator.SimRuntime.watchOS-2-0)
watchOS 2.1 (2.1 - 13S661) (com.apple.CoreSimulator.SimRuntime.watchOS-2-1)
watchOS 2.2 (2.2 - 13V143) (com.apple.CoreSimulator.SimRuntime.watchOS-2-2)
== Devices ==
-- iOS 8.1 --
    iPhone 4s (A3240ED0-33A3-416F-A8DA-86636E6EF077) (Shutdown)
    iPhone 5 (7DE05378-CED7-4B36-8559-9A7766536546) (Shutdown)
    iPhone 5s (75BD192C-9437-494C-8A7D-ABD44A6B2183) (Shutdown)
    iPhone 6 (25F884E6-2F44-4FBA-AF71-F3E86B45E5A2) (Shutdown)
    iPhone 6 Plus (5DA0A9D0-C711-4288-B281-F1C183A8F349) (Shutdown)
    iPad 2 (4274BB0A-46ED-46E1-B71D-F292E70D3B2E) (Shutdown)
    iPad Retina (675C3B57-FCB4-4058-8173-9D3B175A1EF8) (Shutdown)
    iPad Air (0A7AB43F-A48E-4785-8F6A-641B6A853CA5) (Shutdown)
-- iOS 8.2 --
    iPhone 4s (EA25239B-7EF2-4AB7-AE18-2E347CB0EAEE) (Shutdown)
    iPhone 5 (5E90AF8C-CA2B-434D-BACE-690148CA7EB6) (Shutdown)
    iPhone 5s (3DD587DD-2D15-45BE-B731-06C4EA86885D) (Shutdown)
    iPhone 6 (54870726-16B7-4BE4-BA3E-EB07E9473C05) (Shutdown)
    iPhone 6 Plus (19995CE6-45BF-4D4F-AD42-A4C0F1A23261) (Shutdown)
    iPad 2 (22DB4185-24FE-4AE6-9C2C-E4FB6A99AED4) (Shutdown)
    iPad Retina (7B3C0DEA-77EE-48F0-BCD6-2EBBAD053137) (Shutdown)
    iPad Air (12968575-1158-4165-B703-745E4E57553A) (Shutdown)
-- iOS 8.3 --
    iPhone 4s (FCFF0D37-EB0E-4715-89CD-118307974A13) (Shutdown)
    iPhone 5 (003C26C7-0EE1-400F-BA37-0FCAA5A1CF81) (Shutdown)
    iPhone 5s (C789B31F-26D2-48BB-9E55-5BC31BBD15DC) (Shutdown)
    iPhone 6 (9074071E-A9F7-4F7C-8E05-0084253B1CF9) (Shutdown)
    iPhone 6 Plus (4A9368E8-EF7D-4213-B35A-BD1003760113) (Shutdown)
    iPad 2 (3AC304DB-02B2-4635-AA3D-704E1CE00A0D) (Shutdown)
    iPad Retina (4282C020-9A73-4A5E-B025-E0CA990A53E0) (Shutdown)
    iPad Air (CDC70908-5D1F-489C-95A7-0ADFFBA99BC1) (Shutdown)
-- iOS 8.4 --
    iPhone 4s (C47CBE6F-8E08-47BE-BFDD-6A6D1F079378) (Shutdown)
    iPhone 5 (AD99398D-3F0F-48E8-AB45-A0EFA12BE49F) (Shutdown)
    iPhone 5s (AB695E44-798E-4E8B-89EC-C3272D10B6E0) (Shutdown)
    iPhone 6 (0B7067C1-0136-48FB-89CA-E5EE49BD5F5D) (Shutdown)
    iPhone 6 Plus (69B933C3-3616-4EE7-83FC-037C8BF06EA6) (Shutdown)
    iPad 2 (97449947-8885-4626-9B0E-66F8ECB64313) (Shutdown)
    iPad Retina (7EAE51DC-B503-4BCD-810B-BA2529905187) (Shutdown)
    iPad Air (D60AC473-9EA0-45EA-80C7-DD4D59C85D86) (Shutdown)
-- iOS 9.0 --
    iPhone 4s (ACADE49A-D98E-45AE-858C-7CB95CE0849A) (Shutdown)
    iPhone 5 (CE3CE849-1701-4EDD-9212-8B87B118A3CA) (Shutdown)
    iPhone 5s (068581E0-9882-4354-A09D-25C76845FC43) (Shutdown)
    iPhone 6 (570C84A4-CB57-4E8C-9497-324E2987A814) (Shutdown)
    iPhone 6 Plus (106AFC9D-D0FB-49F8-86F3-18BDB2FB5404) (Shutdown)
    iPhone 6s (E5445F8A-6206-4832-81DA-EAB23768168D) (Shutdown)
    iPhone 6s Plus (E821D9B4-3ED4-482E-9F64-8E8FAA6CFD38) (Shutdown)
    iPad 2 (A07862E0-5E36-47ED-810B-B5A6362AC44B) (Shutdown)
    iPad Retina (FF1151BD-766D-447D-AA41-0AB1FAE05775) (Shutdown)
    iPad Air (BEE8DEB0-3703-4808-90D4-F8C49738F579) (Shutdown)
    iPad Air 2 (A42BF1EA-9F13-4398-A67E-86EA62D4DDD4) (Shutdown)
-- iOS 9.1 --
    iPhone 4s (40C3DC24-674B-49B6-9507-9C585759AFAD) (Shutdown)
    iPhone 5 (C982735B-6DCD-4C9A-976F-C470DC6875BF) (Shutdown)
    iPhone 5s (B4F8E540-097D-4F3C-8981-FBC8561195EE) (Shutdown)
    iPhone 6 (5F4E6D1D-87A6-4728-A723-3700EABB61DC) (Shutdown)
    iPhone 6 Plus (A443D738-AFFC-4826-A4AA-233C4DD5647A) (Shutdown)
    iPhone 6s (729FA0B1-CC39-484E-B10E-8327A2266C81) (Shutdown)
    iPhone 6s Plus (13913D7A-4846-4DA0-8D8D-7632E7644B29) (Shutdown)
    iPad 2 (E409280C-78CB-41E6-A4CE-C96E308684CB) (Shutdown)
    iPad Retina (BF0B4796-976D-4499-8567-25129354617E) (Shutdown)
    iPad Air (0C31397D-FAF8-4EF0-AE5B-9A20A3879E61) (Shutdown)
    iPad Air 2 (F4DFE854-EAE9-4502-8322-199D4BBC6E00) (Shutdown)
    iPad Pro (3B2903A9-58A3-4E79-AFB0-019D43EA4953) (Shutdown)
-- iOS 9.2 --
    iPhone 4s (CB61E29E-84EE-490D-8611-0021D21C8A14) (Shutdown)
    iPhone 5 (60C6FF96-F7D6-47A9-B82C-F11F16972822) (Shutdown)
    iPhone 5s (4FE3AFD6-8232-4113-8913-8F6575B2C210) (Shutdown)
    iPhone 6 (1B2769D5-A5A6-4B89-89E6-FB7C79BAE8D3) (Shutdown)
    iPhone 6 Plus (C06B428E-69BD-4161-8E24-0A186BDDBE03) (Shutdown)
    iPhone 6s (DC0C68D1-6B01-4E45-A227-F233DC6DB0A7) (Shutdown)
    iPhone 6s Plus (B619AD93-B2B5-4EF3-A43F-150EED89354E) (Shutdown)
    iPad 2 (9746EF05-4887-4E40-957D-186F3B846BE3) (Shutdown)
    iPad Retina (CB54F6F4-7592-4536-820B-B95688D80DBC) (Shutdown)
    iPad Air (6241A36A-8E61-4AB9-9800-B33D03324974) (Shutdown)
    iPad Air 2 (3DA9A473-0012-4FE4-BEB7-EA11CF717C83) (Shutdown)
    iPad Pro (6C630741-A412-46E6-9F7D-5D52D0CAA718) (Shutdown)
-- iOS 9.3 --
    iPhone 4s (39C2AB2C-B88A-423C-A3A8-FCFA36B2D751) (Shutdown)
    iPhone 5 (44FF5AF8-69F2-4E8A-AEFF-E388C1EBF288) (Shutdown)
    iPhone 5s (9A0F825E-23DC-4BC7-B737-A32B19D21F89) (Shutdown)
    iPhone 6 (242C2D3D-4DB6-4811-8948-D23D2B2E9F09) (Shutdown)
    iPhone 6 Plus (EB4351BC-8313-4C9B-9D6E-C54E7DE71353) (Shutdown)
    iPhone 6s (6740E3BD-D0C3-49B1-87D4-4FCF7F342356) (Shutdown)
    iPhone 6s Plus (67795F57-6F10-4802-9B2C-8BD70C010182) (Shutdown)
    iPad 2 (92D5F36B-0C20-4A28-ACAC-C8B1BDF2D5D1) (Shutdown)
    iPad Retina (396800A2-AE9D-4978-8FBD-00B9B9F98088) (Shutdown)
    iPad Air (269BE30E-3F3F-4088-AD29-E1B063BE1BF7) (Shutdown)
    iPad Air 2 (C7079943-86D1-45B5-A2DC-DCCC9BB3CF1B) (Shutdown)
    iPad Pro (7A5DA408-3CAA-4286-B966-3CC5624F23A7) (Shutdown)
-- tvOS 9.0 --
    Apple TV 1080p (F868C916-8C00-4E80-BC49-8E34C4DCB512) (Shutdown)
-- tvOS 9.1 --
    Apple TV 1080p (719FFCF2-13D4-45D6-9538-5F5A34B6489B) (Shutdown)
-- tvOS 9.2 --
    Apple TV 1080p (4D065ED3-970A-4335-BDAF-B60C31C534F6) (Shutdown)
-- watchOS 2.0 --
    Apple Watch - 38mm (14FFF2A3-922C-478B-AC15-03338947C8A4) (Shutdown)
    Apple Watch - 42mm (1B8EB175-ED09-4AC7-89B2-459703935487) (Shutdown)
-- watchOS 2.1 --
    Apple Watch - 38mm (E840AF70-4071-4BCB-B8D2-F7FA8D9A8DA1) (Shutdown)
    Apple Watch - 42mm (0B485431-10B5-452D-B84E-ADBFCA53A696) (Shutdown)
-- watchOS 2.2 --
    Apple Watch - 38mm (0E129F5A-7691-4442-AD42-4168006532BB) (Shutdown)
    Apple Watch - 42mm (93B7CD61-1844-4621-B3D0-B1ECA0CEB189) (Shutdown)
== Device Pairs ==
C7F297D1-4818-4B96-9572-57CDD062519F (active, disconnected)
    Watch: Apple Watch - 38mm (0E129F5A-7691-4442-AD42-4168006532BB) (Shutdown)
    Phone: iPhone 6s (6740E3BD-D0C3-49B1-87D4-4FCF7F342356) (Shutdown)
7C5D522B-AD9C-475A-AB78-56BD7E5393C2 (active, disconnected)
    Watch: Apple Watch - 42mm (93B7CD61-1844-4621-B3D0-B1ECA0CEB189) (Shutdown)
    Phone: iPhone 6s Plus (67795F57-6F10-4802-9B2C-8BD70C010182) (Shutdown)

========================================


=== OS X info =========================

* sw_vers
ProductName:	Mac OS X
ProductVersion:	10.11.4
BuildVersion:	15E65

* system_profiler SPSoftwareDataType
Software:

    System Software Overview:

      System Version: OS X 10.11.4 (15E65)
      Kernel Version: Darwin 15.4.0
      Boot Volume: Macintosh HD
      Boot Mode: Normal
      Computer Name: control-staging-1--host-ondemand_internal_test
      User Name: vagrant (vagrant)
      Secure Virtual Memory: Enabled
      System Integrity Protection: Enabled
      Time since boot: 1 minute


========================================


=== System infos =======================
* Free disk space: /dev/disk0s2   99Gi   65Gi   34Gi    66% 17138602 8865894   66%   /
========================================

