 (i) Ignore Errors: enabled

#
# This System Report was generated by: https://github.com/bitrise-io/osx-box-bootstrap/blob/master/system_report.sh
#  Pull Requests are welcome!
#


=== Revision / ID ======================
* BITRISE_OSX_STACK_REV_ID: v2021_06_15_1
========================================


=== Pre-installed tool versions ========
* Go: go version go1.16.5 darwin/amd64
* Python: Python 2.7.16
* Node.js: v12.22.1
* NPM: 6.14.12
* Yarn: 1.22.10
* Java: openjdk version "1.8.0_292"
OpenJDK Runtime Environment (AdoptOpenJDK)(build 1.8.0_292-b10)
OpenJDK 64-Bit Server VM (AdoptOpenJDK)(build 25.292-b10, mixed mode)
* Flutter: Flutter 1.26.0-17.8.pre вЂў channel unknown вЂў unknown source
* fvm: 2.1.0

* git: git version 2.32.0
* git lfs: git-lfs/2.13.3 (GitHub; darwin amd64; go 1.16.2)
* mercurial/hg: Mercurial Distributed SCM (version 5.8)
* curl: curl 7.64.1 (x86_64-apple-darwin19.0) libcurl/7.64.1 (SecureTransport) LibreSSL/2.8.3 zlib/1.2.11 nghttp2/1.39.2
* wget: GNU Wget 1.21.1 built on darwin19.6.0.
* rsync: rsync  version 2.6.9  protocol version 29
* unzip: UnZip 6.00 of 20 April 2009, by Info-ZIP.  Maintained by C. Spieler.  Send
* zip: This is Zip 3.0 (July 5th 2008), by Info-ZIP.
* tar: bsdtar 3.3.2 - libarchive 3.3.2 zlib/1.2.11 liblzma/5.0.5 bz2lib/1.0.6
* tree: tree v1.8.0 (c) 1996 - 2018 by Steve Baker, Thomas Moore, Francesc Rocher, Florian Sesser, Kyosuke Tokoro 

* brew: Homebrew 3.1.12
Homebrew/homebrew-core (git revision 803ea333d9; last commit 2021-06-15)
Homebrew/homebrew-cask (git revision 59ef557f23; last commit 2021-06-15)
* Ansible: ansible [core 2.11.0] 
  config file = /Users/vagrant/git/ansible.cfg
  configured module search path = ['/Users/vagrant/.ansible/plugins/modules', '/usr/share/ansible/plugins/modules']
  ansible python module location = /usr/local/Cellar/ansible/4.0.0/libexec/lib/python3.9/site-packages/ansible
  ansible collection location = /Users/vagrant/.ansible/collections:/usr/share/ansible/collections
  executable location = /usr/local/bin/ansible
* gtimeout: timeout (GNU coreutils) 8.32
* watchman: 2021.06.07.00
* flow: Flow, a static type checker for JavaScript, version 0.153.0
* carthage: 0.38.0
* imagemagick (convert): Version: ImageMagick 7.1.0-0 Q16 x86_64 2021-06-13 https://imagemagick.org
* ghostscript (ps2ascii): 9.54.0
* screen: Screen version 4.08.00 (GNU) 05-Feb-20
* firebase: 9.12.0
* applesimutils version 0.9.2
* jq: 1.6
* Version: 0.8.1
* XCLogParser 0.2.21
* Screen 4.08.00
* applesimutils 0.9.2
* OpenConnect version v8.10
* aws-cli: aws-cli/2.2.11 Python/3.9.5 Darwin/19.6.0 source/x86_64 prompt/off
* cmake: 3.20.4
* danger-swift: 3.10.1
[0;0m

--- Bitrise CLI tool versions
* bitrise: 1.47.1
* stepman: 0.13.1
* envman: 2.3.1
* cmd-bridge: 0.9.5
========================================


=== Brew list versions ==================
ansible 4.0.0
ant 1.10.10
aom 3.1.1
applesimutils 0.9.2
autoconf 2.71
awscli 2.2.11
bdw-gc 8.0.4_2
boost 1.76.0
brotli 1.0.9
c-ares 1.17.1
carthage 0.38.0
cmake 3.20.4
coreutils 8.32
danger-js 10.6.4
danger-swift 3.10.1
dart 2.13.3
docbook 5.1_1
docbook-xsl 1.79.2_1
double-conversion 3.1.5_1
flow 0.153.0
fmt 7.1.3
folly 2021.06.14.00
fontconfig 2.13.1
freetype 2.10.4
fvm 2.1.0
gdbm 1.19
gettext 0.21
gflags 2.2.2
ghostscript 9.54.0
git 2.32.0
git-lfs 2.13.3
glib 2.68.3
glog 0.5.0
gmp 6.2.1
gnu-getopt 2.37
gnutls 3.6.16
go 1.16.5
go@1.15 1.15.13
gradle 7.1
guile 3.0.7
icu4c 69.1
imagemagick 7.1.0-0
imath 3.0.4
jbig2dec 0.19
jemalloc 5.2.1_1
jenv 0.5.4
jpeg 9d
jq 1.6
libde265 1.0.8
libev 4.33
libevent 2.1.12
libffi 3.3_3
libheif 1.12.0
libidn 1.37
libidn2 2.3.1
liblqr 0.4.2_1
libomp 12.0.0
libpng 1.6.37
libtasn1 4.17.0
libtiff 4.3.0
libtool 2.4.6_3
libunistring 0.9.10
libuv 1.41.0
libyaml 0.2.5
little-cms2 2.12
lz4 1.9.3
m4 1.4.18
maven 3.8.1
mercurial 5.8
mpdecimal 2.5.1
nettle 3.7.3
nghttp2 1.43.0
node 16.3.0
node@12 12.22.1_1
oniguruma 6.9.7.1
openconnect 8.10
openexr 3.0.4
openjdk 16.0.1
openjpeg 2.4.0
openssl@1.1 1.1.1k
p11-kit 0.24.0
pcre 8.44
pcre2 10.37
pkg-config 0.29.2_3
python@3.9 3.9.5
rbenv 1.1.2
readline 8.1
ruby-build 20210611
screen 4.8.0
shared-mime-info 2.1
snappy 1.1.9
sqlite 3.35.5
stoken 0.92_1
tree 1.8.0
unbound 1.13.1
watchman 2021.06.07.00
webp 1.2.0
wget 1.21.1
x265 3.5
xmlto 0.0.28
xz 5.2.5
yarn 1.22.10
zstd 1.5.0
========================================


=== Brew deps tree ==================
adoptopenjdk/openjdk/adoptopenjdk11

adoptopenjdk/openjdk/adoptopenjdk8

ansible
в”њв”Ђв”Ђ libyaml
в”њв”Ђв”Ђ openssl@1.1
в””в”Ђв”Ђ python@3.9
    в”њв”Ђв”Ђ gdbm
    в”њв”Ђв”Ђ mpdecimal
    в”њв”Ђв”Ђ openssl@1.1
    в”њв”Ђв”Ђ readline
    в”њв”Ђв”Ђ sqlite
    в”‚   в””в”Ђв”Ђ readline
    в””в”Ђв”Ђ xz

ant
в””в”Ђв”Ђ openjdk

aom

wix/brew/applesimutils

autoconf
в””в”Ђв”Ђ m4

awscli
в””в”Ђв”Ђ python@3.9
    в”њв”Ђв”Ђ gdbm
    в”њв”Ђв”Ђ mpdecimal
    в”њв”Ђв”Ђ openssl@1.1
    в”њв”Ђв”Ђ readline
    в”њв”Ђв”Ђ sqlite
    в”‚   в””в”Ђв”Ђ readline
    в””в”Ђв”Ђ xz

bdw-gc

boost
в””в”Ђв”Ђ icu4c

brotli

c-ares

carthage

cmake

coreutils

danger/tap/danger-js

danger/tap/danger-swift
в””в”Ђв”Ђ danger/tap/danger-js

dart-lang/dart/dart

docbook

docbook-xsl
в””в”Ђв”Ђ docbook

double-conversion

flow

fmt

folly
в”њв”Ђв”Ђ boost
в”‚   в””в”Ђв”Ђ icu4c
в”њв”Ђв”Ђ double-conversion
в”њв”Ђв”Ђ fmt
в”њв”Ђв”Ђ gflags
в”њв”Ђв”Ђ glog
в”‚   в””в”Ђв”Ђ gflags
в”њв”Ђв”Ђ libevent
в”‚   в””в”Ђв”Ђ openssl@1.1
в”њв”Ђв”Ђ lz4
в”њв”Ђв”Ђ openssl@1.1
в”њв”Ђв”Ђ snappy
в”њв”Ђв”Ђ xz
в””в”Ђв”Ђ zstd

fontconfig
в””в”Ђв”Ђ freetype
    в””в”Ђв”Ђ libpng

freetype
в””в”Ђв”Ђ libpng

leoafarias/fvm/fvm

gdbm

gettext

gflags

ghostscript
в”њв”Ђв”Ђ fontconfig
в”‚   в””в”Ђв”Ђ freetype
в”‚       в””в”Ђв”Ђ libpng
в”њв”Ђв”Ђ freetype
в”‚   в””в”Ђв”Ђ libpng
в”њв”Ђв”Ђ jbig2dec
в”њв”Ђв”Ђ jpeg
в”њв”Ђв”Ђ libidn
в”њв”Ђв”Ђ libpng
в”њв”Ђв”Ђ libtiff
в”‚   в””в”Ђв”Ђ jpeg
в”њв”Ђв”Ђ little-cms2
в”‚   в”њв”Ђв”Ђ jpeg
в”‚   в””в”Ђв”Ђ libtiff
в”‚       в””в”Ђв”Ђ jpeg
в””в”Ђв”Ђ openjpeg
    в”њв”Ђв”Ђ libpng
    в”њв”Ђв”Ђ libtiff
    в”‚   в””в”Ђв”Ђ jpeg
    в””в”Ђв”Ђ little-cms2
        в”њв”Ђв”Ђ jpeg
        в””в”Ђв”Ђ libtiff
            в””в”Ђв”Ђ jpeg

git
в”њв”Ђв”Ђ gettext
в””в”Ђв”Ђ pcre2

git-lfs

glib
в”њв”Ђв”Ђ gettext
в”њв”Ђв”Ђ libffi
в”њв”Ђв”Ђ pcre
в””в”Ђв”Ђ python@3.9
    в”њв”Ђв”Ђ gdbm
    в”њв”Ђв”Ђ mpdecimal
    в”њв”Ђв”Ђ openssl@1.1
    в”њв”Ђв”Ђ readline
    в”њв”Ђв”Ђ sqlite
    в”‚   в””в”Ђв”Ђ readline
    в””в”Ђв”Ђ xz

glog
в””в”Ђв”Ђ gflags

gmp

gnu-getopt

gnutls
в”њв”Ђв”Ђ gmp
в”њв”Ђв”Ђ guile
в”‚   в”њв”Ђв”Ђ bdw-gc
в”‚   в”њв”Ђв”Ђ gmp
в”‚   в”њв”Ђв”Ђ libffi
в”‚   в”њв”Ђв”Ђ libtool
в”‚   в”‚   в””в”Ђв”Ђ m4
в”‚   в”њв”Ђв”Ђ libunistring
в”‚   в”њв”Ђв”Ђ pkg-config
в”‚   в””в”Ђв”Ђ readline
в”њв”Ђв”Ђ libidn2
в”‚   в”њв”Ђв”Ђ gettext
в”‚   в””в”Ђв”Ђ libunistring
в”њв”Ђв”Ђ libtasn1
в”њв”Ђв”Ђ libunistring
в”њв”Ђв”Ђ nettle
в”‚   в””в”Ђв”Ђ gmp
в”њв”Ђв”Ђ p11-kit
в”‚   в””в”Ђв”Ђ libffi
в””в”Ђв”Ђ unbound
    в”њв”Ђв”Ђ libevent
    в”‚   в””в”Ђв”Ђ openssl@1.1
    в”њв”Ђв”Ђ nghttp2
    в”‚   в”њв”Ђв”Ђ c-ares
    в”‚   в”њв”Ђв”Ђ jemalloc
    в”‚   в”њв”Ђв”Ђ libev
    в”‚   в””в”Ђв”Ђ openssl@1.1
    в””в”Ђв”Ђ openssl@1.1

go

go@1.15

gradle
в””в”Ђв”Ђ openjdk

guile
в”њв”Ђв”Ђ bdw-gc
в”њв”Ђв”Ђ gmp
в”њв”Ђв”Ђ libffi
в”њв”Ђв”Ђ libtool
в”‚   в””в”Ђв”Ђ m4
в”њв”Ђв”Ђ libunistring
в”њв”Ђв”Ђ pkg-config
в””в”Ђв”Ђ readline

icu4c

imagemagick
в”њв”Ђв”Ђ freetype
в”‚   в””в”Ђв”Ђ libpng
в”њв”Ђв”Ђ ghostscript
в”‚   в”њв”Ђв”Ђ fontconfig
в”‚   в”‚   в””в”Ђв”Ђ freetype
в”‚   в”‚       в””в”Ђв”Ђ libpng
в”‚   в”њв”Ђв”Ђ freetype
в”‚   в”‚   в””в”Ђв”Ђ libpng
в”‚   в”њв”Ђв”Ђ jbig2dec
в”‚   в”њв”Ђв”Ђ jpeg
в”‚   в”њв”Ђв”Ђ libidn
в”‚   в”њв”Ђв”Ђ libpng
в”‚   в”њв”Ђв”Ђ libtiff
в”‚   в”‚   в””в”Ђв”Ђ jpeg
в”‚   в”њв”Ђв”Ђ little-cms2
в”‚   в”‚   в”њв”Ђв”Ђ jpeg
в”‚   в”‚   в””в”Ђв”Ђ libtiff
в”‚   в”‚       в””в”Ђв”Ђ jpeg
в”‚   в””в”Ђв”Ђ openjpeg
в”‚       в”њв”Ђв”Ђ libpng
в”‚       в”њв”Ђв”Ђ libtiff
в”‚       в”‚   в””в”Ђв”Ђ jpeg
в”‚       в””в”Ђв”Ђ little-cms2
в”‚           в”њв”Ђв”Ђ jpeg
в”‚           в””в”Ђв”Ђ libtiff
в”‚               в””в”Ђв”Ђ jpeg
в”њв”Ђв”Ђ jpeg
в”њв”Ђв”Ђ libheif
в”‚   в”њв”Ђв”Ђ aom
в”‚   в”њв”Ђв”Ђ jpeg
в”‚   в”њв”Ђв”Ђ libde265
в”‚   в”њв”Ђв”Ђ libpng
в”‚   в”њв”Ђв”Ђ shared-mime-info
в”‚   в”‚   в”њв”Ђв”Ђ gettext
в”‚   в”‚   в”њв”Ђв”Ђ glib
в”‚   в”‚   в”‚   в”њв”Ђв”Ђ gettext
в”‚   в”‚   в”‚   в”њв”Ђв”Ђ libffi
в”‚   в”‚   в”‚   в”њв”Ђв”Ђ pcre
в”‚   в”‚   в”‚   в””в”Ђв”Ђ python@3.9
в”‚   в”‚   в”‚       в”њв”Ђв”Ђ gdbm
в”‚   в”‚   в”‚       в”њв”Ђв”Ђ mpdecimal
в”‚   в”‚   в”‚       в”њв”Ђв”Ђ openssl@1.1
в”‚   в”‚   в”‚       в”њв”Ђв”Ђ readline
в”‚   в”‚   в”‚       в”њв”Ђв”Ђ sqlite
в”‚   в”‚   в”‚       в”‚   в””в”Ђв”Ђ readline
в”‚   в”‚   в”‚       в””в”Ђв”Ђ xz
в”‚   в”‚   в””в”Ђв”Ђ xmlto
в”‚   в”‚       в”њв”Ђв”Ђ docbook
в”‚   в”‚       в”њв”Ђв”Ђ docbook-xsl
в”‚   в”‚       в”‚   в””в”Ђв”Ђ docbook
в”‚   в”‚       в””в”Ђв”Ђ gnu-getopt
в”‚   в””в”Ђв”Ђ x265
в”њв”Ђв”Ђ liblqr
в”‚   в””в”Ђв”Ђ glib
в”‚       в”њв”Ђв”Ђ gettext
в”‚       в”њв”Ђв”Ђ libffi
в”‚       в”њв”Ђв”Ђ pcre
в”‚       в””в”Ђв”Ђ python@3.9
в”‚           в”њв”Ђв”Ђ gdbm
в”‚           в”њв”Ђв”Ђ mpdecimal
в”‚           в”њв”Ђв”Ђ openssl@1.1
в”‚           в”њв”Ђв”Ђ readline
в”‚           в”њв”Ђв”Ђ sqlite
в”‚           в”‚   в””в”Ђв”Ђ readline
в”‚           в””в”Ђв”Ђ xz
в”њв”Ђв”Ђ libomp
в”њв”Ђв”Ђ libpng
в”њв”Ђв”Ђ libtiff
в”‚   в””в”Ђв”Ђ jpeg
в”њв”Ђв”Ђ libtool
в”‚   в””в”Ђв”Ђ m4
в”њв”Ђв”Ђ little-cms2
в”‚   в”њв”Ђв”Ђ jpeg
в”‚   в””в”Ђв”Ђ libtiff
в”‚       в””в”Ђв”Ђ jpeg
в”њв”Ђв”Ђ openexr
в”‚   в””в”Ђв”Ђ imath
в”њв”Ђв”Ђ openjpeg
в”‚   в”њв”Ђв”Ђ libpng
в”‚   в”њв”Ђв”Ђ libtiff
в”‚   в”‚   в””в”Ђв”Ђ jpeg
в”‚   в””в”Ђв”Ђ little-cms2
в”‚       в”њв”Ђв”Ђ jpeg
в”‚       в””в”Ђв”Ђ libtiff
в”‚           в””в”Ђв”Ђ jpeg
в”њв”Ђв”Ђ webp
в”‚   в”њв”Ђв”Ђ jpeg
в”‚   в”њв”Ђв”Ђ libpng
в”‚   в””в”Ђв”Ђ libtiff
в”‚       в””в”Ђв”Ђ jpeg
в””в”Ђв”Ђ xz

imath

jbig2dec

jemalloc

jenv

jpeg

jq
в””в”Ђв”Ђ oniguruma

libde265

libev

libevent
в””в”Ђв”Ђ openssl@1.1

libffi

libheif
в”њв”Ђв”Ђ aom
в”њв”Ђв”Ђ jpeg
в”њв”Ђв”Ђ libde265
в”њв”Ђв”Ђ libpng
в”њв”Ђв”Ђ shared-mime-info
в”‚   в”њв”Ђв”Ђ gettext
в”‚   в”њв”Ђв”Ђ glib
в”‚   в”‚   в”њв”Ђв”Ђ gettext
в”‚   в”‚   в”њв”Ђв”Ђ libffi
в”‚   в”‚   в”њв”Ђв”Ђ pcre
в”‚   в”‚   в””в”Ђв”Ђ python@3.9
в”‚   в”‚       в”њв”Ђв”Ђ gdbm
в”‚   в”‚       в”њв”Ђв”Ђ mpdecimal
в”‚   в”‚       в”њв”Ђв”Ђ openssl@1.1
в”‚   в”‚       в”њв”Ђв”Ђ readline
в”‚   в”‚       в”њв”Ђв”Ђ sqlite
в”‚   в”‚       в”‚   в””в”Ђв”Ђ readline
в”‚   в”‚       в””в”Ђв”Ђ xz
в”‚   в””в”Ђв”Ђ xmlto
в”‚       в”њв”Ђв”Ђ docbook
в”‚       в”њв”Ђв”Ђ docbook-xsl
в”‚       в”‚   в””в”Ђв”Ђ docbook
в”‚       в””в”Ђв”Ђ gnu-getopt
в””в”Ђв”Ђ x265

libidn

libidn2
в”њв”Ђв”Ђ gettext
в””в”Ђв”Ђ libunistring

liblqr
в””в”Ђв”Ђ glib
    в”њв”Ђв”Ђ gettext
    в”њв”Ђв”Ђ libffi
    в”њв”Ђв”Ђ pcre
    в””в”Ђв”Ђ python@3.9
        в”њв”Ђв”Ђ gdbm
        в”њв”Ђв”Ђ mpdecimal
        в”њв”Ђв”Ђ openssl@1.1
        в”њв”Ђв”Ђ readline
        в”њв”Ђв”Ђ sqlite
        в”‚   в””в”Ђв”Ђ readline
        в””в”Ђв”Ђ xz

libomp

libpng

libtasn1

libtiff
в””в”Ђв”Ђ jpeg

libtool
в””в”Ђв”Ђ m4

libunistring

libuv

libyaml

little-cms2
в”њв”Ђв”Ђ jpeg
в””в”Ђв”Ђ libtiff
    в””в”Ђв”Ђ jpeg

lz4

m4

maven
в””в”Ђв”Ђ openjdk

mercurial
в””в”Ђв”Ђ python@3.9
    в”њв”Ђв”Ђ gdbm
    в”њв”Ђв”Ђ mpdecimal
    в”њв”Ђв”Ђ openssl@1.1
    в”њв”Ђв”Ђ readline
    в”њв”Ђв”Ђ sqlite
    в”‚   в””в”Ђв”Ђ readline
    в””в”Ђв”Ђ xz

mpdecimal

nettle
в””в”Ђв”Ђ gmp

nghttp2
в”њв”Ђв”Ђ c-ares
в”њв”Ђв”Ђ jemalloc
в”њв”Ђв”Ђ libev
в””в”Ђв”Ђ openssl@1.1

node
в”њв”Ђв”Ђ brotli
в”њв”Ђв”Ђ c-ares
в”њв”Ђв”Ђ icu4c
в”њв”Ђв”Ђ libuv
в”њв”Ђв”Ђ nghttp2
в”‚   в”њв”Ђв”Ђ c-ares
в”‚   в”њв”Ђв”Ђ jemalloc
в”‚   в”њв”Ђв”Ђ libev
в”‚   в””в”Ђв”Ђ openssl@1.1
в””в”Ђв”Ђ openssl@1.1

node@12
в””в”Ђв”Ђ icu4c

oniguruma

openconnect
в”њв”Ђв”Ђ gettext
в”њв”Ђв”Ђ gnutls
в”‚   в”њв”Ђв”Ђ gmp
в”‚   в”њв”Ђв”Ђ guile
в”‚   в”‚   в”њв”Ђв”Ђ bdw-gc
в”‚   в”‚   в”њв”Ђв”Ђ gmp
в”‚   в”‚   в”њв”Ђв”Ђ libffi
в”‚   в”‚   в”њв”Ђв”Ђ libtool
в”‚   в”‚   в”‚   в””в”Ђв”Ђ m4
в”‚   в”‚   в”њв”Ђв”Ђ libunistring
в”‚   в”‚   в”њв”Ђв”Ђ pkg-config
в”‚   в”‚   в””в”Ђв”Ђ readline
в”‚   в”њв”Ђв”Ђ libidn2
в”‚   в”‚   в”њв”Ђв”Ђ gettext
в”‚   в”‚   в””в”Ђв”Ђ libunistring
в”‚   в”њв”Ђв”Ђ libtasn1
в”‚   в”њв”Ђв”Ђ libunistring
в”‚   в”њв”Ђв”Ђ nettle
в”‚   в”‚   в””в”Ђв”Ђ gmp
в”‚   в”њв”Ђв”Ђ p11-kit
в”‚   в”‚   в””в”Ђв”Ђ libffi
в”‚   в””в”Ђв”Ђ unbound
в”‚       в”њв”Ђв”Ђ libevent
в”‚       в”‚   в””в”Ђв”Ђ openssl@1.1
в”‚       в”њв”Ђв”Ђ nghttp2
в”‚       в”‚   в”њв”Ђв”Ђ c-ares
в”‚       в”‚   в”њв”Ђв”Ђ jemalloc
в”‚       в”‚   в”њв”Ђв”Ђ libev
в”‚       в”‚   в””в”Ђв”Ђ openssl@1.1
в”‚       в””в”Ђв”Ђ openssl@1.1
в””в”Ђв”Ђ stoken
    в””в”Ђв”Ђ nettle
        в””в”Ђв”Ђ gmp

openexr
в””в”Ђв”Ђ imath

openjdk

openjpeg
в”њв”Ђв”Ђ libpng
в”њв”Ђв”Ђ libtiff
в”‚   в””в”Ђв”Ђ jpeg
в””в”Ђв”Ђ little-cms2
    в”њв”Ђв”Ђ jpeg
    в””в”Ђв”Ђ libtiff
        в””в”Ђв”Ђ jpeg

openssl@1.1

p11-kit
в””в”Ђв”Ђ libffi

pcre

pcre2

pkg-config

python@3.9
в”њв”Ђв”Ђ gdbm
в”њв”Ђв”Ђ mpdecimal
в”њв”Ђв”Ђ openssl@1.1
в”њв”Ђв”Ђ readline
в”њв”Ђв”Ђ sqlite
в”‚   в””в”Ђв”Ђ readline
в””в”Ђв”Ђ xz

rbenv
в””в”Ђв”Ђ ruby-build
    в”њв”Ђв”Ђ autoconf
    в”‚   в””в”Ђв”Ђ m4
    в”њв”Ђв”Ђ pkg-config
    в””в”Ђв”Ђ readline

readline

ruby-build
в”њв”Ђв”Ђ autoconf
в”‚   в””в”Ђв”Ђ m4
в”њв”Ђв”Ђ pkg-config
в””в”Ђв”Ђ readline

screen

shared-mime-info
в”њв”Ђв”Ђ gettext
в”њв”Ђв”Ђ glib
в”‚   в”њв”Ђв”Ђ gettext
в”‚   в”њв”Ђв”Ђ libffi
в”‚   в”њв”Ђв”Ђ pcre
в”‚   в””в”Ђв”Ђ python@3.9
в”‚       в”њв”Ђв”Ђ gdbm
в”‚       в”њв”Ђв”Ђ mpdecimal
в”‚       в”њв”Ђв”Ђ openssl@1.1
в”‚       в”њв”Ђв”Ђ readline
в”‚       в”њв”Ђв”Ђ sqlite
в”‚       в”‚   в””в”Ђв”Ђ readline
в”‚       в””в”Ђв”Ђ xz
в””в”Ђв”Ђ xmlto
    в”њв”Ђв”Ђ docbook
    в”њв”Ђв”Ђ docbook-xsl
    в”‚   в””в”Ђв”Ђ docbook
    в””в”Ђв”Ђ gnu-getopt

snappy

sqlite
в””в”Ђв”Ђ readline

stoken
в””в”Ђв”Ђ nettle
    в””в”Ђв”Ђ gmp

tree

unbound
в”њв”Ђв”Ђ libevent
в”‚   в””в”Ђв”Ђ openssl@1.1
в”њв”Ђв”Ђ nghttp2
в”‚   в”њв”Ђв”Ђ c-ares
в”‚   в”њв”Ђв”Ђ jemalloc
в”‚   в”њв”Ђв”Ђ libev
в”‚   в””в”Ђв”Ђ openssl@1.1
в””в”Ђв”Ђ openssl@1.1

watchman
в”њв”Ђв”Ђ boost
в”‚   в””в”Ђв”Ђ icu4c
в”њв”Ђв”Ђ fmt
в”њв”Ђв”Ђ folly
в”‚   в”њв”Ђв”Ђ boost
в”‚   в”‚   в””в”Ђв”Ђ icu4c
в”‚   в”њв”Ђв”Ђ double-conversion
в”‚   в”њв”Ђв”Ђ fmt
в”‚   в”њв”Ђв”Ђ gflags
в”‚   в”њв”Ђв”Ђ glog
в”‚   в”‚   в””в”Ђв”Ђ gflags
в”‚   в”њв”Ђв”Ђ libevent
в”‚   в”‚   в””в”Ђв”Ђ openssl@1.1
в”‚   в”њв”Ђв”Ђ lz4
в”‚   в”њв”Ђв”Ђ openssl@1.1
в”‚   в”њв”Ђв”Ђ snappy
в”‚   в”њв”Ђв”Ђ xz
в”‚   в””в”Ђв”Ђ zstd
в”њв”Ђв”Ђ gflags
в”њв”Ђв”Ђ glog
в”‚   в””в”Ђв”Ђ gflags
в”њв”Ђв”Ђ libevent
в”‚   в””в”Ђв”Ђ openssl@1.1
в”њв”Ђв”Ђ openssl@1.1
в”њв”Ђв”Ђ pcre
в””в”Ђв”Ђ python@3.9
    в”њв”Ђв”Ђ gdbm
    в”њв”Ђв”Ђ mpdecimal
    в”њв”Ђв”Ђ openssl@1.1
    в”њв”Ђв”Ђ readline
    в”њв”Ђв”Ђ sqlite
    в”‚   в””в”Ђв”Ђ readline
    в””в”Ђв”Ђ xz

webp
в”њв”Ђв”Ђ jpeg
в”њв”Ђв”Ђ libpng
в””в”Ђв”Ђ libtiff
    в””в”Ђв”Ђ jpeg

wget
в”њв”Ђв”Ђ libidn2
в”‚   в”њв”Ђв”Ђ gettext
в”‚   в””в”Ђв”Ђ libunistring
в””в”Ђв”Ђ openssl@1.1

x265

xmlto
в”њв”Ђв”Ђ docbook
в”њв”Ђв”Ђ docbook-xsl
в”‚   в””в”Ђв”Ђ docbook
в””в”Ђв”Ђ gnu-getopt

xz

yarn
в””в”Ђв”Ђ node
    в”њв”Ђв”Ђ brotli
    в”њв”Ђв”Ђ c-ares
    в”њв”Ђв”Ђ icu4c
    в”њв”Ђв”Ђ libuv
    в”њв”Ђв”Ђ nghttp2
    в”‚   в”њв”Ђв”Ђ c-ares
    в”‚   в”њв”Ђв”Ђ jemalloc
    в”‚   в”њв”Ђв”Ђ libev
    в”‚   в””в”Ђв”Ђ openssl@1.1
    в””в”Ђв”Ђ openssl@1.1

zstd

========================================


=== Ruby and rubygems ==================
* Ruby (default): ruby 2.6.5p114 (2019-10-01 revision 67812) [x86_64-darwin19]
--- Available ruby versions ---
  system
  2.4.5
  2.5.3
* 2.6.5 (set by /Users/vagrant/.rbenv/version)
  2.7.2
  3.0.0
-------------------------------
* rbenv: 1.1.2
* Rubygems: 3.0.3
* Bundler: Bundler version 2.1.4
* CocoaPods: 1.10.1
* xcpretty: 0.3.0
========================================


=== All Ruby GEMs ======================
activesupport (5.2.6)
addressable (2.7.0)
algoliasearch (1.27.5)
artifactory (3.0.15)
atomos (0.1.3)
aws-eventstream (1.1.0)
aws-partitions (1.430.0)
aws-sdk-core (3.112.0)
aws-sdk-kms (1.42.0)
aws-sdk-s3 (1.89.0)
aws-sigv4 (1.2.2)
babosa (1.0.4)
bigdecimal (default: 1.4.1)
bundler (2.1.4, default: 1.17.2)
CFPropertyList (3.0.3)
claide (1.0.3)
clamp (1.3.2)
cmath (default: 1.0.0)
cocoapods (1.10.1)
cocoapods-core (1.10.1)
cocoapods-deintegrate (1.0.4)
cocoapods-downloader (1.4.0)
cocoapods-plugins (1.0.0)
cocoapods-search (1.0.0)
cocoapods-trunk (1.5.0)
cocoapods-try (1.2.0)
colored (1.2)
colored2 (3.1.2)
commander-fastlane (4.4.6)
concurrent-ruby (1.1.8)
csv (default: 3.0.9)
date (default: 2.0.0)
dbm (default: 1.0.0)
declarative (0.0.20)
declarative-option (0.1.0)
did_you_mean (1.3.0)
digest-crc (0.6.3)
domain_name (0.5.20190701)
dotenv (2.7.6)
e2mmap (default: 0.1.0)
emoji_regex (3.2.2)
escape (0.0.4)
etc (default: 1.0.1)
ethon (0.14.0)
excon (0.79.0)
faraday (1.3.0)
faraday-cookie_jar (0.0.7)
faraday-net_http (1.0.1)
faraday_middleware (1.0.0)
fastimage (2.2.3)
fastlane (2.176.0, 2.166.0)
fcntl (default: 1.0.0)
ffi (1.15.1)
fiddle (default: 1.0.0)
fileutils (default: 1.1.0)
forwardable (default: 1.2.0)
fourflusher (2.3.1)
fuzzy_match (2.0.4)
gh_inspector (1.1.3)
google-api-client (0.38.0)
google-apis-core (0.2.1)
google-apis-iamcredentials_v1 (0.1.0)
google-apis-storage_v1 (0.2.0)
google-cloud-core (1.5.0)
google-cloud-env (1.4.0)
google-cloud-errors (1.0.1)
google-cloud-storage (1.30.0)
googleauth (0.15.1)
highline (1.7.10)
http-cookie (1.0.3)
httpclient (2.8.3)
i18n (1.8.10)
io-console (default: 0.4.7)
ipaddr (default: 1.2.2)
irb (default: 1.0.0)
jazzy (0.13.6)
jmespath (1.4.0)
json (default: 2.1.0)
jwt (2.2.2)
liferaft (0.0.6)
logger (default: 1.3.0)
matrix (default: 0.1.0)
memoist (0.16.2)
mini_magick (4.11.0)
mini_mime (1.0.2)
minitest (5.11.3)
molinillo (0.6.6)
multi_json (1.15.0)
multipart-post (2.0.0)
mustache (1.1.1)
mutex_m (default: 0.1.0)
nanaimo (0.3.0)
nap (1.1.0)
naturally (2.2.1)
net-telnet (0.2.0)
netrc (0.11.0)
nokogiri (1.11.6 x86_64-darwin)
open4 (1.3.4)
openssl (default: 2.1.2)
os (1.1.1)
ostruct (default: 0.1.0)
plist (3.6.0)
power_assert (1.1.3)
prime (default: 0.1.0)
psych (default: 3.1.0)
public_suffix (4.0.6)
racc (1.5.2)
rake (12.3.2)
rdoc (default: 6.1.2)
redcarpet (3.5.1)
representable (3.0.4)
retriable (3.1.2)
rexml (default: 3.1.9)
rouge (2.0.7)
rss (default: 0.2.7)
ruby-macho (1.4.0)
ruby2_keywords (0.0.4)
rubyzip (2.3.0)
sassc (2.4.0)
scanf (default: 1.0.0)
sdbm (default: 1.0.0)
security (0.1.3)
shell (default: 0.7)
signet (0.14.1)
simctl (1.6.8)
slack-notifier (2.3.2)
slather (2.5.0)
sqlite3 (1.4.2)
stringio (default: 0.0.2)
strscan (default: 1.0.0)
sync (default: 0.5.0)
terminal-notifier (2.0.0)
terminal-table (1.8.0)
test-unit (3.2.9)
thread_safe (0.3.6)
thwait (default: 0.1.0)
tracer (default: 0.1.0)
trainer (0.9.1)
tty-cursor (0.7.1)
tty-screen (0.8.1)
tty-spinner (0.9.3)
typhoeus (1.4.0)
tzinfo (1.2.9)
uber (0.1.0)
unf (0.1.4)
unf_ext (0.0.7.7)
unicode-display_width (1.7.0)
webrick (default: 1.4.2)
word_wrap (1.0.0)
xcinvoke (0.3.0)
xcode-install (2.6.8)
xcodeproj (1.19.0)
xcov (1.7.5)
xcpretty (0.3.0)
xcpretty-json-formatter (0.1.1)
xcpretty-travis-formatter (1.0.1)
xcresult (0.2.1)
xmlrpc (0.3.0)
zlib (default: 1.0.0)
========================================


=== NPM global packages ==========================
* Cordova: 9.0.0 (cordova-lib@9.0.1)
* Ionic: 6.11.12
* Appcenter-CLI version: 2.7.3
========================================


=== Checking Xcode CLT dirs ============

 * ls -1 /Library/Developer/CommandLineTools/SDKs/MacOSX10.15.sdk/usr/include/CommonCrypto
CommonCrypto.h
CommonCryptoError.h
CommonCryptor.h
CommonDigest.h
CommonHMAC.h
CommonKeyDerivation.h
CommonRandom.h
CommonSymmetricKeywrap.h
module.modulemap

 * ls -1 /Library/Developer/CommandLineTools/
Library
SDKs
usr

 * /Library/Developer/CommandLineTools/usr/bin/swift --version
Apple Swift version 5.3.2 (swiftlang-1200.0.45 clang-1200.0.32.28)
Target: x86_64-apple-darwin19.6.0

========================================


=== Xcode ==============================

* Active Xcode Command Line Tools:
/Applications/Xcode.app/Contents/Developer

* Xcode Version:
Xcode 12.0.1
Build version 12A7300

* /usr/bin/swift --version
Apple Swift version 5.3 (swiftlang-1200.0.29.2 clang-1200.0.30.1)
Target: x86_64-apple-darwin19.6.0

* Installed SDKs:
iOS SDKs:
	iOS 14.0                      	-sdk iphoneos14.0

iOS Simulator SDKs:
	Simulator - iOS 14.0          	-sdk iphonesimulator14.0

macOS SDKs:
	DriverKit 19.0                	-sdk driverkit.macosx19.0
	macOS 10.15                   	-sdk macosx10.15

tvOS SDKs:
	tvOS 14.0                     	-sdk appletvos14.0

tvOS Simulator SDKs:
	Simulator - tvOS 14.0         	-sdk appletvsimulator14.0

watchOS SDKs:
	watchOS 7.0                   	-sdk watchos7.0

watchOS Simulator SDKs:
	Simulator - watchOS 7.0       	-sdk watchsimulator7.0


* Available Simulators:
== Device Types ==
iPhone 4s (com.apple.CoreSimulator.SimDeviceType.iPhone-4s)
iPhone 5 (com.apple.CoreSimulator.SimDeviceType.iPhone-5)
iPhone 5s (com.apple.CoreSimulator.SimDeviceType.iPhone-5s)
iPhone 6 Plus (com.apple.CoreSimulator.SimDeviceType.iPhone-6-Plus)
iPhone 6 (com.apple.CoreSimulator.SimDeviceType.iPhone-6)
iPhone 6s (com.apple.CoreSimulator.SimDeviceType.iPhone-6s)
iPhone 6s Plus (com.apple.CoreSimulator.SimDeviceType.iPhone-6s-Plus)
iPhone SE (1st generation) (com.apple.CoreSimulator.SimDeviceType.iPhone-SE)
iPhone 7 (com.apple.CoreSimulator.SimDeviceType.iPhone-7)
iPhone 7 Plus (com.apple.CoreSimulator.SimDeviceType.iPhone-7-Plus)
iPhone 8 (com.apple.CoreSimulator.SimDeviceType.iPhone-8)
iPhone 8 Plus (com.apple.CoreSimulator.SimDeviceType.iPhone-8-Plus)
iPhone X (com.apple.CoreSimulator.SimDeviceType.iPhone-X)
iPhone Xs (com.apple.CoreSimulator.SimDeviceType.iPhone-XS)
iPhone Xs Max (com.apple.CoreSimulator.SimDeviceType.iPhone-XS-Max)
iPhone XКЂ (com.apple.CoreSimulator.SimDeviceType.iPhone-XR)
iPhone 11 (com.apple.CoreSimulator.SimDeviceType.iPhone-11)
iPhone 11 Pro (com.apple.CoreSimulator.SimDeviceType.iPhone-11-Pro)
iPhone 11 Pro Max (com.apple.CoreSimulator.SimDeviceType.iPhone-11-Pro-Max)
iPhone SE (2nd generation) (com.apple.CoreSimulator.SimDeviceType.iPhone-SE--2nd-generation-)
iPod touch (7th generation) (com.apple.CoreSimulator.SimDeviceType.iPod-touch--7th-generation-)
iPad 2 (com.apple.CoreSimulator.SimDeviceType.iPad-2)
iPad Retina (com.apple.CoreSimulator.SimDeviceType.iPad-Retina)
iPad Air (com.apple.CoreSimulator.SimDeviceType.iPad-Air)
iPad mini 2 (com.apple.CoreSimulator.SimDeviceType.iPad-mini-2)
iPad mini 3 (com.apple.CoreSimulator.SimDeviceType.iPad-mini-3)
iPad mini 4 (com.apple.CoreSimulator.SimDeviceType.iPad-mini-4)
iPad Air 2 (com.apple.CoreSimulator.SimDeviceType.iPad-Air-2)
iPad Pro (9.7-inch) (com.apple.CoreSimulator.SimDeviceType.iPad-Pro--9-7-inch-)
iPad Pro (12.9-inch) (1st generation) (com.apple.CoreSimulator.SimDeviceType.iPad-Pro)
iPad (5th generation) (com.apple.CoreSimulator.SimDeviceType.iPad--5th-generation-)
iPad Pro (12.9-inch) (2nd generation) (com.apple.CoreSimulator.SimDeviceType.iPad-Pro--12-9-inch---2nd-generation-)
iPad Pro (10.5-inch) (com.apple.CoreSimulator.SimDeviceType.iPad-Pro--10-5-inch-)
iPad (6th generation) (com.apple.CoreSimulator.SimDeviceType.iPad--6th-generation-)
iPad (7th generation) (com.apple.CoreSimulator.SimDeviceType.iPad--7th-generation-)
iPad Pro (11-inch) (1st generation) (com.apple.CoreSimulator.SimDeviceType.iPad-Pro--11-inch-)
iPad Pro (12.9-inch) (3rd generation) (com.apple.CoreSimulator.SimDeviceType.iPad-Pro--12-9-inch---3rd-generation-)
iPad Pro (11-inch) (2nd generation) (com.apple.CoreSimulator.SimDeviceType.iPad-Pro--11-inch---2nd-generation-)
iPad Pro (12.9-inch) (4th generation) (com.apple.CoreSimulator.SimDeviceType.iPad-Pro--12-9-inch---4th-generation-)
iPad mini (5th generation) (com.apple.CoreSimulator.SimDeviceType.iPad-mini--5th-generation-)
iPad Air (3rd generation) (com.apple.CoreSimulator.SimDeviceType.iPad-Air--3rd-generation-)
iPad (8th generation) (com.apple.CoreSimulator.SimDeviceType.iPad--8th-generation-)
iPad Air (4th generation) (com.apple.CoreSimulator.SimDeviceType.iPad-Air--4th-generation-)
Apple TV (com.apple.CoreSimulator.SimDeviceType.Apple-TV-1080p)
Apple TV 4K (com.apple.CoreSimulator.SimDeviceType.Apple-TV-4K-4K)
Apple TV 4K (at 1080p) (com.apple.CoreSimulator.SimDeviceType.Apple-TV-4K-1080p)
Apple Watch - 38mm (com.apple.CoreSimulator.SimDeviceType.Apple-Watch-38mm)
Apple Watch - 42mm (com.apple.CoreSimulator.SimDeviceType.Apple-Watch-42mm)
Apple Watch Series 2 - 38mm (com.apple.CoreSimulator.SimDeviceType.Apple-Watch-Series-2-38mm)
Apple Watch Series 2 - 42mm (com.apple.CoreSimulator.SimDeviceType.Apple-Watch-Series-2-42mm)
Apple Watch Series 3 - 38mm (com.apple.CoreSimulator.SimDeviceType.Apple-Watch-Series-3-38mm)
Apple Watch Series 3 - 42mm (com.apple.CoreSimulator.SimDeviceType.Apple-Watch-Series-3-42mm)
Apple Watch Series 4 - 40mm (com.apple.CoreSimulator.SimDeviceType.Apple-Watch-Series-4-40mm)
Apple Watch Series 4 - 44mm (com.apple.CoreSimulator.SimDeviceType.Apple-Watch-Series-4-44mm)
Apple Watch Series 5 - 40mm (com.apple.CoreSimulator.SimDeviceType.Apple-Watch-Series-5-40mm)
Apple Watch Series 5 - 44mm (com.apple.CoreSimulator.SimDeviceType.Apple-Watch-Series-5-44mm)
Apple Watch SE - 40mm (com.apple.CoreSimulator.SimDeviceType.Apple-Watch-SE-40mm)
Apple Watch SE - 44mm (com.apple.CoreSimulator.SimDeviceType.Apple-Watch-SE-44mm)
Apple Watch Series 6 - 40mm (com.apple.CoreSimulator.SimDeviceType.Apple-Watch-Series-6-40mm)
Apple Watch Series 6 - 44mm (com.apple.CoreSimulator.SimDeviceType.Apple-Watch-Series-6-44mm)
== Runtimes ==
iOS 13.3 (13.3 - 17C45) - com.apple.CoreSimulator.SimRuntime.iOS-13-3
iOS 13.4 (13.4 - 17E255) - com.apple.CoreSimulator.SimRuntime.iOS-13-4
iOS 13.5 (13.5 - 17F61) - com.apple.CoreSimulator.SimRuntime.iOS-13-5
iOS 13.6 (13.6 - 17G64) - com.apple.CoreSimulator.SimRuntime.iOS-13-6
iOS 14.0 (14.0 - 18A372) - com.apple.CoreSimulator.SimRuntime.iOS-14-0
tvOS 13.0 (13.0 - 17J585) - com.apple.CoreSimulator.SimRuntime.tvOS-13-0
tvOS 13.2 (13.2 - 17K90) - com.apple.CoreSimulator.SimRuntime.tvOS-13-2
tvOS 13.3 (13.3 - 17K446) - com.apple.CoreSimulator.SimRuntime.tvOS-13-3
tvOS 14.0 (14.0 - 18J383) - com.apple.CoreSimulator.SimRuntime.tvOS-14-0
watchOS 6.0 (6.0 - 17R575) - com.apple.CoreSimulator.SimRuntime.watchOS-6-0
watchOS 6.1 (6.1.1 - 17S445) - com.apple.CoreSimulator.SimRuntime.watchOS-6-1
watchOS 7.0 (7.0 - 18R382) - com.apple.CoreSimulator.SimRuntime.watchOS-7-0
== Devices ==
-- iOS 13.3 --
    iPhone 8 (868885E0-AA4D-4F68-8ED3-967BE840FFDE) (Shutdown) 
    iPhone 8 Plus (8FC09250-510C-4E87-8BE0-6FFE09552F27) (Shutdown) 
    iPhone 11 (FAF55778-A2E3-406A-A8A0-95BF02F60166) (Shutdown) 
    iPhone 11 Pro (E3684D13-E359-4966-9FFB-12656992584B) (Shutdown) 
    iPhone 11 Pro Max (CDFE93FA-8062-4D11-8D81-47BB984886CA) (Shutdown) 
    iPad Pro (9.7-inch) (D5486B76-6F15-4F8F-9307-3FFC6FA7D75D) (Shutdown) 
    iPad (7th generation) (A29C82DA-5A15-48C8-9BA4-604F63F5A364) (Shutdown) 
    iPad Pro (11-inch) (1st generation) (FF8E826C-D0C5-4EC4-8B68-AA5D273BBA4A) (Shutdown) 
    iPad Pro (12.9-inch) (3rd generation) (E74FF5FF-8032-4B67-96F1-6F6C06E91921) (Shutdown) 
    iPad Air (3rd generation) (DEFFE4AC-066F-4B56-8CAF-2906FF72934E) (Shutdown) 
-- iOS 13.4 --
    iPhone 8 (79E6B762-4280-46C7-9067-A38DEB608B59) (Shutdown) 
    iPhone 8 Plus (CACB5FE3-9541-4708-B7B9-8B13F3A2FBB9) (Shutdown) 
    iPhone 11 (F118BCB3-9DFD-4CA2-8B55-5872A8F393C3) (Shutdown) 
    iPhone 11 Pro (DC6EDA71-A004-48BC-AF88-B9EFA847C161) (Shutdown) 
    iPhone 11 Pro Max (A6354E4E-6DB8-4381-B195-917FC31C6E3C) (Shutdown) 
    iPad Pro (9.7-inch) (085D0D1B-79A6-458F-A279-7C9BDE0546C2) (Shutdown) 
    iPad (7th generation) (8B8F05EE-7299-4E80-B3FC-6343BF14EA69) (Shutdown) 
    iPad Pro (11-inch) (2nd generation) (0EBB41E1-2D1B-40C4-9429-8FB4A1DFA32B) (Shutdown) 
    iPad Pro (12.9-inch) (4th generation) (7141622F-3447-4835-9B1E-3FBCF17E87EE) (Shutdown) 
    iPad Air (3rd generation) (BF23EB51-5AF5-4396-B484-32FEA21C572F) (Shutdown) 
-- iOS 13.5 --
    iPhone 8 (067A4E8D-190B-4434-B2DE-0ED186C43EEC) (Shutdown) 
    iPhone 8 Plus (1F545036-C51B-4384-B8F1-3FBB4E450E7B) (Shutdown) 
    iPhone 11 (BE68325A-DD9D-4416-8D4F-9F1077E0081C) (Shutdown) 
    iPhone 11 Pro (19B43DE2-B220-4087-84BF-BB575314D3A5) (Shutdown) 
    iPhone 11 Pro Max (9D9E1D27-D808-488E-B92D-13AB4BE0CE27) (Shutdown) 
    iPhone SE (2nd generation) (8946C2C4-AEF5-4463-9064-A4DD1ED225DA) (Shutdown) 
    iPad Pro (9.7-inch) (10205AD6-55FB-44AF-93F9-644FC58EDE93) (Shutdown) 
    iPad (7th generation) (3EC58C72-036E-4B58-B8A1-728B53B5EE51) (Shutdown) 
    iPad Pro (11-inch) (2nd generation) (86F67717-7F64-4153-8C48-E131BDC057D0) (Shutdown) 
    iPad Pro (12.9-inch) (4th generation) (3E1AD633-6EDD-4AAC-8640-DD6365E7F37F) (Shutdown) 
    iPad Air (3rd generation) (34A5AB61-57DE-4886-9A86-FF53AA350A8A) (Shutdown) 
-- iOS 13.6 --
    iPhone 8 (35054617-46A4-48EC-86CB-A9FA8D168942) (Shutdown) 
    iPhone 8 Plus (74654376-4E2D-4A24-BDED-CE2766CB975C) (Shutdown) 
    iPhone 11 (45E3DDC2-7697-4EB3-B041-003C6C4B7942) (Shutdown) 
    iPhone 11 Pro (099E4DE8-BC3F-47DD-B3AA-587619D3FB21) (Shutdown) 
    iPhone 11 Pro Max (593C727A-7292-41A2-947D-B7A585458AF4) (Shutdown) 
    iPhone SE (2nd generation) (C7AC0B40-C698-4B8C-BF42-F67FBE80FC49) (Shutdown) 
    iPad Pro (9.7-inch) (6BBF56A3-1D71-404A-AB8A-9ADBD558471F) (Shutdown) 
    iPad (7th generation) (F5BAC900-D3D0-4AE6-9E6C-BBED68079EA7) (Shutdown) 
    iPad Pro (11-inch) (2nd generation) (7CAAEFB9-FE09-4C7F-ABE4-EA09E708B458) (Shutdown) 
    iPad Pro (12.9-inch) (4th generation) (8D8509CC-BE00-45AD-9ADF-3B80DEE3E490) (Shutdown) 
    iPad Air (3rd generation) (C4133D49-E686-43AF-AAF3-82181BA6C658) (Shutdown) 
-- iOS 14.0 --
    iPhone 8 (01FA973D-B308-490A-A05F-15D4AC7B2D9E) (Shutdown) 
    iPhone 8 Plus (054F9283-6D00-48F0-8AAC-5BFCA280CCAF) (Shutdown) 
    iPhone 11 (99AEA1D0-A7B4-48D9-AB53-2421A461DF3F) (Shutdown) 
    iPhone 11 Pro (98CE84CF-689A-4447-847C-E2E35690F8F7) (Shutdown) 
    iPhone 11 Pro Max (50819BB2-3923-4DD4-893D-C92136611079) (Shutdown) 
    iPhone SE (2nd generation) (06A29B2D-A2F6-4EDB-98F7-56791E5CF1E6) (Shutdown) 
    iPod touch (7th generation) (A64762F7-7416-491D-860D-12E3C03A6283) (Shutdown) 
    iPad Pro (9.7-inch) (53B3FAC3-8814-445E-BB53-87DEBB2A5D07) (Shutdown) 
    iPad (7th generation) (DE9DA847-CF86-4B13-A2DA-074A8480D034) (Shutdown) 
    iPad Pro (11-inch) (2nd generation) (588A20D8-1EDE-4765-982F-839ABDC8A9F1) (Shutdown) 
    iPad Pro (12.9-inch) (4th generation) (B96612BD-CA02-4BC8-960A-263C41FC5A49) (Shutdown) 
    iPad Air (3rd generation) (0913174F-8E1B-4B2C-9B4D-6F4DB2A05B30) (Shutdown) 
    iPad (8th generation) (809869B6-7355-4839-917D-FEC6B5067815) (Shutdown) 
    iPad Air (4th generation) (6543F9DE-36F3-41C2-A880-76D6E2934930) (Shutdown) 
-- tvOS 13.0 --
    Apple TV (E8F3D2C2-709F-45D8-B365-ACD1D082AD44) (Shutdown) 
    Apple TV 4K (9150771E-3D46-4958-A298-F14F17F7ACEC) (Shutdown) 
    Apple TV 4K (at 1080p) (3B5095D0-4322-4657-9D34-61FCA7FF383B) (Shutdown) 
-- tvOS 13.2 --
    Apple TV (BB6CB1AF-5670-442B-BEFA-3CD13BCC99DD) (Shutdown) 
    Apple TV 4K (29F468BC-A866-4803-85D0-BE2FBF2039D3) (Shutdown) 
    Apple TV 4K (at 1080p) (C5011F41-6443-472D-92F0-4E824E0BA494) (Shutdown) 
-- tvOS 13.3 --
    Apple TV (641957A1-C6EB-4960-BA9C-AE2ED4C6DE77) (Shutdown) 
    Apple TV 4K (6EBA4BA5-1A41-415A-87C0-08B8AD9CC930) (Shutdown) 
    Apple TV 4K (at 1080p) (950C0C39-DEB3-4056-91C4-8FE370E6B6CB) (Shutdown) 
-- tvOS 14.0 --
    Apple TV (BF686F8E-C77F-4F02-B47C-7F3E3144B9DC) (Shutdown) 
    Apple TV 4K (F4CB5CB3-5165-4ED5-A5A2-F3A52F3D41AA) (Shutdown) 
    Apple TV 4K (at 1080p) (65536C86-5671-483D-82CA-AB59A8F8F4C5) (Shutdown) 
-- watchOS 6.0 --
    Apple Watch Series 4 - 40mm (0D0BFEDD-67B8-4438-80B6-82BAB4E83EB5) (Shutdown) 
    Apple Watch Series 4 - 44mm (B9381CB7-03A7-44EC-BFE7-76366F39AF1B) (Shutdown) 
    Apple Watch Series 5 - 40mm (C62794C9-928C-4B59-92C7-7D8380718612) (Shutdown) 
    Apple Watch Series 5 - 44mm (84DCF471-D032-4039-8EF5-5C08AACFB8D3) (Shutdown) 
-- watchOS 6.1 --
    Apple Watch Series 4 - 40mm (09ECDA5B-C0AC-45F4-8C2D-CC5E3B19ED00) (Shutdown) 
    Apple Watch Series 4 - 44mm (063FF13E-F0D7-4C27-A056-735D4490B753) (Shutdown) 
    Apple Watch Series 5 - 40mm (62346DB8-67B9-4360-8119-77F75C36FE8F) (Shutdown) 
    Apple Watch Series 5 - 44mm (AAE7D5D1-88B4-4E3C-8F0C-E376133ADB26) (Shutdown) 
-- watchOS 7.0 --
    Apple Watch Series 5 - 40mm (76177EE6-E23A-4439-94A6-D7B9D9C1FBD3) (Shutdown) 
    Apple Watch Series 5 - 44mm (F989BAE8-827B-442B-8FE7-015D908B0964) (Shutdown) 
    Apple Watch Series 6 - 40mm (C64A4246-F06F-4413-BCB1-7FF80A0DDA1D) (Shutdown) 
    Apple Watch Series 6 - 44mm (A4DC0340-FFFD-4962-9C9F-0A5BCDD87DDD) (Shutdown) 
== Device Pairs ==
67B4DE09-74E0-4609-BAC7-3F5A8A935C00 (active, disconnected)
    Watch: Apple Watch Series 6 - 40mm (C64A4246-F06F-4413-BCB1-7FF80A0DDA1D) (Shutdown)
    Phone: iPhone 11 Pro (98CE84CF-689A-4447-847C-E2E35690F8F7) (Shutdown)
0ABF53BB-7CA7-4005-8527-78BA5F11716C (active, disconnected)
    Watch: Apple Watch Series 6 - 44mm (A4DC0340-FFFD-4962-9C9F-0A5BCDD87DDD) (Shutdown)
    Phone: iPhone 11 Pro Max (50819BB2-3923-4DD4-893D-C92136611079) (Shutdown)

========================================


=== OS X info =========================

* sw_vers
ProductName:	Mac OS X
ProductVersion:	10.15.7
BuildVersion:	19H114

* system_profiler SPSoftwareDataType
Software:

    System Software Overview:

      System Version: macOS 10.15.7 (19H114)
      Kernel Version: Darwin 19.6.0
      Boot Volume: Disk
      Boot Mode: Normal
      Computer Name: stg-xcode-12-210617090658-EZgGpYQKH2dGLuHyaEEZFG
      User Name: vagrant (vagrant)
      Secure Virtual Memory: Enabled
      System Integrity Protection: Disabled
      Time since boot: 50 minutes


========================================


=== System infos =======================
* Free disk space:
    Filesystem         Size        Avail
  /dev/disk1s5        200Gi         75Gi
========================================

--- Android

* ANDROID_HOME (/usr/local/share/android-sdk) content:
add-ons
build-tools
cmdline-tools
emulator
extras
licenses
patcher
platform-tools
platforms
system-images
tools

* ANDROID_NDK_HOME (/opt/android-ndk/android-ndk-r21) content:
CHANGELOG.md
NOTICE
NOTICE.toolchain
README.md
build
meta
ndk-build
ndk-gdb
ndk-stack
ndk-which
platforms
prebuilt
python-packages
shader-tools
simpleperf
source.properties
sources
sysroot
toolchains
wrap.sh

* Android NDK Version:
Pkg.Desc = Android NDK
Pkg.Revision = 21.0.6113669

* platform-tools content:
NOTICE.txt
adb
api
dmtracedump
e2fsdroid
etc1tool
fastboot
hprof-conv
lib64
make_f2fs
make_f2fs_casefold
mke2fs
mke2fs.conf
package.xml
sload_f2fs
source.properties
sqlite3
systrace

* build-tools content:
17.0.0
19.1.0
21.1.2
22.0.1
23.0.3
24.0.3
25.0.3
26.0.1
26.0.2
27.0.0
27.0.1
27.0.2
27.0.3
28.0.0
28.0.1
28.0.2
28.0.3
29.0.0
29.0.1
29.0.2
29.0.3
30.0.0

* extras content:
/usr/local/share/android-sdk/extras
в”њв”Ђв”Ђ android
в”‚В В  в””в”Ђв”Ђ m2repository
в”њв”Ђв”Ђ google
в”‚В В  в”њв”Ђв”Ђ google_play_services
в”‚В В  в””в”Ђв”Ђ m2repository
в””в”Ђв”Ђ m2repository
    в””в”Ђв”Ђ com

7 directories, 0 files

* platforms content:
android-15
android-17
android-19
android-21
android-22
android-23
android-24
android-25
android-26
android-27
android-28
android-29
android-30

* system-images content:
/usr/local/share/android-sdk/system-images
в”њв”Ђв”Ђ android-26
в”‚В В  в””в”Ђв”Ђ google_apis
в”‚В В      в””в”Ђв”Ђ x86
в”њв”Ђв”Ђ android-28
в”‚В В  в””в”Ђв”Ђ google_apis
в”‚В В      в””в”Ђв”Ђ x86_64
в”њв”Ђв”Ђ android-29
в”‚В В  в””в”Ђв”Ђ google_apis
в”‚В В      в””в”Ђв”Ђ x86
в””в”Ђв”Ђ android-30
    в””в”Ђв”Ђ google_apis
        в””в”Ђв”Ђ x86

12 directories, 0 files

========================================


=== Android APK tools ==================

* aapt2:
Android Asset Packaging Tool (aapt) 2:19

========================================


=== Environment infos =======================
MATCH_KEYCHAIN_PASSWORD environment set
========================================


=== Control tests ======================
source $HOME/.bash_profile ...
source $HOME/.bash_profile - PASSED
========================================

