 (i) Ignore Errors: enabled

#
# This System Report was generated by: https://github.com/bitrise-io/osx-box-bootstrap/blob/master/system_report.sh
#  Pull Requests are welcome!
#


=== Revision / ID ======================
* BITRISE_OSX_STACK_REV_ID: v2021_07_08
========================================


=== Pre-installed tool versions ========
* Go: go version go1.16.5 darwin/amd64
* Python: Python 2.7.16
* Node.js: v12.22.3
* NPM: 6.14.13
* Yarn: 1.22.10
* Java: openjdk version "1.8.0_292"
OpenJDK Runtime Environment (AdoptOpenJDK)(build 1.8.0_292-b10)
OpenJDK 64-Bit Server VM (AdoptOpenJDK)(build 25.292-b10, mixed mode)
* Flutter: Flutter 1.26.0-17.8.pre • channel unknown • unknown source
* fvm: 2.2.2

* git: git version 2.32.0
* git lfs: git-lfs/2.13.3 (GitHub; darwin amd64; go 1.16.2)
* mercurial/hg: Mercurial Distributed SCM (version 5.8)
* curl: curl 7.64.1 (x86_64-apple-darwin20.0) libcurl/7.64.1 (SecureTransport) LibreSSL/2.8.3 zlib/1.2.11 nghttp2/1.41.0
* wget: GNU Wget 1.21.1 built on darwin20.2.0.
* rsync: rsync  version 2.6.9  protocol version 29
* unzip: UnZip 6.00 of 20 April 2009, by Info-ZIP.  Maintained by C. Spieler.  Send
* zip: This is Zip 3.0 (July 5th 2008), by Info-ZIP.
* tar: bsdtar 3.3.2 - libarchive 3.3.2 zlib/1.2.11 liblzma/5.0.5 bz2lib/1.0.6
* tree: tree v1.8.0 (c) 1996 - 2018 by Steve Baker, Thomas Moore, Francesc Rocher, Florian Sesser, Kyosuke Tokoro 

* brew: Homebrew 3.2.1
Homebrew/homebrew-core (git revision 3ce084722c; last commit 2021-07-08)
Homebrew/homebrew-cask (git revision 3588ab5d4c; last commit 2021-07-08)
* Ansible: ansible [core 2.11.2] 
  config file = /Users/vagrant/git/ansible.cfg
  configured module search path = ['/Users/vagrant/.ansible/plugins/modules', '/usr/share/ansible/plugins/modules']
  ansible python module location = /usr/local/Cellar/ansible/4.2.0/libexec/lib/python3.9/site-packages/ansible
  ansible collection location = /Users/vagrant/.ansible/collections:/usr/share/ansible/collections
  executable location = /usr/local/bin/ansible
* gtimeout: timeout (GNU coreutils) 8.32
* watchman: 2021.06.07.00
* flow: Flow, a static type checker for JavaScript, version 0.154.0
* carthage: 0.38.0
* imagemagick (convert): Version: ImageMagick 7.1.0-2 Q16 x86_64 2021-06-25 https://imagemagick.org
* ghostscript (ps2ascii): 9.54.0
* screen: Screen version 4.08.00 (GNU) 05-Feb-20
* firebase: 9.14.0
* applesimutils version 0.9.2
* jq: 1.6
* Version: 0.8.1
* XCLogParser 0.2.21
* Screen 4.08.00
* applesimutils 0.9.2
* OpenConnect version v8.10
* aws-cli: aws-cli/2.2.17 Python/3.9.6 Darwin/20.5.0 source/x86_64 prompt/off
* cmake: 3.20.5
* danger-swift: 3.10.1
[0;0m

--- Bitrise CLI tool versions
* bitrise: 1.47.1
* stepman: 0.13.1
* envman: 2.3.1
* cmd-bridge: 0.9.5
========================================


=== Brew list versions ==================
ansible 4.2.0
ant 1.10.10
aom 3.1.1
applesimutils 0.9.2
autoconf 2.71
awscli 2.2.17
bdw-gc 8.0.4_2
boost 1.76.0
brotli 1.0.9
c-ares 1.17.1
carthage 0.38.0
cmake 3.20.5
coreutils 8.32
danger-js 10.6.6
danger-swift 3.10.1
dart 2.13.4
docbook 5.1_1
docbook-xsl 1.79.2_1
double-conversion 3.1.5_1
flow 0.154.0
fmt 7.1.3
folly 2021.06.14.00
fontconfig 2.13.1
freetype 2.10.4
fvm 2.2.2
gdbm 1.20
gettext 0.21
gflags 2.2.2
ghostscript 9.54.0
git 2.32.0
git-lfs 2.13.3
glib 2.68.3
glog 0.5.0
gmp 6.2.1
gnu-getopt 2.37
gnutls 3.6.16
go 1.16.5
gradle 7.1.1
guile 3.0.7
icu4c 69.1
imagemagick 7.1.0-2_1
imath 3.0.5
jbig2dec 0.19
jemalloc 5.2.1_1
jenv 0.5.4
jpeg 9d
jq 1.6
libde265 1.0.8
libev 4.33
libevent 2.1.12
libffi 3.3_3
libheif 1.12.0
libidn 1.37
libidn2 2.3.1
liblqr 0.4.2_1
libomp 12.0.0
libpng 1.6.37
libtasn1 4.17.0
libtiff 4.3.0
libtool 2.4.6_3
libunistring 0.9.10
libuv 1.41.1
libyaml 0.2.5
little-cms2 2.12
lz4 1.9.3
m4 1.4.18
maven 3.8.1
mercurial 5.8
mpdecimal 2.5.1
nettle 3.7.3
nghttp2 1.43.0
node 16.4.2
node@12 12.22.3
oniguruma 6.9.7.1
openconnect 8.10
openexr 3.0.5
openjdk 16.0.1
openjpeg 2.4.0
openssl@1.1 1.1.1k
p11-kit 0.24.0
pcre 8.45
pcre2 10.37_1
pkg-config 0.29.2_3
python@3.9 3.9.6
rbenv 1.1.2
readline 8.1
ruby-build 20210707
screen 4.8.0
shared-mime-info 2.1
snappy 1.1.9
sqlite 3.36.0
stoken 0.92_1
tree 1.8.0
unbound 1.13.1
watchman 2021.06.07.00
webp 1.2.0
wget 1.21.1
x265 3.5
xmlto 0.0.28
xz 5.2.5
yarn 1.22.10
zstd 1.5.0
========================================


=== Brew deps tree ==================
adoptopenjdk/openjdk/adoptopenjdk11

adoptopenjdk/openjdk/adoptopenjdk8

ansible
├── libyaml
├── openssl@1.1
└── python@3.9
    ├── gdbm
    ├── mpdecimal
    ├── openssl@1.1
    ├── readline
    ├── sqlite
    │   └── readline
    └── xz

ant
└── openjdk

aom

wix/brew/applesimutils

autoconf
└── m4

awscli
└── python@3.9
    ├── gdbm
    ├── mpdecimal
    ├── openssl@1.1
    ├── readline
    ├── sqlite
    │   └── readline
    └── xz

bdw-gc

boost
└── icu4c

brotli

c-ares

carthage

cmake

coreutils

danger/tap/danger-js

danger/tap/danger-swift
└── danger/tap/danger-js

dart-lang/dart/dart

docbook

docbook-xsl
└── docbook

double-conversion

flow

fmt

folly
├── boost
│   └── icu4c
├── double-conversion
├── fmt
├── gflags
├── glog
│   └── gflags
├── libevent
│   └── openssl@1.1
├── lz4
├── openssl@1.1
├── snappy
├── xz
└── zstd

fontconfig
└── freetype
    └── libpng

freetype
└── libpng

leoafarias/fvm/fvm

gdbm

gettext

gflags

ghostscript
├── fontconfig
│   └── freetype
│       └── libpng
├── freetype
│   └── libpng
├── jbig2dec
├── jpeg
├── libidn
├── libpng
├── libtiff
│   └── jpeg
├── little-cms2
│   ├── jpeg
│   └── libtiff
│       └── jpeg
└── openjpeg
    ├── libpng
    ├── libtiff
    │   └── jpeg
    └── little-cms2
        ├── jpeg
        └── libtiff
            └── jpeg

git
├── gettext
└── pcre2

git-lfs

glib
├── gettext
├── libffi
├── pcre
└── python@3.9
    ├── gdbm
    ├── mpdecimal
    ├── openssl@1.1
    ├── readline
    ├── sqlite
    │   └── readline
    └── xz

glog
└── gflags

gmp

gnu-getopt

gnutls
├── gmp
├── guile
│   ├── bdw-gc
│   ├── gmp
│   ├── libffi
│   ├── libtool
│   │   └── m4
│   ├── libunistring
│   ├── pkg-config
│   └── readline
├── libidn2
│   ├── gettext
│   └── libunistring
├── libtasn1
├── libunistring
├── nettle
│   └── gmp
├── p11-kit
│   └── libffi
└── unbound
    ├── libevent
    │   └── openssl@1.1
    ├── nghttp2
    │   ├── c-ares
    │   ├── jemalloc
    │   ├── libev
    │   └── openssl@1.1
    └── openssl@1.1

go

gradle
└── openjdk

guile
├── bdw-gc
├── gmp
├── libffi
├── libtool
│   └── m4
├── libunistring
├── pkg-config
└── readline

icu4c

imagemagick
├── freetype
│   └── libpng
├── ghostscript
│   ├── fontconfig
│   │   └── freetype
│   │       └── libpng
│   ├── freetype
│   │   └── libpng
│   ├── jbig2dec
│   ├── jpeg
│   ├── libidn
│   ├── libpng
│   ├── libtiff
│   │   └── jpeg
│   ├── little-cms2
│   │   ├── jpeg
│   │   └── libtiff
│   │       └── jpeg
│   └── openjpeg
│       ├── libpng
│       ├── libtiff
│       │   └── jpeg
│       └── little-cms2
│           ├── jpeg
│           └── libtiff
│               └── jpeg
├── jpeg
├── libheif
│   ├── aom
│   ├── jpeg
│   ├── libde265
│   ├── libpng
│   ├── shared-mime-info
│   │   ├── gettext
│   │   ├── glib
│   │   │   ├── gettext
│   │   │   ├── libffi
│   │   │   ├── pcre
│   │   │   └── python@3.9
│   │   │       ├── gdbm
│   │   │       ├── mpdecimal
│   │   │       ├── openssl@1.1
│   │   │       ├── readline
│   │   │       ├── sqlite
│   │   │       │   └── readline
│   │   │       └── xz
│   │   └── xmlto
│   │       ├── docbook
│   │       ├── docbook-xsl
│   │       │   └── docbook
│   │       └── gnu-getopt
│   └── x265
├── liblqr
│   └── glib
│       ├── gettext
│       ├── libffi
│       ├── pcre
│       └── python@3.9
│           ├── gdbm
│           ├── mpdecimal
│           ├── openssl@1.1
│           ├── readline
│           ├── sqlite
│           │   └── readline
│           └── xz
├── libomp
├── libpng
├── libtiff
│   └── jpeg
├── libtool
│   └── m4
├── little-cms2
│   ├── jpeg
│   └── libtiff
│       └── jpeg
├── openexr
│   └── imath
├── openjpeg
│   ├── libpng
│   ├── libtiff
│   │   └── jpeg
│   └── little-cms2
│       ├── jpeg
│       └── libtiff
│           └── jpeg
├── webp
│   ├── jpeg
│   ├── libpng
│   └── libtiff
│       └── jpeg
└── xz

imath

intel-haxm

jbig2dec

jemalloc

jenv

jpeg

jq
└── oniguruma

libde265

libev

libevent
└── openssl@1.1

libffi

libheif
├── aom
├── jpeg
├── libde265
├── libpng
├── shared-mime-info
│   ├── gettext
│   ├── glib
│   │   ├── gettext
│   │   ├── libffi
│   │   ├── pcre
│   │   └── python@3.9
│   │       ├── gdbm
│   │       ├── mpdecimal
│   │       ├── openssl@1.1
│   │       ├── readline
│   │       ├── sqlite
│   │       │   └── readline
│   │       └── xz
│   └── xmlto
│       ├── docbook
│       ├── docbook-xsl
│       │   └── docbook
│       └── gnu-getopt
└── x265

libidn

libidn2
├── gettext
└── libunistring

liblqr
└── glib
    ├── gettext
    ├── libffi
    ├── pcre
    └── python@3.9
        ├── gdbm
        ├── mpdecimal
        ├── openssl@1.1
        ├── readline
        ├── sqlite
        │   └── readline
        └── xz

libomp

libpng

libtasn1

libtiff
└── jpeg

libtool
└── m4

libunistring

libuv

libyaml

little-cms2
├── jpeg
└── libtiff
    └── jpeg

lz4

m4

maven
└── openjdk

mercurial
└── python@3.9
    ├── gdbm
    ├── mpdecimal
    ├── openssl@1.1
    ├── readline
    ├── sqlite
    │   └── readline
    └── xz

mpdecimal

nettle
└── gmp

nghttp2
├── c-ares
├── jemalloc
├── libev
└── openssl@1.1

node
├── brotli
├── c-ares
├── icu4c
├── libuv
├── nghttp2
│   ├── c-ares
│   ├── jemalloc
│   ├── libev
│   └── openssl@1.1
└── openssl@1.1

node@12
└── icu4c

oniguruma

openconnect
├── gettext
├── gnutls
│   ├── gmp
│   ├── guile
│   │   ├── bdw-gc
│   │   ├── gmp
│   │   ├── libffi
│   │   ├── libtool
│   │   │   └── m4
│   │   ├── libunistring
│   │   ├── pkg-config
│   │   └── readline
│   ├── libidn2
│   │   ├── gettext
│   │   └── libunistring
│   ├── libtasn1
│   ├── libunistring
│   ├── nettle
│   │   └── gmp
│   ├── p11-kit
│   │   └── libffi
│   └── unbound
│       ├── libevent
│       │   └── openssl@1.1
│       ├── nghttp2
│       │   ├── c-ares
│       │   ├── jemalloc
│       │   ├── libev
│       │   └── openssl@1.1
│       └── openssl@1.1
└── stoken
    └── nettle
        └── gmp

openexr
└── imath

openjdk

openjpeg
├── libpng
├── libtiff
│   └── jpeg
└── little-cms2
    ├── jpeg
    └── libtiff
        └── jpeg

openssl@1.1

p11-kit
└── libffi

pcre

pcre2

pkg-config

python@3.9
├── gdbm
├── mpdecimal
├── openssl@1.1
├── readline
├── sqlite
│   └── readline
└── xz

rbenv
└── ruby-build
    ├── autoconf
    │   └── m4
    ├── pkg-config
    └── readline

readline

ruby-build
├── autoconf
│   └── m4
├── pkg-config
└── readline

screen

shared-mime-info
├── gettext
├── glib
│   ├── gettext
│   ├── libffi
│   ├── pcre
│   └── python@3.9
│       ├── gdbm
│       ├── mpdecimal
│       ├── openssl@1.1
│       ├── readline
│       ├── sqlite
│       │   └── readline
│       └── xz
└── xmlto
    ├── docbook
    ├── docbook-xsl
    │   └── docbook
    └── gnu-getopt

snappy

sqlite
└── readline

stoken
└── nettle
    └── gmp

tree

unbound
├── libevent
│   └── openssl@1.1
├── nghttp2
│   ├── c-ares
│   ├── jemalloc
│   ├── libev
│   └── openssl@1.1
└── openssl@1.1

watchman
├── boost
│   └── icu4c
├── fmt
├── folly
│   ├── boost
│   │   └── icu4c
│   ├── double-conversion
│   ├── fmt
│   ├── gflags
│   ├── glog
│   │   └── gflags
│   ├── libevent
│   │   └── openssl@1.1
│   ├── lz4
│   ├── openssl@1.1
│   ├── snappy
│   ├── xz
│   └── zstd
├── gflags
├── glog
│   └── gflags
├── libevent
│   └── openssl@1.1
├── openssl@1.1
├── pcre
└── python@3.9
    ├── gdbm
    ├── mpdecimal
    ├── openssl@1.1
    ├── readline
    ├── sqlite
    │   └── readline
    └── xz

webp
├── jpeg
├── libpng
└── libtiff
    └── jpeg

wget
├── libidn2
│   ├── gettext
│   └── libunistring
└── openssl@1.1

x265

xmlto
├── docbook
├── docbook-xsl
│   └── docbook
└── gnu-getopt

xz

yarn
└── node
    ├── brotli
    ├── c-ares
    ├── icu4c
    ├── libuv
    ├── nghttp2
    │   ├── c-ares
    │   ├── jemalloc
    │   ├── libev
    │   └── openssl@1.1
    └── openssl@1.1

zstd

========================================


=== Ruby and rubygems ==================
* Ruby (default): ruby 2.6.5p114 (2019-10-01 revision 67812) [x86_64-darwin20]
--- Available ruby versions ---
  system
  2.4.5
  2.5.3
* 2.6.5 (set by /Users/vagrant/.rbenv/version)
  2.7.2
  3.0.0
-------------------------------
* rbenv: 1.1.2
* Rubygems: 3.0.3
* Bundler: Bundler version 2.1.4
* CocoaPods: 1.10.1
* xcpretty: 0.3.0
========================================


=== All Ruby GEMs ======================
activesupport (5.2.6)
addressable (2.7.0)
algoliasearch (1.27.5)
artifactory (3.0.15)
atomos (0.1.3)
aws-eventstream (1.1.1)
aws-partitions (1.471.0)
aws-sdk-core (3.115.0)
aws-sdk-kms (1.44.0)
aws-sdk-s3 (1.96.1)
aws-sigv4 (1.2.3)
babosa (1.0.4)
bigdecimal (default: 1.4.1)
bundler (2.1.4, default: 1.17.2)
CFPropertyList (3.0.3)
claide (1.0.3)
clamp (1.3.2)
cmath (default: 1.0.0)
cocoapods (1.10.1)
cocoapods-core (1.10.1)
cocoapods-deintegrate (1.0.4)
cocoapods-downloader (1.4.0)
cocoapods-plugins (1.0.0)
cocoapods-search (1.0.0)
cocoapods-trunk (1.5.0)
cocoapods-try (1.2.0)
colored (1.2)
colored2 (3.1.2)
commander (4.6.0)
commander-fastlane (4.4.6)
concurrent-ruby (1.1.9)
csv (default: 3.0.9)
date (default: 2.0.0)
dbm (default: 1.0.0)
declarative (0.0.20)
did_you_mean (1.3.0)
digest-crc (0.6.3)
domain_name (0.5.20190701)
dotenv (2.7.6)
e2mmap (default: 0.1.0)
emoji_regex (3.2.2)
escape (0.0.4)
etc (default: 1.0.1)
ethon (0.14.0)
excon (0.82.0)
faraday (1.4.3)
faraday-cookie_jar (0.0.7)
faraday-em_http (1.0.0)
faraday-em_synchrony (1.0.0)
faraday-excon (1.1.0)
faraday-net_http (1.0.1)
faraday-net_http_persistent (1.1.0)
faraday_middleware (1.0.0)
fastimage (2.2.4)
fastlane (2.186.0, 2.166.0)
fcntl (default: 1.0.0)
ffi (1.15.3)
fiddle (default: 1.0.0)
fileutils (default: 1.1.0)
forwardable (default: 1.2.0)
fourflusher (2.3.1)
fuzzy_match (2.0.4)
gh_inspector (1.1.3)
google-api-client (0.38.0)
google-apis-androidpublisher_v3 (0.6.0)
google-apis-core (0.3.0)
google-apis-iamcredentials_v1 (0.4.0)
google-apis-playcustomapp_v1 (0.3.0)
google-apis-storage_v1 (0.4.0)
google-cloud-core (1.6.0)
google-cloud-env (1.5.0)
google-cloud-errors (1.1.0)
google-cloud-storage (1.32.0)
googleauth (0.16.2)
highline (2.0.3, 1.7.10)
http-cookie (1.0.4)
httpclient (2.8.3)
i18n (1.8.10)
io-console (default: 0.4.7)
ipaddr (default: 1.2.2)
irb (default: 1.0.0)
jazzy (0.13.6)
jmespath (1.4.0)
json (default: 2.1.0)
jwt (2.2.3)
liferaft (0.0.6)
logger (default: 1.3.0)
matrix (default: 0.1.0)
memoist (0.16.2)
mini_magick (4.11.0)
mini_mime (1.1.0)
minitest (5.11.3)
molinillo (0.6.6)
multi_json (1.15.0)
multipart-post (2.0.0)
mustache (1.1.1)
mutex_m (default: 0.1.0)
nanaimo (0.3.0)
nap (1.1.0)
naturally (2.2.1)
net-telnet (0.2.0)
netrc (0.11.0)
nokogiri (1.11.7 x86_64-darwin)
open4 (1.3.4)
openssl (default: 2.1.2)
os (1.1.1)
ostruct (default: 0.1.0)
plist (3.6.0)
power_assert (1.1.3)
prime (default: 0.1.0)
psych (default: 3.1.0)
public_suffix (4.0.6)
racc (1.5.2)
rake (12.3.2)
rdoc (default: 6.1.2)
redcarpet (3.5.1)
representable (3.1.1)
retriable (3.1.2)
rexml (default: 3.1.9)
rouge (2.0.7)
rss (default: 0.2.7)
ruby-macho (1.4.0)
ruby2_keywords (0.0.4)
rubyzip (2.3.0)
sassc (2.4.0)
scanf (default: 1.0.0)
sdbm (default: 1.0.0)
security (0.1.3)
shell (default: 0.7)
signet (0.15.0)
simctl (1.6.8)
slack-notifier (2.4.0)
slather (2.5.0)
sqlite3 (1.4.2)
stringio (default: 0.0.2)
strscan (default: 1.0.0)
sync (default: 0.5.0)
terminal-notifier (2.0.0)
terminal-table (1.8.0)
test-unit (3.2.9)
thread_safe (0.3.6)
thwait (default: 0.1.0)
tracer (default: 0.1.0)
trailblazer-option (0.1.1)
trainer (0.9.1)
tty-cursor (0.7.1)
tty-screen (0.8.1)
tty-spinner (0.9.3)
typhoeus (1.4.0)
tzinfo (1.2.9)
uber (0.1.0)
unf (0.1.4)
unf_ext (0.0.7.7)
unicode-display_width (1.7.0)
webrick (default: 1.4.2)
word_wrap (1.0.0)
xcinvoke (0.3.0)
xcode-install (2.7.0)
xcodeproj (1.19.0)
xcov (1.7.5)
xcpretty (0.3.0)
xcpretty-json-formatter (0.1.1)
xcpretty-travis-formatter (1.0.1)
xcresult (0.2.1)
xmlrpc (0.3.0)
zlib (default: 1.0.0)
========================================


=== NPM global packages ==========================
* Cordova: 9.0.0 (cordova-lib@9.0.1)
* Ionic: 6.11.12
* Appcenter-CLI version: 2.7.3
========================================


=== Checking Xcode CLT dirs ============

 * ls -1 /Library/Developer/CommandLineTools/SDKs/MacOSX10.15.sdk/usr/include/CommonCrypto
CommonCrypto.h
CommonCryptoError.h
CommonCryptor.h
CommonDigest.h
CommonHMAC.h
CommonKeyDerivation.h
CommonRandom.h
CommonSymmetricKeywrap.h
module.modulemap

 * ls -1 /Library/Developer/CommandLineTools/
Library
SDKs
usr

 * /Library/Developer/CommandLineTools/usr/bin/swift --version
Apple Swift version 5.4 (swiftlang-1205.0.26.9 clang-1205.0.19.55)
Target: x86_64-apple-darwin20.5.0

========================================


=== Xcode ==============================

* Active Xcode Command Line Tools:
/Applications/Xcode-12.5.1.app/Contents/Developer

* Xcode Version:
Xcode 12.5.1
Build version 12E507

* /usr/bin/swift --version
Apple Swift version 5.4.2 (swiftlang-1205.0.28.2 clang-1205.0.19.57)
Target: x86_64-apple-darwin20.5.0

* Installed SDKs:
iOS SDKs:
	iOS 14.5                      	-sdk iphoneos14.5

iOS Simulator SDKs:
	Simulator - iOS 14.5          	-sdk iphonesimulator14.5

macOS SDKs:
	DriverKit 20.4                	-sdk driverkit.macosx20.4
	macOS 11.3                    	-sdk macosx11.3

tvOS SDKs:
	tvOS 14.5                     	-sdk appletvos14.5

tvOS Simulator SDKs:
	Simulator - tvOS 14.5         	-sdk appletvsimulator14.5

watchOS SDKs:
	watchOS 7.4                   	-sdk watchos7.4

watchOS Simulator SDKs:
	Simulator - watchOS 7.4       	-sdk watchsimulator7.4


* Available Simulators:
== Device Types ==
iPhone 4s (com.apple.CoreSimulator.SimDeviceType.iPhone-4s)
iPhone 5 (com.apple.CoreSimulator.SimDeviceType.iPhone-5)
iPhone 5s (com.apple.CoreSimulator.SimDeviceType.iPhone-5s)
iPhone 6 Plus (com.apple.CoreSimulator.SimDeviceType.iPhone-6-Plus)
iPhone 6 (com.apple.CoreSimulator.SimDeviceType.iPhone-6)
iPhone 6s (com.apple.CoreSimulator.SimDeviceType.iPhone-6s)
iPhone 6s Plus (com.apple.CoreSimulator.SimDeviceType.iPhone-6s-Plus)
iPhone SE (1st generation) (com.apple.CoreSimulator.SimDeviceType.iPhone-SE)
iPhone 7 (com.apple.CoreSimulator.SimDeviceType.iPhone-7)
iPhone 7 Plus (com.apple.CoreSimulator.SimDeviceType.iPhone-7-Plus)
iPhone 8 (com.apple.CoreSimulator.SimDeviceType.iPhone-8)
iPhone 8 Plus (com.apple.CoreSimulator.SimDeviceType.iPhone-8-Plus)
iPhone X (com.apple.CoreSimulator.SimDeviceType.iPhone-X)
iPhone Xs (com.apple.CoreSimulator.SimDeviceType.iPhone-XS)
iPhone Xs Max (com.apple.CoreSimulator.SimDeviceType.iPhone-XS-Max)
iPhone Xʀ (com.apple.CoreSimulator.SimDeviceType.iPhone-XR)
iPhone 11 (com.apple.CoreSimulator.SimDeviceType.iPhone-11)
iPhone 11 Pro (com.apple.CoreSimulator.SimDeviceType.iPhone-11-Pro)
iPhone 11 Pro Max (com.apple.CoreSimulator.SimDeviceType.iPhone-11-Pro-Max)
iPhone SE (2nd generation) (com.apple.CoreSimulator.SimDeviceType.iPhone-SE--2nd-generation-)
iPhone 12 mini (com.apple.CoreSimulator.SimDeviceType.iPhone-12-mini)
iPhone 12 (com.apple.CoreSimulator.SimDeviceType.iPhone-12)
iPhone 12 Pro (com.apple.CoreSimulator.SimDeviceType.iPhone-12-Pro)
iPhone 12 Pro Max (com.apple.CoreSimulator.SimDeviceType.iPhone-12-Pro-Max)
iPod touch (7th generation) (com.apple.CoreSimulator.SimDeviceType.iPod-touch--7th-generation-)
iPad 2 (com.apple.CoreSimulator.SimDeviceType.iPad-2)
iPad Retina (com.apple.CoreSimulator.SimDeviceType.iPad-Retina)
iPad Air (com.apple.CoreSimulator.SimDeviceType.iPad-Air)
iPad mini 2 (com.apple.CoreSimulator.SimDeviceType.iPad-mini-2)
iPad mini 3 (com.apple.CoreSimulator.SimDeviceType.iPad-mini-3)
iPad mini 4 (com.apple.CoreSimulator.SimDeviceType.iPad-mini-4)
iPad Air 2 (com.apple.CoreSimulator.SimDeviceType.iPad-Air-2)
iPad Pro (9.7-inch) (com.apple.CoreSimulator.SimDeviceType.iPad-Pro--9-7-inch-)
iPad Pro (12.9-inch) (1st generation) (com.apple.CoreSimulator.SimDeviceType.iPad-Pro)
iPad (5th generation) (com.apple.CoreSimulator.SimDeviceType.iPad--5th-generation-)
iPad Pro (12.9-inch) (2nd generation) (com.apple.CoreSimulator.SimDeviceType.iPad-Pro--12-9-inch---2nd-generation-)
iPad Pro (10.5-inch) (com.apple.CoreSimulator.SimDeviceType.iPad-Pro--10-5-inch-)
iPad (6th generation) (com.apple.CoreSimulator.SimDeviceType.iPad--6th-generation-)
iPad (7th generation) (com.apple.CoreSimulator.SimDeviceType.iPad--7th-generation-)
iPad Pro (11-inch) (1st generation) (com.apple.CoreSimulator.SimDeviceType.iPad-Pro--11-inch-)
iPad Pro (12.9-inch) (3rd generation) (com.apple.CoreSimulator.SimDeviceType.iPad-Pro--12-9-inch---3rd-generation-)
iPad Pro (11-inch) (2nd generation) (com.apple.CoreSimulator.SimDeviceType.iPad-Pro--11-inch---2nd-generation-)
iPad Pro (12.9-inch) (4th generation) (com.apple.CoreSimulator.SimDeviceType.iPad-Pro--12-9-inch---4th-generation-)
iPad mini (5th generation) (com.apple.CoreSimulator.SimDeviceType.iPad-mini--5th-generation-)
iPad Air (3rd generation) (com.apple.CoreSimulator.SimDeviceType.iPad-Air--3rd-generation-)
iPad (8th generation) (com.apple.CoreSimulator.SimDeviceType.iPad--8th-generation-)
iPad Air (4th generation) (com.apple.CoreSimulator.SimDeviceType.iPad-Air--4th-generation-)
iPad Pro (11-inch) (3rd generation) (com.apple.CoreSimulator.SimDeviceType.iPad-Pro-11-inch-3rd-generation)
iPad Pro (12.9-inch) (5th generation) (com.apple.CoreSimulator.SimDeviceType.iPad-Pro-12-9-inch-5th-generation)
Apple TV (com.apple.CoreSimulator.SimDeviceType.Apple-TV-1080p)
Apple TV 4K (com.apple.CoreSimulator.SimDeviceType.Apple-TV-4K-4K)
Apple TV 4K (at 1080p) (com.apple.CoreSimulator.SimDeviceType.Apple-TV-4K-1080p)
Apple TV 4K (2nd generation) (com.apple.CoreSimulator.SimDeviceType.Apple-TV-4K-2nd-generation-4K)
Apple TV 4K (at 1080p) (2nd generation) (com.apple.CoreSimulator.SimDeviceType.Apple-TV-4K-2nd-generation-1080p)
Apple Watch - 38mm (com.apple.CoreSimulator.SimDeviceType.Apple-Watch-38mm)
Apple Watch - 42mm (com.apple.CoreSimulator.SimDeviceType.Apple-Watch-42mm)
Apple Watch Series 2 - 38mm (com.apple.CoreSimulator.SimDeviceType.Apple-Watch-Series-2-38mm)
Apple Watch Series 2 - 42mm (com.apple.CoreSimulator.SimDeviceType.Apple-Watch-Series-2-42mm)
Apple Watch Series 3 - 38mm (com.apple.CoreSimulator.SimDeviceType.Apple-Watch-Series-3-38mm)
Apple Watch Series 3 - 42mm (com.apple.CoreSimulator.SimDeviceType.Apple-Watch-Series-3-42mm)
Apple Watch Series 4 - 40mm (com.apple.CoreSimulator.SimDeviceType.Apple-Watch-Series-4-40mm)
Apple Watch Series 4 - 44mm (com.apple.CoreSimulator.SimDeviceType.Apple-Watch-Series-4-44mm)
Apple Watch Series 5 - 40mm (com.apple.CoreSimulator.SimDeviceType.Apple-Watch-Series-5-40mm)
Apple Watch Series 5 - 44mm (com.apple.CoreSimulator.SimDeviceType.Apple-Watch-Series-5-44mm)
Apple Watch SE - 40mm (com.apple.CoreSimulator.SimDeviceType.Apple-Watch-SE-40mm)
Apple Watch SE - 44mm (com.apple.CoreSimulator.SimDeviceType.Apple-Watch-SE-44mm)
Apple Watch Series 6 - 40mm (com.apple.CoreSimulator.SimDeviceType.Apple-Watch-Series-6-40mm)
Apple Watch Series 6 - 44mm (com.apple.CoreSimulator.SimDeviceType.Apple-Watch-Series-6-44mm)
== Runtimes ==
iOS 13.7 (13.7 - 17H22) - com.apple.CoreSimulator.SimRuntime.iOS-13-7
iOS 14.2 (14.2 - 18B79) - com.apple.CoreSimulator.SimRuntime.iOS-14-2
iOS 14.3 (14.3 - 18C61) - com.apple.CoreSimulator.SimRuntime.iOS-14-3
iOS 14.4 (14.4 - 18D46) - com.apple.CoreSimulator.SimRuntime.iOS-14-4
iOS 14.5 (14.5 - 18E182) - com.apple.CoreSimulator.SimRuntime.iOS-14-5
tvOS 13.4 (13.4 - 17L255) - com.apple.CoreSimulator.SimRuntime.tvOS-13-4
tvOS 14.4 (14.4 - 18K802) - com.apple.CoreSimulator.SimRuntime.tvOS-14-4
tvOS 14.5 (14.5 - 18L191) - com.apple.CoreSimulator.SimRuntime.tvOS-14-5
watchOS 6.2 (6.2.1 - 17T531) - com.apple.CoreSimulator.SimRuntime.watchOS-6-2
watchOS 7.1 (7.1 - 18R579) - com.apple.CoreSimulator.SimRuntime.watchOS-7-1
watchOS 7.2 (7.2 - 18S561) - com.apple.CoreSimulator.SimRuntime.watchOS-7-2
watchOS 7.4 (7.4 - 18T187) - com.apple.CoreSimulator.SimRuntime.watchOS-7-4
== Devices ==
-- iOS 13.7 --
    iPhone 8 (BA316DB1-ABBE-4CB1-84BB-17F087916DE5) (Shutdown) 
    iPhone 8 Plus (B2EC2A31-4418-4072-AE33-90FD57CBC955) (Shutdown) 
    iPhone 11 (ADD78B9A-8A0E-46D8-9AC9-D1CAAE30B522) (Shutdown) 
    iPhone 11 Pro (366A0BD0-9F7A-43A8-8521-FEBCE9CE94CD) (Shutdown) 
    iPhone 11 Pro Max (D2853BF4-3AE8-485A-8F03-C43DA54CD3FB) (Shutdown) 
    iPhone SE (2nd generation) (B5AE760B-7022-407E-89E5-B32699D668D7) (Shutdown) 
    iPad Pro (9.7-inch) (2B2DD703-EE37-4099-A0EB-CE3A515B1AB9) (Shutdown) 
    iPad (7th generation) (0CDC4FD6-A676-4F10-A16E-7CDC71F6F7AC) (Shutdown) 
    iPad Pro (11-inch) (2nd generation) (7EB0D91A-1559-46E1-9155-5521DFB41152) (Shutdown) 
    iPad Pro (12.9-inch) (4th generation) (6965456E-14E0-4173-B9CE-8BAABE65B9D9) (Shutdown) 
    iPad Air (3rd generation) (029C79C7-C882-4B63-AAE4-A285B0FFA8C3) (Shutdown) 
-- iOS 14.2 --
    iPhone 8 (4F8E52FD-B683-4B96-85F1-EECEDDA5948A) (Shutdown) 
    iPhone 8 Plus (CCA1A452-97C0-43BC-A655-44108289792C) (Shutdown) 
    iPhone 11 (9174F491-C333-4773-BE28-8639AA580339) (Shutdown) 
    iPhone 11 Pro (A043D0FE-DA4D-44E1-9D0B-4D4F206F149B) (Shutdown) 
    iPhone 11 Pro Max (B15EC504-BE0D-465F-B6A7-DCFC3287FAAD) (Shutdown) 
    iPhone SE (2nd generation) (8D4BE8B4-E59A-4159-B08F-E019AA26AD11) (Shutdown) 
    iPhone 12 mini (3E3D6883-BAD3-47D9-B180-ED3BD01AD96A) (Shutdown) 
    iPhone 12 (8FE53EC3-A396-4B08-925F-1BF20D7B32EF) (Shutdown) 
    iPhone 12 Pro (024684AE-B9FB-48AD-AF92-7D13998357E5) (Shutdown) 
    iPhone 12 Pro Max (96727295-C14D-429F-B726-435008FA9EE0) (Shutdown) 
    iPod touch (7th generation) (B9494F10-A762-4895-996C-64CFBEB16278) (Shutdown) 
    iPad Pro (9.7-inch) (B618DF89-F5C4-45A7-A112-D5B2D4216CD7) (Shutdown) 
    iPad Pro (11-inch) (2nd generation) (66C02294-1C4A-409D-92DF-DCBCC32A1430) (Shutdown) 
    iPad Pro (12.9-inch) (4th generation) (5F62B44B-769C-4565-9994-16A97E503079) (Shutdown) 
    iPad (8th generation) (62075204-1E2E-4DAA-9DD2-860EDE43A3B7) (Shutdown) 
    iPad Air (4th generation) (B88D6E81-9FB0-46C0-915E-5A1DADDBB3C6) (Shutdown) 
-- iOS 14.3 --
    iPhone 8 (AA0DE6BD-832C-4E19-BA3F-C2D8D53209D3) (Shutdown) 
    iPhone 8 Plus (DDDFE5EF-D456-45EC-BDEC-A6393AEDB446) (Shutdown) 
    iPhone 11 (2072C850-302F-43B3-BD51-BFBEA33BA96D) (Shutdown) 
    iPhone 11 Pro (CE7D148D-9178-4614-9E4D-BBED2AF35E28) (Shutdown) 
    iPhone 11 Pro Max (FF44FD3D-969E-49D9-AD4A-4D608091A842) (Shutdown) 
    iPhone SE (2nd generation) (FCE4C1E9-C7E5-45D6-AF9C-46AA7BC59760) (Shutdown) 
    iPhone 12 mini (3581F0BA-8F8E-4B84-9BC0-68833642802E) (Shutdown) 
    iPhone 12 (F0FE9621-ED75-48F4-BFC1-7E231F16C464) (Shutdown) 
    iPhone 12 Pro (A138C0CD-841F-469D-AC69-497560566E03) (Shutdown) 
    iPhone 12 Pro Max (A44689D9-2A4B-4838-8CF5-7A94370E7E3A) (Shutdown) 
    iPod touch (7th generation) (86DD079F-01B6-429A-B3B4-E13C88B198D5) (Shutdown) 
    iPad Pro (9.7-inch) (EF666003-6F67-42BC-BBA7-62AFB2219366) (Shutdown) 
    iPad Pro (11-inch) (2nd generation) (D7A3261A-9C8C-4486-ACC3-C96F8F6BE120) (Shutdown) 
    iPad Pro (12.9-inch) (4th generation) (B8A9851D-F1E9-416F-BBDF-716D1D8EA47B) (Shutdown) 
    iPad (8th generation) (C8093EB8-732D-4BC9-A04E-BBF3B388B1C1) (Shutdown) 
    iPad Air (4th generation) (B519AF7F-02D3-4018-A0AF-727849A7900A) (Shutdown) 
-- iOS 14.4 --
    iPhone 8 (953EE2D7-5109-41ED-8632-4177C37062C4) (Shutdown) 
    iPhone 8 Plus (AD11ED25-02E3-40AD-9717-4D83C5E4785A) (Shutdown) 
    iPhone 11 (2704F435-2D97-4E5F-B114-3A6912B69A7F) (Shutdown) 
    iPhone 11 Pro (6C03B361-56B6-4FF6-95C2-FAC0AC25342D) (Shutdown) 
    iPhone 11 Pro Max (00BEC7B3-4012-4389-83F5-88929D32F600) (Shutdown) 
    iPhone SE (2nd generation) (5F03D2CF-7280-48C7-9B62-D2360B34AEFA) (Shutdown) 
    iPhone 12 mini (4DAC3B30-FEE9-41A0-A2E5-1A00EB9182AF) (Shutdown) 
    iPhone 12 (A8D658AA-CE58-49DE-91C4-12F36D2E6C50) (Shutdown) 
    iPhone 12 Pro (055C229A-2532-491F-AA13-015D42A358D1) (Shutdown) 
    iPhone 12 Pro Max (19680E35-3560-498D-821C-E3E0CC4C7064) (Shutdown) 
    iPod touch (7th generation) (0D2C1523-F4F3-4423-8D2E-E855EA2B047A) (Shutdown) 
    iPad Pro (9.7-inch) (B242DE96-6DB4-467B-B137-2ECAE6B1CAFE) (Shutdown) 
    iPad Pro (11-inch) (2nd generation) (235F4F0B-2686-4962-851C-E2DDE43F99C7) (Shutdown) 
    iPad Pro (12.9-inch) (4th generation) (7C67AC28-66B7-4282-A531-DEBE7E2489D6) (Shutdown) 
    iPad (8th generation) (6FA659DA-E018-4E5A-9241-2011E740170E) (Shutdown) 
    iPad Air (4th generation) (4E973B25-6BC7-461B-AAF5-430B9C83492A) (Shutdown) 
-- iOS 14.5 --
    iPhone 8 (2B72345E-FFA8-4329-BB07-B88AC8855A66) (Shutdown) 
    iPhone 8 Plus (1EF8AFBE-0805-4011-BB7B-448340671129) (Shutdown) 
    iPhone 11 (91C90830-DAA3-4581-A1FC-ECB8A0867677) (Shutdown) 
    iPhone 11 Pro (504E893B-A243-4046-B3EE-33B269B94DF1) (Shutdown) 
    iPhone 11 Pro Max (C1AD703C-F43E-4A14-92CB-7A4275780262) (Shutdown) 
    iPhone SE (2nd generation) (2ACDEFE7-A888-4B75-A307-C491D91D0682) (Shutdown) 
    iPhone 12 mini (28092142-152C-46C2-88AD-6859EAAF3698) (Shutdown) 
    iPhone 12 (CFB445D6-E879-4BB6-A736-8805D48AFE43) (Shutdown) 
    iPhone 12 Pro (E1703794-08F9-4810-84E3-47654565F027) (Shutdown) 
    iPhone 12 Pro Max (56E2D26A-DAA1-4F38-9DE7-08BB834FD89F) (Shutdown) 
    iPod touch (7th generation) (91EAF62E-AF9A-4846-B5AA-35BC3FFD3DA7) (Shutdown) 
    iPad Pro (9.7-inch) (DE8FE5EB-E942-4416-987B-EB42D2BCB9C6) (Shutdown) 
    iPad (8th generation) (5CB0DD0B-0541-4860-9187-E8DAA578870F) (Shutdown) 
    iPad Air (4th generation) (68092CBC-33B7-4254-883F-7B973024C4E0) (Shutdown) 
    iPad Pro (11-inch) (3rd generation) (74BA2C10-690A-4E18-8BBB-29832B1A3623) (Shutdown) 
    iPad Pro (12.9-inch) (5th generation) (FF56BD62-FF95-4E7E-9834-FD563E402B2F) (Shutdown) 
-- tvOS 13.4 --
    Apple TV (D824993A-CEDC-4245-A3B4-7395C2B106FE) (Shutdown) 
    Apple TV 4K (EDF54539-45FA-4162-A0F4-2A32BC6301C3) (Shutdown) 
    Apple TV 4K (at 1080p) (086A709D-5C88-4E94-A38B-03726B4EC232) (Shutdown) 
-- tvOS 14.4 --
    Apple TV (4CB8EAFB-AE5D-4CCE-B2F2-0CE2166BBD8D) (Shutdown) 
    Apple TV 4K (AF7510C4-0B4C-48BC-8EC3-724099BFADAF) (Shutdown) 
    Apple TV 4K (at 1080p) (BDEA29BD-A84E-4DC7-B4AD-59A89ADD2106) (Shutdown) 
-- tvOS 14.5 --
    Apple TV (613DC83A-1BFC-46CC-976A-495A8271B96F) (Shutdown) 
    Apple TV 4K (2nd generation) (58CC9EE1-8FED-495F-BE2E-5C863BCE0629) (Shutdown) 
    Apple TV 4K (at 1080p) (2nd generation) (6CB3645E-F8B6-4735-8973-ACFB8F024567) (Shutdown) 
-- watchOS 6.2 --
    Apple Watch Series 4 - 40mm (3008F9EC-5F76-4F5A-91F4-854A1E046A94) (Shutdown) 
    Apple Watch Series 4 - 44mm (E97761D3-5A5E-4C76-8E36-019BB6FB5E80) (Shutdown) 
    Apple Watch Series 5 - 40mm (79FF5AE1-1AEB-441E-9587-ECDAC5E40F23) (Shutdown) 
    Apple Watch Series 5 - 44mm (396FA90B-1D36-465C-A893-27192009F50E) (Shutdown) 
-- watchOS 7.1 --
    Apple Watch Series 5 - 40mm (131D2E3A-6131-401B-A2D2-8D8C3300C549) (Shutdown) 
    Apple Watch Series 5 - 44mm (EC5549F3-D673-4BBE-B014-AC905929A3D6) (Shutdown) 
    Apple Watch Series 6 - 40mm (394E9C4B-22CB-4421-B6C8-BD00204ED6B9) (Shutdown) 
    Apple Watch Series 6 - 44mm (0E823B58-C135-421D-ADFB-64200C5C704D) (Shutdown) 
-- watchOS 7.2 --
    Apple Watch Series 5 - 40mm (4080DCB0-EA65-463F-92DD-B624B1D89172) (Shutdown) 
    Apple Watch Series 5 - 44mm (8DD92AF9-96E2-4E29-BDB9-0D70AD62BEAC) (Shutdown) 
    Apple Watch Series 6 - 40mm (39E1066B-F62C-4452-A930-4C32689D10E5) (Shutdown) 
    Apple Watch Series 6 - 44mm (18C74CC0-E351-44F0-8FB9-2155DC8A6604) (Shutdown) 
-- watchOS 7.4 --
    Apple Watch Series 5 - 40mm (E740C76B-28D4-409C-A86C-630FD6DDCC16) (Shutdown) 
    Apple Watch Series 5 - 44mm (F096CB53-8E90-4FBC-B7E9-FAC72E8F9470) (Shutdown) 
    Apple Watch Series 6 - 40mm (18E02C46-30AA-496F-9D3F-8EEA104AAD1D) (Shutdown) 
    Apple Watch Series 6 - 44mm (A5F65A73-4943-4285-9D79-2E0973AB7AB1) (Shutdown) 
== Device Pairs ==
9B5FED43-4046-41C0-916E-8A530A38F974 (active, disconnected)
    Watch: Apple Watch Series 5 - 40mm (E740C76B-28D4-409C-A86C-630FD6DDCC16) (Shutdown)
    Phone: iPhone 12 mini (28092142-152C-46C2-88AD-6859EAAF3698) (Shutdown)
56DA8D1C-3EEC-435A-8399-3A440D3A7655 (active, disconnected)
    Watch: Apple Watch Series 5 - 44mm (F096CB53-8E90-4FBC-B7E9-FAC72E8F9470) (Shutdown)
    Phone: iPhone 12 (CFB445D6-E879-4BB6-A736-8805D48AFE43) (Shutdown)
CAEEDB31-CEF0-4C02-9B1E-A33510C11FD0 (active, disconnected)
    Watch: Apple Watch Series 6 - 40mm (18E02C46-30AA-496F-9D3F-8EEA104AAD1D) (Shutdown)
    Phone: iPhone 12 Pro (E1703794-08F9-4810-84E3-47654565F027) (Shutdown)
A56C59D8-2258-4625-8F70-5DB8FDFC5C7D (active, disconnected)
    Watch: Apple Watch Series 6 - 44mm (A5F65A73-4943-4285-9D79-2E0973AB7AB1) (Shutdown)
    Phone: iPhone 12 Pro Max (56E2D26A-DAA1-4F38-9DE7-08BB834FD89F) (Shutdown)

========================================


=== OS X info =========================

* sw_vers
ProductName:	macOS
ProductVersion:	11.4
BuildVersion:	20F71

* system_profiler SPSoftwareDataType
Software:

    System Software Overview:

      System Version: macOS 11.4 (20F71)
      Kernel Version: Darwin 20.5.0
      Boot Volume: Macintosh HD
      Boot Mode: Normal
      Computer Name: vm-osx-xcode-12.5.x-g2.4core-3b1d0042-74fb-4f48-bcd8-bbbc1551313f
      User Name: vagrant (vagrant)
      Secure Virtual Memory: Enabled
      System Integrity Protection: Disabled
      Time since boot: 6 minutes


========================================


=== System infos =======================
* Free disk space:
    Filesystem         Size        Avail
/dev/disk1s5s1        300Gi        139Gi
========================================

--- Android

* ANDROID_HOME (/usr/local/share/android-sdk) content:
add-ons
build-tools
cmdline-tools
emulator
extras
licenses
patcher
platform-tools
platforms
system-images
tools

* ANDROID_NDK_HOME (/opt/android-ndk/android-ndk-r21) content:
CHANGELOG.md
NOTICE
NOTICE.toolchain
README.md
build
meta
ndk-build
ndk-gdb
ndk-stack
ndk-which
platforms
prebuilt
python-packages
shader-tools
simpleperf
source.properties
sources
sysroot
toolchains
wrap.sh

* Android NDK Version:
Pkg.Desc = Android NDK
Pkg.Revision = 21.0.6113669

* platform-tools content:
NOTICE.txt
adb
api
dmtracedump
e2fsdroid
etc1tool
fastboot
hprof-conv
lib64
make_f2fs
make_f2fs_casefold
mke2fs
mke2fs.conf
package.xml
sload_f2fs
source.properties
sqlite3
systrace

* build-tools content:
17.0.0
19.1.0
21.1.2
22.0.1
23.0.3
24.0.3
25.0.3
26.0.1
26.0.2
27.0.0
27.0.1
27.0.2
27.0.3
28.0.0
28.0.1
28.0.2
28.0.3
29.0.0
29.0.1
29.0.2
29.0.3
30.0.0

* extras content:
/usr/local/share/android-sdk/extras
├── android
│   └── m2repository
├── google
│   ├── google_play_services
│   └── m2repository
└── m2repository
    └── com

7 directories, 0 files

* platforms content:
android-15
android-17
android-19
android-21
android-22
android-23
android-24
android-25
android-26
android-27
android-28
android-29
android-30

* system-images content:
/usr/local/share/android-sdk/system-images
├── android-26
│   └── google_apis
│       └── x86
├── android-28
│   └── google_apis
│       └── x86_64
├── android-29
│   └── google_apis
│       └── x86
└── android-30
    └── google_apis
        └── x86

12 directories, 0 files

========================================


=== Android APK tools ==================

* aapt2:

========================================


=== Environment infos =======================
MATCH_KEYCHAIN_PASSWORD environment set
========================================


=== Control tests ======================
source $HOME/.bash_profile ...
source $HOME/.bash_profile - PASSED
========================================

