 (i) Ignore Errors: enabled

#
# This System Report was generated by: https://github.com/bitrise-io/osx-box-bootstrap/blob/master/system_report.sh
#  Pull Requests are welcome!
#


=== Revision / ID ======================
* BITRISE_OSX_STACK_REV_ID: v2021_09_11
========================================


=== Pre-installed tool versions ========
* Go: go version go1.16.6 darwin/amd64
* Python: Python 2.7.10
* Node.js: v12.22.4
* NPM: 6.14.14
* Yarn: 1.22.11
* Java: openjdk version "1.8.0_292"
OpenJDK Runtime Environment (AdoptOpenJDK)(build 1.8.0_292-b10)
OpenJDK 64-Bit Server VM (AdoptOpenJDK)(build 25.292-b10, mixed mode)
* Flutter: Flutter 1.26.0-17.8.pre • channel beta • https://github.com/flutter/flutter.git
* fvm: 2.2.2

* git: git version 2.32.0
* git lfs: git-lfs/2.13.3 (GitHub; darwin amd64; go 1.16.5)
* mercurial/hg: Mercurial Distributed SCM (version 5.8.1)
* curl: curl 7.54.0 (x86_64-apple-darwin18.0) libcurl/7.54.0 LibreSSL/2.6.5 zlib/1.2.11 nghttp2/1.24.1
* wget: GNU Wget 1.21.1 built on darwin18.7.0.
* rsync: rsync  version 2.6.9  protocol version 29
* unzip: UnZip 6.00 of 20 April 2009, by Info-ZIP.  Maintained by C. Spieler.  Send
* zip: This is Zip 3.0 (July 5th 2008), by Info-ZIP.
* tar: bsdtar 2.8.3 - libarchive 2.8.3
* tree: tree v1.8.0 (c) 1996 - 2018 by Steve Baker, Thomas Moore, Francesc Rocher, Florian Sesser, Kyosuke Tokoro 

* brew: Homebrew 3.2.6
Homebrew/homebrew-core (git revision a236a1366b; last commit 2021-08-11)
Homebrew/homebrew-cask (git revision d1065e7d30; last commit 2021-08-11)
* Ansible: ansible [core 2.11.3] 
  config file = /Users/vagrant/git/ansible.cfg
  configured module search path = ['/Users/vagrant/.ansible/plugins/modules', '/usr/share/ansible/plugins/modules']
  ansible python module location = /usr/local/Cellar/ansible/4.3.0/libexec/lib/python3.9/site-packages/ansible
  ansible collection location = /Users/vagrant/.ansible/collections:/usr/share/ansible/collections
  executable location = /usr/local/bin/ansible
* gtimeout: timeout (GNU coreutils) 8.32
* watchman: 2021.08.02.00
* flow: Flow, a static type checker for JavaScript, version 0.157.0
* carthage: 0.38.0
* imagemagick (convert): Version: ImageMagick 7.1.0-4 Q16 x86_64 2021-07-18 https://imagemagick.org
* ghostscript (ps2ascii): 9.54.0
* screen: Screen version 4.08.00 (GNU) 05-Feb-20
* firebase: 9.8.0
* applesimutils version 0.9.4
* jq: 1.6
* Version: 0.8.1
* XCLogParser 0.2.21
* Screen 4.08.00
* applesimutils 0.9.4
* OpenConnect version v8.10
* aws-cli: aws-cli/2.2.28 Python/3.9.6 Darwin/18.7.0 source/x86_64 prompt/off
* cmake: 3.21.1
./system_report.sh: line 77: danger-swift: command not found
* danger-swift: 

--- Bitrise CLI tool versions
* bitrise: 1.47.1
* stepman: 0.13.1
* envman: 2.3.1
* cmd-bridge: 0.9.5
========================================


=== Brew list versions ==================
ansible 4.3.0
ant 1.10.11
aom 3.1.2
applesimutils 0.9.4
autoconf 2.71
awscli 2.2.28
bdw-gc 8.0.4_2
boost 1.76.0
brotli 1.0.9
c-ares 1.17.2
carthage 0.38.0
cmake 3.21.1
coreutils 8.32
dart 2.13.4
docbook 5.1_1
docbook-xsl 1.79.2_1
double-conversion 3.1.5_1
flow 0.157.0
fmt 8.0.1
folly 2021.08.02.00_1
fontconfig 2.13.1
freetype 2.11.0
fvm 2.2.2
gdbm 1.20
gettext 0.21
gflags 2.2.2
ghostscript 9.54.0
git 2.32.0_1
git-lfs 2.13.3
glib 2.68.3
glog 0.5.0
gmp 6.2.1
gnu-getopt 2.37.1
gnutls 3.6.16
go 1.16.6
go@1.15 1.15.15
gradle 7.1.1
guile 3.0.7
icu4c 69.1
ilmbase 2.5.7
imagemagick 7.1.0-4_2
imath 3.1.2
jbig2dec 0.19
jemalloc 5.2.1_1
jenv 0.5.4
jpeg 9d
jq 1.6
libde265 1.0.8
libev 4.33
libevent 2.1.12
libffi 3.3_3
libheif 1.12.0
libidn 1.38
libidn2 2.3.2
liblqr 0.4.2_1
libomp 12.0.1
libpng 1.6.37
libtasn1 4.17.0
libtiff 4.3.0
libtool 2.4.6_4
libunistring 0.9.10
libuv 1.42.0
libyaml 0.2.5
little-cms2 2.12
llvm 12.0.1
lz4 1.9.3
m4 1.4.19
macos-term-size 1.0.0
maven 3.8.1
mercurial 5.8.1
mpdecimal 2.5.1
nettle 3.7.3
nghttp2 1.44.0
node 16.6.1
node@12 12.22.4
oniguruma 6.9.7.1
openconnect 8.10
openexr 3.1.1
openjdk 16.0.2
openjpeg 2.4.0
openssl@1.1 1.1.1k
p11-kit 0.24.0
pcre 8.45
pcre2 10.37_1
pkg-config 0.29.2_3
python@3.9 3.9.6
rbenv 1.1.2
readline 8.1
ruby-build 20210804
screen 4.8.0
shared-mime-info 2.1
snappy 1.1.9
sqlite 3.36.0
stoken 0.92_1
tcl-tk 8.6.11_1
tree 1.8.0
unbound 1.13.1
watchman 2021.08.02.00_1
webp 1.2.0
wget 1.21.1
x265 3.5
xmlto 0.0.28
xz 5.2.5
yarn 1.22.11
zstd 1.5.0
========================================


=== Brew deps tree ==================
adoptopenjdk/openjdk/adoptopenjdk11

adoptopenjdk/openjdk/adoptopenjdk8

ansible
├── libyaml
├── openssl@1.1
└── python@3.9
    ├── gdbm
    ├── mpdecimal
    ├── openssl@1.1
    ├── readline
    ├── sqlite
    │   └── readline
    └── xz

ant
└── openjdk

aom

wix/brew/applesimutils

autoconf
└── m4

awscli
└── python@3.9
    ├── gdbm
    ├── mpdecimal
    ├── openssl@1.1
    ├── readline
    ├── sqlite
    │   └── readline
    └── xz

bdw-gc

boost
└── icu4c

brotli

c-ares

carthage

cmake

coreutils

dart-lang/dart/dart

docbook

docbook-xsl
└── docbook

double-conversion

flow

fmt

folly
├── boost
│   └── icu4c
├── double-conversion
├── fmt
├── gflags
├── glog
│   └── gflags
├── libevent
│   └── openssl@1.1
├── lz4
├── openssl@1.1
├── snappy
├── xz
├── zstd
└── llvm
    ├── python@3.9
    │   ├── gdbm
    │   ├── mpdecimal
    │   ├── openssl@1.1
    │   ├── readline
    │   ├── sqlite
    │   │   └── readline
    │   └── xz
    └── libffi

fontconfig
└── freetype
    └── libpng

freetype
└── libpng

leoafarias/fvm/fvm

gdbm

gettext

gflags

ghostscript
├── fontconfig
│   └── freetype
│       └── libpng
├── freetype
│   └── libpng
├── jbig2dec
├── jpeg
├── libidn
├── libpng
├── libtiff
│   └── jpeg
├── little-cms2
│   ├── jpeg
│   └── libtiff
│       └── jpeg
└── openjpeg
    ├── libpng
    ├── libtiff
    │   └── jpeg
    └── little-cms2
        ├── jpeg
        └── libtiff
            └── jpeg

git
├── gettext
└── pcre2

git-lfs

glib
├── gettext
├── libffi
├── pcre
└── python@3.9
    ├── gdbm
    ├── mpdecimal
    ├── openssl@1.1
    ├── readline
    ├── sqlite
    │   └── readline
    └── xz

glog
└── gflags

gmp

gnu-getopt

gnutls
├── gmp
├── guile
│   ├── bdw-gc
│   ├── gmp
│   ├── libffi
│   ├── libtool
│   │   └── m4
│   ├── libunistring
│   ├── pkg-config
│   └── readline
├── libidn2
│   ├── gettext
│   └── libunistring
├── libtasn1
├── libunistring
├── nettle
│   └── gmp
├── p11-kit
│   └── libffi
└── unbound
    ├── libevent
    │   └── openssl@1.1
    ├── nghttp2
    │   ├── c-ares
    │   ├── jemalloc
    │   ├── libev
    │   └── openssl@1.1
    └── openssl@1.1

go

go@1.15

gradle
└── openjdk

guile
├── bdw-gc
├── gmp
├── libffi
├── libtool
│   └── m4
├── libunistring
├── pkg-config
└── readline

icu4c

ilmbase

imagemagick
├── freetype
│   └── libpng
├── ghostscript
│   ├── fontconfig
│   │   └── freetype
│   │       └── libpng
│   ├── freetype
│   │   └── libpng
│   ├── jbig2dec
│   ├── jpeg
│   ├── libidn
│   ├── libpng
│   ├── libtiff
│   │   └── jpeg
│   ├── little-cms2
│   │   ├── jpeg
│   │   └── libtiff
│   │       └── jpeg
│   └── openjpeg
│       ├── libpng
│       ├── libtiff
│       │   └── jpeg
│       └── little-cms2
│           ├── jpeg
│           └── libtiff
│               └── jpeg
├── jpeg
├── libheif
│   ├── aom
│   ├── jpeg
│   ├── libde265
│   ├── libpng
│   ├── shared-mime-info
│   │   ├── gettext
│   │   ├── glib
│   │   │   ├── gettext
│   │   │   ├── libffi
│   │   │   ├── pcre
│   │   │   └── python@3.9
│   │   │       ├── gdbm
│   │   │       ├── mpdecimal
│   │   │       ├── openssl@1.1
│   │   │       ├── readline
│   │   │       ├── sqlite
│   │   │       │   └── readline
│   │   │       └── xz
│   │   └── xmlto
│   │       ├── docbook
│   │       ├── docbook-xsl
│   │       │   └── docbook
│   │       └── gnu-getopt
│   └── x265
├── liblqr
│   └── glib
│       ├── gettext
│       ├── libffi
│       ├── pcre
│       └── python@3.9
│           ├── gdbm
│           ├── mpdecimal
│           ├── openssl@1.1
│           ├── readline
│           ├── sqlite
│           │   └── readline
│           └── xz
├── libomp
├── libpng
├── libtiff
│   └── jpeg
├── libtool
│   └── m4
├── little-cms2
│   ├── jpeg
│   └── libtiff
│       └── jpeg
├── openexr
│   └── imath
├── openjpeg
│   ├── libpng
│   ├── libtiff
│   │   └── jpeg
│   └── little-cms2
│       ├── jpeg
│       └── libtiff
│           └── jpeg
├── webp
│   ├── jpeg
│   ├── libpng
│   └── libtiff
│       └── jpeg
└── xz

imath

intel-haxm

jbig2dec

jemalloc

jenv

jpeg

jq
└── oniguruma

libde265

libev

libevent
└── openssl@1.1

libffi

libheif
├── aom
├── jpeg
├── libde265
├── libpng
├── shared-mime-info
│   ├── gettext
│   ├── glib
│   │   ├── gettext
│   │   ├── libffi
│   │   ├── pcre
│   │   └── python@3.9
│   │       ├── gdbm
│   │       ├── mpdecimal
│   │       ├── openssl@1.1
│   │       ├── readline
│   │       ├── sqlite
│   │       │   └── readline
│   │       └── xz
│   └── xmlto
│       ├── docbook
│       ├── docbook-xsl
│       │   └── docbook
│       └── gnu-getopt
└── x265

libidn

libidn2
├── gettext
└── libunistring

liblqr
└── glib
    ├── gettext
    ├── libffi
    ├── pcre
    └── python@3.9
        ├── gdbm
        ├── mpdecimal
        ├── openssl@1.1
        ├── readline
        ├── sqlite
        │   └── readline
        └── xz

libomp

libpng

libtasn1

libtiff
└── jpeg

libtool
└── m4

libunistring

libuv

libyaml

little-cms2
├── jpeg
└── libtiff
    └── jpeg

llvm
├── python@3.9
│   ├── gdbm
│   ├── mpdecimal
│   ├── openssl@1.1
│   ├── readline
│   ├── sqlite
│   │   └── readline
│   └── xz
└── libffi

lz4

m4

macos-term-size

maven
└── openjdk

mercurial
└── python@3.9
    ├── gdbm
    ├── mpdecimal
    ├── openssl@1.1
    ├── readline
    ├── sqlite
    │   └── readline
    └── xz

mpdecimal

nettle
└── gmp

nghttp2
├── c-ares
├── jemalloc
├── libev
└── openssl@1.1

node
├── brotli
├── c-ares
├── icu4c
├── libuv
├── nghttp2
│   ├── c-ares
│   ├── jemalloc
│   ├── libev
│   └── openssl@1.1
└── openssl@1.1

node@12
├── icu4c
└── macos-term-size

oniguruma

openconnect
├── gettext
├── gnutls
│   ├── gmp
│   ├── guile
│   │   ├── bdw-gc
│   │   ├── gmp
│   │   ├── libffi
│   │   ├── libtool
│   │   │   └── m4
│   │   ├── libunistring
│   │   ├── pkg-config
│   │   └── readline
│   ├── libidn2
│   │   ├── gettext
│   │   └── libunistring
│   ├── libtasn1
│   ├── libunistring
│   ├── nettle
│   │   └── gmp
│   ├── p11-kit
│   │   └── libffi
│   └── unbound
│       ├── libevent
│       │   └── openssl@1.1
│       ├── nghttp2
│       │   ├── c-ares
│       │   ├── jemalloc
│       │   ├── libev
│       │   └── openssl@1.1
│       └── openssl@1.1
└── stoken
    └── nettle
        └── gmp

openexr
└── imath

openjdk

openjpeg
├── libpng
├── libtiff
│   └── jpeg
└── little-cms2
    ├── jpeg
    └── libtiff
        └── jpeg

openssl@1.1

p11-kit
└── libffi

pcre

pcre2

pkg-config

python@3.9
├── gdbm
├── mpdecimal
├── openssl@1.1
├── readline
├── sqlite
│   └── readline
└── xz

rbenv
└── ruby-build
    ├── autoconf
    │   └── m4
    ├── pkg-config
    └── readline

readline

ruby-build
├── autoconf
│   └── m4
├── pkg-config
└── readline

screen

shared-mime-info
├── gettext
├── glib
│   ├── gettext
│   ├── libffi
│   ├── pcre
│   └── python@3.9
│       ├── gdbm
│       ├── mpdecimal
│       ├── openssl@1.1
│       ├── readline
│       ├── sqlite
│       │   └── readline
│       └── xz
└── xmlto
    ├── docbook
    ├── docbook-xsl
    │   └── docbook
    └── gnu-getopt

snappy

sqlite
└── readline

stoken
└── nettle
    └── gmp

tcl-tk
└── openssl@1.1

tree

unbound
├── libevent
│   └── openssl@1.1
├── nghttp2
│   ├── c-ares
│   ├── jemalloc
│   ├── libev
│   └── openssl@1.1
└── openssl@1.1

watchman
├── boost
│   └── icu4c
├── fmt
├── folly
│   ├── boost
│   │   └── icu4c
│   ├── double-conversion
│   ├── fmt
│   ├── gflags
│   ├── glog
│   │   └── gflags
│   ├── libevent
│   │   └── openssl@1.1
│   ├── lz4
│   ├── openssl@1.1
│   ├── snappy
│   ├── xz
│   ├── zstd
│   └── llvm
│       ├── python@3.9
│       │   ├── gdbm
│       │   ├── mpdecimal
│       │   ├── openssl@1.1
│       │   ├── readline
│       │   ├── sqlite
│       │   │   └── readline
│       │   └── xz
│       └── libffi
├── gflags
├── glog
│   └── gflags
├── libevent
│   └── openssl@1.1
├── openssl@1.1
├── pcre
└── python@3.9
    ├── gdbm
    ├── mpdecimal
    ├── openssl@1.1
    ├── readline
    ├── sqlite
    │   └── readline
    └── xz

webp
├── jpeg
├── libpng
└── libtiff
    └── jpeg

wget
├── libidn2
│   ├── gettext
│   └── libunistring
└── openssl@1.1

x265

xmlto
├── docbook
├── docbook-xsl
│   └── docbook
└── gnu-getopt

xz

yarn
└── node
    ├── brotli
    ├── c-ares
    ├── icu4c
    ├── libuv
    ├── nghttp2
    │   ├── c-ares
    │   ├── jemalloc
    │   ├── libev
    │   └── openssl@1.1
    └── openssl@1.1

zstd

========================================


=== Ruby and rubygems ==================
* Ruby (default): ruby 2.6.5p114 (2019-10-01 revision 67812) [x86_64-darwin18]
--- Available ruby versions ---
  system
  2.4.5
  2.5.3
* 2.6.5 (set by /Users/vagrant/.rbenv/version)
  2.7.2
  3.0.0
-------------------------------
* rbenv: 1.1.2
* Rubygems: 3.0.3
* Bundler: Bundler version 2.1.4
* CocoaPods: 1.10.1
* xcpretty: 0.3.0
========================================


=== All Ruby GEMs ======================
activesupport (5.2.6)
addressable (2.8.0)
algoliasearch (1.27.5)
atomos (0.1.3)
aws-eventstream (1.1.1)
aws-partitions (1.487.0)
aws-sdk-core (3.119.0)
aws-sdk-kms (1.46.0)
aws-sdk-s3 (1.98.0)
aws-sigv4 (1.2.4)
babosa (1.0.4)
bigdecimal (default: 1.4.1)
bundler (2.1.4, default: 1.17.2)
CFPropertyList (3.0.3)
claide (1.0.3)
clamp (1.3.2)
cmath (default: 1.0.0)
cocoapods (1.10.1)
cocoapods-core (1.10.1)
cocoapods-deintegrate (1.0.4)
cocoapods-downloader (1.4.0)
cocoapods-plugins (1.0.0)
cocoapods-search (1.0.1)
cocoapods-trunk (1.5.0)
cocoapods-try (1.2.0)
colored (1.2)
colored2 (3.1.2)
commander-fastlane (4.4.6)
concurrent-ruby (1.1.9)
csv (default: 3.0.9)
date (default: 2.0.0)
dbm (default: 1.0.0)
declarative (0.0.20)
digest-crc (0.6.4)
domain_name (0.5.20190701)
dotenv (2.7.6)
e2mmap (default: 0.1.0)
emoji_regex (3.2.2)
escape (0.0.4)
etc (default: 1.0.1)
ethon (0.14.0)
excon (0.85.0)
faraday (1.7.0)
faraday-cookie_jar (0.0.7)
faraday-em_http (1.0.0)
faraday-em_synchrony (1.0.0)
faraday-excon (1.1.0)
faraday-httpclient (1.0.1)
faraday-net_http (1.0.1)
faraday-net_http_persistent (1.2.0)
faraday-patron (1.0.0)
faraday-rack (1.0.0)
faraday_middleware (1.1.0)
fastimage (2.2.5)
fastlane (2.166.0)
fcntl (default: 1.0.0)
ffi (1.15.3)
fiddle (default: 1.0.0)
fileutils (default: 1.1.0)
forwardable (default: 1.2.0)
fourflusher (2.3.1)
fuzzy_match (2.0.4)
gh_inspector (1.1.3)
google-api-client (0.38.0)
google-apis-core (0.4.1)
google-apis-iamcredentials_v1 (0.6.0)
google-apis-storage_v1 (0.6.0)
google-cloud-core (1.6.0)
google-cloud-env (1.5.0)
google-cloud-errors (1.1.0)
google-cloud-storage (1.34.1)
googleauth (0.17.0)
highline (1.7.10)
http-cookie (1.0.4)
httpclient (2.8.3)
i18n (1.8.10)
io-console (default: 0.4.7)
ipaddr (default: 1.2.2)
irb (default: 1.0.0)
jazzy (0.13.6)
jmespath (1.4.0)
json (default: 2.1.0)
jwt (2.2.3)
liferaft (0.0.6)
logger (default: 1.3.0)
matrix (default: 0.1.0)
memoist (0.16.2)
mini_magick (4.11.0)
mini_mime (1.1.0)
minitest (5.14.4)
molinillo (0.6.6)
multi_json (1.15.0)
multipart-post (2.0.0)
mustache (1.1.1)
mutex_m (default: 0.1.0)
nanaimo (0.3.0)
nap (1.1.0)
naturally (2.2.1)
netrc (0.11.0)
nokogiri (1.12.3 x86_64-darwin)
open4 (1.3.4)
openssl (default: 2.1.2)
os (1.1.1)
ostruct (default: 0.1.0)
plist (3.6.0)
prime (default: 0.1.0)
psych (default: 3.1.0)
public_suffix (4.0.6)
racc (1.5.2)
rake (13.0.6)
rdoc (default: 6.1.2)
redcarpet (3.5.1)
representable (3.1.1)
retriable (3.1.2)
rexml (3.2.5, default: 3.1.9)
rouge (2.0.7)
rss (default: 0.2.7)
ruby-macho (1.4.0)
ruby2_keywords (0.0.5)
rubyzip (2.3.2)
sassc (2.4.0)
scanf (default: 1.0.0)
sdbm (default: 1.0.0)
security (0.1.3)
shell (default: 0.7)
signet (0.15.0)
simctl (1.6.8)
slack-notifier (2.4.0)
slather (2.5.0)
sqlite3 (1.4.2)
stringio (default: 0.0.2)
strscan (default: 1.0.0)
sync (default: 0.5.0)
terminal-notifier (2.0.0)
terminal-table (1.8.0)
thread_safe (0.3.6)
thwait (default: 0.1.0)
tracer (default: 0.1.0)
trailblazer-option (0.1.1)
trainer (0.9.1)
tty-cursor (0.7.1)
tty-screen (0.8.1)
tty-spinner (0.9.3)
typhoeus (1.4.0)
tzinfo (1.2.9)
uber (0.1.0)
unf (0.1.4)
unf_ext (0.0.7.7)
unicode-display_width (1.7.0)
webrick (default: 1.4.2)
word_wrap (1.0.0)
xcinvoke (0.3.0)
xcode-install (2.7.0)
xcodeproj (1.21.0)
xcov (1.7.5)
xcpretty (0.3.0)
xcpretty-json-formatter (0.1.1)
xcpretty-travis-formatter (1.0.1)
xcresult (0.2.1)
zlib (default: 1.0.0)
========================================


=== NPM global packages ==========================
* Cordova: 9.0.0 (cordova-lib@9.0.1)
* Ionic: 6.11.12
* Appcenter-CLI version: 2.9.0
========================================


=== Checking Xcode CLT dirs ============

 ls -1 /Library/Developer/CommandLineTools/SDKs/MacOSX.sdk/usr/include/CommonCrypto
CommonCrypto.h
CommonCryptoError.h
CommonCryptor.h
CommonDigest.h
CommonHMAC.h
CommonKeyDerivation.h
CommonRandom.h
CommonSymmetricKeywrap.h
module.modulemap

 * ls -1 /Library/Developer/CommandLineTools/
Library
Packages
SDKs
usr

 * /Library/Developer/CommandLineTools/usr/bin/swift --version
Apple Swift version 5.0.1 (swiftlang-1001.0.82.4 clang-1001.0.46.5)
Target: x86_64-apple-darwin18.7.0

========================================


=== Xcode ==============================

* Active Xcode Command Line Tools:
/Applications/Xcode-10.3.app/Contents/Developer

* Xcode Version:
Xcode 10.3
Build version 10G8

* /usr/bin/swift --version
Apple Swift version 5.0.1 (swiftlang-1001.0.82.4 clang-1001.0.46.5)
Target: x86_64-apple-darwin18.7.0

* Installed SDKs:
iOS SDKs:
	iOS 12.4                      	-sdk iphoneos12.4

iOS Simulator SDKs:
	Simulator - iOS 12.4          	-sdk iphonesimulator12.4

macOS SDKs:
	macOS 10.14                   	-sdk macosx10.14

tvOS SDKs:
	tvOS 12.4                     	-sdk appletvos12.4

tvOS Simulator SDKs:
	Simulator - tvOS 12.4         	-sdk appletvsimulator12.4

watchOS SDKs:
	watchOS 5.3                   	-sdk watchos5.3

watchOS Simulator SDKs:
	Simulator - watchOS 5.3       	-sdk watchsimulator5.3


* Available Simulators:
== Device Types ==
iPhone 4s (com.apple.CoreSimulator.SimDeviceType.iPhone-4s)
iPhone 5 (com.apple.CoreSimulator.SimDeviceType.iPhone-5)
iPhone 5s (com.apple.CoreSimulator.SimDeviceType.iPhone-5s)
iPhone 6 (com.apple.CoreSimulator.SimDeviceType.iPhone-6)
iPhone 6 Plus (com.apple.CoreSimulator.SimDeviceType.iPhone-6-Plus)
iPhone 6s (com.apple.CoreSimulator.SimDeviceType.iPhone-6s)
iPhone 6s Plus (com.apple.CoreSimulator.SimDeviceType.iPhone-6s-Plus)
iPhone 7 (com.apple.CoreSimulator.SimDeviceType.iPhone-7)
iPhone 7 Plus (com.apple.CoreSimulator.SimDeviceType.iPhone-7-Plus)
iPhone 8 (com.apple.CoreSimulator.SimDeviceType.iPhone-8)
iPhone 8 Plus (com.apple.CoreSimulator.SimDeviceType.iPhone-8-Plus)
iPhone SE (com.apple.CoreSimulator.SimDeviceType.iPhone-SE)
iPhone X (com.apple.CoreSimulator.SimDeviceType.iPhone-X)
iPhone Xs (com.apple.CoreSimulator.SimDeviceType.iPhone-XS)
iPhone Xs Max (com.apple.CoreSimulator.SimDeviceType.iPhone-XS-Max)
iPhone Xʀ (com.apple.CoreSimulator.SimDeviceType.iPhone-XR)
iPad mini (5th generation) (com.apple.CoreSimulator.SimDeviceType.iPad-mini--5th-generation-)
iPad Air (3rd generation) (com.apple.CoreSimulator.SimDeviceType.iPad-Air--3rd-generation-)
iPad 2 (com.apple.CoreSimulator.SimDeviceType.iPad-2)
iPad Retina (com.apple.CoreSimulator.SimDeviceType.iPad-Retina)
iPad Air (com.apple.CoreSimulator.SimDeviceType.iPad-Air)
iPad mini 2 (com.apple.CoreSimulator.SimDeviceType.iPad-mini-2)
iPad mini 3 (com.apple.CoreSimulator.SimDeviceType.iPad-mini-3)
iPad mini 4 (com.apple.CoreSimulator.SimDeviceType.iPad-mini-4)
iPad Air 2 (com.apple.CoreSimulator.SimDeviceType.iPad-Air-2)
iPad (5th generation) (com.apple.CoreSimulator.SimDeviceType.iPad--5th-generation-)
iPad Pro (9.7-inch) (com.apple.CoreSimulator.SimDeviceType.iPad-Pro--9-7-inch-)
iPad Pro (12.9-inch) (com.apple.CoreSimulator.SimDeviceType.iPad-Pro)
iPad Pro (12.9-inch) (2nd generation) (com.apple.CoreSimulator.SimDeviceType.iPad-Pro--12-9-inch---2nd-generation-)
iPad Pro (10.5-inch) (com.apple.CoreSimulator.SimDeviceType.iPad-Pro--10-5-inch-)
iPad (6th generation) (com.apple.CoreSimulator.SimDeviceType.iPad--6th-generation-)
iPad Pro (11-inch) (com.apple.CoreSimulator.SimDeviceType.iPad-Pro--11-inch-)
iPad Pro (12.9-inch) (3rd generation) (com.apple.CoreSimulator.SimDeviceType.iPad-Pro--12-9-inch---3rd-generation-)
Apple TV (com.apple.CoreSimulator.SimDeviceType.Apple-TV-1080p)
Apple TV 4K (com.apple.CoreSimulator.SimDeviceType.Apple-TV-4K-4K)
Apple TV 4K (at 1080p) (com.apple.CoreSimulator.SimDeviceType.Apple-TV-4K-1080p)
Apple Watch - 38mm (com.apple.CoreSimulator.SimDeviceType.Apple-Watch-38mm)
Apple Watch - 42mm (com.apple.CoreSimulator.SimDeviceType.Apple-Watch-42mm)
Apple Watch Series 2 - 38mm (com.apple.CoreSimulator.SimDeviceType.Apple-Watch-Series-2-38mm)
Apple Watch Series 2 - 42mm (com.apple.CoreSimulator.SimDeviceType.Apple-Watch-Series-2-42mm)
Apple Watch Series 3 - 38mm (com.apple.CoreSimulator.SimDeviceType.Apple-Watch-Series-3-38mm)
Apple Watch Series 3 - 42mm (com.apple.CoreSimulator.SimDeviceType.Apple-Watch-Series-3-42mm)
Apple Watch Series 4 - 40mm (com.apple.CoreSimulator.SimDeviceType.Apple-Watch-Series-4-40mm)
Apple Watch Series 4 - 44mm (com.apple.CoreSimulator.SimDeviceType.Apple-Watch-Series-4-44mm)
== Runtimes ==
iOS 12.0 (12.0 - 16A366) - com.apple.CoreSimulator.SimRuntime.iOS-12-0 
iOS 12.1 (12.1 - 16B91) - com.apple.CoreSimulator.SimRuntime.iOS-12-1 
iOS 12.2 (12.2 - 16E226) - com.apple.CoreSimulator.SimRuntime.iOS-12-2 
iOS 12.4 (12.4 - 16G73) - com.apple.CoreSimulator.SimRuntime.iOS-12-4 
tvOS 12.0 (12.0 - 16J364) - com.apple.CoreSimulator.SimRuntime.tvOS-12-0 
tvOS 12.1 (12.1 - 16J602) - com.apple.CoreSimulator.SimRuntime.tvOS-12-1 
tvOS 12.2 (12.2 - 16L225) - com.apple.CoreSimulator.SimRuntime.tvOS-12-2 
tvOS 12.4 (12.4 - 16M567) - com.apple.CoreSimulator.SimRuntime.tvOS-12-4 
watchOS 5.0 (5.0 - 16R363) - com.apple.CoreSimulator.SimRuntime.watchOS-5-0 
watchOS 5.1 (5.1 - 16R591) - com.apple.CoreSimulator.SimRuntime.watchOS-5-1 
watchOS 5.2 (5.2 - 16T224) - com.apple.CoreSimulator.SimRuntime.watchOS-5-2 
watchOS 5.3 (5.3 - 16U567) - com.apple.CoreSimulator.SimRuntime.watchOS-5-3 
== Devices ==
-- iOS 12.0 --
    iPhone 5s (B1919215-AE7E-4901-8F86-48FB4234DE1D) (Shutdown) 
    iPhone 6 (FCACAF51-4E56-418B-8310-A4A51516519B) (Shutdown) 
    iPhone 6 Plus (3F2392C9-8593-40F9-8844-DA00D457D3EE) (Shutdown) 
    iPhone 6s (5DE52652-6FC1-46EF-B8AE-FAE2F9C7048A) (Shutdown) 
    iPhone 6s Plus (06D84994-8A46-417C-9426-AA43C33AF8CA) (Shutdown) 
    iPhone 7 (C5D66F5E-549C-4D38-92DF-4F47BBB367D7) (Shutdown) 
    iPhone 7 Plus (9092EA72-004B-42ED-AF53-69E42CC101E1) (Shutdown) 
    iPhone 8 (8AA5A64A-4A0E-4360-A978-63D269EBAF50) (Shutdown) 
    iPhone 8 Plus (F0E79975-C005-4A5A-A19B-C980B0390090) (Shutdown) 
    iPhone SE (80B12017-17A9-48D2-B6B8-8D26CCBEC925) (Shutdown) 
    iPhone X (B0A486E1-F045-4F38-B9E4-59B74A88438E) (Shutdown) 
    iPhone XS (2F05739A-5C7A-4094-82C5-01F3A0B955D2) (Shutdown) 
    iPhone XS Max (DC0F8E08-BADE-4BF6-ABE0-76B5DA30AD95) (Shutdown) 
    iPhone XR (51D64240-C6A8-497F-B0A6-4776F77E4645) (Shutdown) 
    iPad Air (1B46A566-EB9C-4129-8DBE-78ECD56FBAFB) (Shutdown) 
    iPad Air 2 (611CE51A-5D9B-4FC2-9C10-528810B0A619) (Shutdown) 
    iPad (5th generation) (33FF6346-F5D7-415D-8971-E74B62F10890) (Shutdown) 
    iPad Pro (9.7-inch) (80C9C8B5-7B5B-4BA3-8491-784C68A0C089) (Shutdown) 
    iPad Pro (12.9-inch) (84D0192C-61A2-488C-AC42-2D391DCDB97F) (Shutdown) 
    iPad Pro (12.9-inch) (2nd generation) (0B9440F8-E1E5-4739-A913-AC4DD6D6A900) (Shutdown) 
    iPad Pro (10.5-inch) (5CD04DA2-D7DB-49E0-A678-CA610DF5530E) (Shutdown) 
    iPad (6th generation) (3175289E-4846-488E-AB7B-56AE46D83FBD) (Shutdown) 
-- iOS 12.1 --
    iPhone 5s (C5224652-E9C2-4125-8C8C-271F4C466385) (Shutdown) 
    iPhone 6 (D44E3B60-51AF-42FE-9B06-6B82095C5E73) (Shutdown) 
    iPhone 6 Plus (6EDFBDFF-B92C-4506-B217-9CF151346403) (Shutdown) 
    iPhone 6s (522307BE-60B6-4325-A001-040C4AF97B5A) (Shutdown) 
    iPhone 6s Plus (44906E35-D605-418C-9760-EDA02FB4A035) (Shutdown) 
    iPhone 7 (661BECBE-43BE-48EF-A1A6-5BED68C9E575) (Shutdown) 
    iPhone 7 Plus (6DDA8B69-3CE0-443F-B0B3-EB9953B09F97) (Shutdown) 
    iPhone 8 (C1154DCB-C50A-49E3-A372-936BE31AB43C) (Shutdown) 
    iPhone 8 Plus (F2B6846B-0A95-471D-99AF-C3A29208C5C8) (Shutdown) 
    iPhone SE (380651C1-802D-46E0-A889-09208A591D62) (Shutdown) 
    iPhone X (6724A5BA-CED5-4F8A-962E-31E027044DD6) (Shutdown) 
    iPhone XS (011CA555-508F-4F42-B730-7811891060D2) (Shutdown) 
    iPhone XS Max (0B81C095-8B82-44DF-B73C-6EA512EF0AA7) (Shutdown) 
    iPhone XR (827C539C-2E68-458B-82E5-16A8C3E7DD7C) (Shutdown) 
    iPad Air (A98046DA-86F9-4F4A-AE28-914F45B02B71) (Shutdown) 
    iPad Air 2 (7BBACDF8-CC48-41A8-92A8-E912B1BD5A7C) (Shutdown) 
    iPad (5th generation) (F91AF50F-AFD5-4F97-A234-EBF92ABBCEDC) (Shutdown) 
    iPad Pro (9.7-inch) (6C2BE176-D446-4D43-97C4-F03880BDDA21) (Shutdown) 
    iPad Pro (12.9-inch) (49332336-0B7C-464B-B7D3-DC4816361D73) (Shutdown) 
    iPad Pro (12.9-inch) (2nd generation) (469C581E-3D36-44CA-93B4-BE2BC455BFF8) (Shutdown) 
    iPad Pro (10.5-inch) (F32CEBC5-12F1-44DD-97B3-0763E72BB20F) (Shutdown) 
    iPad (6th generation) (0BCA7710-02D3-4B64-A2EF-5ED14119A4F0) (Shutdown) 
    iPad Pro (11-inch) (78F36B36-F6EF-4FAB-82D9-A044CB797821) (Shutdown) 
    iPad Pro (12.9-inch) (3rd generation) (1DCC50A3-E838-4AC4-9978-F4F204FE1DAE) (Shutdown) 
-- iOS 12.2 --
    iPhone 5s (39980490-77A0-4060-8CC0-4785CFAD04F7) (Shutdown) 
    iPhone 6 (25EB340D-B027-45FF-916D-059E8A10DBE5) (Shutdown) 
    iPhone 6 Plus (A6AFA874-D879-4E91-A13D-BF30AEBDE8FF) (Shutdown) 
    iPhone 6s (336A1EA9-551B-4E60-9239-8D22D870581F) (Shutdown) 
    iPhone 6s Plus (D2B8CCEA-81AF-412B-AA8F-8CB4C74C058F) (Shutdown) 
    iPhone 7 (B7D3BCD5-B2CF-4B3E-A751-0EF22C7AFF0A) (Shutdown) 
    iPhone 7 Plus (D68D4737-BB0F-4B95-B31D-DA019C4269F3) (Shutdown) 
    iPhone 8 (A9DD0518-C308-44C0-8A52-0AA5511C365D) (Shutdown) 
    iPhone 8 Plus (95402A5F-8ABF-4900-9E81-5A093E766646) (Shutdown) 
    iPhone SE (06B20CCE-0697-45A8-AF1D-BCAE1C165140) (Shutdown) 
    iPhone X (AF001676-BEFA-49F8-B9C8-48174C7C44CA) (Shutdown) 
    iPhone Xs (BEEA0525-522E-491A-A626-F0534B8F35CB) (Shutdown) 
    iPhone Xs Max (6CA666ED-FD92-469E-B185-B13BCB7AE7FB) (Shutdown) 
    iPhone Xʀ (BEA1B0DB-AC54-4D00-94C2-1CA0E22A501C) (Shutdown) 
    iPad Air (3rd generation) (425046FA-666F-4A73-A91F-F43195EA0177) (Shutdown) 
    iPad Air (4AE77990-1B7D-4F7E-8AA4-A1069F045E1D) (Shutdown) 
    iPad Air 2 (02191E67-7F19-4EB0-AA66-2EC3D2DA6405) (Shutdown) 
    iPad (5th generation) (9DDEA27F-E89C-4610-935C-C86E56A09FA1) (Shutdown) 
    iPad Pro (9.7-inch) (CED4E041-88C5-4CE3-A306-54AE4EE4B4BF) (Shutdown) 
    iPad Pro (12.9-inch) (AA9A0687-E97D-441D-9D76-2DF29CEC5945) (Shutdown) 
    iPad Pro (12.9-inch) (2nd generation) (60D1686F-2028-4874-B89A-F833D63E4A5E) (Shutdown) 
    iPad Pro (10.5-inch) (DCC9EFF3-B7C8-4E7D-8B70-FA3E30DB546B) (Shutdown) 
    iPad (6th generation) (07A51428-BCB5-4024-A813-60074A7D789E) (Shutdown) 
    iPad Pro (11-inch) (BE1449F0-B624-4043-8F75-70DF293D7C68) (Shutdown) 
    iPad Pro (12.9-inch) (3rd generation) (13F02164-1A4E-423C-9A3C-6FA5EF9A2B31) (Shutdown) 
-- iOS 12.4 --
    iPhone 5s (85C2A9DD-B8EF-411F-B29F-D15C9708F62D) (Shutdown) 
    iPhone 6 (15335D9B-87E1-49CA-9745-8059AD2E0F7E) (Shutdown) 
    iPhone 6 Plus (CA36EBE5-C287-49EA-9379-2059CB33CA6F) (Shutdown) 
    iPhone 6s (3D0C4D7B-025A-43C7-9E8E-C19C679DF9A4) (Shutdown) 
    iPhone 6s Plus (FE6CC494-E4D9-4BF8-A269-5BF58392130F) (Shutdown) 
    iPhone 7 (BE07C888-CB1F-4816-AE89-C3653DE85DB8) (Shutdown) 
    iPhone 7 Plus (66BA404C-1398-4EE6-9656-E2B1A704F01C) (Shutdown) 
    iPhone 8 (E3184832-340A-43F0-B22A-2254A9E7AB4C) (Shutdown) 
    iPhone 8 Plus (4CBEC3B8-15A7-4AB3-8BBA-71E2F28D5B5E) (Shutdown) 
    iPhone SE (40D0606D-A1AE-4617-AB72-D64C49998992) (Shutdown) 
    iPhone X (1AB0CC2C-E221-4643-9C12-C18E2164CD69) (Shutdown) 
    iPhone Xs (EA4274F6-7CA1-4712-ACCC-5FD81070D69A) (Shutdown) 
    iPhone Xs Max (E3EB7539-47BF-425F-A0FB-A0195BCCAE50) (Shutdown) 
    iPhone Xʀ (7460CC37-B61D-48DA-A00D-8D000F5970E4) (Shutdown) 
    iPad Air (3rd generation) (8F1407F0-DFB5-46E1-9216-54AB4806FC5B) (Shutdown) 
    iPad Air (1DD34726-7E04-40A3-B852-BFFDA518288E) (Shutdown) 
    iPad Air 2 (F6E3EFAB-AAC9-4850-A1DF-C78D030E1265) (Shutdown) 
    iPad (5th generation) (27F4A077-54A2-47AE-A320-9A7FD8943101) (Shutdown) 
    iPad Pro (9.7-inch) (EBC69A36-EB36-4708-91DC-AC7AC5DD43F5) (Shutdown) 
    iPad Pro (12.9-inch) (7350661E-740B-4382-A2F5-2896BD1D97F1) (Shutdown) 
    iPad Pro (12.9-inch) (2nd generation) (CBAA1744-1400-4E9A-9FCF-4513E5F29EF7) (Shutdown) 
    iPad Pro (10.5-inch) (E108AEC6-1342-4750-A741-0249D0F515CA) (Shutdown) 
    iPad (6th generation) (8439CB08-E5CA-4D19-80CA-54F6869B12A6) (Shutdown) 
    iPad Pro (11-inch) (8DA93099-FA21-4247-9B9C-3B861702FABB) (Shutdown) 
    iPad Pro (12.9-inch) (3rd generation) (8B1798DB-9168-4D97-BC97-3DE9003C6002) (Shutdown) 
-- tvOS 12.0 --
    Apple TV (FF0DD0E3-FE4A-4F54-AE23-0D34523A83D6) (Shutdown) 
    Apple TV 4K (D89C7BB0-1942-4319-A60D-03B3A9F347FF) (Shutdown) 
    Apple TV 4K (at 1080p) (98D4B929-68BB-48AD-BE38-539F60F1E634) (Shutdown) 
-- tvOS 12.1 --
    Apple TV (C182D79B-AD8C-46E5-9993-70C4059525AF) (Shutdown) 
    Apple TV 4K (4494DA9F-E1C8-464F-A2E7-950DFFDA651D) (Shutdown) 
    Apple TV 4K (at 1080p) (CC6C5CE4-1319-4C17-8DF2-FB8692DC9D55) (Shutdown) 
-- tvOS 12.2 --
    Apple TV (F5731AEE-B0F3-43C1-A242-DE305FA36E7D) (Shutdown) 
    Apple TV 4K (668C5084-E737-4692-94D2-D3E2CC27A443) (Shutdown) 
    Apple TV 4K (at 1080p) (6747BFC4-B8E8-4CCF-A465-985E342043A1) (Shutdown) 
-- tvOS 12.4 --
    Apple TV (E6290206-499C-40EA-89B1-CCB0DC7B2F08) (Shutdown) 
    Apple TV 4K (478C8A35-1F35-4096-84D4-01CAC7F146F7) (Shutdown) 
    Apple TV 4K (at 1080p) (6A201CE5-FDF1-4A7E-A83E-A288C786DF9F) (Shutdown) 
-- watchOS 5.0 --
    Apple Watch Series 2 - 38mm (324E9C18-E5F1-48AC-B79D-268CF6CEC459) (Shutdown) 
    Apple Watch Series 2 - 42mm (6D1C3645-17E1-4ADD-9031-F11A0F05CE9D) (Shutdown) 
    Apple Watch Series 3 - 38mm (B23522AF-5AF4-411D-8848-44A6DD996263) (Shutdown) 
    Apple Watch Series 3 - 42mm (DC887F21-D495-4503-A515-79D9D103E61B) (Shutdown) 
    Apple Watch Series 4 - 40mm (59A95048-DC14-4031-93E3-965E4E600239) (Shutdown) 
    Apple Watch Series 4 - 44mm (99F49245-99B4-4B17-B7D0-441B31ECF71F) (Shutdown) 
-- watchOS 5.1 --
    Apple Watch Series 2 - 38mm (51C29B0A-6F2C-4264-A06E-D471B70E38A6) (Shutdown) 
    Apple Watch Series 2 - 42mm (19EAEDF0-C4BB-4B78-9202-7773CB3FDEAF) (Shutdown) 
    Apple Watch Series 3 - 38mm (1F4BA247-E20E-4415-9FBF-A4C9325F0F9F) (Shutdown) 
    Apple Watch Series 3 - 42mm (3BE40902-C68B-4AA9-B614-E285F355995D) (Shutdown) 
    Apple Watch Series 4 - 40mm (E2F5852D-7501-417C-96F8-2FE4EC71CDDC) (Shutdown) 
    Apple Watch Series 4 - 44mm (B6DA5E20-D514-4BA6-9779-A89CC230214E) (Shutdown) 
-- watchOS 5.2 --
    Apple Watch Series 2 - 38mm (33115321-B17D-4664-9470-494567843BAC) (Shutdown) 
    Apple Watch Series 2 - 42mm (3C339B80-8CA2-4F6E-9821-C8EB72CEA8E9) (Shutdown) 
    Apple Watch Series 3 - 38mm (0C57FE39-1B97-4A28-BB74-FCBAA68A7E56) (Shutdown) 
    Apple Watch Series 3 - 42mm (98808B9A-9123-4D68-97AA-8AEFCC5F1BCE) (Shutdown) 
    Apple Watch Series 4 - 40mm (E078DADC-3400-41D8-9A26-7C0F2F901090) (Shutdown) 
    Apple Watch Series 4 - 44mm (FA55DD95-68F9-4384-AA92-894062D74DB5) (Shutdown) 
-- watchOS 5.3 --
    Apple Watch Series 2 - 38mm (29AF676F-5C95-4363-8230-C52EFA568AF7) (Shutdown) 
    Apple Watch Series 2 - 42mm (47E4F708-F674-4ABC-911E-E0621704B5AB) (Shutdown) 
    Apple Watch Series 3 - 38mm (23A4358F-D589-4B61-8F63-28F058B9312B) (Shutdown) 
    Apple Watch Series 3 - 42mm (476530E3-97C0-4CE8-A968-9B3654B397DB) (Shutdown) 
    Apple Watch Series 4 - 40mm (D2C06F65-30C7-442B-8498-70889A7E3B67) (Shutdown) 
    Apple Watch Series 4 - 44mm (546185D8-F3C5-438C-B76D-136E3C75EB1B) (Shutdown) 
== Device Pairs ==
3FDEBBCA-1250-4C2E-A84A-D08D5FF887D5 (active, disconnected)
    Watch: Apple Watch Series 4 - 40mm (D2C06F65-30C7-442B-8498-70889A7E3B67) (Shutdown)
    Phone: iPhone Xs (EA4274F6-7CA1-4712-ACCC-5FD81070D69A) (Shutdown)
1A701B32-B985-47F4-8397-8F7C6B1C5DE7 (active, disconnected)
    Watch: Apple Watch Series 4 - 44mm (546185D8-F3C5-438C-B76D-136E3C75EB1B) (Shutdown)
    Phone: iPhone Xs Max (E3EB7539-47BF-425F-A0FB-A0195BCCAE50) (Shutdown)

========================================


=== OS X info =========================

* sw_vers
ProductName:	Mac OS X
ProductVersion:	10.14.6
BuildVersion:	18G103

* system_profiler SPSoftwareDataType
Software:

    System Software Overview:

      System Version: macOS 10.14.6 (18G103)
      Kernel Version: Darwin 18.7.0
      Boot Volume: Disk
      Boot Mode: Normal
      Computer Name: stg-xcode-10-3-210816131649-9hRDKYw563ejNq6QJFQznZ
      User Name: vagrant (vagrant)
      Secure Virtual Memory: Enabled
      System Integrity Protection: Disabled
      Time since boot: 1:04


========================================


=== System infos =======================
* Free disk space:
    Filesystem         Size        Avail
  /dev/disk1s1        200Gi         97Gi
========================================

--- Android

* ANDROID_HOME (/usr/local/share/android-sdk) content:
add-ons
build-tools
cmdline-tools
emulator
extras
licenses
patcher
platform-tools
platforms
system-images
tools

* ANDROID_NDK_HOME (/opt/android-ndk/android-ndk-r21e) content:
CHANGELOG.md
NOTICE
NOTICE.toolchain
README.md
build
meta
ndk-build
ndk-gdb
ndk-stack
ndk-which
platforms
prebuilt
python-packages
shader-tools
simpleperf
source.properties
sources
sysroot
toolchains
wrap.sh

* Android NDK Version:
Pkg.Desc = Android NDK
Pkg.Revision = 21.4.7075529

* platform-tools content:
NOTICE.txt
adb
api
dmtracedump
e2fsdroid
etc1tool
fastboot
hprof-conv
lib64
make_f2fs
make_f2fs_casefold
mke2fs
mke2fs.conf
package.xml
sload_f2fs
source.properties
sqlite3
systrace

* build-tools content:
17.0.0
19.1.0
21.1.2
22.0.1
23.0.3
24.0.3
25.0.3
26.0.1
26.0.2
27.0.0
27.0.1
27.0.2
27.0.3
28.0.0
28.0.1
28.0.2
28.0.3
29.0.0
29.0.1
29.0.2
29.0.3
30.0.0
30.0.1
30.0.2
30.0.3

* extras content:
/usr/local/share/android-sdk/extras
├── android
│   └── m2repository
├── google
│   ├── google_play_services
│   └── m2repository
└── m2repository
    └── com

7 directories, 0 files

* platforms content:
android-15
android-17
android-19
android-21
android-22
android-23
android-24
android-25
android-26
android-27
android-28
android-29
android-30

* system-images content:
/usr/local/share/android-sdk/system-images
├── android-26
│   └── google_apis
│       └── x86
├── android-28
│   └── google_apis
│       └── x86_64
├── android-29
│   └── google_apis
│       └── x86
└── android-30
    └── google_apis
        └── x86

12 directories, 0 files

========================================


=== Android APK tools ==================

* aapt2:
Android Asset Packaging Tool (aapt) 2:19

========================================


=== Environment infos =======================
MATCH_KEYCHAIN_PASSWORD environment set
========================================


=== Control tests ======================
source $HOME/.bash_profile ...
source $HOME/.bash_profile - PASSED
========================================

