 (i) Ignore Errors: enabled

#
# This System Report was generated by: https://github.com/bitrise-io/osx-box-bootstrap/blob/master/system_report.sh
#  Pull Requests are welcome!
#


=== Revision / ID ======================
* BITRISE_OSX_STACK_REV_ID: v2019_05_15_1
========================================


=== Pre-installed tool versions ========
* Go: go version go1.12.5 darwin/amd64
* Python: Python 2.7.16
* Node.js: v10.16.0
* NPM: 6.9.0
* Yarn: 1.16.0
* Java: openjdk version "1.8.0_212"
OpenJDK Runtime Environment (AdoptOpenJDK)(build 1.8.0_212-b03)
OpenJDK 64-Bit Server VM (AdoptOpenJDK)(build 25.212-b03, mixed mode)
* Flutter: Flutter 1.5.4-hotfix.2 • channel stable • https://github.com/flutter/flutter.git

* git: git version 2.21.0
* git lfs: git-lfs/2.7.2 (GitHub; darwin amd64; go 1.12.4)
* mercurial/hg: Mercurial Distributed SCM (version 5.0)
* curl: curl 7.54.0 (x86_64-apple-darwin18.0) libcurl/7.54.0 LibreSSL/2.6.5 zlib/1.2.11 nghttp2/1.24.1
* wget: GNU Wget 1.20.3 built on darwin18.6.0.
* rsync: rsync  version 2.6.9  protocol version 29
* unzip: UnZip 6.00 of 20 April 2009, by Info-ZIP.  Maintained by C. Spieler.  Send
* zip: This is Zip 3.0 (July 5th 2008), by Info-ZIP.
* tar: bsdtar 2.8.3 - libarchive 2.8.3
* tree: tree v1.8.0 (c) 1996 - 2018 by Steve Baker, Thomas Moore, Francesc Rocher, Florian Sesser, Kyosuke Tokoro 

* brew: Homebrew 2.1.4
Homebrew/homebrew-core (git revision ef60; last commit 2019-06-06)
Homebrew/homebrew-cask (git revision b4b22; last commit 2019-06-06)
./system_report.sh: line 54: xctool: command not found
* xctool: 
* Ansible: ansible 2.8.0
  configured module search path = ['/Users/vagrant/.ansible/plugins/modules', '/usr/share/ansible/plugins/modules']
  ansible python module location = /usr/local/Cellar/ansible/2.8.0/libexec/lib/python3.7/site-packages/ansible
  executable location = /usr/local/bin/ansible
* gtimeout: timeout (GNU coreutils) 8.31
* watchman: 4.9.0
* flow: Flow, a static type checker for JavaScript, version 0.100.0
* carthage: 0.33.0
* imagemagick (convert): Version: ImageMagick 7.0.8-47 Q16 x86_64 2019-05-30 https://imagemagick.org
* ghostscript (ps2ascii): 9.26
* screen: Screen version 4.06.02 (GNU) 23-Oct-17
./system_report.sh: line 70: wine: command not found
* wine: 

--- Bitrise CLI tool versions
* bitrise: 1.30.0
* stepman: 0.11.5
* envman: 2.2.3
* cmd-bridge: 0.9.5
========================================


=== Ruby and rubygems ==================
* Ruby (default): ruby 2.6.3p62 (2019-04-16 revision 67580) [x86_64-darwin18]
--- Available ruby versions ---
  system
  2.2.10
  2.3.8
  2.4.6
  2.5.5
* 2.6.3 (set by /Users/vagrant/.rbenv/version)
-------------------------------
* rbenv: 1.1.2
* Rubygems: 3.0.3
* Bundler: Bundler version 1.17.2
* CocoaPods: 1.7.1
* xcpretty: 0.3.0
* Nomad CLI: 3.0.3
* Nomad CLI IPA / Shenzhen: ipa 0.14.3
========================================


=== All Ruby GEMs ======================
activesupport (4.2.11.1)
addressable (2.6.0)
atomos (0.1.3)
aws-sdk (1.67.0)
aws-sdk-v1 (1.67.0)
babosa (1.0.2)
bigdecimal (default: 1.4.1)
bundler (default: 1.17.2)
certified (1.0.0)
CFPropertyList (3.0.0)
claide (1.0.2)
cmath (default: 1.0.0)
cocoapods (1.7.1)
cocoapods-core (1.7.1)
cocoapods-deintegrate (1.0.4)
cocoapods-downloader (1.2.2)
cocoapods-plugins (1.0.0)
cocoapods-search (1.0.0)
cocoapods-stats (1.1.0)
cocoapods-trunk (1.3.1)
cocoapods-try (1.1.0)
colored (1.2)
colored2 (3.1.2)
commander (4.4.7)
commander-fastlane (4.4.6)
concurrent-ruby (1.1.5)
csv (default: 3.0.9)
cupertino (1.3.4)
date (default: 2.0.0)
dbm (default: 1.0.0)
declarative (0.0.10)
declarative-option (0.1.0)
did_you_mean (1.3.0)
digest-crc (0.4.1)
domain_name (0.5.20180417)
dotenv (2.7.2)
dubai (0.1.2)
e2mmap (default: 0.1.0)
emoji_regex (1.0.1)
escape (0.0.4)
etc (default: 1.0.1)
excon (0.64.0)
faraday (0.15.4)
faraday-cookie_jar (0.0.6)
faraday_middleware (0.13.1)
fastimage (2.1.5)
fastlane (2.125.2)
fcntl (default: 1.0.0)
fiddle (default: 1.0.0)
fileutils (default: 1.1.0)
forwardable (default: 1.2.0)
fourflusher (2.3.0)
fuzzy_match (2.0.4)
gdbm (default: 2.0.0)
gh_inspector (1.1.3)
google-api-client (0.23.9)
google-cloud-core (1.3.0)
google-cloud-env (1.1.0)
google-cloud-storage (1.16.0)
googleauth (0.6.7)
highline (2.0.2, 1.7.10)
houston (2.4.0)
http-cookie (1.0.3)
httpclient (2.8.3)
i18n (0.9.5)
io-console (default: 0.4.7)
ipaddr (default: 1.2.2)
irb (default: 1.0.0)
json (default: 2.1.0, 1.8.6)
jwt (2.1.0)
logger (default: 1.3.0)
matrix (default: 0.1.0)
mechanize (2.5.1)
memoist (0.16.0)
mime-types (3.2.2, 1.25.1)
mime-types-data (3.2019.0331)
mini_magick (4.5.1)
mini_portile2 (2.1.0)
minitest (5.11.3)
molinillo (0.6.6)
multi_json (1.13.1)
multi_xml (0.6.0)
multipart-post (2.1.1, 2.0.0)
mustermann (1.0.3)
mutex_m (default: 0.1.0)
nanaimo (0.2.6)
nap (1.1.0)
naturally (2.2.0)
net-http-digest_auth (1.4.1)
net-http-persistent (2.9.4)
net-sftp (2.1.2)
net-ssh (5.2.0)
net-telnet (0.2.0)
netrc (0.11.0)
nokogiri (1.6.8.1)
nomad-cli (0.0.2)
ntlm-http (0.1.1)
openssl (default: 2.1.2)
os (1.0.1)
ostruct (default: 0.1.0)
plist (3.1.0)
power_assert (1.1.3)
prime (default: 0.1.0)
psych (default: 3.1.0)
public_suffix (2.0.5)
rack (2.0.7)
rack-protection (2.0.0)
rake (12.3.2)
rdoc (default: 6.1.0)
representable (3.0.4)
retriable (3.1.2)
rexml (default: 3.1.9)
rouge (2.0.7)
rss (default: 0.2.7)
ruby-macho (1.4.0)
rubyzip (1.2.3)
scanf (default: 1.0.0)
sdbm (default: 1.0.0)
security (0.1.3)
shell (default: 0.7)
shenzhen (0.14.3)
signet (0.11.0)
simctl (1.6.5)
sinatra (2.0.0)
slack-notifier (2.3.2)
stringio (default: 0.0.2)
strscan (default: 1.0.0)
sync (default: 0.5.0)
term-ansicolor (1.0.7)
terminal-notifier (2.0.0)
terminal-table (1.4.5)
test-unit (3.2.9)
thread_safe (0.3.6)
thwait (default: 0.1.0)
tilt (2.0.9)
tracer (default: 0.1.0)
tty-cursor (0.7.0)
tty-screen (0.7.0)
tty-spinner (0.9.1)
tzinfo (1.2.5)
uber (0.1.0)
unf (0.1.4)
unf_ext (0.0.7.6)
venice (0.5.0)
webrick (default: 1.4.2)
webrobots (0.1.2)
word_wrap (1.0.0)
xcodeproj (1.9.0)
xcpretty (0.3.0)
xcpretty-travis-formatter (1.0.0)
xmlrpc (0.3.0)
zlib (default: 1.0.0)
========================================


=== NPM global packages ==========================
* Cordova: 9.0.0 (cordova-lib@9.0.1)
* Ionic: 5.0.1
========================================


=== Checking Xcode CLT dirs ============

 * ls -1 /usr/include/CommonCrypto
ls: /usr/include/CommonCrypto: No such file or directory

 * ls -1 /Library/Developer/CommandLineTools/
Library
Packages
SDKs
usr

 * /Library/Developer/CommandLineTools/usr/bin/swift --version
Apple Swift version 4.2.1 (swiftlang-1000.0.42 clang-1000.10.45.1)
Target: x86_64-apple-darwin18.6.0

========================================


=== Xcode ==============================

* Active Xcode Command Line Tools:
/Applications/Xcode-beta.app/Contents/Developer

* Xcode Version:
Xcode 11.0
Build version 11M336w

* /usr/bin/swift --version
Apple Swift version 5.1 (swiftlang-1100.0.38.29 clang-1100.0.20.14)
Target: x86_64-apple-darwin18.6.0

* Installed SDKs:
iOS SDKs:
	iOS 13.0                      	-sdk iphoneos13.0

iOS Simulator SDKs:
	Simulator - iOS 13.0          	-sdk iphonesimulator13.0

macOS SDKs:
	DriverKit 19.0                	-sdk driverkit.macosx19.0
	macOS 10.15                   	-sdk macosx10.15

tvOS SDKs:
	tvOS 13.0                     	-sdk appletvos13.0

tvOS Simulator SDKs:
	Simulator - tvOS 13.0         	-sdk appletvsimulator13.0

watchOS SDKs:
	watchOS 6.0                   	-sdk watchos6.0

watchOS Simulator SDKs:
	Simulator - watchOS 6.0       	-sdk watchsimulator6.0


* Available Simulators:
== Device Types ==
iPhone 4s (com.apple.CoreSimulator.SimDeviceType.iPhone-4s)
iPhone 5 (com.apple.CoreSimulator.SimDeviceType.iPhone-5)
iPhone 5s (com.apple.CoreSimulator.SimDeviceType.iPhone-5s)
iPhone 6 (com.apple.CoreSimulator.SimDeviceType.iPhone-6)
iPhone 6 Plus (com.apple.CoreSimulator.SimDeviceType.iPhone-6-Plus)
iPhone 6s (com.apple.CoreSimulator.SimDeviceType.iPhone-6s)
iPhone 6s Plus (com.apple.CoreSimulator.SimDeviceType.iPhone-6s-Plus)
iPhone 7 (com.apple.CoreSimulator.SimDeviceType.iPhone-7)
iPhone 7 Plus (com.apple.CoreSimulator.SimDeviceType.iPhone-7-Plus)
iPhone 8 (com.apple.CoreSimulator.SimDeviceType.iPhone-8)
iPhone 8 Plus (com.apple.CoreSimulator.SimDeviceType.iPhone-8-Plus)
iPhone SE (com.apple.CoreSimulator.SimDeviceType.iPhone-SE)
iPhone X (com.apple.CoreSimulator.SimDeviceType.iPhone-X)
iPhone Xs (com.apple.CoreSimulator.SimDeviceType.iPhone-XS)
iPhone Xs Max (com.apple.CoreSimulator.SimDeviceType.iPhone-XS-Max)
iPhone Xʀ (com.apple.CoreSimulator.SimDeviceType.iPhone-XR)
iPad 2 (com.apple.CoreSimulator.SimDeviceType.iPad-2)
iPad Retina (com.apple.CoreSimulator.SimDeviceType.iPad-Retina)
iPad Air (com.apple.CoreSimulator.SimDeviceType.iPad-Air)
iPad mini 2 (com.apple.CoreSimulator.SimDeviceType.iPad-mini-2)
iPad mini 3 (com.apple.CoreSimulator.SimDeviceType.iPad-mini-3)
iPad mini 4 (com.apple.CoreSimulator.SimDeviceType.iPad-mini-4)
iPad Air 2 (com.apple.CoreSimulator.SimDeviceType.iPad-Air-2)
iPad Pro (9.7-inch) (com.apple.CoreSimulator.SimDeviceType.iPad-Pro--9-7-inch-)
iPad Pro (12.9-inch) (com.apple.CoreSimulator.SimDeviceType.iPad-Pro)
iPad (5th generation) (com.apple.CoreSimulator.SimDeviceType.iPad--5th-generation-)
iPad Pro (12.9-inch) (2nd generation) (com.apple.CoreSimulator.SimDeviceType.iPad-Pro--12-9-inch---2nd-generation-)
iPad Pro (10.5-inch) (com.apple.CoreSimulator.SimDeviceType.iPad-Pro--10-5-inch-)
iPad (6th generation) (com.apple.CoreSimulator.SimDeviceType.iPad--6th-generation-)
iPad Pro (11-inch) (com.apple.CoreSimulator.SimDeviceType.iPad-Pro--11-inch-)
iPad Pro (12.9-inch) (3rd generation) (com.apple.CoreSimulator.SimDeviceType.iPad-Pro--12-9-inch---3rd-generation-)
iPad mini (5th generation) (com.apple.CoreSimulator.SimDeviceType.iPad-mini--5th-generation-)
iPad Air (3rd generation) (com.apple.CoreSimulator.SimDeviceType.iPad-Air--3rd-generation-)
Apple TV (com.apple.CoreSimulator.SimDeviceType.Apple-TV-1080p)
Apple TV 4K (com.apple.CoreSimulator.SimDeviceType.Apple-TV-4K-4K)
Apple TV 4K (at 1080p) (com.apple.CoreSimulator.SimDeviceType.Apple-TV-4K-1080p)
Apple Watch - 38mm (com.apple.CoreSimulator.SimDeviceType.Apple-Watch-38mm)
Apple Watch - 42mm (com.apple.CoreSimulator.SimDeviceType.Apple-Watch-42mm)
Apple Watch Series 2 - 38mm (com.apple.CoreSimulator.SimDeviceType.Apple-Watch-Series-2-38mm)
Apple Watch Series 2 - 42mm (com.apple.CoreSimulator.SimDeviceType.Apple-Watch-Series-2-42mm)
Apple Watch Series 3 - 38mm (com.apple.CoreSimulator.SimDeviceType.Apple-Watch-Series-3-38mm)
Apple Watch Series 3 - 42mm (com.apple.CoreSimulator.SimDeviceType.Apple-Watch-Series-3-42mm)
Apple Watch Series 4 - 40mm (com.apple.CoreSimulator.SimDeviceType.Apple-Watch-Series-4-40mm)
Apple Watch Series 4 - 44mm (com.apple.CoreSimulator.SimDeviceType.Apple-Watch-Series-4-44mm)
== Runtimes ==
iOS 10.3 (10.3.1 - 14E8301) - com.apple.CoreSimulator.SimRuntime.iOS-10-3 
iOS 11.0 (11.0.1 - 15A8401) - com.apple.CoreSimulator.SimRuntime.iOS-11-0 
iOS 11.1 (11.1 - 15B87) - com.apple.CoreSimulator.SimRuntime.iOS-11-1 
iOS 11.2 (11.2 - 15C107) - com.apple.CoreSimulator.SimRuntime.iOS-11-2 
iOS 11.3 (11.3 - 15E217) - com.apple.CoreSimulator.SimRuntime.iOS-11-3 
iOS 11.4 (11.4 - 15F79) - com.apple.CoreSimulator.SimRuntime.iOS-11-4 
iOS 12.0 (12.0 - 16A366) - com.apple.CoreSimulator.SimRuntime.iOS-12-0 
iOS 12.1 (12.1 - 16B91) - com.apple.CoreSimulator.SimRuntime.iOS-12-1 
iOS 13.0 (13.0 - 17A5492t) - com.apple.CoreSimulator.SimRuntime.iOS-13-0 
tvOS 10.2 (10.2 - 14W260) - com.apple.CoreSimulator.SimRuntime.tvOS-10-2 
tvOS 11.0 (11.0 - 15J380) - com.apple.CoreSimulator.SimRuntime.tvOS-11-0 
tvOS 11.1 (11.1 - 15J580) - com.apple.CoreSimulator.SimRuntime.tvOS-11-1 
tvOS 11.2 (11.2 - 15K104) - com.apple.CoreSimulator.SimRuntime.tvOS-11-2 
tvOS 11.3 (11.3 - 15L211) - com.apple.CoreSimulator.SimRuntime.tvOS-11-3 
tvOS 11.4 (11.4 - 15L576) - com.apple.CoreSimulator.SimRuntime.tvOS-11-4 
tvOS 12.0 (12.0 - 16J364) - com.apple.CoreSimulator.SimRuntime.tvOS-12-0 
tvOS 12.1 (12.1 - 16J602) - com.apple.CoreSimulator.SimRuntime.tvOS-12-1 
tvOS 13.0 (13.0 - 17J5485u) - com.apple.CoreSimulator.SimRuntime.tvOS-13-0 
watchOS 3.2 (3.2 - 14V243) - com.apple.CoreSimulator.SimRuntime.watchOS-3-2 
watchOS 4.0 (4.0 - 15R372) - com.apple.CoreSimulator.SimRuntime.watchOS-4-0 
watchOS 4.1 (4.1 - 15R844) - com.apple.CoreSimulator.SimRuntime.watchOS-4-1 
watchOS 4.2 (4.2 - 15S100) - com.apple.CoreSimulator.SimRuntime.watchOS-4-2 
watchOS 5.0 (5.0 - 16R363) - com.apple.CoreSimulator.SimRuntime.watchOS-5-0 
watchOS 5.1 (5.1 - 16R591) - com.apple.CoreSimulator.SimRuntime.watchOS-5-1 
watchOS 6.0 (6.0 - 17R5491t) - com.apple.CoreSimulator.SimRuntime.watchOS-6-0 
== Devices ==
-- iOS 10.3 --
    iPhone 5 (578E0AA5-5AD5-4611-B33F-58BC5F5F2C78) (Shutdown) 
    iPhone 5s (0D6EDF42-FB40-4D3B-B1D9-730E5088CC79) (Shutdown) 
    iPhone 6 (92F63C0B-B747-4C95-8418-3D7328031869) (Shutdown) 
    iPhone 6 Plus (5E144B41-3C49-45FD-B75E-5EADED1A2837) (Shutdown) 
    iPhone 6s (38A26B81-A4FC-4CD6-9458-D7FD900608B0) (Shutdown) 
    iPhone 6s Plus (C3AB951D-9718-4864-942E-7C3B4A56B700) (Shutdown) 
    iPhone 7 (9E5C79B2-F285-46D0-8E8F-32A798853771) (Shutdown) 
    iPhone 7 Plus (6D39D78A-F753-436A-B98D-FE2F08EF3850) (Shutdown) 
    iPhone SE (7476C0CA-7E25-4ACE-A5FD-C8BD3E0D1485) (Shutdown) 
    iPad Air (A9E91776-5F98-4996-947C-19F6FF11E236) (Shutdown) 
    iPad Air 2 (B6D6860F-551D-45DD-80CA-A018FB1A0102) (Shutdown) 
    iPad Pro (9.7 inch) (7054D2A1-3109-4332-9824-27DC7EC93449) (Shutdown) 
    iPad Pro (12.9 inch) (69338EEB-EB0C-4952-B884-B97668B0CFE0) (Shutdown) 
    iPad (5th generation) (3578696B-4ACD-4643-A198-D2A757BB3E9D) (Shutdown) 
    iPad Pro (12.9-inch) (2nd generation) (C8D5199C-8FD7-406A-B11D-71DD4D890D53) (Shutdown) 
    iPad Pro (10.5-inch) (0FDA376F-DE62-450B-9DDD-0725B2625367) (Shutdown) 
-- iOS 11.0 --
    iPhone 5s (FD81AF37-6BCB-45B3-BDCD-0495E44132DB) (Shutdown) 
    iPhone 6 (65A79B2E-A841-45B5-BD1E-D5BEEB0324AB) (Shutdown) 
    iPhone 6 Plus (C7E29EC2-1F12-4231-A6D4-F13AA8219715) (Shutdown) 
    iPhone 6s (93995723-0B58-409C-BB85-D4BD46F57F13) (Shutdown) 
    iPhone 6s Plus (45DAE98C-5DDE-4C6C-B38A-518BEC98CC5D) (Shutdown) 
    iPhone 7 (697F0690-BEAE-4A83-B806-CC26D2212183) (Shutdown) 
    iPhone 7 Plus (62761176-601B-4E0D-8FE6-0CC15A937339) (Shutdown) 
    iPhone 8 (C2BE41D1-57D3-4FCB-A900-01DD1494E36F) (Shutdown) 
    iPhone 8 Plus (3E64BD6F-D1FF-434B-8D1E-1260C0EDEC95) (Shutdown) 
    iPhone SE (81AF2C3A-FC69-4AB4-8722-D02AC02492A4) (Shutdown) 
    iPhone X (25137F1F-4AA4-493B-84C6-F321C72A844E) (Shutdown) 
    iPad Air (D5C744C6-5068-485B-B9F4-2AACBA1002E7) (Shutdown) 
    iPad Air 2 (6C5BA4C2-71A8-475B-9536-9EB655A0D06C) (Shutdown) 
    iPad Pro (9.7-inch) (5F9F7F74-4F60-45E0-801F-B635D0EFA5F6) (Shutdown) 
    iPad Pro (12.9-inch) (5F3C177B-7628-432E-B597-1064669ADFED) (Shutdown) 
    iPad (5th generation) (1A9DC32B-C430-4368-92E4-C44D790A93EE) (Shutdown) 
    iPad Pro (12.9-inch) (2nd generation) (A6C20081-67AD-4FAF-A136-E21675D643B2) (Shutdown) 
    iPad Pro (10.5-inch) (61B5ECDA-787E-45E6-A367-3E1649DB8481) (Shutdown) 
-- iOS 11.1 --
    iPhone 5s (0762C58E-DAC0-4C9F-9508-2CB19F897570) (Shutdown) 
    iPhone 6 (2C7F91E2-92B1-43EF-9090-99FACC56E980) (Shutdown) 
    iPhone 6 Plus (5AC6364B-C2D5-4DAF-9DF3-EDD75A22C463) (Shutdown) 
    iPhone 6s (F8653890-2827-4D4C-A012-272530724201) (Shutdown) 
    iPhone 6s Plus (3A02B202-BDC0-4650-9C2E-45D059B426E1) (Shutdown) 
    iPhone 7 (69C8065E-C341-43E0-967C-6208315DF1CD) (Shutdown) 
    iPhone 7 Plus (DE2ACC94-AB00-4A9C-9580-A47525BBC457) (Shutdown) 
    iPhone 8 (6243ECD3-AAE4-4CC6-96FE-8397099A11BB) (Shutdown) 
    iPhone 8 Plus (47D0AA0C-81BF-423A-B569-6AB7B2D6B624) (Shutdown) 
    iPhone SE (E0857B0B-5365-4807-AC16-B58FE8A7C1ED) (Shutdown) 
    iPhone X (73262E2E-6BF7-4FA3-B357-3CB587554BA4) (Shutdown) 
    iPad Air (CECF0811-FCE1-4B29-9ED5-90EDE04CE2BE) (Shutdown) 
    iPad Air 2 (F6EF90E3-BC8B-4535-AEE8-822889AB4669) (Shutdown) 
    iPad Pro (9.7-inch) (4C66121D-F0A8-4C8C-99E6-26A2981404AB) (Shutdown) 
    iPad Pro (12.9-inch) (87DC1CF9-EF76-4E68-9550-E2DC06798146) (Shutdown) 
    iPad (5th generation) (592737B2-99D6-435D-A97D-6AF940E79BF3) (Shutdown) 
    iPad Pro (12.9-inch) (2nd generation) (3D87F867-B68B-4B52-996F-D3C8AE21066C) (Shutdown) 
    iPad Pro (10.5-inch) (84A65478-0090-46AB-8FA4-434F64091AF0) (Shutdown) 
-- iOS 11.2 --
    iPhone 5s (E3B05C62-5AF9-4060-8808-B2FD98A5BAC9) (Shutdown) 
    iPhone 6 (BFEE0075-9054-4466-B049-325168236AB4) (Shutdown) 
    iPhone 6 Plus (A24BE48A-FF0D-4918-8D79-23C6125422AC) (Shutdown) 
    iPhone 6s (4F0C2BF2-CA8F-4FF2-8238-6C4A408A59FC) (Shutdown) 
    iPhone 6s Plus (DAFA7DB4-2CF0-4191-BB1B-E6D3EA86A7E6) (Shutdown) 
    iPhone 7 (90830376-275F-4659-9278-4B5243021D03) (Shutdown) 
    iPhone 7 Plus (501C07B8-DF9B-4D8D-9593-853FC7CE8BB0) (Shutdown) 
    iPhone 8 (97F56A8A-AAAA-4611-B41B-D07502805619) (Shutdown) 
    iPhone 8 Plus (D9BCDDA6-D92C-41D2-934C-43CB3413C473) (Shutdown) 
    iPhone SE (6D59F59B-1CD8-4014-8D4A-79767D54E04F) (Shutdown) 
    iPhone X (11C4536D-B621-4C7E-A6DE-8C70E416F323) (Shutdown) 
    iPad Air (E91B51CB-6AA8-4EF3-B11D-11315F97C334) (Shutdown) 
    iPad Air 2 (EF5EB959-2DA3-41AB-BBEE-0EC70FA60C75) (Shutdown) 
    iPad Pro (9.7-inch) (0D95AAB9-500F-4F4D-932A-EFBA1680FCF6) (Shutdown) 
    iPad Pro (12.9-inch) (83F7D950-953B-4538-B954-170F5E6D64BC) (Shutdown) 
    iPad (5th generation) (2270F45C-A5D9-4A3A-92CC-B72948460560) (Shutdown) 
    iPad Pro (12.9-inch) (2nd generation) (0E8AF1F3-7C94-43DA-8DC2-2DB7D945589F) (Shutdown) 
    iPad Pro (10.5-inch) (C6D8C6C6-1DCC-4CDA-A860-7CD292AA89AA) (Shutdown) 
-- iOS 11.3 --
    iPhone 5s (02389169-925A-4390-BE3B-54FFC8E1062C) (Shutdown) 
    iPhone 6 (5D4A604C-C065-4227-95FD-460690B279E4) (Shutdown) 
    iPhone 6 Plus (5E4D970D-33DB-46CD-BFBA-330C6C95BE8B) (Shutdown) 
    iPhone 6s (1C44F05B-9C53-4157-B30F-481D50CBF915) (Shutdown) 
    iPhone 6s Plus (127A8D23-6B1B-48F4-90C8-41F5390F73B3) (Shutdown) 
    iPhone 7 (9E6AE04F-B246-4AC1-8FEF-5B85D52922E7) (Shutdown) 
    iPhone 7 Plus (446EB755-90CF-46A7-8385-56BA9619CA8B) (Shutdown) 
    iPhone 8 (6B751BB6-9325-4F75-8261-44F777C48E5B) (Shutdown) 
    iPhone 8 Plus (CC24FFB5-EA9A-4916-A614-4597350A6B28) (Shutdown) 
    iPhone SE (C2686CDC-044D-4FA0-8619-843E124651FD) (Shutdown) 
    iPhone X (95FC9AA6-C773-40E9-BD8B-2B2951BC5A75) (Shutdown) 
    iPad Air (C41B0BCE-B150-455C-BB63-720DCE54AEA5) (Shutdown) 
    iPad Air 2 (BF8667D7-3C40-4ACE-8B7B-139AA4875284) (Shutdown) 
    iPad Pro (9.7-inch) (17D76653-A765-41CE-95D6-ECE56F16C402) (Shutdown) 
    iPad Pro (12.9-inch) (13889C16-AD9E-4675-82DD-06C4D4A4E518) (Shutdown) 
    iPad (5th generation) (48AD095C-A8D5-42E5-B6FB-915F9B95BE3C) (Shutdown) 
    iPad Pro (12.9-inch) (2nd generation) (92C1499F-1D63-4E7B-B998-74454064F6D9) (Shutdown) 
    iPad Pro (10.5-inch) (E8F79558-219F-4639-A61F-07B709B8207F) (Shutdown) 
-- iOS 11.4 --
    iPhone 5s (F6222772-88DC-48D4-B036-AF9FA8937955) (Shutdown) 
    iPhone 6 (A86E932B-C25A-48B8-99C4-49C35169FAB9) (Shutdown) 
    iPhone 6 Plus (3BE327C1-C532-4E9A-993F-FE1A44D1D19F) (Shutdown) 
    iPhone 6s (B2935D61-34FE-4C31-BBE8-146D960101BE) (Shutdown) 
    iPhone 6s Plus (72F96B90-DB77-4F9D-8F98-A702250B9048) (Shutdown) 
    iPhone 7 (708E60E9-E7E2-4072-A98D-DAB718F06446) (Shutdown) 
    iPhone 7 Plus (9576638F-19BD-42DE-BA2A-5400DA13923E) (Shutdown) 
    iPhone 8 (AD4703A2-A316-4D61-9612-F50ED998AD49) (Shutdown) 
    iPhone 8 Plus (ADEBC641-9110-4A01-BA92-2B50D49E3760) (Shutdown) 
    iPhone SE (A77B905D-60CB-41F8-90D5-2AEF244CA1E9) (Shutdown) 
    iPhone X (A33FB98A-F5D7-4E7A-8D91-48A906395F3D) (Shutdown) 
    iPad Air (0D7E242C-8E0F-49F1-BCD3-87BF2629801D) (Shutdown) 
    iPad Air 2 (99CE4EC6-F2B9-440F-A50E-78E75B019F71) (Shutdown) 
    iPad Pro (9.7-inch) (1730F2FE-DE84-44B5-95ED-BB3C8147CEFA) (Shutdown) 
    iPad Pro (12.9-inch) (F4E71EFE-2472-431A-A428-D71CC5AD3F7D) (Shutdown) 
    iPad (5th generation) (61E096A1-2E61-435F-B840-DE15FE6D0D59) (Shutdown) 
    iPad Pro (12.9-inch) (2nd generation) (B6A9D11A-0160-4A55-8582-FF78F3F4EC39) (Shutdown) 
    iPad Pro (10.5-inch) (0A377884-1929-4EAC-8FAA-3CA5B593DA22) (Shutdown) 
-- iOS 12.0 --
    iPhone 5s (9FED2517-03CE-4624-81AC-2ED6E20D1A4F) (Shutdown) 
    iPhone 6 (5ED29F24-5C09-4CCD-994B-9BD7CB6CF5B2) (Shutdown) 
    iPhone 6 Plus (19EF3F7C-B34E-436F-B416-8839B8A4F3BE) (Shutdown) 
    iPhone 6s (038B99EE-7ED0-43D8-9DA2-8031B8C06636) (Shutdown) 
    iPhone 6s Plus (4BC1F23A-2778-4974-A2E7-124BCCAFEF70) (Shutdown) 
    iPhone 7 (F7377A35-134E-41C7-943B-5496F95E5D16) (Shutdown) 
    iPhone 7 Plus (AC5AF6F1-63E2-4D9A-BD48-C000DF9B8429) (Shutdown) 
    iPhone 8 (239DE2AB-7B7D-4A5E-8755-566A3B172AED) (Shutdown) 
    iPhone 8 Plus (D3C3F0C2-6594-4955-B5A2-D0E2003EFD9B) (Shutdown) 
    iPhone SE (698B9C98-D1CD-4155-9F34-370100DAEEDB) (Shutdown) 
    iPhone X (6D76EA53-A630-4CC4-B3A3-58AF4B67BFD3) (Shutdown) 
    iPhone XS (5945814E-ED95-4537-8812-A52FD7A4A120) (Shutdown) 
    iPhone XS Max (0A002ACA-CDD9-4D35-9842-F9FF2C381373) (Shutdown) 
    iPhone XR (826F45A2-94D5-49CE-923A-AFBF106AAD6D) (Shutdown) 
    iPad Air (974C37EE-D60B-42A5-AAE0-A8147FB76E99) (Shutdown) 
    iPad Air 2 (32B3316D-BC42-4706-9E92-281B814BD93F) (Shutdown) 
    iPad Pro (9.7-inch) (0A360307-EEF0-4E59-8D23-811012B33CA0) (Shutdown) 
    iPad Pro (12.9-inch) (626C20D0-DB34-44AE-9039-DC8CBD9D91AB) (Shutdown) 
    iPad (5th generation) (B106B6E3-61F2-46E3-B370-538C10814811) (Shutdown) 
    iPad Pro (12.9-inch) (2nd generation) (0007C59D-8AFD-4842-939B-D4ECD4AE761F) (Shutdown) 
    iPad Pro (10.5-inch) (A9A31C1B-07D2-4435-86BB-D32C4D175801) (Shutdown) 
    iPad (6th generation) (77A0146E-400B-405F-88DA-EF59AE081D85) (Shutdown) 
-- iOS 12.1 --
    iPhone 5s (47F00D00-16C4-4A5C-97D1-497F617D336F) (Shutdown) 
    iPhone 6 (46EC30BA-3A13-48DA-BB25-40CB0E39E7C5) (Shutdown) 
    iPhone 6 Plus (43287C02-3426-43C9-A8B8-05C4123EAD63) (Shutdown) 
    iPhone 6s (BF45664D-BA75-4831-95DD-3F578C82E514) (Shutdown) 
    iPhone 6s Plus (C31D02A0-3AEB-4A1B-996E-31A2FA4D4409) (Shutdown) 
    iPhone 7 (F1A9E280-C0D8-4D5E-9980-B8E0F6D683D2) (Shutdown) 
    iPhone 7 Plus (7B1F2B6D-CE6A-4B3D-BA46-A5808032C788) (Shutdown) 
    iPhone 8 (4E33C166-93BE-49D1-9898-F72A97E0FA9D) (Shutdown) 
    iPhone 8 Plus (0F8CDB86-3DF9-4210-8866-BA25F87731E8) (Shutdown) 
    iPhone SE (8B2F433F-A7B4-46D6-B4AE-DF0267338F73) (Shutdown) 
    iPhone X (1763F0FA-D538-40BC-B6F8-B6994ABBEE45) (Shutdown) 
    iPhone XS (57D82F8D-B40D-4554-ACDE-D81919FA5F6A) (Shutdown) 
    iPhone XS Max (CC4EA4DE-8C10-42CD-8422-50F9CF46A419) (Shutdown) 
    iPhone XR (9EF68AF2-E0A0-4E28-AC06-27D52E925384) (Shutdown) 
    iPad Air (E5317704-C44D-4190-AB88-30A7FB9E4DF0) (Shutdown) 
    iPad Air 2 (A0B59E17-76AD-493D-9B59-9B10A939F135) (Shutdown) 
    iPad Pro (9.7-inch) (3159AD3C-0C11-444A-B96A-A9DB9F819554) (Shutdown) 
    iPad Pro (12.9-inch) (4E5E361B-221E-4090-B546-4782FCB25CB2) (Shutdown) 
    iPad (5th generation) (0530816F-C6BB-4C7E-9D09-47F1E8D86315) (Shutdown) 
    iPad Pro (12.9-inch) (2nd generation) (9904A7EB-0923-419C-AF48-9788287E0534) (Shutdown) 
    iPad Pro (10.5-inch) (C957FCE8-486E-44B9-85DF-B5CB2587CF64) (Shutdown) 
    iPad (6th generation) (C64F1D8B-9D1B-417D-920B-414EFBE6601F) (Shutdown) 
    iPad Pro (11-inch) (B76B7E72-F5E7-419B-8979-67881A7A9D0B) (Shutdown) 
    iPad Pro (12.9-inch) (3rd generation) (43F5B20E-0809-472E-82DF-632578943389) (Shutdown) 
-- iOS 13.0 --
    iPhone 8 (5ECA1435-B0A0-4F7E-B997-19EC5EF1E248) (Shutdown) 
    iPhone 8 Plus (23758209-7EF8-49DB-8421-4BBB48275D03) (Shutdown) 
    iPhone Xs (5E89AAAB-C222-48C1-8196-F6018C36F61D) (Shutdown) 
    iPhone Xs Max (985D9ECA-4526-4FE6-9CD8-BFC9CAB092A3) (Shutdown) 
    iPhone Xʀ (4DC53125-D75E-4219-943D-DF3CB66870BA) (Shutdown) 
    iPad Pro (9.7-inch) (E3596858-FDD1-4B0B-B4AC-9043D2477CC5) (Shutdown) 
    iPad Pro (11-inch) (41EBDCC6-DC35-48B6-8206-9BBA656075DB) (Shutdown) 
    iPad Pro (12.9-inch) (3rd generation) (6A3A8CDC-3856-4C6B-80CF-457790C8F21F) (Shutdown) 
    iPad Air (3rd generation) (1CA3C823-B77B-4FB6-8DB7-8E3CE8515112) (Shutdown) 
-- tvOS 10.2 --
    Apple TV 1080p (E514BC24-CB28-4C9A-9E39-5D8F2D66C74A) (Shutdown) 
-- tvOS 11.0 --
    Apple TV (B5C948E4-1473-4B77-B23F-FD87526139D7) (Shutdown) 
    Apple TV 4K (AD1D01E3-6A80-43A1-8B1B-FB348C55B598) (Shutdown) 
    Apple TV 4K (at 1080p) (F803BBBB-D60C-4515-99CD-FBA60DE424F6) (Shutdown) 
-- tvOS 11.1 --
    Apple TV (C1300D0D-35EC-4BF8-9917-A93D03C47CD3) (Shutdown) 
    Apple TV 4K (6265846F-6660-4AD8-A338-5D5B6CF42BA8) (Shutdown) 
    Apple TV 4K (at 1080p) (49AEF4F6-5E2B-4CDD-9545-7AF3DEE467B9) (Shutdown) 
-- tvOS 11.2 --
    Apple TV (909A49B8-70A8-43B4-A4E1-E7F5262F7F1B) (Shutdown) 
    Apple TV 4K (7BDC3DA3-FB54-4B57-BA27-A65A3835E5BC) (Shutdown) 
    Apple TV 4K (at 1080p) (88EC732E-2738-421F-9824-F07EB7621E4E) (Shutdown) 
-- tvOS 11.3 --
    Apple TV (D55772C6-A805-4E07-B4A7-22556E251A79) (Shutdown) 
    Apple TV 4K (1C1D7D47-2BAB-4D29-A979-C8CC58EDAB70) (Shutdown) 
    Apple TV 4K (at 1080p) (59F37B97-6254-4723-8A59-7653E0E94154) (Shutdown) 
-- tvOS 11.4 --
    Apple TV (401ABA8D-6750-4F42-9A95-FC590012F6ED) (Shutdown) 
    Apple TV 4K (4BDCF372-63B8-41D3-98BF-C8C2C50B95B1) (Shutdown) 
    Apple TV 4K (at 1080p) (517EEF79-C46C-4236-874E-87159996A293) (Shutdown) 
-- tvOS 12.0 --
    Apple TV (37B7AD01-9C7A-4FA7-9E08-F2E9100FBAD4) (Shutdown) 
    Apple TV 4K (D5AD4CDC-2143-473E-BB18-824E39B5701A) (Shutdown) 
    Apple TV 4K (at 1080p) (0128E07A-56DF-43D8-9455-EDDE4E4667AE) (Shutdown) 
-- tvOS 12.1 --
    Apple TV (A0471B4D-3743-4991-AFD8-D3E7D62614F7) (Shutdown) 
    Apple TV 4K (8041555B-7A3F-409C-8C30-D06149FF7E6B) (Shutdown) 
    Apple TV 4K (at 1080p) (D1A00E3B-8002-4A5C-B6C2-067C0D37B16F) (Shutdown) 
-- tvOS 13.0 --
    Apple TV (95D7DA9B-6D24-497D-A904-91A10F22D5FF) (Shutdown) 
    Apple TV 4K (18C81FA9-98F8-413D-AA68-C298140BC2D9) (Shutdown) 
    Apple TV 4K (at 1080p) (BF593B93-EC02-482E-8243-4772147F226F) (Shutdown) 
-- watchOS 3.2 --
    Apple Watch - 38mm (38B4C71A-B84A-4545-8ABC-D7D14D7CB919) (Shutdown) 
    Apple Watch - 42mm (5FA00E1A-B437-46F5-9450-A8EBF3C117DD) (Shutdown) 
    Apple Watch Series 2 - 38mm (10E2ADA6-3CBB-4120-943E-7E6E7DF4C2DC) (Shutdown) 
    Apple Watch Series 2 - 42mm (8F36EB2D-3969-4A6E-9E26-82500007699C) (Shutdown) 
-- watchOS 4.0 --
    Apple Watch - 38mm (FC952A18-A0E8-44EA-9130-5B273B115C08) (Shutdown) 
    Apple Watch - 42mm (73F2CD04-7DD5-4BCC-812C-17F32183D3ED) (Shutdown) 
    Apple Watch Series 2 - 38mm (401DC4C3-C46C-419C-BCF8-862FAC4CAE6A) (Shutdown) 
    Apple Watch Series 2 - 42mm (0EA140EA-8C56-40DD-B856-A4D0A580BD4C) (Shutdown) 
    Apple Watch Series 3 - 38mm (25E47A06-9C5D-48E3-861B-8CC14921195E) (Shutdown) 
    Apple Watch Series 3 - 42mm (90D0550F-C7E5-4DC3-92B7-BB7395556994) (Shutdown) 
-- watchOS 4.1 --
    Apple Watch - 38mm (9B387D35-5CD8-4A69-AB1E-D78445AA5BAA) (Shutdown) 
    Apple Watch - 42mm (9377D2FF-29F6-475F-B411-B169A3EBCF55) (Shutdown) 
    Apple Watch Series 2 - 38mm (EE4F13C5-42B2-4C48-8DE5-A314530F0688) (Shutdown) 
    Apple Watch Series 2 - 42mm (3B88F8E3-2068-4862-BF9E-1B5E28BD7611) (Shutdown) 
    Apple Watch Series 3 - 38mm (37EB76BB-8251-49DB-A4AF-888683454BD8) (Shutdown) 
    Apple Watch Series 3 - 42mm (12C4F99A-7E76-4C21-9D70-12FE144ECF78) (Shutdown) 
-- watchOS 4.2 --
    Apple Watch - 38mm (6B838D6B-E959-4CF8-B522-42719139A3A6) (Shutdown) 
    Apple Watch - 42mm (3CC083F8-C13B-4FE1-87A7-151BD69EB367) (Shutdown) 
    Apple Watch Series 2 - 38mm (503D8075-4AA1-49CE-92D4-5CE7A18E350B) (Shutdown) 
    Apple Watch Series 2 - 42mm (7ED75188-61B8-4CA6-B07D-F0CA984D199F) (Shutdown) 
    Apple Watch Series 3 - 38mm (5F054313-D657-48D3-9BE2-9E7710ECE34C) (Shutdown) 
    Apple Watch Series 3 - 42mm (06F0382F-CF07-4B30-8CB6-08F2CE8D8044) (Shutdown) 
-- watchOS 5.0 --
    Apple Watch Series 2 - 38mm (751F432F-5C1C-4C2C-80C3-6C9F4F904C6E) (Shutdown) 
    Apple Watch Series 2 - 42mm (57CBD19D-64D4-4299-9D47-192886838E8F) (Shutdown) 
    Apple Watch Series 3 - 38mm (6A54F7DA-8E1E-4CF9-90A3-BF943F06B79E) (Shutdown) 
    Apple Watch Series 3 - 42mm (D7EB1513-27B4-4E08-A274-18B4D82C38DB) (Shutdown) 
    Apple Watch Series 4 - 40mm (8528494B-C6C4-4C2D-B5B5-25A08279A955) (Shutdown) 
    Apple Watch Series 4 - 44mm (31167101-6EE3-4E95-9B67-CB3BCEBED98D) (Shutdown) 
-- watchOS 5.1 --
    Apple Watch Series 2 - 38mm (EF6DFE06-7595-4D5B-B9BF-BD465337521A) (Shutdown) 
    Apple Watch Series 2 - 42mm (AAB85148-3545-4E76-AC88-004263AE149B) (Shutdown) 
    Apple Watch Series 3 - 38mm (0DE7144D-C47A-4AFA-B625-7A16EF38BE05) (Shutdown) 
    Apple Watch Series 3 - 42mm (4F2B060D-1503-497A-80B2-10125C21B4C3) (Shutdown) 
    Apple Watch Series 4 - 40mm (6401BBE9-B0D0-4FED-81DB-2A2C4738FB25) (Shutdown) 
    Apple Watch Series 4 - 44mm (1095D1C8-3D6F-4C98-8E62-0FDAFC539BEF) (Shutdown) 
-- watchOS 6.0 --
    Apple Watch Series 2 - 38mm (7D5E9C13-301D-4074-BFBE-9EEB640FDC57) (Shutdown) 
    Apple Watch Series 2 - 42mm (9163A01A-C8B2-44D9-A82C-695A870BF2A5) (Shutdown) 
    Apple Watch Series 3 - 38mm (556DBB6B-DD38-45D7-9EE0-C782BF73E478) (Shutdown) 
    Apple Watch Series 3 - 42mm (F62FB8AA-04C8-4145-B06B-180F0DF176F5) (Shutdown) 
    Apple Watch Series 4 - 40mm (8AA101C1-FC51-48E5-A867-BA8D5575020E) (Shutdown) 
    Apple Watch Series 4 - 44mm (A52EEED6-1619-4B9E-97F1-BA9732EE17D0) (Shutdown) 
== Device Pairs ==
AE05C406-87F9-434B-8020-2D2454E8D234 (active, disconnected)
    Watch: Apple Watch Series 4 - 40mm (8AA101C1-FC51-48E5-A867-BA8D5575020E) (Shutdown)
    Phone: iPhone Xs (5E89AAAB-C222-48C1-8196-F6018C36F61D) (Shutdown)
68A71C41-1830-47FB-A095-797893294954 (active, disconnected)
    Watch: Apple Watch Series 4 - 44mm (A52EEED6-1619-4B9E-97F1-BA9732EE17D0) (Shutdown)
    Phone: iPhone Xs Max (985D9ECA-4526-4FE6-9CD8-BFC9CAB092A3) (Shutdown)

========================================


=== OS X info =========================

* sw_vers
ProductName:	Mac OS X
ProductVersion:	10.14.5
BuildVersion:	18F203

* system_profiler SPSoftwareDataType
Software:

    System Software Overview:

      System Version: macOS 10.14.5 (18F203)
      Kernel Version: Darwin 18.6.0
      Boot Volume: Untitled
      Boot Mode: Normal
      Computer Name: stg-xcode-11-190607130652-9yMX458cKTBnK3KEcNkxc7
      User Name: vagrant (vagrant)
      Secure Virtual Memory: Enabled
      System Integrity Protection: Disabled
      Time since boot: 3 minutes


========================================


=== System infos =======================
* Free disk space: /dev/disk1s1  200Gi  133Gi   66Gi    67% 3894366 9223372036850881441    0%   /
========================================

--- Android

* ANDROID_HOME (/usr/local/share/android-sdk) content:
add-ons
build-tools
emulator
extras
licenses
patcher
platform-tools
platforms
system-images
tools

* ANDROID_NDK_HOME (/opt/android-ndk/android-ndk-r16b) content:
CHANGELOG.md
README.md
build
meta
ndk-build
ndk-depends
ndk-gdb
ndk-stack
ndk-which
platforms
prebuilt
python-packages
shader-tools
simpleperf
source.properties
sources
sysroot
toolchains

* Android NDK Version:
Pkg.Desc = Android NDK
Pkg.Revision = 16.1.4479499

* platform-tools content:
NOTICE.txt
adb
api
deployagent
deployagent.jar
deploypatchgenerator.jar
dmtracedump
e2fsdroid
etc1tool
fastboot
hprof-conv
lib64
make_f2fs
mke2fs
mke2fs.conf
package.xml
sload_f2fs
source.properties
sqlite3
systrace

* build-tools content:
17.0.0
19.1.0
21.1.2
22.0.1
23.0.3
24.0.3
25.0.3
26.0.1
26.0.2
27.0.0
27.0.1
27.0.2
27.0.3
28.0.0
28.0.1
28.0.2
28.0.3

* extras content:
/usr/local/share/android-sdk/extras
├── android
│   └── m2repository
├── google
│   ├── google_play_services
│   └── m2repository
└── m2repository
    └── com

7 directories, 0 files

* platforms content:
android-15
android-17
android-19
android-21
android-22
android-23
android-24
android-25
android-26
android-27
android-28

* system-images content:
/usr/local/share/android-sdk/system-images
├── android-19
│   └── default
│       └── armeabi-v7a
├── android-22
│   └── default
│       └── armeabi-v7a
├── android-24
│   └── default
│       └── armeabi-v7a
├── android-25
│   └── google_apis
│       └── armeabi-v7a
├── android-26
│   └── google_apis
│       └── x86
└── android-28
    └── google_apis
        └── x86

18 directories, 0 files

========================================


=== Environment infos =======================
MATCH_KEYCHAIN_PASSWORD environment set
========================================


=== Control tests ======================
source $HOME/.bash_profile ...
source $HOME/.bash_profile - PASSED
========================================

