 (i) Ignore Errors: enabled

#
# This System Report was generated by: https://github.com/bitrise-io/osx-box-bootstrap/blob/master/system_report.sh
#  Pull Requests are welcome!
#


=== Revision / ID ======================
* BITRISE_OSX_STACK_REV_ID: v2017_03_14_1
========================================


=== Pre-installed tool versions ========
* Go: go version go1.8 darwin/amd64
* Ruby: ruby 2.4.1p111 (2017-03-22 revision 58053) [x86_64-darwin16]
* Python: Python 2.7.13
* Node.js: v7.7.4
* NPM: 4.1.2
* Yarn: 0.21.3
* Java: java version "1.8.0_121"
Java(TM) SE Runtime Environment (build 1.8.0_121-b13)
Java HotSpot(TM) 64-Bit Server VM (build 25.121-b13, mixed mode)

* git: git version 2.12.2
* git lfs: git-lfs/2.0.1 (GitHub; darwin amd64; go 1.8)
* mercurial/hg: Mercurial Distributed SCM (version 4.1.1)
* curl: curl 7.51.0 (x86_64-apple-darwin16.0) libcurl/7.51.0 SecureTransport zlib/1.2.8
* wget: GNU Wget 1.19.1 built on darwin16.4.0.
* rsync: rsync  version 2.6.9  protocol version 29
* unzip: UnZip 6.00 of 20 April 2009, by Info-ZIP.  Maintained by C. Spieler.  Send
* zip: This is Zip 3.0 (July 5th 2008), by Info-ZIP.
* tar: bsdtar 2.8.3 - libarchive 2.8.3
* tree: tree v1.7.0 (c) 1996 - 2014 by Steve Baker, Thomas Moore, Francesc Rocher, Florian Sesser, Kyosuke Tokoro 

* brew: Homebrew 1.1.12
Homebrew/homebrew-core (git revision 2ed6; last commit 2017-04-07)
./system_report.sh: line 55: xctool: command not found
* xctool: 
* Ansible: ansible 2.2.1.0
* gtimeout: timeout (GNU coreutils) 8.27
* watchman: 4.7.0
* flow: Flow, a static type checker for JavaScript, version 0.42.0
* carthage: 0.20.1
* imagemagick (convert): Version: ImageMagick 7.0.5-4 Q16 x86_64 2017-03-25 http://www.imagemagick.org
* ghostscript (ps2ascii): 9.21
./system_report.sh: line 70: wine: command not found
* wine: 

--- Bitrise CLI tool versions
* bitrise: 1.5.5
* stepman: 0.9.29
* envman: 1.1.3
* bitrise-bridge: 0.9.11
* cmd-bridge: 0.9.5
========================================


=== Ruby GEMs ==========================
* Rubygems: 2.6.11
* Bundler: Bundler version 1.14.6
* CocoaPods: 1.2.0
* fastlane: [32m# fastlane 2.26.0 is available. You are on 2.23.0.[0m
* xcpretty: 0.2.4
* Nomad CLI: 2.6.11
* Nomad CLI IPA / Shenzhen: ipa 0.14.3
========================================


=== All Ruby GEMs ======================
activesupport (4.2.8)
addressable (2.5.0)
aws-sdk (1.66.0)
aws-sdk-v1 (1.66.0)
babosa (1.0.2)
bigdecimal (default: 1.3.0)
bundler (1.14.6)
certified (1.0.0)
CFPropertyList (2.3.5)
claide (1.0.1)
cocoapods (1.2.0)
cocoapods-core (1.2.0)
cocoapods-deintegrate (1.0.1)
cocoapods-downloader (1.1.3)
cocoapods-plugins (1.0.0)
cocoapods-search (1.0.0)
cocoapods-stats (1.0.0)
cocoapods-trunk (1.1.2)
cocoapods-try (1.1.0)
colored (1.2)
commander (4.4.3)
commander-fastlane (4.4.4)
cupertino (1.3.4)
did_you_mean (1.1.0)
domain_name (0.5.20170223)
dotenv (2.2.0)
dubai (0.1.1)
escape (0.0.4)
excon (0.55.0)
faraday (0.11.0)
faraday-cookie_jar (0.0.6)
faraday_middleware (0.11.0.1)
fastimage (2.1.0)
fastlane (2.23.0)
fourflusher (2.0.1)
fuzzy_match (2.0.4)
gh_inspector (1.0.3)
google-api-client (0.9.28)
googleauth (0.5.1)
highline (1.7.8)
houston (2.2.4)
http-cookie (1.0.3)
httpclient (2.8.3)
hurley (0.2)
i18n (0.8.1)
io-console (default: 0.4.6)
json (default: 2.0.2, 1.8.6)
jwt (1.5.6)
little-plugger (1.1.4)
logging (2.2.0)
mechanize (2.5.1)
memoist (0.15.0)
mime-types (1.25.1)
mini_magick (4.5.1)
mini_portile2 (2.1.0)
minitest (5.10.1)
molinillo (0.5.7)
multi_json (1.12.1)
multi_xml (0.6.0)
multipart-post (2.0.0)
nanaimo (0.2.3)
nap (1.1.0)
net-http-digest_auth (1.4.1)
net-http-persistent (2.9.4)
net-sftp (2.1.2)
net-ssh (4.1.0)
net-telnet (0.1.1)
netrc (0.7.8)
nokogiri (1.6.8.1)
nomad-cli (0.0.2)
ntlm-http (0.1.1)
openssl (default: 2.0.3)
os (0.9.6)
plist (3.1.0)
power_assert (0.4.1)
psych (default: 2.2.2)
public_suffix (2.0.5)
rack (1.6.5)
rack-protection (1.5.3)
rake (12.0.0)
rdoc (default: 5.0.0)
representable (2.3.0)
retriable (2.1.0)
rouge (1.11.1)
ruby-macho (0.2.6)
rubyzip (1.2.1)
security (0.1.3)
shenzhen (0.14.3)
signet (0.7.3)
sinatra (1.4.8)
slack-notifier (1.5.1)
term-ansicolor (1.0.7)
terminal-notifier (1.7.1)
terminal-table (1.4.5)
test-unit (3.2.3)
thread_safe (0.3.6)
tilt (2.0.7)
tty-screen (0.5.0)
tzinfo (1.2.3)
uber (0.0.15)
unf (0.1.4)
unf_ext (0.0.7.2)
venice (0.3.0)
webrobots (0.1.2)
word_wrap (1.0.0)
xcodeproj (1.4.2)
xcpretty (0.2.4)
xcpretty-travis-formatter (0.0.4)
xmlrpc (0.2.1)
========================================


=== NPM global packages ==========================
* Cordova: 6.5.0
* Ionic: ******************************************************
 Dependency warning - for the CLI to run correctly,      
 it is highly recommended to install/upgrade the following:     

 Install ios-sim to deploy iOS applications.`npm install -g ios-sim` (may require sudo)
 Install ios-deploy to deploy iOS applications to devices.  `npm install -g ios-deploy` (may require sudo)

******************************************************
2.2.1
========================================


=== Checking Xcode CLT dirs ============

 * ls -1 /usr/include/CommonCrypto
CommonCrypto.h
CommonCryptoError.h
CommonCryptor.h
CommonDigest.h
CommonHMAC.h
CommonKeyDerivation.h
CommonRandom.h
CommonSymmetricKeywrap.h

 * ls -1 /Library/Developer/CommandLineTools/
Library
SDKs
usr

 * /Library/Developer/CommandLineTools/usr/bin/swift --version
Apple Swift version 3.1 (swiftlang-802.0.48 clang-802.0.38)
Target: x86_64-apple-macosx10.9

========================================


=== Xcode ==============================

* Active Xcode Command Line Tools:
/Applications/Xcode.app/Contents/Developer

* Xcode Version:
Xcode 8.3
Build version 8E162

* Installed SDKs:
iOS SDKs:
	iOS 10.3                      	-sdk iphoneos10.3

iOS Simulator SDKs:
	Simulator - iOS 10.3          	-sdk iphonesimulator10.3

macOS SDKs:
	macOS 10.12                   	-sdk macosx10.12

tvOS SDKs:
	tvOS 10.2                     	-sdk appletvos10.2

tvOS Simulator SDKs:
	Simulator - tvOS 10.2         	-sdk appletvsimulator10.2

watchOS SDKs:
	watchOS 3.2                   	-sdk watchos3.2

watchOS Simulator SDKs:
	Simulator - watchOS 3.2       	-sdk watchsimulator3.2


* Available Simulators:
== Device Types ==
iPhone 4s (com.apple.CoreSimulator.SimDeviceType.iPhone-4s)
iPhone 5 (com.apple.CoreSimulator.SimDeviceType.iPhone-5)
iPhone 5s (com.apple.CoreSimulator.SimDeviceType.iPhone-5s)
iPhone 6 (com.apple.CoreSimulator.SimDeviceType.iPhone-6)
iPhone 6 Plus (com.apple.CoreSimulator.SimDeviceType.iPhone-6-Plus)
iPhone 6s (com.apple.CoreSimulator.SimDeviceType.iPhone-6s)
iPhone 6s Plus (com.apple.CoreSimulator.SimDeviceType.iPhone-6s-Plus)
iPhone 7 (com.apple.CoreSimulator.SimDeviceType.iPhone-7)
iPhone 7 Plus (com.apple.CoreSimulator.SimDeviceType.iPhone-7-Plus)
iPhone SE (com.apple.CoreSimulator.SimDeviceType.iPhone-SE)
iPad 2 (com.apple.CoreSimulator.SimDeviceType.iPad-2)
iPad Retina (com.apple.CoreSimulator.SimDeviceType.iPad-Retina)
iPad Air (com.apple.CoreSimulator.SimDeviceType.iPad-Air)
iPad Air 2 (com.apple.CoreSimulator.SimDeviceType.iPad-Air-2)
iPad Pro (9.7-inch) (com.apple.CoreSimulator.SimDeviceType.iPad-Pro--9-7-inch-)
iPad Pro (12.9-inch) (com.apple.CoreSimulator.SimDeviceType.iPad-Pro)
Apple TV 1080p (com.apple.CoreSimulator.SimDeviceType.Apple-TV-1080p)
Apple Watch - 38mm (com.apple.CoreSimulator.SimDeviceType.Apple-Watch-38mm)
Apple Watch - 42mm (com.apple.CoreSimulator.SimDeviceType.Apple-Watch-42mm)
Apple Watch Series 2 - 38mm (com.apple.CoreSimulator.SimDeviceType.Apple-Watch-Series-2-38mm)
Apple Watch Series 2 - 42mm (com.apple.CoreSimulator.SimDeviceType.Apple-Watch-Series-2-42mm)
== Runtimes ==
iOS 8.1 (8.1 - 12B411) (com.apple.CoreSimulator.SimRuntime.iOS-8-1)
iOS 8.2 (8.2 - 12D508) (com.apple.CoreSimulator.SimRuntime.iOS-8-2)
iOS 8.3 (8.3 - 12F70) (com.apple.CoreSimulator.SimRuntime.iOS-8-3)
iOS 8.4 (8.4 - 12H141) (com.apple.CoreSimulator.SimRuntime.iOS-8-4)
iOS 9.0 (9.0 - 13A344) (com.apple.CoreSimulator.SimRuntime.iOS-9-0)
iOS 9.1 (9.1 - 13B143) (com.apple.CoreSimulator.SimRuntime.iOS-9-1)
iOS 9.2 (9.2 - 13C75) (com.apple.CoreSimulator.SimRuntime.iOS-9-2)
iOS 9.3 (9.3 - 13E233) (com.apple.CoreSimulator.SimRuntime.iOS-9-3)
iOS 10.0 (10.0 - 14A345) (com.apple.CoreSimulator.SimRuntime.iOS-10-0)
iOS 10.1 (10.1 - 14B72) (com.apple.CoreSimulator.SimRuntime.iOS-10-1)
iOS 10.2 (10.2 - 14C89) (com.apple.CoreSimulator.SimRuntime.iOS-10-2)
iOS 10.3 (10.3 - 14E269) (com.apple.CoreSimulator.SimRuntime.iOS-10-3)
tvOS 9.0 (9.0 - 13T395) (com.apple.CoreSimulator.SimRuntime.tvOS-9-0)
tvOS 9.1 (9.1 - 13U85) (com.apple.CoreSimulator.SimRuntime.tvOS-9-1)
tvOS 9.2 (9.2 - 13Y234) (com.apple.CoreSimulator.SimRuntime.tvOS-9-2)
tvOS 10.0 (10.0 - 14T328) (com.apple.CoreSimulator.SimRuntime.tvOS-10-0)
tvOS 10.1 (10.1 - 14U591) (com.apple.CoreSimulator.SimRuntime.tvOS-10-1)
tvOS 10.2 (10.2 - 14W260) (com.apple.CoreSimulator.SimRuntime.tvOS-10-2)
watchOS 2.0 (2.0 - 13S343) (com.apple.CoreSimulator.SimRuntime.watchOS-2-0)
watchOS 2.1 (2.1 - 13S661) (com.apple.CoreSimulator.SimRuntime.watchOS-2-1)
watchOS 2.2 (2.2 - 13V144) (com.apple.CoreSimulator.SimRuntime.watchOS-2-2)
watchOS 3.2 (3.2 - 14V243) (com.apple.CoreSimulator.SimRuntime.watchOS-3-2)
== Devices ==
-- iOS 8.1 --
    iPhone 4s (91A6BC7F-BB31-4F0E-BE84-133FB15CA1AF) (Shutdown)
    iPhone 5 (73FB72EF-CF10-4B77-9770-72FED95D24ED) (Shutdown)
    iPhone 5s (327ACC91-86CE-4F06-B52F-7133F67822AF) (Shutdown)
    iPhone 6 (BD25957B-0CAB-4F8B-B852-207BE2DEBB2A) (Shutdown)
    iPhone 6 Plus (6823B27E-98DF-449A-8DD0-76BCC266A427) (Shutdown)
    iPad 2 (F1755240-B49C-4C4A-BC35-15E8008AFEE4) (Shutdown)
    iPad Retina (C1DAE664-31D3-41FC-A28B-AAAAFD91AF5E) (Shutdown)
    iPad Air (62D2A8A3-51E3-448C-B0E1-4ECFA6F976B5) (Shutdown)
-- iOS 8.2 --
    iPhone 4s (07149DF2-6BEC-4309-A0D6-BF1C4F81274C) (Shutdown)
    iPhone 5 (CC321F50-BF21-4DFD-982A-57BD0F28F7E1) (Shutdown)
    iPhone 5s (2C1AB644-87CA-4600-BECB-A0D5D4EAA0DE) (Shutdown)
    iPhone 6 (BF8914CE-0AC2-478E-90E3-8E1AFDB972BE) (Shutdown)
    iPhone 6 Plus (4E95962E-1DD4-469B-B55A-8EFF430B5BA1) (Shutdown)
    iPad 2 (F480FB61-64E2-40C4-B043-26A732B3B024) (Shutdown)
    iPad Retina (C25902E0-250C-45FE-B9BD-BBCAA844B17D) (Shutdown)
    iPad Air (4E34524E-A6D4-4F3C-8111-564AEF1D94B4) (Shutdown)
-- iOS 8.3 --
    iPhone 4s (1B708C61-B23C-4718-87E3-8E636132A50B) (Shutdown)
    iPhone 5 (C0A58844-D8D3-40B4-8FDB-370DD2481847) (Shutdown)
    iPhone 5s (B11C731F-DE01-4630-B5A4-4116BC6251B7) (Shutdown)
    iPhone 6 (DC38A61E-332C-4163-8E77-57C64BBC0BFF) (Shutdown)
    iPhone 6 Plus (984EDD72-F998-4B8B-A401-3B4662566886) (Shutdown)
    iPad 2 (7407389F-B7FC-42D4-97B9-1BFD576B88B2) (Shutdown)
    iPad Retina (A80FCC0D-EE28-4142-AC38-60D25670C79C) (Shutdown)
    iPad Air (4DC1A499-16BD-406B-A9FF-B5DA39AE9BD6) (Shutdown)
-- iOS 8.4 --
    iPhone 4s (32C526BE-2EAC-43D8-B47C-4B8786F2CF44) (Shutdown)
    iPhone 5 (C6F003AB-E362-4500-A322-B2E273F8BA8F) (Shutdown)
    iPhone 5s (82DAF11F-8188-4BD8-9B86-DEA72517F00B) (Shutdown)
    iPhone 6 (537347ED-4F21-4216-8D15-5E9B901EB608) (Shutdown)
    iPhone 6 Plus (C11EEEF4-C190-4812-9547-6B719F67F62D) (Shutdown)
    iPad 2 (C2307607-6BC7-436F-B70E-3F95FDC23A90) (Shutdown)
    iPad Retina (056CA35D-9010-471E-BF16-51572C74FE12) (Shutdown)
    iPad Air (258E978E-9DDC-42C4-89E2-639456B6698E) (Shutdown)
-- iOS 9.0 --
    iPhone 4s (FE7FD89E-8CD5-456B-9F92-2AB8BE0B71CE) (Shutdown)
    iPhone 5 (8212F20B-3E62-41B9-A716-DD5091498512) (Shutdown)
    iPhone 5s (E5F9EA64-26E8-42EF-BB2A-C3518BA5D401) (Shutdown)
    iPhone 6 (6FB0F091-73AE-4495-839C-367AA4110D4B) (Shutdown)
    iPhone 6 Plus (A72E4261-220A-474A-BE9C-207EDE87D69A) (Shutdown)
    iPhone 6s (A94B99A4-92F6-4898-9B22-D99900F66071) (Shutdown)
    iPhone 6s Plus (99473797-4634-4CA8-B6A8-F7E2A49DC8D5) (Shutdown)
    iPad 2 (F57C39A6-F93A-4D44-AD40-B54802219188) (Shutdown)
    iPad Retina (C9EC07BE-9B42-4E4D-BD82-68755854053C) (Shutdown)
    iPad Air (326A026F-28B1-4DBA-81ED-98CF57478592) (Shutdown)
    iPad Air 2 (29E2764A-F3F2-4649-BE0A-A61F3B7BF44D) (Shutdown)
-- iOS 9.1 --
    iPhone 4s (5035615B-6A7C-46CC-BC68-43ABB81A48AC) (Shutdown)
    iPhone 5 (F4906CED-5FCA-4E6C-8211-E20CDF7E0024) (Shutdown)
    iPhone 5s (356B29C8-AAC3-47FD-9AF6-23D4A25CAFE9) (Shutdown)
    iPhone 6 (893EFAAB-C5BE-44E6-8FDF-070B308CEA75) (Shutdown)
    iPhone 6 Plus (8E683D89-C699-45E6-8E4F-E05E8F0A53A5) (Shutdown)
    iPhone 6s (C8CF328F-5757-4ACD-8806-F8D3061723E8) (Shutdown)
    iPhone 6s Plus (3B4794BE-3F9D-4123-8666-AC95E1513731) (Shutdown)
    iPad 2 (41C89108-86FB-4F21-80C7-D3A26A7F8959) (Shutdown)
    iPad Retina (1A9E0534-F1AE-43FD-92F0-C34CCEE6BA81) (Shutdown)
    iPad Air (86559C55-0055-40E0-973B-11A0741C7909) (Shutdown)
    iPad Air 2 (9D0AB7DD-F8C2-4922-B65D-14424F643D08) (Shutdown)
    iPad Pro (C726EDA9-7F78-41B7-9D4B-C065FD299287) (Shutdown)
-- iOS 9.2 --
    iPhone 4s (6A3211F7-5C70-4FAB-B43F-F7E6394222C5) (Shutdown)
    iPhone 5 (11F7D897-C5A0-4F99-88D5-5ECAA35072F8) (Shutdown)
    iPhone 5s (5A7B9AEF-0EFD-4222-8190-E093EAC3D8B8) (Shutdown)
    iPhone 6 (AD4D85BB-93FB-49C3-A54D-C0A0D754FE84) (Shutdown)
    iPhone 6 Plus (E0570D6B-C191-4A29-BF6C-90A6D28DE533) (Shutdown)
    iPhone 6s (E956F51D-88C1-40E7-9301-1E7230A9F3E5) (Shutdown)
    iPhone 6s Plus (22F76E1F-97DC-4D54-A5BA-57F6B41FB914) (Shutdown)
    iPad 2 (C38BF574-12A2-4F2A-9CBF-DC46FD87310E) (Shutdown)
    iPad Retina (2CE0D8C9-5C5F-4E67-A7DB-B686BC939B4C) (Shutdown)
    iPad Air (D7E99A91-304A-4E0E-8A9B-3E5C1478E442) (Shutdown)
    iPad Air 2 (7DBA747C-6EFF-4933-8B2A-0AD9CC9A2C0C) (Shutdown)
    iPad Pro (843A2892-FCD9-4AE1-AE26-5BB41B37AE9B) (Shutdown)
-- iOS 9.3 --
    iPhone 4s (63E6F6CA-E5D6-45D9-9DA0-129AACF0C121) (Shutdown)
    iPhone 5 (4B23EF53-3353-4D31-BAC0-DD00154694A8) (Shutdown)
    iPhone 5s (2C0ED6E8-6FCA-4B41-909B-8FB2326D1F10) (Shutdown)
    iPhone 6 (EDC898C3-8AF8-4E94-83A8-5D58EE19875A) (Shutdown)
    iPhone 6 Plus (1C2A23B0-B751-4341-B160-4094FF17ECF2) (Shutdown)
    iPhone 6s (C462D304-1AB3-42DC-AC0A-4C6689F175AD) (Shutdown)
    iPhone 6s Plus (BB56795F-59AE-4723-915F-2DFD9486C428) (Shutdown)
    iPad 2 (7523F5CF-C3B1-44C3-A7E1-131862187A2E) (Shutdown)
    iPad Retina (5CB73465-919A-40B5-A9B0-1465F3A049F8) (Shutdown)
    iPad Air (D62F6F48-904C-403C-A758-982D7824F6FD) (Shutdown)
    iPad Air 2 (C1BB9F90-289C-4217-BEA9-DAD2C49E362E) (Shutdown)
    iPad Pro (516EDF74-7428-4515-B3B5-D2939E2E9881) (Shutdown)
-- iOS 10.0 --
    iPhone 5 (07AB75E8-DC66-4EC3-A560-0C93E89BEB09) (Shutdown)
    iPhone 5s (2C0490C8-B56B-48BA-8A26-56C5749B01C2) (Shutdown)
    iPhone 6 (4911F174-23FE-46FD-9D4B-28332EC2262C) (Shutdown)
    iPhone 6 Plus (D7CDD050-81BA-457B-8009-85C716B3B313) (Shutdown)
    iPhone 6s (8E3E5176-90CD-4894-880E-CF69A2855FF5) (Shutdown)
    iPhone 6s Plus (B7BCC98A-7C3F-430A-BA80-FCF1FB655C81) (Shutdown)
    iPhone SE (D8C2E175-D720-4368-BA4F-EDDC52814F45) (Shutdown)
    iPad Air (9C6B05E4-BFB9-4D4D-8511-0A06452BF113) (Shutdown)
    iPad Air 2 (D89C5E3D-EA23-4625-83FB-C7D364335E3D) (Shutdown)
    iPad Pro (9.7 inch) (971D7FEC-EA8F-46F7-B8E7-9A8A40F38B3C) (Shutdown)
    iPad Pro (12.9 inch) (8B067474-D79C-4B68-A477-5DC78B894647) (Shutdown)
-- iOS 10.1 --
    iPhone 5 (B50D193E-C2E1-4344-8EFE-D390E19E3E19) (Shutdown)
    iPhone 5s (08F4109E-88BA-4B03-8E4B-E34B69A913D2) (Shutdown)
    iPhone 6 (5C39A6BB-266E-4F85-A897-D47F3E07E9FA) (Shutdown)
    iPhone 6 Plus (B8C2E8B1-3F1A-441D-9491-45317D37D4F5) (Shutdown)
    iPhone 6s (A05ED494-593C-4DCF-A27B-5FBA3F3FF288) (Shutdown)
    iPhone 6s Plus (98E985E8-AB9A-4AC8-9529-4C99EF755DEB) (Shutdown)
    iPhone 7 (FFADECEF-FA9C-4996-8E8B-FE50568E28EE) (Shutdown)
    iPhone 7 Plus (7F435582-C3F5-49B0-B1B6-629FD3626A63) (Shutdown)
    iPhone SE (601EE47C-4703-4AE3-8B95-0DE9FBBB4D90) (Shutdown)
    iPad Air (BB4F27A2-90A4-45DC-825F-3B8F7A89B1BB) (Shutdown)
    iPad Air 2 (253D4A92-5776-4A60-BF82-A29A29900356) (Shutdown)
    iPad Pro (9.7 inch) (F876689E-B479-4775-8059-A60CF07D391E) (Shutdown)
    iPad Pro (12.9 inch) (AAD4039C-FD6C-477B-A674-3F9936026E11) (Shutdown)
-- iOS 10.2 --
    iPhone 5 (9A87C78F-699E-4777-B633-FBFC8E4E187C) (Shutdown)
    iPhone 5s (9AF71238-F150-4FC9-8034-3F81542C87DD) (Shutdown)
    iPhone 6 (8E9BC17A-2406-4F5E-9631-70DBBD2753FB) (Shutdown)
    iPhone 6 Plus (C6AE4EF9-715C-4B07-B24C-35C245D833C9) (Shutdown)
    iPhone 6s (B996A236-00C4-4DA1-86D6-57FE8D4CFF19) (Shutdown)
    iPhone 6s Plus (B5053B49-8FAE-4953-BBD4-63C45B52C31A) (Shutdown)
    iPhone 7 (5419F29A-E77E-489B-9DE6-928D914754DB) (Shutdown)
    iPhone 7 Plus (167BB321-CB0E-493C-863E-4C5727BDAF8A) (Shutdown)
    iPhone SE (6BA2CFA3-E5C1-4EF1-AB8F-31E1AF880505) (Shutdown)
    iPad Air (602A5303-58BA-4AFD-830E-98513880BCAA) (Shutdown)
    iPad Air 2 (286B3E30-29BB-4186-BFFC-9146868CD706) (Shutdown)
    iPad Pro (9.7 inch) (4A72B22D-91AF-42EF-8093-1FA9F765FF81) (Shutdown)
    iPad Pro (12.9 inch) (8F209C15-C07F-4A70-AFF6-7D5DD586081E) (Shutdown)
-- iOS 10.3 --
    iPhone 5 (A7F1C5E9-0171-42F1-81B2-07645421B56D) (Shutdown)
    iPhone 5s (7547331B-4F83-4D06-B2E1-0D3961D50A70) (Shutdown)
    iPhone 6 (25AC5947-51AD-433C-80DB-C303608A1298) (Shutdown)
    iPhone 6 Plus (BDE55B21-C42F-4E03-9620-50D89C37A229) (Shutdown)
    iPhone 6s (15A4E554-D89E-4259-B4EC-981E91C6641D) (Shutdown)
    iPhone 6s Plus (4CF46915-AB01-4FCE-A999-EE946E62E701) (Shutdown)
    iPhone 7 (120AD369-6F96-457C-BD44-7544191BA383) (Shutdown)
    iPhone 7 Plus (8C6D0171-FF93-4A34-8D85-4C7A1F38FBA4) (Shutdown)
    iPhone SE (786846AE-2822-4111-924C-8301E47CEA53) (Shutdown)
    iPad Air (E817C079-EAE1-443F-8551-0B9EBA6665C7) (Shutdown)
    iPad Air 2 (CD38358C-3C12-4559-9328-5637A9059936) (Shutdown)
    iPad Pro (9.7 inch) (526D99E3-C93C-434D-80CC-F6C96429513E) (Shutdown)
    iPad Pro (12.9 inch) (D7C338B3-11CB-4617-A71F-4473057BB563) (Shutdown)
-- tvOS 9.0 --
    Apple TV 1080p (245AE53D-FA92-4D3A-AF51-F3789A1BDAA0) (Shutdown)
-- tvOS 9.1 --
    Apple TV 1080p (F0659478-37EA-475A-8AE3-F34DA2823B8A) (Shutdown)
-- tvOS 9.2 --
    Apple TV 1080p (720E20B0-F48E-4158-9FC5-CA79F6C19226) (Shutdown)
-- tvOS 10.0 --
    Apple TV 1080p (BDF26F94-133F-4ABB-86B6-E583EA0A2A3F) (Shutdown)
-- tvOS 10.1 --
    Apple TV 1080p (E977CB60-3E98-4CDF-BBB6-CA7D0EAF8CD4) (Shutdown)
-- tvOS 10.2 --
    Apple TV 1080p (D5B3B157-839A-4309-A5DE-6E9B2F1571CF) (Shutdown)
-- watchOS 2.0 --
    Apple Watch - 38mm (493AE6E4-6B12-4A3A-96A9-E0143B739D96) (Shutdown)
    Apple Watch - 42mm (928CF6D1-644B-41BB-BD9A-809900899ED4) (Shutdown)
-- watchOS 2.1 --
    Apple Watch - 38mm (0CB28154-3A66-45B7-8689-568B07172791) (Shutdown)
    Apple Watch - 42mm (D70528A1-6F39-437B-9D58-DAE2A0403756) (Shutdown)
-- watchOS 2.2 --
    Apple Watch - 38mm (FAB3B063-F8D4-4F94-999E-8779D22AFCA5) (Shutdown)
    Apple Watch - 42mm (FE81E91A-F43D-4EE9-9ED1-756924833A0D) (Shutdown)
-- watchOS 3.2 --
    Apple Watch - 38mm (CBE66468-9264-4359-AFFF-D60BDDA50881) (Shutdown)
    Apple Watch - 42mm (6C7874A2-5C79-40E2-BEBF-35F276860F43) (Shutdown)
    Apple Watch Series 2 - 38mm (969FF96D-10B3-447B-B3F7-CE1EDCF16AA3) (Shutdown)
    Apple Watch Series 2 - 42mm (F7408DDF-5127-45C1-B2AC-BCC37FA65306) (Shutdown)
== Device Pairs ==
D1BF12B8-5CC1-43AD-92A2-17EC3B830999 (active, disconnected)
    Watch: Apple Watch - 38mm (CBE66468-9264-4359-AFFF-D60BDDA50881) (Shutdown)
    Phone: iPhone 6s (15A4E554-D89E-4259-B4EC-981E91C6641D) (Shutdown)
EDE33042-5F85-4BA6-A424-1026867B7134 (active, disconnected)
    Watch: Apple Watch - 42mm (6C7874A2-5C79-40E2-BEBF-35F276860F43) (Shutdown)
    Phone: iPhone 6s Plus (4CF46915-AB01-4FCE-A999-EE946E62E701) (Shutdown)
60694D04-6A87-4065-8936-CF9579F31B6A (active, disconnected)
    Watch: Apple Watch Series 2 - 38mm (969FF96D-10B3-447B-B3F7-CE1EDCF16AA3) (Shutdown)
    Phone: iPhone 7 (120AD369-6F96-457C-BD44-7544191BA383) (Shutdown)
DAAC9A3D-6D8B-483A-969F-C48C4669999A (active, disconnected)
    Watch: Apple Watch Series 2 - 42mm (F7408DDF-5127-45C1-B2AC-BCC37FA65306) (Shutdown)
    Phone: iPhone 7 Plus (8C6D0171-FF93-4A34-8D85-4C7A1F38FBA4) (Shutdown)

========================================


=== OS X info =========================

* sw_vers
ProductName:	Mac OS X
ProductVersion:	10.12.4
BuildVersion:	16E195

* system_profiler SPSoftwareDataType
Software:

    System Software Overview:

      System Version: macOS 10.12.4 (16E195)
      Kernel Version: Darwin 16.5.0
      Boot Volume: Macintosh HD
      Boot Mode: Normal
      Computer Name: controlosxstagebhostondemandinternaltest.local
      User Name: vagrant (vagrant)
      Secure Virtual Memory: Enabled
      System Integrity Protection: Disabled
      Time since boot: 2 minutes


========================================


=== System infos =======================
* Free disk space: /dev/disk0s2  199Gi  133Gi   66Gi    67% 2615219 4292352060    0%   /
========================================


=== Xamarin specific ===================

--- Xamarin

* Xamarin Studio
Release ID: 603000863
Git revision: a2163670efe259c85cd8f335d95b175068fbbe2a
Build date: 2017-04-03 14:33:15-04

* Mono version:
Mono JIT compiler version 4.8.0 (mono-4.8.0-branch/9d74414 Fri Mar 17 16:02:57 EDT 2017)
Copyright (C) 2002-2014 Novell, Inc, Xamarin Inc and Contributors. www.mono-project.com
	TLS:           normal
	SIGSEGV:       altstack
	Notification:  kqueue
	Architecture:  x86
	Disabled:      none
	Misc:          softdebug 
	LLVM:          yes(3.6.0svn-mono-master/8b1520c)
	GC:            sgen
* Mono path:
/Library/Frameworks/Mono.framework/Versions/Current/Commands/mono

* Xamarin.Android
7.2.0

* Xamarin.iOS
mtouch 10.8.0.175 (d15-1: a04678c2)

--- Android

* ANDROID_HOME (/Users/vagrant/Library/Developer/Xamarin/android-sdk-macosx) content:
SDK Readme.txt
add-ons
build-tools
extras
platform-tools
platforms
system-images
temp
tools

* ANDROID_NDK_HOME (/Users/vagrant/Library/Developer/Xamarin/android-ndk/android-ndk-r11c) content:
CHANGELOG.md
build
ndk-build
ndk-depends
ndk-gdb
ndk-stack
ndk-which
platforms
prebuilt
python-packages
source.properties
sources
toolchains

* platform-tools content:
NOTICE.txt
adb
api
dmtracedump
etc1tool
fastboot
hprof-conv
lib
source.properties
sqlite3
systrace

* build-tools content:
17.0.0
19.1.0
20.0.0
21.1.2
22.0.1
23.0.1
23.0.2
23.0.3
24.0.0
24.0.1
24.0.2
24.0.3
25.0.0
25.0.1
25.0.2

* extras content:
/Users/vagrant/Library/Developer/Xamarin/android-sdk-macosx/extras
├── android
│   └── m2repository
└── google
    ├── google_play_services
    └── m2repository

5 directories, 0 files

* platforms content:
android-10
android-15
android-17
android-19
android-20
android-21
android-22
android-23
android-24
android-25

* system-images content:
/Users/vagrant/Library/Developer/Xamarin/android-sdk-macosx/system-images
├── android-15
│   └── default
│       └── armeabi-v7a
├── android-17
│   └── default
│       └── armeabi-v7a
├── android-19
│   └── default
│       └── armeabi-v7a
├── android-21
│   └── default
│       └── armeabi-v7a
├── android-22
│   └── default
│       └── armeabi-v7a
├── android-23
│   └── google_apis
│       ├── armeabi-v7a
│       └── x86
└── android-24
    └── default
        └── armeabi-v7a

22 directories, 0 files

* debug.keystore path:
/Users/vagrant/.local/share/Xamarin/Mono for Android/debug.keystore
========================================


=== Environment infos =======================
MATCH_KEYCHAIN_PASSWORD environment set
========================================


=== Control tests ======================
source $HOME/.bash_profile ...
source $HOME/.bash_profile - PASSED
========================================

