 (i) Ignore Errors: enabled

#
# This System Report was generated by: https://github.com/bitrise-io/osx-box-bootstrap/blob/master/system_report.sh
#  Pull Requests are welcome!
#


=== Revision / ID ======================
* BITRISE_OSX_STACK_REV_ID: v2018_01_11_1
========================================


=== Pre-installed tool versions ========
* Go: go version go1.9.3 darwin/amd64
* Ruby: ruby 2.5.0p0 (2017-12-25 revision 61468) [x86_64-darwin17]
* Python: Python 2.7.10
* Node.js: v9.5.0
* NPM: 5.6.0
* Yarn: 1.3.2
* Java: java version "9.0.4"
Java(TM) SE Runtime Environment (build 9.0.4+11)
Java HotSpot(TM) 64-Bit Server VM (build 9.0.4+11, mixed mode)

* git: git version 2.16.1
* git lfs: git-lfs/2.3.4 (GitHub; darwin amd64; go 1.9.1)
* mercurial/hg: Mercurial Distributed SCM (version 4.5)
* curl: curl 7.54.0 (x86_64-apple-darwin17.0) libcurl/7.54.0 LibreSSL/2.0.20 zlib/1.2.11 nghttp2/1.24.0
* wget: GNU Wget 1.19.4 built on darwin17.3.0.
* rsync: rsync  version 2.6.9  protocol version 29
* unzip: UnZip 6.00 of 20 April 2009, by Info-ZIP.  Maintained by C. Spieler.  Send
* zip: This is Zip 3.0 (July 5th 2008), by Info-ZIP.
* tar: bsdtar 2.8.3 - libarchive 2.8.3
* tree: tree v1.7.0 (c) 1996 - 2014 by Steve Baker, Thomas Moore, Francesc Rocher, Florian Sesser, Kyosuke Tokoro 

* brew: Homebrew 1.5.4
Homebrew/homebrew-core (git revision ac8f; last commit 2018-02-15)
./system_report.sh: line 54: xctool: command not found
* xctool: 
* Ansible: ansible 2.4.3.0
  configured module search path = [u'/Users/vagrant/.ansible/plugins/modules', u'/usr/share/ansible/plugins/modules']
  ansible python module location = /usr/local/Cellar/ansible/2.4.3.0/libexec/lib/python2.7/site-packages/ansible
  executable location = /usr/local/bin/ansible
* gtimeout: timeout (GNU coreutils) 8.29
* watchman: 4.9.0
* flow: Flow, a static type checker for JavaScript, version 0.65.0
* carthage: 0.28.0
* imagemagick (convert): Version: ImageMagick 7.0.7-22 Q16 x86_64 2018-01-22 http://www.imagemagick.org
* ghostscript (ps2ascii): 9.22
./system_report.sh: line 69: wine: command not found
* wine: 

--- Bitrise CLI tool versions
* bitrise: 1.13.0
* stepman: 0.9.38
* envman: 1.1.10
* bitrise-bridge: 0.9.11
* cmd-bridge: 0.9.5
========================================


=== Ruby GEMs ==========================
* Rubygems: 2.7.5
* Bundler: Bundler version 1.16.1
* CocoaPods: 1.4.0
* xcpretty: 0.2.8
* Nomad CLI: 2.7.5
* Nomad CLI IPA / Shenzhen: ipa 0.14.3
========================================


=== All Ruby GEMs ======================
activesupport (4.2.10)
addressable (2.5.2)
atomos (0.1.2)
aws-sdk (1.67.0)
aws-sdk-v1 (1.67.0)
babosa (1.0.2)
bigdecimal (default: 1.3.4)
bundler (default: 1.16.1)
certified (1.0.0)
CFPropertyList (2.3.6)
claide (1.0.2)
cmath (default: 1.0.0)
cocoapods (1.4.0)
cocoapods-core (1.4.0)
cocoapods-deintegrate (1.0.2)
cocoapods-downloader (1.1.3)
cocoapods-plugins (1.0.0)
cocoapods-search (1.0.0)
cocoapods-stats (1.0.0)
cocoapods-trunk (1.3.0)
cocoapods-try (1.1.0)
colored (1.2)
colored2 (3.1.2)
commander (4.4.4)
commander-fastlane (4.4.5)
concurrent-ruby (1.0.5)
csv (default: 1.0.0)
cupertino (1.3.4)
date (default: 1.0.0)
dbm (default: 1.0.0)
declarative (0.0.10)
declarative-option (0.1.0)
did_you_mean (1.2.0)
domain_name (0.5.20170404)
dotenv (2.2.1)
dubai (0.1.2)
escape (0.0.4)
etc (default: 1.0.0)
excon (0.60.0)
faraday (0.14.0)
faraday-cookie_jar (0.0.6)
faraday_middleware (0.12.2)
fastimage (2.1.1)
fastlane (2.80.0)
fcntl (default: 1.0.0)
fiddle (default: 1.0.0)
fileutils (default: 1.0.2)
fourflusher (2.0.1)
fuzzy_match (2.0.4)
gh_inspector (1.1.1)
google-api-client (0.13.6)
googleauth (0.6.2)
highline (1.7.10)
houston (2.2.4)
http-cookie (1.0.3)
httpclient (2.8.3)
i18n (0.9.3)
io-console (default: 0.4.6)
ipaddr (default: 1.2.0)
json (default: 2.1.0, 1.8.6)
jwt (2.1.0)
little-plugger (1.1.4)
logging (2.2.2)
mechanize (2.5.1)
memoist (0.16.0)
mime-types (3.1, 1.25.1)
mime-types-data (3.2016.0521)
mini_magick (4.5.1)
mini_portile2 (2.1.0)
minitest (5.10.3)
molinillo (0.6.4)
multi_json (1.13.1)
multi_xml (0.6.0)
multipart-post (2.0.0)
mustermann (1.0.1)
nanaimo (0.2.3)
nap (1.1.0)
net-http-digest_auth (1.4.1)
net-http-persistent (2.9.4)
net-sftp (2.1.2)
net-ssh (4.2.0)
net-telnet (0.1.1)
netrc (0.11.0)
nokogiri (1.6.8.1)
nomad-cli (0.0.2)
ntlm-http (0.1.1)
openssl (default: 2.1.0)
os (0.9.6)
plist (3.1.0)
power_assert (1.1.1)
psych (default: 3.0.2)
public_suffix (2.0.5)
rack (2.0.4)
rack-protection (2.0.0)
rake (12.3.0)
rdoc (default: 6.0.1)
representable (3.0.4)
retriable (3.1.1)
rouge (2.0.7)
ruby-macho (1.1.0)
rubygems-update (2.7.5)
rubyzip (1.2.1)
scanf (default: 1.0.0)
sdbm (default: 1.0.0)
security (0.1.3)
shenzhen (0.14.3)
signet (0.8.1)
sinatra (2.0.0)
slack-notifier (2.3.2)
stringio (default: 0.0.1)
strscan (default: 1.0.0)
term-ansicolor (1.0.7)
terminal-notifier (1.8.0)
terminal-table (1.4.5)
test-unit (3.2.7)
thread_safe (0.3.6)
tilt (2.0.8)
tty-cursor (0.5.0)
tty-screen (0.6.4)
tty-spinner (0.8.0)
tzinfo (1.2.5)
uber (0.1.0)
unf (0.1.4)
unf_ext (0.0.7.5)
venice (0.4.2)
webrick (default: 1.4.2)
webrobots (0.1.2)
word_wrap (1.0.0)
xcodeproj (1.5.6)
xcpretty (0.2.8)
xcpretty-travis-formatter (1.0.0)
xmlrpc (0.3.0)
zlib (default: 1.0.0)
========================================


=== NPM global packages ==========================
* Cordova: 8.0.0
* Ionic: 3.19.1
========================================


=== Checking Xcode CLT dirs ============

 * ls -1 /usr/include/CommonCrypto
CommonCrypto.h
CommonCryptoError.h
CommonCryptor.h
CommonDigest.h
CommonHMAC.h
CommonKeyDerivation.h
CommonRandom.h
CommonSymmetricKeywrap.h

 * ls -1 /Library/Developer/CommandLineTools/
Library
SDKs
usr

 * /Library/Developer/CommandLineTools/usr/bin/swift --version
Apple Swift version 4.0.3 (swiftlang-900.0.74.1 clang-900.0.39.2)
Target: x86_64-apple-macosx10.9

========================================


=== Xcode ==============================

* Active Xcode Command Line Tools:
/Applications/Xcode-beta.app/Contents/Developer

* Xcode Version:
Xcode 9.3
Build version 9Q107o

* Installed SDKs:
iOS SDKs:
	iOS 11.3                      	-sdk iphoneos11.3

iOS Simulator SDKs:
	Simulator - iOS 11.3          	-sdk iphonesimulator11.3

macOS SDKs:
	macOS 10.13                   	-sdk macosx10.13

tvOS SDKs:
	tvOS 11.3                     	-sdk appletvos11.3

tvOS Simulator SDKs:
	Simulator - tvOS 11.3         	-sdk appletvsimulator11.3

watchOS SDKs:
	watchOS 4.3                   	-sdk watchos4.3

watchOS Simulator SDKs:
	Simulator - watchOS 4.3       	-sdk watchsimulator4.3


* Available Simulators:
== Device Types ==
iPhone 4s (com.apple.CoreSimulator.SimDeviceType.iPhone-4s)
iPhone 5 (com.apple.CoreSimulator.SimDeviceType.iPhone-5)
iPhone 5s (com.apple.CoreSimulator.SimDeviceType.iPhone-5s)
iPhone 6 (com.apple.CoreSimulator.SimDeviceType.iPhone-6)
iPhone 6 Plus (com.apple.CoreSimulator.SimDeviceType.iPhone-6-Plus)
iPhone 6s (com.apple.CoreSimulator.SimDeviceType.iPhone-6s)
iPhone 6s Plus (com.apple.CoreSimulator.SimDeviceType.iPhone-6s-Plus)
iPhone 7 (com.apple.CoreSimulator.SimDeviceType.iPhone-7)
iPhone 7 Plus (com.apple.CoreSimulator.SimDeviceType.iPhone-7-Plus)
iPhone 8 (com.apple.CoreSimulator.SimDeviceType.iPhone-8)
iPhone 8 Plus (com.apple.CoreSimulator.SimDeviceType.iPhone-8-Plus)
iPhone SE (com.apple.CoreSimulator.SimDeviceType.iPhone-SE)
iPhone X (com.apple.CoreSimulator.SimDeviceType.iPhone-X)
iPad 2 (com.apple.CoreSimulator.SimDeviceType.iPad-2)
iPad Retina (com.apple.CoreSimulator.SimDeviceType.iPad-Retina)
iPad Air (com.apple.CoreSimulator.SimDeviceType.iPad-Air)
iPad Air 2 (com.apple.CoreSimulator.SimDeviceType.iPad-Air-2)
iPad (5th generation) (com.apple.CoreSimulator.SimDeviceType.iPad--5th-generation-)
iPad Pro (9.7-inch) (com.apple.CoreSimulator.SimDeviceType.iPad-Pro--9-7-inch-)
iPad Pro (12.9-inch) (com.apple.CoreSimulator.SimDeviceType.iPad-Pro)
iPad Pro (12.9-inch) (2nd generation) (com.apple.CoreSimulator.SimDeviceType.iPad-Pro--12-9-inch---2nd-generation-)
iPad Pro (10.5-inch) (com.apple.CoreSimulator.SimDeviceType.iPad-Pro--10-5-inch-)
Apple TV (com.apple.CoreSimulator.SimDeviceType.Apple-TV-1080p)
Apple TV 4K (com.apple.CoreSimulator.SimDeviceType.Apple-TV-4K-4K)
Apple TV 4K (at 1080p) (com.apple.CoreSimulator.SimDeviceType.Apple-TV-4K-1080p)
Apple Watch - 38mm (com.apple.CoreSimulator.SimDeviceType.Apple-Watch-38mm)
Apple Watch - 42mm (com.apple.CoreSimulator.SimDeviceType.Apple-Watch-42mm)
Apple Watch Series 2 - 38mm (com.apple.CoreSimulator.SimDeviceType.Apple-Watch-Series-2-38mm)
Apple Watch Series 2 - 42mm (com.apple.CoreSimulator.SimDeviceType.Apple-Watch-Series-2-42mm)
Apple Watch Series 3 - 38mm (com.apple.CoreSimulator.SimDeviceType.Apple-Watch-Series-3-38mm)
Apple Watch Series 3 - 42mm (com.apple.CoreSimulator.SimDeviceType.Apple-Watch-Series-3-42mm)
== Runtimes ==
iOS 9.0 (9.0 - 13A344) - com.apple.CoreSimulator.SimRuntime.iOS-9-0
iOS 9.1 (9.1 - 13B143) - com.apple.CoreSimulator.SimRuntime.iOS-9-1
iOS 9.2 (9.2 - 13C75) - com.apple.CoreSimulator.SimRuntime.iOS-9-2
iOS 9.3 (9.3 - 13E233) - com.apple.CoreSimulator.SimRuntime.iOS-9-3
iOS 10.0 (10.0 - 14A345) - com.apple.CoreSimulator.SimRuntime.iOS-10-0
iOS 10.1 (10.1 - 14B72) - com.apple.CoreSimulator.SimRuntime.iOS-10-1
iOS 10.2 (10.2 - 14C89) - com.apple.CoreSimulator.SimRuntime.iOS-10-2
iOS 10.3 (10.3.1 - 14E8301) - com.apple.CoreSimulator.SimRuntime.iOS-10-3
iOS 11.0 (11.0.1 - 15A8401) - com.apple.CoreSimulator.SimRuntime.iOS-11-0
iOS 11.1 (11.1 - 15B87) - com.apple.CoreSimulator.SimRuntime.iOS-11-1
iOS 11.2 (11.2 - 15C107) - com.apple.CoreSimulator.SimRuntime.iOS-11-2
iOS 11.3 (11.3 - 15E5178d) - com.apple.CoreSimulator.SimRuntime.iOS-11-3
tvOS 9.0 (9.0 - 13T395) - com.apple.CoreSimulator.SimRuntime.tvOS-9-0
tvOS 9.1 (9.1 - 13U85) - com.apple.CoreSimulator.SimRuntime.tvOS-9-1
tvOS 9.2 (9.2 - 13Y234) - com.apple.CoreSimulator.SimRuntime.tvOS-9-2
tvOS 10.0 (10.0 - 14T328) - com.apple.CoreSimulator.SimRuntime.tvOS-10-0
tvOS 10.1 (10.1 - 14U591) - com.apple.CoreSimulator.SimRuntime.tvOS-10-1
tvOS 10.2 (10.2 - 14W260) - com.apple.CoreSimulator.SimRuntime.tvOS-10-2
tvOS 11.0 (11.0 - 15J380) - com.apple.CoreSimulator.SimRuntime.tvOS-11-0
tvOS 11.1 (11.1 - 15J580) - com.apple.CoreSimulator.SimRuntime.tvOS-11-1
tvOS 11.2 (11.2 - 15K104) - com.apple.CoreSimulator.SimRuntime.tvOS-11-2
tvOS 11.3 (11.3 - 15L5175d) - com.apple.CoreSimulator.SimRuntime.tvOS-11-3
watchOS 2.0 (2.0 - 13S343) - com.apple.CoreSimulator.SimRuntime.watchOS-2-0
watchOS 2.1 (2.1 - 13S661) - com.apple.CoreSimulator.SimRuntime.watchOS-2-1
watchOS 2.2 (2.2 - 13V144) - com.apple.CoreSimulator.SimRuntime.watchOS-2-2
watchOS 3.1 (3.1 - 14S471a) - com.apple.CoreSimulator.SimRuntime.watchOS-3-1
watchOS 3.2 (3.2 - 14V243) - com.apple.CoreSimulator.SimRuntime.watchOS-3-2
watchOS 4.0 (4.0 - 15R372) - com.apple.CoreSimulator.SimRuntime.watchOS-4-0
watchOS 4.1 (4.1 - 15R844) - com.apple.CoreSimulator.SimRuntime.watchOS-4-1
watchOS 4.2 (4.2 - 15S100) - com.apple.CoreSimulator.SimRuntime.watchOS-4-2
watchOS 4.3 (4.3 - 15T5176c) - com.apple.CoreSimulator.SimRuntime.watchOS-4-3
== Devices ==
-- iOS 9.0 --
    iPhone 4s (676D0FDA-10B0-4C27-B5F9-7CA36EE0CAC9) (Shutdown)
    iPhone 5 (D3230F9D-C3CF-4EA1-8B4F-AA6B0469DFFD) (Shutdown)
    iPhone 5s (2C151EEA-F7EB-45A6-8E3F-5E458810A21A) (Shutdown)
    iPhone 6 (63D26BA7-CED8-4499-83D7-768D314A1144) (Shutdown)
    iPhone 6 Plus (45AFE918-6305-49C8-AF6F-F65314197743) (Shutdown)
    iPhone 6s (FB299608-5657-4F98-A5B8-C133FB8F5F8F) (Shutdown)
    iPhone 6s Plus (57E538AF-D533-427F-BFBD-E713384F4707) (Shutdown)
    iPad 2 (FB036C91-7AF0-4254-AB56-1047BEB4F84D) (Shutdown)
    iPad Retina (75A1CC4A-FF01-4EA0-BDC8-21A10E5E1E15) (Shutdown)
    iPad Air (0CC85AD1-AC46-432F-8849-A39AF560675F) (Shutdown)
    iPad Air 2 (297756F9-C7ED-4F16-8A32-2ACAE6F99F56) (Shutdown)
-- iOS 9.1 --
    iPhone 4s (8C60464F-8069-47B8-A811-954CD8393E08) (Shutdown)
    iPhone 5 (050291A1-DE83-4047-9E36-612C84A0DE05) (Shutdown)
    iPhone 5s (CDACDB41-2E8D-429E-B659-31FE4C356A3F) (Shutdown)
    iPhone 6 (9EDC751B-5DB0-4513-B3DF-F545046B026F) (Shutdown)
    iPhone 6 Plus (DC783708-AD1F-44B8-BD31-E78F137BED09) (Shutdown)
    iPhone 6s (49858B43-B44F-4E89-86B4-F6ABEE65D89A) (Shutdown)
    iPhone 6s Plus (7F11C674-88A6-4AC8-8198-621D164171D0) (Shutdown)
    iPad 2 (14E5D86E-D626-4534-A219-ED678FE4568D) (Shutdown)
    iPad Retina (45C46679-DF77-44F7-8777-57099BF6DDB9) (Shutdown)
    iPad Air (D0D933EB-4C33-4970-9294-62B9FB54107A) (Shutdown)
    iPad Air 2 (4F2C55E6-C77A-47D3-85C3-02EA3EA92BB2) (Shutdown)
    iPad Pro (9C9400C2-31E9-49D7-BB59-1B3C10B6E4EE) (Shutdown)
-- iOS 9.2 --
    iPhone 4s (A17746BA-E41D-4CFA-A770-63C26907056B) (Shutdown)
    iPhone 5 (1EB1795D-4B92-4014-BABA-AA2503932987) (Shutdown)
    iPhone 5s (5D45F0D4-F567-481B-8FFB-C0482CFA0DA5) (Shutdown)
    iPhone 6 (0853B787-EC70-4036-BF15-4EA1D5675B8B) (Shutdown)
    iPhone 6 Plus (2033432F-6F63-4672-884C-7E4E777DD1B1) (Shutdown)
    iPhone 6s (5E1C664C-2476-4BA5-BEA4-E1587AEC54AE) (Shutdown)
    iPhone 6s Plus (A44E0186-BA9B-442D-8989-7E6BA8F017BA) (Shutdown)
    iPad 2 (FA8EF628-B11A-420E-B901-11DF051E2A1C) (Shutdown)
    iPad Retina (939006AC-A37F-4695-83D9-2E896E4F27D1) (Shutdown)
    iPad Air (9488496D-61AA-46AD-8986-BE5F897C8628) (Shutdown)
    iPad Air 2 (A91E025F-49AA-4762-8022-AC2C47A1F804) (Shutdown)
    iPad Pro (1E2968AC-F649-4140-9695-3089BCDF445F) (Shutdown)
-- iOS 9.3 --
    iPhone 4s (5B5D296E-A5B1-4416-AAD2-A7C1308C7962) (Shutdown)
    iPhone 5 (535DAAA3-A933-4A83-974B-9478862CC51B) (Shutdown)
    iPhone 5s (B14E3FC5-DF2B-4C04-BD4F-2D0CABE1AFAD) (Shutdown)
    iPhone 6 (FA69D3B5-007A-40AA-B1E2-184E9ACA6F08) (Shutdown)
    iPhone 6 Plus (85B622C6-2B14-4678-BB68-B6EB9D5AFBF6) (Shutdown)
    iPhone 6s (E03FF582-CC13-4C69-B4DC-BCEE3DB5ACFA) (Shutdown)
    iPhone 6s Plus (D88DDB56-F2AA-4137-9EE1-377A3A826087) (Shutdown)
    iPad 2 (B7F27EA6-6B0A-474F-8C05-355BFB5CD503) (Shutdown)
    iPad Retina (8D63E505-5A78-4C8B-B82A-5282E25A4426) (Shutdown)
    iPad Air (700235E4-D9D1-43BB-9DBB-1D8999A7ADF8) (Shutdown)
    iPad Air 2 (6A4D6458-4D17-425A-BEBC-C4354E57B6C6) (Shutdown)
    iPad Pro (66C05DA2-BA43-4327-84D5-67426B0E86D6) (Shutdown)
-- iOS 10.0 --
    iPhone 5 (D332C743-5603-44C3-A240-DECD1444912F) (Shutdown)
    iPhone 5s (9FCF1116-E4F6-4A14-B5B9-674BE9C219F2) (Shutdown)
    iPhone 6 (E67ED3AE-EC21-47C6-BA9C-908EC5C02ADE) (Shutdown)
    iPhone 6 Plus (5AD5CE14-A8E9-4B43-BF91-89F17DB2BD45) (Shutdown)
    iPhone 6s (FBD778A4-760A-4BF8-BF58-6EC8E92BE6D8) (Shutdown)
    iPhone 6s Plus (CDDF9D39-5489-46A5-BA42-0A522A54F538) (Shutdown)
    iPhone SE (10C5E4C8-A57D-4A38-8D3E-BD9BF00A9EC2) (Shutdown)
    iPad Air (82D82045-6322-4007-A11C-DCA72047AC32) (Shutdown)
    iPad Air 2 (0FE6223B-31FE-409D-A455-327E9BBA8D72) (Shutdown)
    iPad Pro (9.7 inch) (0C7718FA-8E9F-4263-A3EA-045CB4D29DA2) (Shutdown)
    iPad Pro (12.9 inch) (0104D599-696B-42B0-968D-6554D9F5E992) (Shutdown)
-- iOS 10.1 --
    iPhone 5 (5A5953EC-8776-4307-8473-98E64B6B6162) (Shutdown)
    iPhone 5s (BE8D2C57-FA18-42C4-923C-412063AA7036) (Shutdown)
    iPhone 6 (17048901-A613-469D-A643-6BB83D1E8C52) (Shutdown)
    iPhone 6 Plus (53BDF4F6-7622-4C5B-80BF-A7A6D2072CF6) (Shutdown)
    iPhone 6s (76F29089-6C3C-40CA-93CD-6219AC6AA943) (Shutdown)
    iPhone 6s Plus (71DA3133-C9C4-4071-8B96-E90845B67AAC) (Shutdown)
    iPhone 7 (1363F481-7737-4A41-B8B3-BB2476F1A917) (Shutdown)
    iPhone 7 Plus (5F9BCD8E-A766-403A-98B5-72BE8754C657) (Shutdown)
    iPhone SE (2689CD8E-045C-4458-B859-B51110F15644) (Shutdown)
    iPad Air (D9F2CAEF-7FC4-4BB7-88BB-182673A9B7D7) (Shutdown)
    iPad Air 2 (90F98E69-E5CF-42FD-8174-6329679701CF) (Shutdown)
    iPad Pro (9.7 inch) (A5598DA4-BC7C-45E5-B555-CE431B93C019) (Shutdown)
    iPad Pro (12.9 inch) (44DCFF1D-7EC1-4707-B826-57AD0748F7B6) (Shutdown)
-- iOS 10.2 --
    iPhone 5 (3D05549F-BBEB-484D-AD52-4D14E247FE21) (Shutdown)
    iPhone 5s (28773894-0F3B-435E-86E1-25061FE25084) (Shutdown)
    iPhone 6 (223231EC-5756-44F5-B297-F2756B9750A5) (Shutdown)
    iPhone 6 Plus (3086A3D1-3687-4C50-A644-4DD50C9AFE11) (Shutdown)
    iPhone 6s (F60D19B0-AB0A-46F8-BDC5-461AA343F949) (Shutdown)
    iPhone 6s Plus (4D5905F8-6144-4FD5-9690-924E1B9F65AA) (Shutdown)
    iPhone 7 (0968422D-F185-4C4D-A77E-9D1327083EFC) (Shutdown)
    iPhone 7 Plus (4DE329D0-3FFC-4502-B793-8E844465F9D8) (Shutdown)
    iPhone SE (AC29CEDC-456C-488E-8FFF-8ECAE95A0AB8) (Shutdown)
    iPad Air (A87055C1-B75D-4685-AF37-43558A3F8483) (Shutdown)
    iPad Air 2 (AB002E1D-AE5E-43D5-99D3-278CDBEB636E) (Shutdown)
    iPad Pro (9.7 inch) (4DC3B069-D19F-40D3-9E23-641D3544F838) (Shutdown)
    iPad Pro (12.9 inch) (D534DA70-D664-416E-85BF-89D2EF188FC9) (Shutdown)
-- iOS 10.3 --
    iPhone 5 (813642CB-E5B8-415C-83F3-90D562F7A3F2) (Shutdown)
    iPhone 5s (D5A3B8EC-8B60-4907-8EA1-58013C9E017D) (Shutdown)
    iPhone 6 (2B6FCC04-3F18-4D87-84B9-3EB63026FDF4) (Shutdown)
    iPhone 6 Plus (C1387D35-AAA8-483D-A826-ADFE37D8D84C) (Shutdown)
    iPhone 6s (51BA72E0-FDF2-4F32-ADD9-2C3E482AEC3B) (Shutdown)
    iPhone 6s Plus (6D508CF5-8E22-4BF3-ACB4-EAE04C9FDAAE) (Shutdown)
    iPhone 7 (2F9C01D1-DABF-425A-8659-AB9771B82858) (Shutdown)
    iPhone 7 Plus (D555E749-F2D3-4502-BC70-1B7798A72408) (Shutdown)
    iPhone SE (6AA4D25D-35F4-4257-B122-3AB0C5DE8061) (Shutdown)
    iPad Air (2CCBD799-5A8C-4CD4-B727-168E9656AD9C) (Shutdown)
    iPad Air 2 (5169DA30-E715-427A-B9CC-B08D871D133F) (Shutdown)
    iPad (5th generation) (D7DD8E34-7AE5-4E29-A446-7DCD8E97CD9F) (Shutdown)
    iPad Pro (9.7 inch) (E606C38A-DC35-4265-880F-4582CA92DB43) (Shutdown)
    iPad Pro (12.9 inch) (D51A6329-1DF7-4041-BCCE-91802B655D22) (Shutdown)
    iPad Pro (12.9-inch) (2nd generation) (3889233F-EB13-4DE2-9A27-C0107E104266) (Shutdown)
    iPad Pro (10.5-inch) (D456CCAF-4910-48B5-A134-5EBBF3D290FF) (Shutdown)
-- iOS 11.0 --
    iPhone 5s (97F1AEE7-4901-4273-A336-4424EBF1251F) (Shutdown)
    iPhone 6 (B576A0BC-88DD-4533-BC3D-E9A53FFD37E4) (Shutdown)
    iPhone 6 Plus (FEA540AF-4495-4B74-B222-2A337420DB80) (Shutdown)
    iPhone 6s (AFBFB7BF-F68B-4205-98CA-8CB1BAB5B43D) (Shutdown)
    iPhone 6s Plus (8062DBC2-390D-44E7-8B1D-CA8EFBD7C06E) (Shutdown)
    iPhone 7 (2D4E48EB-E800-4541-822E-FF1BBC3498E4) (Shutdown)
    iPhone 7 Plus (690E6363-E3B6-4B18-BE25-3ED864D66554) (Shutdown)
    iPhone 8 (7B35EE56-5EF6-465D-B933-9C6120489C7C) (Shutdown)
    iPhone 8 Plus (55C5BCDB-9F36-414F-BBC6-853FFA7E0C2B) (Shutdown)
    iPhone SE (439012A1-0C76-48A9-A192-CD017C4E65DB) (Shutdown)
    iPhone X (06B761AB-1BD0-4DC1-A413-ACD22CE8D0B2) (Shutdown)
    iPad Air (B18FD88A-0409-4A40-AB8D-0042C42E3227) (Shutdown)
    iPad Air 2 (57F1CD66-69AD-4061-91A5-78FE99725819) (Shutdown)
    iPad (5th generation) (62165219-3761-4AC1-84EA-56A51E0913D1) (Shutdown)
    iPad Pro (9.7-inch) (CB2AECEA-166C-4B8D-ADF7-FF018342C588) (Shutdown)
    iPad Pro (12.9-inch) (3A74DDAF-4D65-4F79-BF29-C40ED8590C70) (Shutdown)
    iPad Pro (12.9-inch) (2nd generation) (75B89A81-6530-4906-AEE2-55BED0A02E0B) (Shutdown)
    iPad Pro (10.5-inch) (9B3F7F3B-1281-42F0-81DF-0A4AAFEF31F9) (Shutdown)
-- iOS 11.1 --
    iPhone 5s (ADC8B73D-DA5F-4D2A-B4CB-0B9852B56370) (Shutdown)
    iPhone 6 (68E5488C-F2F1-422F-81BD-1E6264E6D426) (Shutdown)
    iPhone 6 Plus (D8BD2DEE-46F0-4535-909D-5E253ED5560C) (Shutdown)
    iPhone 6s (96B4E634-E4EA-42A0-B4EA-AD84A402F142) (Shutdown)
    iPhone 6s Plus (5BEC0A4C-E1C2-4E42-BA12-A360ADA2DD43) (Shutdown)
    iPhone 7 (AD63D28A-2342-414B-B593-32E31555AC42) (Shutdown)
    iPhone 7 Plus (EF906E3E-59B7-4735-8892-CA5305CED149) (Shutdown)
    iPhone 8 (29025707-7D45-46D8-A36E-9046B5B5877E) (Shutdown)
    iPhone 8 Plus (3E59929D-C130-4064-BABD-31C7FBEAFE8C) (Shutdown)
    iPhone SE (CC340757-1BA6-461E-AFCE-80BF02EF860A) (Shutdown)
    iPhone X (6F41D272-2971-4DDD-AB2A-33F52474946A) (Shutdown)
    iPad Air (9F0C1005-F175-4DC9-8561-9D5E24282C83) (Shutdown)
    iPad Air 2 (CAB7055F-E62D-4D96-A444-B27F0B9ADD28) (Shutdown)
    iPad (5th generation) (9D0D87BA-4598-4606-B33A-BE637F3158E1) (Shutdown)
    iPad Pro (9.7-inch) (0CE805CB-EF82-4468-8940-4AC05B5EA601) (Shutdown)
    iPad Pro (12.9-inch) (D30227DF-ED4E-434E-926B-BE140583FFE5) (Shutdown)
    iPad Pro (12.9-inch) (2nd generation) (F934441B-CFF9-45EE-ABA7-2244068E4A30) (Shutdown)
    iPad Pro (10.5-inch) (C0A8D53E-D9FE-41AC-AB2F-17DC74967FCD) (Shutdown)
-- iOS 11.2 --
    iPhone 5s (F3480B66-D35D-40B4-8787-229CCC368857) (Shutdown)
    iPhone 6 (F743D4BF-1F92-477C-A751-BBDB0B2FA7AF) (Shutdown)
    iPhone 6 Plus (A7679EBB-8631-4B02-A40B-17B269C525DC) (Shutdown)
    iPhone 6s (8639C0CF-97D1-47C9-AE51-487D32F4232F) (Shutdown)
    iPhone 6s Plus (D2BB308A-C784-405D-BAAD-71A32F5C5412) (Shutdown)
    iPhone 7 (DD4121EC-8F0C-4DC2-A0F0-FB7E79143EF5) (Shutdown)
    iPhone 7 Plus (3BCF2458-F494-46D5-8596-0C90C28589D7) (Shutdown)
    iPhone 8 (F75921E3-981C-4CFF-A286-7826133FB153) (Shutdown)
    iPhone 8 Plus (4039CE05-FAF4-41C3-B6DB-78865C932A18) (Shutdown)
    iPhone SE (7AE8DD3D-3756-4F2B-A220-5A7392474256) (Shutdown)
    iPhone X (5CC68FE3-ED2A-420D-9709-CF779C59A393) (Shutdown)
    iPad Air (3B929ED4-B46C-425D-9C6F-70F872A9B204) (Shutdown)
    iPad Air 2 (A789C4DF-C7A7-4085-ACD3-D673D493EFCC) (Shutdown)
    iPad (5th generation) (CE6370D4-208F-4702-A83F-97F469C8E33D) (Shutdown)
    iPad Pro (9.7-inch) (17887760-7064-4BF6-99CB-094246FE7CC6) (Shutdown)
    iPad Pro (12.9-inch) (ACE215F5-A7D1-42A3-B6FD-7D9018E1CF12) (Shutdown)
    iPad Pro (12.9-inch) (2nd generation) (FD6CF1C3-86FE-4FD9-8936-18AEE72EC6FE) (Shutdown)
    iPad Pro (10.5-inch) (D488B962-D818-44D5-BBA8-EB8D4841CF8C) (Shutdown)
-- iOS 11.3 --
    iPhone 5s (0D564600-7193-4220-BDAC-213568E7A89A) (Shutdown)
    iPhone 6 (3078FA8E-76F5-4FD8-A4AF-9814437600B0) (Shutdown)
    iPhone 6 Plus (448F0ECF-A50B-4525-A711-986787C0319E) (Shutdown)
    iPhone 6s (0F226F1D-C86E-49D6-B08D-5264A1B40FCA) (Shutdown)
    iPhone 6s Plus (D3C25579-175E-4588-A2CC-2A9BECFD7945) (Shutdown)
    iPhone 7 (82D98AAF-9262-43B4-899E-1F6F3723B587) (Shutdown)
    iPhone 7 Plus (F517E227-E60D-43C0-8868-0ECB8ED5F142) (Shutdown)
    iPhone 8 (9369A908-EF15-4988-8B72-918FF0DC5409) (Shutdown)
    iPhone 8 Plus (E8E970CA-6383-4D2F-978D-C07474994773) (Shutdown)
    iPhone SE (A88E396F-E621-4960-9BDF-2C86E5BFB5A6) (Shutdown)
    iPhone X (D3116964-0DF8-4485-AA81-1BF436F76F7E) (Shutdown)
    iPad Air (CB1CD96B-B5E1-4622-8D2B-CBB8E3F01CD4) (Shutdown)
    iPad Air 2 (40B0A901-9145-4FEB-92C6-AAD2AD876C49) (Shutdown)
    iPad (5th generation) (CEAF48C2-D22F-46C4-BD38-DDFA0766C8FA) (Shutdown)
    iPad Pro (9.7-inch) (B89B3E47-6FFA-4C01-8277-71A0667AFDB1) (Shutdown)
    iPad Pro (12.9-inch) (2A651185-A98A-47DF-AA5B-0233FD19FF88) (Shutdown)
    iPad Pro (12.9-inch) (2nd generation) (5958E805-3BBE-446E-B66D-303772DEF807) (Shutdown)
    iPad Pro (10.5-inch) (8D18FD1A-F08E-49DD-A8C8-831898743B7E) (Shutdown)
-- tvOS 9.0 --
    Apple TV 1080p (C4E7CBAF-3E02-4629-9D65-C6464C9E7CB5) (Shutdown)
-- tvOS 9.1 --
    Apple TV 1080p (2F7BF2DC-DB91-4A63-BBCF-F9C8A211EFD4) (Shutdown)
-- tvOS 9.2 --
    Apple TV 1080p (1525852B-4103-4A55-9037-599EB2C34A7C) (Shutdown)
-- tvOS 10.0 --
    Apple TV 1080p (BB19C36A-393D-4867-B788-3B9BDB23D1FB) (Shutdown)
-- tvOS 10.1 --
    Apple TV 1080p (A742F7DC-04DE-4EA7-BE5B-32601CE7408A) (Shutdown)
-- tvOS 10.2 --
    Apple TV 1080p (0D9E652C-9A6C-40D1-802B-0CAA84931501) (Shutdown)
-- tvOS 11.0 --
    Apple TV (F8605B58-4965-4F09-87F9-6B320EA0942E) (Shutdown)
    Apple TV 4K (17B0A4EF-585D-4DAB-AC26-3E9B00AD26C6) (Shutdown)
    Apple TV 4K (at 1080p) (4691EBB4-7219-4B49-A7AA-638D376274FE) (Shutdown)
-- tvOS 11.1 --
    Apple TV (5F2A8829-ED48-4E3C-9650-B142EA706E46) (Shutdown)
    Apple TV 4K (34AFDC95-F00C-47A4-9BEB-3F402662ECED) (Shutdown)
    Apple TV 4K (at 1080p) (FAE18E3D-7AFD-416E-BE2B-BCB8AED78264) (Shutdown)
-- tvOS 11.2 --
    Apple TV (4D10C2A4-B953-454E-BCF8-F9D3E2B623DC) (Shutdown)
    Apple TV 4K (CDC919B9-7B27-49B1-ADA9-A5372905F805) (Shutdown)
    Apple TV 4K (at 1080p) (E87CB454-DF41-45B2-8A2C-0C20D4C0175E) (Shutdown)
-- tvOS 11.3 --
    Apple TV (C90A8C92-7179-42F9-807D-34C86A806BDC) (Shutdown)
    Apple TV 4K (E1A65EA3-15C9-42B0-A358-6BD61D2BBB1C) (Shutdown)
    Apple TV 4K (at 1080p) (6C71850A-B88D-404F-9C32-3255689C5180) (Shutdown)
-- watchOS 2.0 --
    Apple Watch - 38mm (720A1B6C-7620-4580-BA1D-08F95A1A1F4C) (Shutdown)
    Apple Watch - 42mm (F79E3BE0-92E9-4BBB-8BC2-4280B2E1FAB3) (Shutdown)
-- watchOS 2.1 --
    Apple Watch - 38mm (2B53E538-4314-41D3-8967-AE5CF8368A8A) (Shutdown)
    Apple Watch - 42mm (665E042B-0CA9-41D0-ABAD-A39752EE751C) (Shutdown)
-- watchOS 2.2 --
    Apple Watch - 38mm (AF30C204-5CB5-458B-AC2A-999CA4D1BA45) (Shutdown)
    Apple Watch - 42mm (825B7526-9FB2-497C-A297-0266E10FAE83) (Shutdown)
-- watchOS 3.1 --
    Apple Watch - 38mm (558FF863-B5D1-4A15-8849-822C8189E5A5) (Shutdown)
    Apple Watch - 42mm (698A61ED-B35E-41B8-8D12-D4068E7BC804) (Shutdown)
    Apple Watch Series 2 - 38mm (F58E503F-8587-4085-B469-9C0BD3A6F091) (Shutdown)
    Apple Watch Series 2 - 42mm (BC910364-33DF-4295-A15E-544B3E126801) (Shutdown)
-- watchOS 3.2 --
    Apple Watch - 38mm (B3F95641-B94A-4CFE-957E-C60B0CE78C04) (Shutdown)
    Apple Watch - 42mm (D4DE7EB9-EEA1-4566-8B04-13B07E093C7D) (Shutdown)
    Apple Watch Series 2 - 38mm (D41E1051-DBF9-49B6-A497-58219B387D00) (Shutdown)
    Apple Watch Series 2 - 42mm (778B564D-897C-4C0C-96BE-93D12A3C0BCF) (Shutdown)
-- watchOS 4.0 --
    Apple Watch - 38mm (EA2FF917-F4B5-434D-82A6-76FA0CB33D59) (Shutdown)
    Apple Watch - 42mm (420EC3B4-AEA4-4DA2-867E-44AB1826E1B9) (Shutdown)
    Apple Watch Series 2 - 38mm (E0650248-1E9F-4B90-87FF-FCFAC4FF2E6B) (Shutdown)
    Apple Watch Series 2 - 42mm (C754C268-C333-450B-9118-AF3334F6DCC7) (Shutdown)
    Apple Watch Series 3 - 38mm (20A865C2-83E5-4682-9C8E-C01A67CAC8A7) (Shutdown)
    Apple Watch Series 3 - 42mm (60E85ED9-F8D0-436F-9ED3-C0A1F04A49D3) (Shutdown)
-- watchOS 4.1 --
    Apple Watch - 38mm (7132EB44-2C22-4A2B-B9FF-E9BFDD429EB9) (Shutdown)
    Apple Watch - 42mm (837917A9-A7D3-488C-92F5-6BA0BF5A0077) (Shutdown)
    Apple Watch Series 2 - 38mm (AD108A0E-FA98-45A6-B00A-3A4368B0E188) (Shutdown)
    Apple Watch Series 2 - 42mm (71C75E9A-99B7-4CC7-92BB-E34BA0307E24) (Shutdown)
    Apple Watch Series 3 - 38mm (2C98E27A-36A0-4F97-A6D7-5121AD256340) (Shutdown)
    Apple Watch Series 3 - 42mm (D7511C16-7293-4435-845C-C82B0B88144A) (Shutdown)
-- watchOS 4.2 --
    Apple Watch - 38mm (8AF1304F-AA70-4F22-A8BA-A28AEA6B6926) (Shutdown)
    Apple Watch - 42mm (D59CB730-183F-4743-AAFD-117ABFA14CAE) (Shutdown)
    Apple Watch Series 2 - 38mm (1A0AC06B-016E-4F5C-8956-D5D56B0AFFF1) (Shutdown)
    Apple Watch Series 2 - 42mm (22868888-3585-43E9-A8F3-AEED49A3134E) (Shutdown)
    Apple Watch Series 3 - 38mm (09163162-4D6F-4293-B4B2-9F3DC2A1E2DB) (Shutdown)
    Apple Watch Series 3 - 42mm (3A04F90E-8513-4393-822F-4CE9E1406503) (Shutdown)
-- watchOS 4.3 --
    Apple Watch - 38mm (0AB91DC5-B5CF-4082-985E-134CEA2F395E) (Shutdown)
    Apple Watch - 42mm (DF3C1C80-464E-44F5-8013-6996D00ED65D) (Shutdown)
    Apple Watch Series 2 - 38mm (C3A6DA4A-5A6C-422C-A191-F1E49868E6F8) (Shutdown)
    Apple Watch Series 2 - 42mm (C33F4E7E-4ED4-4910-A7E1-D69E7CA63616) (Shutdown)
    Apple Watch Series 3 - 38mm (7BAA6F83-6107-49B0-B527-7AEC23FFAFDE) (Shutdown)
    Apple Watch Series 3 - 42mm (0192C6F2-AA62-4219-90C9-607E54F17743) (Shutdown)
== Device Pairs ==
BF42D7F7-4A21-4B01-868E-812259A4BBEF (active, disconnected)
    Watch: Apple Watch Series 2 - 38mm (C3A6DA4A-5A6C-422C-A191-F1E49868E6F8) (Shutdown)
    Phone: iPhone 7 (82D98AAF-9262-43B4-899E-1F6F3723B587) (Shutdown)
CE489098-7DDF-4DEA-A0EF-439D69C9938B (active, disconnected)
    Watch: Apple Watch Series 2 - 42mm (C33F4E7E-4ED4-4910-A7E1-D69E7CA63616) (Shutdown)
    Phone: iPhone 7 Plus (F517E227-E60D-43C0-8868-0ECB8ED5F142) (Shutdown)
D688CE90-B7AD-47DE-9E7B-21485204CD66 (active, disconnected)
    Watch: Apple Watch Series 3 - 38mm (7BAA6F83-6107-49B0-B527-7AEC23FFAFDE) (Shutdown)
    Phone: iPhone 8 (9369A908-EF15-4988-8B72-918FF0DC5409) (Shutdown)
9A9E1FD9-3CBD-4511-B34F-5C7B89BE1BEE (active, disconnected)
    Watch: Apple Watch Series 3 - 42mm (0192C6F2-AA62-4219-90C9-607E54F17743) (Shutdown)
    Phone: iPhone 8 Plus (E8E970CA-6383-4D2F-978D-C07474994773) (Shutdown)

========================================


=== OS X info =========================

* sw_vers
ProductName:	Mac OS X
ProductVersion:	10.13.3
BuildVersion:	17D47

* system_profiler SPSoftwareDataType
Software:

    System Software Overview:

      System Version: macOS 10.13.3 (17D47)
      Kernel Version: Darwin 17.4.0
      Boot Volume: Macintosh HD
      Boot Mode: Normal
      Computer Name: xstagebhostondemandinternalteststandard2.local
      User Name: vagrant (vagrant)
      Secure Virtual Memory: Enabled
      System Integrity Protection: Disabled
      Time since boot: 2 minutes


========================================


=== System infos =======================
* Free disk space: /dev/disk0s2  199Gi  114Gi   85Gi    58% 3385319 4291581960    0%   /
========================================


=== Environment infos =======================
MATCH_KEYCHAIN_PASSWORD environment set
========================================


=== Control tests ======================
source $HOME/.bash_profile ...
source $HOME/.bash_profile - PASSED
========================================

