 (i) Ignore Errors: enabled

#
# This System Report was generated by: https://github.com/bitrise-io/osx-box-bootstrap/blob/master/system_report.sh
#  Pull Requests are welcome!
#


=== Revision / ID ======================
* BITRISE_OSX_STACK_REV_ID: v2021_06_09
========================================


=== Pre-installed tool versions ========
* Go: go version go1.15.12 darwin/amd64
* Python: Python 2.7.16
* Node.js: v12.22.1
* NPM: 6.14.12
* Yarn: 1.22.10
* Java: openjdk version "1.8.0_292"
OpenJDK Runtime Environment (AdoptOpenJDK)(build 1.8.0_292-b10)
OpenJDK 64-Bit Server VM (AdoptOpenJDK)(build 25.292-b10, mixed mode)
* Flutter: Flutter 1.26.0-17.8.pre • channel unknown • unknown source
* fvm: 2.0.5

* git: git version 2.31.1
* git lfs: git-lfs/2.13.3 (GitHub; darwin amd64; go 1.16.2)
* mercurial/hg: Mercurial Distributed SCM (version 5.8)
* curl: curl 7.64.1 (x86_64-apple-darwin19.0) libcurl/7.64.1 (SecureTransport) LibreSSL/2.8.3 zlib/1.2.11 nghttp2/1.39.2
* wget: GNU Wget 1.21.1 built on darwin19.6.0.
* rsync: rsync  version 2.6.9  protocol version 29
* unzip: UnZip 6.00 of 20 April 2009, by Info-ZIP.  Maintained by C. Spieler.  Send
* zip: This is Zip 3.0 (July 5th 2008), by Info-ZIP.
* tar: bsdtar 3.3.2 - libarchive 3.3.2 zlib/1.2.11 liblzma/5.0.5 bz2lib/1.0.6
* tree: tree v1.8.0 (c) 1996 - 2018 by Steve Baker, Thomas Moore, Francesc Rocher, Florian Sesser, Kyosuke Tokoro 

* brew: Homebrew 3.1.11
Homebrew/homebrew-core (git revision a5077bea81; last commit 2021-05-28)
Homebrew/homebrew-cask (git revision c9e6109c14; last commit 2021-05-28)
* Ansible: ansible [core 2.11.0] 
  config file = /Users/vagrant/git/ansible.cfg
  configured module search path = ['/Users/vagrant/.ansible/plugins/modules', '/usr/share/ansible/plugins/modules']
  ansible python module location = /usr/local/Cellar/ansible/4.0.0/libexec/lib/python3.9/site-packages/ansible
  ansible collection location = /Users/vagrant/.ansible/collections:/usr/share/ansible/collections
  executable location = /usr/local/bin/ansible
* gtimeout: timeout (GNU coreutils) 8.32
* watchman: 4.9.0
* flow: Flow, a static type checker for JavaScript, version 0.152.0
* carthage: 0.38.0
* imagemagick (convert): Version: ImageMagick 7.0.11-13 Q16 x86_64 2021-05-17 https://imagemagick.org
* ghostscript (ps2ascii): 9.54.0
* screen: Screen version 4.08.00 (GNU) 05-Feb-20
* firebase: 9.12.1
* applesimutils version 0.9.2
* jq: 1.6
* Version: 0.8.1
* XCLogParser 0.2.21
* Screen 4.08.00
* applesimutils 0.9.2
* OpenConnect version v8.10
* aws-cli: aws-cli/2.2.7 Python/3.9.5 Darwin/19.6.0 source/x86_64 prompt/off
* cmake: 3.20.3
* danger-swift: 3.10.1
[0;0m

--- Bitrise CLI tool versions
* bitrise: 1.46.0
* stepman: 0.13.1
* envman: 2.3.1
* cmd-bridge: 0.9.5
========================================


=== Brew list versions ==================
ansible 4.0.0
ant 1.10.10
aom 3.1.0
applesimutils 0.9.2
autoconf 2.71
awscli 2.2.7
bdw-gc 8.0.4_2
brotli 1.0.9
c-ares 1.17.1
carthage 0.38.0
cmake 3.20.3
coreutils 8.32
danger-js 10.6.4
danger-swift 3.10.1
dart 2.13.1 2.13.3
docbook 5.1_1
docbook-xsl 1.79.2_1
flow 0.152.0
fontconfig 2.13.1
freetype 2.10.4
fvm 2.0.5
gdbm 1.19
gettext 0.21
ghostscript 9.54.0
git 2.31.1
git-lfs 2.13.3
glib 2.68.2
gmp 6.2.1
gnu-getopt 2.36.2
gnutls 3.6.16
go@1.15 1.15.12
gradle 7.0.2_2
guile 3.0.7
icu4c 69.1
imagemagick 7.0.11-13_2
imath 3.0.3
jbig2dec 0.19
jemalloc 5.2.1_1
jenv 0.5.4
jpeg 9d
jq 1.6
libde265 1.0.8
libev 4.33
libevent 2.1.12
libffi 3.3_3
libheif 1.12.0
libidn 1.37
libidn2 2.3.1
liblqr 0.4.2_1
libomp 12.0.0
libpng 1.6.37
libtasn1 4.17.0
libtiff 4.3.0
libtool 2.4.6_3
libunistring 0.9.10
libuv 1.41.0
libyaml 0.2.5
little-cms2 2.12
m4 1.4.18
maven 3.8.1
mercurial 5.8
mpdecimal 2.5.1
nettle 3.7.2
nghttp2 1.43.0
node 16.2.0
node@12 12.22.1_1
oniguruma 6.9.7.1
openconnect 8.10
openexr 3.0.3
openjdk 15.0.2
openjpeg 2.4.0
openssl@1.1 1.1.1k
p11-kit 0.23.22
pcre 8.44
pcre2 10.37
pkg-config 0.29.2_3
python@3.9 3.9.5
rbenv 1.1.2
readline 8.1
ruby-build 20210526
screen 4.8.0
shared-mime-info 2.1
sqlite 3.35.5
stoken 0.92_1
tree 1.8.0
unbound 1.13.1
watchman 4.9.0_5
webp 1.2.0
wget 1.21.1
x265 3.5
xmlto 0.0.28
xz 5.2.5
yarn 1.22.10
========================================


=== Brew deps tree ==================
adoptopenjdk/openjdk/adoptopenjdk11

adoptopenjdk/openjdk/adoptopenjdk8

ansible
├── libyaml
├── openssl@1.1
└── python@3.9
    ├── gdbm
    ├── mpdecimal
    ├── openssl@1.1
    ├── readline
    ├── sqlite
    │   └── readline
    └── xz

ant
└── openjdk

aom

wix/brew/applesimutils

autoconf
└── m4

awscli
└── python@3.9
    ├── gdbm
    ├── mpdecimal
    ├── openssl@1.1
    ├── readline
    ├── sqlite
    │   └── readline
    └── xz

bdw-gc

brotli

c-ares

carthage

cmake

coreutils

danger/tap/danger-js

danger/tap/danger-swift
└── danger/tap/danger-js

dart-lang/dart/dart

docbook

docbook-xsl
└── docbook

flow

fontconfig
└── freetype
    └── libpng

freetype
└── libpng

leoafarias/fvm/fvm

gdbm

gettext

ghostscript
├── fontconfig
│   └── freetype
│       └── libpng
├── freetype
│   └── libpng
├── jbig2dec
├── jpeg
├── libidn
├── libpng
├── libtiff
│   └── jpeg
├── little-cms2
│   ├── jpeg
│   └── libtiff
│       └── jpeg
└── openjpeg
    ├── libpng
    ├── libtiff
    │   └── jpeg
    └── little-cms2
        ├── jpeg
        └── libtiff
            └── jpeg

git
├── gettext
└── pcre2

git-lfs

glib
├── gettext
├── libffi
├── pcre
└── python@3.9
    ├── gdbm
    ├── mpdecimal
    ├── openssl@1.1
    ├── readline
    ├── sqlite
    │   └── readline
    └── xz

gmp

gnu-getopt

gnutls
├── gmp
├── guile
│   ├── bdw-gc
│   ├── gmp
│   ├── libffi
│   ├── libtool
│   │   └── m4
│   ├── libunistring
│   ├── pkg-config
│   └── readline
├── libidn2
│   ├── gettext
│   └── libunistring
├── libtasn1
├── libunistring
├── nettle
│   └── gmp
├── p11-kit
│   └── libffi
└── unbound
    ├── libevent
    │   └── openssl@1.1
    ├── nghttp2
    │   ├── c-ares
    │   ├── jemalloc
    │   ├── libev
    │   └── openssl@1.1
    └── openssl@1.1

go@1.15

gradle
└── openjdk

guile
├── bdw-gc
├── gmp
├── libffi
├── libtool
│   └── m4
├── libunistring
├── pkg-config
└── readline

icu4c

imagemagick
├── freetype
│   └── libpng
├── ghostscript
│   ├── fontconfig
│   │   └── freetype
│   │       └── libpng
│   ├── freetype
│   │   └── libpng
│   ├── jbig2dec
│   ├── jpeg
│   ├── libidn
│   ├── libpng
│   ├── libtiff
│   │   └── jpeg
│   ├── little-cms2
│   │   ├── jpeg
│   │   └── libtiff
│   │       └── jpeg
│   └── openjpeg
│       ├── libpng
│       ├── libtiff
│       │   └── jpeg
│       └── little-cms2
│           ├── jpeg
│           └── libtiff
│               └── jpeg
├── jpeg
├── libheif
│   ├── aom
│   ├── jpeg
│   ├── libde265
│   ├── libpng
│   ├── shared-mime-info
│   │   ├── gettext
│   │   ├── glib
│   │   │   ├── gettext
│   │   │   ├── libffi
│   │   │   ├── pcre
│   │   │   └── python@3.9
│   │   │       ├── gdbm
│   │   │       ├── mpdecimal
│   │   │       ├── openssl@1.1
│   │   │       ├── readline
│   │   │       ├── sqlite
│   │   │       │   └── readline
│   │   │       └── xz
│   │   └── xmlto
│   │       ├── docbook
│   │       ├── docbook-xsl
│   │       │   └── docbook
│   │       └── gnu-getopt
│   └── x265
├── liblqr
│   └── glib
│       ├── gettext
│       ├── libffi
│       ├── pcre
│       └── python@3.9
│           ├── gdbm
│           ├── mpdecimal
│           ├── openssl@1.1
│           ├── readline
│           ├── sqlite
│           │   └── readline
│           └── xz
├── libomp
├── libpng
├── libtiff
│   └── jpeg
├── libtool
│   └── m4
├── little-cms2
│   ├── jpeg
│   └── libtiff
│       └── jpeg
├── openexr
│   └── imath
├── openjpeg
│   ├── libpng
│   ├── libtiff
│   │   └── jpeg
│   └── little-cms2
│       ├── jpeg
│       └── libtiff
│           └── jpeg
├── webp
│   ├── jpeg
│   ├── libpng
│   └── libtiff
│       └── jpeg
└── xz

imath

jbig2dec

jemalloc

jenv

jpeg

jq
└── oniguruma

libde265

libev

libevent
└── openssl@1.1

libffi

libheif
├── aom
├── jpeg
├── libde265
├── libpng
├── shared-mime-info
│   ├── gettext
│   ├── glib
│   │   ├── gettext
│   │   ├── libffi
│   │   ├── pcre
│   │   └── python@3.9
│   │       ├── gdbm
│   │       ├── mpdecimal
│   │       ├── openssl@1.1
│   │       ├── readline
│   │       ├── sqlite
│   │       │   └── readline
│   │       └── xz
│   └── xmlto
│       ├── docbook
│       ├── docbook-xsl
│       │   └── docbook
│       └── gnu-getopt
└── x265

libidn

libidn2
├── gettext
└── libunistring

liblqr
└── glib
    ├── gettext
    ├── libffi
    ├── pcre
    └── python@3.9
        ├── gdbm
        ├── mpdecimal
        ├── openssl@1.1
        ├── readline
        ├── sqlite
        │   └── readline
        └── xz

libomp

libpng

libtasn1

libtiff
└── jpeg

libtool
└── m4

libunistring

libuv

libyaml

little-cms2
├── jpeg
└── libtiff
    └── jpeg

m4

maven
└── openjdk

mercurial
└── python@3.9
    ├── gdbm
    ├── mpdecimal
    ├── openssl@1.1
    ├── readline
    ├── sqlite
    │   └── readline
    └── xz

mpdecimal

nettle
└── gmp

nghttp2
├── c-ares
├── jemalloc
├── libev
└── openssl@1.1

node
├── brotli
├── c-ares
├── icu4c
├── libuv
├── nghttp2
│   ├── c-ares
│   ├── jemalloc
│   ├── libev
│   └── openssl@1.1
└── openssl@1.1

node@12
└── icu4c

oniguruma

openconnect
├── gettext
├── gnutls
│   ├── gmp
│   ├── guile
│   │   ├── bdw-gc
│   │   ├── gmp
│   │   ├── libffi
│   │   ├── libtool
│   │   │   └── m4
│   │   ├── libunistring
│   │   ├── pkg-config
│   │   └── readline
│   ├── libidn2
│   │   ├── gettext
│   │   └── libunistring
│   ├── libtasn1
│   ├── libunistring
│   ├── nettle
│   │   └── gmp
│   ├── p11-kit
│   │   └── libffi
│   └── unbound
│       ├── libevent
│       │   └── openssl@1.1
│       ├── nghttp2
│       │   ├── c-ares
│       │   ├── jemalloc
│       │   ├── libev
│       │   └── openssl@1.1
│       └── openssl@1.1
└── stoken
    └── nettle
        └── gmp

openexr
└── imath

openjdk

openjpeg
├── libpng
├── libtiff
│   └── jpeg
└── little-cms2
    ├── jpeg
    └── libtiff
        └── jpeg

openssl@1.1

p11-kit
└── libffi

pcre

pcre2

pkg-config

python@3.9
├── gdbm
├── mpdecimal
├── openssl@1.1
├── readline
├── sqlite
│   └── readline
└── xz

rbenv
└── ruby-build
    ├── autoconf
    │   └── m4
    ├── pkg-config
    └── readline

readline

ruby-build
├── autoconf
│   └── m4
├── pkg-config
└── readline

screen

shared-mime-info
├── gettext
├── glib
│   ├── gettext
│   ├── libffi
│   ├── pcre
│   └── python@3.9
│       ├── gdbm
│       ├── mpdecimal
│       ├── openssl@1.1
│       ├── readline
│       ├── sqlite
│       │   └── readline
│       └── xz
└── xmlto
    ├── docbook
    ├── docbook-xsl
    │   └── docbook
    └── gnu-getopt

sqlite
└── readline

stoken
└── nettle
    └── gmp

tree

unbound
├── libevent
│   └── openssl@1.1
├── nghttp2
│   ├── c-ares
│   ├── jemalloc
│   ├── libev
│   └── openssl@1.1
└── openssl@1.1

watchman
├── openssl@1.1
├── pcre
└── python@3.9
    ├── gdbm
    ├── mpdecimal
    ├── openssl@1.1
    ├── readline
    ├── sqlite
    │   └── readline
    └── xz

webp
├── jpeg
├── libpng
└── libtiff
    └── jpeg

wget
├── libidn2
│   ├── gettext
│   └── libunistring
└── openssl@1.1

x265

xmlto
├── docbook
├── docbook-xsl
│   └── docbook
└── gnu-getopt

xz

yarn
└── node
    ├── brotli
    ├── c-ares
    ├── icu4c
    ├── libuv
    ├── nghttp2
    │   ├── c-ares
    │   ├── jemalloc
    │   ├── libev
    │   └── openssl@1.1
    └── openssl@1.1

========================================


=== Ruby and rubygems ==================
* Ruby (default): ruby 2.6.5p114 (2019-10-01 revision 67812) [x86_64-darwin19]
--- Available ruby versions ---
  system
  2.4.5
  2.5.3
* 2.6.5 (set by /Users/vagrant/.rbenv/version)
  2.7.2
  3.0.0
-------------------------------
* rbenv: 1.1.2
* Rubygems: 3.0.3
* Bundler: Bundler version 2.1.4
* CocoaPods: 1.10.1
* xcpretty: 0.3.0
========================================


=== All Ruby GEMs ======================
activesupport (5.2.6)
addressable (2.7.0)
algoliasearch (1.27.5)
artifactory (3.0.15)
atomos (0.1.3)
aws-eventstream (1.1.1)
aws-partitions (1.443.0)
aws-sdk-core (3.113.1)
aws-sdk-kms (1.43.0)
aws-sdk-s3 (1.93.0)
aws-sigv4 (1.2.3)
babosa (1.0.4)
bigdecimal (default: 1.4.1)
bundler (2.1.4, default: 1.17.2)
CFPropertyList (3.0.3)
claide (1.0.3)
clamp (1.3.2)
cmath (default: 1.0.0)
cocoapods (1.10.1)
cocoapods-core (1.10.1)
cocoapods-deintegrate (1.0.4)
cocoapods-downloader (1.4.0)
cocoapods-plugins (1.0.0)
cocoapods-search (1.0.0)
cocoapods-trunk (1.5.0)
cocoapods-try (1.2.0)
colored (1.2)
colored2 (3.1.2)
commander-fastlane (4.4.6)
concurrent-ruby (1.1.9)
csv (default: 3.0.9)
date (default: 2.0.0)
dbm (default: 1.0.0)
declarative (0.0.20)
did_you_mean (1.3.0)
digest-crc (0.6.3)
domain_name (0.5.20190701)
dotenv (2.7.6)
e2mmap (default: 0.1.0)
emoji_regex (3.2.2)
escape (0.0.4)
etc (default: 1.0.1)
ethon (0.14.0)
excon (0.79.0)
faraday (1.3.0)
faraday-cookie_jar (0.0.7)
faraday-net_http (1.0.1)
faraday_middleware (1.0.0)
fastimage (2.2.3)
fastlane (2.180.1, 2.166.0)
fcntl (default: 1.0.0)
ffi (1.15.1)
fiddle (default: 1.0.0)
fileutils (default: 1.1.0)
forwardable (default: 1.2.0)
fourflusher (2.3.1)
fuzzy_match (2.0.4)
gh_inspector (1.1.3)
google-api-client (0.38.0)
google-apis-core (0.3.0)
google-apis-iamcredentials_v1 (0.3.0)
google-apis-storage_v1 (0.3.0)
google-cloud-core (1.6.0)
google-cloud-env (1.5.0)
google-cloud-errors (1.1.0)
google-cloud-storage (1.31.0)
googleauth (0.16.1)
highline (1.7.10)
http-cookie (1.0.3)
httpclient (2.8.3)
i18n (1.8.10)
io-console (default: 0.4.7)
ipaddr (default: 1.2.2)
irb (default: 1.0.0)
jazzy (0.13.6)
jmespath (1.4.0)
json (default: 2.1.0)
jwt (2.2.2)
liferaft (0.0.6)
logger (default: 1.3.0)
matrix (default: 0.1.0)
memoist (0.16.2)
mini_magick (4.11.0)
mini_mime (1.1.0)
minitest (5.11.3)
molinillo (0.6.6)
multi_json (1.15.0)
multipart-post (2.0.0)
mustache (1.1.1)
mutex_m (default: 0.1.0)
nanaimo (0.3.0)
nap (1.1.0)
naturally (2.2.1)
net-telnet (0.2.0)
netrc (0.11.0)
nokogiri (1.11.7 x86_64-darwin)
open4 (1.3.4)
openssl (default: 2.1.2)
os (1.1.1)
ostruct (default: 0.1.0)
plist (3.6.0)
power_assert (1.1.3)
prime (default: 0.1.0)
psych (default: 3.1.0)
public_suffix (4.0.6)
racc (1.5.2)
rake (12.3.2)
rdoc (default: 6.1.2)
redcarpet (3.5.1)
representable (3.1.0)
retriable (3.1.2)
rexml (default: 3.1.9)
rouge (2.0.7)
rss (default: 0.2.7)
ruby-macho (1.4.0)
ruby2_keywords (0.0.4)
rubyzip (2.3.0)
sassc (2.4.0)
scanf (default: 1.0.0)
sdbm (default: 1.0.0)
security (0.1.3)
shell (default: 0.7)
signet (0.15.0)
simctl (1.6.8)
slack-notifier (2.3.2)
slather (2.5.0)
sqlite3 (1.4.2)
stringio (default: 0.0.2)
strscan (default: 1.0.0)
sync (default: 0.5.0)
terminal-notifier (2.0.0)
terminal-table (1.8.0)
test-unit (3.2.9)
thread_safe (0.3.6)
thwait (default: 0.1.0)
tracer (default: 0.1.0)
trailblazer-option (0.1.0)
trainer (0.9.1)
tty-cursor (0.7.1)
tty-screen (0.8.1)
tty-spinner (0.9.3)
typhoeus (1.4.0)
tzinfo (1.2.9)
uber (0.1.0)
unf (0.1.4)
unf_ext (0.0.7.7)
unicode-display_width (1.7.0)
webrick (default: 1.4.2)
word_wrap (1.0.0)
xcinvoke (0.3.0)
xcode-install (2.6.8)
xcodeproj (1.19.0)
xcov (1.7.5)
xcpretty (0.3.0)
xcpretty-json-formatter (0.1.1)
xcpretty-travis-formatter (1.0.1)
xcresult (0.2.1)
xmlrpc (0.3.0)
zlib (default: 1.0.0)
========================================


=== NPM global packages ==========================
* Cordova: 9.0.0 (cordova-lib@9.0.1)
* Ionic: 6.11.12
* Appcenter-CLI version: 2.7.3
========================================


=== Checking Xcode CLT dirs ============

 * ls -1 /Library/Developer/CommandLineTools/SDKs/MacOSX10.15.sdk/usr/include/CommonCrypto
CommonCrypto.h
CommonCryptoError.h
CommonCryptor.h
CommonDigest.h
CommonHMAC.h
CommonKeyDerivation.h
CommonRandom.h
CommonSymmetricKeywrap.h
module.modulemap

 * ls -1 /Library/Developer/CommandLineTools/
Library
SDKs
usr

 * /Library/Developer/CommandLineTools/usr/bin/swift --version
Apple Swift version 5.3.2 (swiftlang-1200.0.45 clang-1200.0.32.28)
Target: x86_64-apple-darwin19.6.0

========================================


=== Xcode ==============================

* Active Xcode Command Line Tools:
/Applications/Xcode-12.2.app/Contents/Developer

* Xcode Version:
Xcode 12.2
Build version 12B45b

* /usr/bin/swift --version
Apple Swift version 5.3.1 (swiftlang-1200.0.41 clang-1200.0.32.8)
Target: x86_64-apple-darwin19.6.0

* Installed SDKs:
iOS SDKs:
	iOS 14.2                      	-sdk iphoneos14.2

iOS Simulator SDKs:
	Simulator - iOS 14.2          	-sdk iphonesimulator14.2

macOS SDKs:
	DriverKit 20.0                	-sdk driverkit.macosx20.0
	macOS 11.0                    	-sdk macosx11.0

tvOS SDKs:
	tvOS 14.2                     	-sdk appletvos14.2

tvOS Simulator SDKs:
	Simulator - tvOS 14.2         	-sdk appletvsimulator14.2

watchOS SDKs:
	watchOS 7.1                   	-sdk watchos7.1

watchOS Simulator SDKs:
	Simulator - watchOS 7.1       	-sdk watchsimulator7.1


* Available Simulators:
== Device Types ==
iPhone 4s (com.apple.CoreSimulator.SimDeviceType.iPhone-4s)
iPhone 5 (com.apple.CoreSimulator.SimDeviceType.iPhone-5)
iPhone 5s (com.apple.CoreSimulator.SimDeviceType.iPhone-5s)
iPhone 6 Plus (com.apple.CoreSimulator.SimDeviceType.iPhone-6-Plus)
iPhone 6 (com.apple.CoreSimulator.SimDeviceType.iPhone-6)
iPhone 6s (com.apple.CoreSimulator.SimDeviceType.iPhone-6s)
iPhone 6s Plus (com.apple.CoreSimulator.SimDeviceType.iPhone-6s-Plus)
iPhone SE (1st generation) (com.apple.CoreSimulator.SimDeviceType.iPhone-SE)
iPhone 7 (com.apple.CoreSimulator.SimDeviceType.iPhone-7)
iPhone 7 Plus (com.apple.CoreSimulator.SimDeviceType.iPhone-7-Plus)
iPhone 8 (com.apple.CoreSimulator.SimDeviceType.iPhone-8)
iPhone 8 Plus (com.apple.CoreSimulator.SimDeviceType.iPhone-8-Plus)
iPhone X (com.apple.CoreSimulator.SimDeviceType.iPhone-X)
iPhone Xs (com.apple.CoreSimulator.SimDeviceType.iPhone-XS)
iPhone Xs Max (com.apple.CoreSimulator.SimDeviceType.iPhone-XS-Max)
iPhone Xʀ (com.apple.CoreSimulator.SimDeviceType.iPhone-XR)
iPhone 11 (com.apple.CoreSimulator.SimDeviceType.iPhone-11)
iPhone 11 Pro (com.apple.CoreSimulator.SimDeviceType.iPhone-11-Pro)
iPhone 11 Pro Max (com.apple.CoreSimulator.SimDeviceType.iPhone-11-Pro-Max)
iPhone SE (2nd generation) (com.apple.CoreSimulator.SimDeviceType.iPhone-SE--2nd-generation-)
iPhone 12 mini (com.apple.CoreSimulator.SimDeviceType.iPhone-12-mini)
iPhone 12 (com.apple.CoreSimulator.SimDeviceType.iPhone-12)
iPhone 12 Pro (com.apple.CoreSimulator.SimDeviceType.iPhone-12-Pro)
iPhone 12 Pro Max (com.apple.CoreSimulator.SimDeviceType.iPhone-12-Pro-Max)
iPod touch (7th generation) (com.apple.CoreSimulator.SimDeviceType.iPod-touch--7th-generation-)
iPad 2 (com.apple.CoreSimulator.SimDeviceType.iPad-2)
iPad Retina (com.apple.CoreSimulator.SimDeviceType.iPad-Retina)
iPad Air (com.apple.CoreSimulator.SimDeviceType.iPad-Air)
iPad mini 2 (com.apple.CoreSimulator.SimDeviceType.iPad-mini-2)
iPad mini 3 (com.apple.CoreSimulator.SimDeviceType.iPad-mini-3)
iPad mini 4 (com.apple.CoreSimulator.SimDeviceType.iPad-mini-4)
iPad Air 2 (com.apple.CoreSimulator.SimDeviceType.iPad-Air-2)
iPad Pro (9.7-inch) (com.apple.CoreSimulator.SimDeviceType.iPad-Pro--9-7-inch-)
iPad Pro (12.9-inch) (1st generation) (com.apple.CoreSimulator.SimDeviceType.iPad-Pro)
iPad (5th generation) (com.apple.CoreSimulator.SimDeviceType.iPad--5th-generation-)
iPad Pro (12.9-inch) (2nd generation) (com.apple.CoreSimulator.SimDeviceType.iPad-Pro--12-9-inch---2nd-generation-)
iPad Pro (10.5-inch) (com.apple.CoreSimulator.SimDeviceType.iPad-Pro--10-5-inch-)
iPad (6th generation) (com.apple.CoreSimulator.SimDeviceType.iPad--6th-generation-)
iPad (7th generation) (com.apple.CoreSimulator.SimDeviceType.iPad--7th-generation-)
iPad Pro (11-inch) (1st generation) (com.apple.CoreSimulator.SimDeviceType.iPad-Pro--11-inch-)
iPad Pro (12.9-inch) (3rd generation) (com.apple.CoreSimulator.SimDeviceType.iPad-Pro--12-9-inch---3rd-generation-)
iPad Pro (11-inch) (2nd generation) (com.apple.CoreSimulator.SimDeviceType.iPad-Pro--11-inch---2nd-generation-)
iPad Pro (12.9-inch) (4th generation) (com.apple.CoreSimulator.SimDeviceType.iPad-Pro--12-9-inch---4th-generation-)
iPad mini (5th generation) (com.apple.CoreSimulator.SimDeviceType.iPad-mini--5th-generation-)
iPad Air (3rd generation) (com.apple.CoreSimulator.SimDeviceType.iPad-Air--3rd-generation-)
iPad (8th generation) (com.apple.CoreSimulator.SimDeviceType.iPad--8th-generation-)
iPad Air (4th generation) (com.apple.CoreSimulator.SimDeviceType.iPad-Air--4th-generation-)
Apple TV (com.apple.CoreSimulator.SimDeviceType.Apple-TV-1080p)
Apple TV 4K (com.apple.CoreSimulator.SimDeviceType.Apple-TV-4K-4K)
Apple TV 4K (at 1080p) (com.apple.CoreSimulator.SimDeviceType.Apple-TV-4K-1080p)
Apple Watch - 38mm (com.apple.CoreSimulator.SimDeviceType.Apple-Watch-38mm)
Apple Watch - 42mm (com.apple.CoreSimulator.SimDeviceType.Apple-Watch-42mm)
Apple Watch Series 2 - 38mm (com.apple.CoreSimulator.SimDeviceType.Apple-Watch-Series-2-38mm)
Apple Watch Series 2 - 42mm (com.apple.CoreSimulator.SimDeviceType.Apple-Watch-Series-2-42mm)
Apple Watch Series 3 - 38mm (com.apple.CoreSimulator.SimDeviceType.Apple-Watch-Series-3-38mm)
Apple Watch Series 3 - 42mm (com.apple.CoreSimulator.SimDeviceType.Apple-Watch-Series-3-42mm)
Apple Watch Series 4 - 40mm (com.apple.CoreSimulator.SimDeviceType.Apple-Watch-Series-4-40mm)
Apple Watch Series 4 - 44mm (com.apple.CoreSimulator.SimDeviceType.Apple-Watch-Series-4-44mm)
Apple Watch Series 5 - 40mm (com.apple.CoreSimulator.SimDeviceType.Apple-Watch-Series-5-40mm)
Apple Watch Series 5 - 44mm (com.apple.CoreSimulator.SimDeviceType.Apple-Watch-Series-5-44mm)
Apple Watch SE - 40mm (com.apple.CoreSimulator.SimDeviceType.Apple-Watch-SE-40mm)
Apple Watch SE - 44mm (com.apple.CoreSimulator.SimDeviceType.Apple-Watch-SE-44mm)
Apple Watch Series 6 - 40mm (com.apple.CoreSimulator.SimDeviceType.Apple-Watch-Series-6-40mm)
Apple Watch Series 6 - 44mm (com.apple.CoreSimulator.SimDeviceType.Apple-Watch-Series-6-44mm)
== Runtimes ==
iOS 13.6 (13.6 - 17G64) - com.apple.CoreSimulator.SimRuntime.iOS-13-6
iOS 13.7 (13.7 - 17H22) - com.apple.CoreSimulator.SimRuntime.iOS-13-7
iOS 14.0 (14.0.1 - 18A394) - com.apple.CoreSimulator.SimRuntime.iOS-14-0
iOS 14.1 (14.1 - 18A8394) - com.apple.CoreSimulator.SimRuntime.iOS-14-1
iOS 14.2 (14.2 - 18B79) - com.apple.CoreSimulator.SimRuntime.iOS-14-2
tvOS 13.4 (13.4 - 17L255) - com.apple.CoreSimulator.SimRuntime.tvOS-13-4
tvOS 14.0 (14.0 - 18J383) - com.apple.CoreSimulator.SimRuntime.tvOS-14-0
tvOS 14.2 (14.2 - 18K54) - com.apple.CoreSimulator.SimRuntime.tvOS-14-2
watchOS 6.2 (6.2.1 - 17T531) - com.apple.CoreSimulator.SimRuntime.watchOS-6-2
watchOS 7.0 (7.0 - 18R382) - com.apple.CoreSimulator.SimRuntime.watchOS-7-0
watchOS 7.1 (7.1 - 18R579) - com.apple.CoreSimulator.SimRuntime.watchOS-7-1
== Devices ==
-- iOS 13.6 --
    iPhone 8 (2366B960-637E-4176-A53C-6179D1C19045) (Shutdown) 
    iPhone 8 Plus (654A114D-72FD-4DA2-AACC-A2F1FDAAD6AE) (Shutdown) 
    iPhone 11 (61ABE6C4-5860-4BA7-BC3C-7B877E7F0465) (Shutdown) 
    iPhone 11 Pro (E62892F1-E354-4B1F-807E-E3ADE24F4D87) (Shutdown) 
    iPhone 11 Pro Max (D74F6AA0-5E52-4C5E-B692-4E0D5DF84ECB) (Shutdown) 
    iPhone SE (2nd generation) (98515DFF-58F9-4403-B9B2-85D4658D9ADE) (Shutdown) 
    iPad Pro (9.7-inch) (5743AACC-05AD-472D-A26F-C24FCD062DB6) (Shutdown) 
    iPad (7th generation) (29BC02E0-2DDC-4DF0-92BF-D8638C3901CD) (Shutdown) 
    iPad Pro (11-inch) (2nd generation) (813137F7-E64B-4BC4-A116-6CFE7B33209D) (Shutdown) 
    iPad Pro (12.9-inch) (4th generation) (C675B8FD-356A-4B0A-87F7-DB3487C7E0BD) (Shutdown) 
    iPad Air (3rd generation) (13E2C33A-0DBF-4B11-A6D5-AEBED8FF980B) (Shutdown) 
-- iOS 13.7 --
    iPhone 8 (D3086464-5F8F-4E8A-AEDA-CF7227A2C733) (Shutdown) 
    iPhone 8 Plus (FD1B7CC8-16D5-4EC2-99FD-88F89BF7C107) (Shutdown) 
    iPhone 11 (BA6856DB-CBE2-4095-91E8-9BFB3ACA2E70) (Shutdown) 
    iPhone 11 Pro (DA407798-2BC1-4246-BD8B-FF347564FF8F) (Shutdown) 
    iPhone 11 Pro Max (8C755B8B-B835-4947-9576-37B1E3EB280D) (Shutdown) 
    iPhone SE (2nd generation) (27DF1E3D-6715-43BF-9E53-EA518DA6EEDA) (Shutdown) 
    iPad Pro (9.7-inch) (2C4D6E31-9E57-4964-933C-E23E118813DB) (Shutdown) 
    iPad (7th generation) (83DA8AD6-185A-4B4F-99D2-D4257FAF60DF) (Shutdown) 
    iPad Pro (11-inch) (2nd generation) (7387F099-B030-4DC7-93D5-A3D8908C9700) (Shutdown) 
    iPad Pro (12.9-inch) (4th generation) (B9996954-0A90-414C-9C8C-27ED11560508) (Shutdown) 
    iPad Air (3rd generation) (6B1805BE-3C9F-4353-8D65-1751F6E70779) (Shutdown) 
-- iOS 14.0 --
    iPhone 8 (1EFA7790-BFA9-4E14-9816-6AB061844C5A) (Shutdown) 
    iPhone 8 Plus (D014B2B1-4579-4840-A4D7-87F4C89CF7DB) (Shutdown) 
    iPhone 11 (DBBBDFB7-FE42-4EFA-99A9-B6AEB4D79CD2) (Shutdown) 
    iPhone 11 Pro (006B5689-2293-44B9-A629-F8318E1728EF) (Shutdown) 
    iPhone 11 Pro Max (2D2FB65E-703F-4711-9DE3-115B0C2D7DEB) (Shutdown) 
    iPhone SE (2nd generation) (939A16A8-E290-4794-B33C-097E01C07D02) (Shutdown) 
    iPod touch (7th generation) (1868FD92-56B3-418C-9287-5F288BC0BFB8) (Shutdown) 
    iPad Pro (9.7-inch) (DD8DB709-8030-4B6B-95E7-3BDFC4066D97) (Shutdown) 
    iPad Pro (11-inch) (2nd generation) (E4D7EC57-BF38-440D-A201-AA11BD747E0F) (Shutdown) 
    iPad Pro (12.9-inch) (4th generation) (61742C52-0B6C-4256-B7E3-D3BC93072FE2) (Shutdown) 
    iPad (8th generation) (7F37EEA2-1DCF-4ED6-8150-09D2C91606BA) (Shutdown) 
    iPad Air (4th generation) (D7D36E1E-31ED-4F58-91E7-01127AB44F85) (Shutdown) 
-- iOS 14.1 --
    iPhone 8 (F6BA1E7F-9397-4415-8214-479302B931D3) (Shutdown) 
    iPhone 8 Plus (824ED1C2-3AB0-459E-88EF-C0BE3182B9B8) (Shutdown) 
    iPhone 11 (78B5F7CC-7344-45A6-85AA-9B3C89FE72BE) (Shutdown) 
    iPhone 11 Pro (885B18C9-81C4-4AFC-962A-BBBFD40DAD27) (Shutdown) 
    iPhone 11 Pro Max (ED6B2A1B-B18E-4ADB-AFB0-ADF89F705CAA) (Shutdown) 
    iPhone SE (2nd generation) (9824A633-2CD8-454C-886E-BF1DB94DCAD6) (Shutdown) 
    iPhone 12 mini (344ED608-CEEB-4D10-A71E-6B2263554D91) (Shutdown) 
    iPhone 12 (2CFBD2F1-8F17-4F1A-95A5-E43224738134) (Shutdown) 
    iPhone 12 Pro (29D37002-F7D7-4909-A198-10E1FB5B5C54) (Shutdown) 
    iPhone 12 Pro Max (D38AE498-FFB2-49F2-A8EC-BB6CBB8BA35D) (Shutdown) 
    iPod touch (7th generation) (2E6EFF1B-CC9F-44DE-A60B-89DEDBE3406B) (Shutdown) 
    iPad Pro (9.7-inch) (BF1F0BE4-68C7-4BDB-87C2-E59B8B116C55) (Shutdown) 
    iPad Pro (11-inch) (2nd generation) (205B7853-96E9-47D5-8AEE-B37D6D1C0BB0) (Shutdown) 
    iPad Pro (12.9-inch) (4th generation) (583C48A4-4168-44C3-8CEF-48EACB829E6D) (Shutdown) 
    iPad (8th generation) (9C44B06B-CE01-4AB4-9E6B-229729547A2D) (Shutdown) 
    iPad Air (4th generation) (38D643F5-752E-4612-A7B4-C2BCC88002B4) (Shutdown) 
-- iOS 14.2 --
    iPhone 8 (3C1B3CF8-DAAC-40E5-8E8F-BFFCF1978437) (Shutdown) 
    iPhone 8 Plus (D43D6A79-30E2-4DF6-8D9F-A5B8EE16ACA4) (Shutdown) 
    iPhone 11 (C97E6B02-56B1-40FA-B611-E71CB9DA40BE) (Shutdown) 
    iPhone 11 Pro (0E2C3586-0B3D-4BFA-B280-E06C696AD513) (Shutdown) 
    iPhone 11 Pro Max (1A5B7314-6BA5-4F04-8CCF-50DF03FEA1A9) (Shutdown) 
    iPhone SE (2nd generation) (2A6BC4D0-FA39-41D1-88E8-C5DC8DD90CE5) (Shutdown) 
    iPhone 12 mini (49C0953F-F6CF-477C-AC92-8216C679B6F7) (Shutdown) 
    iPhone 12 (AF88005E-A4F0-49CF-B518-C152EFE8CBA8) (Shutdown) 
    iPhone 12 Pro (5C205F4F-C61B-433D-A24F-B178C6C335C0) (Shutdown) 
    iPhone 12 Pro Max (77A063C8-DE79-44AF-B60B-662FA8E63CAA) (Shutdown) 
    iPod touch (7th generation) (4557C9B4-56A3-46D5-B2AA-34AD0E817988) (Shutdown) 
    iPad Pro (9.7-inch) (1C914D45-BBB3-4252-83BF-F1A556B00557) (Shutdown) 
    iPad Pro (11-inch) (2nd generation) (E530B1A4-EA68-45F4-B442-FD4EF2D9D9DA) (Shutdown) 
    iPad Pro (12.9-inch) (4th generation) (B16211B9-78C1-4E8D-BC8B-8B137DEE371B) (Shutdown) 
    iPad (8th generation) (28996DBD-4D14-4A22-A972-BC2CC1DCF07B) (Shutdown) 
    iPad Air (4th generation) (1068B8B4-7D47-495E-8A61-74FD71D7F1EA) (Shutdown) 
-- tvOS 13.4 --
    Apple TV (4B281530-31A5-4B53-9337-1327C7474042) (Shutdown) 
    Apple TV 4K (68B58536-633B-4CD1-9C71-4EE8D5A5E00C) (Shutdown) 
    Apple TV 4K (at 1080p) (FA7128E0-0283-45A9-AF16-D749E15483D9) (Shutdown) 
-- tvOS 14.0 --
    Apple TV (66EEC94F-3443-4B3B-ADA6-8A94B3C05A65) (Shutdown) 
    Apple TV 4K (22F6C9FD-EB9D-4D8C-8280-29B0BA0E92E7) (Shutdown) 
    Apple TV 4K (at 1080p) (181BB161-C667-4C8D-9684-4D9E1FAD015E) (Shutdown) 
-- tvOS 14.2 --
    Apple TV (5407DA86-A9BD-44A3-9B1A-6720B8FC74B9) (Shutdown) 
    Apple TV 4K (758A970E-16B4-4FEF-A723-ACD9443383E4) (Shutdown) 
    Apple TV 4K (at 1080p) (A3CC7518-B6DC-41C5-A27E-FA955C9BE537) (Shutdown) 
-- watchOS 6.2 --
    Apple Watch Series 4 - 40mm (A6E3782A-38E4-44E8-8D6E-6CEC80ED2AD2) (Shutdown) 
    Apple Watch Series 4 - 44mm (8FCBC74F-554D-4D16-B55A-18E6F1D3C663) (Shutdown) 
    Apple Watch Series 5 - 40mm (9DEA024B-9AAF-4C0D-80FE-7B9EA098C27D) (Shutdown) 
    Apple Watch Series 5 - 44mm (068C6DCE-63AE-4B29-9E99-249D255950D4) (Shutdown) 
-- watchOS 7.0 --
    Apple Watch Series 5 - 40mm (1242FC98-0BAD-4C08-BB35-CC28D12CB558) (Shutdown) 
    Apple Watch Series 5 - 44mm (5DBAFDC9-7FD8-41FA-8CA6-C72EDBA4B062) (Shutdown) 
    Apple Watch Series 6 - 40mm (E7A9DB0F-8F8F-496D-86AF-F7E7F52FF1F5) (Shutdown) 
    Apple Watch Series 6 - 44mm (98E0D8F4-C41A-4516-B2D9-DF04058DE5EA) (Shutdown) 
-- watchOS 7.1 --
    Apple Watch Series 5 - 40mm (5F0771EF-42DE-4829-B03F-8970FBE34946) (Shutdown) 
    Apple Watch Series 5 - 44mm (AD81B910-6DBE-490E-9CC3-ED7CE67F450F) (Shutdown) 
    Apple Watch Series 6 - 40mm (CD9B9DA6-3878-4051-ADF4-AA620057D6DF) (Shutdown) 
    Apple Watch Series 6 - 44mm (EB86BA1C-FEB7-42DF-AAD7-7924217106D9) (Shutdown) 
== Device Pairs ==
60B35872-EBE6-4AA7-A6AC-17EF39FD530C (active, disconnected)
    Watch: Apple Watch Series 5 - 40mm (5F0771EF-42DE-4829-B03F-8970FBE34946) (Shutdown)
    Phone: iPhone 12 mini (49C0953F-F6CF-477C-AC92-8216C679B6F7) (Shutdown)
6173CC78-0A1F-4BA9-9A97-4DB7BD54273F (active, disconnected)
    Watch: Apple Watch Series 5 - 44mm (AD81B910-6DBE-490E-9CC3-ED7CE67F450F) (Shutdown)
    Phone: iPhone 12 (AF88005E-A4F0-49CF-B518-C152EFE8CBA8) (Shutdown)
0C918779-D303-4AF4-A6D1-EF0578DBAAA4 (active, disconnected)
    Watch: Apple Watch Series 6 - 40mm (CD9B9DA6-3878-4051-ADF4-AA620057D6DF) (Shutdown)
    Phone: iPhone 12 Pro (5C205F4F-C61B-433D-A24F-B178C6C335C0) (Shutdown)
763CD064-FE05-43AF-B06E-56BC4D80E8CB (active, disconnected)
    Watch: Apple Watch Series 6 - 44mm (EB86BA1C-FEB7-42DF-AAD7-7924217106D9) (Shutdown)
    Phone: iPhone 12 Pro Max (77A063C8-DE79-44AF-B60B-662FA8E63CAA) (Shutdown)

========================================


=== OS X info =========================

* sw_vers
ProductName:	Mac OS X
ProductVersion:	10.15.7
BuildVersion:	19H2

* system_profiler SPSoftwareDataType
Software:

    System Software Overview:

      System Version: macOS 10.15.7 (19H2)
      Kernel Version: Darwin 19.6.0
      Boot Volume: Macintosh HD
      Boot Mode: Normal
      Computer Name: vm-osx-xcode-12.2.x-g2.4core-b48b82c8-3429-473b-b259-b451cdbbd316
      User Name: vagrant (vagrant)
      Secure Virtual Memory: Enabled
      System Integrity Protection: Disabled
      Time since boot: 6 minutes


========================================


=== System infos =======================
* Free disk space:
    Filesystem         Size        Avail
  /dev/disk1s5        300Gi        164Gi
========================================

--- Android

* ANDROID_HOME (/usr/local/share/android-sdk) content:
add-ons
build-tools
cmdline-tools
emulator
extras
licenses
patcher
platform-tools
platforms
system-images
tools

* ANDROID_NDK_HOME (/opt/android-ndk/android-ndk-r21) content:
CHANGELOG.md
NOTICE
NOTICE.toolchain
README.md
build
meta
ndk-build
ndk-gdb
ndk-stack
ndk-which
platforms
prebuilt
python-packages
shader-tools
simpleperf
source.properties
sources
sysroot
toolchains
wrap.sh

* Android NDK Version:
Pkg.Desc = Android NDK
Pkg.Revision = 21.0.6113669

* platform-tools content:
NOTICE.txt
adb
api
dmtracedump
e2fsdroid
etc1tool
fastboot
hprof-conv
lib64
make_f2fs
make_f2fs_casefold
mke2fs
mke2fs.conf
package.xml
sload_f2fs
source.properties
sqlite3
systrace

* build-tools content:
17.0.0
19.1.0
21.1.2
22.0.1
23.0.3
24.0.3
25.0.3
26.0.1
26.0.2
27.0.0
27.0.1
27.0.2
27.0.3
28.0.0
28.0.1
28.0.2
28.0.3
29.0.0
29.0.1
29.0.2
29.0.3
30.0.0

* extras content:
/usr/local/share/android-sdk/extras
├── android
│   └── m2repository
├── google
│   ├── google_play_services
│   └── m2repository
└── m2repository
    └── com

7 directories, 0 files

* platforms content:
android-15
android-17
android-19
android-21
android-22
android-23
android-24
android-25
android-26
android-27
android-28
android-29
android-30

* system-images content:
/usr/local/share/android-sdk/system-images
├── android-26
│   └── google_apis
│       └── x86
├── android-28
│   └── google_apis
│       └── x86_64
├── android-29
│   └── google_apis
│       └── x86
└── android-30
    └── google_apis
        └── x86

12 directories, 0 files

========================================


=== Android APK tools ==================

* aapt2:

========================================


=== Environment infos =======================
MATCH_KEYCHAIN_PASSWORD environment set
========================================


=== Control tests ======================
source $HOME/.bash_profile ...
source $HOME/.bash_profile - PASSED
========================================

