 (i) Ignore Errors: enabled

#
# This System Report was generated by: https://github.com/bitrise-io/osx-box-bootstrap/blob/master/system_report.sh
#  Pull Requests are welcome!
#


=== Revision / ID ======================
* BITRISE_OSX_STACK_REV_ID: v2016_11_02_1
========================================


=== Pre-installed tool versions ========
* Go: go version go1.7.3 darwin/amd64
* Ruby: ruby 2.3.1p112 (2016-04-26 revision 54768) [x86_64-darwin16]
* Python: Python 2.7.12
* Node.js: v7.0.0
* NPM: 3.10.8
* Java: java version "1.8.0_112"
Java(TM) SE Runtime Environment (build 1.8.0_112-b16)
Java HotSpot(TM) 64-Bit Server VM (build 25.112-b16, mixed mode)

* git: git version 2.10.2
* git lfs: git-lfs/1.4.4 (GitHub; darwin amd64; go 1.7.3)
* mercurial/hg: Mercurial Distributed SCM (version 3.9.2)
* curl: curl 7.49.1 (x86_64-apple-darwin16.0) libcurl/7.49.1 SecureTransport zlib/1.2.8
* wget: GNU Wget 1.18 built on darwin16.0.0.
* rsync: rsync  version 2.6.9  protocol version 29
* unzip: UnZip 6.00 of 20 April 2009, by Info-ZIP.  Maintained by C. Spieler.  Send
* zip: This is Zip 3.0 (July 5th 2008), by Info-ZIP.
* tar: bsdtar 2.8.3 - libarchive 2.8.3
* tree: tree v1.7.0 (c) 1996 - 2014 by Steve Baker, Thomas Moore, Francesc Rocher, Florian Sesser, Kyosuke Tokoro 

* brew: Homebrew 1.0.9
Homebrew/homebrew-core (git revision dc5a; last commit 2016-11-04)
./system_report.sh: line 54: xctool: command not found
* xctool: 
* Ansible: ansible 2.1.2.0
* gtimeout: timeout (GNU coreutils) 8.25
* watchman: 4.7.0
* flow: Flow, a static type checker for JavaScript, version 0.34.0
* carthage: 0.18.1
* imagemagick (convert): Version: ImageMagick 6.9.6-2 Q16 x86_64 2016-10-11 http://www.imagemagick.org
* ghostscript (ps2ascii): 9.19
./system_report.sh: line 69: wine: command not found
* wine: 

--- Bitrise CLI tool versions
* bitrise: 1.4.3
* stepman: 0.9.25
* envman: 1.1.1
* bitrise-bridge: 0.9.10
* cmd-bridge: 0.9.4
========================================


=== Ruby GEMs ==========================
* Bundler: Bundler version 1.13.6
* CocoaPods: 1.1.1
* fastlane: fastlane 1.106.2

[32m#######################################################################[0m
[32m# fastlane 1.107.0 is available. You are on 1.106.2.[0m
[32m# It is recommended to use the latest version.[0m
[32m# Update using 'sudo gem update fastlane'.[0m
[32m#######################################################################[0m

[32m1.107.0 New actions, enhanced debugging features & more[0m
* Add error message on `fastlane init` when fastlane directory or file already exists (#6849)
* Update error message when using fastlane_version with bundle (#6831)
* Automatically use GITHUB_API_TOKEN for create pull request action (#6841)
* Add app_store_build_number action (#6790)
* Honor system proxy settings when downloading crashlytics.jar (#6817)
* enhance env printing + add  `--capture_output`  option
* Move Actions.md to docs.fastlane.tools (#6809)
* Improve `fastlane init` already exists error message (#6798)
* Fix slack action error when passing a custom payload option (#6792)
* Don’t ask for clipboard on non-interactive shell (#6782)
* Update dependencies
[32m
Update using 'sudo gem update fastlane'[0m
* xcpretty: 0.2.4
* Nomad CLI: 2.5.1
* Nomad CLI IPA / Shenzhen: ipa 0.14.2
========================================


=== All Ruby GEMs ======================
activesupport (4.2.7.1)
addressable (2.4.0)
aws-sdk (1.66.0)
aws-sdk-v1 (1.66.0)
babosa (1.0.2)
bigdecimal (1.2.8)
bundler (1.13.6)
cert (1.4.3)
certified (1.0.0)
CFPropertyList (2.3.3)
claide (1.0.1)
cocoapods (1.1.1)
cocoapods-core (1.1.1)
cocoapods-deintegrate (1.0.1)
cocoapods-downloader (1.1.2)
cocoapods-plugins (1.0.0)
cocoapods-search (1.0.0)
cocoapods-stats (1.0.0)
cocoapods-trunk (1.1.1)
cocoapods-try (1.1.0)
colored (1.2)
commander (4.4.0)
concurrent-ruby (1.0.2)
credentials_manager (0.16.2)
cupertino (1.3.4)
deliver (1.14.5)
did_you_mean (1.0.0)
domain_name (0.5.20161021)
dotenv (2.1.1)
dubai (0.1.0)
escape (0.0.4)
excon (0.54.0)
faraday (0.9.2, 0.8.11)
faraday-cookie_jar (0.0.6)
faraday_middleware (0.10.0)
fastimage (1.6.8)
fastlane (1.106.2)
fastlane_core (0.53.0)
fourflusher (2.0.1)
frameit (3.0.0)
fuzzy_match (2.0.4)
gh_inspector (1.0.2)
google-api-client (0.9.19)
googleauth (0.5.1)
gym (1.11.3)
highline (1.7.8)
houston (2.2.3)
http-cookie (1.0.3)
httpclient (2.8.2.4)
hurley (0.2)
i18n (0.7.0)
io-console (0.4.5)
json (1.8.3)
jwt (1.5.6)
krausefx-shenzhen (0.14.10)
little-plugger (1.1.4)
logging (2.1.0)
match (0.10.0)
mechanize (2.5.1)
memoist (0.15.0)
mime-types (1.25.1)
mini_magick (4.5.1)
mini_portile2 (2.1.0)
minitest (5.8.3)
molinillo (0.5.3)
multi_json (1.12.1)
multi_xml (0.5.5)
multipart-post (2.0.0, 1.2.0)
nanaimo (0.1.4)
nap (1.1.0)
net-http-digest_auth (1.4)
net-http-persistent (2.9.4)
net-sftp (2.1.2)
net-ssh (3.2.0)
net-telnet (0.1.1)
netrc (0.7.8)
nokogiri (1.6.8.1)
nomad-cli (0.0.2)
ntlm-http (0.1.1)
os (0.9.6)
pem (1.3.2)
pilot (1.11.2)
plist (3.1.0)
power_assert (0.2.6)
produce (1.2.1)
psych (2.0.17)
rack (1.6.4)
rack-protection (1.5.3)
rake (10.4.2)
rdoc (4.2.1)
representable (2.3.0)
retriable (2.1.0)
rouge (1.11.1)
rubyzip (1.2.0, 1.1.7)
scan (0.13.1)
screengrab (0.5.5)
security (0.1.3)
shenzhen (0.14.2)
sigh (1.11.2)
signet (0.7.3)
sinatra (1.4.7)
slack-notifier (1.5.1)
snapshot (1.16.3)
spaceship (0.36.2)
supply (0.7.1)
term-ansicolor (1.0.7)
terminal-notifier (1.7.1)
terminal-table (1.4.5)
test-unit (3.1.5)
thread_safe (0.3.5)
tilt (2.0.5)
tzinfo (1.2.2)
uber (0.0.15)
unf (0.1.4)
unf_ext (0.0.7.2)
venice (0.3.0)
webrobots (0.1.2)
word_wrap (1.0.0)
xcode-install (2.0.8)
xcodeproj (1.4.0)
xcpretty (0.2.4)
xcpretty-travis-formatter (0.0.4)
========================================


=== Checking Xcode CLT dirs ============

 * ls -alh /usr/include/CommonCrypto
total 24
drwxr-xr-x   10 root  wheel   340B Oct 30 08:31 .
drwxr-xr-x  261 root  wheel   8.7K Oct 30 08:31 ..
-rw-r--r--    1 root  wheel   1.3K Sep 21 18:42 CommonCrypto.h
-rw-r--r--    1 root  wheel   2.4K Sep 21 18:42 CommonCryptoError.h
-rw-r--r--    1 root  wheel    33K Sep 21 18:42 CommonCryptor.h
-rw-r--r--    1 root  wheel    11K Sep 21 18:42 CommonDigest.h
-rw-r--r--    1 root  wheel   4.1K Sep 21 18:42 CommonHMAC.h
-rw-r--r--    1 root  wheel   4.6K Sep 21 18:42 CommonKeyDerivation.h
-rw-r--r--    1 root  wheel   1.7K Sep 21 18:42 CommonRandom.h
-rw-r--r--    1 root  wheel   6.1K Sep 21 18:42 CommonSymmetricKeywrap.h

 * ls -alh /Library/Developer/CommandLineTools/
total 0
drwxr-xr-x  4 root  admin   136B Aug 28 19:29 .
drwxr-xr-x  4 root  admin   136B Nov  2 03:18 ..
drwxr-xr-x  5 root  admin   170B Aug 28 19:31 Library
drwxr-xr-x  7 root  admin   238B Aug 28 19:30 usr

 * /Library/Developer/CommandLineTools/usr/bin/swift --version
Apple Swift version 3.0.1 (swiftlang-800.0.58.6 clang-800.0.42.1)
Target: x86_64-apple-macosx10.9

========================================


=== Xcode ==============================

* Active Xcode Command Line Tools:
/Applications/Xcode-beta.app/Contents/Developer

* Xcode Version:
Xcode 8.2
Build version 8C23

* Installed SDKs:
iOS SDKs:
	iOS 10.2                      	-sdk iphoneos10.2

iOS Simulator SDKs:
	Simulator - iOS 10.2          	-sdk iphonesimulator10.2

macOS SDKs:
	macOS 10.12                   	-sdk macosx10.12

tvOS SDKs:
	tvOS 10.1                     	-sdk appletvos10.1

tvOS Simulator SDKs:
	Simulator - tvOS 10.1         	-sdk appletvsimulator10.1

watchOS SDKs:
	watchOS 3.1                   	-sdk watchos3.1

watchOS Simulator SDKs:
	Simulator - watchOS 3.1       	-sdk watchsimulator3.1


* Available Simulators:
== Device Types ==
iPhone 4s (com.apple.CoreSimulator.SimDeviceType.iPhone-4s)
iPhone 5 (com.apple.CoreSimulator.SimDeviceType.iPhone-5)
iPhone 5s (com.apple.CoreSimulator.SimDeviceType.iPhone-5s)
iPhone 6 (com.apple.CoreSimulator.SimDeviceType.iPhone-6)
iPhone 6 Plus (com.apple.CoreSimulator.SimDeviceType.iPhone-6-Plus)
iPhone 6s (com.apple.CoreSimulator.SimDeviceType.iPhone-6s)
iPhone 6s Plus (com.apple.CoreSimulator.SimDeviceType.iPhone-6s-Plus)
iPhone 7 (com.apple.CoreSimulator.SimDeviceType.iPhone-7)
iPhone 7 Plus (com.apple.CoreSimulator.SimDeviceType.iPhone-7-Plus)
iPhone SE (com.apple.CoreSimulator.SimDeviceType.iPhone-SE)
iPad 2 (com.apple.CoreSimulator.SimDeviceType.iPad-2)
iPad Retina (com.apple.CoreSimulator.SimDeviceType.iPad-Retina)
iPad Air (com.apple.CoreSimulator.SimDeviceType.iPad-Air)
iPad Air 2 (com.apple.CoreSimulator.SimDeviceType.iPad-Air-2)
iPad Pro (9.7-inch) (com.apple.CoreSimulator.SimDeviceType.iPad-Pro--9-7-inch-)
iPad Pro (12.9-inch) (com.apple.CoreSimulator.SimDeviceType.iPad-Pro)
Apple TV 1080p (com.apple.CoreSimulator.SimDeviceType.Apple-TV-1080p)
Apple Watch - 38mm (com.apple.CoreSimulator.SimDeviceType.Apple-Watch-38mm)
Apple Watch - 42mm (com.apple.CoreSimulator.SimDeviceType.Apple-Watch-42mm)
Apple Watch Series 2 - 38mm (com.apple.CoreSimulator.SimDeviceType.Apple-Watch-Series-2-38mm)
Apple Watch Series 2 - 42mm (com.apple.CoreSimulator.SimDeviceType.Apple-Watch-Series-2-42mm)
== Runtimes ==
iOS 8.1 (8.1 - 12B411) (com.apple.CoreSimulator.SimRuntime.iOS-8-1)
iOS 8.2 (8.2 - 12D508) (com.apple.CoreSimulator.SimRuntime.iOS-8-2)
iOS 8.3 (8.3 - 12F70) (com.apple.CoreSimulator.SimRuntime.iOS-8-3)
iOS 8.4 (8.4 - 12H141) (com.apple.CoreSimulator.SimRuntime.iOS-8-4)
iOS 9.0 (9.0 - 13A344) (com.apple.CoreSimulator.SimRuntime.iOS-9-0)
iOS 9.1 (9.1 - 13B143) (com.apple.CoreSimulator.SimRuntime.iOS-9-1)
iOS 9.2 (9.2 - 13C75) (com.apple.CoreSimulator.SimRuntime.iOS-9-2)
iOS 9.3 (9.3 - 13E233) (com.apple.CoreSimulator.SimRuntime.iOS-9-3)
iOS 10.0 (10.0 - 14A345) (com.apple.CoreSimulator.SimRuntime.iOS-10-0)
iOS 10.1 (10.1 - 14B72) (com.apple.CoreSimulator.SimRuntime.iOS-10-1)
iOS 10.2 (10.2 - 14C5062c) (com.apple.CoreSimulator.SimRuntime.iOS-10-2)
tvOS 9.0 (9.0 - 13T395) (com.apple.CoreSimulator.SimRuntime.tvOS-9-0)
tvOS 9.1 (9.1 - 13U85) (com.apple.CoreSimulator.SimRuntime.tvOS-9-1)
tvOS 9.2 (9.2 - 13Y234) (com.apple.CoreSimulator.SimRuntime.tvOS-9-2)
tvOS 10.0 (10.0 - 14T328) (com.apple.CoreSimulator.SimRuntime.tvOS-10-0)
tvOS 10.1 (10.1 - 14U5565c) (com.apple.CoreSimulator.SimRuntime.tvOS-10-1)
watchOS 2.0 (2.0 - 13S343) (com.apple.CoreSimulator.SimRuntime.watchOS-2-0)
watchOS 2.1 (2.1 - 13S661) (com.apple.CoreSimulator.SimRuntime.watchOS-2-1)
watchOS 2.2 (2.2 - 13V144) (com.apple.CoreSimulator.SimRuntime.watchOS-2-2)
watchOS 3.1 (3.1 - 14S471a) (com.apple.CoreSimulator.SimRuntime.watchOS-3-1)
== Devices ==
-- iOS 8.1 --
    iPhone 4s (FE131AED-AFA2-44C0-87BA-81167B6486C1) (Shutdown)
    iPhone 5 (65BE7183-EB8F-4589-885D-41226D1B70EF) (Shutdown)
    iPhone 5s (EF2AF02E-E521-4776-96F7-91B4A0BA3938) (Shutdown)
    iPhone 6 (F04D0AEA-E51A-4A7D-88C0-4C9FF6BA6D08) (Shutdown)
    iPhone 6 Plus (15BF0A84-DABD-4049-8FC9-E1BAFAD77EDE) (Shutdown)
    iPad 2 (8B8F9FDE-27D7-46FD-9AAD-5A05222EF3AE) (Shutdown)
    iPad Retina (E4970545-7B82-4F7B-A14A-FD5DEE015CED) (Shutdown)
    iPad Air (20E1713B-FFF3-469B-8551-EB0DE6AD978C) (Shutdown)
-- iOS 8.2 --
    iPhone 4s (C1A1A50D-0ADE-4C96-AEAC-24AB5CF051DF) (Shutdown)
    iPhone 5 (784D6274-DF6E-405F-80F4-E6AA32941D16) (Shutdown)
    iPhone 5s (A9728E0B-2C94-4319-A697-9FFE0DA9E0E4) (Shutdown)
    iPhone 6 (9EFC79AE-CB04-465F-95CF-130C35B13922) (Shutdown)
    iPhone 6 Plus (370214DD-750C-4656-8761-C08E74B8EE7E) (Shutdown)
    iPad 2 (00957981-4521-48D1-BB54-DCCF3ACDB4C5) (Shutdown)
    iPad Retina (D117218B-82E2-471A-AD76-F47EEFD8A578) (Shutdown)
    iPad Air (2AC7AAFC-D312-4F4F-8788-EB7B7394B741) (Shutdown)
-- iOS 8.3 --
    iPhone 4s (EC44E510-FBA2-4ECC-999C-89579C8ADCC8) (Shutdown)
    iPhone 5 (388F0FF7-FE1A-499D-BA65-CEA43425E2DF) (Shutdown)
    iPhone 5s (24234C48-9EC8-4C14-82FF-562C10923767) (Shutdown)
    iPhone 6 (EA009563-B556-4403-88B5-D67A82D8E767) (Shutdown)
    iPhone 6 Plus (5492F08E-0C9B-42D0-B640-9061EE0CFB62) (Shutdown)
    iPad 2 (B70A8D3F-521B-4B2D-A3BA-8D42989489B0) (Shutdown)
    iPad Retina (ED576516-1B85-49B5-BB3E-6E64D253D7E2) (Shutdown)
    iPad Air (EC381CE4-AE3D-405C-99A7-2C4A63FFC851) (Shutdown)
-- iOS 8.4 --
    iPhone 4s (6BCFF86E-1C1B-43E2-B161-B24A96EA5CFF) (Shutdown)
    iPhone 5 (6D665B6A-D2A2-4AC5-94D3-686CA379EE1E) (Shutdown)
    iPhone 5s (0677B384-9F23-4BC5-9EFB-F0A3FB664A05) (Shutdown)
    iPhone 6 (D86D3ACA-86E7-42D7-82C9-109E73F083C5) (Shutdown)
    iPhone 6 Plus (10F7A289-F5C2-46C1-B501-6F0679E90432) (Shutdown)
    iPad 2 (C358B198-A07B-453B-8AA9-ACA6F9BA85E1) (Shutdown)
    iPad Retina (E4D9AAE2-1341-496E-873D-08749A039813) (Shutdown)
    iPad Air (ECE1D981-0AB4-4971-BE3C-C3DD9585DECA) (Shutdown)
-- iOS 9.0 --
    iPhone 4s (7571CECB-1CF1-4AC4-9321-11F1BBE6D2DD) (Shutdown)
    iPhone 5 (6992862A-B021-4D25-93A7-DAD32F991525) (Shutdown)
    iPhone 5s (48392420-AEB6-4AC9-931D-272F8242E587) (Shutdown)
    iPhone 6 (59D29BEA-8A13-470F-B9DF-D13C5E35F2AC) (Shutdown)
    iPhone 6 Plus (C69C5914-F71B-4A9E-9129-8FD79ACBD5CA) (Shutdown)
    iPhone 6s (3788EE56-7878-4FD3-8D1D-757FF9907880) (Shutdown)
    iPhone 6s Plus (F1DB29E2-3E89-4467-B07D-3C0E6D0AB53D) (Shutdown)
    iPad 2 (4E3C18CE-9E7C-4670-B641-AB1F906A333E) (Shutdown)
    iPad Retina (652D47AD-507D-4751-924B-893288D7F600) (Shutdown)
    iPad Air (FD036E48-4066-4A5A-94A4-6B35BAFAECDC) (Shutdown)
    iPad Air 2 (D6B0CA38-0856-4B53-B005-79C9778FD8BF) (Shutdown)
-- iOS 9.1 --
    iPhone 4s (3BAF37B3-3875-4ED0-A1E0-198E6856FCD6) (Shutdown)
    iPhone 5 (0227F0E4-A1F9-44DC-8ED7-2C5721DDF55D) (Shutdown)
    iPhone 5s (961FB5C4-4E1A-475A-9956-02350D7FF4B6) (Shutdown)
    iPhone 6 (4CAA652C-E821-4A6B-9717-73DF3E2E5B74) (Shutdown)
    iPhone 6 Plus (A6484F6E-16AC-4CCD-8D88-7886F2003452) (Shutdown)
    iPhone 6s (4DF54A9B-30B7-46F7-BF5D-EBACF43EFE8D) (Shutdown)
    iPhone 6s Plus (A2330AF3-E1C6-4468-A09F-606003F0FEA1) (Shutdown)
    iPad 2 (E7399466-D21F-4263-86A5-6D008AB439B6) (Shutdown)
    iPad Retina (A10FA37E-4D7A-4EA8-BA77-A33AF45F5C92) (Shutdown)
    iPad Air (BA37083B-0C13-4D86-B37E-7A034A59C9B3) (Shutdown)
    iPad Air 2 (D95D0132-12A6-421A-B5E9-D2C23DB7B85C) (Shutdown)
    iPad Pro (A6B30B85-DA6C-4452-96A9-3C183583E4DA) (Shutdown)
-- iOS 9.2 --
    iPhone 4s (4522628D-B288-4501-8616-89B21C1F51F2) (Shutdown)
    iPhone 5 (A4AC4D2C-8807-41F1-A06E-932F30A444BF) (Shutdown)
    iPhone 5s (912A05E3-9503-4A6D-86AA-F1D86F05362A) (Shutdown)
    iPhone 6 (7958CAA9-0E00-4A9B-B84E-5EC8EC985A1C) (Shutdown)
    iPhone 6 Plus (F1976F68-931E-4718-8313-DF9689E17CD0) (Shutdown)
    iPhone 6s (A8B759EE-43DC-4A7C-86A3-8389E90DC262) (Shutdown)
    iPhone 6s Plus (5E8116C3-098C-48C1-BFF6-ED81BC2FD483) (Shutdown)
    iPad 2 (9E137961-2DD1-4A58-A369-DEF75E12B6CE) (Shutdown)
    iPad Retina (983F2517-ADBB-447C-9529-93A311CBE1AD) (Shutdown)
    iPad Air (4B87F2FD-3C46-4576-92BA-94A405FA803B) (Shutdown)
    iPad Air 2 (4CFDCA5E-7B03-4FB6-B386-1D2C392FA9C7) (Shutdown)
    iPad Pro (2DEEA0D5-D47D-4EB6-8388-334ACE9A7BCB) (Shutdown)
-- iOS 9.3 --
    iPhone 4s (B169C811-64DE-4E95-97A1-3FA10DB4E539) (Shutdown)
    iPhone 5 (92D5930B-A242-45E3-82E8-7EA86CD0BAD9) (Shutdown)
    iPhone 5s (FD58911F-8799-400E-9B22-417AAA4FC61B) (Shutdown)
    iPhone 6 (7BFD70B7-D2B1-4B43-A030-228263CF4C11) (Shutdown)
    iPhone 6 Plus (859F6A72-8C77-4215-8E58-CEABFCE963CF) (Shutdown)
    iPhone 6s (57C75E7C-A839-4C46-B330-8D122613F008) (Shutdown)
    iPhone 6s Plus (FE33C02D-5ED1-4537-BCC2-535D82784182) (Shutdown)
    iPad 2 (632CEC66-0258-4EA4-8C4C-614701DAAE4C) (Shutdown)
    iPad Retina (675D2949-FCF2-4066-8B2C-EB867556196D) (Shutdown)
    iPad Air (673E17B3-5765-4F3F-A7DD-1AC62EE31742) (Shutdown)
    iPad Air 2 (EF8657BD-7C9F-4F0E-AA38-064F3D0203DB) (Shutdown)
    iPad Pro (BD571939-0735-45FD-9C15-AFE00B6EB8DC) (Shutdown)
-- iOS 10.0 --
    iPhone 5 (B3FD6563-7EF6-4A7B-B929-7118BA39B77E) (Shutdown)
    iPhone 5s (594346DA-04EE-4E92-8F4A-A56F6FCCEAD3) (Shutdown)
    iPhone 6 (085FB643-5D82-4FBD-BEDD-03839C33BDF7) (Shutdown)
    iPhone 6 Plus (15A21B63-9FD2-4EB3-ACC5-13BFBBDA2E6D) (Shutdown)
    iPhone 6s (D281BE83-46B9-4590-8C55-485964B5696B) (Shutdown)
    iPhone 6s Plus (99CDE8BA-62FA-4BF6-84D4-1F56C04E2028) (Shutdown)
    iPhone SE (38AD28A1-761C-4824-AE71-F2252A498FA9) (Shutdown)
    iPad Retina (B28DC8F7-C462-42FE-8701-74E40AAF7957) (Shutdown)
    iPad Air (143F382C-7B58-4459-8545-45EB5145BD02) (Shutdown)
    iPad Air 2 (9176A423-559F-4A12-83B3-D105672C61E9) (Shutdown)
    iPad Pro (9.7 inch) (29B350B8-B745-41D9-B0B6-4086298661D2) (Shutdown)
    iPad Pro (12.9 inch) (1DF3FC0D-441F-4009-B5D2-86448C09000B) (Shutdown)
-- iOS 10.1 --
    iPhone 5 (5DBCDC17-251A-4646-BB43-2B3DD548DB84) (Shutdown)
    iPhone 5s (90FCC8F0-F976-4BDF-8964-FC6AEC9CAB41) (Shutdown)
    iPhone 6 (E7DB93D7-2026-40F2-B8F3-97ED16BF70CD) (Shutdown)
    iPhone 6 Plus (5E416F94-77D3-4B56-9466-1D08A83EFC97) (Shutdown)
    iPhone 6s (1967DCBB-BCCF-46B7-B1D3-5FCAE7D6C3F4) (Shutdown)
    iPhone 6s Plus (7E8E6A64-7FE9-4ADC-945E-D15E71E84DFB) (Shutdown)
    iPhone 7 (3BC21EF0-67E3-4453-8546-8F97766CF134) (Shutdown)
    iPhone 7 Plus (7881DD60-ED31-4AA1-841A-E710E759851B) (Shutdown)
    iPhone SE (891B8EB1-DDA0-40FE-B9B6-0FAF70F3ECB7) (Shutdown)
    iPad Retina (806D92E5-2C6F-416E-A385-58E021D0CE77) (Shutdown)
    iPad Air (D4DD2EE6-4DBE-4EAB-A078-2F6056E8494B) (Shutdown)
    iPad Air 2 (05211962-63A8-4AB4-BADB-EF0FC68A8414) (Shutdown)
    iPad Pro (9.7 inch) (C1BC1E54-40C4-4BBC-A068-FD904AE05101) (Shutdown)
    iPad Pro (12.9 inch) (B834F0DE-8A77-4714-A8A8-311026A26D98) (Shutdown)
-- iOS 10.2 --
    iPhone 5 (F093AD34-3E77-40E3-90D0-9C8A23562EAA) (Shutdown)
    iPhone 5s (013D32A8-732E-4A55-B8BA-F8AEAC7903EE) (Shutdown)
    iPhone 6 (3C17CFD4-07AF-43DA-A515-772DDCED6CEF) (Shutdown)
    iPhone 6 Plus (33517522-A47B-4D66-9593-3C4C655C0D13) (Shutdown)
    iPhone 6s (C0732EC0-E6BA-424E-8A1E-D5E2A4883607) (Shutdown)
    iPhone 6s Plus (044037EC-C4BF-40C0-AD5E-7BBBCA6D98B4) (Shutdown)
    iPhone 7 (DBD4015B-2750-470B-A556-CC3585D4DF61) (Shutdown)
    iPhone 7 Plus (2C548DEB-1ECF-400E-AF30-9AC4EA530A8D) (Shutdown)
    iPhone SE (7C34031D-2DB8-44A1-A605-4030E1006BE4) (Shutdown)
    iPad Retina (14AE6054-73E3-410D-B905-39E10DEA6587) (Shutdown)
    iPad Air (E3EEFEF6-AD73-4095-A53C-BA8E8BBE32C0) (Shutdown)
    iPad Air 2 (A64FAFCD-AF50-4804-A91B-FCA32C6739D3) (Shutdown)
    iPad Pro (9.7 inch) (DEB0E0F1-F324-4EF1-9CE0-0D101B05DBDA) (Shutdown)
    iPad Pro (12.9 inch) (9321FC02-C698-4EE1-B455-8C36E01BA5B6) (Shutdown)
-- tvOS 9.0 --
    Apple TV 1080p (F4D723A9-559C-4848-8705-F9C484DCDF6D) (Shutdown)
-- tvOS 9.1 --
    Apple TV 1080p (78A2E5FA-9766-4549-A2F2-5E840BD08F0C) (Shutdown)
-- tvOS 9.2 --
    Apple TV 1080p (1E1BD7D4-265C-432A-80AD-C110F40DE016) (Shutdown)
-- tvOS 10.0 --
    Apple TV 1080p (E08037B2-C788-4472-B50B-C94C4677B14F) (Shutdown)
-- tvOS 10.1 --
    Apple TV 1080p (CE5CAC26-1FF5-4F56-829F-D72CEAB7C678) (Shutdown)
-- watchOS 2.0 --
    Apple Watch - 38mm (5CF34462-9AA3-4EE3-A8C9-FC46A89E5928) (Shutdown)
    Apple Watch - 42mm (337B6CAB-5838-4A66-9851-212670593CD7) (Shutdown)
-- watchOS 2.1 --
    Apple Watch - 38mm (F441BEA7-496F-4B2C-BAA5-571EADE19FF9) (Shutdown)
    Apple Watch - 42mm (446F9F92-A63E-4725-A854-79974C6965CE) (Shutdown)
-- watchOS 2.2 --
    Apple Watch - 38mm (BC976E9D-35C9-4E5A-ABAC-0FB3C0DF33AC) (Shutdown)
    Apple Watch - 42mm (D19BE299-BE3C-4CA7-9B68-BF38E5807C48) (Shutdown)
-- watchOS 3.1 --
    Apple Watch - 38mm (18652A8E-87D5-45C1-BCBA-9180FFCA9F25) (Shutdown)
    Apple Watch - 42mm (F6B3E7D4-773C-4FD6-B7BA-23BCAF91D701) (Shutdown)
    Apple Watch Series 2 - 38mm (31D8EB8E-DCBB-4CA3-8D10-E337171483A3) (Shutdown)
    Apple Watch Series 2 - 42mm (55B23C37-58C0-43A9-8B21-280C3B484C2B) (Shutdown)
== Device Pairs ==
72C699AC-58AF-4A26-BF46-7A0D97149301 (active, disconnected)
    Watch: Apple Watch Series 2 - 38mm (31D8EB8E-DCBB-4CA3-8D10-E337171483A3) (Shutdown)
    Phone: iPhone 7 (DBD4015B-2750-470B-A556-CC3585D4DF61) (Shutdown)
1FD3AFA0-1BCD-437B-A653-4F9DC73D858A (active, disconnected)
    Watch: Apple Watch Series 2 - 42mm (55B23C37-58C0-43A9-8B21-280C3B484C2B) (Shutdown)
    Phone: iPhone 7 Plus (2C548DEB-1ECF-400E-AF30-9AC4EA530A8D) (Shutdown)

========================================


=== OS X info =========================

* sw_vers
ProductName:	Mac OS X
ProductVersion:	10.12.1
BuildVersion:	16B2555

* system_profiler SPSoftwareDataType
Software:

    System Software Overview:

      System Version: macOS 10.12.1 (16B2555)
      Kernel Version: Darwin 16.1.0
      Boot Volume: Macintosh HD
      Boot Mode: Normal
      Computer Name: controlosxstageahostondemandinternaltest.local
      User Name: vagrant (vagrant)
      Secure Virtual Memory: Enabled
      System Integrity Protection: Enabled
      Time since boot: 2 minutes


========================================


=== System infos =======================
* Free disk space: /dev/disk0s2  199Gi   87Gi  112Gi    44% 2104830 4292862449    0%   /
========================================


=== Control tests ======================
source $HOME/.bash_profile ...
source $HOME/.bash_profile - PASSED
========================================

