 (i) Ignore Errors: enabled

#
# This System Report was generated by: https://github.com/bitrise-io/osx-box-bootstrap/blob/master/system_report.sh
#  Pull Requests are welcome!
#


=== Revision / ID ======================
* BITRISE_OSX_STACK_REV_ID: v2016_12_13_1
========================================


=== Pre-installed tool versions ========
* Go: go version go1.7.4 darwin/amd64
* Ruby: ruby 2.3.3p222 (2016-11-21 revision 56859) [x86_64-darwin16]
* Python: Python 2.7.12
* Node.js: v7.2.1
* NPM: 3.10.9
* Java: java version "1.8.0_112"
Java(TM) SE Runtime Environment (build 1.8.0_112-b16)
Java HotSpot(TM) 64-Bit Server VM (build 25.112-b16, mixed mode)

* git: git version 2.11.0
* git lfs: git-lfs/1.5.3 (GitHub; darwin amd64; go 1.7.4)
* mercurial/hg: Mercurial Distributed SCM (version 4.0.1)
* curl: curl 7.51.0 (x86_64-apple-darwin16.0) libcurl/7.51.0 SecureTransport zlib/1.2.8
* wget: GNU Wget 1.18 built on darwin16.0.0.
* rsync: rsync  version 2.6.9  protocol version 29
* unzip: UnZip 6.00 of 20 April 2009, by Info-ZIP.  Maintained by C. Spieler.  Send
* zip: This is Zip 3.0 (July 5th 2008), by Info-ZIP.
* tar: bsdtar 2.8.3 - libarchive 2.8.3
* tree: tree v1.7.0 (c) 1996 - 2014 by Steve Baker, Thomas Moore, Francesc Rocher, Florian Sesser, Kyosuke Tokoro 

* brew: Homebrew 1.1.4
Homebrew/homebrew-core (git revision a91c; last commit 2016-12-16)
./system_report.sh: line 54: xctool: command not found
* xctool: 
* Ansible: ansible 2.2.0.0
* gtimeout: timeout (GNU coreutils) 8.26
* watchman: 4.7.0
* flow: Flow, a static type checker for JavaScript, version 0.37.0
* carthage: 0.18.1
* imagemagick (convert): Version: ImageMagick 6.9.6-8 Q16 x86_64 2016-12-12 http://www.imagemagick.org
* ghostscript (ps2ascii): 9.19
./system_report.sh: line 69: wine: command not found
* wine: 

--- Bitrise CLI tool versions
* bitrise: 1.5.1
* stepman: 0.9.26
* envman: 1.1.2
* bitrise-bridge: 0.9.11
* cmd-bridge: 0.9.5
========================================


=== Ruby GEMs ==========================
* Bundler: Bundler version 1.13.6
* CocoaPods: 1.1.1
* fastlane: fastlane 1.111.0
* xcpretty: 0.2.4
* Nomad CLI: 2.5.2
* Nomad CLI IPA / Shenzhen: ipa 0.14.2
========================================


=== All Ruby GEMs ======================
activesupport (4.2.7.1)
addressable (2.5.0)
aws-sdk (1.66.0)
aws-sdk-v1 (1.66.0)
babosa (1.0.2)
bigdecimal (1.2.8)
bundler (1.13.6)
cert (1.4.5)
certified (1.0.0)
CFPropertyList (2.3.4)
claide (1.0.1)
cocoapods (1.1.1)
cocoapods-core (1.1.1)
cocoapods-deintegrate (1.0.1)
cocoapods-downloader (1.1.2)
cocoapods-plugins (1.0.0)
cocoapods-search (1.0.0)
cocoapods-stats (1.0.0)
cocoapods-trunk (1.1.1)
cocoapods-try (1.1.0)
colored (1.2)
commander (4.4.1)
concurrent-ruby (1.0.2)
credentials_manager (0.16.2)
cupertino (1.3.4)
deliver (1.16.2)
did_you_mean (1.0.0)
domain_name (0.5.20161129)
dotenv (2.1.1)
dubai (0.1.0)
escape (0.0.4)
excon (0.54.0)
faraday (0.10.0, 0.8.11)
faraday-cookie_jar (0.0.6)
faraday_middleware (0.10.1)
fastimage (1.6.8)
fastlane (1.111.0)
fastlane_core (0.60.0)
fourflusher (2.0.1)
frameit (3.0.0)
fuzzy_match (2.0.4)
gh_inspector (1.0.2)
google-api-client (0.9.20)
googleauth (0.5.1)
gym (1.13.0)
highline (1.7.8)
houston (2.2.3)
http-cookie (1.0.3)
httpclient (2.8.3)
hurley (0.2)
i18n (0.7.0)
io-console (0.4.5)
json (1.8.3)
jwt (1.5.6)
krausefx-shenzhen (0.14.11)
little-plugger (1.1.4)
logging (2.1.0)
match (0.11.1)
mechanize (2.5.1)
memoist (0.15.0)
mime-types (1.25.1)
mini_magick (4.5.1)
mini_portile2 (2.1.0)
minitest (5.8.5)
molinillo (0.5.4)
multi_json (1.12.1)
multi_xml (0.6.0)
multipart-post (2.0.0, 1.2.0)
nanaimo (0.2.3)
nap (1.1.0)
net-http-digest_auth (1.4)
net-http-persistent (2.9.4)
net-sftp (2.1.2)
net-ssh (3.2.0)
net-telnet (0.1.1)
netrc (0.7.8)
nokogiri (1.6.8.1)
nomad-cli (0.0.2)
ntlm-http (0.1.1)
os (0.9.6)
pem (1.4.1)
pilot (1.13.1)
plist (3.1.0)
power_assert (0.2.6)
produce (1.4.0)
psych (2.1.0)
public_suffix (2.0.4)
rack (1.6.5)
rack-protection (1.5.3)
rake (10.4.2)
rdoc (4.2.1)
representable (2.3.0)
retriable (2.1.0)
rouge (1.11.1)
rubyzip (1.2.0, 1.1.7)
scan (0.14.2)
screengrab (0.5.6)
security (0.1.3)
shenzhen (0.14.2)
sigh (1.12.1)
signet (0.7.3)
sinatra (1.4.7)
slack-notifier (1.5.1)
snapshot (1.17.0)
spaceship (0.39.0)
supply (0.8.0)
term-ansicolor (1.0.7)
terminal-notifier (1.7.1)
terminal-table (1.4.5)
test-unit (3.1.5)
thread_safe (0.3.5)
tilt (2.0.5)
tzinfo (1.2.2)
uber (0.0.15)
unf (0.1.4)
unf_ext (0.0.7.2)
venice (0.3.0)
webrobots (0.1.2)
word_wrap (1.0.0)
xcode-install (2.0.9)
xcodeproj (1.4.1)
xcpretty (0.2.4)
xcpretty-travis-formatter (0.0.4)
========================================


=== Checking Xcode CLT dirs ============

 * ls -1 /usr/include/CommonCrypto
CommonCrypto.h
CommonCryptoError.h
CommonCryptor.h
CommonDigest.h
CommonHMAC.h
CommonKeyDerivation.h
CommonRandom.h
CommonSymmetricKeywrap.h

 * ls -1 /Library/Developer/CommandLineTools/
Library
SDKs
usr

 * /Library/Developer/CommandLineTools/usr/bin/swift --version
Apple Swift version 3.0.2 (swiftlang-800.0.63 clang-800.0.42.1)
Target: x86_64-apple-macosx10.9

========================================


=== Xcode ==============================

* Active Xcode Command Line Tools:
/Applications/Xcode.app/Contents/Developer

* Xcode Version:
Xcode 8.2
Build version 8C38

* Installed SDKs:
iOS SDKs:
	iOS 10.2                      	-sdk iphoneos10.2

iOS Simulator SDKs:
	Simulator - iOS 10.2          	-sdk iphonesimulator10.2

macOS SDKs:
	macOS 10.12                   	-sdk macosx10.12

tvOS SDKs:
	tvOS 10.1                     	-sdk appletvos10.1

tvOS Simulator SDKs:
	Simulator - tvOS 10.1         	-sdk appletvsimulator10.1

watchOS SDKs:
	watchOS 3.1                   	-sdk watchos3.1

watchOS Simulator SDKs:
	Simulator - watchOS 3.1       	-sdk watchsimulator3.1


* Available Simulators:
== Device Types ==
iPhone 4s (com.apple.CoreSimulator.SimDeviceType.iPhone-4s)
iPhone 5 (com.apple.CoreSimulator.SimDeviceType.iPhone-5)
iPhone 5s (com.apple.CoreSimulator.SimDeviceType.iPhone-5s)
iPhone 6 (com.apple.CoreSimulator.SimDeviceType.iPhone-6)
iPhone 6 Plus (com.apple.CoreSimulator.SimDeviceType.iPhone-6-Plus)
iPhone 6s (com.apple.CoreSimulator.SimDeviceType.iPhone-6s)
iPhone 6s Plus (com.apple.CoreSimulator.SimDeviceType.iPhone-6s-Plus)
iPhone 7 (com.apple.CoreSimulator.SimDeviceType.iPhone-7)
iPhone 7 Plus (com.apple.CoreSimulator.SimDeviceType.iPhone-7-Plus)
iPhone SE (com.apple.CoreSimulator.SimDeviceType.iPhone-SE)
iPad 2 (com.apple.CoreSimulator.SimDeviceType.iPad-2)
iPad Retina (com.apple.CoreSimulator.SimDeviceType.iPad-Retina)
iPad Air (com.apple.CoreSimulator.SimDeviceType.iPad-Air)
iPad Air 2 (com.apple.CoreSimulator.SimDeviceType.iPad-Air-2)
iPad Pro (9.7-inch) (com.apple.CoreSimulator.SimDeviceType.iPad-Pro--9-7-inch-)
iPad Pro (12.9-inch) (com.apple.CoreSimulator.SimDeviceType.iPad-Pro)
Apple TV 1080p (com.apple.CoreSimulator.SimDeviceType.Apple-TV-1080p)
Apple Watch - 38mm (com.apple.CoreSimulator.SimDeviceType.Apple-Watch-38mm)
Apple Watch - 42mm (com.apple.CoreSimulator.SimDeviceType.Apple-Watch-42mm)
Apple Watch Series 2 - 38mm (com.apple.CoreSimulator.SimDeviceType.Apple-Watch-Series-2-38mm)
Apple Watch Series 2 - 42mm (com.apple.CoreSimulator.SimDeviceType.Apple-Watch-Series-2-42mm)
== Runtimes ==
iOS 8.1 (8.1 - 12B411) (com.apple.CoreSimulator.SimRuntime.iOS-8-1)
iOS 8.2 (8.2 - 12D508) (com.apple.CoreSimulator.SimRuntime.iOS-8-2)
iOS 8.3 (8.3 - 12F70) (com.apple.CoreSimulator.SimRuntime.iOS-8-3)
iOS 8.4 (8.4 - 12H141) (com.apple.CoreSimulator.SimRuntime.iOS-8-4)
iOS 9.0 (9.0 - 13A344) (com.apple.CoreSimulator.SimRuntime.iOS-9-0)
iOS 9.1 (9.1 - 13B143) (com.apple.CoreSimulator.SimRuntime.iOS-9-1)
iOS 9.2 (9.2 - 13C75) (com.apple.CoreSimulator.SimRuntime.iOS-9-2)
iOS 9.3 (9.3 - 13E233) (com.apple.CoreSimulator.SimRuntime.iOS-9-3)
iOS 10.0 (10.0 - 14A345) (com.apple.CoreSimulator.SimRuntime.iOS-10-0)
iOS 10.1 (10.1 - 14B72) (com.apple.CoreSimulator.SimRuntime.iOS-10-1)
iOS 10.2 (10.2 - 14C89) (com.apple.CoreSimulator.SimRuntime.iOS-10-2)
tvOS 9.0 (9.0 - 13T395) (com.apple.CoreSimulator.SimRuntime.tvOS-9-0)
tvOS 9.1 (9.1 - 13U85) (com.apple.CoreSimulator.SimRuntime.tvOS-9-1)
tvOS 9.2 (9.2 - 13Y234) (com.apple.CoreSimulator.SimRuntime.tvOS-9-2)
tvOS 10.0 (10.0 - 14T328) (com.apple.CoreSimulator.SimRuntime.tvOS-10-0)
tvOS 10.1 (10.1 - 14U591) (com.apple.CoreSimulator.SimRuntime.tvOS-10-1)
watchOS 2.0 (2.0 - 13S343) (com.apple.CoreSimulator.SimRuntime.watchOS-2-0)
watchOS 2.1 (2.1 - 13S661) (com.apple.CoreSimulator.SimRuntime.watchOS-2-1)
watchOS 2.2 (2.2 - 13V144) (com.apple.CoreSimulator.SimRuntime.watchOS-2-2)
watchOS 3.1 (3.1 - 14S471a) (com.apple.CoreSimulator.SimRuntime.watchOS-3-1)
== Devices ==
-- iOS 8.1 --
    iPhone 4s (2F4CFA03-AF61-4F41-AB9A-965EF7527B19) (Shutdown)
    iPhone 5 (F94DDF76-7E38-4B22-8B4B-62B8282EDD47) (Shutdown)
    iPhone 5s (F1225347-078A-4654-8A61-C22319D57FE3) (Shutdown)
    iPhone 6 (13377F93-02C9-4CB3-AF44-579D767DC0BB) (Shutdown)
    iPhone 6 Plus (0E533CA0-99DE-487A-B130-233F129BBD1D) (Shutdown)
    iPad 2 (C4A66473-2247-4FC7-9AC4-7DD6677E5A1C) (Shutdown)
    iPad Retina (43A32528-D257-4B1D-9A49-EA1CB2E449F3) (Shutdown)
    iPad Air (FAFC000E-F8C6-4B1A-BE17-97C3C47ECEA7) (Shutdown)
-- iOS 8.2 --
    iPhone 4s (9655BD3A-478C-44F7-B7A5-EEA60CD3AD40) (Shutdown)
    iPhone 5 (81B82C6C-8F8F-493C-A79E-2DAB3E7E4EA7) (Shutdown)
    iPhone 5s (70357F01-0AAD-4B81-B316-0E96479D2C9F) (Shutdown)
    iPhone 6 (3E670D4F-8864-4522-9D2B-DEA8BE9EA62A) (Shutdown)
    iPhone 6 Plus (6855CCD0-A6B7-4542-9B21-6CCA5FA81864) (Shutdown)
    iPad 2 (C2D4597F-8E84-4A02-B383-972B4E58AEE3) (Shutdown)
    iPad Retina (B87BA2B1-8998-483B-BD79-5B8D551F6ABF) (Shutdown)
    iPad Air (9D5D692A-D214-4208-A23E-C27B5D5A6A06) (Shutdown)
-- iOS 8.3 --
    iPhone 4s (7C9E7493-B7FC-416E-A9D2-4EC184E936C1) (Shutdown)
    iPhone 5 (B9B65DFE-1935-44F6-B183-9CCD9528549C) (Shutdown)
    iPhone 5s (2BACF3AB-A446-4188-906C-176A2580F7C0) (Shutdown)
    iPhone 6 (601F244E-82DB-4683-8CD0-C3278F4EF17A) (Shutdown)
    iPhone 6 Plus (EDBD52B2-406A-499E-BD51-AEDBAB8AD233) (Shutdown)
    iPad 2 (BF8C14AE-6DDA-4E5E-8D20-C374A72E0ADA) (Shutdown)
    iPad Retina (66395449-D6D6-4F20-815E-D9544A4D1ADF) (Shutdown)
    iPad Air (CC935869-6314-45D8-97F7-03FE0AFE0782) (Shutdown)
-- iOS 8.4 --
    iPhone 4s (A35F5C55-D273-4CEB-8C65-BB9EBBEAA2FB) (Shutdown)
    iPhone 5 (594EDF41-61F2-4AFE-BE65-696E1FC6AE8C) (Shutdown)
    iPhone 5s (9D1484E3-4B84-4149-9B3D-476E35D07079) (Shutdown)
    iPhone 6 (8FE21E52-2659-4D77-97B9-4A1460D8961D) (Shutdown)
    iPhone 6 Plus (E2252DB8-CEEA-4477-A51D-64108AA7CAEE) (Shutdown)
    iPad 2 (7A49206B-1979-4431-A9E9-0C01A306ECD4) (Shutdown)
    iPad Retina (175F4C00-B502-4618-B6ED-6F2D965870CC) (Shutdown)
    iPad Air (227C1ED1-D31A-45FF-B624-E42A36058E0C) (Shutdown)
-- iOS 9.0 --
    iPhone 4s (67C3D1DD-CC30-4B35-B27F-F35CFC440D24) (Shutdown)
    iPhone 5 (BC20CBA9-B68A-43A8-8459-2F0BCD2EA21E) (Shutdown)
    iPhone 5s (E83B3E4E-8E99-4744-9916-9D183A5C4446) (Shutdown)
    iPhone 6 (181EEEB2-B315-4CAB-BEB6-5E89E21E2BD8) (Shutdown)
    iPhone 6 Plus (5C36073A-DE76-4018-BCF0-FD75C9675086) (Shutdown)
    iPhone 6s (B1CBA372-E620-4F2F-8C85-BA1B38E2B185) (Shutdown)
    iPhone 6s Plus (229B4801-E6C5-4CC1-8459-F3E7D9F9BFC0) (Shutdown)
    iPad 2 (6DFD4ECD-FF1F-4E3F-A280-49EF4E47F294) (Shutdown)
    iPad Retina (CD94E289-66B1-4D1F-B924-005FE7444FE9) (Shutdown)
    iPad Air (98D800F9-B091-40C5-A956-98CEC6866475) (Shutdown)
    iPad Air 2 (A110F39F-901B-48B9-A870-C40B40ABD94B) (Shutdown)
-- iOS 9.1 --
    iPhone 4s (357AC787-B9F1-4B33-960B-07BCB2EBB810) (Shutdown)
    iPhone 5 (ABB7A73A-4018-4F44-B21D-D49012C8DEE4) (Shutdown)
    iPhone 5s (4459B8AD-52D6-4442-8BD3-09D1CC16F593) (Shutdown)
    iPhone 6 (53007707-990C-4C4E-A30E-7EC788632AD7) (Shutdown)
    iPhone 6 Plus (47CA7740-77EA-470B-A54E-321F192F7B8C) (Shutdown)
    iPhone 6s (9782C6D2-A8DF-40E1-A919-028C6E7F7374) (Shutdown)
    iPhone 6s Plus (1127CE07-633A-4FCE-9C5A-CD76CB41B1EA) (Shutdown)
    iPad 2 (A19E67B4-D357-4905-8D5F-A95B70917AC6) (Shutdown)
    iPad Retina (FFD1EE7F-6514-4EEC-80E1-5D10EFC8B61C) (Shutdown)
    iPad Air (8E3C57EA-365E-4918-810A-B7278835AA84) (Shutdown)
    iPad Air 2 (07BD8DAD-B21E-4F6A-B382-D5CB0BEF4699) (Shutdown)
    iPad Pro (BEC05A5D-AC40-434E-9766-38F3EE4CD370) (Shutdown)
-- iOS 9.2 --
    iPhone 4s (844B0D7D-AB7D-4441-A3C5-D5B99416FA24) (Shutdown)
    iPhone 5 (20128BF3-FD46-4BDB-8636-33217721F254) (Shutdown)
    iPhone 5s (4BDF1FB0-68BB-4A25-B8F0-D06F8126B1AD) (Shutdown)
    iPhone 6 (C48B3247-4E95-4A8E-A808-3B1BF739C65C) (Shutdown)
    iPhone 6 Plus (D6B9AA3E-D42C-45E1-B9F5-F50747322322) (Shutdown)
    iPhone 6s (D6D15734-D171-4D23-8E92-75DDFD0A5049) (Shutdown)
    iPhone 6s Plus (23686E31-FE1D-4630-942A-1CD1F6FA867E) (Shutdown)
    iPad 2 (03DE9B48-FC71-4D27-9D88-2A2EEE3634EB) (Shutdown)
    iPad Retina (BD1A56D5-D17E-4455-8E92-55C74B022895) (Shutdown)
    iPad Air (0201D76C-7C70-42A2-BD51-DD2E71FD538D) (Shutdown)
    iPad Air 2 (5058E1DD-4A0B-4C39-B2CD-8C2C528D0793) (Shutdown)
    iPad Pro (B8394D1C-9FE2-4467-80E1-2B7D84362906) (Shutdown)
-- iOS 9.3 --
    iPhone 4s (2CC34AD5-B806-4BBE-AC5B-798A1A293B7D) (Shutdown)
    iPhone 5 (F905BC96-15D2-4595-8098-5F39416355F5) (Shutdown)
    iPhone 5s (1C1A6668-CE70-4BB3-A6CE-58317F49E21B) (Shutdown)
    iPhone 6 (CBCA2968-7E22-4F12-B749-D2D228DA9E3A) (Shutdown)
    iPhone 6 Plus (8BB6C87D-3A9D-460F-9CB8-FE02FC0216EE) (Shutdown)
    iPhone 6s (2A37ACE3-8BD6-4F05-8639-C83E88862D98) (Shutdown)
    iPhone 6s Plus (85D5CF06-CAC1-4007-9E52-9B3DE0ADC669) (Shutdown)
    iPad 2 (69574CFA-D4E8-482F-85DF-2D77B8C9257D) (Shutdown)
    iPad Retina (7012FAD7-C29F-464D-9DA6-C1F3DF5D6606) (Shutdown)
    iPad Air (489236F3-8CA4-4643-BC8E-ED90B5B959C7) (Shutdown)
    iPad Air 2 (B6B46648-AB6F-4990-8F6F-5B559AA39AF5) (Shutdown)
    iPad Pro (BDDB4970-D21F-4796-B194-0F21F7B57380) (Shutdown)
-- iOS 10.0 --
    iPhone 5 (0C056DA6-233B-438F-88E2-7FF640B54B78) (Shutdown)
    iPhone 5s (D6F3D30C-A6BF-45C4-9129-48BC731518D6) (Shutdown)
    iPhone 6 (9078748A-7647-4590-89DC-479E52365485) (Shutdown)
    iPhone 6 Plus (597C7EB4-C4D1-440D-B039-999AA77AFF1F) (Shutdown)
    iPhone 6s (C4139D5B-7D7A-4BE2-9313-FA19D22B7F1D) (Shutdown)
    iPhone 6s Plus (248DAA9D-DEBD-44AD-A274-C67703B80F5E) (Shutdown)
    iPhone SE (873E6669-7B0F-43DF-8E36-C892E5E27D3E) (Shutdown)
    iPad Retina (74A013E9-8C05-4C14-B7B1-F06D353C4A14) (Shutdown)
    iPad Air (058A2CB5-FE8A-4773-97C5-CA1D8B6F3C3C) (Shutdown)
    iPad Air 2 (A118E421-8017-49F9-825B-4CFDB22051B1) (Shutdown)
    iPad Pro (9.7 inch) (EF13F682-4397-4096-87EE-2B75D369B991) (Shutdown)
    iPad Pro (12.9 inch) (58E9742F-1F32-45BD-A924-CBFB2A95C818) (Shutdown)
-- iOS 10.1 --
    iPhone 5 (958CF9D3-851E-4DA2-83C7-B1100D142757) (Shutdown)
    iPhone 5s (31F6C385-01C5-4871-A9A8-1F9881E3C42B) (Shutdown)
    iPhone 6 (8333E053-8342-4554-9DD9-D8DEF516413C) (Shutdown)
    iPhone 6 Plus (36B92898-1CF1-4FED-B888-FB053D745E03) (Shutdown)
    iPhone 6s (38572457-B5EF-4AA9-9044-E546E1A78608) (Shutdown)
    iPhone 6s Plus (38363F0F-0B4A-420B-9F48-DA80788F2C42) (Shutdown)
    iPhone 7 (4F0D552E-0537-42B7-A11A-90B15B20BC2F) (Shutdown)
    iPhone 7 Plus (C53A8205-316F-4FF4-BF99-B41238FA6DF6) (Shutdown)
    iPhone SE (33332E5C-6810-42A7-AA13-7CC65804D83B) (Shutdown)
    iPad Retina (86B5A021-D005-4055-8D90-3999B8671770) (Shutdown)
    iPad Air (859CA1D6-3460-4CE4-B06C-6C18D3A0BE30) (Shutdown)
    iPad Air 2 (435A620E-826F-4DED-8094-B44D4E94D0C6) (Shutdown)
    iPad Pro (9.7 inch) (1A5F2233-DD09-4C49-BAE5-9632671B4966) (Shutdown)
    iPad Pro (12.9 inch) (C3E4B95D-1CDE-40F3-BB27-1F0FA2B40721) (Shutdown)
-- iOS 10.2 --
    iPhone 5 (63754063-214B-4FD0-87B5-92B275C22454) (Shutdown)
    iPhone 5s (B3DDC1A8-AED2-4CB1-9040-89ED8995C941) (Shutdown)
    iPhone 6 (0F1E7A6E-2DB0-43A8-ACB5-67836687910D) (Shutdown)
    iPhone 6 Plus (B2FEC77F-72B1-474D-B42B-36FDA82E3C66) (Shutdown)
    iPhone 6s (08F4A7E0-59C8-4AF0-A877-FED810B9E7C4) (Shutdown)
    iPhone 6s Plus (26FFA2D4-E316-474C-8B91-9B73C8B5A14B) (Shutdown)
    iPhone 7 (9AC60E75-8075-481D-87FB-47B722A7F506) (Shutdown)
    iPhone 7 Plus (B19C2BB8-0677-483F-9C4D-DAB679EC1A12) (Shutdown)
    iPhone SE (21D7AECA-4D06-48AE-84A4-55D3C4E8821F) (Shutdown)
    iPad Retina (E91AB779-2F41-4981-B367-351C6F155FDA) (Shutdown)
    iPad Air (2B668130-E845-4DF9-9B3B-F3790EDE3BB5) (Shutdown)
    iPad Air 2 (D2BB4CB9-6B78-4927-BF45-448CAFD5DF15) (Shutdown)
    iPad Pro (9.7 inch) (B41600FA-18DE-40BD-95ED-7D1FF8C662B8) (Shutdown)
    iPad Pro (12.9 inch) (04A50C14-C5BF-43F7-9D5B-9F27A5F92605) (Shutdown)
-- tvOS 9.0 --
    Apple TV 1080p (B9CFA8A9-6CD1-47A6-9143-4099A1EE6F19) (Shutdown)
-- tvOS 9.1 --
    Apple TV 1080p (7789BE52-77A4-483C-867F-C88173F2336B) (Shutdown)
-- tvOS 9.2 --
    Apple TV 1080p (CDE87EB5-AE33-4A80-B442-5FACB038501C) (Shutdown)
-- tvOS 10.0 --
    Apple TV 1080p (AA6AEDCC-0FBE-42E9-8429-78870CB712BF) (Shutdown)
-- tvOS 10.1 --
    Apple TV 1080p (342C92AB-129D-462C-90EE-AD1D99CE2452) (Shutdown)
-- watchOS 2.0 --
    Apple Watch - 38mm (552E6B28-891A-483B-BA13-A8D26A08C13A) (Shutdown)
    Apple Watch - 42mm (EFD4C4B5-67DB-4FD6-8B95-005F5E87AD3A) (Shutdown)
-- watchOS 2.1 --
    Apple Watch - 38mm (AF921455-0CF5-443C-ADB9-EE01F1B5F0E9) (Shutdown)
    Apple Watch - 42mm (C0FB446F-7560-4BCC-A530-AD1C76BEDB39) (Shutdown)
-- watchOS 2.2 --
    Apple Watch - 38mm (BD91BBD6-C43A-4F20-84BF-F141D1587C01) (Shutdown)
    Apple Watch - 42mm (F46C3BBA-1993-4472-809A-E07F9110669F) (Shutdown)
-- watchOS 3.1 --
    Apple Watch - 38mm (3F1955AD-78C5-4FAE-B9BC-97FA600123A6) (Shutdown)
    Apple Watch - 42mm (3BC34EE0-1149-4C30-AAF0-2C72BC81DA63) (Shutdown)
    Apple Watch Series 2 - 38mm (2359714C-9DC8-492B-A181-E6D5EA092516) (Shutdown)
    Apple Watch Series 2 - 42mm (A45F3B25-2231-40F6-A3E9-8F6940EA8CE9) (Shutdown)
== Device Pairs ==
8D1E6202-291C-44EE-8DBA-282FA7CE68C9 (active, disconnected)
    Watch: Apple Watch Series 2 - 38mm (2359714C-9DC8-492B-A181-E6D5EA092516) (Shutdown)
    Phone: iPhone 7 (9AC60E75-8075-481D-87FB-47B722A7F506) (Shutdown)
B3AFAADE-641A-43F6-851E-F35D91DE8A1E (active, disconnected)
    Watch: Apple Watch Series 2 - 42mm (A45F3B25-2231-40F6-A3E9-8F6940EA8CE9) (Shutdown)
    Phone: iPhone 7 Plus (B19C2BB8-0677-483F-9C4D-DAB679EC1A12) (Shutdown)

========================================


=== OS X info =========================

* sw_vers
ProductName:	Mac OS X
ProductVersion:	10.12.2
BuildVersion:	16C67

* system_profiler SPSoftwareDataType
Software:

    System Software Overview:

      System Version: macOS 10.12.2 (16C67)
      Kernel Version: Darwin 16.3.0
      Boot Volume: Macintosh HD
      Boot Mode: Normal
      Computer Name: controlosxstageahostondemandinternaltest.local
      User Name: vagrant (vagrant)
      Secure Virtual Memory: Enabled
      System Integrity Protection: Enabled
      Time since boot: 2 minutes


========================================


=== System infos =======================
* Free disk space: /dev/disk0s2  199Gi  121Gi   78Gi    61% 2356505 4292610774    0%   /
========================================


=== Xamarin specific ===================

--- Xamarin

* Xamarin Studio
Release ID: 602001515
Git revision: cfc4fa15c4fd06398d8e58495740401bc6337c51
Build date: 2016-12-08 12:52:28-05

* Mono version:
Mono JIT compiler version 4.8.0 (mono-4.8.0-branch/aca1492 Tue Dec  6 18:57:40 EST 2016)
Copyright (C) 2002-2014 Novell, Inc, Xamarin Inc and Contributors. www.mono-project.com
	TLS:           normal
	SIGSEGV:       altstack
	Notification:  kqueue
	Architecture:  x86
	Disabled:      none
	Misc:          softdebug 
	LLVM:          yes(3.6.0svn-mono-master/8b1520c)
	GC:            sgen
* Mono path:
/Library/Frameworks/Mono.framework/Versions/Current/Commands/mono

* Xamarin.Android
7.1.0

* Xamarin.iOS
mtouch 10.4.0.41 (master: b4a4382)

--- Android

* ANDROID_HOME (/Users/vagrant/Library/Developer/Xamarin/android-sdk-macosx) content:
SDK Readme.txt
add-ons
build-tools
extras
platform-tools
platforms
system-images
temp
tools

* ANDROID_NDK_HOME (/Users/vagrant/Library/Developer/Xamarin/android-ndk/android-ndk-r11c) content:
CHANGELOG.md
build
ndk-build
ndk-depends
ndk-gdb
ndk-stack
ndk-which
platforms
prebuilt
python-packages
source.properties
sources
toolchains

* platform-tools content:
NOTICE.txt
adb
api
dmtracedump
etc1tool
fastboot
hprof-conv
lib
source.properties
sqlite3
systrace

* build-tools content:
17.0.0
19.1.0
20.0.0
21.1.2
22.0.1
23.0.1
23.0.2
23.0.3
24.0.0
24.0.1
24.0.2
24.0.3
25.0.0
25.0.1
25.0.2

* extras content:
/Users/vagrant/Library/Developer/Xamarin/android-sdk-macosx/extras
├── android
│   └── m2repository
└── google
    ├── google_play_services
    └── m2repository

5 directories, 0 files

* platforms content:
android-10
android-15
android-17
android-19
android-20
android-21
android-22
android-23
android-24
android-25

* system-images content:
/Users/vagrant/Library/Developer/Xamarin/android-sdk-macosx/system-images
├── android-15
│   └── default
│       └── armeabi-v7a
├── android-17
│   └── default
│       └── armeabi-v7a
├── android-19
│   └── default
│       └── armeabi-v7a
├── android-21
│   └── default
│       └── armeabi-v7a
├── android-22
│   └── default
│       └── armeabi-v7a
├── android-23
│   └── google_apis
│       ├── armeabi-v7a
│       └── x86
└── android-24
    └── default
        └── armeabi-v7a

22 directories, 0 files
========================================


=== Environment infos =======================
MATCH_KEYCHAIN_PASSWORD environment set
========================================


=== Control tests ======================
source $HOME/.bash_profile ...
source $HOME/.bash_profile - PASSED
========================================

