 (i) Ignore Errors: enabled

#
# This System Report was generated by: https://github.com/bitrise-io/osx-box-bootstrap/blob/master/system_report.sh
#  Pull Requests are welcome!
#


=== Revision / ID ======================
* BITRISE_OSX_STACK_REV_ID: 2016_01_13_1
========================================


=== Pre-installed tool versions ========
* Go: go version go1.5.2 darwin/amd64
* Ruby: ruby 2.2.4p230 (2015-12-16 revision 53155) [x86_64-darwin15]
* Python: Python 2.7.10
* Node.js: v5.4.0
* NPM: 3.3.12
./system_report.sh: line 34: yarn: command not found
* Yarn: 
* Java: No Java runtime present, requesting install.

* git: git version 2.7.0
git: 'lfs' is not a git command. See 'git --help'.

Did you mean this?
	log
* git lfs: 
* mercurial/hg: Mercurial Distributed SCM (version 3.6.3)
* curl: curl 7.43.0 (x86_64-apple-darwin15.0) libcurl/7.43.0 SecureTransport zlib/1.2.5
* wget: GNU Wget 1.17.1 built on darwin15.2.0.
* rsync: rsync  version 2.6.9  protocol version 29
* unzip: UnZip 5.52 of 28 February 2005, by Info-ZIP.  Maintained by C. Spieler.  Send
* zip: This is Zip 3.0 (July 5th 2008), by Info-ZIP.
* tar: bsdtar 2.8.3 - libarchive 2.8.3
* tree: tree v1.7.0 (c) 1996 - 2014 by Steve Baker, Thomas Moore, Francesc Rocher, Florian Sesser, Kyosuke Tokoro 

* brew: Homebrew >1.1.0 (no git repository)
Homebrew/homebrew-core (git revision 18dd; last commit 2017-03-17)
* xctool: 0.2.7
* Ansible: ansible 2.0.0.0
* gtimeout: timeout (GNU coreutils) 8.24
* watchman: 4.1.0
* flow: Flow, a static type checker for JavaScript, version 0.20.1
./system_report.sh: line 64: carthage: command not found
* carthage: 
./system_report.sh: line 65: convert: command not found
* imagemagick (convert): 
./system_report.sh: line 66: ps2ascii: command not found
* ghostscript (ps2ascii): 
./system_report.sh: line 70: wine: command not found
* wine: 

--- Bitrise CLI tool versions
* bitrise: 1.5.5
* stepman: 0.9.29
* envman: 1.1.3
* bitrise-bridge: 0.9.11
* cmd-bridge: 0.9.5
========================================


=== Ruby GEMs ==========================
* Rubygems: 2.4.5.1
* Bundler: Bundler version 1.11.2
* CocoaPods: 0.39.0
* fastlane: fastlane 1.50.0
* xcpretty: 0.2.2
* Nomad CLI: 2.4.5.1
* Nomad CLI IPA / Shenzhen: ipa 0.14.2
========================================


=== All Ruby GEMs ======================
activesupport (4.2.5)
addressable (2.3.8)
autoparse (0.3.3)
aws-sdk (1.66.0)
aws-sdk-v1 (1.66.0)
babosa (1.0.2)
bigdecimal (1.2.6)
bundler (1.11.2)
cert (1.2.8)
certified (1.0.0)
claide (0.9.1)
cocoapods (0.39.0)
cocoapods-core (0.39.0)
cocoapods-downloader (0.9.3)
cocoapods-plugins (0.4.2)
cocoapods-search (0.1.0)
cocoapods-stats (0.6.2)
cocoapods-trunk (0.6.4)
cocoapods-try (0.5.1)
coderay (1.1.0)
colored (1.2)
commander (4.3.5)
credentials_manager (0.14.0)
cupertino (1.3.4)
deliver (1.7.0)
domain_name (0.5.25)
dotenv (2.0.2)
dubai (0.1.0)
escape (0.0.4)
excon (0.45.4)
extlib (0.9.16)
faraday (0.9.2, 0.8.11)
faraday-cookie_jar (0.0.6)
faraday_middleware (0.10.0)
fastimage (1.6.8)
fastlane (1.50.0)
fastlane_core (0.32.1)
frameit (2.4.1)
fuzzy_match (2.0.4)
google-api-client (0.8.6)
googleauth (0.5.1)
gym (1.4.0)
highline (1.7.8)
houston (2.2.3)
http-cookie (1.0.2)
i18n (0.7.0)
io-console (0.4.3)
json (1.8.1)
jwt (1.5.2)
krausefx-shenzhen (0.14.7)
launchy (2.4.3)
little-plugger (1.1.4)
logging (2.0.0)
match (0.2.4)
mechanize (2.5.1)
memoist (0.14.0)
method_source (0.8.2)
mime-types (1.25.1)
mini_magick (4.0.4)
mini_portile2 (2.0.0)
minitest (5.4.3)
molinillo (0.4.1)
multi_json (1.11.2)
multi_xml (0.5.5)
multipart-post (1.2.0)
nap (1.0.0)
net-http-digest_auth (1.4)
net-http-persistent (2.9.4)
net-sftp (2.1.2)
net-ssh (3.0.2)
netrc (0.7.8)
nokogiri (1.6.7.1)
nomad-cli (0.0.2)
ntlm-http (0.1.1)
os (0.9.6)
pem (1.1.1)
pilot (1.2.1)
plist (3.1.0)
power_assert (0.2.2)
produce (1.1.1)
pry (0.10.3)
psych (2.0.8)
rack (1.6.4)
rack-protection (1.5.3)
rake (10.4.2)
rdoc (4.2.0)
retriable (1.4.1)
rouge (1.10.1)
rubyzip (1.1.7)
scan (0.4.1)
security (0.1.3)
sentry-raven (0.15.3)
shenzhen (0.14.2)
sigh (1.2.2)
signet (0.7.2)
sinatra (1.4.6)
slack-notifier (1.5.1)
slop (3.6.0)
snapshot (1.4.4)
spaceship (0.19.0)
supply (0.3.0)
term-ansicolor (1.0.7)
terminal-notifier (1.6.3)
terminal-table (1.4.5)
test-unit (3.0.8)
thread_safe (0.3.5)
tilt (2.0.2)
tzinfo (1.2.2)
unf (0.1.4)
unf_ext (0.0.7.1)
venice (0.2.0)
webrobots (0.1.2)
xcode-install (1.0.1)
xcodeproj (0.28.2)
xcpretty (0.2.2)
xcpretty-travis-formatter (0.0.4)
========================================


=== NPM global packages ==========================
./system_report.sh: line 105: cordova: command not found
* Cordova: 
./system_report.sh: line 106: ionic: command not found
* Ionic: 
========================================


=== Checking Xcode CLT dirs ============

 * ls -1 /usr/include/CommonCrypto
CommonCrypto.h
CommonCryptoError.h
CommonCryptor.h
CommonDigest.h
CommonHMAC.h
CommonKeyDerivation.h
CommonRandom.h
CommonSymmetricKeywrap.h

 * ls -1 /Library/Developer/CommandLineTools/
Library
usr

 * /Library/Developer/CommandLineTools/usr/bin/swift --version
Apple Swift version 2.1.1 (swiftlang-700.1.101.15 clang-700.1.81)
Target: x86_64-apple-darwin15.2.0

========================================


=== Xcode ==============================

* Active Xcode Command Line Tools:
/Applications/Xcode.app/Contents/Developer

* Xcode Version:
Xcode 6.4
Build version 6E35b

* Installed SDKs:
OS X SDKs:
	OS X 10.9                     	-sdk macosx10.9
	OS X 10.10                    	-sdk macosx10.10

iOS SDKs:
	iOS 8.4                       	-sdk iphoneos8.4

iOS Simulator SDKs:
	Simulator - iOS 8.4           	-sdk iphonesimulator8.4


* Available Simulators:
== Device Types ==
iPhone 4s (com.apple.CoreSimulator.SimDeviceType.iPhone-4s)
iPhone 5 (com.apple.CoreSimulator.SimDeviceType.iPhone-5)
iPhone 5s (com.apple.CoreSimulator.SimDeviceType.iPhone-5s)
iPhone 6 Plus (com.apple.CoreSimulator.SimDeviceType.iPhone-6-Plus)
iPhone 6 (com.apple.CoreSimulator.SimDeviceType.iPhone-6)
iPad 2 (com.apple.CoreSimulator.SimDeviceType.iPad-2)
iPad Retina (com.apple.CoreSimulator.SimDeviceType.iPad-Retina)
iPad Air (com.apple.CoreSimulator.SimDeviceType.iPad-Air)
Resizable iPhone (com.apple.CoreSimulator.SimDeviceType.Resizable-iPhone)
Resizable iPad (com.apple.CoreSimulator.SimDeviceType.Resizable-iPad)
== Runtimes ==
iOS 7.1 (7.1 - 11D167) (com.apple.CoreSimulator.SimRuntime.iOS-7-1)
iOS 8.1 (8.1 - 12B411) (com.apple.CoreSimulator.SimRuntime.iOS-8-1)
iOS 8.2 (8.2 - 12D508) (com.apple.CoreSimulator.SimRuntime.iOS-8-2)
iOS 8.3 (8.3 - 12F70) (com.apple.CoreSimulator.SimRuntime.iOS-8-3)
iOS 8.4 (8.4 - 12H141) (com.apple.CoreSimulator.SimRuntime.iOS-8-4)
== Devices ==
-- iOS 7.1 --
    iPhone 4s (1EEE02B4-8911-4655-B610-91BE65628874) (Shutdown)
    iPhone 5 (789828A2-3949-4912-9FD9-FC9F7A3E3A76) (Shutdown)
    iPhone 5s (4CEF8566-BA1A-4A50-847E-22CC70D9EC69) (Shutdown)
    iPad 2 (E9E8CD51-1EBD-4810-8808-4E64A201EAAB) (Shutdown)
    iPad Retina (7A9DDC99-FE5D-42D4-8FED-07394C0CD7B3) (Shutdown)
    iPad Air (42E1F778-D215-47A5-8E1A-950410A3D809) (Shutdown)
-- iOS 8.1 --
    iPhone 4s (6D71E37B-A8EA-43B9-88F1-0C069CEF10E7) (Shutdown)
    iPhone 5 (DF1936E2-3C77-4960-8FC6-9DFD16B67218) (Shutdown)
    iPhone 5s (170929CA-E588-477C-B88F-17BC0143A9DA) (Shutdown)
    iPhone 6 Plus (212040D7-2632-4939-B2D9-5E579B891648) (Shutdown)
    iPhone 6 (DF7D2E9D-9B52-4F8D-B472-0BBE27C02783) (Shutdown)
    iPad 2 (19D8A555-A590-4F82-9CEB-503AC3FFFD9E) (Shutdown)
    iPad Retina (56C6B6E3-171F-4DBA-B19A-5B85F3D7AC78) (Shutdown)
    iPad Air (57BC37C9-BD2D-420B-86A2-FE1943865B3E) (Shutdown)
    Resizable iPhone (E732483C-1DB9-4D16-A844-7261A247B250) (Shutdown)
    Resizable iPad (1A433C66-520F-458C-9A29-4F83D29ED625) (Shutdown)
-- iOS 8.2 --
    iPhone 4s (3963422B-10CE-4790-9313-2973984D30A4) (Shutdown)
    iPhone 5 (2C2DD894-D506-42CD-8823-24A397C8F361) (Shutdown)
    iPhone 5s (5869DFEA-E6DD-4325-96B0-39C027E15484) (Shutdown)
    iPhone 6 Plus (BC4104EB-3A74-4D38-B82A-E6A767576E5D) (Shutdown)
    iPhone 6 (836EF231-4FC9-4B88-94EA-DC24A54127A4) (Shutdown)
    iPad 2 (990DB328-1B45-4C14-9D16-321A23AF213F) (Shutdown)
    iPad Retina (9EF64E41-0A89-4CA3-9FF0-0BF128D74533) (Shutdown)
    iPad Air (CDE7854E-1EFE-48C0-B74E-65A43A1E909B) (Shutdown)
    Resizable iPhone (7574B1BC-F575-4F0E-908C-1FA341CE2FBE) (Shutdown)
    Resizable iPad (1876FCAC-9F32-409A-9AE9-8503DEF65A32) (Shutdown)
-- iOS 8.3 --
    iPhone 4s (4DEF54B2-7158-4946-877E-5CC5F5C9E8E9) (Shutdown)
    iPhone 5 (0233E0D2-C02D-4C30-A381-09F2E45C1360) (Shutdown)
    iPhone 5s (093C96A8-49C3-4BBE-A19C-1118610C1203) (Shutdown)
    iPhone 6 Plus (A5BD2B3F-12CC-44B4-B6F1-55CC529BD2C2) (Shutdown)
    iPhone 6 (4A2EC97E-C164-48B1-A8FF-CE320FE2FD90) (Shutdown)
    iPad 2 (84DEC202-7301-4ED1-844D-33A2ACF92E20) (Shutdown)
    iPad Retina (732B3254-C10E-4DAC-B715-CB43F0D21C1A) (Shutdown)
    iPad Air (96ACCC1E-1393-463A-A8E7-3B0E7D983C46) (Shutdown)
    Resizable iPhone (4C6D1968-185C-4536-A111-83F66F3AACBA) (Shutdown)
    Resizable iPad (CD3931C5-B932-4B2B-A3B7-80AC7EED2499) (Shutdown)
-- iOS 8.4 --
    iPhone 4s (2355148E-F620-4E43-B621-EE1D50A73D5D) (Shutdown)
    iPhone 5 (25CBBE35-DF99-4EA1-8CB3-FD5A7702C5F3) (Shutdown)
    iPhone 5s (6DF593D9-B42B-4B57-97B8-62266BD5B811) (Shutdown)
    iPhone 6 Plus (2F7A26EB-BAC4-4A22-93F5-7B7623D09E9C) (Shutdown)
    iPhone 6 (A34A03AD-E7D2-456B-878F-1606C3380205) (Shutdown)
    iPad 2 (AB3A0014-B836-450F-9DC8-B22FD8CD29E7) (Shutdown)
    iPad Retina (6F96FBB8-93B3-40E7-B98A-032735462277) (Shutdown)
    iPad Air (EC23DA06-9CFD-43BA-B968-7E479F2B808B) (Shutdown)
    Resizable iPhone (1D5F0F1C-F875-499B-A9A2-FB58A7DE4734) (Shutdown)
    Resizable iPad (10B74F74-49F1-4D9E-8C1A-99FFC664AA05) (Shutdown)

========================================


=== OS X info =========================

* sw_vers
ProductName:	Mac OS X
ProductVersion:	10.11.2
BuildVersion:	15C50

* system_profiler SPSoftwareDataType
Software:

    System Software Overview:

      System Version: OS X 10.11.2 (15C50)
      Kernel Version: Darwin 15.2.0
      Boot Volume: Macintosh HD
      Boot Mode: Normal
      Computer Name: controlosxstagebhostondemandinternaltest.local
      User Name: vagrant (vagrant)
      Secure Virtual Memory: Enabled
      System Integrity Protection: Enabled
      Time since boot: 1 minute


========================================


=== System infos =======================
* Free disk space: /dev/disk0s2   99Gi   32Gi   67Gi    33% 8504027 17500469   33%   /
========================================


=== Environment infos =======================
MATCH_KEYCHAIN_PASSWORD environment set
========================================


=== Control tests ======================
source $HOME/.bash_profile ...
source $HOME/.bash_profile - PASSED
========================================

