 (i) Ignore Errors: enabled

#
# This System Report was generated by: https://github.com/bitrise-io/osx-box-bootstrap/blob/master/system_report.sh
#  Pull Requests are welcome!
#


=== Revision / ID ======================
* BITRISE_OSX_STACK_REV_ID: v2021_03_19_2
========================================


=== Pre-installed tool versions ========
* Go: go version go1.15.7 darwin/amd64
* Python: Python 2.7.16
* Node.js: v12.20.1
* NPM: 6.14.10
* Yarn: 1.22.10
* Java: openjdk version "1.8.0_282"
OpenJDK Runtime Environment (AdoptOpenJDK)(build 1.8.0_282-b08)
OpenJDK 64-Bit Server VM (AdoptOpenJDK)(build 25.282-b08, mixed mode)
* Flutter: Flutter 1.22.6 • channel stable • https://github.com/flutter/flutter.git

* git: git version 2.30.1
* git lfs: git-lfs/2.13.2 (GitHub; darwin amd64; go 1.15.6)
* mercurial/hg: Mercurial Distributed SCM (version 5.7)
* curl: curl 7.64.1 (x86_64-apple-darwin19.0) libcurl/7.64.1 (SecureTransport) LibreSSL/2.8.3 zlib/1.2.11 nghttp2/1.39.2
* wget: GNU Wget 1.21.1 built on darwin19.6.0.
* rsync: rsync  version 2.6.9  protocol version 29
* unzip: UnZip 6.00 of 20 April 2009, by Info-ZIP.  Maintained by C. Spieler.  Send
* zip: This is Zip 3.0 (July 5th 2008), by Info-ZIP.
* tar: bsdtar 3.3.2 - libarchive 3.3.2 zlib/1.2.11 liblzma/5.0.5 bz2lib/1.0.6
* tree: tree v1.8.0 (c) 1996 - 2018 by Steve Baker, Thomas Moore, Francesc Rocher, Florian Sesser, Kyosuke Tokoro 

* brew: Homebrew 3.0.7
Homebrew/homebrew-core (git revision ea29526900; last commit 2021-02-10)
Homebrew/homebrew-cask (git revision 8c9c53ada1; last commit 2021-02-10)
* Ansible: ansible 2.10.5
  config file = /Users/vagrant/git/ansible.cfg
  configured module search path = ['/Users/vagrant/.ansible/plugins/modules', '/usr/share/ansible/plugins/modules']
  ansible python module location = /usr/local/Cellar/ansible/2.10.7/libexec/lib/python3.9/site-packages/ansible
  executable location = /usr/local/bin/ansible
* gtimeout: timeout (GNU coreutils) 8.32
* watchman: 4.9.0
* flow: Flow, a static type checker for JavaScript, version 0.144.0
* carthage: 0.37.0
* imagemagick (convert): Version: ImageMagick 7.0.10-62 Q16 x86_64 2021-02-07 https://imagemagick.org
* ghostscript (ps2ascii): 9.53.3
* screen: Screen version 4.08.00 (GNU) 05-Feb-20
* firebase: 9.6.0
* applesimutils version 0.9.2
* jq: 1.6
* Version: 0.8.1
* XCLogParser 0.2.21
* Screen 4.08.00
* applesimutils 0.9.2
* OpenConnect version v8.10
* aws-cli: aws-cli/2.1.25 Python/3.9.1 Darwin/19.6.0 source/x86_64 prompt/off
* cmake: 3.19.4

--- Bitrise CLI tool versions
* bitrise: 1.43.0
* stepman: 0.13.0
* envman: 2.3.0
* cmd-bridge: 0.9.5
========================================


=== Brew list versions ==================
ansible 2.10.7
ant 1.10.9
aom 2.0.1_1
applesimutils 0.9.2
autoconf 2.69
awscli 2.1.25
bdw-gc 8.0.4_2
c-ares 1.17.1
carthage 0.37.0
cmake 3.19.4
coreutils 8.32
docbook 5.1_1
docbook-xsl 1.79.2_1
flow 0.144.0
freetype 2.10.4
gdbm 1.18.1_1
gettext 0.21
ghostscript 9.53.3_1
git 2.30.1
git-lfs 2.13.2
glib 2.66.6
gmp 6.2.1
gnu-getopt 2.36.1
gnutls 3.6.15
go 1.15.7_1
gradle 6.8.2
guile 3.0.5
icu4c 67.1
ilmbase 2.5.4
imagemagick 7.0.10-62
jemalloc 5.2.1_1
jenv 0.5.4
jpeg 9d
jq 1.6
libde265 1.0.8
libev 4.33
libevent 2.1.12
libffi 3.3_2
libheif 1.11.0
libidn2 2.3.0
liblqr 0.4.2_1
libomp 11.0.1
libpng 1.6.37
libtasn1 4.16.0_1
libtiff 4.2.0
libtool 2.4.6_2
libunistring 0.9.10
libyaml 0.2.5
little-cms2 2.12
maven 3.6.3_1
mercurial 5.7
nettle 3.7
nghttp2 1.43.0
node 15.8.0
node@12 12.20.1
oniguruma 6.9.6
openconnect 8.10
openexr 2.5.4
openjdk 15.0.1
openjpeg 2.4.0
openssl@1.1 1.1.1i
p11-kit 0.23.22
pcre 8.44
pcre2 10.36
pkg-config 0.29.2_3
python@3.9 3.9.1_8
rbenv 1.1.2
readline 8.1
ruby-build 20210119
screen 4.8.0
shared-mime-info 2.1
sqlite 3.34.0
stoken 0.92_1
tcl-tk 8.6.11_1
tree 1.8.0
unbound 1.13.1
watchman 4.9.0_5
webp 1.2.0
wget 1.21.1
x265 3.4_2
xmlto 0.0.28
xz 5.2.5
yarn 1.22.10
========================================


=== Brew deps tree ==================
adoptopenjdk/openjdk/adoptopenjdk11

adoptopenjdk/openjdk/adoptopenjdk8

ansible
├── libyaml
├── openssl@1.1
└── python@3.9
    ├── gdbm
    ├── openssl@1.1
    ├── readline
    ├── sqlite
    │   └── readline
    ├── tcl-tk
    │   └── openssl@1.1
    └── xz

ant
└── openjdk

aom

wix/brew/applesimutils

autoconf

awscli
└── python@3.9
    ├── gdbm
    ├── openssl@1.1
    ├── readline
    ├── sqlite
    │   └── readline
    ├── tcl-tk
    │   └── openssl@1.1
    └── xz

bdw-gc

c-ares

carthage

cmake

coreutils

docbook

docbook-xsl
└── docbook

flow

freetype
└── libpng

gdbm

gettext

ghostscript
└── libtiff
    └── jpeg

git
├── gettext
└── pcre2

git-lfs

glib
├── gettext
├── libffi
├── pcre
└── python@3.9
    ├── gdbm
    ├── openssl@1.1
    ├── readline
    ├── sqlite
    │   └── readline
    ├── tcl-tk
    │   └── openssl@1.1
    └── xz

gmp

gnu-getopt

gnutls
├── gmp
├── guile
│   ├── bdw-gc
│   ├── gmp
│   ├── libffi
│   ├── libtool
│   ├── libunistring
│   ├── pkg-config
│   └── readline
├── libidn2
│   ├── gettext
│   └── libunistring
├── libtasn1
├── libunistring
├── nettle
│   └── gmp
├── p11-kit
│   └── libffi
└── unbound
    ├── libevent
    │   └── openssl@1.1
    ├── nghttp2
    │   ├── c-ares
    │   ├── jemalloc
    │   ├── libev
    │   └── openssl@1.1
    └── openssl@1.1

go

gradle
└── openjdk

guile
├── bdw-gc
├── gmp
├── libffi
├── libtool
├── libunistring
├── pkg-config
└── readline

icu4c

ilmbase

imagemagick
├── freetype
│   └── libpng
├── ghostscript
│   └── libtiff
│       └── jpeg
├── jpeg
├── libheif
│   ├── aom
│   ├── jpeg
│   ├── libde265
│   ├── libpng
│   ├── shared-mime-info
│   │   ├── gettext
│   │   ├── glib
│   │   │   ├── gettext
│   │   │   ├── libffi
│   │   │   ├── pcre
│   │   │   └── python@3.9
│   │   │       ├── gdbm
│   │   │       ├── openssl@1.1
│   │   │       ├── readline
│   │   │       ├── sqlite
│   │   │       │   └── readline
│   │   │       ├── tcl-tk
│   │   │       │   └── openssl@1.1
│   │   │       └── xz
│   │   └── xmlto
│   │       ├── docbook
│   │       ├── docbook-xsl
│   │       │   └── docbook
│   │       └── gnu-getopt
│   └── x265
├── liblqr
│   └── glib
│       ├── gettext
│       ├── libffi
│       ├── pcre
│       └── python@3.9
│           ├── gdbm
│           ├── openssl@1.1
│           ├── readline
│           ├── sqlite
│           │   └── readline
│           ├── tcl-tk
│           │   └── openssl@1.1
│           └── xz
├── libomp
├── libpng
├── libtiff
│   └── jpeg
├── libtool
├── little-cms2
│   ├── jpeg
│   └── libtiff
│       └── jpeg
├── openexr
│   └── ilmbase
├── openjpeg
│   ├── libpng
│   ├── libtiff
│   │   └── jpeg
│   └── little-cms2
│       ├── jpeg
│       └── libtiff
│           └── jpeg
├── webp
│   ├── jpeg
│   ├── libpng
│   └── libtiff
│       └── jpeg
└── xz

jemalloc

jenv

jpeg

jq
└── oniguruma

libde265

libev

libevent
└── openssl@1.1

libffi

libheif
├── aom
├── jpeg
├── libde265
├── libpng
├── shared-mime-info
│   ├── gettext
│   ├── glib
│   │   ├── gettext
│   │   ├── libffi
│   │   ├── pcre
│   │   └── python@3.9
│   │       ├── gdbm
│   │       ├── openssl@1.1
│   │       ├── readline
│   │       ├── sqlite
│   │       │   └── readline
│   │       ├── tcl-tk
│   │       │   └── openssl@1.1
│   │       └── xz
│   └── xmlto
│       ├── docbook
│       ├── docbook-xsl
│       │   └── docbook
│       └── gnu-getopt
└── x265

libidn2
├── gettext
└── libunistring

liblqr
└── glib
    ├── gettext
    ├── libffi
    ├── pcre
    └── python@3.9
        ├── gdbm
        ├── openssl@1.1
        ├── readline
        ├── sqlite
        │   └── readline
        ├── tcl-tk
        │   └── openssl@1.1
        └── xz

libomp

libpng

libtasn1

libtiff
└── jpeg

libtool

libunistring

libyaml

little-cms2
├── jpeg
└── libtiff
    └── jpeg

maven
└── openjdk

mercurial
└── python@3.9
    ├── gdbm
    ├── openssl@1.1
    ├── readline
    ├── sqlite
    │   └── readline
    ├── tcl-tk
    │   └── openssl@1.1
    └── xz

nettle
└── gmp

nghttp2
├── c-ares
├── jemalloc
├── libev
└── openssl@1.1

node
└── icu4c

node@12
└── icu4c

oniguruma

openconnect
├── gettext
├── gnutls
│   ├── gmp
│   ├── guile
│   │   ├── bdw-gc
│   │   ├── gmp
│   │   ├── libffi
│   │   ├── libtool
│   │   ├── libunistring
│   │   ├── pkg-config
│   │   └── readline
│   ├── libidn2
│   │   ├── gettext
│   │   └── libunistring
│   ├── libtasn1
│   ├── libunistring
│   ├── nettle
│   │   └── gmp
│   ├── p11-kit
│   │   └── libffi
│   └── unbound
│       ├── libevent
│       │   └── openssl@1.1
│       ├── nghttp2
│       │   ├── c-ares
│       │   ├── jemalloc
│       │   ├── libev
│       │   └── openssl@1.1
│       └── openssl@1.1
└── stoken
    └── nettle
        └── gmp

openexr
└── ilmbase

openjdk

openjpeg
├── libpng
├── libtiff
│   └── jpeg
└── little-cms2
    ├── jpeg
    └── libtiff
        └── jpeg

openssl@1.1

p11-kit
└── libffi

pcre

pcre2

pkg-config

python@3.9
├── gdbm
├── openssl@1.1
├── readline
├── sqlite
│   └── readline
├── tcl-tk
│   └── openssl@1.1
└── xz

rbenv
└── ruby-build
    ├── autoconf
    ├── pkg-config
    └── readline

readline

ruby-build
├── autoconf
├── pkg-config
└── readline

screen

shared-mime-info
├── gettext
├── glib
│   ├── gettext
│   ├── libffi
│   ├── pcre
│   └── python@3.9
│       ├── gdbm
│       ├── openssl@1.1
│       ├── readline
│       ├── sqlite
│       │   └── readline
│       ├── tcl-tk
│       │   └── openssl@1.1
│       └── xz
└── xmlto
    ├── docbook
    ├── docbook-xsl
    │   └── docbook
    └── gnu-getopt

sqlite
└── readline

stoken
└── nettle
    └── gmp

tcl-tk
└── openssl@1.1

tree

unbound
├── libevent
│   └── openssl@1.1
├── nghttp2
│   ├── c-ares
│   ├── jemalloc
│   ├── libev
│   └── openssl@1.1
└── openssl@1.1

watchman
├── openssl@1.1
├── pcre
└── python@3.9
    ├── gdbm
    ├── openssl@1.1
    ├── readline
    ├── sqlite
    │   └── readline
    ├── tcl-tk
    │   └── openssl@1.1
    └── xz

webp
├── jpeg
├── libpng
└── libtiff
    └── jpeg

wget
├── libidn2
│   ├── gettext
│   └── libunistring
└── openssl@1.1

x265

xmlto
├── docbook
├── docbook-xsl
│   └── docbook
└── gnu-getopt

xz

yarn
└── node
    └── icu4c

========================================


=== Ruby and rubygems ==================
* Ruby (default): ruby 2.6.5p114 (2019-10-01 revision 67812) [x86_64-darwin19]
--- Available ruby versions ---
  system
  2.4.5
  2.5.3
* 2.6.5 (set by /Users/vagrant/.rbenv/version)
-------------------------------
* rbenv: 1.1.2
* Rubygems: 3.0.3
* Bundler: Bundler version 2.1.4
* CocoaPods: 1.10.0
* xcpretty: 0.3.0
========================================


=== All Ruby GEMs ======================
activesupport (5.2.4.5)
addressable (2.7.0)
algoliasearch (1.27.5)
artifactory (3.0.15)
atomos (0.1.3)
aws-eventstream (1.1.1)
aws-partitions (1.431.1)
aws-sdk-core (3.112.1)
aws-sdk-kms (1.42.0)
aws-sdk-s3 (1.89.0)
aws-sigv4 (1.2.3)
babosa (1.0.4)
bigdecimal (default: 1.4.1)
bundler (2.1.4, default: 1.17.2)
CFPropertyList (3.0.3)
claide (1.0.3)
clamp (1.3.2)
cmath (default: 1.0.0)
cocoapods (1.10.0)
cocoapods-core (1.10.0)
cocoapods-deintegrate (1.0.4)
cocoapods-downloader (1.4.0)
cocoapods-plugins (1.0.0)
cocoapods-search (1.0.0)
cocoapods-trunk (1.5.0)
cocoapods-try (1.2.0)
colored (1.2)
colored2 (3.1.2)
commander-fastlane (4.4.6)
concurrent-ruby (1.1.8)
csv (default: 3.0.9)
date (default: 2.0.0)
dbm (default: 1.0.0)
declarative (0.0.20)
declarative-option (0.1.0)
did_you_mean (1.3.0)
digest-crc (0.6.3)
domain_name (0.5.20190701)
dotenv (2.7.6)
e2mmap (default: 0.1.0)
emoji_regex (3.2.2)
escape (0.0.4)
etc (default: 1.0.1)
ethon (0.12.0)
excon (0.79.0)
faraday (1.3.0)
faraday-cookie_jar (0.0.7)
faraday-net_http (1.0.1)
faraday_middleware (1.0.0)
fastimage (2.2.3)
fastlane (2.176.0, 2.166.0)
fcntl (default: 1.0.0)
ffi (1.15.0)
fiddle (default: 1.0.0)
fileutils (default: 1.1.0)
forwardable (default: 1.2.0)
fourflusher (2.3.1)
fuzzy_match (2.0.4)
gh_inspector (1.1.3)
google-api-client (0.38.0)
google-apis-core (0.3.0)
google-apis-iamcredentials_v1 (0.2.0)
google-apis-storage_v1 (0.3.0)
google-cloud-core (1.5.0)
google-cloud-env (1.4.0)
google-cloud-errors (1.0.1)
google-cloud-storage (1.30.0)
googleauth (0.16.0)
highline (1.7.10)
http-cookie (1.0.3)
httpclient (2.8.3)
i18n (1.8.9)
io-console (default: 0.4.7)
ipaddr (default: 1.2.2)
irb (default: 1.0.0)
jmespath (1.4.0)
json (default: 2.1.0)
jwt (2.2.2)
logger (default: 1.3.0)
matrix (default: 0.1.0)
memoist (0.16.2)
mini_magick (4.11.0)
mini_mime (1.0.2)
minitest (5.11.3)
molinillo (0.6.6)
multi_json (1.15.0)
multipart-post (2.0.0)
mutex_m (default: 0.1.0)
nanaimo (0.3.0)
nap (1.1.0)
naturally (2.2.1)
net-telnet (0.2.0)
netrc (0.11.0)
nokogiri (1.11.1 x86_64-darwin)
openssl (default: 2.1.2)
os (1.1.1)
ostruct (default: 0.1.0)
plist (3.6.0)
power_assert (1.1.3)
prime (default: 0.1.0)
psych (default: 3.1.0)
public_suffix (4.0.6)
racc (1.5.2)
rake (12.3.2)
rdoc (default: 6.1.2)
representable (3.0.4)
retriable (3.1.2)
rexml (default: 3.1.9)
rouge (2.0.7)
rss (default: 0.2.7)
ruby-macho (1.4.0)
ruby2_keywords (0.0.4)
rubyzip (2.3.0)
scanf (default: 1.0.0)
sdbm (default: 1.0.0)
security (0.1.3)
shell (default: 0.7)
signet (0.15.0)
simctl (1.6.8)
slack-notifier (2.3.2)
slather (2.5.0)
stringio (default: 0.0.2)
strscan (default: 1.0.0)
sync (default: 0.5.0)
terminal-notifier (2.0.0)
terminal-table (1.8.0)
test-unit (3.2.9)
thread_safe (0.3.6)
thwait (default: 0.1.0)
tracer (default: 0.1.0)
trainer (0.9.1)
tty-cursor (0.7.1)
tty-screen (0.8.1)
tty-spinner (0.9.3)
typhoeus (1.4.0)
tzinfo (1.2.9)
uber (0.1.0)
unf (0.1.4)
unf_ext (0.0.7.7)
unicode-display_width (1.7.0)
webrick (default: 1.4.2)
word_wrap (1.0.0)
xcode-install (2.6.8)
xcodeproj (1.19.0)
xcpretty (0.3.0)
xcpretty-json-formatter (0.1.1)
xcpretty-travis-formatter (1.0.1)
xmlrpc (0.3.0)
zlib (default: 1.0.0)
========================================


=== NPM global packages ==========================
* Cordova: 9.0.0 (cordova-lib@9.0.1)
* Ionic: 6.11.12
* Appcenter-CLI version: 2.7.3
========================================


=== Checking Xcode CLT dirs ============

 * ls -1 /Library/Developer/CommandLineTools/SDKs/MacOSX10.15.sdk/usr/include/CommonCrypto
CommonCrypto.h
CommonCryptoError.h
CommonCryptor.h
CommonDigest.h
CommonHMAC.h
CommonKeyDerivation.h
CommonRandom.h
CommonSymmetricKeywrap.h
module.modulemap

 * ls -1 /Library/Developer/CommandLineTools/
Library
SDKs
usr

 * /Library/Developer/CommandLineTools/usr/bin/swift --version
Apple Swift version 5.3.2 (swiftlang-1200.0.45 clang-1200.0.32.28)
Target: x86_64-apple-darwin19.6.0

========================================


=== Xcode ==============================

* Active Xcode Command Line Tools:
/Applications/Xcode-11.6.app/Contents/Developer

* Xcode Version:
Xcode 11.6
Build version 11E708

* /usr/bin/swift --version
Apple Swift version 5.2.4 (swiftlang-1103.0.32.9 clang-1103.0.32.53)
Target: x86_64-apple-darwin19.6.0

* Installed SDKs:
iOS SDKs:
	iOS 13.6                      	-sdk iphoneos13.6

iOS Simulator SDKs:
	Simulator - iOS 13.6          	-sdk iphonesimulator13.6

macOS SDKs:
	DriverKit 19.0                	-sdk driverkit.macosx19.0
	macOS 10.15                   	-sdk macosx10.15

tvOS SDKs:
	tvOS 13.4                     	-sdk appletvos13.4

tvOS Simulator SDKs:
	Simulator - tvOS 13.4         	-sdk appletvsimulator13.4

watchOS SDKs:
	watchOS 6.2                   	-sdk watchos6.2

watchOS Simulator SDKs:
	Simulator - watchOS 6.2       	-sdk watchsimulator6.2


* Available Simulators:
== Device Types ==
iPhone 4s (com.apple.CoreSimulator.SimDeviceType.iPhone-4s)
iPhone 5 (com.apple.CoreSimulator.SimDeviceType.iPhone-5)
iPhone 5s (com.apple.CoreSimulator.SimDeviceType.iPhone-5s)
iPhone 6 Plus (com.apple.CoreSimulator.SimDeviceType.iPhone-6-Plus)
iPhone 6 (com.apple.CoreSimulator.SimDeviceType.iPhone-6)
iPhone 6s (com.apple.CoreSimulator.SimDeviceType.iPhone-6s)
iPhone 6s Plus (com.apple.CoreSimulator.SimDeviceType.iPhone-6s-Plus)
iPhone SE (1st generation) (com.apple.CoreSimulator.SimDeviceType.iPhone-SE)
iPhone 7 (com.apple.CoreSimulator.SimDeviceType.iPhone-7)
iPhone 7 Plus (com.apple.CoreSimulator.SimDeviceType.iPhone-7-Plus)
iPhone 8 (com.apple.CoreSimulator.SimDeviceType.iPhone-8)
iPhone 8 Plus (com.apple.CoreSimulator.SimDeviceType.iPhone-8-Plus)
iPhone X (com.apple.CoreSimulator.SimDeviceType.iPhone-X)
iPhone Xs (com.apple.CoreSimulator.SimDeviceType.iPhone-XS)
iPhone Xs Max (com.apple.CoreSimulator.SimDeviceType.iPhone-XS-Max)
iPhone Xʀ (com.apple.CoreSimulator.SimDeviceType.iPhone-XR)
iPhone 11 (com.apple.CoreSimulator.SimDeviceType.iPhone-11)
iPhone 11 Pro (com.apple.CoreSimulator.SimDeviceType.iPhone-11-Pro)
iPhone 11 Pro Max (com.apple.CoreSimulator.SimDeviceType.iPhone-11-Pro-Max)
iPhone SE (2nd generation) (com.apple.CoreSimulator.SimDeviceType.iPhone-SE--2nd-generation-)
iPad 2 (com.apple.CoreSimulator.SimDeviceType.iPad-2)
iPad Retina (com.apple.CoreSimulator.SimDeviceType.iPad-Retina)
iPad Air (com.apple.CoreSimulator.SimDeviceType.iPad-Air)
iPad mini 2 (com.apple.CoreSimulator.SimDeviceType.iPad-mini-2)
iPad mini 3 (com.apple.CoreSimulator.SimDeviceType.iPad-mini-3)
iPad mini 4 (com.apple.CoreSimulator.SimDeviceType.iPad-mini-4)
iPad Air 2 (com.apple.CoreSimulator.SimDeviceType.iPad-Air-2)
iPad Pro (9.7-inch) (com.apple.CoreSimulator.SimDeviceType.iPad-Pro--9-7-inch-)
iPad Pro (12.9-inch) (com.apple.CoreSimulator.SimDeviceType.iPad-Pro)
iPad (5th generation) (com.apple.CoreSimulator.SimDeviceType.iPad--5th-generation-)
iPad Pro (12.9-inch) (2nd generation) (com.apple.CoreSimulator.SimDeviceType.iPad-Pro--12-9-inch---2nd-generation-)
iPad Pro (10.5-inch) (com.apple.CoreSimulator.SimDeviceType.iPad-Pro--10-5-inch-)
iPad (6th generation) (com.apple.CoreSimulator.SimDeviceType.iPad--6th-generation-)
iPad (7th generation) (com.apple.CoreSimulator.SimDeviceType.iPad--7th-generation-)
iPad Pro (11-inch) (1st generation) (com.apple.CoreSimulator.SimDeviceType.iPad-Pro--11-inch-)
iPad Pro (12.9-inch) (3rd generation) (com.apple.CoreSimulator.SimDeviceType.iPad-Pro--12-9-inch---3rd-generation-)
iPad Pro (11-inch) (2nd generation) (com.apple.CoreSimulator.SimDeviceType.iPad-Pro--11-inch---2nd-generation-)
iPad Pro (12.9-inch) (4th generation) (com.apple.CoreSimulator.SimDeviceType.iPad-Pro--12-9-inch---4th-generation-)
iPad mini (5th generation) (com.apple.CoreSimulator.SimDeviceType.iPad-mini--5th-generation-)
iPad Air (3rd generation) (com.apple.CoreSimulator.SimDeviceType.iPad-Air--3rd-generation-)
Apple TV (com.apple.CoreSimulator.SimDeviceType.Apple-TV-1080p)
Apple TV 4K (com.apple.CoreSimulator.SimDeviceType.Apple-TV-4K-4K)
Apple TV 4K (at 1080p) (com.apple.CoreSimulator.SimDeviceType.Apple-TV-4K-1080p)
Apple Watch - 38mm (com.apple.CoreSimulator.SimDeviceType.Apple-Watch-38mm)
Apple Watch - 42mm (com.apple.CoreSimulator.SimDeviceType.Apple-Watch-42mm)
Apple Watch Series 2 - 38mm (com.apple.CoreSimulator.SimDeviceType.Apple-Watch-Series-2-38mm)
Apple Watch Series 2 - 42mm (com.apple.CoreSimulator.SimDeviceType.Apple-Watch-Series-2-42mm)
Apple Watch Series 3 - 38mm (com.apple.CoreSimulator.SimDeviceType.Apple-Watch-Series-3-38mm)
Apple Watch Series 3 - 42mm (com.apple.CoreSimulator.SimDeviceType.Apple-Watch-Series-3-42mm)
Apple Watch Series 4 - 40mm (com.apple.CoreSimulator.SimDeviceType.Apple-Watch-Series-4-40mm)
Apple Watch Series 4 - 44mm (com.apple.CoreSimulator.SimDeviceType.Apple-Watch-Series-4-44mm)
Apple Watch Series 5 - 40mm (com.apple.CoreSimulator.SimDeviceType.Apple-Watch-Series-5-40mm)
Apple Watch Series 5 - 44mm (com.apple.CoreSimulator.SimDeviceType.Apple-Watch-Series-5-44mm)
== Runtimes ==
iOS 13.0 (13.0 - 17A577) - com.apple.CoreSimulator.SimRuntime.iOS-13-0 
iOS 13.1 (13.1 - 17A844) - com.apple.CoreSimulator.SimRuntime.iOS-13-1 
iOS 13.2 (13.2.2 - 17B102) - com.apple.CoreSimulator.SimRuntime.iOS-13-2 
iOS 13.3 (13.3 - 17C45) - com.apple.CoreSimulator.SimRuntime.iOS-13-3 
iOS 13.4 (13.4 - 17E255) - com.apple.CoreSimulator.SimRuntime.iOS-13-4 
iOS 13.5 (13.5 - 17F61) - com.apple.CoreSimulator.SimRuntime.iOS-13-5 
iOS 13.6 (13.6 - 17G64) - com.apple.CoreSimulator.SimRuntime.iOS-13-6 
tvOS 13.0 (13.0 - 17J585) - com.apple.CoreSimulator.SimRuntime.tvOS-13-0 
tvOS 13.2 (13.2 - 17K90) - com.apple.CoreSimulator.SimRuntime.tvOS-13-2 
tvOS 13.3 (13.3 - 17K446) - com.apple.CoreSimulator.SimRuntime.tvOS-13-3 
tvOS 13.4 (13.4 - 17L255) - com.apple.CoreSimulator.SimRuntime.tvOS-13-4 
watchOS 6.0 (6.0 - 17R575) - com.apple.CoreSimulator.SimRuntime.watchOS-6-0 
watchOS 6.1 (6.1.1 - 17S445) - com.apple.CoreSimulator.SimRuntime.watchOS-6-1 
watchOS 6.2 (6.2.1 - 17T531) - com.apple.CoreSimulator.SimRuntime.watchOS-6-2 
== Devices ==
-- iOS 13.0 --
    iPhone 8 (047F10BD-C28E-4ED6-BA72-63E3481B20A4) (Shutdown) 
    iPhone 8 Plus (84315334-3B6E-4C0C-A8E3-C3AFFBDFFDA6) (Shutdown) 
    iPhone 11 (AA519652-667F-4BEC-A643-36A736A489FD) (Shutdown) 
    iPhone 11 Pro (3D117D69-719A-454A-8581-3EDC1B2C6625) (Shutdown) 
    iPhone 11 Pro Max (7D5D65F7-7996-42F5-9F11-10072291A2E2) (Shutdown) 
    iPad Pro (9.7-inch) (C8EF3E4E-B2D7-4A4A-9E3C-B3B1F1F65871) (Shutdown) 
    iPad Pro (11-inch) (1st generation) (F537F0F7-D352-4490-A11E-8680BF1AE129) (Shutdown) 
    iPad Pro (12.9-inch) (3rd generation) (47B12589-CD6B-49EA-9594-9F8BDBDE96B6) (Shutdown) 
    iPad Air (3rd generation) (5D9462CA-854F-4E0E-98DE-D2D8496AE9AC) (Shutdown) 
-- iOS 13.1 --
    iPhone 8 (C4EE7F0C-D9CB-47CA-9763-AB60F5725CF8) (Shutdown) 
    iPhone 8 Plus (8B660DEB-E1AE-4BE0-B3A5-927D8041A4D3) (Shutdown) 
    iPhone 11 (051DA9EF-1336-46DD-BBF7-DB3BECFB5346) (Shutdown) 
    iPhone 11 Pro (786687AF-9AF8-401E-ADF4-1FF69C372AB4) (Shutdown) 
    iPhone 11 Pro Max (CA5143EE-D5E4-4A09-990D-5176195FDBFA) (Shutdown) 
    iPad Pro (9.7-inch) (A8A55D65-13E6-4BD6-84A9-0BD826FFEC34) (Shutdown) 
    iPad Pro (11-inch) (1st generation) (264B0873-C924-42A2-8FD9-29E01CCA5F77) (Shutdown) 
    iPad Pro (12.9-inch) (3rd generation) (F8A95E81-7C10-4D13-B738-F59E8670925A) (Shutdown) 
    iPad Air (3rd generation) (1DE7ED45-9454-421B-BFA6-4185FE6EAE45) (Shutdown) 
-- iOS 13.2 --
    iPhone 8 (E1C632E7-2094-4820-8DA4-CEF97239ED11) (Shutdown) 
    iPhone 8 Plus (7DF22DE7-B296-4CA0-9F36-F9F429C92B75) (Shutdown) 
    iPhone 11 (A87F5580-D0C1-4F06-9BAB-93A17376AED5) (Shutdown) 
    iPhone 11 Pro (9375FDCF-0E6C-4762-9D79-C4D414B8C15E) (Shutdown) 
    iPhone 11 Pro Max (31BD555E-E9E4-4862-8B39-1D58C53619FB) (Shutdown) 
    iPad Pro (9.7-inch) (1029FE96-3A9E-430D-8256-6C280960ED72) (Shutdown) 
    iPad (7th generation) (96666460-6A5E-4E41-A9FB-458CBB47CB80) (Shutdown) 
    iPad Pro (11-inch) (1st generation) (C3593445-BDFC-41CB-86D5-4ED72EBD9FED) (Shutdown) 
    iPad Pro (12.9-inch) (3rd generation) (12C10804-B999-4CB3-B220-E035C377B114) (Shutdown) 
    iPad Air (3rd generation) (CA15420E-ECB9-4233-8EE2-93B82D4792E1) (Shutdown) 
-- iOS 13.3 --
    iPhone 8 (588E9269-DD75-42C8-B686-7E0CA7E1A8C6) (Shutdown) 
    iPhone 8 Plus (903AD15B-3C33-4382-819D-E77B691B07AE) (Shutdown) 
    iPhone 11 (9FDCE447-2492-4684-91A6-3E68DA32A99E) (Shutdown) 
    iPhone 11 Pro (C3254A48-F9E5-4972-ABEE-1309A25CC24A) (Shutdown) 
    iPhone 11 Pro Max (2F3E97D0-1804-45AD-B5FC-30EE3106AD43) (Shutdown) 
    iPad Pro (9.7-inch) (4E64AF93-C168-482B-8BD7-B74ECD6F447D) (Shutdown) 
    iPad (7th generation) (179D1AC3-6B1A-42BB-9632-8E1D577067C6) (Shutdown) 
    iPad Pro (11-inch) (1st generation) (E1C04257-599D-4795-93F5-F5C8D3437BBF) (Shutdown) 
    iPad Pro (12.9-inch) (3rd generation) (DA707228-D07E-49A2-9660-9EB1AF1BA2F6) (Shutdown) 
    iPad Air (3rd generation) (94343D36-BACF-462F-9C19-F410855BAB53) (Shutdown) 
-- iOS 13.4 --
    iPhone 8 (C4684B65-1033-4884-8ABC-9AC5A6D85AAA) (Shutdown) 
    iPhone 8 Plus (1BE1657A-4EA3-40A2-BD07-F733AB8D509A) (Shutdown) 
    iPhone 11 (76D7CFA6-3DBA-473F-8BE5-6BDE52E0F439) (Shutdown) 
    iPhone 11 Pro (30760CEB-EBC0-414C-8BE0-CA9F120CB965) (Shutdown) 
    iPhone 11 Pro Max (F1BFA101-9FE2-4B1E-AF71-4BB1F6C4BA84) (Shutdown) 
    iPad Pro (9.7-inch) (5423DD22-8A2F-4866-9A54-F07E026DEB37) (Shutdown) 
    iPad (7th generation) (73078FD4-A35F-435A-825D-38CBA2243394) (Shutdown) 
    iPad Pro (11-inch) (2nd generation) (9D45C5E7-A0BE-4A19-8457-BB12FE6EF3A4) (Shutdown) 
    iPad Pro (12.9-inch) (4th generation) (1CABA085-924F-4763-BDF3-AF3B848C5442) (Shutdown) 
    iPad Air (3rd generation) (79190565-1A88-4F67-A803-0E91EC5FDE14) (Shutdown) 
-- iOS 13.5 --
    iPhone 8 (31F94E86-6722-42A9-9E09-666E0D71CD1D) (Shutdown) 
    iPhone 8 Plus (782F2FA7-BE78-46AF-93A7-95D956249355) (Shutdown) 
    iPhone 11 (706EEB1D-2CFC-4058-8574-DA12BDD70CBB) (Shutdown) 
    iPhone 11 Pro (5F882FB1-3632-465C-B215-9EB76541A432) (Shutdown) 
    iPhone 11 Pro Max (E8394E5B-62D6-40B5-B310-7D410B8D8B85) (Shutdown) 
    iPhone SE (2nd generation) (234629F4-29DD-4E85-B8C6-85794B671F34) (Shutdown) 
    iPad Pro (9.7-inch) (D170FA39-F635-4850-A7DE-902EEE086AD0) (Shutdown) 
    iPad (7th generation) (F24FD2F4-F9D1-40E8-9511-5431DD05AF68) (Shutdown) 
    iPad Pro (11-inch) (2nd generation) (7708BE70-C58F-43C5-945F-12037385CC3A) (Shutdown) 
    iPad Pro (12.9-inch) (4th generation) (9E941ECE-FA49-4C77-86AF-1F4E7DBA4CE1) (Shutdown) 
    iPad Air (3rd generation) (D6763E3F-261D-4C6B-831A-A32DB1CEF67A) (Shutdown) 
-- iOS 13.6 --
    iPhone 8 (426B4174-4C11-47A7-AB04-9626164C75BC) (Shutdown) 
    iPhone 8 Plus (D92C6391-BD27-4DC8-92E7-F39C4AAE8E0F) (Shutdown) 
    iPhone 11 (EA9D0227-E47B-40D0-A8D2-8BD440F723B1) (Shutdown) 
    iPhone 11 Pro (18C12EF7-46CC-47BA-8BB6-5A61A9C70BA9) (Shutdown) 
    iPhone 11 Pro Max (DA22680A-F680-4726-86C6-BE61DCFA4FB2) (Shutdown) 
    iPhone SE (2nd generation) (AA75E793-F2E8-4DA2-8955-714062EBE3DF) (Shutdown) 
    iPad Pro (9.7-inch) (643217A4-4F05-46C9-83CB-D26F5A63932C) (Shutdown) 
    iPad (7th generation) (7CD88984-E527-41C1-B095-FBB64AC2791B) (Shutdown) 
    iPad Pro (11-inch) (2nd generation) (F44023EA-72AA-4078-8D72-AAD87B9FDD5C) (Shutdown) 
    iPad Pro (12.9-inch) (4th generation) (C6005031-A533-4E7D-9885-5AB2D30898F2) (Shutdown) 
    iPad Air (3rd generation) (F5EF1199-9117-44EE-95B8-502439FBF179) (Shutdown) 
-- tvOS 13.0 --
    Apple TV (816000BE-62A5-46DF-9C76-F9FDC8424272) (Shutdown) 
    Apple TV 4K (1CFCD0BA-4D5F-45AB-B2D0-99E77CA25CD1) (Shutdown) 
    Apple TV 4K (at 1080p) (6221102A-36F6-4DC3-94BF-F0A473C52FD7) (Shutdown) 
-- tvOS 13.2 --
    Apple TV (3D416500-83D2-4B44-9B15-D0AE29C9925E) (Shutdown) 
    Apple TV 4K (96A9F4C0-7917-41F9-B019-60F456464985) (Shutdown) 
    Apple TV 4K (at 1080p) (1F2D81BF-433F-4B4F-B028-94308F8B34DE) (Shutdown) 
-- tvOS 13.3 --
    Apple TV (5EB74009-2D17-411D-9799-C0B4E4562747) (Shutdown) 
    Apple TV 4K (490E9A80-1CB4-4034-84D5-AAF85C4427EC) (Shutdown) 
    Apple TV 4K (at 1080p) (1A6108EC-69E3-4487-A0BE-E32C71711BAE) (Shutdown) 
-- tvOS 13.4 --
    Apple TV (1D1EA03D-178F-4138-AEB7-179C45293391) (Shutdown) 
    Apple TV 4K (004ED1C6-E46C-4201-AAA2-1BEC975A799A) (Shutdown) 
    Apple TV 4K (at 1080p) (BDA4192C-3016-451B-8D8C-7BDF72C2BB48) (Shutdown) 
-- watchOS 6.0 --
    Apple Watch Series 4 - 40mm (1A491786-1FE9-4729-99A4-1E83013DD8A0) (Shutdown) 
    Apple Watch Series 4 - 44mm (37C4818F-610A-4822-99BC-94CD50E7DC70) (Shutdown) 
    Apple Watch Series 5 - 40mm (0A6CBC3B-BE33-4819-9B30-2DFCF777B60E) (Shutdown) 
    Apple Watch Series 5 - 44mm (F51421AC-B672-4E22-B41C-074A9881BC65) (Shutdown) 
-- watchOS 6.1 --
    Apple Watch Series 4 - 40mm (23C1379C-2801-44B6-84B9-2D9F949EBCF5) (Shutdown) 
    Apple Watch Series 4 - 44mm (43583E26-A4CA-4A81-A58A-AF79B3AB1A6A) (Shutdown) 
    Apple Watch Series 5 - 40mm (AFA4F1CB-DAEC-4DEA-979E-769763B6E224) (Shutdown) 
    Apple Watch Series 5 - 44mm (AE728DF2-207E-470E-A1DD-83B99890A62E) (Shutdown) 
-- watchOS 6.2 --
    Apple Watch Series 4 - 40mm (CACDF777-82B8-4984-831B-18A81C8B1E52) (Shutdown) 
    Apple Watch Series 4 - 44mm (CD5574C5-4C49-4C14-9736-B37D1E742A32) (Shutdown) 
    Apple Watch Series 5 - 40mm (BE3D61BE-F66C-48CC-B925-E9F79771CA79) (Shutdown) 
    Apple Watch Series 5 - 44mm (69F2D3E5-5900-41E0-9E46-C2F44D73039D) (Shutdown) 
== Device Pairs ==
0AE2D43C-37E8-4527-97A9-05A5E0B622D0 (active, disconnected)
    Watch: Apple Watch Series 5 - 40mm (BE3D61BE-F66C-48CC-B925-E9F79771CA79) (Shutdown)
    Phone: iPhone 11 Pro (18C12EF7-46CC-47BA-8BB6-5A61A9C70BA9) (Shutdown)
991B34E6-6692-427E-8B2E-B52F1A5ACF45 (active, disconnected)
    Watch: Apple Watch Series 5 - 44mm (69F2D3E5-5900-41E0-9E46-C2F44D73039D) (Shutdown)
    Phone: iPhone 11 Pro Max (DA22680A-F680-4726-86C6-BE61DCFA4FB2) (Shutdown)

========================================


=== OS X info =========================

* sw_vers
ProductName:	Mac OS X
ProductVersion:	10.15.7
BuildVersion:	19H114

* system_profiler SPSoftwareDataType
Software:

    System Software Overview:

      System Version: macOS 10.15.7 (19H114)
      Kernel Version: Darwin 19.6.0
      Boot Volume: Disk
      Boot Mode: Normal
      Computer Name: stg-xcode-11-6-210322010204-Ur6NQYrcDkpfHZPtSLbyzQ
      User Name: vagrant (vagrant)
      Secure Virtual Memory: Enabled
      System Integrity Protection: Disabled
      Time since boot: 8:40


========================================


=== System infos =======================
* Free disk space:
    Filesystem         Size        Avail
  /dev/disk1s5        200Gi         85Gi
========================================

--- Android

* ANDROID_HOME (/usr/local/share/android-sdk) content:
add-ons
build-tools
cmdline-tools
emulator
extras
licenses
patcher
platform-tools
platforms
system-images
tools

* ANDROID_NDK_HOME (/opt/android-ndk/android-ndk-r21) content:
CHANGELOG.md
NOTICE
NOTICE.toolchain
README.md
build
meta
ndk-build
ndk-gdb
ndk-stack
ndk-which
platforms
prebuilt
python-packages
shader-tools
simpleperf
source.properties
sources
sysroot
toolchains
wrap.sh

* Android NDK Version:
Pkg.Desc = Android NDK
Pkg.Revision = 21.0.6113669

* platform-tools content:
NOTICE.txt
adb
api
dmtracedump
e2fsdroid
etc1tool
fastboot
hprof-conv
lib64
make_f2fs
make_f2fs_casefold
mke2fs
mke2fs.conf
package.xml
sload_f2fs
source.properties
sqlite3
systrace

* build-tools content:
17.0.0
19.1.0
21.1.2
22.0.1
23.0.3
24.0.3
25.0.3
26.0.1
26.0.2
27.0.0
27.0.1
27.0.2
27.0.3
28.0.0
28.0.1
28.0.2
28.0.3
29.0.0
29.0.1
29.0.2
29.0.3
30.0.0

* extras content:
/usr/local/share/android-sdk/extras
├── android
│   └── m2repository
├── google
│   ├── google_play_services
│   └── m2repository
└── m2repository
    └── com

7 directories, 0 files

* platforms content:
android-15
android-17
android-19
android-21
android-22
android-23
android-24
android-25
android-26
android-27
android-28
android-29
android-30

* system-images content:
/usr/local/share/android-sdk/system-images
├── android-26
│   └── google_apis
│       └── x86
├── android-28
│   └── google_apis
│       └── x86_64
├── android-29
│   └── google_apis
│       └── x86
└── android-30
    └── google_apis
        └── x86

12 directories, 0 files

========================================


=== Android APK tools ==================

* aapt2:
Android Asset Packaging Tool (aapt) 2:19

========================================


=== Environment infos =======================
MATCH_KEYCHAIN_PASSWORD environment set
========================================


=== Control tests ======================
source $HOME/.bash_profile ...
source $HOME/.bash_profile - PASSED
========================================

