 (i) Ignore Errors: enabled

#
# This System Report was generated by: https://github.com/bitrise-io/osx-box-bootstrap/blob/master/system_report.sh
#  Pull Requests are welcome!
#


=== Revision / ID ======================
* BITRISE_OSX_STACK_REV_ID: v2018_03_13_1
========================================


=== Pre-installed tool versions ========
* Go: go version go1.10.1 darwin/amd64
* Ruby: ruby 2.5.1p57 (2018-03-29 revision 63029) [x86_64-darwin17]
* Python: Python 2.7.14
* Node.js: v9.10.1
* NPM: 5.6.0
* Yarn: 1.5.1
* Java: java version "10" 2018-03-20
Java(TM) SE Runtime Environment 18.3 (build 10+46)
Java HotSpot(TM) 64-Bit Server VM 18.3 (build 10+46, mixed mode)

* git: git version 2.17.0
* git lfs: git-lfs/2.4.0 (GitHub; darwin amd64; go 1.10)
* mercurial/hg: Mercurial Distributed SCM (version 4.5.2)
* curl: curl 7.54.0 (x86_64-apple-darwin17.0) libcurl/7.54.0 LibreSSL/2.0.20 zlib/1.2.11 nghttp2/1.24.0
* wget: GNU Wget 1.19.4 built on darwin17.3.0.
* rsync: rsync  version 2.6.9  protocol version 29
* unzip: UnZip 6.00 of 20 April 2009, by Info-ZIP.  Maintained by C. Spieler.  Send
* zip: This is Zip 3.0 (July 5th 2008), by Info-ZIP.
* tar: bsdtar 2.8.3 - libarchive 2.8.3
* tree: tree v1.7.0 (c) 1996 - 2014 by Steve Baker, Thomas Moore, Francesc Rocher, Florian Sesser, Kyosuke Tokoro 

* brew: Homebrew 1.6.1
Homebrew/homebrew-core (git revision 89315; last commit 2018-04-18)
./system_report.sh: line 54: xctool: command not found
* xctool: 
* Ansible: ansible 2.5.0
  configured module search path = [u'/Users/vagrant/.ansible/plugins/modules', u'/usr/share/ansible/plugins/modules']
  ansible python module location = /usr/local/Cellar/ansible/2.5.0/libexec/lib/python2.7/site-packages/ansible
  executable location = /usr/local/bin/ansible
* gtimeout: timeout (GNU coreutils) 8.29
* watchman: 4.9.0
* flow: Flow, a static type checker for JavaScript, version 0.69.0
* carthage: 0.29.0
* imagemagick (convert): Version: ImageMagick 7.0.7-28 Q16 x86_64 2018-03-25 http://www.imagemagick.org
* ghostscript (ps2ascii): 9.22
* screen: Screen version 4.06.02 (GNU) 23-Oct-17
./system_report.sh: line 70: wine: command not found
* wine: 

--- Bitrise CLI tool versions
* bitrise: 1.15.0
* stepman: 0.9.40
* envman: 1.1.12
* bitrise-bridge: 0.9.11
* cmd-bridge: 0.9.5
========================================


=== Ruby GEMs ==========================
* Rubygems: 2.7.6
* Bundler: Bundler version 1.16.1
* CocoaPods: 1.4.0
* xcpretty: 0.2.8
* Nomad CLI: 2.7.6
* Nomad CLI IPA / Shenzhen: ipa 0.14.3
========================================


=== All Ruby GEMs ======================
activesupport (4.2.10)
addressable (2.5.2)
atomos (0.1.2)
aws-sdk (1.67.0)
aws-sdk-v1 (1.67.0)
babosa (1.0.2)
bigdecimal (default: 1.3.4)
bundler (default: 1.16.1)
certified (1.0.0)
CFPropertyList (3.0.0)
claide (1.0.2)
cmath (default: 1.0.0)
cocoapods (1.4.0)
cocoapods-core (1.4.0)
cocoapods-deintegrate (1.0.2)
cocoapods-downloader (1.1.3)
cocoapods-plugins (1.0.0)
cocoapods-search (1.0.0)
cocoapods-stats (1.0.0)
cocoapods-trunk (1.3.0)
cocoapods-try (1.1.0)
colored (1.2)
colored2 (3.1.2)
commander (4.4.4)
commander-fastlane (4.4.6)
concurrent-ruby (1.0.5)
csv (default: 1.0.0)
cupertino (1.3.4)
date (default: 1.0.0)
dbm (default: 1.0.0)
declarative (0.0.10)
declarative-option (0.1.0)
did_you_mean (1.2.0)
domain_name (0.5.20170404)
dotenv (2.2.1)
dubai (0.1.2)
escape (0.0.4)
etc (default: 1.0.0)
excon (0.62.0)
faraday (0.14.0)
faraday-cookie_jar (0.0.6)
faraday_middleware (0.12.2)
fastimage (2.1.1)
fastlane (2.89.0)
fcntl (default: 1.0.0)
fiddle (default: 1.0.0)
fileutils (default: 1.0.2)
fourflusher (2.0.1)
fuzzy_match (2.0.4)
gh_inspector (1.1.3)
google-api-client (0.13.6)
googleauth (0.6.2)
highline (1.7.10)
houston (2.2.4)
http-cookie (1.0.3)
httpclient (2.8.3)
i18n (0.9.5)
io-console (default: 0.4.6)
ipaddr (default: 1.2.0)
json (default: 2.1.0, 1.8.6)
jwt (2.1.0)
little-plugger (1.1.4)
logging (2.2.2)
mechanize (2.5.1)
memoist (0.16.0)
mime-types (3.1, 1.25.1)
mime-types-data (3.2016.0521)
mini_magick (4.5.1)
mini_portile2 (2.1.0)
minitest (5.10.3)
molinillo (0.6.5)
multi_json (1.13.1)
multi_xml (0.6.0)
multipart-post (2.0.0)
mustermann (1.0.2)
nanaimo (0.2.4)
nap (1.1.0)
naturally (2.1.0)
net-http-digest_auth (1.4.1)
net-http-persistent (2.9.4)
net-sftp (2.1.2)
net-ssh (4.2.0)
net-telnet (0.1.1)
netrc (0.11.0)
nokogiri (1.6.8.1)
nomad-cli (0.0.2)
ntlm-http (0.1.1)
openssl (default: 2.1.0)
os (0.9.6)
plist (3.1.0)
power_assert (1.1.1)
psych (default: 3.0.2)
public_suffix (2.0.5)
rack (2.0.4)
rack-protection (2.0.0)
rake (12.3.0)
rdoc (default: 6.0.1)
representable (3.0.4)
retriable (3.1.1)
rouge (2.0.7)
ruby-macho (1.1.0)
rubyzip (1.2.1)
scanf (default: 1.0.0)
sdbm (default: 1.0.0)
security (0.1.3)
shenzhen (0.14.3)
signet (0.8.1)
simctl (1.6.3)
sinatra (2.0.0)
slack-notifier (2.3.2)
stringio (default: 0.0.1)
strscan (default: 1.0.0)
term-ansicolor (1.0.7)
terminal-notifier (1.8.0)
terminal-table (1.4.5)
test-unit (3.2.7)
thread_safe (0.3.6)
tilt (2.0.8)
tty-cursor (0.5.0)
tty-screen (0.6.4)
tty-spinner (0.8.0)
tzinfo (1.2.5)
uber (0.1.0)
unf (0.1.4)
unf_ext (0.0.7.5)
venice (0.4.2)
webrick (default: 1.4.2)
webrobots (0.1.2)
word_wrap (1.0.0)
xcodeproj (1.5.7)
xcpretty (0.2.8)
xcpretty-travis-formatter (1.0.0)
xmlrpc (0.3.0)
zlib (default: 1.0.0)
========================================


=== NPM global packages ==========================
* Cordova: 8.0.0
* Ionic: 3.20.0
========================================


=== Checking Xcode CLT dirs ============

 * ls -1 /usr/include/CommonCrypto
CommonCrypto.h
CommonCryptoError.h
CommonCryptor.h
CommonDigest.h
CommonHMAC.h
CommonKeyDerivation.h
CommonRandom.h
CommonSymmetricKeywrap.h

 * ls -1 /Library/Developer/CommandLineTools/
Library
SDKs
usr

 * /Library/Developer/CommandLineTools/usr/bin/swift --version
Apple Swift version 4.1 (swiftlang-902.0.48 clang-902.0.37.1)
Target: x86_64-apple-darwin17.5.0

========================================


=== Xcode ==============================

* Active Xcode Command Line Tools:
/Applications/Xcode-beta.app/Contents/Developer

* Xcode Version:
Xcode 9.4
Build version 9Q1004a

* Installed SDKs:
iOS SDKs:
	iOS 11.4                      	-sdk iphoneos11.4

iOS Simulator SDKs:
	Simulator - iOS 11.4          	-sdk iphonesimulator11.4

macOS SDKs:
	macOS 10.13                   	-sdk macosx10.13

tvOS SDKs:
	tvOS 11.4                     	-sdk appletvos11.4

tvOS Simulator SDKs:
	Simulator - tvOS 11.4         	-sdk appletvsimulator11.4

watchOS SDKs:
	watchOS 4.3                   	-sdk watchos4.3

watchOS Simulator SDKs:
	Simulator - watchOS 4.3       	-sdk watchsimulator4.3


* Available Simulators:
== Device Types ==
iPhone 4s (com.apple.CoreSimulator.SimDeviceType.iPhone-4s)
iPhone 5 (com.apple.CoreSimulator.SimDeviceType.iPhone-5)
iPhone 5s (com.apple.CoreSimulator.SimDeviceType.iPhone-5s)
iPhone 6 (com.apple.CoreSimulator.SimDeviceType.iPhone-6)
iPhone 6 Plus (com.apple.CoreSimulator.SimDeviceType.iPhone-6-Plus)
iPhone 6s (com.apple.CoreSimulator.SimDeviceType.iPhone-6s)
iPhone 6s Plus (com.apple.CoreSimulator.SimDeviceType.iPhone-6s-Plus)
iPhone 7 (com.apple.CoreSimulator.SimDeviceType.iPhone-7)
iPhone 7 Plus (com.apple.CoreSimulator.SimDeviceType.iPhone-7-Plus)
iPhone 8 (com.apple.CoreSimulator.SimDeviceType.iPhone-8)
iPhone 8 Plus (com.apple.CoreSimulator.SimDeviceType.iPhone-8-Plus)
iPhone SE (com.apple.CoreSimulator.SimDeviceType.iPhone-SE)
iPhone X (com.apple.CoreSimulator.SimDeviceType.iPhone-X)
iPad 2 (com.apple.CoreSimulator.SimDeviceType.iPad-2)
iPad Retina (com.apple.CoreSimulator.SimDeviceType.iPad-Retina)
iPad Air (com.apple.CoreSimulator.SimDeviceType.iPad-Air)
iPad Air 2 (com.apple.CoreSimulator.SimDeviceType.iPad-Air-2)
iPad (5th generation) (com.apple.CoreSimulator.SimDeviceType.iPad--5th-generation-)
iPad Pro (9.7-inch) (com.apple.CoreSimulator.SimDeviceType.iPad-Pro--9-7-inch-)
iPad Pro (12.9-inch) (com.apple.CoreSimulator.SimDeviceType.iPad-Pro)
iPad Pro (12.9-inch) (2nd generation) (com.apple.CoreSimulator.SimDeviceType.iPad-Pro--12-9-inch---2nd-generation-)
iPad Pro (10.5-inch) (com.apple.CoreSimulator.SimDeviceType.iPad-Pro--10-5-inch-)
Apple TV (com.apple.CoreSimulator.SimDeviceType.Apple-TV-1080p)
Apple TV 4K (com.apple.CoreSimulator.SimDeviceType.Apple-TV-4K-4K)
Apple TV 4K (at 1080p) (com.apple.CoreSimulator.SimDeviceType.Apple-TV-4K-1080p)
Apple Watch - 38mm (com.apple.CoreSimulator.SimDeviceType.Apple-Watch-38mm)
Apple Watch - 42mm (com.apple.CoreSimulator.SimDeviceType.Apple-Watch-42mm)
Apple Watch Series 2 - 38mm (com.apple.CoreSimulator.SimDeviceType.Apple-Watch-Series-2-38mm)
Apple Watch Series 2 - 42mm (com.apple.CoreSimulator.SimDeviceType.Apple-Watch-Series-2-42mm)
Apple Watch Series 3 - 38mm (com.apple.CoreSimulator.SimDeviceType.Apple-Watch-Series-3-38mm)
Apple Watch Series 3 - 42mm (com.apple.CoreSimulator.SimDeviceType.Apple-Watch-Series-3-42mm)
== Runtimes ==
iOS 9.0 (9.0 - 13A344) - com.apple.CoreSimulator.SimRuntime.iOS-9-0
iOS 9.1 (9.1 - 13B143) - com.apple.CoreSimulator.SimRuntime.iOS-9-1
iOS 9.2 (9.2 - 13C75) - com.apple.CoreSimulator.SimRuntime.iOS-9-2
iOS 9.3 (9.3 - 13E233) - com.apple.CoreSimulator.SimRuntime.iOS-9-3
iOS 10.0 (10.0 - 14A345) - com.apple.CoreSimulator.SimRuntime.iOS-10-0
iOS 10.1 (10.1 - 14B72) - com.apple.CoreSimulator.SimRuntime.iOS-10-1
iOS 10.2 (10.2 - 14C89) - com.apple.CoreSimulator.SimRuntime.iOS-10-2
iOS 10.3 (10.3.1 - 14E8301) - com.apple.CoreSimulator.SimRuntime.iOS-10-3
iOS 11.0 (11.0.1 - 15A8401) - com.apple.CoreSimulator.SimRuntime.iOS-11-0
iOS 11.1 (11.1 - 15B87) - com.apple.CoreSimulator.SimRuntime.iOS-11-1
iOS 11.2 (11.2 - 15C107) - com.apple.CoreSimulator.SimRuntime.iOS-11-2
iOS 11.4 (11.4 - 15F5037c) - com.apple.CoreSimulator.SimRuntime.iOS-11-4
tvOS 9.0 (9.0 - 13T395) - com.apple.CoreSimulator.SimRuntime.tvOS-9-0
tvOS 9.1 (9.1 - 13U85) - com.apple.CoreSimulator.SimRuntime.tvOS-9-1
tvOS 9.2 (9.2 - 13Y234) - com.apple.CoreSimulator.SimRuntime.tvOS-9-2
tvOS 10.0 (10.0 - 14T328) - com.apple.CoreSimulator.SimRuntime.tvOS-10-0
tvOS 10.1 (10.1 - 14U591) - com.apple.CoreSimulator.SimRuntime.tvOS-10-1
tvOS 10.2 (10.2 - 14W260) - com.apple.CoreSimulator.SimRuntime.tvOS-10-2
tvOS 11.0 (11.0 - 15J380) - com.apple.CoreSimulator.SimRuntime.tvOS-11-0
tvOS 11.1 (11.1 - 15J580) - com.apple.CoreSimulator.SimRuntime.tvOS-11-1
tvOS 11.2 (11.2 - 15K104) - com.apple.CoreSimulator.SimRuntime.tvOS-11-2
tvOS 11.4 (11.4 - 15L5536b) - com.apple.CoreSimulator.SimRuntime.tvOS-11-4
watchOS 2.0 (2.0 - 13S343) - com.apple.CoreSimulator.SimRuntime.watchOS-2-0
watchOS 2.1 (2.1 - 13S661) - com.apple.CoreSimulator.SimRuntime.watchOS-2-1
watchOS 2.2 (2.2 - 13V144) - com.apple.CoreSimulator.SimRuntime.watchOS-2-2
watchOS 3.1 (3.1 - 14S471a) - com.apple.CoreSimulator.SimRuntime.watchOS-3-1
watchOS 3.2 (3.2 - 14V243) - com.apple.CoreSimulator.SimRuntime.watchOS-3-2
watchOS 4.0 (4.0 - 15R372) - com.apple.CoreSimulator.SimRuntime.watchOS-4-0
watchOS 4.1 (4.1 - 15R844) - com.apple.CoreSimulator.SimRuntime.watchOS-4-1
watchOS 4.2 (4.2 - 15S100) - com.apple.CoreSimulator.SimRuntime.watchOS-4-2
watchOS 4.3 (4.3 - 15T212) - com.apple.CoreSimulator.SimRuntime.watchOS-4-3
== Devices ==
-- iOS 9.0 --
    iPhone 4s (CA5E4106-B913-4006-B809-D6CA9FDA2386) (Shutdown)
    iPhone 5 (7A471171-5A0A-4C5C-B251-4818ED7273EF) (Shutdown)
    iPhone 5s (1ECDDC60-C20A-4B9B-AB05-8506B2ACFCCB) (Shutdown)
    iPhone 6 (C61115D7-18E7-4D14-92FA-58B68A019DD8) (Shutdown)
    iPhone 6 Plus (19045229-2B16-4063-B192-7559862939F7) (Shutdown)
    iPhone 6s (09C4F9C3-F886-4F0C-8488-A7249A5D09BF) (Shutdown)
    iPhone 6s Plus (C616B0EC-035C-419B-975E-06A184288C78) (Shutdown)
    iPad 2 (42A6B3B5-3585-4D7E-BFA0-2F41CACE336C) (Shutdown)
    iPad Retina (E1A5FDE0-393C-4427-A255-90BD2DFAA5EF) (Shutdown)
    iPad Air (00711BEC-490D-425A-9CE4-ACAD66CEADD4) (Shutdown)
    iPad Air 2 (46255A84-B50A-4AB3-8491-AD4C726A85FF) (Shutdown)
-- iOS 9.1 --
    iPhone 4s (B00CBDDB-85CD-47FC-AC84-446032185B8B) (Shutdown)
    iPhone 5 (35243D23-2957-49FB-AC6C-281343374224) (Shutdown)
    iPhone 5s (E5569D7B-2733-453E-8829-27E94697AED6) (Shutdown)
    iPhone 6 (C46AC669-8290-49A8-8B66-55927A126EFC) (Shutdown)
    iPhone 6 Plus (8FCEF88B-9074-404A-A44F-E60D90FBCEE8) (Shutdown)
    iPhone 6s (56F79EE0-CD87-4A90-A84D-FE0C3C3E491A) (Shutdown)
    iPhone 6s Plus (98876161-279C-412D-88FF-A54DF50BE7F9) (Shutdown)
    iPad 2 (B3F70EEA-F82F-4F1C-BB33-EFF5D9CD94D1) (Shutdown)
    iPad Retina (5693364B-39AB-40B0-953D-E3A2C0F1F94D) (Shutdown)
    iPad Air (89D67B18-DAA3-44EC-8780-E218454558B8) (Shutdown)
    iPad Air 2 (F2407F17-A28B-4932-91BF-1D144B702A6A) (Shutdown)
    iPad Pro (1C39D7B9-21F0-4320-8D1D-E4D9369A084B) (Shutdown)
-- iOS 9.2 --
    iPhone 4s (E2F1C3D9-ED9A-4D46-BB95-6554ED458DF5) (Shutdown)
    iPhone 5 (FABD055F-A5C1-4B88-A60F-DB16695AC729) (Shutdown)
    iPhone 5s (6C9D5187-BB09-4C1B-A231-2C11374D8080) (Shutdown)
    iPhone 6 (AA6FE813-07A3-4AA6-9054-12A5F6521898) (Shutdown)
    iPhone 6 Plus (6748066D-259A-4FD8-9368-C47B40567671) (Shutdown)
    iPhone 6s (7B082C81-7277-4200-922A-FDA5E2771F1C) (Shutdown)
    iPhone 6s Plus (743AFE1C-3F16-4E0F-884C-3A15085FDD11) (Shutdown)
    iPad 2 (88D0E09E-090E-463B-8341-B2DCEAC61BF9) (Shutdown)
    iPad Retina (F76A9419-B528-4782-8CC0-B66E42CBCD39) (Shutdown)
    iPad Air (419071A4-112E-4AE7-8DCD-F676B2158821) (Shutdown)
    iPad Air 2 (AB3AADA3-E9A5-4E14-B16A-FDF15EE8253D) (Shutdown)
    iPad Pro (F680F36B-87DF-4BA3-9108-C549049545EC) (Shutdown)
-- iOS 9.3 --
    iPhone 4s (0F00092F-1938-4B5D-AA52-C20B93B601DA) (Shutdown)
    iPhone 5 (81261A17-2D95-4EE8-BB13-6A10F5BAE0A9) (Shutdown)
    iPhone 5s (2521E482-4B6D-4302-99CB-9499D490B4C2) (Shutdown)
    iPhone 6 (4F8D9D47-DC1E-4709-B3B8-CFCA410C9FB6) (Shutdown)
    iPhone 6 Plus (F4ECAD59-BB2C-44CC-BBB4-F425B7A0AEA6) (Shutdown)
    iPhone 6s (B71C768C-CD17-418C-AB51-BBFFD29F023D) (Shutdown)
    iPhone 6s Plus (88FDD6EA-ECED-4A3E-99BA-EA94B73F1F96) (Shutdown)
    iPad 2 (1AAB5430-24FB-4E7E-91DA-F6ACE94CA655) (Shutdown)
    iPad Retina (DCC6B4CD-2E33-4EA1-B01A-399128601FCC) (Shutdown)
    iPad Air (AC1108AE-A76C-4202-AF74-F8F7072E9799) (Shutdown)
    iPad Air 2 (4FDED44A-3536-4322-82D6-B01EDA2A2AD9) (Shutdown)
    iPad Pro (1F9D6D9B-CCAE-4798-94DD-FE911E1C15A2) (Shutdown)
-- iOS 10.0 --
    iPhone 5 (CD0D04B3-2F6F-4186-8121-51BB53383F54) (Shutdown)
    iPhone 5s (0B77EF57-B786-4204-BD7F-F09D3A24E99F) (Shutdown)
    iPhone 6 (A4F867F1-1C01-4711-9A06-CD3F4CAAAC45) (Shutdown)
    iPhone 6 Plus (6D470117-99C4-4ADC-B9C1-83CE4ECCDDD2) (Shutdown)
    iPhone 6s (D27AA564-BEEA-4702-8837-5B7AC8155762) (Shutdown)
    iPhone 6s Plus (8EE0E3B9-F966-4F94-9077-E43704DF71E3) (Shutdown)
    iPhone SE (999994CB-6D47-411F-8482-2212730E2FC0) (Shutdown)
    iPad Air (1A150BE7-8E51-4467-BEDA-1A68D3054BCA) (Shutdown)
    iPad Air 2 (6F53DF49-4701-4F95-A988-8BEA2F210CE7) (Shutdown)
    iPad Pro (9.7 inch) (C6E37ED6-8131-4876-831C-0FA8A6CE7619) (Shutdown)
    iPad Pro (12.9 inch) (A1593436-FC3A-4C78-BA78-69B0DCBF574D) (Shutdown)
-- iOS 10.1 --
    iPhone 5 (F42C7A2B-02EA-466E-9289-ED0BB59AB576) (Shutdown)
    iPhone 5s (29805E94-1825-4C7E-9926-1202820C82CD) (Shutdown)
    iPhone 6 (564D2499-7992-424F-86B7-1FD68AF4F642) (Shutdown)
    iPhone 6 Plus (1D29B163-1FC6-40F0-A473-E364F7EC64A7) (Shutdown)
    iPhone 6s (A22FD0EB-43B9-4293-9A2A-B2F2A32B1DDB) (Shutdown)
    iPhone 6s Plus (EF24092F-AD10-401E-B62E-3ABA9DEFA6EA) (Shutdown)
    iPhone 7 (A9D6EFFA-4DF4-407F-ADA0-1A776F47B4FE) (Shutdown)
    iPhone 7 Plus (C45A61F2-DCFD-4D98-AFEF-524A5A83458F) (Shutdown)
    iPhone SE (1CD9AEBC-751D-453B-8999-6F0483D8E3C9) (Shutdown)
    iPad Air (F178C68A-7695-4519-8590-099320B134E8) (Shutdown)
    iPad Air 2 (26912B4A-961E-471B-941E-26E7C6F9E530) (Shutdown)
    iPad Pro (9.7 inch) (635E8F9B-517F-48CE-9CB8-66F81793F42B) (Shutdown)
    iPad Pro (12.9 inch) (3C14DD6D-2B76-4B17-A0F5-FB15E6B9F37F) (Shutdown)
-- iOS 10.2 --
    iPhone 5 (A10608B7-069A-403F-8E4F-4B91E1A14DC9) (Shutdown)
    iPhone 5s (BF91949C-3857-47E4-86E8-455BC7C08AB2) (Shutdown)
    iPhone 6 (1FAC3DE3-3C2C-43FB-A97D-6E11489AF36F) (Shutdown)
    iPhone 6 Plus (CF6761C4-5E22-4D65-A391-7F185F907BA5) (Shutdown)
    iPhone 6s (6E08EB56-CA0D-458A-8B62-2F3824B46809) (Shutdown)
    iPhone 6s Plus (F26ECDD9-769E-408D-B45C-AD6BF3E92109) (Shutdown)
    iPhone 7 (51DA9BD4-B2BB-4434-A70C-215F3296DC0F) (Shutdown)
    iPhone 7 Plus (7CEA3B3E-5A69-4471-89E9-643F5ADFDF64) (Shutdown)
    iPhone SE (74BBB330-23C5-45E4-A319-42532117DFB3) (Shutdown)
    iPad Air (8037D491-803A-44DB-A214-C2A527AADE4E) (Shutdown)
    iPad Air 2 (364F40DE-D8A6-4318-9298-D1133B7D2406) (Shutdown)
    iPad Pro (9.7 inch) (21DF70AD-EF55-445D-805A-ABE69B32DB41) (Shutdown)
    iPad Pro (12.9 inch) (08FDC6FE-D049-40E5-8BD6-94888B74766E) (Shutdown)
-- iOS 10.3 --
    iPhone 5 (D98CE19A-948F-43F7-9F97-528DF48701A5) (Shutdown)
    iPhone 5s (B5E09D97-FEE5-42FF-83CB-F13FCD1358E2) (Shutdown)
    iPhone 6 (113906E8-E07E-4571-AF98-CF3867D3BFEA) (Shutdown)
    iPhone 6 Plus (FAB72866-69CF-4D81-907E-0CE3FCC6AF63) (Shutdown)
    iPhone 6s (89B594CC-B33E-4392-8EC5-196888CD04A0) (Shutdown)
    iPhone 6s Plus (94A28E33-7DF2-4B50-B770-A441335993EC) (Shutdown)
    iPhone 7 (8ADC3DFF-1FB5-4A87-94BB-821733FB1FAC) (Shutdown)
    iPhone 7 Plus (CEC31277-0642-43EC-9E96-7D30876C8082) (Shutdown)
    iPhone SE (AF29F493-7B01-4009-9FA7-B478ADFE1945) (Shutdown)
    iPad Air (EEF267F4-2299-43A5-9755-B1E194BC239F) (Shutdown)
    iPad Air 2 (8EDB5C54-607C-40ED-942C-45B908BCB15A) (Shutdown)
    iPad (5th generation) (83591613-CFB0-4256-AEE6-BB0A217F3252) (Shutdown)
    iPad Pro (9.7 inch) (C5D02BFC-B27F-4AA4-A0BD-2CAB0E88DCEE) (Shutdown)
    iPad Pro (12.9 inch) (D12BE9C8-9E89-4BC9-AF8A-BF6F79DD8A0D) (Shutdown)
    iPad Pro (12.9-inch) (2nd generation) (EA493986-9848-4324-8782-BC098F593489) (Shutdown)
    iPad Pro (10.5-inch) (BB2C76DA-303B-4C3E-9054-A00FDE8D121E) (Shutdown)
-- iOS 11.0 --
    iPhone 5s (92BC5C73-C8C9-49CA-B594-09D455F4165A) (Shutdown)
    iPhone 6 (EA1BD660-8782-42D1-8CDB-3270CBABFB08) (Shutdown)
    iPhone 6 Plus (FA4E0648-AD34-4C78-BA90-5BE6160154EF) (Shutdown)
    iPhone 6s (FE130B4C-70C6-4602-813F-4DA36DCC6B1B) (Shutdown)
    iPhone 6s Plus (882032DF-005F-45C5-9DBC-EB26AD4A719A) (Shutdown)
    iPhone 7 (D76A1601-3173-4E49-A97F-534C75F500CE) (Shutdown)
    iPhone 7 Plus (E960B0FD-4043-46AE-9B38-7E02C0D6DA41) (Shutdown)
    iPhone 8 (6F27E6B9-2F73-404E-AF1D-656284EA7F2C) (Shutdown)
    iPhone 8 Plus (8FE6A8E2-DA16-489A-AE77-399D47C5EC09) (Shutdown)
    iPhone SE (2ABED8F0-5A50-4621-B00F-596F6FD26EE5) (Shutdown)
    iPhone X (62D17DDA-281B-48A0-A7F5-DBB8077D80D7) (Shutdown)
    iPad Air (0E3BDC02-9895-4AFF-A8C1-5F233492DA44) (Shutdown)
    iPad Air 2 (12423A41-4C66-49AD-9F53-DB28F1321A66) (Shutdown)
    iPad (5th generation) (C1ABC2B7-8AEA-4B1C-B746-6E7858120582) (Shutdown)
    iPad Pro (9.7-inch) (D8548C7D-08BA-4328-8E51-1824AD705ACD) (Shutdown)
    iPad Pro (12.9-inch) (49A92A50-024F-4D63-8C0C-AB79CEF72307) (Shutdown)
    iPad Pro (12.9-inch) (2nd generation) (3120BBE6-A23D-4B8A-9F0C-0E45D7B2924B) (Shutdown)
    iPad Pro (10.5-inch) (6DD325EE-4A03-476A-8FA8-66EF9587DBB6) (Shutdown)
-- iOS 11.1 --
    iPhone 5s (05AB560A-A1BA-48B9-B23B-7E73F9365923) (Shutdown)
    iPhone 6 (5908394B-B316-4E17-BE9E-3BF98581AB10) (Shutdown)
    iPhone 6 Plus (327720C8-5C70-43E6-9E90-AC33DD5060F5) (Shutdown)
    iPhone 6s (69493CE6-E771-4169-8866-11D7E71693BD) (Shutdown)
    iPhone 6s Plus (BF557578-D191-45AB-99A7-5B072005D1F7) (Shutdown)
    iPhone 7 (D6491799-FDC4-4DB6-9E08-BED7B91EAAB9) (Shutdown)
    iPhone 7 Plus (F5FA9CA0-A326-467C-8C83-70427F084BB8) (Shutdown)
    iPhone 8 (3EDC3A34-0B77-4B9C-B0BB-70D7D270BE65) (Shutdown)
    iPhone 8 Plus (A724CE9D-0ACD-4931-AEE4-C41877085BFF) (Shutdown)
    iPhone SE (2338F236-5A7C-4564-A6E8-B8941C8216A9) (Shutdown)
    iPhone X (78FC5486-ACDF-4D24-9C53-33615B3F04E6) (Shutdown)
    iPad Air (00A002B5-1FE2-4126-ABC5-70743EAFF478) (Shutdown)
    iPad Air 2 (64596D27-6D2C-492C-A29B-2F852E4ABF47) (Shutdown)
    iPad (5th generation) (C219BFDB-0224-4435-9170-0BC5B5BCB14F) (Shutdown)
    iPad Pro (9.7-inch) (96619504-1612-464F-8C49-8C45FDD35702) (Shutdown)
    iPad Pro (12.9-inch) (0BCF411D-A43E-40D0-833F-18FA504E15CA) (Shutdown)
    iPad Pro (12.9-inch) (2nd generation) (4B3412AF-53D4-454D-87C2-C6F14AC2970C) (Shutdown)
    iPad Pro (10.5-inch) (0D733638-CC8D-4DB9-9DCB-2D230C6BE0B0) (Shutdown)
-- iOS 11.2 --
    iPhone 5s (70F457D1-1114-49BE-BEA6-059CE170B490) (Shutdown)
    iPhone 6 (D6919016-C49C-42A9-BDBF-66F3A5A5E280) (Shutdown)
    iPhone 6 Plus (E91EC14E-14A0-45E7-AFF7-FCC0925EB829) (Shutdown)
    iPhone 6s (C06CF8A0-1989-4681-88A2-CCFCC79C2B0D) (Shutdown)
    iPhone 6s Plus (22174692-4FD7-46FB-86B6-24FD6E421684) (Shutdown)
    iPhone 7 (F5BDFDCE-C640-4B32-9D0F-F1CC6CD51113) (Shutdown)
    iPhone 7 Plus (6CE02148-D380-4B8F-ACB5-830B228F1B11) (Shutdown)
    iPhone 8 (DAC98A04-5355-47D1-A108-165AACD1065B) (Shutdown)
    iPhone 8 Plus (00F2DDEA-FF7B-4B08-B8B8-43C04C8F4A62) (Shutdown)
    iPhone SE (7485C1D7-0E7B-43DE-B071-C2548B9BF231) (Shutdown)
    iPhone X (E66D9695-62D4-4EB4-8508-04CA60F66B01) (Shutdown)
    iPad Air (D380B8D7-C62B-471F-B17D-B5D1B5BABA9C) (Shutdown)
    iPad Air 2 (4A86A1C0-DB7E-4938-832B-0BBE3FCE47CC) (Shutdown)
    iPad (5th generation) (BA47BFD0-95F2-4708-810E-AF8651463EBE) (Shutdown)
    iPad Pro (9.7-inch) (F70F2DE8-D69D-444A-8026-1567C56351F0) (Shutdown)
    iPad Pro (12.9-inch) (BFBF0D65-9656-40BE-AD6C-202E2BEC0159) (Shutdown)
    iPad Pro (12.9-inch) (2nd generation) (EFD93092-0C1C-477E-866D-9ED7F9E2BB10) (Shutdown)
    iPad Pro (10.5-inch) (A7CAE039-3050-4AD7-865F-37FD7353EBF7) (Shutdown)
-- iOS 11.4 --
    iPhone 5s (649EF1BB-17FC-4DD2-9065-BD7E1FC83F0A) (Shutdown)
    iPhone 6 (182F4FE3-587F-4CA1-BB46-C9688FFD5408) (Shutdown)
    iPhone 6 Plus (0271CE9B-E254-4DA7-85D5-DB95BDE8D765) (Shutdown)
    iPhone 6s (D4895DDC-85F7-496C-9C2D-C1A40A59EF52) (Shutdown)
    iPhone 6s Plus (28E64EAA-08D0-45D1-9C41-7A60AB091E1C) (Shutdown)
    iPhone 7 (E5C7D194-D5ED-4315-8E6D-D8EB59D5A29C) (Shutdown)
    iPhone 7 Plus (C3A0B84C-8B62-4129-B101-2A17ECFC0233) (Shutdown)
    iPhone 8 (D830DF22-3C30-49DE-BFED-2162E7829662) (Shutdown)
    iPhone 8 Plus (77B38717-5AD1-44F2-AEDF-B73517BA5459) (Shutdown)
    iPhone SE (4DB3933D-E07E-499B-A955-FECAC9C2C96F) (Shutdown)
    iPhone X (5511AC6A-ECD1-4725-B8CD-22031341D089) (Shutdown)
    iPad Air (BD52A75F-F4F0-4C49-9A7A-E18A17DE339E) (Shutdown)
    iPad Air 2 (07D78A67-DFAE-4A83-AE2B-40612DF90C1C) (Shutdown)
    iPad (5th generation) (AD2B6C7D-4AB3-421A-9307-F5B4579F0207) (Shutdown)
    iPad Pro (9.7-inch) (FFF40649-07B0-4FDC-8BB6-650CF7BC5C08) (Shutdown)
    iPad Pro (12.9-inch) (EE1F082B-5842-4963-BE3E-6157D5EE895E) (Shutdown)
    iPad Pro (12.9-inch) (2nd generation) (02E98B4C-4FC0-42BE-9AE5-3771D42D0479) (Shutdown)
    iPad Pro (10.5-inch) (95F2433D-823B-4967-9415-CE38CAFA2936) (Shutdown)
-- tvOS 9.0 --
    Apple TV 1080p (4B919E94-3A0A-42E0-9A17-F3DADD473ED8) (Shutdown)
-- tvOS 9.1 --
    Apple TV 1080p (527AE9B0-2020-4E60-8142-BFE835B49453) (Shutdown)
-- tvOS 9.2 --
    Apple TV 1080p (CC6D8B31-AC91-45D8-AC97-BB36DE80F7E8) (Shutdown)
-- tvOS 10.0 --
    Apple TV 1080p (A426B3E8-CE37-4ADF-8D98-42A81C6E290F) (Shutdown)
-- tvOS 10.1 --
    Apple TV 1080p (2AABCDD8-0F92-4AAC-B039-ED6ED0F14FEE) (Shutdown)
-- tvOS 10.2 --
    Apple TV 1080p (21D78085-01EF-424E-85C5-347318E1C1AE) (Shutdown)
-- tvOS 11.0 --
    Apple TV (DF8C0BB7-9DC7-43E9-A07C-E82FAC28FE7C) (Shutdown)
    Apple TV 4K (F3CBDAFB-4A31-4E81-8459-C8470169F186) (Shutdown)
    Apple TV 4K (at 1080p) (56D00073-17BE-45D3-B3AC-5E37DA6F8F66) (Shutdown)
-- tvOS 11.1 --
    Apple TV (B7100A56-4BD4-41DE-8092-415094DC393C) (Shutdown)
    Apple TV 4K (2004F597-1196-4C59-8A1B-9ECE3037DB8D) (Shutdown)
    Apple TV 4K (at 1080p) (2639C938-8DC8-4745-981C-C9EC57A7D8FA) (Shutdown)
-- tvOS 11.2 --
    Apple TV (90986B8C-5F91-4F81-9624-1C3D7AFAE05F) (Shutdown)
    Apple TV 4K (D0349F60-3358-4FE4-8A89-7EB0F7F2A238) (Shutdown)
    Apple TV 4K (at 1080p) (E95F0B37-2FBB-4112-AB27-F1D92C6E5C5E) (Shutdown)
-- tvOS 11.4 --
    Apple TV (32EA6333-E521-4287-86DD-28DDF1E6FECB) (Shutdown)
    Apple TV 4K (70DAAB5C-A7A4-4741-BA9C-65CBE5370074) (Shutdown)
    Apple TV 4K (at 1080p) (3422A382-463B-4119-9B69-2AB644CCA389) (Shutdown)
-- watchOS 2.0 --
    Apple Watch - 38mm (5A9593EA-5EFD-4820-B696-83FD8601D251) (Shutdown)
    Apple Watch - 42mm (C22790D1-611C-4840-A69A-5B4342D38FC2) (Shutdown)
-- watchOS 2.1 --
    Apple Watch - 38mm (F8D48DD7-7E4F-48FC-AD1F-0A4E1DF82FE8) (Shutdown)
    Apple Watch - 42mm (F9F65FE9-9522-4970-A254-ED8BBFC02C67) (Shutdown)
-- watchOS 2.2 --
    Apple Watch - 38mm (8D5D3983-6F84-407D-AE6C-871B0CA0893F) (Shutdown)
    Apple Watch - 42mm (1530E772-600F-425D-B135-7BD08E67BADA) (Shutdown)
-- watchOS 3.1 --
    Apple Watch - 38mm (C39E14D3-4A2B-4595-86D2-FCB482AF043B) (Shutdown)
    Apple Watch - 42mm (E6907F74-2B26-4F4C-8C29-0792474A41F5) (Shutdown)
    Apple Watch Series 2 - 38mm (A9DAE657-2E3B-4F83-9513-44DE869C7216) (Shutdown)
    Apple Watch Series 2 - 42mm (CCA1934E-1D42-47AB-AE6B-2BA694C3028B) (Shutdown)
-- watchOS 3.2 --
    Apple Watch - 38mm (2F0061F5-F853-48DF-BEC9-CD1C64EF7919) (Shutdown)
    Apple Watch - 42mm (6AFB8BD5-6016-48E4-A9E9-0D149EAE5DBD) (Shutdown)
    Apple Watch Series 2 - 38mm (5FF16DA9-3570-41F3-B456-B2E6395133A4) (Shutdown)
    Apple Watch Series 2 - 42mm (EB433AEA-FBC0-4515-B2BD-F47A2F1D89F8) (Shutdown)
-- watchOS 4.0 --
    Apple Watch - 38mm (C6961870-BE4D-4688-B169-36782A34F490) (Shutdown)
    Apple Watch - 42mm (E386D3FD-F471-47B6-8B95-1F8C407482CD) (Shutdown)
    Apple Watch Series 2 - 38mm (40B00BC5-7418-4D08-BA39-ED79B8971989) (Shutdown)
    Apple Watch Series 2 - 42mm (82A48AC3-5DD0-44D1-AAA6-84EBFB203A19) (Shutdown)
    Apple Watch Series 3 - 38mm (607DA31C-B96D-4B1C-9C3B-C8FF54201904) (Shutdown)
    Apple Watch Series 3 - 42mm (5B69333D-F608-4B27-A0C9-2447032F9A15) (Shutdown)
-- watchOS 4.1 --
    Apple Watch - 38mm (458D3C78-B4BD-44CB-87A6-26D47D98080B) (Shutdown)
    Apple Watch - 42mm (A4F385B7-93F6-4C46-9E76-6FF0A6299060) (Shutdown)
    Apple Watch Series 2 - 38mm (B867EB79-B154-4C91-BFE6-193AF08BC3CA) (Shutdown)
    Apple Watch Series 2 - 42mm (DB6B9B98-C8CB-409C-8EA9-A2CDC79012EB) (Shutdown)
    Apple Watch Series 3 - 38mm (019D63C4-EE23-44CE-8002-A39A1A5A3C6F) (Shutdown)
    Apple Watch Series 3 - 42mm (0C211DF7-2D68-4E8F-A541-F05F90B6D83C) (Shutdown)
-- watchOS 4.2 --
    Apple Watch - 38mm (7206F7DD-B3EF-4074-8955-8C59AA159C35) (Shutdown)
    Apple Watch - 42mm (8A3930CE-9F4C-4F0A-9709-EC5889CE3A61) (Shutdown)
    Apple Watch Series 2 - 38mm (33A0E8B4-AB05-44AC-A75E-31559EEA4650) (Shutdown)
    Apple Watch Series 2 - 42mm (C208B8E5-8030-49ED-B48B-0DEE2CB8CFED) (Shutdown)
    Apple Watch Series 3 - 38mm (1A294765-4224-4A3F-AFAF-ADC6640CB357) (Shutdown)
    Apple Watch Series 3 - 42mm (484F677A-228F-407C-AE41-264F2D4C164D) (Shutdown)
-- watchOS 4.3 --
    Apple Watch - 38mm (4E20152F-771F-42ED-A76E-F07051936A05) (Shutdown)
    Apple Watch - 42mm (7A152185-D7E1-4FAF-AECE-3327CD86B28C) (Shutdown)
    Apple Watch Series 2 - 38mm (F7ABBE08-D42F-4343-83D9-246A6918E7E9) (Shutdown)
    Apple Watch Series 2 - 42mm (906DFA46-9680-4292-AAA4-41EC4F0AE68A) (Shutdown)
    Apple Watch Series 3 - 38mm (F2860C43-042E-46C9-8521-519DA10A9288) (Shutdown)
    Apple Watch Series 3 - 42mm (61B03402-EBAE-45D1-85F9-6ACA01B8B4FD) (Shutdown)
== Device Pairs ==
27978C37-B73B-461F-BF1B-E3DCE0D7C05D (active, disconnected)
    Watch: Apple Watch Series 2 - 38mm (F7ABBE08-D42F-4343-83D9-246A6918E7E9) (Shutdown)
    Phone: iPhone 7 (E5C7D194-D5ED-4315-8E6D-D8EB59D5A29C) (Shutdown)
FE0409F8-B2A9-4500-8452-740503ADE52D (active, disconnected)
    Watch: Apple Watch Series 2 - 42mm (906DFA46-9680-4292-AAA4-41EC4F0AE68A) (Shutdown)
    Phone: iPhone 7 Plus (C3A0B84C-8B62-4129-B101-2A17ECFC0233) (Shutdown)
E69ECCFF-8C75-4103-9E8A-7BC5F84C0519 (active, disconnected)
    Watch: Apple Watch Series 3 - 38mm (F2860C43-042E-46C9-8521-519DA10A9288) (Shutdown)
    Phone: iPhone 8 (D830DF22-3C30-49DE-BFED-2162E7829662) (Shutdown)
339D505D-7E42-4C59-8315-CBD5E0878FE2 (active, disconnected)
    Watch: Apple Watch Series 3 - 42mm (61B03402-EBAE-45D1-85F9-6ACA01B8B4FD) (Shutdown)
    Phone: iPhone 8 Plus (77B38717-5AD1-44F2-AEDF-B73517BA5459) (Shutdown)

========================================


=== OS X info =========================

* sw_vers
ProductName:	Mac OS X
ProductVersion:	10.13.4
BuildVersion:	17E199

* system_profiler SPSoftwareDataType
Software:

    System Software Overview:

      System Version: macOS 10.13.4 (17E199)
      Kernel Version: Darwin 17.5.0
      Boot Volume: Macintosh HD
      Boot Mode: Normal
      Computer Name: xstagebhostondemandinternalteststandard2.local
      User Name: vagrant (vagrant)
      Secure Virtual Memory: Enabled
      System Integrity Protection: Disabled
      Time since boot: 2 minutes


========================================


=== System infos =======================
* Free disk space: /dev/disk0s2  199Gi  113Gi   85Gi    58% 3430527 4291536752    0%   /
========================================


=== Environment infos =======================
MATCH_KEYCHAIN_PASSWORD environment set
========================================


=== Control tests ======================
source $HOME/.bash_profile ...
source $HOME/.bash_profile - PASSED
========================================

