 (i) Ignore Errors: disabled

#
# This System Report was generated by: https://github.com/bitrise-io/osx-box-bootstrap/blob/master/system_report.sh
#  Pull Requests are welcome!
#

=== Revision / ID ======================
* BITRISE_OSX_STACK_REV_ID: v2022_04_04
========================================


=== Pre-installed tool versions ========
* Go: go version go1.17.8 darwin/arm64
* Node.js: v12.22.11
* NPM: 6.14.16
* Yarn: 1.22.18
* Java: openjdk version "11.0.11" 2021-04-20
OpenJDK Runtime Environment AdoptOpenJDK-11.0.11+9 (build 11.0.11+9)
OpenJDK 64-Bit Server VM AdoptOpenJDK-11.0.11+9 (build 11.0.11+9, mixed mode)
/var/folders/0r/f3_np_qj3wx5ntgrq1srj_qm0000gn/T/bitrise314089035/step_src/._script_cont: line 29: flutter: command not found
* Flutter: 
/var/folders/0r/f3_np_qj3wx5ntgrq1srj_qm0000gn/T/bitrise314089035/step_src/._script_cont: line 30: fvm: command not found
* fvm: 
* git: git version 2.35.1
* git lfs: git-lfs/3.1.2 (GitHub; darwin arm64; go 1.17.6)
* mercurial/hg: Mercurial Distributed SCM (version 6.1)
* curl: curl 7.79.1 (x86_64-apple-darwin21.0) libcurl/7.79.1 (SecureTransport) LibreSSL/3.3.5 zlib/1.2.11 nghttp2/1.45.1
* wget: GNU Wget 1.21.3 built on darwin21.3.0.
* rsync: rsync  version 2.6.9  protocol version 29
* unzip: UnZip 6.00 of 20 April 2009, by Info-ZIP.  Maintained by C. Spieler.  Send
* zip: This is Zip 3.0 (July 5th 2008), by Info-ZIP.
* tar: bsdtar 3.5.1 - libarchive 3.5.1 zlib/1.2.11 liblzma/5.0.5 bz2lib/1.0.8 
* tree: tree v2.0.2 (c) 1996 - 2022 by Steve Baker, Thomas Moore, Francesc Rocher, Florian Sesser, Kyosuke Tokoro 
* brew: Homebrew 3.4.6
Homebrew/homebrew-core (git revision 4a6d9e1d7ea; last commit 2022-04-04)
Homebrew/homebrew-cask (git revision 27de994dfe; last commit 2022-04-04)
* Ansible: ansible [core 2.12.4]
  configured module search path = ['/Users/vagrant/.ansible/plugins/modules', '/usr/share/ansible/plugins/modules']
  ansible python module location = /opt/homebrew/Cellar/ansible/5.5.0/libexec/lib/python3.10/site-packages/ansible
  ansible collection location = /Users/vagrant/.ansible/collections:/usr/share/ansible/collections
  executable location = /opt/homebrew/bin/ansible
* gtimeout: timeout (GNU coreutils) 9.0
* watchman: 2022.03.21.00
* flow: Flow, a static type checker for JavaScript, version 0.175.0
* carthage: 0.38.0
* imagemagick (convert): Version: ImageMagick 7.1.0-29 Q16-HDRI arm 19841 https://imagemagick.org
* ghostscript (ps2ascii): 9.55.0
* screen: Screen version 4.09.00 (GNU) 30-Jan-22
* firebase: 10.6.0
* applesimutils version 0.9.5
* jq: 1.6
* 0.9.1
* XCLogParser 0.2.23
* Screen 4.09.00
* applesimutils 0.9.5
* OpenConnect version v8.20
* aws-cli: aws-cli/2.5.2 Python/3.9.12 Darwin/21.4.0 source/arm64 prompt/off
* cmake: 3.23.0
* danger-swift: 3.12.3
* OpenVPN 2.5.6 arm-apple-darwin21.3.0 [SSL (OpenSSL)] [LZO] [LZ4] [PKCS11] [MH/RECVDA] [AEAD] built on Mar 23 2022
--- Bitrise CLI tool versions
* bitrise: 1.48.0
* stepman: 0.13.1
* envman: 2.3.3
/var/folders/0r/f3_np_qj3wx5ntgrq1srj_qm0000gn/T/bitrise314089035/step_src/._script_cont: line 78: cmd-bridge: command not found
* cmd-bridge: 
========================================


=== Brew list versions ==================
ansible 5.5.0
aom 3.3.0
applesimutils 0.9.5
apr 1.7.0_2
apr-util 1.6.1_3
argon2 20190702_1
aspell 0.60.8
autoconf 2.71
awscli 2.5.2
bdw-gc 8.0.6
boost 1.78.0_1
brotli 1.0.9
c-ares 1.18.1_1
ca-certificates 2022-03-29
carthage 0.38.0
cmake 3.23.0
coreutils 9.0_1
curl 7.82.0
danger-js 11.0.2
danger-swift 3.12.3
docbook 5.1_1
docbook-xsl 1.79.2_1
double-conversion 3.2.0
fb303 2022.03.21.00
fbthrift 2022.03.21.00
fizz 2022.03.21.00
flow 0.175.0
fmt 8.1.1_1
folly 2022.03.21.00
fontconfig 2.14.0
freetds 1.3.9
freetype 2.12.0
gd 2.3.3_1
gdbm 1.23
gettext 0.21
gflags 2.2.2
ghostscript 9.55.0
giflib 5.2.1
git 2.35.1
git-lfs 3.1.2
glib 2.72.0
glog 0.5.0
gmp 6.2.1_1
gnu-getopt 2.37.4
gnupg 2.3.4
gnutls 3.7.4
go@1.17 1.17.8
guile 3.0.8
icu4c 70.1
imagemagick 7.1.0-29
imath 3.1.4
jbig2dec 0.19
jenv 0.5.4
jpeg 9e
jpeg-xl 0.6.1
jq 1.6
krb5 1.19.3
libassuan 2.5.5
libavif 0.9.3
libcbor 0.9.0
libde265 1.0.8
libevent 2.1.12
libffi 3.4.2
libfido2 1.10.0
libgcrypt 1.10.1
libgpg-error 1.44
libheif 1.12.0_1
libidn 1.38
libidn2 2.3.2
libksba 1.6.0
liblqr 0.4.2_1
libnghttp2 1.47.0
libomp 14.0.0
libpng 1.6.37
libpq 14.2
libsodium 1.0.18_1
libssh2 1.10.0
libtasn1 4.18.0
libtiff 4.3.0
libtool 2.4.7
libunistring 1.0
libusb 1.0.25
libuv 1.44.1
libvmaf 2.3.0_1
libyaml 0.2.5
libzip 1.8.0_1
little-cms2 2.13.1
luajit-openresty 2.1-20220310
lz4 1.9.3
lzo 2.10
m4 1.4.19
macos-term-size 1.0.0
mercurial 6.1
mpdecimal 2.5.1
mysql-client 8.0.28
nettle 3.7.3
node@12 12.22.11
npth 1.6
oniguruma 6.9.7.1
openconnect 8.20
openexr 3.1.4
openjpeg 2.4.0
openldap 2.6.1
openssl@1.1 1.1.1n
openvpn 2.5.6
p11-kit 0.24.1
pcre 8.45
pcre2 10.39
php@7.4 7.4.28_1
pinentry 1.2.0
pkcs11-helper 1.28.0
pkg-config 0.29.2_3
python@3.10 3.10.2
python@3.9 3.9.12
rbenv 1.2.0
readline 8.1.2
rtmpdump 2.4+20151223_1
ruby-build 20220324
screen 4.9.0
shared-mime-info 2.1
six 1.16.0_2
snappy 1.1.9
sqlite 3.38.2
stoken 0.92_1
swiftlint 0.47.0_1
sysbench 1.0.20_1
tidy-html5 5.8.0
tree 2.0.2
unbound 1.15.0
unixodbc 2.3.9_1
wangle 2022.03.21.00
watchman 2022.03.21.00
webp 1.2.2
wget 1.21.3
x265 3.5
xmlto 0.0.28
xz 5.2.5
yarn 1.22.18
zstd 1.5.2
adoptopenjdk11 11.0.11,9
adoptopenjdk8 8,292:b10
temurin 17.0.2,8
========================================


=== Brew deps tree ==================
adoptopenjdk/openjdk/adoptopenjdk11
adoptopenjdk/openjdk/adoptopenjdk8
ansible
├── libyaml
├── openssl@1.1
│   └── ca-certificates
├── python@3.10
│   ├── gdbm
│   ├── mpdecimal
│   ├── openssl@1.1
│   │   └── ca-certificates
│   ├── readline
│   ├── sqlite
│   │   └── readline
│   └── xz
└── six
aom
├── jpeg-xl
│   ├── brotli
│   ├── giflib
│   ├── imath
│   ├── jpeg
│   ├── libpng
│   ├── openexr
│   │   └── imath
│   └── webp
│       ├── giflib
│       ├── jpeg
│       ├── libpng
│       └── libtiff
│           └── jpeg
└── libvmaf
wix/brew/applesimutils
apr
apr-util
├── apr
└── openssl@1.1
    └── ca-certificates
argon2
aspell
autoconf
└── m4
awscli
├── python@3.9
│   ├── gdbm
│   ├── mpdecimal
│   ├── openssl@1.1
│   │   └── ca-certificates
│   ├── readline
│   ├── sqlite
│   │   └── readline
│   └── xz
└── six
bdw-gc
boost
└── icu4c
brotli
c-ares
ca-certificates
carthage
cmake
coreutils
└── gmp
curl
├── brotli
├── libidn2
│   ├── gettext
│   └── libunistring
├── libnghttp2
├── libssh2
│   └── openssl@1.1
│       └── ca-certificates
├── openldap
│   └── openssl@1.1
│       └── ca-certificates
├── openssl@1.1
│   └── ca-certificates
├── rtmpdump
│   └── openssl@1.1
│       └── ca-certificates
└── zstd
danger/tap/danger-js
danger/tap/danger-swift
└── danger/tap/danger-js
docbook
docbook-xsl
└── docbook
double-conversion
fb303
├── fbthrift
│   ├── boost
│   │   └── icu4c
│   ├── fizz
│   │   ├── boost
│   │   │   └── icu4c
│   │   ├── double-conversion
│   │   ├── fmt
│   │   ├── folly
│   │   │   ├── boost
│   │   │   │   └── icu4c
│   │   │   ├── double-conversion
│   │   │   ├── fmt
│   │   │   ├── gflags
│   │   │   ├── glog
│   │   │   │   └── gflags
│   │   │   ├── libevent
│   │   │   │   └── openssl@1.1
│   │   │   │       └── ca-certificates
│   │   │   ├── lz4
│   │   │   ├── openssl@1.1
│   │   │   │   └── ca-certificates
│   │   │   ├── snappy
│   │   │   ├── xz
│   │   │   └── zstd
│   │   ├── gflags
│   │   ├── glog
│   │   │   └── gflags
│   │   ├── libevent
│   │   │   └── openssl@1.1
│   │   │       └── ca-certificates
│   │   ├── libsodium
│   │   ├── lz4
│   │   ├── openssl@1.1
│   │   │   └── ca-certificates
│   │   ├── snappy
│   │   └── zstd
│   ├── fmt
│   ├── folly
│   │   ├── boost
│   │   │   └── icu4c
│   │   ├── double-conversion
│   │   ├── fmt
│   │   ├── gflags
│   │   ├── glog
│   │   │   └── gflags
│   │   ├── libevent
│   │   │   └── openssl@1.1
│   │   │       └── ca-certificates
│   │   ├── lz4
│   │   ├── openssl@1.1
│   │   │   └── ca-certificates
│   │   ├── snappy
│   │   ├── xz
│   │   └── zstd
│   ├── gflags
│   ├── glog
│   │   └── gflags
│   ├── openssl@1.1
│   │   └── ca-certificates
│   ├── wangle
│   │   ├── boost
│   │   │   └── icu4c
│   │   ├── double-conversion
│   │   ├── fizz
│   │   │   ├── boost
│   │   │   │   └── icu4c
│   │   │   ├── double-conversion
│   │   │   ├── fmt
│   │   │   ├── folly
│   │   │   │   ├── boost
│   │   │   │   │   └── icu4c
│   │   │   │   ├── double-conversion
│   │   │   │   ├── fmt
│   │   │   │   ├── gflags
│   │   │   │   ├── glog
│   │   │   │   │   └── gflags
│   │   │   │   ├── libevent
│   │   │   │   │   └── openssl@1.1
│   │   │   │   │       └── ca-certificates
│   │   │   │   ├── lz4
│   │   │   │   ├── openssl@1.1
│   │   │   │   │   └── ca-certificates
│   │   │   │   ├── snappy
│   │   │   │   ├── xz
│   │   │   │   └── zstd
│   │   │   ├── gflags
│   │   │   ├── glog
│   │   │   │   └── gflags
│   │   │   ├── libevent
│   │   │   │   └── openssl@1.1
│   │   │   │       └── ca-certificates
│   │   │   ├── libsodium
│   │   │   ├── lz4
│   │   │   ├── openssl@1.1
│   │   │   │   └── ca-certificates
│   │   │   ├── snappy
│   │   │   └── zstd
│   │   ├── fmt
│   │   ├── folly
│   │   │   ├── boost
│   │   │   │   └── icu4c
│   │   │   ├── double-conversion
│   │   │   ├── fmt
│   │   │   ├── gflags
│   │   │   ├── glog
│   │   │   │   └── gflags
│   │   │   ├── libevent
│   │   │   │   └── openssl@1.1
│   │   │   │       └── ca-certificates
│   │   │   ├── lz4
│   │   │   ├── openssl@1.1
│   │   │   │   └── ca-certificates
│   │   │   ├── snappy
│   │   │   ├── xz
│   │   │   └── zstd
│   │   ├── gflags
│   │   ├── glog
│   │   │   └── gflags
│   │   ├── libevent
│   │   │   └── openssl@1.1
│   │   │       └── ca-certificates
│   │   ├── libsodium
│   │   ├── lz4
│   │   ├── openssl@1.1
│   │   │   └── ca-certificates
│   │   ├── snappy
│   │   └── zstd
│   └── zstd
├── fizz
│   ├── boost
│   │   └── icu4c
│   ├── double-conversion
│   ├── fmt
│   ├── folly
│   │   ├── boost
│   │   │   └── icu4c
│   │   ├── double-conversion
│   │   ├── fmt
│   │   ├── gflags
│   │   ├── glog
│   │   │   └── gflags
│   │   ├── libevent
│   │   │   └── openssl@1.1
│   │   │       └── ca-certificates
│   │   ├── lz4
│   │   ├── openssl@1.1
│   │   │   └── ca-certificates
│   │   ├── snappy
│   │   ├── xz
│   │   └── zstd
│   ├── gflags
│   ├── glog
│   │   └── gflags
│   ├── libevent
│   │   └── openssl@1.1
│   │       └── ca-certificates
│   ├── libsodium
│   ├── lz4
│   ├── openssl@1.1
│   │   └── ca-certificates
│   ├── snappy
│   └── zstd
├── fmt
├── folly
│   ├── boost
│   │   └── icu4c
│   ├── double-conversion
│   ├── fmt
│   ├── gflags
│   ├── glog
│   │   └── gflags
│   ├── libevent
│   │   └── openssl@1.1
│   │       └── ca-certificates
│   ├── lz4
│   ├── openssl@1.1
│   │   └── ca-certificates
│   ├── snappy
│   ├── xz
│   └── zstd
├── gflags
├── glog
│   └── gflags
├── openssl@1.1
│   └── ca-certificates
└── wangle
    ├── boost
    │   └── icu4c
    ├── double-conversion
    ├── fizz
    │   ├── boost
    │   │   └── icu4c
    │   ├── double-conversion
    │   ├── fmt
    │   ├── folly
    │   │   ├── boost
    │   │   │   └── icu4c
    │   │   ├── double-conversion
    │   │   ├── fmt
    │   │   ├── gflags
    │   │   ├── glog
    │   │   │   └── gflags
    │   │   ├── libevent
    │   │   │   └── openssl@1.1
    │   │   │       └── ca-certificates
    │   │   ├── lz4
    │   │   ├── openssl@1.1
    │   │   │   └── ca-certificates
    │   │   ├── snappy
    │   │   ├── xz
    │   │   └── zstd
    │   ├── gflags
    │   ├── glog
    │   │   └── gflags
    │   ├── libevent
    │   │   └── openssl@1.1
    │   │       └── ca-certificates
    │   ├── libsodium
    │   ├── lz4
    │   ├── openssl@1.1
    │   │   └── ca-certificates
    │   ├── snappy
    │   └── zstd
    ├── fmt
    ├── folly
    │   ├── boost
    │   │   └── icu4c
    │   ├── double-conversion
    │   ├── fmt
    │   ├── gflags
    │   ├── glog
    │   │   └── gflags
    │   ├── libevent
    │   │   └── openssl@1.1
    │   │       └── ca-certificates
    │   ├── lz4
    │   ├── openssl@1.1
    │   │   └── ca-certificates
    │   ├── snappy
    │   ├── xz
    │   └── zstd
    ├── gflags
    ├── glog
    │   └── gflags
    ├── libevent
    │   └── openssl@1.1
    │       └── ca-certificates
    ├── libsodium
    ├── lz4
    ├── openssl@1.1
    │   └── ca-certificates
    ├── snappy
    └── zstd
fbthrift
├── boost
│   └── icu4c
├── fizz
│   ├── boost
│   │   └── icu4c
│   ├── double-conversion
│   ├── fmt
│   ├── folly
│   │   ├── boost
│   │   │   └── icu4c
│   │   ├── double-conversion
│   │   ├── fmt
│   │   ├── gflags
│   │   ├── glog
│   │   │   └── gflags
│   │   ├── libevent
│   │   │   └── openssl@1.1
│   │   │       └── ca-certificates
│   │   ├── lz4
│   │   ├── openssl@1.1
│   │   │   └── ca-certificates
│   │   ├── snappy
│   │   ├── xz
│   │   └── zstd
│   ├── gflags
│   ├── glog
│   │   └── gflags
│   ├── libevent
│   │   └── openssl@1.1
│   │       └── ca-certificates
│   ├── libsodium
│   ├── lz4
│   ├── openssl@1.1
│   │   └── ca-certificates
│   ├── snappy
│   └── zstd
├── fmt
├── folly
│   ├── boost
│   │   └── icu4c
│   ├── double-conversion
│   ├── fmt
│   ├── gflags
│   ├── glog
│   │   └── gflags
│   ├── libevent
│   │   └── openssl@1.1
│   │       └── ca-certificates
│   ├── lz4
│   ├── openssl@1.1
│   │   └── ca-certificates
│   ├── snappy
│   ├── xz
│   └── zstd
├── gflags
├── glog
│   └── gflags
├── openssl@1.1
│   └── ca-certificates
├── wangle
│   ├── boost
│   │   └── icu4c
│   ├── double-conversion
│   ├── fizz
│   │   ├── boost
│   │   │   └── icu4c
│   │   ├── double-conversion
│   │   ├── fmt
│   │   ├── folly
│   │   │   ├── boost
│   │   │   │   └── icu4c
│   │   │   ├── double-conversion
│   │   │   ├── fmt
│   │   │   ├── gflags
│   │   │   ├── glog
│   │   │   │   └── gflags
│   │   │   ├── libevent
│   │   │   │   └── openssl@1.1
│   │   │   │       └── ca-certificates
│   │   │   ├── lz4
│   │   │   ├── openssl@1.1
│   │   │   │   └── ca-certificates
│   │   │   ├── snappy
│   │   │   ├── xz
│   │   │   └── zstd
│   │   ├── gflags
│   │   ├── glog
│   │   │   └── gflags
│   │   ├── libevent
│   │   │   └── openssl@1.1
│   │   │       └── ca-certificates
│   │   ├── libsodium
│   │   ├── lz4
│   │   ├── openssl@1.1
│   │   │   └── ca-certificates
│   │   ├── snappy
│   │   └── zstd
│   ├── fmt
│   ├── folly
│   │   ├── boost
│   │   │   └── icu4c
│   │   ├── double-conversion
│   │   ├── fmt
│   │   ├── gflags
│   │   ├── glog
│   │   │   └── gflags
│   │   ├── libevent
│   │   │   └── openssl@1.1
│   │   │       └── ca-certificates
│   │   ├── lz4
│   │   ├── openssl@1.1
│   │   │   └── ca-certificates
│   │   ├── snappy
│   │   ├── xz
│   │   └── zstd
│   ├── gflags
│   ├── glog
│   │   └── gflags
│   ├── libevent
│   │   └── openssl@1.1
│   │       └── ca-certificates
│   ├── libsodium
│   ├── lz4
│   ├── openssl@1.1
│   │   └── ca-certificates
│   ├── snappy
│   └── zstd
└── zstd
fizz
├── boost
│   └── icu4c
├── double-conversion
├── fmt
├── folly
│   ├── boost
│   │   └── icu4c
│   ├── double-conversion
│   ├── fmt
│   ├── gflags
│   ├── glog
│   │   └── gflags
│   ├── libevent
│   │   └── openssl@1.1
│   │       └── ca-certificates
│   ├── lz4
│   ├── openssl@1.1
│   │   └── ca-certificates
│   ├── snappy
│   ├── xz
│   └── zstd
├── gflags
├── glog
│   └── gflags
├── libevent
│   └── openssl@1.1
│       └── ca-certificates
├── libsodium
├── lz4
├── openssl@1.1
│   └── ca-certificates
├── snappy
└── zstd
flow
fmt
folly
├── boost
│   └── icu4c
├── double-conversion
├── fmt
├── gflags
├── glog
│   └── gflags
├── libevent
│   └── openssl@1.1
│       └── ca-certificates
├── lz4
├── openssl@1.1
│   └── ca-certificates
├── snappy
├── xz
└── zstd
fontconfig
└── freetype
    └── libpng
freetds
├── openssl@1.1
│   └── ca-certificates
└── unixodbc
    └── libtool
        └── m4
freetype
└── libpng
gd
├── fontconfig
│   └── freetype
│       └── libpng
├── freetype
│   └── libpng
├── jpeg
├── libavif
│   ├── aom
│   │   ├── jpeg-xl
│   │   │   ├── brotli
│   │   │   ├── giflib
│   │   │   ├── imath
│   │   │   ├── jpeg
│   │   │   ├── libpng
│   │   │   ├── openexr
│   │   │   │   └── imath
│   │   │   └── webp
│   │   │       ├── giflib
│   │   │       ├── jpeg
│   │   │       ├── libpng
│   │   │       └── libtiff
│   │   │           └── jpeg
│   │   └── libvmaf
│   ├── jpeg
│   └── libpng
├── libpng
├── libtiff
│   └── jpeg
└── webp
    ├── giflib
    ├── jpeg
    ├── libpng
    └── libtiff
        └── jpeg
gdbm
gettext
gflags
ghostscript
├── fontconfig
│   └── freetype
│       └── libpng
├── freetype
│   └── libpng
├── jbig2dec
├── jpeg
├── libidn
├── libpng
├── libtiff
│   └── jpeg
├── little-cms2
│   ├── jpeg
│   └── libtiff
│       └── jpeg
└── openjpeg
    ├── libpng
    ├── libtiff
    │   └── jpeg
    └── little-cms2
        ├── jpeg
        └── libtiff
            └── jpeg
giflib
git
├── gettext
└── pcre2
git-lfs
glib
├── gettext
├── libffi
├── pcre
└── python@3.9
    ├── gdbm
    ├── mpdecimal
    ├── openssl@1.1
    │   └── ca-certificates
    ├── readline
    ├── sqlite
    │   └── readline
    └── xz
glog
└── gflags
gmp
gnu-getopt
gnupg
├── gettext
├── gnutls
│   ├── ca-certificates
│   ├── gmp
│   ├── guile
│   │   ├── bdw-gc
│   │   ├── gmp
│   │   ├── libffi
│   │   ├── libtool
│   │   │   └── m4
│   │   ├── libunistring
│   │   ├── pkg-config
│   │   └── readline
│   ├── libidn2
│   │   ├── gettext
│   │   └── libunistring
│   ├── libtasn1
│   ├── libunistring
│   ├── nettle
│   │   └── gmp
│   ├── p11-kit
│   │   ├── ca-certificates
│   │   ├── libffi
│   │   └── libtasn1
│   └── unbound
│       ├── libevent
│       │   └── openssl@1.1
│       │       └── ca-certificates
│       ├── libnghttp2
│       └── openssl@1.1
│           └── ca-certificates
├── libassuan
│   └── libgpg-error
├── libgcrypt
│   └── libgpg-error
├── libgpg-error
├── libksba
│   └── libgpg-error
├── libusb
├── npth
└── pinentry
    ├── libassuan
    │   └── libgpg-error
    └── libgpg-error
gnutls
├── ca-certificates
├── gmp
├── guile
│   ├── bdw-gc
│   ├── gmp
│   ├── libffi
│   ├── libtool
│   │   └── m4
│   ├── libunistring
│   ├── pkg-config
│   └── readline
├── libidn2
│   ├── gettext
│   └── libunistring
├── libtasn1
├── libunistring
├── nettle
│   └── gmp
├── p11-kit
│   ├── ca-certificates
│   ├── libffi
│   └── libtasn1
└── unbound
    ├── libevent
    │   └── openssl@1.1
    │       └── ca-certificates
    ├── libnghttp2
    └── openssl@1.1
        └── ca-certificates
go@1.17
guile
├── bdw-gc
├── gmp
├── libffi
├── libtool
│   └── m4
├── libunistring
├── pkg-config
└── readline
icu4c
imagemagick
├── freetype
│   └── libpng
├── ghostscript
│   ├── fontconfig
│   │   └── freetype
│   │       └── libpng
│   ├── freetype
│   │   └── libpng
│   ├── jbig2dec
│   ├── jpeg
│   ├── libidn
│   ├── libpng
│   ├── libtiff
│   │   └── jpeg
│   ├── little-cms2
│   │   ├── jpeg
│   │   └── libtiff
│   │       └── jpeg
│   └── openjpeg
│       ├── libpng
│       ├── libtiff
│       │   └── jpeg
│       └── little-cms2
│           ├── jpeg
│           └── libtiff
│               └── jpeg
├── jpeg
├── libheif
│   ├── aom
│   │   ├── jpeg-xl
│   │   │   ├── brotli
│   │   │   ├── giflib
│   │   │   ├── imath
│   │   │   ├── jpeg
│   │   │   ├── libpng
│   │   │   ├── openexr
│   │   │   │   └── imath
│   │   │   └── webp
│   │   │       ├── giflib
│   │   │       ├── jpeg
│   │   │       ├── libpng
│   │   │       └── libtiff
│   │   │           └── jpeg
│   │   └── libvmaf
│   ├── jpeg
│   ├── libde265
│   ├── libpng
│   ├── shared-mime-info
│   │   ├── gettext
│   │   ├── glib
│   │   │   ├── gettext
│   │   │   ├── libffi
│   │   │   ├── pcre
│   │   │   └── python@3.9
│   │   │       ├── gdbm
│   │   │       ├── mpdecimal
│   │   │       ├── openssl@1.1
│   │   │       │   └── ca-certificates
│   │   │       ├── readline
│   │   │       ├── sqlite
│   │   │       │   └── readline
│   │   │       └── xz
│   │   └── xmlto
│   │       ├── docbook
│   │       ├── docbook-xsl
│   │       │   └── docbook
│   │       └── gnu-getopt
│   └── x265
├── liblqr
│   └── glib
│       ├── gettext
│       ├── libffi
│       ├── pcre
│       └── python@3.9
│           ├── gdbm
│           ├── mpdecimal
│           ├── openssl@1.1
│           │   └── ca-certificates
│           ├── readline
│           ├── sqlite
│           │   └── readline
│           └── xz
├── libomp
├── libpng
├── libtiff
│   └── jpeg
├── libtool
│   └── m4
├── little-cms2
│   ├── jpeg
│   └── libtiff
│       └── jpeg
├── openexr
│   └── imath
├── openjpeg
│   ├── libpng
│   ├── libtiff
│   │   └── jpeg
│   └── little-cms2
│       ├── jpeg
│       └── libtiff
│           └── jpeg
├── webp
│   ├── giflib
│   ├── jpeg
│   ├── libpng
│   └── libtiff
│       └── jpeg
└── xz
imath
jbig2dec
jenv
jpeg
jpeg-xl
├── brotli
├── giflib
├── imath
├── jpeg
├── libpng
├── openexr
│   └── imath
└── webp
    ├── giflib
    ├── jpeg
    ├── libpng
    └── libtiff
        └── jpeg
jq
└── oniguruma
krb5
└── openssl@1.1
    └── ca-certificates
libassuan
└── libgpg-error
libavif
├── aom
│   ├── jpeg-xl
│   │   ├── brotli
│   │   ├── giflib
│   │   ├── imath
│   │   ├── jpeg
│   │   ├── libpng
│   │   ├── openexr
│   │   │   └── imath
│   │   └── webp
│   │       ├── giflib
│   │       ├── jpeg
│   │       ├── libpng
│   │       └── libtiff
│   │           └── jpeg
│   └── libvmaf
├── jpeg
└── libpng
libcbor
libde265
libevent
└── openssl@1.1
    └── ca-certificates
libffi
libfido2
├── libcbor
└── openssl@1.1
    └── ca-certificates
libgcrypt
└── libgpg-error
libgpg-error
libheif
├── aom
│   ├── jpeg-xl
│   │   ├── brotli
│   │   ├── giflib
│   │   ├── imath
│   │   ├── jpeg
│   │   ├── libpng
│   │   ├── openexr
│   │   │   └── imath
│   │   └── webp
│   │       ├── giflib
│   │       ├── jpeg
│   │       ├── libpng
│   │       └── libtiff
│   │           └── jpeg
│   └── libvmaf
├── jpeg
├── libde265
├── libpng
├── shared-mime-info
│   ├── gettext
│   ├── glib
│   │   ├── gettext
│   │   ├── libffi
│   │   ├── pcre
│   │   └── python@3.9
│   │       ├── gdbm
│   │       ├── mpdecimal
│   │       ├── openssl@1.1
│   │       │   └── ca-certificates
│   │       ├── readline
│   │       ├── sqlite
│   │       │   └── readline
│   │       └── xz
│   └── xmlto
│       ├── docbook
│       ├── docbook-xsl
│       │   └── docbook
│       └── gnu-getopt
└── x265
libidn
libidn2
├── gettext
└── libunistring
libksba
└── libgpg-error
liblqr
└── glib
    ├── gettext
    ├── libffi
    ├── pcre
    └── python@3.9
        ├── gdbm
        ├── mpdecimal
        ├── openssl@1.1
        │   └── ca-certificates
        ├── readline
        ├── sqlite
        │   └── readline
        └── xz
libnghttp2
libomp
libpng
libpq
├── krb5
│   └── openssl@1.1
│       └── ca-certificates
└── openssl@1.1
    └── ca-certificates
libsodium
libssh2
└── openssl@1.1
    └── ca-certificates
libtasn1
libtiff
└── jpeg
libtool
└── m4
libunistring
libusb
libuv
libvmaf
libyaml
libzip
└── zstd
little-cms2
├── jpeg
└── libtiff
    └── jpeg
luajit-openresty
lz4
lzo
m4
macos-term-size
mercurial
└── python@3.10
    ├── gdbm
    ├── mpdecimal
    ├── openssl@1.1
    │   └── ca-certificates
    ├── readline
    ├── sqlite
    │   └── readline
    └── xz
mpdecimal
mysql-client
├── libevent
│   └── openssl@1.1
│       └── ca-certificates
├── libfido2
│   ├── libcbor
│   └── openssl@1.1
│       └── ca-certificates
├── openssl@1.1
│   └── ca-certificates
└── zstd
nettle
└── gmp
node@12
├── brotli
├── c-ares
├── icu4c
├── libnghttp2
├── libuv
├── openssl@1.1
│   └── ca-certificates
└── macos-term-size
npth
oniguruma
openconnect
├── gettext
├── gnutls
│   ├── ca-certificates
│   ├── gmp
│   ├── guile
│   │   ├── bdw-gc
│   │   ├── gmp
│   │   ├── libffi
│   │   ├── libtool
│   │   │   └── m4
│   │   ├── libunistring
│   │   ├── pkg-config
│   │   └── readline
│   ├── libidn2
│   │   ├── gettext
│   │   └── libunistring
│   ├── libtasn1
│   ├── libunistring
│   ├── nettle
│   │   └── gmp
│   ├── p11-kit
│   │   ├── ca-certificates
│   │   ├── libffi
│   │   └── libtasn1
│   └── unbound
│       ├── libevent
│       │   └── openssl@1.1
│       │       └── ca-certificates
│       ├── libnghttp2
│       └── openssl@1.1
│           └── ca-certificates
└── stoken
    └── nettle
        └── gmp
openexr
└── imath
openjpeg
├── libpng
├── libtiff
│   └── jpeg
└── little-cms2
    ├── jpeg
    └── libtiff
        └── jpeg
openldap
└── openssl@1.1
    └── ca-certificates
openssl@1.1
└── ca-certificates
openvpn
├── lz4
├── lzo
├── openssl@1.1
│   └── ca-certificates
└── pkcs11-helper
    └── openssl@1.1
        └── ca-certificates
p11-kit
├── ca-certificates
├── libffi
└── libtasn1
pcre
pcre2
php@7.4
├── apr
├── apr-util
│   ├── apr
│   └── openssl@1.1
│       └── ca-certificates
├── argon2
├── aspell
├── autoconf
│   └── m4
├── curl
│   ├── brotli
│   ├── libidn2
│   │   ├── gettext
│   │   └── libunistring
│   ├── libnghttp2
│   ├── libssh2
│   │   └── openssl@1.1
│   │       └── ca-certificates
│   ├── openldap
│   │   └── openssl@1.1
│   │       └── ca-certificates
│   ├── openssl@1.1
│   │   └── ca-certificates
│   ├── rtmpdump
│   │   └── openssl@1.1
│   │       └── ca-certificates
│   └── zstd
├── freetds
│   ├── openssl@1.1
│   │   └── ca-certificates
│   └── unixodbc
│       └── libtool
│           └── m4
├── gd
│   ├── fontconfig
│   │   └── freetype
│   │       └── libpng
│   ├── freetype
│   │   └── libpng
│   ├── jpeg
│   ├── libavif
│   │   ├── aom
│   │   │   ├── jpeg-xl
│   │   │   │   ├── brotli
│   │   │   │   ├── giflib
│   │   │   │   ├── imath
│   │   │   │   ├── jpeg
│   │   │   │   ├── libpng
│   │   │   │   ├── openexr
│   │   │   │   │   └── imath
│   │   │   │   └── webp
│   │   │   │       ├── giflib
│   │   │   │       ├── jpeg
│   │   │   │       ├── libpng
│   │   │   │       └── libtiff
│   │   │   │           └── jpeg
│   │   │   └── libvmaf
│   │   ├── jpeg
│   │   └── libpng
│   ├── libpng
│   ├── libtiff
│   │   └── jpeg
│   └── webp
│       ├── giflib
│       ├── jpeg
│       ├── libpng
│       └── libtiff
│           └── jpeg
├── gettext
├── gmp
├── icu4c
├── krb5
│   └── openssl@1.1
│       └── ca-certificates
├── libpq
│   ├── krb5
│   │   └── openssl@1.1
│   │       └── ca-certificates
│   └── openssl@1.1
│       └── ca-certificates
├── libsodium
├── libzip
│   └── zstd
├── oniguruma
├── openldap
│   └── openssl@1.1
│       └── ca-certificates
├── openssl@1.1
│   └── ca-certificates
├── pcre2
├── sqlite
│   └── readline
├── tidy-html5
└── unixodbc
    └── libtool
        └── m4
pinentry
├── libassuan
│   └── libgpg-error
└── libgpg-error
pkcs11-helper
└── openssl@1.1
    └── ca-certificates
pkg-config
python@3.10
├── gdbm
├── mpdecimal
├── openssl@1.1
│   └── ca-certificates
├── readline
├── sqlite
│   └── readline
└── xz
python@3.9
├── gdbm
├── mpdecimal
├── openssl@1.1
│   └── ca-certificates
├── readline
├── sqlite
│   └── readline
└── xz
rbenv
└── ruby-build
    ├── autoconf
    │   └── m4
    ├── pkg-config
    └── readline
readline
rtmpdump
└── openssl@1.1
    └── ca-certificates
ruby-build
├── autoconf
│   └── m4
├── pkg-config
└── readline
screen
shared-mime-info
├── gettext
├── glib
│   ├── gettext
│   ├── libffi
│   ├── pcre
│   └── python@3.9
│       ├── gdbm
│       ├── mpdecimal
│       ├── openssl@1.1
│       │   └── ca-certificates
│       ├── readline
│       ├── sqlite
│       │   └── readline
│       └── xz
└── xmlto
    ├── docbook
    ├── docbook-xsl
    │   └── docbook
    └── gnu-getopt
six
snappy
sqlite
└── readline
stoken
└── nettle
    └── gmp
swiftlint
sysbench
├── luajit-openresty
├── mysql-client
│   ├── libevent
│   │   └── openssl@1.1
│   │       └── ca-certificates
│   ├── libfido2
│   │   ├── libcbor
│   │   └── openssl@1.1
│   │       └── ca-certificates
│   ├── openssl@1.1
│   │   └── ca-certificates
│   └── zstd
└── openssl@1.1
    └── ca-certificates
temurin
tidy-html5
tree
unbound
├── libevent
│   └── openssl@1.1
│       └── ca-certificates
├── libnghttp2
└── openssl@1.1
    └── ca-certificates
unixodbc
└── libtool
    └── m4
wangle
├── boost
│   └── icu4c
├── double-conversion
├── fizz
│   ├── boost
│   │   └── icu4c
│   ├── double-conversion
│   ├── fmt
│   ├── folly
│   │   ├── boost
│   │   │   └── icu4c
│   │   ├── double-conversion
│   │   ├── fmt
│   │   ├── gflags
│   │   ├── glog
│   │   │   └── gflags
│   │   ├── libevent
│   │   │   └── openssl@1.1
│   │   │       └── ca-certificates
│   │   ├── lz4
│   │   ├── openssl@1.1
│   │   │   └── ca-certificates
│   │   ├── snappy
│   │   ├── xz
│   │   └── zstd
│   ├── gflags
│   ├── glog
│   │   └── gflags
│   ├── libevent
│   │   └── openssl@1.1
│   │       └── ca-certificates
│   ├── libsodium
│   ├── lz4
│   ├── openssl@1.1
│   │   └── ca-certificates
│   ├── snappy
│   └── zstd
├── fmt
├── folly
│   ├── boost
│   │   └── icu4c
│   ├── double-conversion
│   ├── fmt
│   ├── gflags
│   ├── glog
│   │   └── gflags
│   ├── libevent
│   │   └── openssl@1.1
│   │       └── ca-certificates
│   ├── lz4
│   ├── openssl@1.1
│   │   └── ca-certificates
│   ├── snappy
│   ├── xz
│   └── zstd
├── gflags
├── glog
│   └── gflags
├── libevent
│   └── openssl@1.1
│       └── ca-certificates
├── libsodium
├── lz4
├── openssl@1.1
│   └── ca-certificates
├── snappy
└── zstd
watchman
├── boost
│   └── icu4c
├── fmt
├── folly
│   ├── boost
│   │   └── icu4c
│   ├── double-conversion
│   ├── fmt
│   ├── gflags
│   ├── glog
│   │   └── gflags
│   ├── libevent
│   │   └── openssl@1.1
│   │       └── ca-certificates
│   ├── lz4
│   ├── openssl@1.1
│   │   └── ca-certificates
│   ├── snappy
│   ├── xz
│   └── zstd
├── gflags
├── glog
│   └── gflags
├── libevent
│   └── openssl@1.1
│       └── ca-certificates
├── openssl@1.1
│   └── ca-certificates
├── pcre
├── python@3.10
│   ├── gdbm
│   ├── mpdecimal
│   ├── openssl@1.1
│   │   └── ca-certificates
│   ├── readline
│   ├── sqlite
│   │   └── readline
│   └── xz
└── fb303
    ├── fbthrift
    │   ├── boost
    │   │   └── icu4c
    │   ├── fizz
    │   │   ├── boost
    │   │   │   └── icu4c
    │   │   ├── double-conversion
    │   │   ├── fmt
    │   │   ├── folly
    │   │   │   ├── boost
    │   │   │   │   └── icu4c
    │   │   │   ├── double-conversion
    │   │   │   ├── fmt
    │   │   │   ├── gflags
    │   │   │   ├── glog
    │   │   │   │   └── gflags
    │   │   │   ├── libevent
    │   │   │   │   └── openssl@1.1
    │   │   │   │       └── ca-certificates
    │   │   │   ├── lz4
    │   │   │   ├── openssl@1.1
    │   │   │   │   └── ca-certificates
    │   │   │   ├── snappy
    │   │   │   ├── xz
    │   │   │   └── zstd
    │   │   ├── gflags
    │   │   ├── glog
    │   │   │   └── gflags
    │   │   ├── libevent
    │   │   │   └── openssl@1.1
    │   │   │       └── ca-certificates
    │   │   ├── libsodium
    │   │   ├── lz4
    │   │   ├── openssl@1.1
    │   │   │   └── ca-certificates
    │   │   ├── snappy
    │   │   └── zstd
    │   ├── fmt
    │   ├── folly
    │   │   ├── boost
    │   │   │   └── icu4c
    │   │   ├── double-conversion
    │   │   ├── fmt
    │   │   ├── gflags
    │   │   ├── glog
    │   │   │   └── gflags
    │   │   ├── libevent
    │   │   │   └── openssl@1.1
    │   │   │       └── ca-certificates
    │   │   ├── lz4
    │   │   ├── openssl@1.1
    │   │   │   └── ca-certificates
    │   │   ├── snappy
    │   │   ├── xz
    │   │   └── zstd
    │   ├── gflags
    │   ├── glog
    │   │   └── gflags
    │   ├── openssl@1.1
    │   │   └── ca-certificates
    │   ├── wangle
    │   │   ├── boost
    │   │   │   └── icu4c
    │   │   ├── double-conversion
    │   │   ├── fizz
    │   │   │   ├── boost
    │   │   │   │   └── icu4c
    │   │   │   ├── double-conversion
    │   │   │   ├── fmt
    │   │   │   ├── folly
    │   │   │   │   ├── boost
    │   │   │   │   │   └── icu4c
    │   │   │   │   ├── double-conversion
    │   │   │   │   ├── fmt
    │   │   │   │   ├── gflags
    │   │   │   │   ├── glog
    │   │   │   │   │   └── gflags
    │   │   │   │   ├── libevent
    │   │   │   │   │   └── openssl@1.1
    │   │   │   │   │       └── ca-certificates
    │   │   │   │   ├── lz4
    │   │   │   │   ├── openssl@1.1
    │   │   │   │   │   └── ca-certificates
    │   │   │   │   ├── snappy
    │   │   │   │   ├── xz
    │   │   │   │   └── zstd
    │   │   │   ├── gflags
    │   │   │   ├── glog
    │   │   │   │   └── gflags
    │   │   │   ├── libevent
    │   │   │   │   └── openssl@1.1
    │   │   │   │       └── ca-certificates
    │   │   │   ├── libsodium
    │   │   │   ├── lz4
    │   │   │   ├── openssl@1.1
    │   │   │   │   └── ca-certificates
    │   │   │   ├── snappy
    │   │   │   └── zstd
    │   │   ├── fmt
    │   │   ├── folly
    │   │   │   ├── boost
    │   │   │   │   └── icu4c
    │   │   │   ├── double-conversion
    │   │   │   ├── fmt
    │   │   │   ├── gflags
    │   │   │   ├── glog
    │   │   │   │   └── gflags
    │   │   │   ├── libevent
    │   │   │   │   └── openssl@1.1
    │   │   │   │       └── ca-certificates
    │   │   │   ├── lz4
    │   │   │   ├── openssl@1.1
    │   │   │   │   └── ca-certificates
    │   │   │   ├── snappy
    │   │   │   ├── xz
    │   │   │   └── zstd
    │   │   ├── gflags
    │   │   ├── glog
    │   │   │   └── gflags
    │   │   ├── libevent
    │   │   │   └── openssl@1.1
    │   │   │       └── ca-certificates
    │   │   ├── libsodium
    │   │   ├── lz4
    │   │   ├── openssl@1.1
    │   │   │   └── ca-certificates
    │   │   ├── snappy
    │   │   └── zstd
    │   └── zstd
    ├── fizz
    │   ├── boost
    │   │   └── icu4c
    │   ├── double-conversion
    │   ├── fmt
    │   ├── folly
    │   │   ├── boost
    │   │   │   └── icu4c
    │   │   ├── double-conversion
    │   │   ├── fmt
    │   │   ├── gflags
    │   │   ├── glog
    │   │   │   └── gflags
    │   │   ├── libevent
    │   │   │   └── openssl@1.1
    │   │   │       └── ca-certificates
    │   │   ├── lz4
    │   │   ├── openssl@1.1
    │   │   │   └── ca-certificates
    │   │   ├── snappy
    │   │   ├── xz
    │   │   └── zstd
    │   ├── gflags
    │   ├── glog
    │   │   └── gflags
    │   ├── libevent
    │   │   └── openssl@1.1
    │   │       └── ca-certificates
    │   ├── libsodium
    │   ├── lz4
    │   ├── openssl@1.1
    │   │   └── ca-certificates
    │   ├── snappy
    │   └── zstd
    ├── fmt
    ├── folly
    │   ├── boost
    │   │   └── icu4c
    │   ├── double-conversion
    │   ├── fmt
    │   ├── gflags
    │   ├── glog
    │   │   └── gflags
    │   ├── libevent
    │   │   └── openssl@1.1
    │   │       └── ca-certificates
    │   ├── lz4
    │   ├── openssl@1.1
    │   │   └── ca-certificates
    │   ├── snappy
    │   ├── xz
    │   └── zstd
    ├── gflags
    ├── glog
    │   └── gflags
    ├── openssl@1.1
    │   └── ca-certificates
    └── wangle
        ├── boost
        │   └── icu4c
        ├── double-conversion
        ├── fizz
        │   ├── boost
        │   │   └── icu4c
        │   ├── double-conversion
        │   ├── fmt
        │   ├── folly
        │   │   ├── boost
        │   │   │   └── icu4c
        │   │   ├── double-conversion
        │   │   ├── fmt
        │   │   ├── gflags
        │   │   ├── glog
        │   │   │   └── gflags
        │   │   ├── libevent
        │   │   │   └── openssl@1.1
        │   │   │       └── ca-certificates
        │   │   ├── lz4
        │   │   ├── openssl@1.1
        │   │   │   └── ca-certificates
        │   │   ├── snappy
        │   │   ├── xz
        │   │   └── zstd
        │   ├── gflags
        │   ├── glog
        │   │   └── gflags
        │   ├── libevent
        │   │   └── openssl@1.1
        │   │       └── ca-certificates
        │   ├── libsodium
        │   ├── lz4
        │   ├── openssl@1.1
        │   │   └── ca-certificates
        │   ├── snappy
        │   └── zstd
        ├── fmt
        ├── folly
        │   ├── boost
        │   │   └── icu4c
        │   ├── double-conversion
        │   ├── fmt
        │   ├── gflags
        │   ├── glog
        │   │   └── gflags
        │   ├── libevent
        │   │   └── openssl@1.1
        │   │       └── ca-certificates
        │   ├── lz4
        │   ├── openssl@1.1
        │   │   └── ca-certificates
        │   ├── snappy
        │   ├── xz
        │   └── zstd
        ├── gflags
        ├── glog
        │   └── gflags
        ├── libevent
        │   └── openssl@1.1
        │       └── ca-certificates
        ├── libsodium
        ├── lz4
        ├── openssl@1.1
        │   └── ca-certificates
        ├── snappy
        └── zstd
webp
├── giflib
├── jpeg
├── libpng
└── libtiff
    └── jpeg
wget
├── libidn2
│   ├── gettext
│   └── libunistring
└── openssl@1.1
    └── ca-certificates
x265
xmlto
├── docbook
├── docbook-xsl
│   └── docbook
└── gnu-getopt
xz
yarn
zstd
========================================


=== Ruby and rubygems ==================
* Ruby (default): ruby 2.6.5p114 (2019-10-01 revision 67812) [-darwin21]
--- Available ruby versions ---
  system
  2.4.5
  2.5.3
  2.6.0
* 2.6.5 (set by /Users/vagrant/.rbenv/version)
  2.7.2
  3.0.0
-------------------------------
* rbenv: 1.2.0
* Rubygems: 3.0.3
* Bundler: Bundler version 2.3.11
* CocoaPods: 1.11.3
* xcpretty: 0.3.0
========================================
=== All Ruby GEMs ======================
activesupport (6.1.5)
addressable (2.8.0)
algoliasearch (1.27.5)
artifactory (3.0.15)
atomos (0.1.3)
aws-eventstream (1.2.0)
aws-partitions (1.575.0)
aws-sdk-core (3.130.0)
aws-sdk-kms (1.55.0)
aws-sdk-s3 (1.113.0)
aws-sigv4 (1.4.0)
babosa (1.0.4)
bigdecimal (default: 1.4.1)
bundler (2.3.11, default: 1.17.2)
CFPropertyList (3.0.5)
claide (1.0.3)
clamp (1.3.2)
cmath (default: 1.0.0)
cocoapods (1.11.3)
cocoapods-core (1.11.3)
cocoapods-deintegrate (1.0.5)
cocoapods-downloader (1.6.3)
cocoapods-plugins (1.0.0)
cocoapods-search (1.0.1)
cocoapods-trunk (1.6.0)
cocoapods-try (1.2.0)
colored (1.2)
colored2 (3.1.2)
commander (4.6.0)
concurrent-ruby (1.1.10)
csv (default: 3.0.9)
date (default: 2.0.0)
dbm (default: 1.0.0)
declarative (0.0.20)
did_you_mean (1.3.0)
digest-crc (0.6.4)
domain_name (0.5.20190701)
dotenv (2.7.6)
e2mmap (default: 0.1.0)
emoji_regex (3.2.3)
escape (0.0.4)
etc (default: 1.0.1)
ethon (0.15.0)
excon (0.92.2)
faraday (1.10.0)
faraday-cookie_jar (0.0.7)
faraday-em_http (1.0.0)
faraday-em_synchrony (1.0.0)
faraday-excon (1.1.0)
faraday-httpclient (1.0.1)
faraday-multipart (1.0.3)
faraday-net_http (1.0.1)
faraday-net_http_persistent (1.2.0)
faraday-patron (1.0.0)
faraday-rack (1.0.0)
faraday-retry (1.0.3)
faraday_middleware (1.2.0)
fastimage (2.2.6)
fastlane (2.205.1)
fcntl (default: 1.0.0)
ffi (1.15.5)
fiddle (default: 1.0.0)
fileutils (default: 1.1.0)
forwardable (default: 1.2.0)
fourflusher (2.3.1)
fuzzy_match (2.0.4)
gh_inspector (1.1.3)
google-apis-androidpublisher_v3 (0.18.0)
google-apis-core (0.4.2)
google-apis-iamcredentials_v1 (0.10.0)
google-apis-playcustomapp_v1 (0.7.0)
google-apis-storage_v1 (0.13.0)
google-cloud-core (1.6.0)
google-cloud-env (1.6.0)
google-cloud-errors (1.2.0)
google-cloud-storage (1.36.1)
googleauth (1.1.2)
highline (2.0.3)
http-cookie (1.0.4)
httpclient (2.8.3)
i18n (1.10.0)
io-console (default: 0.4.7)
ipaddr (default: 1.2.2)
irb (default: 1.0.0)
jazzy (0.14.2)
jmespath (1.6.1)
json (default: 2.1.0)
jwt (2.3.0)
liferaft (0.0.6)
logger (default: 1.3.0)
matrix (default: 0.1.0)
memoist (0.16.2)
mini_magick (4.11.0)
mini_mime (1.1.2)
mini_portile2 (2.8.0)
minitest (5.11.3)
molinillo (0.8.0)
multi_json (1.15.0)
multipart-post (2.0.0)
mustache (1.1.1)
mutex_m (default: 0.1.0)
nanaimo (0.3.0)
nap (1.1.0)
naturally (2.2.1)
net-telnet (0.2.0)
netrc (0.11.0)
nokogiri (1.13.4)
open4 (1.3.4)
openssl (default: 2.1.2)
optparse (0.1.1)
os (1.1.4)
ostruct (default: 0.1.0)
plist (3.6.0)
power_assert (1.1.3)
prime (default: 0.1.0)
psych (default: 3.1.0)
public_suffix (4.0.6)
racc (1.6.0)
rake (12.3.2)
rdoc (default: 6.1.2)
redcarpet (3.5.1)
representable (3.1.1)
retriable (3.1.2)
rexml (3.2.5, default: 3.1.9)
rouge (2.0.7)
rss (default: 0.2.7)
ruby-macho (2.5.1)
ruby2_keywords (0.0.5)
rubyzip (2.3.2)
sassc (2.4.0)
scanf (default: 1.0.0)
sdbm (default: 1.0.0)
security (0.1.3)
shell (default: 0.7)
signet (0.16.1)
simctl (1.6.8)
slack-notifier (2.4.0)
slather (2.7.2)
sqlite3 (1.4.2)
stringio (default: 0.0.2)
strscan (default: 1.0.0)
sync (default: 0.5.0)
terminal-notifier (2.0.0)
terminal-table (1.8.0)
test-unit (3.2.9)
thwait (default: 0.1.0)
tracer (default: 0.1.0)
trailblazer-option (0.1.2)
trainer (0.9.1)
tty-cursor (0.7.1)
tty-screen (0.8.1)
tty-spinner (0.9.3)
typhoeus (1.4.0)
tzinfo (2.0.4)
uber (0.1.0)
unf (0.1.4)
unf_ext (0.0.8.1)
unicode-display_width (1.8.0)
webrick (default: 1.4.2)
word_wrap (1.0.0)
xcinvoke (0.3.0)
xcode-install (2.8.0)
xcodeproj (1.21.0)
xcov (1.8.1)
xcpretty (0.3.0)
xcpretty-json-formatter (0.1.1)
xcpretty-travis-formatter (1.0.1)
xcresult (0.2.1)
xmlrpc (0.3.0)
zeitwerk (2.5.4)
zlib (default: 1.0.0)
========================================


=== NPM global packages ==========================
* Cordova: 11.0.0
* Ionic: 6.19.0
* Appcenter-CLI version: 2.10.8
========================================


=== Checking Xcode CLT dirs ============
 ls -1 /Library/Developer/CommandLineTools/SDKs/MacOSX.sdk/usr/include/CommonCrypto
CommonCrypto.h
CommonCryptoError.h
CommonCryptor.h
CommonDigest.h
CommonHMAC.h
CommonKeyDerivation.h
CommonRandom.h
CommonSymmetricKeywrap.h
module.modulemap
 * ls -1 /Library/Developer/CommandLineTools/
Library
SDKs
usr
 * /Library/Developer/CommandLineTools/usr/bin/swift --version
Apple Swift version 5.6 (swiftlang-5.6.0.323.62 clang-1316.0.20.8)
Target: arm64-apple-darwin21.4.0
========================================


=== Xcode ==============================
* Active Xcode Command Line Tools:
/Applications/Xcode-13.3.1.app/Contents/Developer
* Xcode Version:
objc[55882]: Class AppleTypeCRetimerRestoreInfoHelper is implemented in both /usr/lib/libauthinstall.dylib (0x1d9735eb0) and /Library/Apple/System/Library/PrivateFrameworks/MobileDevice.framework/Versions/A/MobileDevice (0x1058b04f8). One of the two will be used. Which one is undefined.
objc[55882]: Class AppleTypeCRetimerFirmwareAggregateRequestCreator is implemented in both /usr/lib/libauthinstall.dylib (0x1d9735f00) and /Library/Apple/System/Library/PrivateFrameworks/MobileDevice.framework/Versions/A/MobileDevice (0x1058b0548). One of the two will be used. Which one is undefined.
objc[55882]: Class AppleTypeCRetimerFirmwareRequestCreator is implemented in both /usr/lib/libauthinstall.dylib (0x1d9735f50) and /Library/Apple/System/Library/PrivateFrameworks/MobileDevice.framework/Versions/A/MobileDevice (0x1058b0598). One of the two will be used. Which one is undefined.
objc[55882]: Class ATCRTRestoreInfoFTABFile is implemented in both /usr/lib/libauthinstall.dylib (0x1d9735fa0) and /Library/Apple/System/Library/PrivateFrameworks/MobileDevice.framework/Versions/A/MobileDevice (0x1058b05e8). One of the two will be used. Which one is undefined.
objc[55882]: Class AppleTypeCRetimerFirmwareCopier is implemented in both /usr/lib/libauthinstall.dylib (0x1d9735ff0) and /Library/Apple/System/Library/PrivateFrameworks/MobileDevice.framework/Versions/A/MobileDevice (0x1058b0638). One of the two will be used. Which one is undefined.
objc[55882]: Class ATCRTRestoreInfoFTABSubfile is implemented in both /usr/lib/libauthinstall.dylib (0x1d9736040) and /Library/Apple/System/Library/PrivateFrameworks/MobileDevice.framework/Versions/A/MobileDevice (0x1058b0688). One of the two will be used. Which one is undefined.
Xcode 13.3.1
Build version 13E500a

* /usr/bin/swift --version
swift-driver version: 1.45.2 Apple Swift version 5.6 (swiftlang-5.6.0.323.62 clang-1316.0.20.8)
Target: arm64-apple-macosx12.0

* Installed SDKs:
objc[55889]: Class AppleTypeCRetimerRestoreInfoHelper is implemented in both /usr/lib/libauthinstall.dylib (0x1d9735eb0) and /Library/Apple/System/Library/PrivateFrameworks/MobileDevice.framework/Versions/A/MobileDevice (0x1080984f8). One of the two will be used. Which one is undefined.
objc[55889]: Class AppleTypeCRetimerFirmwareAggregateRequestCreator is implemented in both /usr/lib/libauthinstall.dylib (0x1d9735f00) and /Library/Apple/System/Library/PrivateFrameworks/MobileDevice.framework/Versions/A/MobileDevice (0x108098548). One of the two will be used. Which one is undefined.
objc[55889]: Class AppleTypeCRetimerFirmwareRequestCreator is implemented in both /usr/lib/libauthinstall.dylib (0x1d9735f50) and /Library/Apple/System/Library/PrivateFrameworks/MobileDevice.framework/Versions/A/MobileDevice (0x108098598). One of the two will be used. Which one is undefined.
objc[55889]: Class ATCRTRestoreInfoFTABFile is implemented in both /usr/lib/libauthinstall.dylib (0x1d9735fa0) and /Library/Apple/System/Library/PrivateFrameworks/MobileDevice.framework/Versions/A/MobileDevice (0x1080985e8). One of the two will be used. Which one is undefined.
objc[55889]: Class AppleTypeCRetimerFirmwareCopier is implemented in both /usr/lib/libauthinstall.dylib (0x1d9735ff0) and /Library/Apple/System/Library/PrivateFrameworks/MobileDevice.framework/Versions/A/MobileDevice (0x108098638). One of the two will be used. Which one is undefined.
objc[55889]: Class ATCRTRestoreInfoFTABSubfile is implemented in both /usr/lib/libauthinstall.dylib (0x1d9736040) and /Library/Apple/System/Library/PrivateFrameworks/MobileDevice.framework/Versions/A/MobileDevice (0x108098688). One of the two will be used. Which one is undefined.
2022-04-13 09:10:17.343 xcodebuild[55889:86291] Requested but did not find extension point with identifier Xcode.IDEKit.ExtensionSentinelHostApplications for extension Xcode.DebuggerFoundation.AppExtensionHosts.watchOS of plug-in com.apple.dt.IDEWatchSupportCore
2022-04-13 09:10:17.343 xcodebuild[55889:86291] Requested but did not find extension point with identifier Xcode.IDEKit.ExtensionPointIdentifierToBundleIdentifier for extension Xcode.DebuggerFoundation.AppExtensionToBundleIdentifierMap.watchOS of plug-in com.apple.dt.IDEWatchSupportCore

DriverKit SDKs:
	DriverKit 21.4                	-sdk driverkit21.4
iOS SDKs:
	iOS 15.4                      	-sdk iphoneos15.4
iOS Simulator SDKs:
	Simulator - iOS 15.4          	-sdk iphonesimulator15.4
macOS SDKs:
	macOS 12.3                    	-sdk macosx12.3
tvOS SDKs:
	tvOS 15.4                     	-sdk appletvos15.4
tvOS Simulator SDKs:
	Simulator - tvOS 15.4         	-sdk appletvsimulator15.4
watchOS SDKs:
	watchOS 8.5                   	-sdk watchos8.5
watchOS Simulator SDKs:
	Simulator - watchOS 8.5       	-sdk watchsimulator8.5
* Available Simulators:
== Device Types ==
iPhone 4s (com.apple.CoreSimulator.SimDeviceType.iPhone-4s)
iPhone 5 (com.apple.CoreSimulator.SimDeviceType.iPhone-5)
iPhone 5s (com.apple.CoreSimulator.SimDeviceType.iPhone-5s)
iPhone 6 Plus (com.apple.CoreSimulator.SimDeviceType.iPhone-6-Plus)
iPhone 6 (com.apple.CoreSimulator.SimDeviceType.iPhone-6)
iPhone 6s (com.apple.CoreSimulator.SimDeviceType.iPhone-6s)
iPhone 6s Plus (com.apple.CoreSimulator.SimDeviceType.iPhone-6s-Plus)
iPhone SE (1st generation) (com.apple.CoreSimulator.SimDeviceType.iPhone-SE)
iPhone 7 (com.apple.CoreSimulator.SimDeviceType.iPhone-7)
iPhone 7 Plus (com.apple.CoreSimulator.SimDeviceType.iPhone-7-Plus)
iPhone 8 (com.apple.CoreSimulator.SimDeviceType.iPhone-8)
iPhone 8 Plus (com.apple.CoreSimulator.SimDeviceType.iPhone-8-Plus)
iPhone X (com.apple.CoreSimulator.SimDeviceType.iPhone-X)
iPhone Xs (com.apple.CoreSimulator.SimDeviceType.iPhone-XS)
iPhone Xs Max (com.apple.CoreSimulator.SimDeviceType.iPhone-XS-Max)
iPhone Xʀ (com.apple.CoreSimulator.SimDeviceType.iPhone-XR)
iPhone 11 (com.apple.CoreSimulator.SimDeviceType.iPhone-11)
iPhone 11 Pro (com.apple.CoreSimulator.SimDeviceType.iPhone-11-Pro)
iPhone 11 Pro Max (com.apple.CoreSimulator.SimDeviceType.iPhone-11-Pro-Max)
iPhone SE (2nd generation) (com.apple.CoreSimulator.SimDeviceType.iPhone-SE--2nd-generation-)
iPhone 12 mini (com.apple.CoreSimulator.SimDeviceType.iPhone-12-mini)
iPhone 12 (com.apple.CoreSimulator.SimDeviceType.iPhone-12)
iPhone 12 Pro (com.apple.CoreSimulator.SimDeviceType.iPhone-12-Pro)
iPhone 12 Pro Max (com.apple.CoreSimulator.SimDeviceType.iPhone-12-Pro-Max)
iPhone 13 Pro (com.apple.CoreSimulator.SimDeviceType.iPhone-13-Pro)
iPhone 13 Pro Max (com.apple.CoreSimulator.SimDeviceType.iPhone-13-Pro-Max)
iPhone 13 mini (com.apple.CoreSimulator.SimDeviceType.iPhone-13-mini)
iPhone 13 (com.apple.CoreSimulator.SimDeviceType.iPhone-13)
iPhone SE (3rd generation) (com.apple.CoreSimulator.SimDeviceType.iPhone-SE-3rd-generation)
iPod touch (7th generation) (com.apple.CoreSimulator.SimDeviceType.iPod-touch--7th-generation-)
iPad 2 (com.apple.CoreSimulator.SimDeviceType.iPad-2)
iPad Retina (com.apple.CoreSimulator.SimDeviceType.iPad-Retina)
iPad Air (com.apple.CoreSimulator.SimDeviceType.iPad-Air)
iPad mini 2 (com.apple.CoreSimulator.SimDeviceType.iPad-mini-2)
iPad mini 3 (com.apple.CoreSimulator.SimDeviceType.iPad-mini-3)
iPad mini 4 (com.apple.CoreSimulator.SimDeviceType.iPad-mini-4)
iPad Air 2 (com.apple.CoreSimulator.SimDeviceType.iPad-Air-2)
iPad Pro (9.7-inch) (com.apple.CoreSimulator.SimDeviceType.iPad-Pro--9-7-inch-)
iPad Pro (12.9-inch) (1st generation) (com.apple.CoreSimulator.SimDeviceType.iPad-Pro)
iPad (5th generation) (com.apple.CoreSimulator.SimDeviceType.iPad--5th-generation-)
iPad Pro (12.9-inch) (2nd generation) (com.apple.CoreSimulator.SimDeviceType.iPad-Pro--12-9-inch---2nd-generation-)
iPad Pro (10.5-inch) (com.apple.CoreSimulator.SimDeviceType.iPad-Pro--10-5-inch-)
iPad (6th generation) (com.apple.CoreSimulator.SimDeviceType.iPad--6th-generation-)
iPad (7th generation) (com.apple.CoreSimulator.SimDeviceType.iPad--7th-generation-)
iPad Pro (11-inch) (1st generation) (com.apple.CoreSimulator.SimDeviceType.iPad-Pro--11-inch-)
iPad Pro (12.9-inch) (3rd generation) (com.apple.CoreSimulator.SimDeviceType.iPad-Pro--12-9-inch---3rd-generation-)
iPad Pro (11-inch) (2nd generation) (com.apple.CoreSimulator.SimDeviceType.iPad-Pro--11-inch---2nd-generation-)
iPad Pro (12.9-inch) (4th generation) (com.apple.CoreSimulator.SimDeviceType.iPad-Pro--12-9-inch---4th-generation-)
iPad mini (5th generation) (com.apple.CoreSimulator.SimDeviceType.iPad-mini--5th-generation-)
iPad Air (3rd generation) (com.apple.CoreSimulator.SimDeviceType.iPad-Air--3rd-generation-)
iPad (8th generation) (com.apple.CoreSimulator.SimDeviceType.iPad--8th-generation-)
iPad (9th generation) (com.apple.CoreSimulator.SimDeviceType.iPad-9th-generation)
iPad Air (4th generation) (com.apple.CoreSimulator.SimDeviceType.iPad-Air--4th-generation-)
iPad Pro (11-inch) (3rd generation) (com.apple.CoreSimulator.SimDeviceType.iPad-Pro-11-inch-3rd-generation)
iPad Pro (12.9-inch) (5th generation) (com.apple.CoreSimulator.SimDeviceType.iPad-Pro-12-9-inch-5th-generation)
iPad Air (5th generation) (com.apple.CoreSimulator.SimDeviceType.iPad-Air-5th-generation)
iPad mini (6th generation) (com.apple.CoreSimulator.SimDeviceType.iPad-mini-6th-generation)
Apple TV (com.apple.CoreSimulator.SimDeviceType.Apple-TV-1080p)
Apple TV 4K (com.apple.CoreSimulator.SimDeviceType.Apple-TV-4K-4K)
Apple TV 4K (at 1080p) (com.apple.CoreSimulator.SimDeviceType.Apple-TV-4K-1080p)
Apple TV 4K (2nd generation) (com.apple.CoreSimulator.SimDeviceType.Apple-TV-4K-2nd-generation-4K)
Apple TV 4K (at 1080p) (2nd generation) (com.apple.CoreSimulator.SimDeviceType.Apple-TV-4K-2nd-generation-1080p)
Apple Watch - 38mm (com.apple.CoreSimulator.SimDeviceType.Apple-Watch-38mm)
Apple Watch - 42mm (com.apple.CoreSimulator.SimDeviceType.Apple-Watch-42mm)
Apple Watch Series 2 - 38mm (com.apple.CoreSimulator.SimDeviceType.Apple-Watch-Series-2-38mm)
Apple Watch Series 2 - 42mm (com.apple.CoreSimulator.SimDeviceType.Apple-Watch-Series-2-42mm)
Apple Watch Series 3 - 38mm (com.apple.CoreSimulator.SimDeviceType.Apple-Watch-Series-3-38mm)
Apple Watch Series 3 - 42mm (com.apple.CoreSimulator.SimDeviceType.Apple-Watch-Series-3-42mm)
Apple Watch Series 4 - 40mm (com.apple.CoreSimulator.SimDeviceType.Apple-Watch-Series-4-40mm)
Apple Watch Series 4 - 44mm (com.apple.CoreSimulator.SimDeviceType.Apple-Watch-Series-4-44mm)
Apple Watch Series 5 - 40mm (com.apple.CoreSimulator.SimDeviceType.Apple-Watch-Series-5-40mm)
Apple Watch Series 5 - 44mm (com.apple.CoreSimulator.SimDeviceType.Apple-Watch-Series-5-44mm)
Apple Watch SE - 40mm (com.apple.CoreSimulator.SimDeviceType.Apple-Watch-SE-40mm)
Apple Watch SE - 44mm (com.apple.CoreSimulator.SimDeviceType.Apple-Watch-SE-44mm)
Apple Watch Series 6 - 40mm (com.apple.CoreSimulator.SimDeviceType.Apple-Watch-Series-6-40mm)
Apple Watch Series 6 - 44mm (com.apple.CoreSimulator.SimDeviceType.Apple-Watch-Series-6-44mm)
Apple Watch Series 7 - 41mm (com.apple.CoreSimulator.SimDeviceType.Apple-Watch-Series-7-41mm)
Apple Watch Series 7 - 45mm (com.apple.CoreSimulator.SimDeviceType.Apple-Watch-Series-7-45mm)
== Runtimes ==
iOS 13.7 (13.7 - 17H22) - com.apple.CoreSimulator.SimRuntime.iOS-13-7
iOS 14.5 (14.5 - 18E182) - com.apple.CoreSimulator.SimRuntime.iOS-14-5
iOS 15.0 (15.0 - 19A339) - com.apple.CoreSimulator.SimRuntime.iOS-15-0
iOS 15.2 (15.2 - 19C51) - com.apple.CoreSimulator.SimRuntime.iOS-15-2
iOS 15.4 (15.4 - 19E240) - com.apple.CoreSimulator.SimRuntime.iOS-15-4
tvOS 14.5 (14.5 - 18L191) - com.apple.CoreSimulator.SimRuntime.tvOS-14-5
tvOS 15.0 (15.0 - 19J344) - com.apple.CoreSimulator.SimRuntime.tvOS-15-0
tvOS 15.2 (15.2 - 19K50) - com.apple.CoreSimulator.SimRuntime.tvOS-15-2
tvOS 15.4 (15.4 - 19L439) - com.apple.CoreSimulator.SimRuntime.tvOS-15-4
watchOS 7.4 (7.4 - 18T187) - com.apple.CoreSimulator.SimRuntime.watchOS-7-4
watchOS 8.0 (8.0 - 19R345) - com.apple.CoreSimulator.SimRuntime.watchOS-8-0
watchOS 8.3 (8.3 - 19S51) - com.apple.CoreSimulator.SimRuntime.watchOS-8-3
watchOS 8.5 (8.5 - 19T241) - com.apple.CoreSimulator.SimRuntime.watchOS-8-5
== Devices ==
-- iOS 13.7 --
    iPhone 8 (D4BEBF5E-606D-4255-8B81-F8CBE23C832B) (Shutdown) 
    iPhone 8 Plus (7A325DB0-A57A-4C74-B89F-FAD21817EDF5) (Shutdown) 
    iPhone 11 (6DA8AF51-A6CE-4E5D-8F38-2708068C38E3) (Shutdown) 
    iPhone 11 Pro (C69CD7D4-EE92-4B14-9BB4-D4192BDC0127) (Shutdown) 
    iPhone 11 Pro Max (C9E5DE77-960E-4F5D-BF82-5EA32C425565) (Shutdown) 
    iPhone SE (2nd generation) (AFEC6094-8D27-4BD5-94B1-6BCB717719C9) (Shutdown) 
    iPad Pro (9.7-inch) (E64916C2-02B7-4314-994A-6FDC68A46388) (Shutdown) 
    iPad (7th generation) (89A85DFD-CAF6-4E0A-B7E0-BC1B8DCDC914) (Shutdown) 
    iPad Pro (11-inch) (2nd generation) (870EF8F3-F85D-4B4D-9D6F-6AEFD497F400) (Shutdown) 
    iPad Pro (12.9-inch) (4th generation) (D9B3D1A3-7472-41C6-B60D-CE505B237701) (Shutdown) 
    iPad Air (3rd generation) (B336DE04-E8BB-48D4-BEF7-1EDB16F0962F) (Shutdown) 
-- iOS 14.5 --
    iPhone 8 (5330DDB2-3D22-403A-BCDA-F13261CE28E9) (Shutdown) 
    iPhone 8 Plus (85504A11-91BE-4C3C-8B93-E18E75C5901B) (Shutdown) 
    iPhone 11 (45CADB59-C623-436F-8856-7E10714A5439) (Shutdown) 
    iPhone 11 Pro (69D00813-9A4C-4689-993E-C51121A42F09) (Shutdown) 
    iPhone 11 Pro Max (DCBD5F28-12B3-497F-80F4-8CCC9A5B8780) (Shutdown) 
    iPhone SE (2nd generation) (86CD69A0-CF89-41A6-927B-8896DFC02199) (Shutdown) 
    iPhone 12 mini (D60EA82F-AA5D-43A9-AD05-A51D36A7C623) (Shutdown) 
    iPhone 12 (AF4411C9-9B75-420F-B582-669E684917E2) (Shutdown) 
    iPhone 12 Pro (A7458589-2F88-43C0-8B75-F9E35AADC3F6) (Shutdown) 
    iPhone 12 Pro Max (5FC97CBE-0D36-4138-BEDC-E430AE9597CD) (Shutdown) 
    iPod touch (7th generation) (D252F383-5394-4A4F-836D-551DDB8C8185) (Shutdown) 
    iPad Pro (9.7-inch) (04F9BE21-147C-46F6-B40D-7EF76352F82B) (Shutdown) 
    iPad (8th generation) (78C4094C-2B8E-4782-A137-409CCEC3DABA) (Shutdown) 
    iPad Air (4th generation) (E183F3B4-44FB-4ADA-95FE-F571D35985E4) (Shutdown) 
    iPad Pro (11-inch) (3rd generation) (A09F2F6B-D6AF-41E7-B4B0-A089DB77C858) (Shutdown) 
    iPad Pro (12.9-inch) (5th generation) (257C15AF-E458-47D6-933B-ADA37152CEE7) (Shutdown) 
-- iOS 15.0 --
    iPhone 8 (C5009E4C-6B67-47DD-85C1-44FCFD21562E) (Shutdown) 
    iPhone 8 Plus (56DDDE47-C200-4693-81A3-6600477796D0) (Shutdown) 
    iPhone 11 (C0E10356-0163-4844-83D4-66F3C79978E7) (Shutdown) 
    iPhone 11 Pro (48C0FDB4-767E-4AA1-AC51-5661B87ACE1E) (Shutdown) 
    iPhone 11 Pro Max (F5DE41F9-13EE-48B9-90B6-968F344FA91B) (Shutdown) 
    iPhone SE (2nd generation) (B3E753B4-5954-482C-A3F9-00A10DAAEDC7) (Shutdown) 
    iPhone 12 mini (16A0F20B-A4E2-47D9-995A-DF92983747C5) (Shutdown) 
    iPhone 12 (5C52E99D-FF3C-44CA-8BE5-70BB7D6BDB61) (Shutdown) 
    iPhone 12 Pro (9DB9DD6A-49B3-417E-900B-EBF200B9176F) (Shutdown) 
    iPhone 12 Pro Max (72C36174-95EE-4657-8D49-E948762EDCCC) (Shutdown) 
    iPhone 13 Pro (D55029F4-B03B-4CBC-B3B9-A2EE5998B8F2) (Shutdown) 
    iPhone 13 Pro Max (FB74307F-C1DD-4CE8-83FB-1FDE94CAA1EA) (Shutdown) 
    iPhone 13 mini (D708D16F-A68D-4C20-959C-A22BFDC2E3EF) (Shutdown) 
    iPhone 13 (B2794BC6-AA17-44E2-8440-760813CDAFA1) (Shutdown) 
    iPod touch (7th generation) (3827E4D7-7898-4566-824E-64BA180982C0) (Shutdown) 
    iPad Pro (9.7-inch) (808B3E3E-EA36-4861-BD9E-C38B84641488) (Shutdown) 
    iPad (9th generation) (4D17D1E1-B489-4704-A9C5-3ACD4EEF8906) (Shutdown) 
    iPad Air (4th generation) (63F3150E-1EA2-4C6A-BF4C-64390CC31B8C) (Shutdown) 
    iPad Pro (11-inch) (3rd generation) (73A04A69-2B69-42A5-B156-2D0132A58FC8) (Shutdown) 
    iPad Pro (12.9-inch) (5th generation) (7065BA85-103A-4EAC-90F1-8778D07B9A60) (Shutdown) 
    iPad mini (6th generation) (F52E8FCB-BF61-46CF-AC3B-BB4FDBF1BE78) (Shutdown) 
-- iOS 15.2 --
    iPhone 8 (18D52E42-8F19-4A29-A24C-C25C36864B9C) (Shutdown) 
    iPhone 8 Plus (E9F6927F-F826-4B5C-9677-FF6E40766B13) (Shutdown) 
    iPhone 11 (77889A62-55F5-4857-9D06-878D406410C3) (Shutdown) 
    iPhone 11 Pro (D4CB62CB-F8FF-43E4-8CE2-CD6E1AD38856) (Shutdown) 
    iPhone 11 Pro Max (2347361F-27A8-4D4F-9B92-C9A660ECF7B9) (Shutdown) 
    iPhone SE (2nd generation) (B213B6F3-5967-4968-A50C-79E99E30A3E3) (Shutdown) 
    iPhone 12 mini (5E830669-FEB9-4EBC-B964-80D5D3C4515B) (Shutdown) 
    iPhone 12 (B54B1ACC-91A7-4525-86C0-AC2721612B0C) (Shutdown) 
    iPhone 12 Pro (BA11FAFF-AE0B-4FAD-ABD7-66DB3C39B03D) (Shutdown) 
    iPhone 12 Pro Max (4ED44F95-88D7-4EA4-BA6E-38B9BA118A77) (Shutdown) 
    iPhone 13 Pro (F543FE92-2B5D-43E8-9959-85DE5C382AB6) (Shutdown) 
    iPhone 13 Pro Max (0B1341DE-3F19-4C6A-AC5C-E70F988BDF31) (Shutdown) 
    iPhone 13 mini (E335062B-F2E3-45B9-A34F-03741B3DC277) (Shutdown) 
    iPhone 13 (CE2B4854-B9C9-45B6-9C78-9AFDDF85806A) (Shutdown) 
    iPod touch (7th generation) (1D5E60A9-BB0F-43AC-B51E-1FE4A0CD1521) (Shutdown) 
    iPad Pro (9.7-inch) (E337572A-C0E9-4838-9AA6-7812DA556A68) (Shutdown) 
    iPad (9th generation) (582D0C1F-65A0-494F-BB86-AF2F1AAB250D) (Shutdown) 
    iPad Air (4th generation) (C32CAE17-35A8-4E20-BD36-A46B8C8EE414) (Shutdown) 
    iPad Pro (11-inch) (3rd generation) (DDFF2AD8-F1C5-407E-96AE-4B1742E8F39C) (Shutdown) 
    iPad Pro (12.9-inch) (5th generation) (88F8647F-ABA3-4EA5-896D-D454725570E5) (Shutdown) 
    iPad mini (6th generation) (6A097788-9B63-48B4-BFBC-A8C2838C20AD) (Shutdown) 
-- iOS 15.4 --
    iPhone 8 (24339438-E1FF-44F6-A686-729BB897203E) (Shutdown) 
    iPhone 8 Plus (9460E873-E96C-47DA-9DE7-91490192D62D) (Shutdown) 
    iPhone 11 (0E1587FC-D642-4297-824F-1D7461E852DD) (Shutdown) 
    iPhone 11 Pro (B7058BD1-D0F9-483F-8D5B-3030B8ADB983) (Shutdown) 
    iPhone 11 Pro Max (C10871FD-4F45-4653-A25C-6DE988F6AF9F) (Shutdown) 
    iPhone 12 mini (59935666-A7F1-4FFA-B4BE-012BBD1F0F7D) (Shutdown) 
    iPhone 12 (B0542BCF-ED3D-481F-BDEA-4FC29D727F6B) (Shutdown) 
    iPhone 12 Pro (E5133832-FB2A-4EE1-B366-7EF50CEC58A8) (Shutdown) 
    iPhone 12 Pro Max (796B75BF-6519-426C-9F9E-02725B39D715) (Shutdown) 
    iPhone 13 Pro (C5606139-F438-4A05-97F5-90219BFB8AD5) (Shutdown) 
    iPhone 13 Pro Max (668837AF-D9B5-47E4-99A3-DEE67892AFC6) (Shutdown) 
    iPhone 13 mini (4EEF7A53-D826-4772-A032-92E9800601BD) (Shutdown) 
    iPhone 13 (E60F6792-7811-4830-8B46-AB65A18A50B7) (Shutdown) 
    iPhone SE (3rd generation) (4809D6EE-B241-498B-8A95-39064EE944A2) (Shutdown) 
    iPod touch (7th generation) (01DBEBEC-CE38-49A8-A0A5-F53120DF1C1C) (Shutdown) 
    iPad Pro (9.7-inch) (BC35A2C4-A093-45E7-9640-6F7EADC02BFA) (Shutdown) 
    iPad (9th generation) (8279BEF6-F7FB-4ED2-8C0A-65BDDE5C9BC4) (Shutdown) 
    iPad Pro (11-inch) (3rd generation) (4C048D7C-C14D-47E4-ABE5-7F5C1685338A) (Shutdown) 
    iPad Pro (12.9-inch) (5th generation) (D5FE8F93-1219-4450-BB51-39217CE5FBFA) (Shutdown) 
    iPad Air (5th generation) (A3C77E9A-71E7-4C7D-B918-E4EAEDFB0782) (Shutdown) 
    iPad mini (6th generation) (56495D98-4DE2-4438-B14C-B2DF8BC247C1) (Shutdown) 
-- tvOS 14.5 --
    Apple TV (F093C129-6B1C-47C1-9E49-7D998BD95CA3) (Shutdown) 
    Apple TV 4K (2nd generation) (1128AFA1-D3BE-4286-9588-4F3E2FE4E143) (Shutdown) 
    Apple TV 4K (at 1080p) (2nd generation) (41279BC6-8C08-49B9-840E-5F3D6F967962) (Shutdown) 
-- tvOS 15.0 --
    Apple TV (BE9D7CD6-BE1B-4944-B006-20232176529A) (Shutdown) 
    Apple TV 4K (2nd generation) (C26A61B0-E8ED-421C-B612-220DD9643AFD) (Shutdown) 
    Apple TV 4K (at 1080p) (2nd generation) (8B777F12-4EDB-4D77-A6CA-677699E00DC1) (Shutdown) 
-- tvOS 15.2 --
    Apple TV (CA0228AC-EF1D-440E-AE76-2FF534DA4CAD) (Shutdown) 
    Apple TV 4K (2nd generation) (363B732F-59EC-467F-A218-F816E878614B) (Shutdown) 
    Apple TV 4K (at 1080p) (2nd generation) (35566A33-70A1-4257-8289-F29A7EADF347) (Shutdown) 
-- tvOS 15.4 --
    Apple TV (018CA7D1-5B57-45B7-BF55-730DC3F6314F) (Shutdown) 
    Apple TV 4K (2nd generation) (D288103F-FF65-4DCC-AB7E-9BA86FC607FB) (Shutdown) 
    Apple TV 4K (at 1080p) (2nd generation) (E58B5C55-1BE4-4089-8C90-A458E053BD3F) (Shutdown) 
-- watchOS 7.4 --
    Apple Watch Series 5 - 40mm (764EE4BC-7C1F-41DE-9144-BD006437B7F0) (Shutdown) 
    Apple Watch Series 5 - 44mm (98D30418-4F87-4C50-9DD0-EDAAB838B75E) (Shutdown) 
    Apple Watch Series 6 - 40mm (353A83C6-0498-4719-8F7F-5D908D3AB5D4) (Shutdown) 
    Apple Watch Series 6 - 44mm (36B81EC7-3A3B-4B2D-94DB-0767E018F7D6) (Shutdown) 
-- watchOS 8.0 --
    Apple Watch Series 5 - 40mm (4016A8E0-293F-4DA2-8387-9889DB3AA9A6) (Shutdown) 
    Apple Watch Series 5 - 44mm (A70DC089-3A02-40CC-8701-FDA5197B8A40) (Shutdown) 
    Apple Watch Series 6 - 40mm (C5E50742-BBF7-40C7-BE41-6C385B84EBB8) (Shutdown) 
    Apple Watch Series 6 - 44mm (9B5D3DEE-1504-4F8A-A513-7D5E5D4D6A5C) (Shutdown) 
    Apple Watch Series 7 - 41mm (7E086C95-D201-4B10-9F8F-FC1289AA7FF0) (Shutdown) 
    Apple Watch Series 7 - 45mm (6D6A8A4A-3803-4542-A4D2-6201F699D2CF) (Shutdown) 
-- watchOS 8.3 --
    Apple Watch Series 5 - 40mm (6356BE4F-C39E-4F29-82F1-A672E732FDCC) (Shutdown) 
    Apple Watch Series 5 - 44mm (86EC8E44-4BDC-4A41-9817-35A4A8F0D446) (Shutdown) 
    Apple Watch Series 6 - 40mm (285466E5-54A8-4D91-8EFB-E922F7265D9D) (Shutdown) 
    Apple Watch Series 6 - 44mm (1C666816-0C5F-4606-A176-4C29000479BB) (Shutdown) 
    Apple Watch Series 7 - 41mm (FFC93969-E7E9-4602-ABD6-3E7C38527BDC) (Shutdown) 
    Apple Watch Series 7 - 45mm (0283F81B-41AC-44FF-A214-50A20523E217) (Shutdown) 
-- watchOS 8.5 --
    Apple Watch Series 5 - 40mm (2C21E5E4-2928-45DA-B759-D7799909A4F3) (Shutdown) 
    Apple Watch Series 5 - 44mm (2E67D944-90AB-4AC1-82FD-3782F573B4AE) (Shutdown) 
    Apple Watch Series 6 - 40mm (EAC10A37-11F5-497D-82AB-0ED804080439) (Shutdown) 
    Apple Watch Series 6 - 44mm (45545300-85E1-4554-8B7F-F36120F909C9) (Shutdown) 
    Apple Watch Series 7 - 41mm (773BC3F3-E0CD-4B9C-A597-1259C3303637) (Shutdown) 
    Apple Watch Series 7 - 45mm (103F2079-E441-4A94-B553-80F49EDBBAD0) (Shutdown) 
== Device Pairs ==
973086D7-427E-4286-8FCA-7900E37A34A7 (active, disconnected)
    Watch: Apple Watch Series 5 - 40mm (2C21E5E4-2928-45DA-B759-D7799909A4F3) (Shutdown)
    Phone: iPhone 12 Pro (E5133832-FB2A-4EE1-B366-7EF50CEC58A8) (Shutdown)
8A206200-1B94-450E-B3A8-D8232E2208EF (active, disconnected)
    Watch: Apple Watch Series 5 - 44mm (2E67D944-90AB-4AC1-82FD-3782F573B4AE) (Shutdown)
    Phone: iPhone 12 Pro Max (796B75BF-6519-426C-9F9E-02725B39D715) (Shutdown)
EBBA0682-EE68-46C3-A9BF-D6FCA78B05F2 (active, disconnected)
    Watch: Apple Watch Series 6 - 40mm (EAC10A37-11F5-497D-82AB-0ED804080439) (Shutdown)
    Phone: iPhone 13 Pro (C5606139-F438-4A05-97F5-90219BFB8AD5) (Shutdown)
D6925B06-1A07-4094-9ABE-1D426F0DA474 (active, disconnected)
    Watch: Apple Watch Series 6 - 44mm (45545300-85E1-4554-8B7F-F36120F909C9) (Shutdown)
    Phone: iPhone 13 Pro Max (668837AF-D9B5-47E4-99A3-DEE67892AFC6) (Shutdown)
D3DEC05F-2DFF-4F8D-832C-7205CF1E9A8B (active, disconnected)
    Watch: Apple Watch Series 7 - 41mm (773BC3F3-E0CD-4B9C-A597-1259C3303637) (Shutdown)
    Phone: iPhone 13 mini (4EEF7A53-D826-4772-A032-92E9800601BD) (Shutdown)
76BCA6C6-B549-44D4-92AD-64A6B9676533 (active, disconnected)
    Watch: Apple Watch Series 7 - 45mm (103F2079-E441-4A94-B553-80F49EDBBAD0) (Shutdown)
    Phone: iPhone 13 (E60F6792-7811-4830-8B46-AB65A18A50B7) (Shutdown)
========================================


=== OS X info =========================
* sw_vers
ProductName:	macOS
ProductVersion:	12.3.1
BuildVersion:	21E258
* system_profiler SPSoftwareDataType
Software:
    System Software Overview:
      System Version: macOS 12.3.1 (21E258)
      Kernel Version: Darwin 21.4.0
      Boot Volume: Macintosh HD
      Boot Mode: Normal
      Computer Name: vm-osx-xcode-13.3.x-g2-m1.8core-9b49269e-303b-4c64-ba47-06b5ba53a681
      User Name: vagrant (vagrant)
      Secure Virtual Memory: Enabled
      System Integrity Protection: Disabled
      Time since boot: 4 minutes
========================================


=== System infos =======================
* Free disk space:
    Filesystem         Size        Avail
/dev/disk3s1s1        295Gi        163Gi
========================================


=== Android APK tools ==================
* aapt2:
/var/folders/0r/f3_np_qj3wx5ntgrq1srj_qm0000gn/T/bitrise314089035/step_src/._script_cont: line 288: /opt/apktools/aapt2: No such file or directory
========================================


=== Environment infos =======================
MATCH_KEYCHAIN_PASSWORD environment set
========================================


=== Control tests ======================
source $HOME/.bash_profile ...
source $HOME/.bash_profile - PASSED
========================================

