 (i) Ignore Errors: enabled

#
# This System Report was generated by: https://github.com/bitrise-io/osx-box-bootstrap/blob/master/system_report.sh
#  Pull Requests are welcome!
#


=== Revision / ID ======================
* BITRISE_OSX_STACK_REV_ID: v2012_05_29
========================================


=== Pre-installed tool versions ========
* Go: go version go1.15.12 darwin/amd64
* Python: Python 2.7.16
* Node.js: v12.22.1
* NPM: 6.14.12
* Yarn: 1.22.10
* Java: openjdk version "1.8.0_292"
OpenJDK Runtime Environment (AdoptOpenJDK)(build 1.8.0_292-b10)
OpenJDK 64-Bit Server VM (AdoptOpenJDK)(build 25.292-b10, mixed mode)
* Flutter: Flutter 1.26.0-17.8.pre • channel unknown • unknown source
* fvm: 2.0.5

* git: git version 2.31.1
* git lfs: git-lfs/2.13.3 (GitHub; darwin amd64; go 1.16.2)
* mercurial/hg: Mercurial Distributed SCM (version 5.8)
* curl: curl 7.64.1 (x86_64-apple-darwin19.0) libcurl/7.64.1 (SecureTransport) LibreSSL/2.8.3 zlib/1.2.11 nghttp2/1.39.2
* wget: GNU Wget 1.21.1 built on darwin19.6.0.
* rsync: rsync  version 2.6.9  protocol version 29
* unzip: UnZip 6.00 of 20 April 2009, by Info-ZIP.  Maintained by C. Spieler.  Send
* zip: This is Zip 3.0 (July 5th 2008), by Info-ZIP.
* tar: bsdtar 3.3.2 - libarchive 3.3.2 zlib/1.2.11 liblzma/5.0.5 bz2lib/1.0.6
* tree: tree v1.8.0 (c) 1996 - 2018 by Steve Baker, Thomas Moore, Francesc Rocher, Florian Sesser, Kyosuke Tokoro 

* brew: Homebrew 3.1.9
Homebrew/homebrew-core (git revision a5077bea81; last commit 2021-05-28)
Homebrew/homebrew-cask (git revision c9e6109c14; last commit 2021-05-28)
* Ansible: ansible [core 2.11.0] 
  config file = /Users/vagrant/git/ansible.cfg
  configured module search path = ['/Users/vagrant/.ansible/plugins/modules', '/usr/share/ansible/plugins/modules']
  ansible python module location = /usr/local/Cellar/ansible/4.0.0/libexec/lib/python3.9/site-packages/ansible
  ansible collection location = /Users/vagrant/.ansible/collections:/usr/share/ansible/collections
  executable location = /usr/local/bin/ansible
* gtimeout: timeout (GNU coreutils) 8.32
* watchman: 4.9.0
* flow: Flow, a static type checker for JavaScript, version 0.152.0
* carthage: 0.38.0
* imagemagick (convert): Version: ImageMagick 7.0.11-13 Q16 x86_64 2021-05-17 https://imagemagick.org
* ghostscript (ps2ascii): 9.54.0
* screen: Screen version 4.08.00 (GNU) 05-Feb-20
* firebase: 9.12.0
* applesimutils version 0.9.2
* jq: 1.6
* Version: 0.8.1
* XCLogParser 0.2.21
* Screen 4.08.00
* applesimutils 0.9.2
* OpenConnect version v8.10
* aws-cli: aws-cli/2.2.7 Python/3.9.5 Darwin/19.6.0 source/x86_64 prompt/off
* cmake: 3.20.3
* danger-swift: 3.10.1
[0;0m

--- Bitrise CLI tool versions
* bitrise: 1.45.1
* stepman: 0.13.0
* envman: 2.3.0
* cmd-bridge: 0.9.5
========================================


=== Brew list versions ==================
ansible 4.0.0
ant 1.10.10
aom 3.1.0
applesimutils 0.9.2
autoconf 2.71
awscli 2.2.7
bdw-gc 8.0.4_2
brotli 1.0.9
c-ares 1.17.1
carthage 0.38.0
cmake 3.20.3
coreutils 8.32
danger-js 10.6.4
danger-swift 3.10.1
dart 2.13.1
docbook 5.1_1
docbook-xsl 1.79.2_1
flow 0.152.0
fontconfig 2.13.1
freetype 2.10.4
fvm 2.0.5
gdbm 1.19
gettext 0.21
ghostscript 9.54.0
git 2.31.1
git-lfs 2.13.3
glib 2.68.2
gmp 6.2.1
gnu-getopt 2.36.2
gnutls 3.6.16
go@1.15 1.15.12
gradle 7.0.2_2
guile 3.0.7
icu4c 69.1
imagemagick 7.0.11-13_2
imath 3.0.3
jbig2dec 0.19
jemalloc 5.2.1_1
jenv 0.5.4
jpeg 9d
jq 1.6
libde265 1.0.8
libev 4.33
libevent 2.1.12
libffi 3.3_3
libheif 1.12.0
libidn 1.37
libidn2 2.3.1
liblqr 0.4.2_1
libomp 12.0.0
libpng 1.6.37
libtasn1 4.17.0
libtiff 4.3.0
libtool 2.4.6_3
libunistring 0.9.10
libuv 1.41.0
libyaml 0.2.5
little-cms2 2.12
m4 1.4.18
maven 3.8.1
mercurial 5.8
mpdecimal 2.5.1
nettle 3.7.2
nghttp2 1.43.0
node 16.2.0
node@12 12.22.1_1
oniguruma 6.9.7.1
openconnect 8.10
openexr 3.0.3
openjdk 15.0.2
openjpeg 2.4.0
openssl@1.1 1.1.1k
p11-kit 0.23.22
pcre 8.44
pcre2 10.37
pkg-config 0.29.2_3
python@3.9 3.9.5
rbenv 1.1.2
readline 8.1
ruby-build 20210526
screen 4.8.0
shared-mime-info 2.1
sqlite 3.35.5
stoken 0.92_1
tree 1.8.0
unbound 1.13.1
watchman 4.9.0_5
webp 1.2.0
wget 1.21.1
x265 3.5
xmlto 0.0.28
xz 5.2.5
yarn 1.22.10
========================================


=== Brew deps tree ==================
adoptopenjdk/openjdk/adoptopenjdk11

adoptopenjdk/openjdk/adoptopenjdk8

ansible
├── libyaml
├── openssl@1.1
└── python@3.9
    ├── gdbm
    ├── mpdecimal
    ├── openssl@1.1
    ├── readline
    ├── sqlite
    │   └── readline
    └── xz

ant
└── openjdk

aom

wix/brew/applesimutils

autoconf
└── m4

awscli
└── python@3.9
    ├── gdbm
    ├── mpdecimal
    ├── openssl@1.1
    ├── readline
    ├── sqlite
    │   └── readline
    └── xz

bdw-gc

brotli

c-ares

carthage

cmake

coreutils

danger/tap/danger-js

danger/tap/danger-swift
└── danger/tap/danger-js

dart-lang/dart/dart

docbook

docbook-xsl
└── docbook

flow

fontconfig
└── freetype
    └── libpng

freetype
└── libpng

leoafarias/fvm/fvm

gdbm

gettext

ghostscript
├── fontconfig
│   └── freetype
│       └── libpng
├── freetype
│   └── libpng
├── jbig2dec
├── jpeg
├── libidn
├── libpng
├── libtiff
│   └── jpeg
├── little-cms2
│   ├── jpeg
│   └── libtiff
│       └── jpeg
└── openjpeg
    ├── libpng
    ├── libtiff
    │   └── jpeg
    └── little-cms2
        ├── jpeg
        └── libtiff
            └── jpeg

git
├── gettext
└── pcre2

git-lfs

glib
├── gettext
├── libffi
├── pcre
└── python@3.9
    ├── gdbm
    ├── mpdecimal
    ├── openssl@1.1
    ├── readline
    ├── sqlite
    │   └── readline
    └── xz

gmp

gnu-getopt

gnutls
├── gmp
├── guile
│   ├── bdw-gc
│   ├── gmp
│   ├── libffi
│   ├── libtool
│   │   └── m4
│   ├── libunistring
│   ├── pkg-config
│   └── readline
├── libidn2
│   ├── gettext
│   └── libunistring
├── libtasn1
├── libunistring
├── nettle
│   └── gmp
├── p11-kit
│   └── libffi
└── unbound
    ├── libevent
    │   └── openssl@1.1
    ├── nghttp2
    │   ├── c-ares
    │   ├── jemalloc
    │   ├── libev
    │   └── openssl@1.1
    └── openssl@1.1

go@1.15

gradle
└── openjdk

guile
├── bdw-gc
├── gmp
├── libffi
├── libtool
│   └── m4
├── libunistring
├── pkg-config
└── readline

icu4c

imagemagick
├── freetype
│   └── libpng
├── ghostscript
│   ├── fontconfig
│   │   └── freetype
│   │       └── libpng
│   ├── freetype
│   │   └── libpng
│   ├── jbig2dec
│   ├── jpeg
│   ├── libidn
│   ├── libpng
│   ├── libtiff
│   │   └── jpeg
│   ├── little-cms2
│   │   ├── jpeg
│   │   └── libtiff
│   │       └── jpeg
│   └── openjpeg
│       ├── libpng
│       ├── libtiff
│       │   └── jpeg
│       └── little-cms2
│           ├── jpeg
│           └── libtiff
│               └── jpeg
├── jpeg
├── libheif
│   ├── aom
│   ├── jpeg
│   ├── libde265
│   ├── libpng
│   ├── shared-mime-info
│   │   ├── gettext
│   │   ├── glib
│   │   │   ├── gettext
│   │   │   ├── libffi
│   │   │   ├── pcre
│   │   │   └── python@3.9
│   │   │       ├── gdbm
│   │   │       ├── mpdecimal
│   │   │       ├── openssl@1.1
│   │   │       ├── readline
│   │   │       ├── sqlite
│   │   │       │   └── readline
│   │   │       └── xz
│   │   └── xmlto
│   │       ├── docbook
│   │       ├── docbook-xsl
│   │       │   └── docbook
│   │       └── gnu-getopt
│   └── x265
├── liblqr
│   └── glib
│       ├── gettext
│       ├── libffi
│       ├── pcre
│       └── python@3.9
│           ├── gdbm
│           ├── mpdecimal
│           ├── openssl@1.1
│           ├── readline
│           ├── sqlite
│           │   └── readline
│           └── xz
├── libomp
├── libpng
├── libtiff
│   └── jpeg
├── libtool
│   └── m4
├── little-cms2
│   ├── jpeg
│   └── libtiff
│       └── jpeg
├── openexr
│   └── imath
├── openjpeg
│   ├── libpng
│   ├── libtiff
│   │   └── jpeg
│   └── little-cms2
│       ├── jpeg
│       └── libtiff
│           └── jpeg
├── webp
│   ├── jpeg
│   ├── libpng
│   └── libtiff
│       └── jpeg
└── xz

imath

jbig2dec

jemalloc

jenv

jpeg

jq
└── oniguruma

libde265

libev

libevent
└── openssl@1.1

libffi

libheif
├── aom
├── jpeg
├── libde265
├── libpng
├── shared-mime-info
│   ├── gettext
│   ├── glib
│   │   ├── gettext
│   │   ├── libffi
│   │   ├── pcre
│   │   └── python@3.9
│   │       ├── gdbm
│   │       ├── mpdecimal
│   │       ├── openssl@1.1
│   │       ├── readline
│   │       ├── sqlite
│   │       │   └── readline
│   │       └── xz
│   └── xmlto
│       ├── docbook
│       ├── docbook-xsl
│       │   └── docbook
│       └── gnu-getopt
└── x265

libidn

libidn2
├── gettext
└── libunistring

liblqr
└── glib
    ├── gettext
    ├── libffi
    ├── pcre
    └── python@3.9
        ├── gdbm
        ├── mpdecimal
        ├── openssl@1.1
        ├── readline
        ├── sqlite
        │   └── readline
        └── xz

libomp

libpng

libtasn1

libtiff
└── jpeg

libtool
└── m4

libunistring

libuv

libyaml

little-cms2
├── jpeg
└── libtiff
    └── jpeg

m4

maven
└── openjdk

mercurial
└── python@3.9
    ├── gdbm
    ├── mpdecimal
    ├── openssl@1.1
    ├── readline
    ├── sqlite
    │   └── readline
    └── xz

mpdecimal

nettle
└── gmp

nghttp2
├── c-ares
├── jemalloc
├── libev
└── openssl@1.1

node
├── brotli
├── c-ares
├── icu4c
├── libuv
├── nghttp2
│   ├── c-ares
│   ├── jemalloc
│   ├── libev
│   └── openssl@1.1
└── openssl@1.1

node@12
└── icu4c

oniguruma

openconnect
├── gettext
├── gnutls
│   ├── gmp
│   ├── guile
│   │   ├── bdw-gc
│   │   ├── gmp
│   │   ├── libffi
│   │   ├── libtool
│   │   │   └── m4
│   │   ├── libunistring
│   │   ├── pkg-config
│   │   └── readline
│   ├── libidn2
│   │   ├── gettext
│   │   └── libunistring
│   ├── libtasn1
│   ├── libunistring
│   ├── nettle
│   │   └── gmp
│   ├── p11-kit
│   │   └── libffi
│   └── unbound
│       ├── libevent
│       │   └── openssl@1.1
│       ├── nghttp2
│       │   ├── c-ares
│       │   ├── jemalloc
│       │   ├── libev
│       │   └── openssl@1.1
│       └── openssl@1.1
└── stoken
    └── nettle
        └── gmp

openexr
└── imath

openjdk

openjpeg
├── libpng
├── libtiff
│   └── jpeg
└── little-cms2
    ├── jpeg
    └── libtiff
        └── jpeg

openssl@1.1

p11-kit
└── libffi

pcre

pcre2

pkg-config

python@3.9
├── gdbm
├── mpdecimal
├── openssl@1.1
├── readline
├── sqlite
│   └── readline
└── xz

rbenv
└── ruby-build
    ├── autoconf
    │   └── m4
    ├── pkg-config
    └── readline

readline

ruby-build
├── autoconf
│   └── m4
├── pkg-config
└── readline

screen

shared-mime-info
├── gettext
├── glib
│   ├── gettext
│   ├── libffi
│   ├── pcre
│   └── python@3.9
│       ├── gdbm
│       ├── mpdecimal
│       ├── openssl@1.1
│       ├── readline
│       ├── sqlite
│       │   └── readline
│       └── xz
└── xmlto
    ├── docbook
    ├── docbook-xsl
    │   └── docbook
    └── gnu-getopt

sqlite
└── readline

stoken
└── nettle
    └── gmp

tree

unbound
├── libevent
│   └── openssl@1.1
├── nghttp2
│   ├── c-ares
│   ├── jemalloc
│   ├── libev
│   └── openssl@1.1
└── openssl@1.1

watchman
├── openssl@1.1
├── pcre
└── python@3.9
    ├── gdbm
    ├── mpdecimal
    ├── openssl@1.1
    ├── readline
    ├── sqlite
    │   └── readline
    └── xz

webp
├── jpeg
├── libpng
└── libtiff
    └── jpeg

wget
├── libidn2
│   ├── gettext
│   └── libunistring
└── openssl@1.1

x265

xmlto
├── docbook
├── docbook-xsl
│   └── docbook
└── gnu-getopt

xz

yarn
└── node
    ├── brotli
    ├── c-ares
    ├── icu4c
    ├── libuv
    ├── nghttp2
    │   ├── c-ares
    │   ├── jemalloc
    │   ├── libev
    │   └── openssl@1.1
    └── openssl@1.1

========================================


=== Ruby and rubygems ==================
* Ruby (default): ruby 2.6.5p114 (2019-10-01 revision 67812) [x86_64-darwin19]
--- Available ruby versions ---
  system
  2.4.5
  2.5.3
* 2.6.5 (set by /Users/vagrant/.rbenv/version)
  2.7.2
  3.0.0
-------------------------------
* rbenv: 1.1.2
* Rubygems: 3.0.3
* Bundler: Bundler version 2.1.4
* CocoaPods: 1.10.1
* xcpretty: 0.3.0
========================================


=== All Ruby GEMs ======================
activesupport (5.2.6)
addressable (2.7.0)
algoliasearch (1.27.5)
artifactory (3.0.15)
atomos (0.1.3)
aws-eventstream (1.1.0)
aws-partitions (1.430.0)
aws-sdk-core (3.112.0)
aws-sdk-kms (1.42.0)
aws-sdk-s3 (1.89.0)
aws-sigv4 (1.2.2)
babosa (1.0.4)
bigdecimal (default: 1.4.1)
bundler (2.1.4, default: 1.17.2)
CFPropertyList (3.0.3)
claide (1.0.3)
clamp (1.3.2)
cmath (default: 1.0.0)
cocoapods (1.10.1)
cocoapods-core (1.10.1)
cocoapods-deintegrate (1.0.4)
cocoapods-downloader (1.4.0)
cocoapods-plugins (1.0.0)
cocoapods-search (1.0.0)
cocoapods-trunk (1.5.0)
cocoapods-try (1.2.0)
colored (1.2)
colored2 (3.1.2)
commander-fastlane (4.4.6)
concurrent-ruby (1.1.8)
csv (default: 3.0.9)
date (default: 2.0.0)
dbm (default: 1.0.0)
declarative (0.0.20)
declarative-option (0.1.0)
did_you_mean (1.3.0)
digest-crc (0.6.3)
domain_name (0.5.20190701)
dotenv (2.7.6)
e2mmap (default: 0.1.0)
emoji_regex (3.2.2)
escape (0.0.4)
etc (default: 1.0.1)
ethon (0.14.0)
excon (0.79.0)
faraday (1.3.0)
faraday-cookie_jar (0.0.7)
faraday-net_http (1.0.1)
faraday_middleware (1.0.0)
fastimage (2.2.3)
fastlane (2.176.0, 2.166.0)
fcntl (default: 1.0.0)
ffi (1.15.1)
fiddle (default: 1.0.0)
fileutils (default: 1.1.0)
forwardable (default: 1.2.0)
fourflusher (2.3.1)
fuzzy_match (2.0.4)
gh_inspector (1.1.3)
google-api-client (0.38.0)
google-apis-core (0.2.1)
google-apis-iamcredentials_v1 (0.1.0)
google-apis-storage_v1 (0.2.0)
google-cloud-core (1.5.0)
google-cloud-env (1.4.0)
google-cloud-errors (1.0.1)
google-cloud-storage (1.30.0)
googleauth (0.15.1)
highline (1.7.10)
http-cookie (1.0.3)
httpclient (2.8.3)
i18n (1.8.10)
io-console (default: 0.4.7)
ipaddr (default: 1.2.2)
irb (default: 1.0.0)
jazzy (0.13.6)
jmespath (1.4.0)
json (default: 2.1.0)
jwt (2.2.2)
liferaft (0.0.6)
logger (default: 1.3.0)
matrix (default: 0.1.0)
memoist (0.16.2)
mini_magick (4.11.0)
mini_mime (1.0.2)
minitest (5.11.3)
molinillo (0.6.6)
multi_json (1.15.0)
multipart-post (2.0.0)
mustache (1.1.1)
mutex_m (default: 0.1.0)
nanaimo (0.3.0)
nap (1.1.0)
naturally (2.2.1)
net-telnet (0.2.0)
netrc (0.11.0)
nokogiri (1.11.6 x86_64-darwin)
open4 (1.3.4)
openssl (default: 2.1.2)
os (1.1.1)
ostruct (default: 0.1.0)
plist (3.6.0)
power_assert (1.1.3)
prime (default: 0.1.0)
psych (default: 3.1.0)
public_suffix (4.0.6)
racc (1.5.2)
rake (12.3.2)
rdoc (default: 6.1.2)
redcarpet (3.5.1)
representable (3.0.4)
retriable (3.1.2)
rexml (default: 3.1.9)
rouge (2.0.7)
rss (default: 0.2.7)
ruby-macho (1.4.0)
ruby2_keywords (0.0.4)
rubyzip (2.3.0)
sassc (2.4.0)
scanf (default: 1.0.0)
sdbm (default: 1.0.0)
security (0.1.3)
shell (default: 0.7)
signet (0.14.1)
simctl (1.6.8)
slack-notifier (2.3.2)
slather (2.5.0)
sqlite3 (1.4.2)
stringio (default: 0.0.2)
strscan (default: 1.0.0)
sync (default: 0.5.0)
terminal-notifier (2.0.0)
terminal-table (1.8.0)
test-unit (3.2.9)
thread_safe (0.3.6)
thwait (default: 0.1.0)
tracer (default: 0.1.0)
trainer (0.9.1)
tty-cursor (0.7.1)
tty-screen (0.8.1)
tty-spinner (0.9.3)
typhoeus (1.4.0)
tzinfo (1.2.9)
uber (0.1.0)
unf (0.1.4)
unf_ext (0.0.7.7)
unicode-display_width (1.7.0)
webrick (default: 1.4.2)
word_wrap (1.0.0)
xcinvoke (0.3.0)
xcode-install (2.6.8)
xcodeproj (1.19.0)
xcov (1.7.5)
xcpretty (0.3.0)
xcpretty-json-formatter (0.1.1)
xcpretty-travis-formatter (1.0.1)
xcresult (0.2.1)
xmlrpc (0.3.0)
zlib (default: 1.0.0)
========================================


=== NPM global packages ==========================
* Cordova: 9.0.0 (cordova-lib@9.0.1)
* Ionic: 6.11.12
* Appcenter-CLI version: 2.7.3
========================================


=== Checking Xcode CLT dirs ============

 * ls -1 /Library/Developer/CommandLineTools/SDKs/MacOSX10.15.sdk/usr/include/CommonCrypto
CommonCrypto.h
CommonCryptoError.h
CommonCryptor.h
CommonDigest.h
CommonHMAC.h
CommonKeyDerivation.h
CommonRandom.h
CommonSymmetricKeywrap.h
module.modulemap

 * ls -1 /Library/Developer/CommandLineTools/
Library
SDKs
usr

 * /Library/Developer/CommandLineTools/usr/bin/swift --version
Apple Swift version 5.3.2 (swiftlang-1200.0.45 clang-1200.0.32.28)
Target: x86_64-apple-darwin19.6.0

========================================


=== Xcode ==============================

* Active Xcode Command Line Tools:
/Applications/Xcode-12.4.app/Contents/Developer

* Xcode Version:
Xcode 12.4
Build version 12D4e

* /usr/bin/swift --version
Apple Swift version 5.3.2 (swiftlang-1200.0.45 clang-1200.0.32.28)
Target: x86_64-apple-darwin19.6.0

* Installed SDKs:
iOS SDKs:
	iOS 14.4                      	-sdk iphoneos14.4

iOS Simulator SDKs:
	Simulator - iOS 14.4          	-sdk iphonesimulator14.4

macOS SDKs:
	DriverKit 20.2                	-sdk driverkit.macosx20.2
	macOS 11.1                    	-sdk macosx11.1

tvOS SDKs:
	tvOS 14.3                     	-sdk appletvos14.3

tvOS Simulator SDKs:
	Simulator - tvOS 14.3         	-sdk appletvsimulator14.3

watchOS SDKs:
	watchOS 7.2                   	-sdk watchos7.2

watchOS Simulator SDKs:
	Simulator - watchOS 7.2       	-sdk watchsimulator7.2


* Available Simulators:
== Device Types ==
iPhone 4s (com.apple.CoreSimulator.SimDeviceType.iPhone-4s)
iPhone 5 (com.apple.CoreSimulator.SimDeviceType.iPhone-5)
iPhone 5s (com.apple.CoreSimulator.SimDeviceType.iPhone-5s)
iPhone 6 Plus (com.apple.CoreSimulator.SimDeviceType.iPhone-6-Plus)
iPhone 6 (com.apple.CoreSimulator.SimDeviceType.iPhone-6)
iPhone 6s (com.apple.CoreSimulator.SimDeviceType.iPhone-6s)
iPhone 6s Plus (com.apple.CoreSimulator.SimDeviceType.iPhone-6s-Plus)
iPhone SE (1st generation) (com.apple.CoreSimulator.SimDeviceType.iPhone-SE)
iPhone 7 (com.apple.CoreSimulator.SimDeviceType.iPhone-7)
iPhone 7 Plus (com.apple.CoreSimulator.SimDeviceType.iPhone-7-Plus)
iPhone 8 (com.apple.CoreSimulator.SimDeviceType.iPhone-8)
iPhone 8 Plus (com.apple.CoreSimulator.SimDeviceType.iPhone-8-Plus)
iPhone X (com.apple.CoreSimulator.SimDeviceType.iPhone-X)
iPhone Xs (com.apple.CoreSimulator.SimDeviceType.iPhone-XS)
iPhone Xs Max (com.apple.CoreSimulator.SimDeviceType.iPhone-XS-Max)
iPhone Xʀ (com.apple.CoreSimulator.SimDeviceType.iPhone-XR)
iPhone 11 (com.apple.CoreSimulator.SimDeviceType.iPhone-11)
iPhone 11 Pro (com.apple.CoreSimulator.SimDeviceType.iPhone-11-Pro)
iPhone 11 Pro Max (com.apple.CoreSimulator.SimDeviceType.iPhone-11-Pro-Max)
iPhone SE (2nd generation) (com.apple.CoreSimulator.SimDeviceType.iPhone-SE--2nd-generation-)
iPhone 12 mini (com.apple.CoreSimulator.SimDeviceType.iPhone-12-mini)
iPhone 12 (com.apple.CoreSimulator.SimDeviceType.iPhone-12)
iPhone 12 Pro (com.apple.CoreSimulator.SimDeviceType.iPhone-12-Pro)
iPhone 12 Pro Max (com.apple.CoreSimulator.SimDeviceType.iPhone-12-Pro-Max)
iPod touch (7th generation) (com.apple.CoreSimulator.SimDeviceType.iPod-touch--7th-generation-)
iPad 2 (com.apple.CoreSimulator.SimDeviceType.iPad-2)
iPad Retina (com.apple.CoreSimulator.SimDeviceType.iPad-Retina)
iPad Air (com.apple.CoreSimulator.SimDeviceType.iPad-Air)
iPad mini 2 (com.apple.CoreSimulator.SimDeviceType.iPad-mini-2)
iPad mini 3 (com.apple.CoreSimulator.SimDeviceType.iPad-mini-3)
iPad mini 4 (com.apple.CoreSimulator.SimDeviceType.iPad-mini-4)
iPad Air 2 (com.apple.CoreSimulator.SimDeviceType.iPad-Air-2)
iPad Pro (9.7-inch) (com.apple.CoreSimulator.SimDeviceType.iPad-Pro--9-7-inch-)
iPad Pro (12.9-inch) (1st generation) (com.apple.CoreSimulator.SimDeviceType.iPad-Pro)
iPad (5th generation) (com.apple.CoreSimulator.SimDeviceType.iPad--5th-generation-)
iPad Pro (12.9-inch) (2nd generation) (com.apple.CoreSimulator.SimDeviceType.iPad-Pro--12-9-inch---2nd-generation-)
iPad Pro (10.5-inch) (com.apple.CoreSimulator.SimDeviceType.iPad-Pro--10-5-inch-)
iPad (6th generation) (com.apple.CoreSimulator.SimDeviceType.iPad--6th-generation-)
iPad (7th generation) (com.apple.CoreSimulator.SimDeviceType.iPad--7th-generation-)
iPad Pro (11-inch) (1st generation) (com.apple.CoreSimulator.SimDeviceType.iPad-Pro--11-inch-)
iPad Pro (12.9-inch) (3rd generation) (com.apple.CoreSimulator.SimDeviceType.iPad-Pro--12-9-inch---3rd-generation-)
iPad Pro (11-inch) (2nd generation) (com.apple.CoreSimulator.SimDeviceType.iPad-Pro--11-inch---2nd-generation-)
iPad Pro (12.9-inch) (4th generation) (com.apple.CoreSimulator.SimDeviceType.iPad-Pro--12-9-inch---4th-generation-)
iPad mini (5th generation) (com.apple.CoreSimulator.SimDeviceType.iPad-mini--5th-generation-)
iPad Air (3rd generation) (com.apple.CoreSimulator.SimDeviceType.iPad-Air--3rd-generation-)
iPad (8th generation) (com.apple.CoreSimulator.SimDeviceType.iPad--8th-generation-)
iPad Air (4th generation) (com.apple.CoreSimulator.SimDeviceType.iPad-Air--4th-generation-)
Apple TV (com.apple.CoreSimulator.SimDeviceType.Apple-TV-1080p)
Apple TV 4K (com.apple.CoreSimulator.SimDeviceType.Apple-TV-4K-4K)
Apple TV 4K (at 1080p) (com.apple.CoreSimulator.SimDeviceType.Apple-TV-4K-1080p)
Apple Watch - 38mm (com.apple.CoreSimulator.SimDeviceType.Apple-Watch-38mm)
Apple Watch - 42mm (com.apple.CoreSimulator.SimDeviceType.Apple-Watch-42mm)
Apple Watch Series 2 - 38mm (com.apple.CoreSimulator.SimDeviceType.Apple-Watch-Series-2-38mm)
Apple Watch Series 2 - 42mm (com.apple.CoreSimulator.SimDeviceType.Apple-Watch-Series-2-42mm)
Apple Watch Series 3 - 38mm (com.apple.CoreSimulator.SimDeviceType.Apple-Watch-Series-3-38mm)
Apple Watch Series 3 - 42mm (com.apple.CoreSimulator.SimDeviceType.Apple-Watch-Series-3-42mm)
Apple Watch Series 4 - 40mm (com.apple.CoreSimulator.SimDeviceType.Apple-Watch-Series-4-40mm)
Apple Watch Series 4 - 44mm (com.apple.CoreSimulator.SimDeviceType.Apple-Watch-Series-4-44mm)
Apple Watch Series 5 - 40mm (com.apple.CoreSimulator.SimDeviceType.Apple-Watch-Series-5-40mm)
Apple Watch Series 5 - 44mm (com.apple.CoreSimulator.SimDeviceType.Apple-Watch-Series-5-44mm)
Apple Watch SE - 40mm (com.apple.CoreSimulator.SimDeviceType.Apple-Watch-SE-40mm)
Apple Watch SE - 44mm (com.apple.CoreSimulator.SimDeviceType.Apple-Watch-SE-44mm)
Apple Watch Series 6 - 40mm (com.apple.CoreSimulator.SimDeviceType.Apple-Watch-Series-6-40mm)
Apple Watch Series 6 - 44mm (com.apple.CoreSimulator.SimDeviceType.Apple-Watch-Series-6-44mm)
== Runtimes ==
iOS 13.7 (13.7 - 17H22) - com.apple.CoreSimulator.SimRuntime.iOS-13-7
iOS 14.0 (14.0.1 - 18A394) - com.apple.CoreSimulator.SimRuntime.iOS-14-0
iOS 14.1 (14.1 - 18A8394) - com.apple.CoreSimulator.SimRuntime.iOS-14-1
iOS 14.2 (14.2 - 18B79) - com.apple.CoreSimulator.SimRuntime.iOS-14-2
iOS 14.4 (14.4 - 18D46) - com.apple.CoreSimulator.SimRuntime.iOS-14-4
tvOS 13.4 (13.4 - 17L255) - com.apple.CoreSimulator.SimRuntime.tvOS-13-4
tvOS 14.2 (14.2 - 18K54) - com.apple.CoreSimulator.SimRuntime.tvOS-14-2
tvOS 14.3 (14.3 - 18K559) - com.apple.CoreSimulator.SimRuntime.tvOS-14-3
watchOS 6.2 (6.2.1 - 17T531) - com.apple.CoreSimulator.SimRuntime.watchOS-6-2
watchOS 7.1 (7.1 - 18R579) - com.apple.CoreSimulator.SimRuntime.watchOS-7-1
watchOS 7.2 (7.2 - 18S561) - com.apple.CoreSimulator.SimRuntime.watchOS-7-2
== Devices ==
-- iOS 13.7 --
    iPhone 8 (6C36099B-77BF-43C7-9F76-DACBEEEBBC56) (Shutdown) 
    iPhone 8 Plus (17DFF837-C7FC-4299-B60D-B88C4DECE8D0) (Shutdown) 
    iPhone 11 (72929078-FBCD-4D70-A0CB-D28AA6BEBEEA) (Shutdown) 
    iPhone 11 Pro (4E3C2AEE-0A51-4D3F-8A4C-03F37CC99E8E) (Shutdown) 
    iPhone 11 Pro Max (CA32F833-07E1-474F-94F2-1F4AA12BAC76) (Shutdown) 
    iPhone SE (2nd generation) (1C6843B9-5B3A-4AB1-8D3A-CA856AEAF2AA) (Shutdown) 
    iPad Pro (9.7-inch) (08384AF4-3E0D-4CBB-8439-E0FCEF747979) (Shutdown) 
    iPad (7th generation) (02BEF00B-32A0-4952-AE49-D5CE3FDC8426) (Shutdown) 
    iPad Pro (11-inch) (2nd generation) (B70B0FA3-C8CF-41BD-B0F9-5F8ABECC8378) (Shutdown) 
    iPad Pro (12.9-inch) (4th generation) (9CAEBFAC-0F30-46A0-AAA9-554507BCE196) (Shutdown) 
    iPad Air (3rd generation) (E337489F-57D2-4CB4-A4ED-E21C7994F4B9) (Shutdown) 
-- iOS 14.0 --
    iPhone 8 (EF1133BD-4610-482E-ABC4-0C71D4F790F9) (Shutdown) 
    iPhone 8 Plus (CB21BC91-778F-4A35-B142-01DEBB83FCF5) (Shutdown) 
    iPhone 11 (00B3E206-EE76-4B39-BA6A-FA660632B09A) (Shutdown) 
    iPhone 11 Pro (3C3D44DB-9041-48DE-91EB-002A3F0C9D79) (Shutdown) 
    iPhone 11 Pro Max (0C1CEB42-E6A2-4F31-ABB9-AC7DDA45A3CF) (Shutdown) 
    iPhone SE (2nd generation) (D1BEF51D-B3EA-4F59-9556-BA1C4033E075) (Shutdown) 
    iPod touch (7th generation) (086362F9-C2FF-4029-BC22-87E28AF28E06) (Shutdown) 
    iPad Pro (9.7-inch) (2D23C58E-224D-485B-9854-CB029328C241) (Shutdown) 
    iPad Pro (11-inch) (2nd generation) (8C6B008B-C3BE-434F-B9CC-CE2A62FB9BAB) (Shutdown) 
    iPad Pro (12.9-inch) (4th generation) (950E6F17-A412-4E71-8979-596D68167390) (Shutdown) 
    iPad (8th generation) (A51B8548-4CCD-458C-AD03-551DF9C9EB15) (Shutdown) 
    iPad Air (4th generation) (44DB159C-9A30-4BFB-A5E0-9395A2686433) (Shutdown) 
-- iOS 14.1 --
    iPhone 8 (77BDCF13-247D-40D8-83A9-AFDD930FD0B2) (Shutdown) 
    iPhone 8 Plus (6BFDDA65-C35D-4B7C-9BFF-A82030D022C2) (Shutdown) 
    iPhone 11 (7EEBB584-7660-455C-AA73-EFE070A21D1D) (Shutdown) 
    iPhone 11 Pro (ACC8D345-8121-47F7-ADCD-E0B32A62F1D7) (Shutdown) 
    iPhone 11 Pro Max (60B930E0-71A6-4B81-A658-19336DB06F39) (Shutdown) 
    iPhone SE (2nd generation) (6326EC51-48F7-4D06-9AC7-60F93909DDB5) (Shutdown) 
    iPhone 12 mini (BD156482-FBEA-4E7A-B59B-37C6DD212718) (Shutdown) 
    iPhone 12 (F27D7C0B-6F68-4B5F-B0A5-0B458C1D34F4) (Shutdown) 
    iPhone 12 Pro (32F6F346-1F44-42A9-990E-9E44B186EE68) (Shutdown) 
    iPhone 12 Pro Max (43C8C8B0-ADDF-49FA-ACCD-06313BABBF6A) (Shutdown) 
    iPod touch (7th generation) (2D43C13F-4C0E-4FAA-9594-0DD8E8569940) (Shutdown) 
    iPad Pro (9.7-inch) (41BDE2E7-E2AB-47E9-915F-785B928BF2A0) (Shutdown) 
    iPad Pro (11-inch) (2nd generation) (8EC201AA-BD5C-4FA1-B99D-7E8852263327) (Shutdown) 
    iPad Pro (12.9-inch) (4th generation) (E530F857-EE00-4B21-A135-CDAA9A062BDA) (Shutdown) 
    iPad (8th generation) (7CB97B17-FE45-4831-A429-FFC249655659) (Shutdown) 
    iPad Air (4th generation) (0EC5173B-215F-4E96-8CA2-4EEF4B5196EB) (Shutdown) 
-- iOS 14.2 --
    iPhone 8 (D74113D1-1B41-4003-8731-B6DC445CB299) (Shutdown) 
    iPhone 8 Plus (8F3BC09F-A91C-4B1A-9E5A-651151477C5D) (Shutdown) 
    iPhone 11 (CF6DC617-7861-4F42-8308-DC7E82239427) (Shutdown) 
    iPhone 11 Pro (653BB802-0C36-4CBB-A208-12664B0CBCC5) (Shutdown) 
    iPhone 11 Pro Max (A977FFB8-EBFD-416B-8E83-838C74CB0D94) (Shutdown) 
    iPhone SE (2nd generation) (A89F6B4D-0803-4200-BB00-B6CB97109A37) (Shutdown) 
    iPhone 12 mini (ADC36502-329B-4614-9D15-5F5B0914EA0B) (Shutdown) 
    iPhone 12 (6DD90737-AC92-4BF2-ADF7-BEBECDDEA510) (Shutdown) 
    iPhone 12 Pro (EA5724FB-9CC1-4399-8929-37D53827A90B) (Shutdown) 
    iPhone 12 Pro Max (E4D4BA62-D23C-40CA-90BE-9A3B43C5A9A6) (Shutdown) 
    iPod touch (7th generation) (A942A39C-2BA6-438E-BA39-BEEA46D7DB75) (Shutdown) 
    iPad Pro (9.7-inch) (69D6821E-C0CE-4D74-AD96-C364408AF5AB) (Shutdown) 
    iPad Pro (11-inch) (2nd generation) (8C46FA56-C0D1-4B7B-951E-866DAE2F1943) (Shutdown) 
    iPad Pro (12.9-inch) (4th generation) (05D88B04-9D84-4512-B3B2-D67EABB980CB) (Shutdown) 
    iPad (8th generation) (22A032B2-671D-4C89-BA66-1B5A3A94D60D) (Shutdown) 
    iPad Air (4th generation) (79C97E5B-0453-4028-9381-619515EDC3A9) (Shutdown) 
-- iOS 14.4 --
    iPhone 8 (9A6A51A9-9A4C-49DD-B09F-31DBEC8DDDDF) (Shutdown) 
    iPhone 8 Plus (2BF40FF0-E091-4420-8E16-39840F2FF069) (Shutdown) 
    iPhone 11 (FFC6795F-A96F-409A-8BAE-BD93D4AB3174) (Shutdown) 
    iPhone 11 Pro (B4F9A2BA-1ED5-4207-B30E-3B8528B6E7A8) (Shutdown) 
    iPhone 11 Pro Max (0718A40A-F1FF-4370-83B0-04B879B30D76) (Shutdown) 
    iPhone SE (2nd generation) (C82980B1-270A-48B9-9BA2-B58A79F2D9D8) (Shutdown) 
    iPhone 12 mini (E44F2105-9D8E-42F5-B40C-AE604D75E039) (Shutdown) 
    iPhone 12 (082204DB-573C-4A4B-B893-F9FE632CDC23) (Shutdown) 
    iPhone 12 Pro (99350870-7AF0-4166-AB87-EE0EB9B8B08D) (Shutdown) 
    iPhone 12 Pro Max (CE7C2ABB-CC54-4F11-91F2-A1F87686C846) (Shutdown) 
    iPod touch (7th generation) (685A488E-0314-46A4-9EB9-F16ECF4C9F73) (Shutdown) 
    iPad Pro (9.7-inch) (C078B264-669D-4362-9293-8C4904705C7B) (Shutdown) 
    iPad Pro (11-inch) (2nd generation) (868F4918-26FE-4AF2-B961-F38A8ED2114C) (Shutdown) 
    iPad Pro (12.9-inch) (4th generation) (8550DF16-2B35-4C64-97C6-FB22B48F862B) (Shutdown) 
    iPad (8th generation) (1ECB23D2-B9B7-44F4-978C-4BB361CF5F21) (Shutdown) 
    iPad Air (4th generation) (9DB325B7-C02B-4657-801F-13BBD87FDD5C) (Shutdown) 
-- tvOS 13.4 --
    Apple TV (71A97045-001D-4F3B-B1B3-55A6162FA32E) (Shutdown) 
    Apple TV 4K (306D1677-3AF2-43CB-9DAF-A9D9F827048C) (Shutdown) 
    Apple TV 4K (at 1080p) (6E4F8B54-1223-4846-8463-F848BDBA2032) (Shutdown) 
-- tvOS 14.2 --
    Apple TV (B00AEE39-9DEB-43C8-ABFE-38709EC61F9E) (Shutdown) 
    Apple TV 4K (A7065CA9-1192-4C9A-A99D-FE564005B57D) (Shutdown) 
    Apple TV 4K (at 1080p) (3BB3B1A5-8ABB-482A-A384-3AB6635B984A) (Shutdown) 
-- tvOS 14.3 --
    Apple TV (F93C063B-C7CD-42E1-8A11-948B202812D7) (Shutdown) 
    Apple TV 4K (393D90F4-2992-40C3-9294-4C3605E6D65D) (Shutdown) 
    Apple TV 4K (at 1080p) (FE48B255-41B4-4EB2-8593-B1ABD90DB158) (Shutdown) 
-- watchOS 6.2 --
    Apple Watch Series 4 - 40mm (F0777B0B-1B6A-461A-811B-4D5B40BCC1DD) (Shutdown) 
    Apple Watch Series 4 - 44mm (7E07458D-153F-4DDC-A157-8B55E3D1B6D6) (Shutdown) 
    Apple Watch Series 5 - 40mm (81EA410E-54BF-4EDC-A64F-34016BC7319D) (Shutdown) 
    Apple Watch Series 5 - 44mm (A2BB8C09-E0C2-4F41-A2B4-1EBEA975E04A) (Shutdown) 
-- watchOS 7.1 --
    Apple Watch Series 5 - 40mm (DBF8EA87-3A88-4FCC-81B1-01677AC1383D) (Shutdown) 
    Apple Watch Series 5 - 44mm (23A2CCB1-49AA-4E8D-971E-0125E831A40D) (Shutdown) 
    Apple Watch Series 6 - 40mm (62288AB5-1431-410C-A35D-AD438350E47D) (Shutdown) 
    Apple Watch Series 6 - 44mm (8F8BF618-7177-4593-9A36-C21EAA1F82AE) (Shutdown) 
-- watchOS 7.2 --
    Apple Watch Series 5 - 40mm (0381992A-D4A5-4F99-9129-F292CC57CA7D) (Shutdown) 
    Apple Watch Series 5 - 44mm (A668021D-5C4F-49EE-A978-3C5ED99AC7EA) (Shutdown) 
    Apple Watch Series 6 - 40mm (7B6CE78D-620C-49FF-8B54-C49C1A5650FD) (Shutdown) 
    Apple Watch Series 6 - 44mm (56A8401A-1DAB-414E-BD6A-59AF81A4300F) (Shutdown) 
== Device Pairs ==
6C3D2F2D-C0D2-479E-8BCC-B7B6D9E8C5DC (active, disconnected)
    Watch: Apple Watch Series 5 - 40mm (0381992A-D4A5-4F99-9129-F292CC57CA7D) (Shutdown)
    Phone: iPhone 12 mini (E44F2105-9D8E-42F5-B40C-AE604D75E039) (Shutdown)
8A54CE60-151E-435B-8E4C-EAA972C6055C (active, disconnected)
    Watch: Apple Watch Series 5 - 44mm (A668021D-5C4F-49EE-A978-3C5ED99AC7EA) (Shutdown)
    Phone: iPhone 12 (082204DB-573C-4A4B-B893-F9FE632CDC23) (Shutdown)
39804779-5619-4DB2-AFFD-8D913AC207AA (active, disconnected)
    Watch: Apple Watch Series 6 - 40mm (7B6CE78D-620C-49FF-8B54-C49C1A5650FD) (Shutdown)
    Phone: iPhone 12 Pro (99350870-7AF0-4166-AB87-EE0EB9B8B08D) (Shutdown)
3184EADA-13DF-437B-94C6-9D32F46648A9 (active, disconnected)
    Watch: Apple Watch Series 6 - 44mm (56A8401A-1DAB-414E-BD6A-59AF81A4300F) (Shutdown)
    Phone: iPhone 12 Pro Max (CE7C2ABB-CC54-4F11-91F2-A1F87686C846) (Shutdown)

========================================


=== OS X info =========================

* sw_vers
ProductName:	Mac OS X
ProductVersion:	10.15.7
BuildVersion:	19H114

* system_profiler SPSoftwareDataType
Software:

    System Software Overview:

      System Version: macOS 10.15.7 (19H114)
      Kernel Version: Darwin 19.6.0
      Boot Volume: Disk
      Boot Mode: Normal
      Computer Name: stg-vs4mac-beta-210603121632-53FcSnAv8b8hcGhWT9WMkR
      User Name: vagrant (vagrant)
      Secure Virtual Memory: Enabled
      System Integrity Protection: Disabled
      Time since boot: 36 minutes


========================================


=== System infos =======================
* Free disk space:
    Filesystem         Size        Avail
  /dev/disk1s5        200Gi         65Gi
========================================


=== Xamarin specific ===================

--- Xamarin

* Visual Studio
Release ID: 810000409
Git revision: 99c0cca35f382985b44ed5fb24f903d2698dd906
Build date: 2021-02-26 08:13:38-05
Build branch: release-8.10
* Mono version:
Mono JIT compiler version 6.12.0.122 (2020-02/c621c35ffa0 Wed Feb 10 00:51:43 EST 2021)
Copyright (C) 2002-2014 Novell, Inc, Xamarin Inc and Contributors. www.mono-project.com
	TLS:           
	SIGSEGV:       altstack
	Notification:  kqueue
	Architecture:  amd64
	Disabled:      none
	Misc:          softdebug 
	Interpreter:   yes
	LLVM:          yes(610)
	Suspend:       hybrid
	GC:            sgen (concurrent by default)
* Mono path:
/Library/Frameworks/Mono.framework/Versions/Current/Commands/mono

* Xamarin.Android
11.2.0.21
Current

* Xamarin.iOS
14.14.2.5
Current

* debug.keystore path:
/Users/vagrant/.local/share/Xamarin/Mono for Android/debug.keystore
--- Android

* ANDROID_HOME (/Users/vagrant/Library/Developer/Xamarin/android-sdk-macosx) content:
build-tools
cmdline-tools
emulator
ndk-bundle
patcher
platform-tools
platforms
tools

* ANDROID_NDK_HOME (/Users/vagrant/Library/Developer/Xamarin/android-sdk-macosx/ndk-bundle) content:
CHANGELOG.md
NOTICE
NOTICE.toolchain
README.md
build
meta
ndk-build
ndk-gdb
ndk-stack
ndk-which
package.xml
platforms
prebuilt
python-packages
shader-tools
simpleperf
source.properties
sources
sysroot
toolchains
wrap.sh

* Android NDK Version:
Pkg.Desc = Android NDK
Pkg.Revision = 21.3.6528147

* platform-tools content:
NOTICE.txt
adb
api
dmtracedump
e2fsdroid
etc1tool
fastboot
hprof-conv
lib64
make_f2fs
mke2fs
mke2fs.conf
package.xml
sload_f2fs
source.properties
sqlite3
systrace

* build-tools content:
30.0.2

* extras content:
/Users/vagrant/Library/Developer/Xamarin/android-sdk-macosx/extras [error opening dir]

0 directories, 0 files

* platforms content:
android-26
android-27
android-28
android-29
android-30

* system-images content:
/Users/vagrant/Library/Developer/Xamarin/android-sdk-macosx/system-images [error opening dir]

0 directories, 0 files

========================================


=== Android APK tools ==================

* aapt2:
Android Asset Packaging Tool (aapt) 2:19

========================================


=== Environment infos =======================
MATCH_KEYCHAIN_PASSWORD environment set
========================================


=== Control tests ======================
source $HOME/.bash_profile ...
source $HOME/.bash_profile - PASSED
========================================

