 (i) Ignore Errors: enabled

#
# This System Report was generated by: https://github.com/bitrise-io/osx-box-bootstrap/blob/master/system_report.sh
#  Pull Requests are welcome!
#


=== Revision / ID ======================
* BITRISE_OSX_STACK_REV_ID: v2021_06_09
========================================


=== Pre-installed tool versions ========
* Go: go version go1.15.12 darwin/amd64
* Python: Python 2.7.16
* Node.js: v12.22.1
* NPM: 6.14.12
* Yarn: 1.22.10
* Java: openjdk version "1.8.0_292"
OpenJDK Runtime Environment (AdoptOpenJDK)(build 1.8.0_292-b10)
OpenJDK 64-Bit Server VM (AdoptOpenJDK)(build 25.292-b10, mixed mode)
* Flutter: Flutter 1.26.0-17.8.pre • channel unknown • unknown source
* fvm: 2.0.5

* git: git version 2.31.1
* git lfs: git-lfs/2.13.3 (GitHub; darwin amd64; go 1.16.2)
* mercurial/hg: Mercurial Distributed SCM (version 5.8)
* curl: curl 7.64.1 (x86_64-apple-darwin19.0) libcurl/7.64.1 (SecureTransport) LibreSSL/2.8.3 zlib/1.2.11 nghttp2/1.39.2
* wget: GNU Wget 1.21.1 built on darwin19.6.0.
* rsync: rsync  version 2.6.9  protocol version 29
* unzip: UnZip 6.00 of 20 April 2009, by Info-ZIP.  Maintained by C. Spieler.  Send
* zip: This is Zip 3.0 (July 5th 2008), by Info-ZIP.
* tar: bsdtar 3.3.2 - libarchive 3.3.2 zlib/1.2.11 liblzma/5.0.5 bz2lib/1.0.6
* tree: tree v1.8.0 (c) 1996 - 2018 by Steve Baker, Thomas Moore, Francesc Rocher, Florian Sesser, Kyosuke Tokoro 

* brew: Homebrew 3.1.11
Homebrew/homebrew-core (git revision a5077bea81; last commit 2021-05-28)
Homebrew/homebrew-cask (git revision c9e6109c14; last commit 2021-05-28)
* Ansible: ansible [core 2.11.0] 
  config file = /Users/vagrant/git/ansible.cfg
  configured module search path = ['/Users/vagrant/.ansible/plugins/modules', '/usr/share/ansible/plugins/modules']
  ansible python module location = /usr/local/Cellar/ansible/4.0.0/libexec/lib/python3.9/site-packages/ansible
  ansible collection location = /Users/vagrant/.ansible/collections:/usr/share/ansible/collections
  executable location = /usr/local/bin/ansible
* gtimeout: timeout (GNU coreutils) 8.32
* watchman: 4.9.0
* flow: Flow, a static type checker for JavaScript, version 0.152.0
* carthage: 0.38.0
* imagemagick (convert): Version: ImageMagick 7.0.11-13 Q16 x86_64 2021-05-17 https://imagemagick.org
* ghostscript (ps2ascii): 9.54.0
* screen: Screen version 4.08.00 (GNU) 05-Feb-20
* firebase: 9.12.1
* applesimutils version 0.9.2
* jq: 1.6
* Version: 0.8.1
* XCLogParser 0.2.21
* Screen 4.08.00
* applesimutils 0.9.2
* OpenConnect version v8.10
* aws-cli: aws-cli/2.2.7 Python/3.9.5 Darwin/19.6.0 source/x86_64 prompt/off
* cmake: 3.20.3
* danger-swift: 3.10.1
[0;0m

--- Bitrise CLI tool versions
* bitrise: 1.46.0
* stepman: 0.13.1
* envman: 2.3.1
* cmd-bridge: 0.9.5
========================================


=== Brew list versions ==================
ansible 4.0.0
ant 1.10.10
aom 3.1.0
applesimutils 0.9.2
autoconf 2.71
awscli 2.2.7
bdw-gc 8.0.4_2
brotli 1.0.9
c-ares 1.17.1
carthage 0.38.0
cmake 3.20.3
coreutils 8.32
danger-js 10.6.4
danger-swift 3.10.1
dart 2.13.3
docbook 5.1_1
docbook-xsl 1.79.2_1
flow 0.152.0
fontconfig 2.13.1
freetype 2.10.4
fvm 2.0.5
gdbm 1.19
gettext 0.21
ghostscript 9.54.0
git 2.31.1
git-lfs 2.13.3
glib 2.68.2
gmp 6.2.1
gnu-getopt 2.36.2
gnutls 3.6.16
go@1.15 1.15.12
gradle 7.0.2_2
guile 3.0.7
icu4c 69.1
imagemagick 7.0.11-13_2
imath 3.0.3
jbig2dec 0.19
jemalloc 5.2.1_1
jenv 0.5.4
jpeg 9d
jq 1.6
libde265 1.0.8
libev 4.33
libevent 2.1.12
libffi 3.3_3
libheif 1.12.0
libidn 1.37
libidn2 2.3.1
liblqr 0.4.2_1
libomp 12.0.0
libpng 1.6.37
libtasn1 4.17.0
libtiff 4.3.0
libtool 2.4.6_3
libunistring 0.9.10
libuv 1.41.0
libyaml 0.2.5
little-cms2 2.12
m4 1.4.18
maven 3.8.1
mercurial 5.8
mpdecimal 2.5.1
nettle 3.7.2
nghttp2 1.43.0
node 16.2.0
node@12 12.22.1_1
oniguruma 6.9.7.1
openconnect 8.10
openexr 3.0.3
openjdk 15.0.2
openjpeg 2.4.0
openssl@1.1 1.1.1k
p11-kit 0.23.22
pcre 8.44
pcre2 10.37
pkg-config 0.29.2_3
python@3.9 3.9.5
rbenv 1.1.2
readline 8.1
ruby-build 20210526
screen 4.8.0
shared-mime-info 2.1
sqlite 3.35.5
stoken 0.92_1
tree 1.8.0
unbound 1.13.1
watchman 4.9.0_5
webp 1.2.0
wget 1.21.1
x265 3.5
xmlto 0.0.28
xz 5.2.5
yarn 1.22.10
========================================


=== Brew deps tree ==================
adoptopenjdk/openjdk/adoptopenjdk11

adoptopenjdk/openjdk/adoptopenjdk8

ansible
├── libyaml
├── openssl@1.1
└── python@3.9
    ├── gdbm
    ├── mpdecimal
    ├── openssl@1.1
    ├── readline
    ├── sqlite
    │   └── readline
    └── xz

ant
└── openjdk

aom

wix/brew/applesimutils

autoconf
└── m4

awscli
└── python@3.9
    ├── gdbm
    ├── mpdecimal
    ├── openssl@1.1
    ├── readline
    ├── sqlite
    │   └── readline
    └── xz

bdw-gc

brotli

c-ares

carthage

cmake

coreutils

danger/tap/danger-js

danger/tap/danger-swift
└── danger/tap/danger-js

dart-lang/dart/dart

docbook

docbook-xsl
└── docbook

flow

fontconfig
└── freetype
    └── libpng

freetype
└── libpng

leoafarias/fvm/fvm

gdbm

gettext

ghostscript
├── fontconfig
│   └── freetype
│       └── libpng
├── freetype
│   └── libpng
├── jbig2dec
├── jpeg
├── libidn
├── libpng
├── libtiff
│   └── jpeg
├── little-cms2
│   ├── jpeg
│   └── libtiff
│       └── jpeg
└── openjpeg
    ├── libpng
    ├── libtiff
    │   └── jpeg
    └── little-cms2
        ├── jpeg
        └── libtiff
            └── jpeg

git
├── gettext
└── pcre2

git-lfs

glib
├── gettext
├── libffi
├── pcre
└── python@3.9
    ├── gdbm
    ├── mpdecimal
    ├── openssl@1.1
    ├── readline
    ├── sqlite
    │   └── readline
    └── xz

gmp

gnu-getopt

gnutls
├── gmp
├── guile
│   ├── bdw-gc
│   ├── gmp
│   ├── libffi
│   ├── libtool
│   │   └── m4
│   ├── libunistring
│   ├── pkg-config
│   └── readline
├── libidn2
│   ├── gettext
│   └── libunistring
├── libtasn1
├── libunistring
├── nettle
│   └── gmp
├── p11-kit
│   └── libffi
└── unbound
    ├── libevent
    │   └── openssl@1.1
    ├── nghttp2
    │   ├── c-ares
    │   ├── jemalloc
    │   ├── libev
    │   └── openssl@1.1
    └── openssl@1.1

go@1.15

gradle
└── openjdk

guile
├── bdw-gc
├── gmp
├── libffi
├── libtool
│   └── m4
├── libunistring
├── pkg-config
└── readline

icu4c

imagemagick
├── freetype
│   └── libpng
├── ghostscript
│   ├── fontconfig
│   │   └── freetype
│   │       └── libpng
│   ├── freetype
│   │   └── libpng
│   ├── jbig2dec
│   ├── jpeg
│   ├── libidn
│   ├── libpng
│   ├── libtiff
│   │   └── jpeg
│   ├── little-cms2
│   │   ├── jpeg
│   │   └── libtiff
│   │       └── jpeg
│   └── openjpeg
│       ├── libpng
│       ├── libtiff
│       │   └── jpeg
│       └── little-cms2
│           ├── jpeg
│           └── libtiff
│               └── jpeg
├── jpeg
├── libheif
│   ├── aom
│   ├── jpeg
│   ├── libde265
│   ├── libpng
│   ├── shared-mime-info
│   │   ├── gettext
│   │   ├── glib
│   │   │   ├── gettext
│   │   │   ├── libffi
│   │   │   ├── pcre
│   │   │   └── python@3.9
│   │   │       ├── gdbm
│   │   │       ├── mpdecimal
│   │   │       ├── openssl@1.1
│   │   │       ├── readline
│   │   │       ├── sqlite
│   │   │       │   └── readline
│   │   │       └── xz
│   │   └── xmlto
│   │       ├── docbook
│   │       ├── docbook-xsl
│   │       │   └── docbook
│   │       └── gnu-getopt
│   └── x265
├── liblqr
│   └── glib
│       ├── gettext
│       ├── libffi
│       ├── pcre
│       └── python@3.9
│           ├── gdbm
│           ├── mpdecimal
│           ├── openssl@1.1
│           ├── readline
│           ├── sqlite
│           │   └── readline
│           └── xz
├── libomp
├── libpng
├── libtiff
│   └── jpeg
├── libtool
│   └── m4
├── little-cms2
│   ├── jpeg
│   └── libtiff
│       └── jpeg
├── openexr
│   └── imath
├── openjpeg
│   ├── libpng
│   ├── libtiff
│   │   └── jpeg
│   └── little-cms2
│       ├── jpeg
│       └── libtiff
│           └── jpeg
├── webp
│   ├── jpeg
│   ├── libpng
│   └── libtiff
│       └── jpeg
└── xz

imath

jbig2dec

jemalloc

jenv

jpeg

jq
└── oniguruma

libde265

libev

libevent
└── openssl@1.1

libffi

libheif
├── aom
├── jpeg
├── libde265
├── libpng
├── shared-mime-info
│   ├── gettext
│   ├── glib
│   │   ├── gettext
│   │   ├── libffi
│   │   ├── pcre
│   │   └── python@3.9
│   │       ├── gdbm
│   │       ├── mpdecimal
│   │       ├── openssl@1.1
│   │       ├── readline
│   │       ├── sqlite
│   │       │   └── readline
│   │       └── xz
│   └── xmlto
│       ├── docbook
│       ├── docbook-xsl
│       │   └── docbook
│       └── gnu-getopt
└── x265

libidn

libidn2
├── gettext
└── libunistring

liblqr
└── glib
    ├── gettext
    ├── libffi
    ├── pcre
    └── python@3.9
        ├── gdbm
        ├── mpdecimal
        ├── openssl@1.1
        ├── readline
        ├── sqlite
        │   └── readline
        └── xz

libomp

libpng

libtasn1

libtiff
└── jpeg

libtool
└── m4

libunistring

libuv

libyaml

little-cms2
├── jpeg
└── libtiff
    └── jpeg

m4

maven
└── openjdk

mercurial
└── python@3.9
    ├── gdbm
    ├── mpdecimal
    ├── openssl@1.1
    ├── readline
    ├── sqlite
    │   └── readline
    └── xz

mpdecimal

nettle
└── gmp

nghttp2
├── c-ares
├── jemalloc
├── libev
└── openssl@1.1

node
├── brotli
├── c-ares
├── icu4c
├── libuv
├── nghttp2
│   ├── c-ares
│   ├── jemalloc
│   ├── libev
│   └── openssl@1.1
└── openssl@1.1

node@12
└── icu4c

oniguruma

openconnect
├── gettext
├── gnutls
│   ├── gmp
│   ├── guile
│   │   ├── bdw-gc
│   │   ├── gmp
│   │   ├── libffi
│   │   ├── libtool
│   │   │   └── m4
│   │   ├── libunistring
│   │   ├── pkg-config
│   │   └── readline
│   ├── libidn2
│   │   ├── gettext
│   │   └── libunistring
│   ├── libtasn1
│   ├── libunistring
│   ├── nettle
│   │   └── gmp
│   ├── p11-kit
│   │   └── libffi
│   └── unbound
│       ├── libevent
│       │   └── openssl@1.1
│       ├── nghttp2
│       │   ├── c-ares
│       │   ├── jemalloc
│       │   ├── libev
│       │   └── openssl@1.1
│       └── openssl@1.1
└── stoken
    └── nettle
        └── gmp

openexr
└── imath

openjdk

openjpeg
├── libpng
├── libtiff
│   └── jpeg
└── little-cms2
    ├── jpeg
    └── libtiff
        └── jpeg

openssl@1.1

p11-kit
└── libffi

pcre

pcre2

pkg-config

python@3.9
├── gdbm
├── mpdecimal
├── openssl@1.1
├── readline
├── sqlite
│   └── readline
└── xz

rbenv
└── ruby-build
    ├── autoconf
    │   └── m4
    ├── pkg-config
    └── readline

readline

ruby-build
├── autoconf
│   └── m4
├── pkg-config
└── readline

screen

shared-mime-info
├── gettext
├── glib
│   ├── gettext
│   ├── libffi
│   ├── pcre
│   └── python@3.9
│       ├── gdbm
│       ├── mpdecimal
│       ├── openssl@1.1
│       ├── readline
│       ├── sqlite
│       │   └── readline
│       └── xz
└── xmlto
    ├── docbook
    ├── docbook-xsl
    │   └── docbook
    └── gnu-getopt

sqlite
└── readline

stoken
└── nettle
    └── gmp

tree

unbound
├── libevent
│   └── openssl@1.1
├── nghttp2
│   ├── c-ares
│   ├── jemalloc
│   ├── libev
│   └── openssl@1.1
└── openssl@1.1

watchman
├── openssl@1.1
├── pcre
└── python@3.9
    ├── gdbm
    ├── mpdecimal
    ├── openssl@1.1
    ├── readline
    ├── sqlite
    │   └── readline
    └── xz

webp
├── jpeg
├── libpng
└── libtiff
    └── jpeg

wget
├── libidn2
│   ├── gettext
│   └── libunistring
└── openssl@1.1

x265

xmlto
├── docbook
├── docbook-xsl
│   └── docbook
└── gnu-getopt

xz

yarn
└── node
    ├── brotli
    ├── c-ares
    ├── icu4c
    ├── libuv
    ├── nghttp2
    │   ├── c-ares
    │   ├── jemalloc
    │   ├── libev
    │   └── openssl@1.1
    └── openssl@1.1

========================================


=== Ruby and rubygems ==================
* Ruby (default): ruby 2.6.5p114 (2019-10-01 revision 67812) [x86_64-darwin19]
--- Available ruby versions ---
  system
  2.4.5
  2.5.3
* 2.6.5 (set by /Users/vagrant/.rbenv/version)
  2.7.2
  3.0.0
-------------------------------
* rbenv: 1.1.2
* Rubygems: 3.0.3
* Bundler: Bundler version 2.1.4
* CocoaPods: 1.10.1
* xcpretty: 0.3.0
========================================


=== All Ruby GEMs ======================
activesupport (5.2.6)
addressable (2.7.0)
algoliasearch (1.27.5)
artifactory (3.0.15)
atomos (0.1.3)
aws-eventstream (1.1.1)
aws-partitions (1.443.0)
aws-sdk-core (3.113.1)
aws-sdk-kms (1.43.0)
aws-sdk-s3 (1.93.0)
aws-sigv4 (1.2.3)
babosa (1.0.4)
bigdecimal (default: 1.4.1)
bundler (2.1.4, default: 1.17.2)
CFPropertyList (3.0.3)
claide (1.0.3)
clamp (1.3.2)
cmath (default: 1.0.0)
cocoapods (1.10.1)
cocoapods-core (1.10.1)
cocoapods-deintegrate (1.0.4)
cocoapods-downloader (1.4.0)
cocoapods-plugins (1.0.0)
cocoapods-search (1.0.0)
cocoapods-trunk (1.5.0)
cocoapods-try (1.2.0)
colored (1.2)
colored2 (3.1.2)
commander-fastlane (4.4.6)
concurrent-ruby (1.1.9)
csv (default: 3.0.9)
date (default: 2.0.0)
dbm (default: 1.0.0)
declarative (0.0.20)
did_you_mean (1.3.0)
digest-crc (0.6.3)
domain_name (0.5.20190701)
dotenv (2.7.6)
e2mmap (default: 0.1.0)
emoji_regex (3.2.2)
escape (0.0.4)
etc (default: 1.0.1)
ethon (0.14.0)
excon (0.79.0)
faraday (1.3.0)
faraday-cookie_jar (0.0.7)
faraday-net_http (1.0.1)
faraday_middleware (1.0.0)
fastimage (2.2.3)
fastlane (2.180.1, 2.166.0)
fcntl (default: 1.0.0)
ffi (1.15.1)
fiddle (default: 1.0.0)
fileutils (default: 1.1.0)
forwardable (default: 1.2.0)
fourflusher (2.3.1)
fuzzy_match (2.0.4)
gh_inspector (1.1.3)
google-api-client (0.38.0)
google-apis-core (0.3.0)
google-apis-iamcredentials_v1 (0.3.0)
google-apis-storage_v1 (0.3.0)
google-cloud-core (1.6.0)
google-cloud-env (1.5.0)
google-cloud-errors (1.1.0)
google-cloud-storage (1.31.0)
googleauth (0.16.1)
highline (1.7.10)
http-cookie (1.0.3)
httpclient (2.8.3)
i18n (1.8.10)
io-console (default: 0.4.7)
ipaddr (default: 1.2.2)
irb (default: 1.0.0)
jazzy (0.13.6)
jmespath (1.4.0)
json (default: 2.1.0)
jwt (2.2.2)
liferaft (0.0.6)
logger (default: 1.3.0)
matrix (default: 0.1.0)
memoist (0.16.2)
mini_magick (4.11.0)
mini_mime (1.1.0)
minitest (5.11.3)
molinillo (0.6.6)
multi_json (1.15.0)
multipart-post (2.0.0)
mustache (1.1.1)
mutex_m (default: 0.1.0)
nanaimo (0.3.0)
nap (1.1.0)
naturally (2.2.1)
net-telnet (0.2.0)
netrc (0.11.0)
nokogiri (1.11.7 x86_64-darwin)
open4 (1.3.4)
openssl (default: 2.1.2)
os (1.1.1)
ostruct (default: 0.1.0)
plist (3.6.0)
power_assert (1.1.3)
prime (default: 0.1.0)
psych (default: 3.1.0)
public_suffix (4.0.6)
racc (1.5.2)
rake (12.3.2)
rdoc (default: 6.1.2)
redcarpet (3.5.1)
representable (3.1.0)
retriable (3.1.2)
rexml (default: 3.1.9)
rouge (2.0.7)
rss (default: 0.2.7)
ruby-macho (1.4.0)
ruby2_keywords (0.0.4)
rubyzip (2.3.0)
sassc (2.4.0)
scanf (default: 1.0.0)
sdbm (default: 1.0.0)
security (0.1.3)
shell (default: 0.7)
signet (0.15.0)
simctl (1.6.8)
slack-notifier (2.3.2)
slather (2.5.0)
sqlite3 (1.4.2)
stringio (default: 0.0.2)
strscan (default: 1.0.0)
sync (default: 0.5.0)
terminal-notifier (2.0.0)
terminal-table (1.8.0)
test-unit (3.2.9)
thread_safe (0.3.6)
thwait (default: 0.1.0)
tracer (default: 0.1.0)
trailblazer-option (0.1.0)
trainer (0.9.1)
tty-cursor (0.7.1)
tty-screen (0.8.1)
tty-spinner (0.9.3)
typhoeus (1.4.0)
tzinfo (1.2.9)
uber (0.1.0)
unf (0.1.4)
unf_ext (0.0.7.7)
unicode-display_width (1.7.0)
webrick (default: 1.4.2)
word_wrap (1.0.0)
xcinvoke (0.3.0)
xcode-install (2.6.8)
xcodeproj (1.19.0)
xcov (1.7.5)
xcpretty (0.3.0)
xcpretty-json-formatter (0.1.1)
xcpretty-travis-formatter (1.0.1)
xcresult (0.2.1)
xmlrpc (0.3.0)
zlib (default: 1.0.0)
========================================


=== NPM global packages ==========================
* Cordova: 9.0.0 (cordova-lib@9.0.1)
* Ionic: 6.11.12
* Appcenter-CLI version: 2.7.3
========================================


=== Checking Xcode CLT dirs ============

 * ls -1 /Library/Developer/CommandLineTools/SDKs/MacOSX10.15.sdk/usr/include/CommonCrypto
CommonCrypto.h
CommonCryptoError.h
CommonCryptor.h
CommonDigest.h
CommonHMAC.h
CommonKeyDerivation.h
CommonRandom.h
CommonSymmetricKeywrap.h
module.modulemap

 * ls -1 /Library/Developer/CommandLineTools/
Library
SDKs
usr

 * /Library/Developer/CommandLineTools/usr/bin/swift --version
Apple Swift version 5.3.2 (swiftlang-1200.0.45 clang-1200.0.32.28)
Target: x86_64-apple-darwin19.6.0

========================================


=== Xcode ==============================

* Active Xcode Command Line Tools:
/Applications/Xcode-12.4.app/Contents/Developer

* Xcode Version:
Xcode 12.4
Build version 12D4e

* /usr/bin/swift --version
Apple Swift version 5.3.2 (swiftlang-1200.0.45 clang-1200.0.32.28)
Target: x86_64-apple-darwin19.6.0

* Installed SDKs:
iOS SDKs:
	iOS 14.4                      	-sdk iphoneos14.4

iOS Simulator SDKs:
	Simulator - iOS 14.4          	-sdk iphonesimulator14.4

macOS SDKs:
	DriverKit 20.2                	-sdk driverkit.macosx20.2
	macOS 11.1                    	-sdk macosx11.1

tvOS SDKs:
	tvOS 14.3                     	-sdk appletvos14.3

tvOS Simulator SDKs:
	Simulator - tvOS 14.3         	-sdk appletvsimulator14.3

watchOS SDKs:
	watchOS 7.2                   	-sdk watchos7.2

watchOS Simulator SDKs:
	Simulator - watchOS 7.2       	-sdk watchsimulator7.2


* Available Simulators:
== Device Types ==
iPhone 4s (com.apple.CoreSimulator.SimDeviceType.iPhone-4s)
iPhone 5 (com.apple.CoreSimulator.SimDeviceType.iPhone-5)
iPhone 5s (com.apple.CoreSimulator.SimDeviceType.iPhone-5s)
iPhone 6 Plus (com.apple.CoreSimulator.SimDeviceType.iPhone-6-Plus)
iPhone 6 (com.apple.CoreSimulator.SimDeviceType.iPhone-6)
iPhone 6s (com.apple.CoreSimulator.SimDeviceType.iPhone-6s)
iPhone 6s Plus (com.apple.CoreSimulator.SimDeviceType.iPhone-6s-Plus)
iPhone SE (1st generation) (com.apple.CoreSimulator.SimDeviceType.iPhone-SE)
iPhone 7 (com.apple.CoreSimulator.SimDeviceType.iPhone-7)
iPhone 7 Plus (com.apple.CoreSimulator.SimDeviceType.iPhone-7-Plus)
iPhone 8 (com.apple.CoreSimulator.SimDeviceType.iPhone-8)
iPhone 8 Plus (com.apple.CoreSimulator.SimDeviceType.iPhone-8-Plus)
iPhone X (com.apple.CoreSimulator.SimDeviceType.iPhone-X)
iPhone Xs (com.apple.CoreSimulator.SimDeviceType.iPhone-XS)
iPhone Xs Max (com.apple.CoreSimulator.SimDeviceType.iPhone-XS-Max)
iPhone Xʀ (com.apple.CoreSimulator.SimDeviceType.iPhone-XR)
iPhone 11 (com.apple.CoreSimulator.SimDeviceType.iPhone-11)
iPhone 11 Pro (com.apple.CoreSimulator.SimDeviceType.iPhone-11-Pro)
iPhone 11 Pro Max (com.apple.CoreSimulator.SimDeviceType.iPhone-11-Pro-Max)
iPhone SE (2nd generation) (com.apple.CoreSimulator.SimDeviceType.iPhone-SE--2nd-generation-)
iPhone 12 mini (com.apple.CoreSimulator.SimDeviceType.iPhone-12-mini)
iPhone 12 (com.apple.CoreSimulator.SimDeviceType.iPhone-12)
iPhone 12 Pro (com.apple.CoreSimulator.SimDeviceType.iPhone-12-Pro)
iPhone 12 Pro Max (com.apple.CoreSimulator.SimDeviceType.iPhone-12-Pro-Max)
iPod touch (7th generation) (com.apple.CoreSimulator.SimDeviceType.iPod-touch--7th-generation-)
iPad 2 (com.apple.CoreSimulator.SimDeviceType.iPad-2)
iPad Retina (com.apple.CoreSimulator.SimDeviceType.iPad-Retina)
iPad Air (com.apple.CoreSimulator.SimDeviceType.iPad-Air)
iPad mini 2 (com.apple.CoreSimulator.SimDeviceType.iPad-mini-2)
iPad mini 3 (com.apple.CoreSimulator.SimDeviceType.iPad-mini-3)
iPad mini 4 (com.apple.CoreSimulator.SimDeviceType.iPad-mini-4)
iPad Air 2 (com.apple.CoreSimulator.SimDeviceType.iPad-Air-2)
iPad Pro (9.7-inch) (com.apple.CoreSimulator.SimDeviceType.iPad-Pro--9-7-inch-)
iPad Pro (12.9-inch) (1st generation) (com.apple.CoreSimulator.SimDeviceType.iPad-Pro)
iPad (5th generation) (com.apple.CoreSimulator.SimDeviceType.iPad--5th-generation-)
iPad Pro (12.9-inch) (2nd generation) (com.apple.CoreSimulator.SimDeviceType.iPad-Pro--12-9-inch---2nd-generation-)
iPad Pro (10.5-inch) (com.apple.CoreSimulator.SimDeviceType.iPad-Pro--10-5-inch-)
iPad (6th generation) (com.apple.CoreSimulator.SimDeviceType.iPad--6th-generation-)
iPad (7th generation) (com.apple.CoreSimulator.SimDeviceType.iPad--7th-generation-)
iPad Pro (11-inch) (1st generation) (com.apple.CoreSimulator.SimDeviceType.iPad-Pro--11-inch-)
iPad Pro (12.9-inch) (3rd generation) (com.apple.CoreSimulator.SimDeviceType.iPad-Pro--12-9-inch---3rd-generation-)
iPad Pro (11-inch) (2nd generation) (com.apple.CoreSimulator.SimDeviceType.iPad-Pro--11-inch---2nd-generation-)
iPad Pro (12.9-inch) (4th generation) (com.apple.CoreSimulator.SimDeviceType.iPad-Pro--12-9-inch---4th-generation-)
iPad mini (5th generation) (com.apple.CoreSimulator.SimDeviceType.iPad-mini--5th-generation-)
iPad Air (3rd generation) (com.apple.CoreSimulator.SimDeviceType.iPad-Air--3rd-generation-)
iPad (8th generation) (com.apple.CoreSimulator.SimDeviceType.iPad--8th-generation-)
iPad Air (4th generation) (com.apple.CoreSimulator.SimDeviceType.iPad-Air--4th-generation-)
Apple TV (com.apple.CoreSimulator.SimDeviceType.Apple-TV-1080p)
Apple TV 4K (com.apple.CoreSimulator.SimDeviceType.Apple-TV-4K-4K)
Apple TV 4K (at 1080p) (com.apple.CoreSimulator.SimDeviceType.Apple-TV-4K-1080p)
Apple Watch - 38mm (com.apple.CoreSimulator.SimDeviceType.Apple-Watch-38mm)
Apple Watch - 42mm (com.apple.CoreSimulator.SimDeviceType.Apple-Watch-42mm)
Apple Watch Series 2 - 38mm (com.apple.CoreSimulator.SimDeviceType.Apple-Watch-Series-2-38mm)
Apple Watch Series 2 - 42mm (com.apple.CoreSimulator.SimDeviceType.Apple-Watch-Series-2-42mm)
Apple Watch Series 3 - 38mm (com.apple.CoreSimulator.SimDeviceType.Apple-Watch-Series-3-38mm)
Apple Watch Series 3 - 42mm (com.apple.CoreSimulator.SimDeviceType.Apple-Watch-Series-3-42mm)
Apple Watch Series 4 - 40mm (com.apple.CoreSimulator.SimDeviceType.Apple-Watch-Series-4-40mm)
Apple Watch Series 4 - 44mm (com.apple.CoreSimulator.SimDeviceType.Apple-Watch-Series-4-44mm)
Apple Watch Series 5 - 40mm (com.apple.CoreSimulator.SimDeviceType.Apple-Watch-Series-5-40mm)
Apple Watch Series 5 - 44mm (com.apple.CoreSimulator.SimDeviceType.Apple-Watch-Series-5-44mm)
Apple Watch SE - 40mm (com.apple.CoreSimulator.SimDeviceType.Apple-Watch-SE-40mm)
Apple Watch SE - 44mm (com.apple.CoreSimulator.SimDeviceType.Apple-Watch-SE-44mm)
Apple Watch Series 6 - 40mm (com.apple.CoreSimulator.SimDeviceType.Apple-Watch-Series-6-40mm)
Apple Watch Series 6 - 44mm (com.apple.CoreSimulator.SimDeviceType.Apple-Watch-Series-6-44mm)
== Runtimes ==
iOS 13.7 (13.7 - 17H22) - com.apple.CoreSimulator.SimRuntime.iOS-13-7
iOS 14.0 (14.0.1 - 18A394) - com.apple.CoreSimulator.SimRuntime.iOS-14-0
iOS 14.1 (14.1 - 18A8394) - com.apple.CoreSimulator.SimRuntime.iOS-14-1
iOS 14.2 (14.2 - 18B79) - com.apple.CoreSimulator.SimRuntime.iOS-14-2
iOS 14.4 (14.4 - 18D46) - com.apple.CoreSimulator.SimRuntime.iOS-14-4
tvOS 13.4 (13.4 - 17L255) - com.apple.CoreSimulator.SimRuntime.tvOS-13-4
tvOS 14.2 (14.2 - 18K54) - com.apple.CoreSimulator.SimRuntime.tvOS-14-2
tvOS 14.3 (14.3 - 18K559) - com.apple.CoreSimulator.SimRuntime.tvOS-14-3
watchOS 6.2 (6.2.1 - 17T531) - com.apple.CoreSimulator.SimRuntime.watchOS-6-2
watchOS 7.1 (7.1 - 18R579) - com.apple.CoreSimulator.SimRuntime.watchOS-7-1
watchOS 7.2 (7.2 - 18S561) - com.apple.CoreSimulator.SimRuntime.watchOS-7-2
== Devices ==
-- iOS 13.7 --
    iPhone 8 (88AFF615-7567-4C17-98EF-E77DA94A93F1) (Shutdown) 
    iPhone 8 Plus (11B255B3-9324-4591-B21D-B15956C72933) (Shutdown) 
    iPhone 11 (82309141-56F4-4C4F-A2C5-4304AFE4823E) (Shutdown) 
    iPhone 11 Pro (289322CC-7464-4900-BE6F-3457C04A2AA3) (Shutdown) 
    iPhone 11 Pro Max (410C5011-C364-4C8C-A65B-C487B356CFDE) (Shutdown) 
    iPhone SE (2nd generation) (13B1EC11-1E65-45EC-90E1-2C51F48ECF41) (Shutdown) 
    iPad Pro (9.7-inch) (186DD1BA-FECB-47CD-8EFF-26CAA0F385DD) (Shutdown) 
    iPad (7th generation) (AC996C19-8240-49DB-BC41-2CBD04507E93) (Shutdown) 
    iPad Pro (11-inch) (2nd generation) (6675254E-6780-4F7F-A199-00BE609066D7) (Shutdown) 
    iPad Pro (12.9-inch) (4th generation) (288AF28F-8B5B-449C-96F6-63D6072CF9FF) (Shutdown) 
    iPad Air (3rd generation) (1CA17920-E7B3-4A41-905E-A3B052F8A5D4) (Shutdown) 
-- iOS 14.0 --
    iPhone 8 (77C105F4-97B5-4E2B-8379-D023175843A0) (Shutdown) 
    iPhone 8 Plus (A49F3C0D-3E56-474B-9A75-F29DC701A2C0) (Shutdown) 
    iPhone 11 (E427B79F-2D09-41AC-AEC0-856C42706776) (Shutdown) 
    iPhone 11 Pro (03EEC104-1672-4807-9D8E-150464FBA1D4) (Shutdown) 
    iPhone 11 Pro Max (D8C11941-51D0-4478-805C-67DFD53798FF) (Shutdown) 
    iPhone SE (2nd generation) (75E3061A-A2AC-4F89-AEC3-7BBCA0A40312) (Shutdown) 
    iPod touch (7th generation) (AA05C590-9C5E-44D5-837D-4826EC11EC7E) (Shutdown) 
    iPad Pro (9.7-inch) (B25A90F6-3F4A-4ED8-BAA4-A6735BF3E749) (Shutdown) 
    iPad Pro (11-inch) (2nd generation) (CA8EF398-5528-45D1-ADC8-9CE9E3BDA7AC) (Shutdown) 
    iPad Pro (12.9-inch) (4th generation) (4462B1CE-76F8-4E73-9C0C-0BAFE47084EE) (Shutdown) 
    iPad (8th generation) (119322EC-5672-4DFD-A233-411BB15BF58D) (Shutdown) 
    iPad Air (4th generation) (3C385DF6-2378-46C1-A31C-8588A8990B86) (Shutdown) 
-- iOS 14.1 --
    iPhone 8 (E2ECEC58-2335-4B0A-B498-8E7C5B60CD22) (Shutdown) 
    iPhone 8 Plus (E8A08B51-3AE3-4C54-B9BB-C5729DCA06F9) (Shutdown) 
    iPhone 11 (67B0C81D-06DE-46BE-AA4B-DBFAC8F893B1) (Shutdown) 
    iPhone 11 Pro (CC9AA008-03EE-4382-ADEB-2DFFE050FC1B) (Shutdown) 
    iPhone 11 Pro Max (90C9B21B-CA78-4AE4-A36F-F897AC2C9018) (Shutdown) 
    iPhone SE (2nd generation) (8EAEDB3A-DC40-442A-9686-1F2819ACB2EB) (Shutdown) 
    iPhone 12 mini (5FFA573E-3607-4E4C-8D67-1FC7D02F928E) (Shutdown) 
    iPhone 12 (BC7C987A-FC12-4CDE-955D-E37D2E60EBC4) (Shutdown) 
    iPhone 12 Pro (84E570AB-9977-4976-9FB5-54FEC5E89BA9) (Shutdown) 
    iPhone 12 Pro Max (7E70EEB1-9833-4B58-9A6E-9861848524FD) (Shutdown) 
    iPod touch (7th generation) (99A516FE-FACA-4E4F-9A1F-A0EB76B0CEC6) (Shutdown) 
    iPad Pro (9.7-inch) (FCF7BB76-C859-4676-9DCD-66C8898A70BD) (Shutdown) 
    iPad Pro (11-inch) (2nd generation) (C73EED06-BD6E-438D-8106-FC383358C461) (Shutdown) 
    iPad Pro (12.9-inch) (4th generation) (8059C4A6-2288-4356-9AB8-A8A73293D3F6) (Shutdown) 
    iPad (8th generation) (C1AB72DE-57CC-4FFC-9D74-47B88D255D5A) (Shutdown) 
    iPad Air (4th generation) (CDE74589-7646-4617-A680-660EBE466004) (Shutdown) 
-- iOS 14.2 --
    iPhone 8 (5F95CDF0-E3CD-4548-8997-0AECB6717DCD) (Shutdown) 
    iPhone 8 Plus (29B18C62-2D11-4C19-A744-29383BE5961E) (Shutdown) 
    iPhone 11 (67C3817A-FCE4-4198-AA16-31A536335EFC) (Shutdown) 
    iPhone 11 Pro (3DDA865B-DBA8-408A-AAC9-A92239581C49) (Shutdown) 
    iPhone 11 Pro Max (B977C0D9-85F5-488A-800D-FCD0629494E2) (Shutdown) 
    iPhone SE (2nd generation) (BB926CAB-815A-48B2-9B55-3D17D0AD9C72) (Shutdown) 
    iPhone 12 mini (63F1F3F2-38A0-4113-BD08-A50DD36A5CE4) (Shutdown) 
    iPhone 12 (054BC1ED-F9A1-48DC-A5EA-B6826A7D9C68) (Shutdown) 
    iPhone 12 Pro (6DAC67F3-309E-4BEC-BE36-CA11A5340A20) (Shutdown) 
    iPhone 12 Pro Max (1EC619EA-8968-4F74-830E-686F3697E4DA) (Shutdown) 
    iPod touch (7th generation) (50E0BF7C-9FD0-4486-A52A-06E7A018EF27) (Shutdown) 
    iPad Pro (9.7-inch) (11B9A6B4-96EA-4FD4-ABC7-200DC416F0F4) (Shutdown) 
    iPad Pro (11-inch) (2nd generation) (3134B948-2574-4EB0-9900-01692CB340DD) (Shutdown) 
    iPad Pro (12.9-inch) (4th generation) (220BD3FE-D644-489C-9240-C809884B2220) (Shutdown) 
    iPad (8th generation) (CE3E220E-5F52-41F7-B8BC-AD149C166A33) (Shutdown) 
    iPad Air (4th generation) (3D7AD0CA-9FED-42F7-B862-1E7FEFBD8397) (Shutdown) 
-- iOS 14.4 --
    iPhone 8 (B45DC22B-226B-4784-AAD1-CF2524B6D754) (Shutdown) 
    iPhone 8 Plus (E2CB2387-73CA-4F8B-AF04-5A18742272CA) (Shutdown) 
    iPhone 11 (3C22E83E-1819-4382-A857-AE574C38C599) (Shutdown) 
    iPhone 11 Pro (7E7DCB24-8023-4B0E-878E-8D9200CB0FA9) (Shutdown) 
    iPhone 11 Pro Max (7B671807-84D7-4904-B08A-C5AEDC079D1D) (Shutdown) 
    iPhone SE (2nd generation) (C2DB7EC4-32AB-4599-971A-6134D64E98FA) (Shutdown) 
    iPhone 12 mini (BF80FDD5-3DA4-4846-8676-8A4BAD741C01) (Shutdown) 
    iPhone 12 (FC94FD28-E44E-4D25-B713-3CE3BBE283F1) (Shutdown) 
    iPhone 12 Pro (5334716C-1A37-4223-8B8B-65AF6F624502) (Shutdown) 
    iPhone 12 Pro Max (15BB95EC-442E-4162-B825-02C31C92AFEB) (Shutdown) 
    iPod touch (7th generation) (EF76B575-28D7-4249-80A5-70D5D91DC8C7) (Shutdown) 
    iPad Pro (9.7-inch) (2F63CA1C-7982-4EA9-A0DA-A7C3E3972BC9) (Shutdown) 
    iPad Pro (11-inch) (2nd generation) (AF5B67BB-2D01-456D-B1CD-D51EEC412180) (Shutdown) 
    iPad Pro (12.9-inch) (4th generation) (8CB7B593-A244-437B-B874-CA04CF7A1F5C) (Shutdown) 
    iPad (8th generation) (FC22D445-AC01-48FD-AD91-DDC31B159E94) (Shutdown) 
    iPad Air (4th generation) (4ACA9188-B4F9-441E-9ECE-A065705F0A05) (Shutdown) 
-- tvOS 13.4 --
    Apple TV (A4B0E1B1-33A0-4683-AA8B-1DCF9D0958D0) (Shutdown) 
    Apple TV 4K (FAAB574D-61BB-489F-B65B-21AA0022E650) (Shutdown) 
    Apple TV 4K (at 1080p) (F2F2BD59-DCA9-45C8-9F19-40970CB7BF81) (Shutdown) 
-- tvOS 14.2 --
    Apple TV (7532442F-98E6-4506-9001-17D6DC949EB5) (Shutdown) 
    Apple TV 4K (395840BE-B1E0-4F74-86D4-D11966EF9193) (Shutdown) 
    Apple TV 4K (at 1080p) (5B0AD0B0-EB08-40F5-A696-58F2414FF30F) (Shutdown) 
-- tvOS 14.3 --
    Apple TV (018A21DA-F769-4BB5-A72F-5C8D4D725164) (Shutdown) 
    Apple TV 4K (6341E602-8DB5-4F8F-A170-897E45B59DC9) (Shutdown) 
    Apple TV 4K (at 1080p) (0E79F973-FC4A-442E-8F24-D82D5E0076DC) (Shutdown) 
-- watchOS 6.2 --
    Apple Watch Series 4 - 40mm (BCA2075B-1E32-4364-9DDA-EC3CB33B39DD) (Shutdown) 
    Apple Watch Series 4 - 44mm (A4D993A0-DBF6-47F3-9634-858F99D30B70) (Shutdown) 
    Apple Watch Series 5 - 40mm (276D3E7B-DB73-4F56-AC45-FF3B9FB9F6B6) (Shutdown) 
    Apple Watch Series 5 - 44mm (258B5E5B-B024-4D58-B3B0-75095B4E80B0) (Shutdown) 
-- watchOS 7.1 --
    Apple Watch Series 5 - 40mm (ACEFE520-7495-40B4-8100-EFCE0091E593) (Shutdown) 
    Apple Watch Series 5 - 44mm (2D7390A2-206B-4B28-913A-DB7602BAC4FE) (Shutdown) 
    Apple Watch Series 6 - 40mm (19334D49-B7F1-41A8-AC16-F91C02B704EA) (Shutdown) 
    Apple Watch Series 6 - 44mm (048456B7-11B6-4ABF-8741-10104F1F6957) (Shutdown) 
-- watchOS 7.2 --
    Apple Watch Series 5 - 40mm (E215AE16-6B1A-455A-9ABE-F14730EE866B) (Shutdown) 
    Apple Watch Series 5 - 44mm (D32573CD-4303-475A-BBFE-BF424E92AA42) (Shutdown) 
    Apple Watch Series 6 - 40mm (B94B1B27-65F0-4588-96B2-CFF7C4650AD3) (Shutdown) 
    Apple Watch Series 6 - 44mm (807E73D0-588C-4C96-BD21-8D1E4544D30A) (Shutdown) 
== Device Pairs ==
5D6C7D58-38D3-409B-A41B-2270A0F89D1C (active, disconnected)
    Watch: Apple Watch Series 5 - 40mm (E215AE16-6B1A-455A-9ABE-F14730EE866B) (Shutdown)
    Phone: iPhone 12 mini (BF80FDD5-3DA4-4846-8676-8A4BAD741C01) (Shutdown)
B1D1740B-F295-4AD1-AD01-5A7E1DC76C7B (active, disconnected)
    Watch: Apple Watch Series 5 - 44mm (D32573CD-4303-475A-BBFE-BF424E92AA42) (Shutdown)
    Phone: iPhone 12 (FC94FD28-E44E-4D25-B713-3CE3BBE283F1) (Shutdown)
0B7C1887-F6BF-4B77-8E46-6772712B5087 (active, disconnected)
    Watch: Apple Watch Series 6 - 40mm (B94B1B27-65F0-4588-96B2-CFF7C4650AD3) (Shutdown)
    Phone: iPhone 12 Pro (5334716C-1A37-4223-8B8B-65AF6F624502) (Shutdown)
A84E9B93-0177-453F-BACD-35C649D6FAAD (active, disconnected)
    Watch: Apple Watch Series 6 - 44mm (807E73D0-588C-4C96-BD21-8D1E4544D30A) (Shutdown)
    Phone: iPhone 12 Pro Max (15BB95EC-442E-4162-B825-02C31C92AFEB) (Shutdown)

========================================


=== OS X info =========================

* sw_vers
ProductName:	Mac OS X
ProductVersion:	10.15.7
BuildVersion:	19H2

* system_profiler SPSoftwareDataType
Software:

    System Software Overview:

      System Version: macOS 10.15.7 (19H2)
      Kernel Version: Darwin 19.6.0
      Boot Volume: Macintosh HD
      Boot Mode: Normal
      Computer Name: vm-osx-xcode-12.4.x-g2.4core-087e9adb-87ba-438c-96f1-a1d5d8825567
      User Name: vagrant (vagrant)
      Secure Virtual Memory: Enabled
      System Integrity Protection: Disabled
      Time since boot: 12 minutes


========================================


=== System infos =======================
* Free disk space:
    Filesystem         Size        Avail
  /dev/disk1s5        300Gi        161Gi
========================================

--- Android

* ANDROID_HOME (/usr/local/share/android-sdk) content:
add-ons
build-tools
cmdline-tools
emulator
extras
licenses
patcher
platform-tools
platforms
system-images
tools

* ANDROID_NDK_HOME (/opt/android-ndk/android-ndk-r21) content:
CHANGELOG.md
NOTICE
NOTICE.toolchain
README.md
build
meta
ndk-build
ndk-gdb
ndk-stack
ndk-which
platforms
prebuilt
python-packages
shader-tools
simpleperf
source.properties
sources
sysroot
toolchains
wrap.sh

* Android NDK Version:
Pkg.Desc = Android NDK
Pkg.Revision = 21.0.6113669

* platform-tools content:
NOTICE.txt
adb
api
dmtracedump
e2fsdroid
etc1tool
fastboot
hprof-conv
lib64
make_f2fs
make_f2fs_casefold
mke2fs
mke2fs.conf
package.xml
sload_f2fs
source.properties
sqlite3
systrace

* build-tools content:
17.0.0
19.1.0
21.1.2
22.0.1
23.0.3
24.0.3
25.0.3
26.0.1
26.0.2
27.0.0
27.0.1
27.0.2
27.0.3
28.0.0
28.0.1
28.0.2
28.0.3
29.0.0
29.0.1
29.0.2
29.0.3
30.0.0

* extras content:
/usr/local/share/android-sdk/extras
├── android
│   └── m2repository
├── google
│   ├── google_play_services
│   └── m2repository
└── m2repository
    └── com

7 directories, 0 files

* platforms content:
android-15
android-17
android-19
android-21
android-22
android-23
android-24
android-25
android-26
android-27
android-28
android-29
android-30

* system-images content:
/usr/local/share/android-sdk/system-images
├── android-26
│   └── google_apis
│       └── x86
├── android-28
│   └── google_apis
│       └── x86_64
├── android-29
│   └── google_apis
│       └── x86
└── android-30
    └── google_apis
        └── x86

12 directories, 0 files

========================================


=== Android APK tools ==================

* aapt2:

========================================


=== Environment infos =======================
MATCH_KEYCHAIN_PASSWORD environment set
========================================


=== Control tests ======================
source $HOME/.bash_profile ...
source $HOME/.bash_profile - PASSED
========================================

