 (i) Ignore Errors: enabled

#
# This System Report was generated by: https://github.com/bitrise-io/osx-box-bootstrap/blob/master/system_report.sh
#  Pull Requests are welcome!
#


=== Revision / ID ======================
* BITRISE_OSX_STACK_REV_ID: v2020_02_12_1
========================================


=== Pre-installed tool versions ========
* Go: go version go1.13.8 darwin/amd64
* Python: Python 2.7.16
* Node.js: v10.19.0
* NPM: 6.13.7
* Yarn: 1.22.0
* Java: openjdk version "1.8.0_242"
OpenJDK Runtime Environment (AdoptOpenJDK)(build 1.8.0_242-b08)
OpenJDK 64-Bit Server VM (AdoptOpenJDK)(build 25.242-b08, mixed mode)
* Flutter: Flutter 1.12.13+hotfix.5 • channel stable • https://github.com/flutter/flutter.git

* git: git version 2.25.0
* git lfs: git-lfs/2.10.0 (GitHub; darwin amd64; go 1.13.6)
* mercurial/hg: Mercurial Distributed SCM (version 5.3)
* curl: curl 7.64.1 (x86_64-apple-darwin19.0) libcurl/7.64.1 (SecureTransport) LibreSSL/2.8.3 zlib/1.2.11 nghttp2/1.39.2
* wget: GNU Wget 1.20.3 built on darwin19.0.0.
* rsync: rsync  version 2.6.9  protocol version 29
* unzip: UnZip 6.00 of 20 April 2009, by Info-ZIP.  Maintained by C. Spieler.  Send
* zip: This is Zip 3.0 (July 5th 2008), by Info-ZIP.
* tar: bsdtar 3.3.2 - libarchive 3.3.2 zlib/1.2.11 liblzma/5.0.5 bz2lib/1.0.6
* tree: tree v1.8.0 (c) 1996 - 2018 by Steve Baker, Thomas Moore, Francesc Rocher, Florian Sesser, Kyosuke Tokoro 

* brew: Homebrew 2.2.6
Homebrew/homebrew-core (git revision b34221; last commit 2020-02-24)
Homebrew/homebrew-cask (git revision 4e9bd; last commit 2020-02-25)
* Ansible: ansible 2.9.4
  configured module search path = ['/Users/vagrant/.ansible/plugins/modules', '/usr/share/ansible/plugins/modules']
  ansible python module location = /usr/local/Cellar/ansible/2.9.4_1/libexec/lib/python3.8/site-packages/ansible
  executable location = /usr/local/bin/ansible
* gtimeout: timeout (GNU coreutils) 8.31
* watchman: 4.9.0
* flow: Flow, a static type checker for JavaScript, version 0.119.0
* carthage: 0.34.0
* imagemagick (convert): Version: ImageMagick 7.0.9-23 Q16 x86_64 2020-02-16 https://imagemagick.org
* ghostscript (ps2ascii): 9.50
* screen: Screen version 4.08.00 (GNU) 05-Feb-20
* firebase: ]0;Firebase CLI7.13.1
./system_report.sh: line 75: wine: command not found
* wine: 

--- Bitrise CLI tool versions
* bitrise: 1.39.0
* stepman: 0.12.0
* envman: 2.2.11
* cmd-bridge: 0.9.5
========================================


=== Brew list versions ==================
ansible 2.9.4_1
ant 1.10.7_1
autoconf 2.69
carthage 0.34.0
coreutils 8.31
flow 0.119.0
freetype 2.10.1
gdbm 1.18.1
gettext 0.20.1
ghostscript 9.50
git 2.25.0_1
git-lfs 2.10.0
glib 2.62.5
go 1.13.8
gradle 6.2
icu4c 64.2
ilmbase 2.4.0
imagemagick 7.0.9-23
jenv 0.5.2
jpeg 9d
libde265 1.0.5
libffi 3.2.1
libheif 1.6.2_1
libidn2 2.3.0
libomp 9.0.1
libpng 1.6.37
libtiff 4.1.0
libtool 2.4.6_1
libunistring 0.9.10
libyaml 0.2.2
little-cms2 2.9
maven 3.6.3_1
mercurial 5.3
node 13.8.0
node@10 10.19.0
openexr 2.4.0
openjdk 13.0.2+8_2
openjpeg 2.3.1
openssl@1.1 1.1.1d
pcre 8.44
pcre2 10.34
pkg-config 0.29.2
python 3.7.6_1
python@3.8 3.8.1
rbenv 1.1.2
readline 8.0.4
ruby-build 20200218
screen 4.8.0
shared-mime-info 1.15
sqlite 3.31.1
tree 1.8.0
watchman 4.9.0_3
webp 1.1.0
wget 1.20.3_2
x265 3.3
xz 5.2.4
yarn 1.22.0
========================================


=== Brew deps tree ==================
ansible
├── libyaml
├── openssl@1.1
├── gdbm
├── readline
├── sqlite
│   └── readline
├── xz
└── python@3.8
    ├── gdbm
    ├── openssl@1.1
    ├── readline
    ├── sqlite
    │   └── readline
    └── xz

ant
└── openjdk

autoconf

carthage

coreutils

flow

freetype
└── libpng

gdbm

gettext

ghostscript
├── jpeg
└── libtiff
    └── jpeg

git
├── gettext
└── pcre2

git-lfs

glib
├── gettext
├── libffi
├── pcre
├── gdbm
├── openssl@1.1
├── readline
├── sqlite
│   └── readline
├── xz
└── python
    ├── gdbm
    ├── openssl@1.1
    ├── readline
    ├── sqlite
    │   └── readline
    └── xz

go

gradle
└── openjdk

icu4c

ilmbase

imagemagick
├── libpng
├── freetype
│   └── libpng
├── jpeg
├── libde265
├── gettext
├── libffi
├── pcre
├── gdbm
├── openssl@1.1
├── readline
├── sqlite
│   └── readline
├── xz
├── python
│   ├── gdbm
│   ├── openssl@1.1
│   ├── readline
│   ├── sqlite
│   │   └── readline
│   └── xz
├── glib
│   ├── gettext
│   ├── libffi
│   ├── pcre
│   ├── gdbm
│   ├── openssl@1.1
│   ├── readline
│   ├── sqlite
│   │   └── readline
│   ├── xz
│   └── python
│       ├── gdbm
│       ├── openssl@1.1
│       ├── readline
│       ├── sqlite
│       │   └── readline
│       └── xz
├── shared-mime-info
│   ├── gettext
│   ├── libffi
│   ├── pcre
│   ├── gdbm
│   ├── openssl@1.1
│   ├── readline
│   ├── sqlite
│   │   └── readline
│   ├── xz
│   ├── python
│   │   ├── gdbm
│   │   ├── openssl@1.1
│   │   ├── readline
│   │   ├── sqlite
│   │   │   └── readline
│   │   └── xz
│   └── glib
│       ├── gettext
│       ├── libffi
│       ├── pcre
│       ├── gdbm
│       ├── openssl@1.1
│       ├── readline
│       ├── sqlite
│       │   └── readline
│       ├── xz
│       └── python
│           ├── gdbm
│           ├── openssl@1.1
│           ├── readline
│           ├── sqlite
│           │   └── readline
│           └── xz
├── x265
├── libheif
│   ├── jpeg
│   ├── libde265
│   ├── libpng
│   ├── gettext
│   ├── libffi
│   ├── pcre
│   ├── gdbm
│   ├── openssl@1.1
│   ├── readline
│   ├── sqlite
│   │   └── readline
│   ├── xz
│   ├── python
│   │   ├── gdbm
│   │   ├── openssl@1.1
│   │   ├── readline
│   │   ├── sqlite
│   │   │   └── readline
│   │   └── xz
│   ├── glib
│   │   ├── gettext
│   │   ├── libffi
│   │   ├── pcre
│   │   ├── gdbm
│   │   ├── openssl@1.1
│   │   ├── readline
│   │   ├── sqlite
│   │   │   └── readline
│   │   ├── xz
│   │   └── python
│   │       ├── gdbm
│   │       ├── openssl@1.1
│   │       ├── readline
│   │       ├── sqlite
│   │       │   └── readline
│   │       └── xz
│   ├── shared-mime-info
│   │   ├── gettext
│   │   ├── libffi
│   │   ├── pcre
│   │   ├── gdbm
│   │   ├── openssl@1.1
│   │   ├── readline
│   │   ├── sqlite
│   │   │   └── readline
│   │   ├── xz
│   │   ├── python
│   │   │   ├── gdbm
│   │   │   ├── openssl@1.1
│   │   │   ├── readline
│   │   │   ├── sqlite
│   │   │   │   └── readline
│   │   │   └── xz
│   │   └── glib
│   │       ├── gettext
│   │       ├── libffi
│   │       ├── pcre
│   │       ├── gdbm
│   │       ├── openssl@1.1
│   │       ├── readline
│   │       ├── sqlite
│   │       │   └── readline
│   │       ├── xz
│   │       └── python
│   │           ├── gdbm
│   │           ├── openssl@1.1
│   │           ├── readline
│   │           ├── sqlite
│   │           │   └── readline
│   │           └── xz
│   └── x265
├── libomp
├── libtiff
│   └── jpeg
├── libtool
├── little-cms2
│   ├── jpeg
│   └── libtiff
│       └── jpeg
├── ilmbase
├── openexr
│   └── ilmbase
├── openjpeg
│   ├── libpng
│   ├── jpeg
│   ├── libtiff
│   │   └── jpeg
│   └── little-cms2
│       ├── jpeg
│       └── libtiff
│           └── jpeg
└── webp
    ├── jpeg
    ├── libpng
    └── libtiff
        └── jpeg

jenv

jpeg

libde265

libffi

libheif
├── jpeg
├── libde265
├── libpng
├── gettext
├── libffi
├── pcre
├── gdbm
├── openssl@1.1
├── readline
├── sqlite
│   └── readline
├── xz
├── python
│   ├── gdbm
│   ├── openssl@1.1
│   ├── readline
│   ├── sqlite
│   │   └── readline
│   └── xz
├── glib
│   ├── gettext
│   ├── libffi
│   ├── pcre
│   ├── gdbm
│   ├── openssl@1.1
│   ├── readline
│   ├── sqlite
│   │   └── readline
│   ├── xz
│   └── python
│       ├── gdbm
│       ├── openssl@1.1
│       ├── readline
│       ├── sqlite
│       │   └── readline
│       └── xz
├── shared-mime-info
│   ├── gettext
│   ├── libffi
│   ├── pcre
│   ├── gdbm
│   ├── openssl@1.1
│   ├── readline
│   ├── sqlite
│   │   └── readline
│   ├── xz
│   ├── python
│   │   ├── gdbm
│   │   ├── openssl@1.1
│   │   ├── readline
│   │   ├── sqlite
│   │   │   └── readline
│   │   └── xz
│   └── glib
│       ├── gettext
│       ├── libffi
│       ├── pcre
│       ├── gdbm
│       ├── openssl@1.1
│       ├── readline
│       ├── sqlite
│       │   └── readline
│       ├── xz
│       └── python
│           ├── gdbm
│           ├── openssl@1.1
│           ├── readline
│           ├── sqlite
│           │   └── readline
│           └── xz
└── x265

libidn2
├── gettext
└── libunistring

libomp

libpng

libtiff
└── jpeg

libtool

libunistring

libyaml

little-cms2
├── jpeg
└── libtiff
    └── jpeg

maven
└── openjdk

mercurial
├── gdbm
├── openssl@1.1
├── readline
├── sqlite
│   └── readline
├── xz
└── python
    ├── gdbm
    ├── openssl@1.1
    ├── readline
    ├── sqlite
    │   └── readline
    └── xz

node
└── icu4c

node@10
└── icu4c

openexr
└── ilmbase

openjdk

openjpeg
├── libpng
├── jpeg
├── libtiff
│   └── jpeg
└── little-cms2
    ├── jpeg
    └── libtiff
        └── jpeg

openssl@1.1

pcre

pcre2

pkg-config

python
├── gdbm
├── openssl@1.1
├── readline
├── sqlite
│   └── readline
└── xz

python@3.8
├── gdbm
├── openssl@1.1
├── readline
├── sqlite
│   └── readline
└── xz

rbenv
├── autoconf
├── pkg-config
├── readline
└── ruby-build
    ├── autoconf
    ├── pkg-config
    └── readline

readline

ruby-build
├── autoconf
├── pkg-config
└── readline

screen

shared-mime-info
├── gettext
├── libffi
├── pcre
├── gdbm
├── openssl@1.1
├── readline
├── sqlite
│   └── readline
├── xz
├── python
│   ├── gdbm
│   ├── openssl@1.1
│   ├── readline
│   ├── sqlite
│   │   └── readline
│   └── xz
└── glib
    ├── gettext
    ├── libffi
    ├── pcre
    ├── gdbm
    ├── openssl@1.1
    ├── readline
    ├── sqlite
    │   └── readline
    ├── xz
    └── python
        ├── gdbm
        ├── openssl@1.1
        ├── readline
        ├── sqlite
        │   └── readline
        └── xz

sqlite
└── readline

tree

watchman
├── openssl@1.1
├── pcre
├── gdbm
├── readline
├── sqlite
│   └── readline
├── xz
└── python
    ├── gdbm
    ├── openssl@1.1
    ├── readline
    ├── sqlite
    │   └── readline
    └── xz

webp
├── jpeg
├── libpng
└── libtiff
    └── jpeg

wget
├── gettext
├── libunistring
├── libidn2
│   ├── gettext
│   └── libunistring
└── openssl@1.1

x265

xz

yarn
├── icu4c
└── node
    └── icu4c

========================================


=== Ruby and rubygems ==================
* Ruby (default): ruby 2.6.5p114 (2019-10-01 revision 67812) [x86_64-darwin19]
--- Available ruby versions ---
  system
  2.4.5
  2.5.3
* 2.6.5 (set by /Users/vagrant/.rbenv/version)
-------------------------------
* rbenv: 1.1.2
* Rubygems: 3.1.2
* Bundler: Bundler version 2.1.2
* CocoaPods: 1.8.4
* xcpretty: 0.3.0
* Nomad CLI: 3.1.2
* Nomad CLI IPA / Shenzhen: ipa 0.14.3
========================================


=== All Ruby GEMs ======================
activesupport (4.2.11.1)
addressable (2.7.0)
algoliasearch (1.27.1)
atomos (0.1.3)
aws-sdk (1.67.0)
aws-sdk-v1 (1.67.0)
babosa (1.0.3)
bigdecimal (default: 1.4.1)
bundler (default: 2.1.2)
certified (1.0.0)
CFPropertyList (3.0.2)
claide (1.0.3)
cmath (default: 1.0.0)
cocoapods (1.8.4)
cocoapods-core (1.8.4)
cocoapods-deintegrate (1.0.4)
cocoapods-downloader (1.3.0)
cocoapods-plugins (1.0.0)
cocoapods-search (1.0.0)
cocoapods-stats (1.1.0)
cocoapods-trunk (1.4.1)
cocoapods-try (1.1.0)
colored (1.2)
colored2 (3.1.2)
commander (4.5.0)
commander-fastlane (4.4.6)
concurrent-ruby (1.1.6)
csv (default: 3.0.9)
cupertino (1.3.4)
date (default: 2.0.0)
dbm (default: 1.0.0)
declarative (0.0.10)
declarative-option (0.1.0)
did_you_mean (1.3.0)
digest-crc (0.4.1)
domain_name (0.5.20190701)
dotenv (2.7.5)
dubai (0.2.0)
e2mmap (default: 0.1.0)
emoji_regex (1.0.1)
escape (0.0.4)
etc (default: 1.0.1)
excon (0.72.0)
faraday (0.17.3)
faraday-cookie_jar (0.0.6)
faraday_middleware (0.14.0, 0.13.1)
fastimage (2.1.7)
fastlane (2.142.0)
fcntl (default: 1.0.0)
fiddle (default: 1.0.0)
fileutils (default: 1.1.0)
forwardable (default: 1.2.0)
fourflusher (2.3.1)
fuzzy_match (2.0.4)
gdbm (default: 2.0.0)
gh_inspector (1.1.3)
google-api-client (0.36.4)
google-cloud-core (1.5.0)
google-cloud-env (1.3.0)
google-cloud-errors (1.0.0)
google-cloud-storage (1.25.1)
googleauth (0.10.0)
highline (2.0.3, 1.7.10)
houston (2.4.0)
http-cookie (1.0.3)
httpclient (2.8.3)
i18n (0.9.5)
io-console (default: 0.4.7)
ipaddr (default: 1.2.2)
irb (default: 1.0.0)
json (default: 2.1.0, 1.8.6)
jwt (2.1.0)
logger (default: 1.3.0)
matrix (default: 0.1.0)
mechanize (2.5.1)
memoist (0.16.2)
mime-types (1.25.1)
mini_magick (4.10.1)
mini_mime (1.0.2)
mini_portile2 (2.1.0)
minitest (5.11.3)
molinillo (0.6.6)
multi_json (1.14.1)
multi_xml (0.6.0)
multipart-post (2.1.1, 2.0.0)
mutex_m (default: 0.1.0)
nanaimo (0.2.6)
nap (1.1.0)
naturally (2.2.0)
net-http-digest_auth (1.4.1)
net-http-persistent (2.9.4)
net-sftp (2.1.2)
net-ssh (5.2.0)
net-telnet (0.2.0)
netrc (0.11.0)
nokogiri (1.6.8.1)
nomad-cli (0.0.2)
ntlm-http (0.1.1)
openssl (default: 2.1.2)
os (1.0.1)
ostruct (default: 0.1.0)
plist (3.1.0)
power_assert (1.1.3)
prime (default: 0.1.0)
psych (default: 3.1.0)
public_suffix (2.0.5)
rack (1.6.13)
rack-protection (1.5.5)
rake (12.3.2)
rdoc (default: 6.1.2)
representable (3.0.4)
retriable (3.1.2)
rexml (default: 3.1.9)
rouge (2.0.7)
rss (default: 0.2.7)
ruby-macho (1.4.0)
rubygems-update (3.1.2)
rubyzip (1.3.0)
scanf (default: 1.0.0)
sdbm (default: 1.0.0)
security (0.1.3)
shell (default: 0.7)
shenzhen (0.14.3)
signet (0.12.0)
simctl (1.6.8)
sinatra (1.4.8)
slack-notifier (2.3.2)
stringio (default: 0.0.2)
strscan (default: 1.0.0)
sync (default: 0.5.0)
term-ansicolor (1.0.7)
terminal-notifier (2.0.0)
terminal-table (1.4.5)
test-unit (3.2.9)
thread_safe (0.3.6)
thwait (default: 0.1.0)
tilt (2.0.10)
tracer (default: 0.1.0)
tty-cursor (0.7.1)
tty-screen (0.7.1)
tty-spinner (0.9.3)
tzinfo (1.2.6)
uber (0.1.0)
unf (0.1.4)
unf_ext (0.0.7.6)
venice (0.6.0)
webrick (default: 1.4.2)
webrobots (0.1.2)
word_wrap (1.0.0)
xcode-install (2.6.3)
xcodeproj (1.15.0)
xcpretty (0.3.0)
xcpretty-travis-formatter (1.0.0)
xmlrpc (0.3.0)
zlib (default: 1.0.0)
========================================


=== NPM global packages ==========================
* Cordova: 9.0.0 (cordova-lib@9.0.1)
* Ionic: 6.1.0
========================================


=== Checking Xcode CLT dirs ============

 * ls -1 /Library/Developer/CommandLineTools/
Library
SDKs
usr

 * /Library/Developer/CommandLineTools/usr/bin/swift --version
Apple Swift version 5.1.3 (swiftlang-1100.0.282.1 clang-1100.0.33.15)
Target: x86_64-apple-darwin19.3.0

========================================


=== Xcode ==============================

* Active Xcode Command Line Tools:
/Applications/Xcode-beta.app/Contents/Developer

* Xcode Version:
Xcode 11.4
Build version 11N123k

* /usr/bin/swift --version
Apple Swift version 5.2 (swiftlang-1103.0.25.1 clang-1103.2.32.5)
Target: x86_64-apple-darwin19.3.0

* Installed SDKs:
iOS SDKs:
	iOS 13.4                      	-sdk iphoneos13.4

iOS Simulator SDKs:
	Simulator - iOS 13.4          	-sdk iphonesimulator13.4

macOS SDKs:
	DriverKit 19.0                	-sdk driverkit.macosx19.0
	macOS 10.15                   	-sdk macosx10.15

tvOS SDKs:
	tvOS 13.4                     	-sdk appletvos13.4

tvOS Simulator SDKs:
	Simulator - tvOS 13.4         	-sdk appletvsimulator13.4

watchOS SDKs:
	watchOS 6.2                   	-sdk watchos6.2

watchOS Simulator SDKs:
	Simulator - watchOS 6.2       	-sdk watchsimulator6.2


* Available Simulators:
== Device Types ==
iPhone 4s (com.apple.CoreSimulator.SimDeviceType.iPhone-4s)
iPhone 5 (com.apple.CoreSimulator.SimDeviceType.iPhone-5)
iPhone 5s (com.apple.CoreSimulator.SimDeviceType.iPhone-5s)
iPhone 6 Plus (com.apple.CoreSimulator.SimDeviceType.iPhone-6-Plus)
iPhone 6 (com.apple.CoreSimulator.SimDeviceType.iPhone-6)
iPhone 6s (com.apple.CoreSimulator.SimDeviceType.iPhone-6s)
iPhone 6s Plus (com.apple.CoreSimulator.SimDeviceType.iPhone-6s-Plus)
iPhone SE (com.apple.CoreSimulator.SimDeviceType.iPhone-SE)
iPhone 7 (com.apple.CoreSimulator.SimDeviceType.iPhone-7)
iPhone 7 Plus (com.apple.CoreSimulator.SimDeviceType.iPhone-7-Plus)
iPhone 8 (com.apple.CoreSimulator.SimDeviceType.iPhone-8)
iPhone 8 Plus (com.apple.CoreSimulator.SimDeviceType.iPhone-8-Plus)
iPhone X (com.apple.CoreSimulator.SimDeviceType.iPhone-X)
iPhone Xs (com.apple.CoreSimulator.SimDeviceType.iPhone-XS)
iPhone Xs Max (com.apple.CoreSimulator.SimDeviceType.iPhone-XS-Max)
iPhone Xʀ (com.apple.CoreSimulator.SimDeviceType.iPhone-XR)
iPhone 11 (com.apple.CoreSimulator.SimDeviceType.iPhone-11)
iPhone 11 Pro (com.apple.CoreSimulator.SimDeviceType.iPhone-11-Pro)
iPhone 11 Pro Max (com.apple.CoreSimulator.SimDeviceType.iPhone-11-Pro-Max)
iPad 2 (com.apple.CoreSimulator.SimDeviceType.iPad-2)
iPad Retina (com.apple.CoreSimulator.SimDeviceType.iPad-Retina)
iPad Air (com.apple.CoreSimulator.SimDeviceType.iPad-Air)
iPad mini 2 (com.apple.CoreSimulator.SimDeviceType.iPad-mini-2)
iPad mini 3 (com.apple.CoreSimulator.SimDeviceType.iPad-mini-3)
iPad mini 4 (com.apple.CoreSimulator.SimDeviceType.iPad-mini-4)
iPad Air 2 (com.apple.CoreSimulator.SimDeviceType.iPad-Air-2)
iPad Pro (9.7-inch) (com.apple.CoreSimulator.SimDeviceType.iPad-Pro--9-7-inch-)
iPad Pro (12.9-inch) (com.apple.CoreSimulator.SimDeviceType.iPad-Pro)
iPad (5th generation) (com.apple.CoreSimulator.SimDeviceType.iPad--5th-generation-)
iPad Pro (12.9-inch) (2nd generation) (com.apple.CoreSimulator.SimDeviceType.iPad-Pro--12-9-inch---2nd-generation-)
iPad Pro (10.5-inch) (com.apple.CoreSimulator.SimDeviceType.iPad-Pro--10-5-inch-)
iPad (6th generation) (com.apple.CoreSimulator.SimDeviceType.iPad--6th-generation-)
iPad (7th generation) (com.apple.CoreSimulator.SimDeviceType.iPad--7th-generation-)
iPad Pro (11-inch) (com.apple.CoreSimulator.SimDeviceType.iPad-Pro--11-inch-)
iPad Pro (12.9-inch) (3rd generation) (com.apple.CoreSimulator.SimDeviceType.iPad-Pro--12-9-inch---3rd-generation-)
iPad mini (5th generation) (com.apple.CoreSimulator.SimDeviceType.iPad-mini--5th-generation-)
iPad Air (3rd generation) (com.apple.CoreSimulator.SimDeviceType.iPad-Air--3rd-generation-)
Apple TV (com.apple.CoreSimulator.SimDeviceType.Apple-TV-1080p)
Apple TV 4K (com.apple.CoreSimulator.SimDeviceType.Apple-TV-4K-4K)
Apple TV 4K (at 1080p) (com.apple.CoreSimulator.SimDeviceType.Apple-TV-4K-1080p)
Apple Watch - 38mm (com.apple.CoreSimulator.SimDeviceType.Apple-Watch-38mm)
Apple Watch - 42mm (com.apple.CoreSimulator.SimDeviceType.Apple-Watch-42mm)
Apple Watch Series 2 - 38mm (com.apple.CoreSimulator.SimDeviceType.Apple-Watch-Series-2-38mm)
Apple Watch Series 2 - 42mm (com.apple.CoreSimulator.SimDeviceType.Apple-Watch-Series-2-42mm)
Apple Watch Series 3 - 38mm (com.apple.CoreSimulator.SimDeviceType.Apple-Watch-Series-3-38mm)
Apple Watch Series 3 - 42mm (com.apple.CoreSimulator.SimDeviceType.Apple-Watch-Series-3-42mm)
Apple Watch Series 4 - 40mm (com.apple.CoreSimulator.SimDeviceType.Apple-Watch-Series-4-40mm)
Apple Watch Series 4 - 44mm (com.apple.CoreSimulator.SimDeviceType.Apple-Watch-Series-4-44mm)
Apple Watch Series 5 - 40mm (com.apple.CoreSimulator.SimDeviceType.Apple-Watch-Series-5-40mm)
Apple Watch Series 5 - 44mm (com.apple.CoreSimulator.SimDeviceType.Apple-Watch-Series-5-44mm)
== Runtimes ==
iOS 11.0 (11.0.1 - 15A8401) - com.apple.CoreSimulator.SimRuntime.iOS-11-0 
iOS 11.1 (11.1 - 15B87) - com.apple.CoreSimulator.SimRuntime.iOS-11-1 
iOS 11.2 (11.2 - 15C107) - com.apple.CoreSimulator.SimRuntime.iOS-11-2 
iOS 11.3 (11.3 - 15E217) - com.apple.CoreSimulator.SimRuntime.iOS-11-3 
iOS 11.4 (11.4 - 15F79) - com.apple.CoreSimulator.SimRuntime.iOS-11-4 
iOS 12.0 (12.0 - 16A366) - com.apple.CoreSimulator.SimRuntime.iOS-12-0 
iOS 12.1 (12.1 - 16B91) - com.apple.CoreSimulator.SimRuntime.iOS-12-1 
iOS 12.2 (12.2 - 16E226) - com.apple.CoreSimulator.SimRuntime.iOS-12-2 
iOS 12.4 (12.4 - 16G73) - com.apple.CoreSimulator.SimRuntime.iOS-12-4 
iOS 13.0 (13.0 - 17A577) - com.apple.CoreSimulator.SimRuntime.iOS-13-0 
iOS 13.1 (13.1 - 17A844) - com.apple.CoreSimulator.SimRuntime.iOS-13-1 
iOS 13.2 (13.2.2 - 17B102) - com.apple.CoreSimulator.SimRuntime.iOS-13-2 
iOS 13.4 (13.4 - 17E5233e) - com.apple.CoreSimulator.SimRuntime.iOS-13-4 
tvOS 11.0 (11.0 - 15J380) - com.apple.CoreSimulator.SimRuntime.tvOS-11-0 
tvOS 11.1 (11.1 - 15J580) - com.apple.CoreSimulator.SimRuntime.tvOS-11-1 
tvOS 11.2 (11.2 - 15K104) - com.apple.CoreSimulator.SimRuntime.tvOS-11-2 
tvOS 11.3 (11.3 - 15L211) - com.apple.CoreSimulator.SimRuntime.tvOS-11-3 
tvOS 11.4 (11.4 - 15L576) - com.apple.CoreSimulator.SimRuntime.tvOS-11-4 
tvOS 12.0 (12.0 - 16J364) - com.apple.CoreSimulator.SimRuntime.tvOS-12-0 
tvOS 12.1 (12.1 - 16J602) - com.apple.CoreSimulator.SimRuntime.tvOS-12-1 
tvOS 12.2 (12.2 - 16L225) - com.apple.CoreSimulator.SimRuntime.tvOS-12-2 
tvOS 12.4 (12.4 - 16M567) - com.apple.CoreSimulator.SimRuntime.tvOS-12-4 
tvOS 13.0 (13.0 - 17J585) - com.apple.CoreSimulator.SimRuntime.tvOS-13-0 
tvOS 13.2 (13.2 - 17K90) - com.apple.CoreSimulator.SimRuntime.tvOS-13-2 
tvOS 13.4 (13.4 - 17L5235d) - com.apple.CoreSimulator.SimRuntime.tvOS-13-4 
watchOS 4.0 (4.0 - 15R372) - com.apple.CoreSimulator.SimRuntime.watchOS-4-0 
watchOS 4.1 (4.1 - 15R844) - com.apple.CoreSimulator.SimRuntime.watchOS-4-1 
watchOS 4.2 (4.2 - 15S100) - com.apple.CoreSimulator.SimRuntime.watchOS-4-2 
watchOS 5.0 (5.0 - 16R363) - com.apple.CoreSimulator.SimRuntime.watchOS-5-0 
watchOS 5.1 (5.1 - 16R591) - com.apple.CoreSimulator.SimRuntime.watchOS-5-1 
watchOS 5.2 (5.2 - 16T224) - com.apple.CoreSimulator.SimRuntime.watchOS-5-2 
watchOS 5.3 (5.3 - 16U567) - com.apple.CoreSimulator.SimRuntime.watchOS-5-3 
watchOS 6.0 (6.0 - 17R575) - com.apple.CoreSimulator.SimRuntime.watchOS-6-0 
watchOS 6.2 (6.2 - 17T5234d) - com.apple.CoreSimulator.SimRuntime.watchOS-6-2 
== Devices ==
-- iOS 11.0 --
    iPhone 5s (2AEAA4A2-16AE-4FE7-AFDA-208C7CA53CCB) (Shutdown) 
    iPhone 6 Plus (4C98E745-BE7F-4A36-AB2F-AD9B91B91316) (Shutdown) 
    iPhone 6 (CAD5953F-C77C-4698-B7A7-A1B13041965A) (Shutdown) 
    iPhone 6s (0670869D-628D-441C-B534-E0B03A731237) (Shutdown) 
    iPhone 6s Plus (6F2AC64E-6DD3-47DB-BFAB-72B93126033C) (Shutdown) 
    iPhone SE (7572DE04-E95F-4F42-8CF2-03EE3FFCD0E9) (Shutdown) 
    iPhone 7 (8EF82BDE-F5C6-489D-9FC5-ACAC393C60D0) (Shutdown) 
    iPhone 7 Plus (AAAF6D0F-3E56-404F-A108-A8D264DAAE57) (Shutdown) 
    iPhone 8 (21B1563F-B55C-45E4-A4A5-814100F02555) (Shutdown) 
    iPhone 8 Plus (C1CE0010-8146-43F8-AC7D-CAFE948B1DA0) (Shutdown) 
    iPhone X (EFA2163B-172D-439C-93DC-7C03AEFC4536) (Shutdown) 
    iPad Air (580CFDFE-BD54-4AF5-B2F5-7BA3F39AFBCC) (Shutdown) 
    iPad Air 2 (E9B461F2-A9AC-448A-8960-F80D02F26FA0) (Shutdown) 
    iPad Pro (9.7-inch) (A3130024-6EC8-49DF-91FB-640703984E3E) (Shutdown) 
    iPad Pro (12.9-inch) (049BC3C4-323B-4D0F-8D70-6BB977E2E3D7) (Shutdown) 
    iPad (5th generation) (97DA5AB5-51E0-4B71-BCDD-B96F853838B7) (Shutdown) 
    iPad Pro (12.9-inch) (2nd generation) (DD658EC7-ACE0-494B-B830-52F421E4502E) (Shutdown) 
    iPad Pro (10.5-inch) (DCE51338-3777-4487-8CE8-61EE477ACF44) (Shutdown) 
-- iOS 11.1 --
    iPhone 5s (E803CD1C-2726-4BA2-8372-973CBA3CF6A8) (Shutdown) 
    iPhone 6 Plus (12DD988D-B2F7-4D63-AA4F-8DC2F55AD10E) (Shutdown) 
    iPhone 6 (61655A4B-3E98-48CA-B500-21CE614AAD5B) (Shutdown) 
    iPhone 6s (74049ED8-2885-43AD-B07D-F5E40BDFFA77) (Shutdown) 
    iPhone 6s Plus (01C0A613-B408-497C-818B-0AA3A4BA3506) (Shutdown) 
    iPhone SE (23220145-F4E9-4C07-BB76-977BFD2D7720) (Shutdown) 
    iPhone 7 (1537B82F-280E-4E60-B473-4D18B7E8F966) (Shutdown) 
    iPhone 7 Plus (9562615A-1AF8-4975-9F5D-83ECE16E9205) (Shutdown) 
    iPhone 8 (3DE2C525-877C-4F80-8253-CB862D3ED772) (Shutdown) 
    iPhone 8 Plus (373F4FB9-4EA6-40B5-8A41-01441D28109E) (Shutdown) 
    iPhone X (0D73A170-9498-4975-83C4-8039B3C1398F) (Shutdown) 
    iPad Air (412CA0C3-944F-4D82-B60F-9CFCF6C51EE7) (Shutdown) 
    iPad Air 2 (D9C81DC5-2912-477E-A870-17D43511E224) (Shutdown) 
    iPad Pro (9.7-inch) (33C1DAA9-9E4B-4796-9586-62B57CA4188B) (Shutdown) 
    iPad Pro (12.9-inch) (3CD0D68E-A783-45DE-9532-F751C54052F6) (Shutdown) 
    iPad (5th generation) (93AD074F-2389-4844-A535-43E41A47F5A8) (Shutdown) 
    iPad Pro (12.9-inch) (2nd generation) (B3F8F686-4FB9-4A48-8151-B8B68FE56832) (Shutdown) 
    iPad Pro (10.5-inch) (2131F558-380D-4E50-934D-EA8E36E291AE) (Shutdown) 
-- iOS 11.2 --
    iPhone 5s (14A0A982-6D37-41ED-91EF-595E21FFA583) (Shutdown) 
    iPhone 6 Plus (0FF345FC-2EFD-4F09-B459-8E1881E0E53D) (Shutdown) 
    iPhone 6 (493023F3-10A5-4903-A94F-3C47EF17E14A) (Shutdown) 
    iPhone 6s (E0E5D152-18BF-4588-92C7-CAEACD2888D4) (Shutdown) 
    iPhone 6s Plus (56C70586-7437-46C2-8ECD-4A1089791DD6) (Shutdown) 
    iPhone SE (DE61C031-6C25-4659-B2C0-9D512B83978E) (Shutdown) 
    iPhone 7 (EF5D6EBB-91D9-4633-9342-6D6653408A8A) (Shutdown) 
    iPhone 7 Plus (151F30B8-AF2E-4246-A536-F2F8FCAC85F9) (Shutdown) 
    iPhone 8 (221A4FE1-A2AB-442D-B75F-FB58E5B77577) (Shutdown) 
    iPhone 8 Plus (95B4D4A4-8737-4A61-A0BD-E0C664B23FF1) (Shutdown) 
    iPhone X (A7CEB375-EEA0-4BDE-AD7F-088FD461B8B2) (Shutdown) 
    iPad Air (81D51AC8-63C8-4B1F-8F5A-BCCEF9F0D6E9) (Shutdown) 
    iPad Air 2 (CB9856DE-B000-4074-9164-2C2A94B18A1A) (Shutdown) 
    iPad Pro (9.7-inch) (F89D8D0D-2EBF-4096-9EAB-A02011450B81) (Shutdown) 
    iPad Pro (12.9-inch) (D126ACDD-C45D-45D6-8A66-FF91DE09236C) (Shutdown) 
    iPad (5th generation) (32FFF3B7-386E-4D03-B50F-44BEDCD0BCA0) (Shutdown) 
    iPad Pro (12.9-inch) (2nd generation) (9C464A91-803B-4DE0-BBCF-B10828869123) (Shutdown) 
    iPad Pro (10.5-inch) (183375E0-ABC7-4648-B4BF-D44F8281BB6E) (Shutdown) 
-- iOS 11.3 --
    iPhone 5s (D5B9BB4E-7750-4E57-A76E-5BFA4B0608D0) (Shutdown) 
    iPhone 6 Plus (393AA829-B887-4456-9DA3-F2B1CF94AB42) (Shutdown) 
    iPhone 6 (1D39ABF2-3C3C-4380-9220-6ABA48035344) (Shutdown) 
    iPhone 6s (4F1CB233-B371-4EF3-802D-929C96DDE307) (Shutdown) 
    iPhone 6s Plus (9D48EA76-9B42-4CED-83E2-6624F5719BD5) (Shutdown) 
    iPhone SE (BD29655A-9B97-4847-AA0C-408E9C6F8C37) (Shutdown) 
    iPhone 7 (3B281A2F-1DC0-4FBF-9FE5-11B0EDB843F3) (Shutdown) 
    iPhone 7 Plus (6E6934D6-19A1-4F5A-9E7F-78D08CE3D049) (Shutdown) 
    iPhone 8 (E86642A6-D7BC-4DC7-BA1B-059073E10EEC) (Shutdown) 
    iPhone 8 Plus (39EFC04D-BC47-4BD0-A898-41F48D57E098) (Shutdown) 
    iPhone X (0B16D657-9679-46E3-86A3-F3BFCA098150) (Shutdown) 
    iPad Air (9B013815-005B-4BBC-A0DB-D4BB24CE5689) (Shutdown) 
    iPad Air 2 (F1333184-4715-4E6D-B569-D9A9B3F7739A) (Shutdown) 
    iPad Pro (9.7-inch) (BC4649F2-F8D3-45F0-AE9A-424B5FA35B4A) (Shutdown) 
    iPad Pro (12.9-inch) (D1AEE652-01DF-4C00-80F1-E76F2D3C1658) (Shutdown) 
    iPad (5th generation) (AAD4C316-675E-4EC2-BC33-0E806F22F2EC) (Shutdown) 
    iPad Pro (12.9-inch) (2nd generation) (CFA957AC-A632-4553-9203-65FE06214771) (Shutdown) 
    iPad Pro (10.5-inch) (500582D9-F160-4F63-8DC1-8EC039A8B2FA) (Shutdown) 
    iPad (6th generation) (3CE91EC4-3F80-4E34-957B-CE4EAC9BD741) (Shutdown) 
-- iOS 11.4 --
    iPhone 5s (A09E8805-2AC3-4397-B762-20E71800E604) (Shutdown) 
    iPhone 6 Plus (F11F613D-FFA3-4C2B-A3A5-E9C82C885F7C) (Shutdown) 
    iPhone 6 (B7388EC8-4894-4689-AB2B-5E0A6F5A364E) (Shutdown) 
    iPhone 6s (2A5C905E-8206-4771-8331-A2F5CE3AD2B2) (Shutdown) 
    iPhone 6s Plus (A6E3DBF3-ED6E-4B4C-865A-FC144C1DB1E3) (Shutdown) 
    iPhone SE (37A792F7-2BF6-410C-A2AB-818CB8671D08) (Shutdown) 
    iPhone 7 (35FD192F-CF39-49D9-901E-494DEBBA7F3C) (Shutdown) 
    iPhone 7 Plus (49315F8C-E8C8-48F0-A060-9DD23CC4486C) (Shutdown) 
    iPhone 8 (4DCB3221-F80B-40EB-92E0-87BC0C9E5FA7) (Shutdown) 
    iPhone 8 Plus (6789F9FE-4677-4ED5-B4CF-95C2C5D0F7C0) (Shutdown) 
    iPhone X (9C091ED6-1162-4698-BCF2-E38F66524111) (Shutdown) 
    iPad Air (94A78D6A-3EE0-4818-BA84-907C3E87381C) (Shutdown) 
    iPad Air 2 (6C2D457F-DDF3-4EEF-8CE7-D9EFBD46ABCE) (Shutdown) 
    iPad Pro (9.7-inch) (F5DD4135-BDA4-4C07-BA4C-4E9C65BAB8CD) (Shutdown) 
    iPad Pro (12.9-inch) (7ACBEF7E-FD95-4DC2-A4C4-56727EC2DB2B) (Shutdown) 
    iPad (5th generation) (304ED0AA-AF5D-465D-8033-2DBD76A056EE) (Shutdown) 
    iPad Pro (12.9-inch) (2nd generation) (D0C87DAA-D682-4BB6-9C40-279389B96649) (Shutdown) 
    iPad Pro (10.5-inch) (7BFB640D-3194-4406-9944-1BC5E0923640) (Shutdown) 
    iPad (6th generation) (93526950-4184-43CC-A367-B3C4447158A6) (Shutdown) 
-- iOS 12.0 --
    iPhone 5s (C74D5390-56A2-4039-894B-F0BD94D620BC) (Shutdown) 
    iPhone 6 Plus (6FB348E5-ACCC-4DD1-83C8-477F7B272454) (Shutdown) 
    iPhone 6 (FBD3020C-1E09-4E41-898A-1197D4DEAF51) (Shutdown) 
    iPhone 6s (2FCE81ED-D273-4A97-9153-2BDD45C4E4F1) (Shutdown) 
    iPhone 6s Plus (BECBB93F-BA7E-4A36-B7EE-3A8EB2A7EDB8) (Shutdown) 
    iPhone SE (1F927EA8-985B-43F4-94C4-0489113880B0) (Shutdown) 
    iPhone 7 (BF05F526-11DE-490C-AC8B-B1FC1952AF3F) (Shutdown) 
    iPhone 7 Plus (0BE1DF88-C2D2-45DC-A1DB-0585DD096B28) (Shutdown) 
    iPhone 8 (54E6BEC2-6DC2-4F14-B34E-CC0810038FCC) (Shutdown) 
    iPhone 8 Plus (1821F2DD-AF3B-4471-B596-D1267CA70205) (Shutdown) 
    iPhone X (6FA6D3F8-9210-4A00-9812-98D55417E260) (Shutdown) 
    iPhone Xs (BBC54F2B-D15B-4F59-A487-93E5AA476F4F) (Shutdown) 
    iPhone Xs Max (57D81839-2F0A-42C9-BE41-FDE203F0CE24) (Shutdown) 
    iPhone Xʀ (E809C5ED-832D-4ABA-B055-0A3F409C990A) (Shutdown) 
    iPad Air (7876BBBC-FD8B-4C20-9454-A93E1F2406B8) (Shutdown) 
    iPad Air 2 (71A1B9FE-AD58-4312-BD65-3C7DCDA1023C) (Shutdown) 
    iPad Pro (9.7-inch) (AD81CC50-5CFB-4308-9368-E399B9447C38) (Shutdown) 
    iPad Pro (12.9-inch) (D8089C83-58A3-4D0F-ABCA-36320DB81032) (Shutdown) 
    iPad (5th generation) (14D6B204-5F3C-4BB9-98F9-031FE2C2B1FF) (Shutdown) 
    iPad Pro (12.9-inch) (2nd generation) (C7E8743B-572D-4A6E-8843-00E48DDFEBC8) (Shutdown) 
    iPad Pro (10.5-inch) (5B81FA0F-17D0-4A39-A5FE-83490ACC4A74) (Shutdown) 
    iPad (6th generation) (5234DB1A-4721-4D91-A54D-EEC87C600DA9) (Shutdown) 
-- iOS 12.1 --
    iPhone 5s (60BE4A6F-32C3-45CB-B7D8-1A7C2E202094) (Shutdown) 
    iPhone 6 Plus (AAB8CBF2-BE3F-4E94-A8BF-44DC015D6B59) (Shutdown) 
    iPhone 6 (66E5A506-9751-4DDB-8A46-586A3499DCD5) (Shutdown) 
    iPhone 6s (7DAFA0B9-E62E-444F-9503-12BB589DEC13) (Shutdown) 
    iPhone 6s Plus (FE0FEFE4-CF3E-4592-973E-10164F6A0C2C) (Shutdown) 
    iPhone SE (9D30F572-1265-4858-AE66-A6C271F3379F) (Shutdown) 
    iPhone 7 (B5F50BD6-0563-49A3-99E1-860156C6DDD7) (Shutdown) 
    iPhone 7 Plus (DDBE7404-A5EA-4412-9189-58CB4020F2B6) (Shutdown) 
    iPhone 8 (9407A393-6EB7-4D6D-B0F7-461C2AAEDFFB) (Shutdown) 
    iPhone 8 Plus (A2011F17-7EA2-43F3-ABE8-F8A69F2A7272) (Shutdown) 
    iPhone X (A3B8D2B3-C45E-4E1A-B220-DE769D8E30F1) (Shutdown) 
    iPhone Xs (6ED8BC9E-3B46-4BD5-85EB-DFD111E2603C) (Shutdown) 
    iPhone Xs Max (36FA0C91-9BC6-41E3-8F9B-52C23A9C9C55) (Shutdown) 
    iPhone Xʀ (33B6A58A-AE67-4375-ACF8-378E6BE9D054) (Shutdown) 
    iPad Air (CBCF777C-5B2C-447F-8A23-E2F4EA3BFA92) (Shutdown) 
    iPad Air 2 (0D667038-F0C5-4AAB-B6AF-1E825B24DB54) (Shutdown) 
    iPad Pro (9.7-inch) (DB969A31-03BA-4983-99B1-FB0B2F4343F1) (Shutdown) 
    iPad Pro (12.9-inch) (A6DA62DB-A881-4151-A2FF-15AD653F339A) (Shutdown) 
    iPad (5th generation) (C347C363-4EA7-4806-ADBF-CDFDB245C1A8) (Shutdown) 
    iPad Pro (12.9-inch) (2nd generation) (32023B2E-9A5A-4360-8338-BE9A8C99C62C) (Shutdown) 
    iPad Pro (10.5-inch) (79E5B2F7-C284-45A8-ACC0-67C02DDE5061) (Shutdown) 
    iPad (6th generation) (D5DEDC83-9959-430E-8540-6F3C1C3D22FD) (Shutdown) 
    iPad Pro (11-inch) (36421BBD-382D-4AC7-83B9-DFFA2509611B) (Shutdown) 
    iPad Pro (12.9-inch) (3rd generation) (F2627C71-7A44-4648-8F02-74331116E70B) (Shutdown) 
-- iOS 12.2 --
    iPhone 5s (0A88B53E-C7C1-4E4B-9447-CC3B2B2D5A66) (Shutdown) 
    iPhone 6 Plus (BA2248E0-E005-45A4-AE36-DB624E28DC0F) (Shutdown) 
    iPhone 6 (67AC7A19-8BB1-474C-8733-70B94B3C9431) (Shutdown) 
    iPhone 6s (BA8F7C6E-AA7C-4712-B983-F2E06922CF0B) (Shutdown) 
    iPhone 6s Plus (729E2015-5E8A-42B3-91A4-879D0F70F82E) (Shutdown) 
    iPhone SE (59529002-B0BE-46DE-A05E-70500569CA2F) (Shutdown) 
    iPhone 7 (34EDF0CC-CACF-46F0-83D5-05DA9102C9CA) (Shutdown) 
    iPhone 7 Plus (A7B65F8C-9470-4E7D-AA1E-FD782934FE26) (Shutdown) 
    iPhone 8 (E0D53807-4B2F-49B3-B185-192115F03429) (Shutdown) 
    iPhone 8 Plus (403448D6-D60F-4F6D-B6AC-745F8883E471) (Shutdown) 
    iPhone X (BBAC4D56-0939-485F-9267-8CAC3B867510) (Shutdown) 
    iPhone Xs (860E0420-5BDC-4844-97AB-C7F66DAD1AE4) (Shutdown) 
    iPhone Xs Max (E3803BE1-A9EF-4DF7-AE03-CFECA3D49100) (Shutdown) 
    iPhone Xʀ (3EF1762A-0A3B-42DC-B1E8-FB0CBCDAD8A0) (Shutdown) 
    iPad Air (D72CDA3B-430F-4440-87E2-409923F824D7) (Shutdown) 
    iPad Air 2 (7E8954EB-0A1D-4C8D-BC88-BB1D224E4061) (Shutdown) 
    iPad Pro (9.7-inch) (E2AC6509-029B-42B8-828F-93D9455660D8) (Shutdown) 
    iPad Pro (12.9-inch) (08F404D0-66AD-419C-B26A-9DA5B116DE86) (Shutdown) 
    iPad (5th generation) (F639A7EF-CC57-42A2-A6E0-75CF6505CD82) (Shutdown) 
    iPad Pro (12.9-inch) (2nd generation) (C239E284-D8B2-4D01-844C-E8E456218277) (Shutdown) 
    iPad Pro (10.5-inch) (D1A02994-CC3C-4C9D-A439-4FB40A39FF1C) (Shutdown) 
    iPad (6th generation) (AA9DE772-296C-4155-9D1A-9560EE6B1690) (Shutdown) 
    iPad Pro (11-inch) (F64FE85B-6112-4B5D-B9C4-46790B1CEE7A) (Shutdown) 
    iPad Pro (12.9-inch) (3rd generation) (B386D900-AD0B-4CC1-B49D-7865B720848C) (Shutdown) 
    iPad Air (3rd generation) (00E560FA-CA12-44B9-A25E-C48392411B8F) (Shutdown) 
-- iOS 12.4 --
    iPhone 5s (6B7449B8-080E-45D2-896C-87D9D351F717) (Shutdown) 
    iPhone 6 Plus (A1ED6779-63BC-4AD3-BDEB-A91F6F089EEF) (Shutdown) 
    iPhone 6 (DA3328C6-04DC-48C9-9F5A-FD374C31BDCD) (Shutdown) 
    iPhone 6s (6F85B5C0-75F5-4944-A65F-C50937DFBBD1) (Shutdown) 
    iPhone 6s Plus (BC06C0C4-5D4E-4832-B195-B009B6DBAA3E) (Shutdown) 
    iPhone SE (5DDDCEA0-0343-4E00-A989-0F6A3E8E4DE2) (Shutdown) 
    iPhone 7 (5276FB94-44DD-49A5-8D2E-5960B53B8E0A) (Shutdown) 
    iPhone 7 Plus (D3AF2620-3354-4A8F-BBB7-F1A5D22DD9C1) (Shutdown) 
    iPhone 8 (AB86C18C-C982-454D-9918-7375D9D039FF) (Shutdown) 
    iPhone 8 Plus (84BAD9A0-0BAE-429C-BA94-E0D7F98B79D7) (Shutdown) 
    iPhone X (5383612B-4A49-4E8B-B903-ED706065508A) (Shutdown) 
    iPhone Xs (DFC46478-C04C-48C5-9CBC-5247074C9B94) (Shutdown) 
    iPhone Xs Max (4603A812-42FD-42B6-9865-8A79C45870C5) (Shutdown) 
    iPhone Xʀ (9653C9C5-BD25-4047-9508-FD3A4139447C) (Shutdown) 
    iPad Air (A16AFD90-473D-4974-85B3-FCB2E5414518) (Shutdown) 
    iPad Air 2 (246A33AE-99A3-4BBE-860F-9C676F1EF0DA) (Shutdown) 
    iPad Pro (9.7-inch) (C4B676F6-637F-46F9-8CF2-1DEECB772BFE) (Shutdown) 
    iPad Pro (12.9-inch) (9CFA2294-F2B4-4C95-8525-8E94E4D70D38) (Shutdown) 
    iPad (5th generation) (8298038E-847A-4CF2-A93D-28B460F238EF) (Shutdown) 
    iPad Pro (12.9-inch) (2nd generation) (44E0F39B-459B-40B3-8C72-3955FA8F63D7) (Shutdown) 
    iPad Pro (10.5-inch) (9DE9D5BB-6E8C-4824-94E6-32FBA7650302) (Shutdown) 
    iPad (6th generation) (941D11F7-9AAB-4B3C-864D-84A1B5B1CCB4) (Shutdown) 
    iPad Pro (11-inch) (6779FA25-2E52-4CE9-8816-A9582CA412B9) (Shutdown) 
    iPad Pro (12.9-inch) (3rd generation) (4F026C71-2BD6-436E-BB38-2CFA47DC91B1) (Shutdown) 
    iPad Air (3rd generation) (234C7D26-225E-4A9C-B57E-A3FAC5A5BE74) (Shutdown) 
-- iOS 13.0 --
    iPhone 8 (D3100EF3-CA81-41F2-A794-A8A88FC375DC) (Shutdown) 
    iPhone 8 Plus (2114BDF8-D621-414E-8070-45B99E99124E) (Shutdown) 
    iPhone 11 (EAFE7899-3D8D-4BEF-A782-593D88D52E4C) (Shutdown) 
    iPhone 11 Pro (7B797B42-C09F-4653-BAF5-12B6F36D92FC) (Shutdown) 
    iPhone 11 Pro Max (9DADBEFD-1F55-41D9-B48A-7503CCCA4CD5) (Shutdown) 
    iPad Pro (9.7-inch) (CB34B00F-D986-45B7-BC0D-98D78D7E825D) (Shutdown) 
    iPad Pro (11-inch) (96E88B90-5C52-4A15-8AF2-9979B6E30B8D) (Shutdown) 
    iPad Pro (12.9-inch) (3rd generation) (447D7D3C-B71E-4065-8773-3D8595281A7F) (Shutdown) 
    iPad Air (3rd generation) (F59E5A91-DB34-4E33-864C-70A5FD5DA190) (Shutdown) 
-- iOS 13.1 --
    iPhone 8 (A5C9119E-6BE7-453A-9653-0EF360A47BFA) (Shutdown) 
    iPhone 8 Plus (7A77A05A-2B8D-4C6C-AAEF-0E08C5ED389D) (Shutdown) 
    iPhone 11 (4680872D-6FB9-4172-81AA-C9C45D0B0649) (Shutdown) 
    iPhone 11 Pro (50C5B13E-0169-4E73-9C41-EE9B3F6B4455) (Shutdown) 
    iPhone 11 Pro Max (71D1C4BE-0292-4445-B5F3-B0433709E0B7) (Shutdown) 
    iPad Pro (9.7-inch) (711EE326-32A2-4255-AD03-059F888FAB42) (Shutdown) 
    iPad Pro (11-inch) (B3970D5D-CF26-41EC-95C4-D6066BA53E63) (Shutdown) 
    iPad Pro (12.9-inch) (3rd generation) (B500AA6F-A919-445D-B923-3CD95E42CEBF) (Shutdown) 
    iPad Air (3rd generation) (752DEB2E-983C-49E4-921A-44CE6EEC6EBD) (Shutdown) 
-- iOS 13.2 --
    iPhone 8 (A74C6955-029A-4B68-8346-FCBE0C4CD73B) (Shutdown) 
    iPhone 8 Plus (54BD8FAF-A29F-4F01-AF48-A39671815F11) (Shutdown) 
    iPhone 11 (3714BF15-7B9F-4B1A-BDC7-248C9CF81A85) (Shutdown) 
    iPhone 11 Pro (5ED35822-3F23-4FC3-9850-29FB30F9202B) (Shutdown) 
    iPhone 11 Pro Max (8E772FE0-7468-4CDA-9FCF-CAACDBDAE102) (Shutdown) 
    iPad Pro (9.7-inch) (7AD0D8E2-790F-4C57-A719-3ECA76E44509) (Shutdown) 
    iPad (7th generation) (37BD23ED-4F06-4EB2-A84B-59D2D94A1BCF) (Shutdown) 
    iPad Pro (11-inch) (7F6E3732-7DF9-4F95-9B68-AF8C20036109) (Shutdown) 
    iPad Pro (12.9-inch) (3rd generation) (8FA8E880-544F-47AB-BB95-2ECBB7E33DA1) (Shutdown) 
    iPad Air (3rd generation) (8B9D302B-5809-4A94-A1F1-7D8AE414BB57) (Shutdown) 
-- iOS 13.4 --
    iPhone 8 (336E17F1-C1B7-453A-B6DE-0D21EEB243CC) (Shutdown) 
    iPhone 8 Plus (41E5E41E-274C-4821-842B-9482E8A9941D) (Shutdown) 
    iPhone 11 (AC5C4EA0-98A5-42C1-90A7-88623D554130) (Shutdown) 
    iPhone 11 Pro (E0668900-3E9E-4908-9EE6-F3E35DC23DDF) (Shutdown) 
    iPhone 11 Pro Max (9D6EAAA8-7AE9-457B-9E83-345216DF8B8E) (Shutdown) 
    iPad Pro (9.7-inch) (996E07DC-5E4D-4BB4-A8C7-17E2E00C5861) (Shutdown) 
    iPad (7th generation) (91BA5D98-C40A-440C-AC4A-A594700C37A6) (Shutdown) 
    iPad Pro (11-inch) (A4C3A496-2761-46DD-B2F9-E1D378A39C94) (Shutdown) 
    iPad Pro (12.9-inch) (3rd generation) (04BAB806-6005-46A4-A560-7936B9B66F67) (Shutdown) 
    iPad Air (3rd generation) (55216EA5-C107-41AC-8104-A232B9677B41) (Shutdown) 
-- tvOS 11.0 --
    Apple TV (498441AE-2A76-430E-831D-C91D3D795162) (Shutdown) 
    Apple TV 4K (950AEB70-A247-40CB-BF67-6E226AEAC623) (Shutdown) 
    Apple TV 4K (at 1080p) (CEB87583-A4B1-4A3E-BA4B-CD9EE80BA809) (Shutdown) 
-- tvOS 11.1 --
    Apple TV (D0AF6835-4909-45D0-9557-9ADFFAB4860F) (Shutdown) 
    Apple TV 4K (37604CEF-3024-4D2B-B5A1-88DAD7C18DA4) (Shutdown) 
    Apple TV 4K (at 1080p) (CE4CCEBC-5B7F-45E9-B9D4-58309270D52C) (Shutdown) 
-- tvOS 11.2 --
    Apple TV (46503D29-4900-4C37-B585-3CF018902CE8) (Shutdown) 
    Apple TV 4K (8A2FC70B-ECCD-4F62-8BC6-B9E59CCC404E) (Shutdown) 
    Apple TV 4K (at 1080p) (69FF5A9D-B892-48F2-9B19-1DF6FCB472D5) (Shutdown) 
-- tvOS 11.3 --
    Apple TV (4AD0BE1E-952A-4B2C-8BDD-101641F89084) (Shutdown) 
    Apple TV 4K (9165B40F-A4DC-4C3C-A52A-8718F524D245) (Shutdown) 
    Apple TV 4K (at 1080p) (602B68E4-C43B-4AEE-AA85-102D193D99D3) (Shutdown) 
-- tvOS 11.4 --
    Apple TV (4947964F-196A-49C7-AE1D-A00D75BDAF16) (Shutdown) 
    Apple TV 4K (7B0ECC0E-6E11-4C3C-AA18-D33C76080962) (Shutdown) 
    Apple TV 4K (at 1080p) (543AE0AC-4A7F-4315-9846-F177C5E4D478) (Shutdown) 
-- tvOS 12.0 --
    Apple TV (A0F04886-16A7-4485-A8E6-25F27FF5ADBC) (Shutdown) 
    Apple TV 4K (58AF1515-CEC5-44FE-844E-704E36207B75) (Shutdown) 
    Apple TV 4K (at 1080p) (C236F4C4-E371-45C3-B6C8-A4B21768592B) (Shutdown) 
-- tvOS 12.1 --
    Apple TV (F533A857-887A-43D6-ACAE-E4E0D66B865D) (Shutdown) 
    Apple TV 4K (A68D72B1-51A9-41E8-A62D-CB0023AFF639) (Shutdown) 
    Apple TV 4K (at 1080p) (32F2FE22-72AE-4D92-9D4E-A12DAEB6FC9D) (Shutdown) 
-- tvOS 12.2 --
    Apple TV (5614FC82-B001-42FE-89F8-107875799B2D) (Shutdown) 
    Apple TV 4K (D7CDD48C-95AE-4F6E-A5B1-4886A12F0158) (Shutdown) 
    Apple TV 4K (at 1080p) (D6FF0D4A-09B4-4DFA-9FB7-BAABBDD10445) (Shutdown) 
-- tvOS 12.4 --
    Apple TV (A412C255-15F7-4A86-989D-16F3859A4BE3) (Shutdown) 
    Apple TV 4K (43245977-5357-4AAF-B038-F25844EA4C3B) (Shutdown) 
    Apple TV 4K (at 1080p) (E272F0F1-2248-413F-9F31-08BE923AEEAE) (Shutdown) 
-- tvOS 13.0 --
    Apple TV (F4EEAA04-CD59-42A1-943D-DA3DED77494B) (Shutdown) 
    Apple TV 4K (AE74DC9E-4DE0-4707-97F1-4E5264CD2BD4) (Shutdown) 
    Apple TV 4K (at 1080p) (0ADB40D7-0E3E-4D70-825A-40787CDD4C2A) (Shutdown) 
-- tvOS 13.2 --
    Apple TV (18EFBFBF-88FA-4EDE-9536-EF6EFDB4949A) (Shutdown) 
    Apple TV 4K (3943D4DA-A9EC-4D48-99B5-8AE4CD678A3B) (Shutdown) 
    Apple TV 4K (at 1080p) (A9483458-DE0D-4771-8A9E-1E412FDEA2D9) (Shutdown) 
-- tvOS 13.4 --
    Apple TV (FC7E4E29-7246-45F1-897C-C51B3E2F2E54) (Shutdown) 
    Apple TV 4K (BDBC67F1-931A-4787-BD46-FC985067F5FF) (Shutdown) 
    Apple TV 4K (at 1080p) (53061824-D06A-4F97-BD65-D2060F386764) (Shutdown) 
-- watchOS 4.0 --
    Apple Watch - 38mm (D5BA2E95-1C2F-4706-B8D3-A9B348177F5B) (Shutdown) 
    Apple Watch - 42mm (708721E9-0A9C-4C0E-A434-AF7EFE87537F) (Shutdown) 
    Apple Watch Series 2 - 38mm (2831F5C1-24F0-4D15-B4EB-1E3934B04ECC) (Shutdown) 
    Apple Watch Series 2 - 42mm (B4DB99EA-4F17-4FA0-9C38-C1C1447096E7) (Shutdown) 
    Apple Watch Series 3 - 38mm (253183AB-2B56-4008-806C-F409DCB76458) (Shutdown) 
    Apple Watch Series 3 - 42mm (439D6C0A-DFC3-4F03-BC21-909FAF78467F) (Shutdown) 
-- watchOS 4.1 --
    Apple Watch - 38mm (45DBCC7D-77F5-4D45-B7EE-851A98314FD6) (Shutdown) 
    Apple Watch - 42mm (F428AFCB-2664-4706-B5B3-447A0492E315) (Shutdown) 
    Apple Watch Series 2 - 38mm (51F1BE8D-5B46-4DFE-8448-C4EAB1EA5399) (Shutdown) 
    Apple Watch Series 2 - 42mm (351AC760-A935-42FA-A662-99C1E7E3D4DC) (Shutdown) 
    Apple Watch Series 3 - 38mm (F6B4910D-A281-405F-9D84-080957CFAE0F) (Shutdown) 
    Apple Watch Series 3 - 42mm (B56E4984-3A3A-4E44-A857-B510427F4F78) (Shutdown) 
-- watchOS 4.2 --
    Apple Watch - 38mm (1AA6E4BF-0187-410B-A62C-FAD4D0727F51) (Shutdown) 
    Apple Watch - 42mm (D7F97D02-DF11-4026-8C38-62DED45C57A5) (Shutdown) 
    Apple Watch Series 2 - 38mm (08DCD5E4-8029-4D23-9680-B64FDA071C06) (Shutdown) 
    Apple Watch Series 2 - 42mm (B8D7D3B1-EF56-44A9-B924-690432709AFC) (Shutdown) 
    Apple Watch Series 3 - 38mm (675030FE-590E-419C-A36C-F2CD7A5B432E) (Shutdown) 
    Apple Watch Series 3 - 42mm (B5D0F131-5DAD-43FD-8206-0C1C9EE6EC38) (Shutdown) 
-- watchOS 5.0 --
    Apple Watch Series 2 - 38mm (55029853-9849-4532-9873-CC882B15BDD3) (Shutdown) 
    Apple Watch Series 2 - 42mm (7E2E0338-7FC2-4CA2-B184-70495B03DC2E) (Shutdown) 
    Apple Watch Series 3 - 38mm (5B822EEE-43AC-44FF-B23D-0937300F5974) (Shutdown) 
    Apple Watch Series 3 - 42mm (A3E79D98-874A-44FC-B4EC-694C50488075) (Shutdown) 
    Apple Watch Series 4 - 40mm (EA3219F1-4677-48BC-86A7-A2FDD1B684DE) (Shutdown) 
    Apple Watch Series 4 - 44mm (4B0F56F8-5B08-4211-A8B1-2295F8488485) (Shutdown) 
-- watchOS 5.1 --
    Apple Watch Series 2 - 38mm (0E582C5D-894A-4AB1-BF66-264AB1444B7D) (Shutdown) 
    Apple Watch Series 2 - 42mm (3E592445-609A-4FA9-8084-9F9A62220FD7) (Shutdown) 
    Apple Watch Series 3 - 38mm (F8BE01FC-ABAB-419F-BA35-4C11494641A7) (Shutdown) 
    Apple Watch Series 3 - 42mm (9318329B-7489-418D-BA5F-AC635A1335A8) (Shutdown) 
    Apple Watch Series 4 - 40mm (C5AAC13D-12C5-4F7D-AC35-2167683AABDC) (Shutdown) 
    Apple Watch Series 4 - 44mm (92F78ED5-A1D1-482F-AC7B-A93325750BF4) (Shutdown) 
-- watchOS 5.2 --
    Apple Watch Series 2 - 38mm (4CD9D1DA-7330-421B-B97E-F1D4193FE95C) (Shutdown) 
    Apple Watch Series 2 - 42mm (8655583F-83FC-4193-9821-9030AAA7963E) (Shutdown) 
    Apple Watch Series 3 - 38mm (B2F5CA17-5335-4B8D-A4DE-AC1EDAB19FC9) (Shutdown) 
    Apple Watch Series 3 - 42mm (2C44C0F0-0ECA-4E7C-B988-239C39594FFB) (Shutdown) 
    Apple Watch Series 4 - 40mm (C49FDD9B-E31F-4BD1-AD7E-9F968ED35371) (Shutdown) 
    Apple Watch Series 4 - 44mm (9680A193-8A1F-48BF-9AC9-80EA0B6C9AFB) (Shutdown) 
-- watchOS 5.3 --
    Apple Watch Series 2 - 38mm (3103D9B9-7223-44EB-A9E3-0EDE87A9062E) (Shutdown) 
    Apple Watch Series 2 - 42mm (472B623D-E490-4E30-8E37-8597874D31DD) (Shutdown) 
    Apple Watch Series 3 - 38mm (9F311AEE-26EC-4F60-BC39-6771AFA5E704) (Shutdown) 
    Apple Watch Series 3 - 42mm (2C88C21C-4CBC-4C11-9118-C5891BAD38E8) (Shutdown) 
    Apple Watch Series 4 - 40mm (B268CF6F-B36B-4C15-A649-A04FE7614149) (Shutdown) 
    Apple Watch Series 4 - 44mm (0B904FB5-7655-475D-8078-673435E7FB7D) (Shutdown) 
-- watchOS 6.0 --
    Apple Watch Series 4 - 40mm (194FF5DC-B127-40D3-B8CE-7389B410C8EA) (Shutdown) 
    Apple Watch Series 4 - 44mm (70902808-511E-41CD-A5FA-16FE4DEB74BF) (Shutdown) 
    Apple Watch Series 5 - 40mm (8F89BB63-2DB6-4A16-AECA-08C59DA25A88) (Shutdown) 
    Apple Watch Series 5 - 44mm (14054FE4-C2F1-4AD1-9097-1057403325C3) (Shutdown) 
-- watchOS 6.2 --
    Apple Watch Series 4 - 40mm (317C1AEE-D762-4734-AB99-D688FE660F1A) (Shutdown) 
    Apple Watch Series 4 - 44mm (819CC44A-1AF0-4D1A-94AF-85CC27392B3F) (Shutdown) 
    Apple Watch Series 5 - 40mm (B5FF2F66-5BA8-4D53-AE91-F8D0862D17B3) (Shutdown) 
    Apple Watch Series 5 - 44mm (4798996D-1EB7-445F-B8DA-7C376987AC1C) (Shutdown) 
== Device Pairs ==
1D2A3287-3131-493A-9532-074687BA35B4 (active, disconnected)
    Watch: Apple Watch Series 5 - 40mm (B5FF2F66-5BA8-4D53-AE91-F8D0862D17B3) (Shutdown)
    Phone: iPhone 11 Pro (E0668900-3E9E-4908-9EE6-F3E35DC23DDF) (Shutdown)
4C082134-978B-4CD2-8854-D4363B457DB8 (active, disconnected)
    Watch: Apple Watch Series 5 - 44mm (4798996D-1EB7-445F-B8DA-7C376987AC1C) (Shutdown)
    Phone: iPhone 11 Pro Max (9D6EAAA8-7AE9-457B-9E83-345216DF8B8E) (Shutdown)

========================================


=== OS X info =========================

* sw_vers
ProductName:	Mac OS X
ProductVersion:	10.15.3
BuildVersion:	19D76

* system_profiler SPSoftwareDataType
Software:

    System Software Overview:

      System Version: macOS 10.15.3 (19D76)
      Kernel Version: Darwin 19.3.0
      Boot Volume: Untitled
      Boot Mode: Normal
      Computer Name: stg-xcode-11-4-200224150336-QRUn4q47FYxsUpVn8wXAhD
      User Name: vagrant (vagrant)
      Secure Virtual Memory: Enabled
      System Integrity Protection: Disabled
      Time since boot: 3 minutes


========================================


=== System infos =======================
* Free disk space: /dev/disk1s5  200Gi   10Gi   24Gi    30%  484105 2093308775    0%   /
========================================

--- Android

* ANDROID_HOME (/usr/local/share/android-sdk) content:
add-ons
build-tools
emulator
extras
licenses
patcher
platform-tools
platforms
system-images
tools

* ANDROID_NDK_HOME (/opt/android-ndk/android-ndk-r20) content:
CHANGELOG.md
NOTICE
NOTICE.toolchain
README.md
build
meta
ndk-build
ndk-gdb
ndk-stack
ndk-which
platforms
prebuilt
python-packages
shader-tools
simpleperf
source.properties
sources
sysroot
toolchains
wrap.sh

* Android NDK Version:
Pkg.Desc = Android NDK
Pkg.Revision = 20.0.5594570

* platform-tools content:
NOTICE.txt
adb
api
dmtracedump
e2fsdroid
etc1tool
fastboot
hprof-conv
lib64
make_f2fs
mke2fs
mke2fs.conf
package.xml
sload_f2fs
source.properties
sqlite3
systrace

* build-tools content:
17.0.0
19.1.0
21.1.2
22.0.1
23.0.3
24.0.3
25.0.3
26.0.1
26.0.2
27.0.0
27.0.1
27.0.2
27.0.3
28.0.0
28.0.1
28.0.2
28.0.3
29.0.0
29.0.1
29.0.2

* extras content:
/usr/local/share/android-sdk/extras
├── android
│   └── m2repository
├── google
│   ├── google_play_services
│   └── m2repository
└── m2repository
    └── com

7 directories, 0 files

* platforms content:
android-15
android-17
android-19
android-21
android-22
android-23
android-24
android-25
android-26
android-27
android-28
android-29

* system-images content:
/usr/local/share/android-sdk/system-images
├── android-26
│   └── google_apis
│       └── x86
├── android-28
│   └── google_apis
│       └── x86
└── android-29
    └── google_apis
        └── x86

9 directories, 0 files

========================================


=== Android APK tools ==================

* aapt2:
Android Asset Packaging Tool (aapt) 2:19

========================================


=== Environment infos =======================
MATCH_KEYCHAIN_PASSWORD environment set
========================================


=== Control tests ======================
source $HOME/.bash_profile ...
source $HOME/.bash_profile - PASSED
========================================

