 (i) Ignore Errors: enabled

#
# This System Report was generated by: https://github.com/bitrise-io/osx-box-bootstrap/blob/master/system_report.sh
#  Pull Requests are welcome!
#


=== Revision / ID ======================
* BITRISE_OSX_STACK_REV_ID: v2017_10_10_1
========================================


=== Pre-installed tool versions ========
* Go: go version go1.9.2 darwin/amd64
* Ruby: ruby 2.4.2p198 (2017-09-14 revision 59899) [x86_64-darwin16]
* Python: Python 2.7.10
* Node.js: v8.9.1
* NPM: 5.5.1
* Yarn: 1.3.2
* Java: java version "9.0.1"
Java(TM) SE Runtime Environment (build 9.0.1+11)
Java HotSpot(TM) 64-Bit Server VM (build 9.0.1+11, mixed mode)

* git: git version 2.15.0
* git lfs: git-lfs/2.3.4 (GitHub; darwin amd64; go 1.9.1)
* mercurial/hg: Mercurial Distributed SCM (version 4.4)
* curl: curl 7.54.0 (x86_64-apple-darwin16.0) libcurl/7.54.0 SecureTransport zlib/1.2.8
* wget: GNU Wget 1.19.2 built on darwin16.7.0.
* rsync: rsync  version 2.6.9  protocol version 29
* unzip: UnZip 6.00 of 20 April 2009, by Info-ZIP.  Maintained by C. Spieler.  Send
* zip: This is Zip 3.0 (July 5th 2008), by Info-ZIP.
* tar: bsdtar 2.8.3 - libarchive 2.8.3
* tree: tree v1.7.0 (c) 1996 - 2014 by Steve Baker, Thomas Moore, Francesc Rocher, Florian Sesser, Kyosuke Tokoro 

* brew: Homebrew 1.3.6
Homebrew/homebrew-core (git revision 66b9; last commit 2017-11-09)
./system_report.sh: line 54: xctool: command not found
* xctool: 
* Ansible: ansible 2.4.1.0
  configured module search path = [u'/Users/vagrant/.ansible/plugins/modules', u'/usr/share/ansible/plugins/modules']
  ansible python module location = /usr/local/Cellar/ansible/2.4.1.0/libexec/lib/python2.7/site-packages/ansible
  executable location = /usr/local/bin/ansible
* gtimeout: timeout (GNU coreutils) 8.28
* watchman: 4.9.0
* flow: Flow, a static type checker for JavaScript, version 0.58.0
* carthage: 0.26.2
* imagemagick (convert): Version: ImageMagick 7.0.7-10 Q16 x86_64 2017-11-05 http://www.imagemagick.org
* ghostscript (ps2ascii): 9.22
./system_report.sh: line 69: wine: command not found
* wine: 

--- Bitrise CLI tool versions
* bitrise: 1.10.0
* stepman: 0.9.35
* envman: 1.1.8
* bitrise-bridge: 0.9.11
* cmd-bridge: 0.9.5
========================================


=== Ruby GEMs ==========================
* Rubygems: 2.7.1
* Bundler: Bundler version 1.16.0
* CocoaPods: 1.3.1
* fastlane: fastlane 2.64.0
* xcpretty: 0.2.8
* Nomad CLI: 2.7.1
* Nomad CLI IPA / Shenzhen: ipa 0.14.3
========================================


=== All Ruby GEMs ======================
activesupport (4.2.10)
addressable (2.5.2)
aws-sdk (1.67.0)
aws-sdk-v1 (1.67.0)
babosa (1.0.2)
bigdecimal (default: 1.3.0)
bundler (default: 1.16.0)
certified (1.0.0)
CFPropertyList (2.3.5)
claide (1.0.2)
cocoapods (1.3.1)
cocoapods-core (1.3.1)
cocoapods-deintegrate (1.0.1)
cocoapods-downloader (1.1.3)
cocoapods-plugins (1.0.0)
cocoapods-search (1.0.0)
cocoapods-stats (1.0.0)
cocoapods-trunk (1.3.0)
cocoapods-try (1.1.0)
colored (1.2)
colored2 (3.1.2)
commander (4.4.3)
commander-fastlane (4.4.5)
concurrent-ruby (1.0.5)
cupertino (1.3.4)
declarative (0.0.10)
declarative-option (0.1.0)
did_you_mean (1.1.0)
domain_name (0.5.20170404)
dotenv (2.2.1)
dubai (0.1.2)
escape (0.0.4)
excon (0.59.0)
faraday (0.13.1)
faraday-cookie_jar (0.0.6)
faraday_middleware (0.12.2)
fastimage (2.1.0)
fastlane (2.64.0, 2.63.0)
fourflusher (2.0.1)
fuzzy_match (2.0.4)
gh_inspector (1.0.3)
google-api-client (0.13.6)
googleauth (0.6.1)
highline (1.7.8)
houston (2.2.4)
http-cookie (1.0.3)
httpclient (2.8.3)
i18n (0.9.1)
io-console (default: 0.4.6)
json (default: 2.0.4, 1.8.6)
jwt (2.1.0)
little-plugger (1.1.4)
logging (2.2.2)
mechanize (2.5.1)
memoist (0.16.0)
mime-types (3.1, 1.25.1)
mime-types-data (3.2016.0521)
mini_magick (4.5.1)
mini_portile2 (2.1.0)
minitest (5.10.1)
molinillo (0.5.7)
multi_json (1.12.2)
multi_xml (0.6.0)
multipart-post (2.0.0)
mustermann (1.0.1)
nanaimo (0.2.3)
nap (1.1.0)
net-http-digest_auth (1.4.1)
net-http-persistent (2.9.4)
net-sftp (2.1.2)
net-ssh (4.2.0)
net-telnet (0.1.1)
netrc (0.11.0)
nokogiri (1.6.8.1)
nomad-cli (0.0.2)
ntlm-http (0.1.1)
openssl (default: 2.0.5)
os (0.9.6)
plist (3.3.0, 3.1.0)
power_assert (0.4.1)
psych (default: 2.2.2)
public_suffix (2.0.5)
rack (2.0.3)
rack-protection (2.0.0)
rake (12.0.0)
rdoc (default: 5.0.0)
representable (3.0.4)
retriable (3.1.1)
rouge (2.0.7)
ruby-macho (1.1.0)
rubygems-update (2.7.1)
rubyzip (1.2.1)
security (0.1.3)
shenzhen (0.14.3)
signet (0.8.1)
sinatra (2.0.0)
slack-notifier (1.5.1)
term-ansicolor (1.0.7)
terminal-notifier (1.8.0)
terminal-table (1.8.0, 1.4.5)
test-unit (3.2.3)
thread_safe (0.3.6)
tilt (2.0.8)
tty-screen (0.5.1)
tzinfo (1.2.4)
uber (0.1.0)
unf (0.1.4)
unf_ext (0.0.7.4)
unicode-display_width (1.3.0)
venice (0.4.0)
webrobots (0.1.2)
word_wrap (1.0.0)
xcode-install (2.3.1)
xcodeproj (1.5.3)
xcpretty (0.2.8)
xcpretty-travis-formatter (1.0.0)
xmlrpc (0.2.1)
========================================


=== NPM global packages ==========================
* Cordova: 7.1.0
* Ionic: 3.17.0
========================================


=== Checking Xcode CLT dirs ============

 * ls -1 /usr/include/CommonCrypto
CommonCrypto.h
CommonCryptoError.h
CommonCryptor.h
CommonDigest.h
CommonHMAC.h
CommonKeyDerivation.h
CommonRandom.h
CommonSymmetricKeywrap.h

 * ls -1 /Library/Developer/CommandLineTools/
Library
SDKs
usr

 * /Library/Developer/CommandLineTools/usr/bin/swift --version
Apple Swift version 3.1 (swiftlang-802.0.53 clang-802.0.42)
Target: x86_64-apple-macosx10.9

========================================


=== Xcode ==============================

* Active Xcode Command Line Tools:
/Applications/Xcode-beta.app/Contents/Developer

* Xcode Version:
Xcode 9.2
Build version 9C34b

* Installed SDKs:
iOS SDKs:
	iOS 11.2                      	-sdk iphoneos11.2

iOS Simulator SDKs:
	Simulator - iOS 11.2          	-sdk iphonesimulator11.2

macOS SDKs:
	macOS 10.13                   	-sdk macosx10.13

tvOS SDKs:
	tvOS 11.2                     	-sdk appletvos11.2

tvOS Simulator SDKs:
	Simulator - tvOS 11.2         	-sdk appletvsimulator11.2

watchOS SDKs:
	watchOS 4.2                   	-sdk watchos4.2

watchOS Simulator SDKs:
	Simulator - watchOS 4.2       	-sdk watchsimulator4.2


* Available Simulators:
== Device Types ==
iPhone 4s (com.apple.CoreSimulator.SimDeviceType.iPhone-4s)
iPhone 5 (com.apple.CoreSimulator.SimDeviceType.iPhone-5)
iPhone 5s (com.apple.CoreSimulator.SimDeviceType.iPhone-5s)
iPhone 6 (com.apple.CoreSimulator.SimDeviceType.iPhone-6)
iPhone 6 Plus (com.apple.CoreSimulator.SimDeviceType.iPhone-6-Plus)
iPhone 6s (com.apple.CoreSimulator.SimDeviceType.iPhone-6s)
iPhone 6s Plus (com.apple.CoreSimulator.SimDeviceType.iPhone-6s-Plus)
iPhone 7 (com.apple.CoreSimulator.SimDeviceType.iPhone-7)
iPhone 7 Plus (com.apple.CoreSimulator.SimDeviceType.iPhone-7-Plus)
iPhone 8 (com.apple.CoreSimulator.SimDeviceType.iPhone-8)
iPhone 8 Plus (com.apple.CoreSimulator.SimDeviceType.iPhone-8-Plus)
iPhone SE (com.apple.CoreSimulator.SimDeviceType.iPhone-SE)
iPhone X (com.apple.CoreSimulator.SimDeviceType.iPhone-X)
iPad 2 (com.apple.CoreSimulator.SimDeviceType.iPad-2)
iPad Retina (com.apple.CoreSimulator.SimDeviceType.iPad-Retina)
iPad Air (com.apple.CoreSimulator.SimDeviceType.iPad-Air)
iPad Air 2 (com.apple.CoreSimulator.SimDeviceType.iPad-Air-2)
iPad (5th generation) (com.apple.CoreSimulator.SimDeviceType.iPad--5th-generation-)
iPad Pro (9.7-inch) (com.apple.CoreSimulator.SimDeviceType.iPad-Pro--9-7-inch-)
iPad Pro (12.9-inch) (com.apple.CoreSimulator.SimDeviceType.iPad-Pro)
iPad Pro (12.9-inch) (2nd generation) (com.apple.CoreSimulator.SimDeviceType.iPad-Pro--12-9-inch---2nd-generation-)
iPad Pro (10.5-inch) (com.apple.CoreSimulator.SimDeviceType.iPad-Pro--10-5-inch-)
Apple TV (com.apple.CoreSimulator.SimDeviceType.Apple-TV-1080p)
Apple TV 4K (com.apple.CoreSimulator.SimDeviceType.Apple-TV-4K-4K)
Apple TV 4K (at 1080p) (com.apple.CoreSimulator.SimDeviceType.Apple-TV-4K-1080p)
Apple Watch - 38mm (com.apple.CoreSimulator.SimDeviceType.Apple-Watch-38mm)
Apple Watch - 42mm (com.apple.CoreSimulator.SimDeviceType.Apple-Watch-42mm)
Apple Watch Series 2 - 38mm (com.apple.CoreSimulator.SimDeviceType.Apple-Watch-Series-2-38mm)
Apple Watch Series 2 - 42mm (com.apple.CoreSimulator.SimDeviceType.Apple-Watch-Series-2-42mm)
Apple Watch Series 3 - 38mm (com.apple.CoreSimulator.SimDeviceType.Apple-Watch-Series-3-38mm)
Apple Watch Series 3 - 42mm (com.apple.CoreSimulator.SimDeviceType.Apple-Watch-Series-3-42mm)
== Runtimes ==
iOS 8.1 (8.1 - 12B411) - com.apple.CoreSimulator.SimRuntime.iOS-8-1
iOS 8.2 (8.2 - 12D508) - com.apple.CoreSimulator.SimRuntime.iOS-8-2
iOS 8.3 (8.3 - 12F70) - com.apple.CoreSimulator.SimRuntime.iOS-8-3
iOS 8.4 (8.4 - 12H141) - com.apple.CoreSimulator.SimRuntime.iOS-8-4
iOS 9.0 (9.0 - 13A344) - com.apple.CoreSimulator.SimRuntime.iOS-9-0
iOS 9.1 (9.1 - 13B143) - com.apple.CoreSimulator.SimRuntime.iOS-9-1
iOS 9.2 (9.2 - 13C75) - com.apple.CoreSimulator.SimRuntime.iOS-9-2
iOS 9.3 (9.3 - 13E233) - com.apple.CoreSimulator.SimRuntime.iOS-9-3
iOS 10.0 (10.0 - 14A345) - com.apple.CoreSimulator.SimRuntime.iOS-10-0
iOS 10.1 (10.1 - 14B72) - com.apple.CoreSimulator.SimRuntime.iOS-10-1
iOS 10.2 (10.2 - 14C89) - com.apple.CoreSimulator.SimRuntime.iOS-10-2
iOS 10.3 (10.3.1 - 14E8301) - com.apple.CoreSimulator.SimRuntime.iOS-10-3
iOS 11.0 (11.0.1 - 15A8401) - com.apple.CoreSimulator.SimRuntime.iOS-11-0
iOS 11.2 (11.2 - 15C5097c) - com.apple.CoreSimulator.SimRuntime.iOS-11-2
tvOS 9.0 (9.0 - 13T395) - com.apple.CoreSimulator.SimRuntime.tvOS-9-0
tvOS 9.1 (9.1 - 13U85) - com.apple.CoreSimulator.SimRuntime.tvOS-9-1
tvOS 9.2 (9.2 - 13Y234) - com.apple.CoreSimulator.SimRuntime.tvOS-9-2
tvOS 10.0 (10.0 - 14T328) - com.apple.CoreSimulator.SimRuntime.tvOS-10-0
tvOS 10.1 (10.1 - 14U591) - com.apple.CoreSimulator.SimRuntime.tvOS-10-1
tvOS 10.2 (10.2 - 14W260) - com.apple.CoreSimulator.SimRuntime.tvOS-10-2
tvOS 11.0 (11.0 - 15J380) - com.apple.CoreSimulator.SimRuntime.tvOS-11-0
tvOS 11.2 (11.2 - 15K5090c) - com.apple.CoreSimulator.SimRuntime.tvOS-11-2
watchOS 2.0 (2.0 - 13S343) - com.apple.CoreSimulator.SimRuntime.watchOS-2-0
watchOS 2.1 (2.1 - 13S661) - com.apple.CoreSimulator.SimRuntime.watchOS-2-1
watchOS 2.2 (2.2 - 13V144) - com.apple.CoreSimulator.SimRuntime.watchOS-2-2
watchOS 3.1 (3.1 - 14S471a) - com.apple.CoreSimulator.SimRuntime.watchOS-3-1
watchOS 3.2 (3.2 - 14V243) - com.apple.CoreSimulator.SimRuntime.watchOS-3-2
watchOS 4.0 (4.0 - 15R372) - com.apple.CoreSimulator.SimRuntime.watchOS-4-0
watchOS 4.2 (4.2 - 15S5090c) - com.apple.CoreSimulator.SimRuntime.watchOS-4-2
== Devices ==
-- iOS 8.1 --
    iPhone 4s (9BB67911-300E-4ACD-9E86-BD210FDAC14C) (Shutdown)
    iPhone 5 (FF9CED04-AD60-4FA2-AEA2-9C516B310982) (Shutdown)
    iPhone 5s (83C36565-A068-4439-8893-386C49649E02) (Shutdown)
    iPhone 6 (35B17EBD-47BA-494A-AE74-144D411CC937) (Shutdown)
    iPhone 6 Plus (68ED8B98-8528-4983-8E35-A39E3BDDF25D) (Shutdown)
    iPad 2 (280CC645-642F-4B13-B61E-B12D722148C0) (Shutdown)
    iPad Retina (7EC56C98-DB55-4A13-A5DC-2B726E91CAA3) (Shutdown)
    iPad Air (351F1224-CBCB-4AC6-BFB3-3FA50C1B29CF) (Shutdown)
-- iOS 8.2 --
    iPhone 4s (5E65955F-4B37-4E4F-A2C0-533327C53D90) (Shutdown)
    iPhone 5 (CA664F71-9509-497B-890D-8ADE9B3522AC) (Shutdown)
    iPhone 5s (CE187EEF-2129-4EA5-885B-DF6451217109) (Shutdown)
    iPhone 6 (CF993D0A-BC9B-4682-923D-5D9A23584D31) (Shutdown)
    iPhone 6 Plus (ADCC98A9-43A4-49D4-AF33-3C905DE17ABD) (Shutdown)
    iPad 2 (9D62BB5B-6044-4C21-9F02-B66F374946C6) (Shutdown)
    iPad Retina (156D9C43-4DB7-4268-9ED5-DAF233B81BED) (Shutdown)
    iPad Air (4E8000B5-9304-4C10-A87B-166C8F4D9E8B) (Shutdown)
-- iOS 8.3 --
    iPhone 4s (46F8CB2C-6BEE-449A-A53F-9054BB78C2C6) (Shutdown)
    iPhone 5 (D9DF0B00-36B8-492B-8A6D-424FE323FD75) (Shutdown)
    iPhone 5s (E98312C7-C819-43F9-B938-5108DB13AEE8) (Shutdown)
    iPhone 6 (9E512A46-2758-440A-9B49-E1A1C2AD5CD7) (Shutdown)
    iPhone 6 Plus (9A8E52CB-76EE-4B6D-BD81-42409AD422D1) (Shutdown)
    iPad 2 (3E13241D-00FF-4278-9F8E-28728089B658) (Shutdown)
    iPad Retina (61D40F70-51D1-4DDD-B4BD-8987A560E61B) (Shutdown)
    iPad Air (DDCD0D46-216A-49F2-B272-899723F2F36D) (Shutdown)
-- iOS 8.4 --
    iPhone 4s (929FBF09-12AB-4665-9BC7-9DAAB2CBB3E1) (Shutdown)
    iPhone 5 (2E06F5D1-4207-43DC-B867-CFCA92B97CDA) (Shutdown)
    iPhone 5s (487D7505-7583-4BD6-AFE8-73C5AEF13F46) (Shutdown)
    iPhone 6 (A2D0BD43-D605-4906-AD09-BCD02180AF81) (Shutdown)
    iPhone 6 Plus (E8D595AC-6541-45AF-8125-412036F57063) (Shutdown)
    iPad 2 (61965684-7E5F-4AF3-A180-BBCEFF50E6C5) (Shutdown)
    iPad Retina (C44A21FB-E753-4EAE-9328-0B5ED5855599) (Shutdown)
    iPad Air (3390D0ED-A8C5-449F-B377-CC04EFB3500C) (Shutdown)
-- iOS 9.0 --
    iPhone 4s (EA594455-35BA-4C89-8052-9AE9DA3C2E21) (Shutdown)
    iPhone 5 (14160667-5BA5-4660-A040-BDDA60355955) (Shutdown)
    iPhone 5s (AB8C9127-C598-4A69-ADBF-528D925A551D) (Shutdown)
    iPhone 6 (889E8CD8-0299-417E-BEE0-0C9946B3EB76) (Shutdown)
    iPhone 6 Plus (945DECA9-310A-48D8-AB95-48C01D599952) (Shutdown)
    iPhone 6s (297A0E37-664F-4794-968E-A8BE9AFB2915) (Shutdown)
    iPhone 6s Plus (8EA4BF17-198A-407B-9613-CEDA5A7DEB88) (Shutdown)
    iPad 2 (D90813ED-4665-4B62-9182-D1BD1971D032) (Shutdown)
    iPad Retina (A5C6A92D-A9DD-439A-B298-BA334EA5E4A2) (Shutdown)
    iPad Air (0F4756CC-B0F9-46DE-964C-50C5DE89C22D) (Shutdown)
    iPad Air 2 (463569FC-C2F4-499E-98C8-B433EA17C1D3) (Shutdown)
-- iOS 9.1 --
    iPhone 4s (A1027D87-5103-4AFF-8FFF-3E974F92AA4D) (Shutdown)
    iPhone 5 (64B2C67B-7A74-40AD-A1B2-E2B43F5D6117) (Shutdown)
    iPhone 5s (A130FACD-E37F-413C-8EB6-7294A8D0D7E9) (Shutdown)
    iPhone 6 (27856CE9-527C-49B8-8F61-FE2BB454EF35) (Shutdown)
    iPhone 6 Plus (44AA17F5-953A-44E1-9638-EC31079DB0BB) (Shutdown)
    iPhone 6s (843CC5A5-1328-4878-A826-F8F0DD81923C) (Shutdown)
    iPhone 6s Plus (241374C8-C8C5-4B1F-B0D7-47291A8C331F) (Shutdown)
    iPad 2 (753229B1-16F0-431A-92B5-2B7DF4AD3189) (Shutdown)
    iPad Retina (A50C3759-8884-4E02-975E-129EC900D1FA) (Shutdown)
    iPad Air (7A603373-5F39-4AE1-83ED-770A00B88831) (Shutdown)
    iPad Air 2 (D75E5BDA-D891-43EE-B510-27FE389ED6DD) (Shutdown)
    iPad Pro (7A6FF2AA-61D5-4F0C-B8D9-993959B32B48) (Shutdown)
-- iOS 9.2 --
    iPhone 4s (5F0D63A8-38A8-45E5-A4E6-A3972C3B144F) (Shutdown)
    iPhone 5 (0A489E09-BF61-4420-96D7-F3EF84AA56C7) (Shutdown)
    iPhone 5s (80DC3956-588F-4224-B15E-38EA6A620CBC) (Shutdown)
    iPhone 6 (A8A98D7E-A628-4D29-AE1B-365825DF25C5) (Shutdown)
    iPhone 6 Plus (13EA3B8D-2AFD-4A5A-8D31-F2436707FD79) (Shutdown)
    iPhone 6s (82076306-B1E7-46A3-933E-2478098E02F5) (Shutdown)
    iPhone 6s Plus (4F3B5414-E3B4-4BC1-A5C6-DDE4247E5F08) (Shutdown)
    iPad 2 (B3958BEE-D603-418B-9F65-ECA0BB25D843) (Shutdown)
    iPad Retina (6A7F9695-EF18-476B-BE2A-07DDF447ADB4) (Shutdown)
    iPad Air (A4AE7DB5-AFCF-4E4B-906D-B154E47C0B9B) (Shutdown)
    iPad Air 2 (0EE032DC-7EF4-477F-9A9E-3D1658B9879A) (Shutdown)
    iPad Pro (A23B974B-AEAF-4A37-AD29-F4BCDA3E35F6) (Shutdown)
-- iOS 9.3 --
    iPhone 4s (5BBA575F-443F-49F8-872A-D0D8A8644DB6) (Shutdown)
    iPhone 5 (A0871B96-E321-4EDB-BD0A-F0458E78ADB2) (Shutdown)
    iPhone 5s (3E7215C2-6DDD-441F-8443-158EF8E4094C) (Shutdown)
    iPhone 6 (5EF786CE-1A13-4BE5-941C-D04175827ECE) (Shutdown)
    iPhone 6 Plus (5F50BFF8-E339-41BD-8937-7B0B02B1C9F8) (Shutdown)
    iPhone 6s (F13C5845-B371-47D1-9B11-EECDE3B5EB79) (Shutdown)
    iPhone 6s Plus (85D6203F-8BD1-444B-9D60-F76296C09888) (Shutdown)
    iPad 2 (686B5037-AE21-4822-819E-F773AF512143) (Shutdown)
    iPad Retina (D20DA028-A366-427E-8C5D-6B349676AB21) (Shutdown)
    iPad Air (24945BB5-79D1-48C5-8F79-83DD7D3C3B70) (Shutdown)
    iPad Air 2 (E753A2C6-843F-4EFC-AC7D-E91B5F86AFC4) (Shutdown)
    iPad Pro (0429D49F-61EC-4417-ACDE-277A2528F2BF) (Shutdown)
-- iOS 10.0 --
    iPhone 5 (1BB34E37-2884-45DC-89C7-079454DEC9E1) (Shutdown)
    iPhone 5s (943D8ED7-59E9-4BDD-84B5-18AC9A6F4711) (Shutdown)
    iPhone 6 (0A9055BF-CA60-4C5C-A32A-07CE543F225E) (Shutdown)
    iPhone 6 Plus (F6C8FB02-9905-43F9-B19E-4B3920EC8F8E) (Shutdown)
    iPhone 6s (C5051301-5067-419E-A198-DBD7AA34CBB4) (Shutdown)
    iPhone 6s Plus (982A4D04-2A86-43E0-9D65-21CBFCE7D2F3) (Shutdown)
    iPhone SE (3EC3D186-BA04-4291-BC23-9347F7E17162) (Shutdown)
    iPad Air (D48A2E5E-EA57-422E-8D82-A08C66B7C9D0) (Shutdown)
    iPad Air 2 (C18E4749-ED1C-41A0-AB50-A6E75114A3C4) (Shutdown)
    iPad Pro (9.7 inch) (5D81490E-CEFA-4EFF-8DE3-C1595DDB320B) (Shutdown)
    iPad Pro (12.9 inch) (7889D6E2-F1CC-4CB6-B1D9-EBDDB7C889C3) (Shutdown)
-- iOS 10.1 --
    iPhone 5 (39F0F79A-4176-4410-88E5-A74EA0684F02) (Shutdown)
    iPhone 5s (9FAA841B-18E9-4C88-95CF-7DC8667F56BF) (Shutdown)
    iPhone 6 (B2EE8B4A-4086-4E89-8DF0-8793B36DF21F) (Shutdown)
    iPhone 6 Plus (A3C59C08-658B-4AAB-B3B0-FD29ED65BAC5) (Shutdown)
    iPhone 6s (384AE67B-BF55-4719-BE10-29D0E7252EFA) (Shutdown)
    iPhone 6s Plus (201F651F-EA6A-4A5F-A6D9-625EA517BD27) (Shutdown)
    iPhone 7 (EF483D22-F12F-43FB-9F4E-0F25BB49FCA2) (Shutdown)
    iPhone 7 Plus (8FC3DE81-E31C-450C-9A8E-E28AA5272B8A) (Shutdown)
    iPhone SE (41BF6FEC-0391-47DA-B33E-9CEA9F417CA5) (Shutdown)
    iPad Air (FEADCBD0-424C-4FE2-8722-96634072C68A) (Shutdown)
    iPad Air 2 (59AA7CD3-B609-4DBF-8D64-757D2FA89A15) (Shutdown)
    iPad Pro (9.7 inch) (E8E9C6ED-5696-4C6C-9180-AC8DA06425F0) (Shutdown)
    iPad Pro (12.9 inch) (27773F14-DE40-46C2-8C1E-9E587D5D3C85) (Shutdown)
-- iOS 10.2 --
    iPhone 5 (69B3CC1B-A4DD-40C7-97B9-97A2E1580B56) (Shutdown)
    iPhone 5s (AAD96B41-16FA-46DB-9C14-C1C38E5A3499) (Shutdown)
    iPhone 6 (CF15A120-2D4E-4A3B-A0CE-E032B9918D83) (Shutdown)
    iPhone 6 Plus (A109B7DC-63EC-415E-830E-80AE51593D09) (Shutdown)
    iPhone 6s (B0FF07B8-59E9-499E-9423-D4850C418C80) (Shutdown)
    iPhone 6s Plus (DBBF230E-1E18-49F8-BC25-94505B44A8AB) (Shutdown)
    iPhone 7 (B050B768-B418-4E7C-89EF-14F2AEB77F78) (Shutdown)
    iPhone 7 Plus (E8E680D9-50DD-48DB-BDCD-E9AA1F3FB193) (Shutdown)
    iPhone SE (AD5D5F93-E4B4-44B9-B055-4D0EC859DC7C) (Shutdown)
    iPad Air (65193DAC-AD6B-4E46-8AAA-FF3D17CD89BB) (Shutdown)
    iPad Air 2 (02BC5931-75C9-4C34-9301-14E92BAADB30) (Shutdown)
    iPad Pro (9.7 inch) (AAED28CD-B6AC-43C3-9DA4-29292C8A4DCC) (Shutdown)
    iPad Pro (12.9 inch) (35FE9A61-AB21-4F7A-A718-CD9D3A2BE8F2) (Shutdown)
-- iOS 10.3 --
    iPhone 5 (00E97A37-CFE2-42F3-A8D6-3ADD5C53AB33) (Shutdown)
    iPhone 5s (D8BE2383-82C4-4892-9149-EE85DF3E7A8C) (Shutdown)
    iPhone 6 (6A826488-387F-49F9-B72E-E4AC12F6C406) (Shutdown)
    iPhone 6 Plus (4D9A40A6-41BC-4839-BF3D-D33FC271B240) (Shutdown)
    iPhone 6s (8A63DA94-ADB1-4394-B295-CA7B26E479F6) (Shutdown)
    iPhone 6s Plus (E2744FFC-C5EC-4CD9-B04E-294BA2804C4A) (Shutdown)
    iPhone 7 (1C6EF622-D532-4D05-8E48-2B5AF628486F) (Shutdown)
    iPhone 7 Plus (3D0BC9DD-28B9-46A0-8474-BD65233C0663) (Shutdown)
    iPhone SE (32CE6BDE-1DF9-4147-BC88-F1382CE7AA06) (Shutdown)
    iPad Air (754F6F06-208B-4490-A67B-82DF9B467913) (Shutdown)
    iPad Air 2 (CF98C8D6-1A55-423B-8B56-900C7A191D42) (Shutdown)
    iPad (5th generation) (0FBF815D-3DBE-4CED-80F1-1C8654ED5EFC) (Shutdown)
    iPad Pro (9.7 inch) (492B0C2E-D651-4CB1-9D28-C950459A0121) (Shutdown)
    iPad Pro (12.9 inch) (0F273A32-71BE-4321-8301-68C0F1109632) (Shutdown)
    iPad Pro (12.9-inch) (2nd generation) (2353AEAE-E3E9-438B-B8B4-26ACD35BE5B4) (Shutdown)
    iPad Pro (10.5-inch) (BCA8405A-4B60-4D5B-9DAE-193E53600343) (Shutdown)
-- iOS 11.0 --
    iPhone 5s (B1C9AA43-FD44-4EA5-8880-5D108B63BC9B) (Shutdown)
    iPhone 6 (ACF329F7-DE9D-44C3-A237-3B03DA67D440) (Shutdown)
    iPhone 6 Plus (FF996F8C-D51F-4905-8DCE-186F802A2CB4) (Shutdown)
    iPhone 6s (EE8973EE-29EB-4625-ACB7-3BF00D4475FB) (Shutdown)
    iPhone 6s Plus (A86769DF-D9A9-45EC-BF05-55768DD95F18) (Shutdown)
    iPhone 7 (26AD5D82-F774-4A2B-BE92-F5E4B7BF248F) (Shutdown)
    iPhone 7 Plus (8812E925-BD4F-4C22-A81B-63EDBAC71C56) (Shutdown)
    iPhone 8 (6DD67BC5-9805-4091-BD85-47EB1A848943) (Shutdown)
    iPhone 8 Plus (5A13A644-AAD5-487F-8A14-ABEA34A7B740) (Shutdown)
    iPhone SE (B25B78FE-220F-4E96-A7AF-46561159CBC0) (Shutdown)
    iPhone X (58B52648-433C-444E-88CD-35124A216555) (Shutdown)
    iPad Air (7B9D4451-24A8-4A0E-AC8D-507F229AD515) (Shutdown)
    iPad Air 2 (8B9A1010-56A2-4339-AB33-28280BD36926) (Shutdown)
    iPad (5th generation) (3EF28D9E-CF7C-4F40-B858-E1AFF45642D2) (Shutdown)
    iPad Pro (9.7-inch) (3EF8B98B-6666-42BB-8417-7AF1636084FA) (Shutdown)
    iPad Pro (12.9-inch) (C22DBB66-2FB9-454E-ABE1-7438AC24C9F3) (Shutdown)
    iPad Pro (12.9-inch) (2nd generation) (9F2BC5E6-B0B0-4443-813E-EB0E189AC957) (Shutdown)
    iPad Pro (10.5-inch) (EE4F3506-74FC-4660-90DA-6C55EB50CB64) (Shutdown)
-- iOS 11.2 --
    iPhone 5s (D1570E01-4767-4342-A272-B51D7F74FE23) (Shutdown)
    iPhone 6 (FB38E0F2-4104-430D-9018-F8FF2182D62A) (Shutdown)
    iPhone 6 Plus (30FD5191-CF47-434A-8C3F-2598A190877B) (Shutdown)
    iPhone 6s (9FC6DAD2-6159-408D-8257-4346384B5ADB) (Shutdown)
    iPhone 6s Plus (812CD408-95EA-4DC3-B88E-18AA4AF5CD82) (Shutdown)
    iPhone 7 (064EF71D-F2EB-4214-8101-3506A3742755) (Shutdown)
    iPhone 7 Plus (C9D22039-57B1-43C4-A334-293F66836D54) (Shutdown)
    iPhone 8 (C4C2B713-F798-4CC5-9496-836F550FD198) (Shutdown)
    iPhone 8 Plus (248E4370-D7B0-4ABB-ABA0-0095EFD4772F) (Shutdown)
    iPhone SE (25D0E319-2C7E-4DA4-AB00-56F45B25CC0F) (Shutdown)
    iPhone X (123D8422-D35D-43B7-AF5A-7BF7C0966D3F) (Shutdown)
    iPad Air (61057E0D-2DEC-4382-9EEF-6060B99FC43E) (Shutdown)
    iPad Air 2 (DCBAD991-CC35-4862-85EF-87CBC8959343) (Shutdown)
    iPad (5th generation) (17564B1C-F9A2-4710-BFC0-706AF1DA7B93) (Shutdown)
    iPad Pro (9.7-inch) (44744D6C-B4B8-4CD5-9513-F01176E4A196) (Shutdown)
    iPad Pro (12.9-inch) (6B3E3C8C-594E-4576-87B4-F74AEBF7E351) (Shutdown)
    iPad Pro (12.9-inch) (2nd generation) (3A7DB609-E8B3-4D6A-BDE9-BF8799FE388E) (Shutdown)
    iPad Pro (10.5-inch) (4FBD833E-56D4-4DDA-A767-D2D3309D4422) (Shutdown)
-- tvOS 9.0 --
    Apple TV 1080p (0B9EEB0F-1A46-4A83-9C79-C5F94B003A45) (Shutdown)
-- tvOS 9.1 --
    Apple TV 1080p (9652F1BE-E26D-490D-9309-896522A54E88) (Shutdown)
-- tvOS 9.2 --
    Apple TV 1080p (433CAEBB-D162-46CA-9202-A9712D22D58D) (Shutdown)
-- tvOS 10.0 --
    Apple TV 1080p (5D08F922-3828-4F5B-BAFA-BB47DDE94933) (Shutdown)
-- tvOS 10.1 --
    Apple TV 1080p (76F7C0C5-50B3-4BB2-A393-0E65A4D90801) (Shutdown)
-- tvOS 10.2 --
    Apple TV 1080p (378E5A5B-1172-49C1-837D-E6FE211AA258) (Shutdown)
-- tvOS 11.0 --
    Apple TV (79F0510F-EBD7-4CCD-8D0D-40C4453D891E) (Shutdown)
    Apple TV 4K (92B5ABE2-392E-4AE6-83B9-8B6A8B2BE92F) (Shutdown)
    Apple TV 4K (at 1080p) (B4738F8C-62AE-4CD5-B4D4-0F27A65CD9EE) (Shutdown)
-- tvOS 11.2 --
    Apple TV (1E5EDB58-A3A5-49A6-A286-CBE001747B82) (Shutdown)
    Apple TV 4K (B5594228-70A9-48E6-B910-ED0E3D83C040) (Shutdown)
    Apple TV 4K (at 1080p) (3544EE49-E1A0-4337-A80D-48662717F9B8) (Shutdown)
-- watchOS 2.0 --
    Apple Watch - 38mm (A80ED484-0219-4456-A2EA-CF5B4F6CFAF5) (Shutdown)
    Apple Watch - 42mm (A0B32723-3E20-4E8F-87D9-20B0C95133BA) (Shutdown)
-- watchOS 2.1 --
    Apple Watch - 38mm (DD92E5ED-F303-44C9-B325-8DDE4AC54991) (Shutdown)
    Apple Watch - 42mm (6D379892-CA58-48D6-9B91-E73C8F7061F1) (Shutdown)
-- watchOS 2.2 --
    Apple Watch - 38mm (A0ED3A61-E3C6-4AE2-BA6B-CE64C8D0CB3D) (Shutdown)
    Apple Watch - 42mm (6D4FA2D2-F857-4840-9944-CD9144994A6C) (Shutdown)
-- watchOS 3.1 --
    Apple Watch - 38mm (A615CFE9-EC3F-4CFB-B091-FBA045083215) (Shutdown)
    Apple Watch - 42mm (DFED7E74-3CDE-4E81-B658-B4280FE9C586) (Shutdown)
    Apple Watch Series 2 - 38mm (28C4139A-3549-4C90-BC67-47CFC3E580D4) (Shutdown)
    Apple Watch Series 2 - 42mm (A7230CAD-CAE3-45EA-BBEF-D306926B1C99) (Shutdown)
-- watchOS 3.2 --
    Apple Watch - 38mm (7F516A9B-366C-42A3-A3C3-1A5C4F837BD1) (Shutdown)
    Apple Watch - 42mm (D0D968BF-2569-48D3-81CB-507E4E8F004E) (Shutdown)
    Apple Watch Series 2 - 38mm (86B4C264-CA02-4294-8BAA-30DFE62BC5CE) (Shutdown)
    Apple Watch Series 2 - 42mm (CC1A4C46-F903-459A-BB91-1A650B0ECB1A) (Shutdown)
-- watchOS 4.0 --
    Apple Watch - 38mm (BFDC6244-E13C-410C-AE46-CFBBB7B07462) (Shutdown)
    Apple Watch - 42mm (9E669A1D-35ED-4895-9A69-B79D562EA97E) (Shutdown)
    Apple Watch Series 2 - 38mm (01B9A50A-349B-4858-92DB-54494B1E3AEF) (Shutdown)
    Apple Watch Series 2 - 42mm (C0644EB3-A2FA-4B33-AE3B-39F27B6C13E7) (Shutdown)
    Apple Watch Series 3 - 38mm (94D0CB5A-7319-4A41-BEDE-8BAD05771B15) (Shutdown)
    Apple Watch Series 3 - 42mm (364EB355-83A3-4846-AA00-D54B2753F023) (Shutdown)
-- watchOS 4.2 --
    Apple Watch - 38mm (3CD25B9F-09D7-48E9-8B3C-CCAFCB21D7CB) (Shutdown)
    Apple Watch - 42mm (785EF6F3-6D60-45CA-87E0-3C2901BD5CEF) (Shutdown)
    Apple Watch Series 2 - 38mm (B7DBCDE8-8F68-4BE8-A55E-47013DDD6377) (Shutdown)
    Apple Watch Series 2 - 42mm (F03C552E-D17B-474A-A022-E30F797EC372) (Shutdown)
    Apple Watch Series 3 - 38mm (31A2853F-F416-4C8D-9AA9-EF98E30746FD) (Shutdown)
    Apple Watch Series 3 - 42mm (7321DE97-1B89-418E-A611-943EA28AC4E4) (Shutdown)
== Device Pairs ==
229D99C8-D525-4177-A9E2-42A5BFA4908C (active, disconnected)
    Watch: Apple Watch Series 2 - 38mm (B7DBCDE8-8F68-4BE8-A55E-47013DDD6377) (Shutdown)
    Phone: iPhone 7 (064EF71D-F2EB-4214-8101-3506A3742755) (Shutdown)
9DBF327A-4D88-4255-8CAB-94F888CDD443 (active, disconnected)
    Watch: Apple Watch Series 2 - 42mm (F03C552E-D17B-474A-A022-E30F797EC372) (Shutdown)
    Phone: iPhone 7 Plus (C9D22039-57B1-43C4-A334-293F66836D54) (Shutdown)
BC4E9262-3347-4F36-9BE5-0DDAD0277C75 (active, disconnected)
    Watch: Apple Watch Series 3 - 38mm (31A2853F-F416-4C8D-9AA9-EF98E30746FD) (Shutdown)
    Phone: iPhone 8 (C4C2B713-F798-4CC5-9496-836F550FD198) (Shutdown)
8635381C-692B-44E2-B6F6-A63E11748FB7 (active, disconnected)
    Watch: Apple Watch Series 3 - 42mm (7321DE97-1B89-418E-A611-943EA28AC4E4) (Shutdown)
    Phone: iPhone 8 Plus (248E4370-D7B0-4ABB-ABA0-0095EFD4772F) (Shutdown)

========================================


=== OS X info =========================

* sw_vers
ProductName:	Mac OS X
ProductVersion:	10.12.6
BuildVersion:	16G29

* system_profiler SPSoftwareDataType
Software:

    System Software Overview:

      System Version: macOS 10.12.6 (16G29)
      Kernel Version: Darwin 16.7.0
      Boot Volume: Macintosh HD
      Boot Mode: Normal
      Computer Name: controlosxstagebhostondemandinternaltest.local
      User Name: vagrant (vagrant)
      Secure Virtual Memory: Enabled
      System Integrity Protection: Disabled
      Time since boot: 2 minutes


========================================


=== System infos =======================
* Free disk space: /dev/disk0s2  199Gi  134Gi   65Gi    68% 3073554 4291893725    0%   /
========================================


=== Environment infos =======================
MATCH_KEYCHAIN_PASSWORD environment set
========================================


=== Control tests ======================
source $HOME/.bash_profile ...
source $HOME/.bash_profile - PASSED
========================================

