 (i) Ignore Errors: disabled

#
# This System Report was generated by: https://github.com/bitrise-io/ubuntu-android/blob/master/system_report.sh
#


=== Pre-installed lib versions ========
* zlib1g-dev: 1:1.2.11.dfsg-2ubuntu1.5
* libssl-dev: 1.1.1f-1ubuntu2.17
dpkg-query: package 'libreadline6-dev' is not installed and no information is available
Use dpkg --info (= dpkg-deb --info) to examine archive files.
* libreadline6-dev: 
* libyaml-dev: 0.2.2-1
* libsqlite3-dev: 3.31.1-4ubuntu0.5
=======================================


=== Pre-installed tool versions ========
* git: git version 2.40.0
* mercurial/hg: Mercurial Distributed SCM (version 5.3.1)
* curl: curl 7.68.0 (x86_64-pc-linux-gnu) libcurl/7.68.0 OpenSSL/1.1.1f zlib/1.2.11 brotli/1.0.7 libidn2/2.2.0 libpsl/0.21.0 (+libidn2/2.2.0) libssh/0.9.3/openssl/zlib nghttp2/1.40.0 librtmp/2.3
* wget: GNU Wget 1.20.3 built on linux-gnu.
* rsync: rsync  version 3.1.3  protocol version 31
* sudo: Sudo version 1.8.31
* Python: Python 2.7.18
* pip3: pip 20.0.2 from /usr/lib/python3/dist-packages/pip (python 3.8)
* zip: This is Zip 3.0 (July 5th 2008), by Info-ZIP.
* unzip: UnZip 6.00 of 20 April 2009, by Debian. Original by Info-ZIP.
* tar: tar (GNU tar) 1.30
* tree: tree v1.8.0 (c) 1996 - 2018 by Steve Baker, Thomas Moore, Francesc Rocher, Florian Sesser, Kyosuke Tokoro 
* gcc: gcc (Ubuntu 9.4.0-1ubuntu1~20.04.1) 9.4.0
* clang: clang version 10.0.0-4ubuntu1 
* imagemagick (convert): Version: ImageMagick 6.9.10-23 Q16 x86_64 20190101 https://imagemagick.org
* aws-cli: aws-cli/1.27.102 Python/3.8.10 Linux/5.13.0-1015-gcp botocore/1.29.102
* Transcrypt: 3.9.0
* Ruby: ruby 2.7.6p219 (2022-04-12 revision c9c2245c0a) [x86_64-linux]
  * bundler: Bundler version 2.4.10
  * rubygems: 3.4.10
* Go: go version go1.18.5 linux/amd64
* Node.js: v16.19.1
* NPM: 9.6.2
* Yarn: 1.22.19
* docker: Docker version 23.0.2, build 569dd73
* docker-compose: docker-compose version 1.28.6, build 5db8d86f
* git lfs: git-lfs/3.3.0 (GitHub; linux amd64; go 1.19.3)

* Terraform: v0.12.31
* Packer: 1.8.2
* Ansible: 2.13.8
* Openconnect: v8.05-1
* Shellcheck: 0.7.0
* Gradle: Gradle 8.0.2
* Maven: [1mApache Maven 3.6.3[m
* Java: javac 11.0.18
* Cordova CLI version: 11.1.0
* Ionic CLI version: 7.0.0
* Appcenter-CLI version: 2.13.4
========================================

=== Kotlin ===============================
* Kotlin: Kotlin version 1.7.21-release-272 (JRE 11.0.18+10-post-Ubuntu-0ubuntu120.04.1)
========================================

=== Java ===============================
* JAVA_HOME: /usr/lib/jvm/java-11-openjdk-amd64
* Java: openjdk version "11.0.18" 2023-01-17
* Javac: javac 11.0.18
* Installed JAVA Versions
/usr/lib/jvm/java-11-openjdk-amd64/bin/java
openjdk version "11.0.18" 2023-01-17
OpenJDK Runtime Environment (build 11.0.18+10-post-Ubuntu-0ubuntu120.04.1)
OpenJDK 64-Bit Server VM (build 11.0.18+10-post-Ubuntu-0ubuntu120.04.1, mixed mode, sharing)

/usr/lib/jvm/java-17-openjdk-amd64/bin/java
openjdk version "17.0.6" 2023-01-17
OpenJDK Runtime Environment (build 17.0.6+10-Ubuntu-0ubuntu120.04.1)
OpenJDK 64-Bit Server VM (build 17.0.6+10-Ubuntu-0ubuntu120.04.1, mixed mode, sharing)

/usr/lib/jvm/java-8-openjdk-amd64/jre/bin/java
openjdk version "1.8.0_362"
OpenJDK Runtime Environment (build 1.8.0_362-8u362-ga-0ubuntu1~20.04.1-b09)
OpenJDK 64-Bit Server VM (build 25.362-b09, mixed mode)

* Installed JAVAC Language Compiler Versions
/usr/lib/jvm/java-11-openjdk-amd64/bin/javac
javac 11.0.18

/usr/lib/jvm/java-17-openjdk-amd64/bin/javac
javac 17.0.6

/usr/lib/jvm/java-8-openjdk-amd64/bin/javac
javac 1.8.0_362

========================================


=== Google Cloud SDK components ========
Google Cloud SDK 424.0.0
alpha 2023.03.24
beta 2023.03.24
bq 2.0.89
bundled-python3-unix 3.9.16
core 2023.03.24
gcloud-crc32c 1.0.0
gsutil 5.21
========================================


=== Firebase Tools components ==========
11.25.2
========================================

=== Google Cloud Network Check =========
Network diagnostic detects and fixes local network connection issues.
Checking network connection...
..done.
Reachability Check passed.
Network diagnostic passed (1/1 checks passed).

Property diagnostic detects issues that may be caused by properties.
Checking hidden properties...
done.
Hidden Property Check passed.
Property diagnostic passed (1/1 checks passed).

========================================


=== Testing Android tools ==============
 * adb path:
/opt/android-sdk-linux/platform-tools/adb

 * adb version:
Android Debug Bridge version 1.0.41
Version 34.0.1-9680074
Installed as /opt/android-sdk-linux/platform-tools/adb

 * SDK packages:
* Command line Tools version: 7.0
* Platform Tools version: 34.0.1
* Emulator version: 31.3.14
========================================


=== Android tools/dirs =================

* ANDROID_HOME:
.
..
build-tools
cmdline-tools
emulator
emulator-2
extras
.knownPackages
licenses
ndk-bundle
patcher
platforms
platform-tools
system-images
.temp
tools
tools-2

* ./platform-tools:
adb
dmtracedump
etc1tool
fastboot
hprof-conv
lib64
make_f2fs
make_f2fs_casefold
mke2fs
mke2fs.conf
NOTICE.txt
package.xml
source.properties
sqlite3

* ./build-tools:
26.0.1
26.0.2
27.0.0
27.0.1
27.0.2
27.0.3
28.0.0
28.0.1
28.0.2
28.0.3
29.0.0
29.0.1
29.0.2
29.0.3
30.0.0
30.0.1
30.0.2
30.0.3
31.0.0
32.0.0
33.0.0

* ./emulator:
android-info.txt
bin64
emulator
emulator64-crash-service
emulator-check
goldfish-webrtc-bridge
lib
lib64
LICENSE
mksdcard
NOTICE.csv
NOTICE.txt
perfetto-protozero-protoc-plugin
qemu
qemu-img
qsn
resources
source.properties

* ./extras:
/opt/android-sdk-linux/extras
├── android
│   └── m2repository
├── google
│   ├── google_play_services
│   └── m2repository
└── m2repository
    └── com

7 directories, 0 files

* ./platforms:
android-26
android-27
android-28
android-29
android-30
android-31
android-32
android-33

* ./system-images:
/opt/android-sdk-linux/system-images
├── android-26
│   └── google_apis
│       └── x86
├── android-28
│   └── google_apis
│       └── x86_64
├── android-29
│   └── google_apis
│       └── x86
├── android-30
│   └── google_apis
│       └── x86
├── android-31
│   ├── google_apis
│   │   └── x86_64
│   └── google_atd
│       └── x86_64
├── android-32
│   └── google_apis
│       └── x86_64
└── android-33
    └── google_apis
        └── x86_64

23 directories, 0 files
========================================


=== Android APK tools ==================

* aapt2:
Android Asset Packaging Tool (aapt) 2.19-7984345

* bundletool:
1.11.0

========================================

$ cat /opt/android-sdk-linux/ndk-bundle/source.properties
Pkg.Desc = Android NDK
Pkg.Revision = 23.1.7779620

$ tree -L 2 /opt/android-sdk-linux/ndk-bundle
/opt/android-sdk-linux/ndk-bundle
├── build
│   ├── cmake
│   ├── core
│   ├── dump_compile_commands.py
│   ├── extract_manifest.py
│   ├── extract_platform.py
│   ├── gen_compile_db.py
│   ├── gen_cygpath.py
│   ├── gmsl
│   ├── __init__.py
│   ├── ldflags_to_sanitizers.py
│   ├── ndk-build
│   ├── ndk-build.cmd
│   ├── test_extract_manifest.py
│   ├── test_extract_platform.py
│   ├── test_gen_cygpath.py
│   ├── test_ldflags_to_sanitizers.py
│   └── tools
├── CHANGELOG.md
├── meta
│   ├── abis.json
│   ├── platforms.json
│   └── system_libs.json
├── ndk-build
├── ndk-gdb
├── ndk-lldb
├── ndk-stack
├── ndk-which
├── NOTICE
├── NOTICE.toolchain
├── prebuilt
│   ├── android-arm
│   ├── android-arm64
│   ├── android-x86
│   ├── android-x86_64
│   └── linux-x86_64
├── python-packages
│   ├── adb
│   ├── fastboot
│   ├── gdbrunner
│   ├── NOTICE
│   └── OWNERS
├── README.md
├── shader-tools
│   └── linux-x86_64
├── simpleperf
│   ├── annotate.py
│   ├── api_profiler.py
│   ├── app_api
│   ├── app_profiler.py
│   ├── bin
│   ├── binary_cache_builder.py
│   ├── ChangeLog
│   ├── debug_unwind_reporter.py
│   ├── doc
│   ├── inferno
│   ├── inferno.sh
│   ├── __init__.py
│   ├── pprof_proto_generator.py
│   ├── profile_pb2.py
│   ├── purgatorio
│   ├── report_html.js
│   ├── report_html.py
│   ├── report.py
│   ├── report_sample.py
│   ├── run_simpleperf_on_device.py
│   ├── run_simpleperf_without_usb_connection.py
│   ├── simpleperf_report_lib.py
│   └── simpleperf_utils.py
├── source.properties
├── sources
│   ├── android
│   ├── cxx-stl
│   └── third_party
├── toolchains
│   ├── llvm
│   └── renderscript
└── wrap.sh
    └── asan.sh

32 directories, 47 files

--- Bitrise CLI tool versions
* bitrise: 2.2.5
* stepman: 0.16.0
* envman: 2.4.0
./system_report.sh: line 222: bitrise-bridge: command not found
* bitrise-bridge: No bitrise-bridge installed
========================================


=== All Ruby GEMs ======================
addressable (2.8.1)
artifactory (3.0.15)
atomos (0.1.3)
aws-eventstream (1.2.0)
aws-partitions (1.737.0)
aws-sdk-core (3.171.0)
aws-sdk-kms (1.63.0)
aws-sdk-s3 (1.119.2)
aws-sigv4 (1.5.2)
babosa (2.0.0, 1.0.4)
benchmark (0.2.1, default: 0.1.0)
bigdecimal (3.1.4, default: 2.0.0)
bundler (default: 2.4.10)
CFPropertyList (3.0.6)
cgi (0.3.6, default: 0.1.0.1)
claide (1.1.0)
colored (1.2)
colored2 (3.1.2)
commander (4.6.0)
connection_pool (2.4.0)
csv (3.2.6, default: 3.1.2)
date (3.3.3, default: 3.0.3)
declarative (0.0.20)
delegate (0.3.0, default: 0.1.0)
did_you_mean (1.6.3, default: 1.4.0)
digest-crc (0.6.4)
domain_name (0.5.20190701)
dotenv (2.8.1)
emoji_regex (3.2.3)
etc (1.4.2, default: 1.1.0)
excon (0.99.0)
faraday (2.7.4, 1.10.3)
faraday-cookie_jar (0.0.7)
faraday-em_http (1.0.0)
faraday-em_synchrony (1.0.0)
faraday-excon (2.1.0, 1.1.0)
faraday-httpclient (2.0.1, 1.0.1)
faraday-multipart (1.0.4)
faraday-net_http (3.0.2, 1.0.1)
faraday-net_http_persistent (2.1.0, 1.2.0)
faraday-patron (1.0.0)
faraday-rack (2.0.0, 1.0.0)
faraday-retry (2.1.0, 1.0.3)
faraday_middleware (1.2.0)
fastimage (2.2.6)
fastlane (2.212.1)
fcntl (1.0.2, default: 1.0.0)
fiddle (default: 1.0.0)
fileutils (1.7.0, default: 1.4.1)
forwardable (1.3.3, default: 1.3.1)
gdbm (default: 2.1.0)
getoptlong (0.2.0, default: 0.1.0)
gh_inspector (1.1.3)
google-apis-androidpublisher_v3 (0.37.0)
google-apis-core (0.11.0)
google-apis-iamcredentials_v1 (0.17.0)
google-apis-playcustomapp_v1 (0.13.0)
google-apis-storage_v1 (0.22.0, 0.19.0)
google-cloud-core (1.6.0)
google-cloud-env (1.6.0)
google-cloud-errors (1.3.1)
google-cloud-storage (1.44.0)
googleauth (1.5.0)
highline (2.1.0, 2.0.3)
http-cookie (1.0.5)
httpclient (2.8.3)
io-console (0.6.0, default: 0.5.6)
ipaddr (1.2.5, default: 1.2.2)
irb (1.6.3, default: 1.2.6)
jmespath (1.6.2)
json (2.6.3, default: 2.3.0)
jwt (2.7.0)
logger (1.5.3, default: 1.4.2)
matrix (0.4.2, default: 0.2.0)
memoist (0.16.2)
mini_magick (4.12.0)
mini_mime (1.1.2)
minitest (5.18.0, 5.13.0)
multi_json (1.15.0)
multipart-post (2.3.0, 2.0.0)
mutex_m (0.1.2, default: 0.1.0)
nanaimo (0.3.0)
naturally (2.2.1)
net-http-persistent (4.0.2)
net-pop (0.1.2, default: 0.1.0)
net-protocol (0.2.1)
net-smtp (0.3.3, default: 0.1.0)
net-telnet (0.2.0)
observer (0.1.1, default: 0.1.0)
open3 (0.1.2, default: 0.1.0)
openssl (3.1.0, default: 2.1.3)
optparse (0.3.1, 0.1.1)
os (1.1.4)
ostruct (0.5.5, default: 0.2.0)
plist (3.7.0)
power_assert (2.0.3, 1.1.7)
prime (0.1.2, default: 0.1.1)
pstore (0.1.2, default: 0.1.0)
psych (5.1.0, default: 3.1.0)
public_suffix (5.0.1)
racc (1.6.2, default: 1.4.16)
rake (13.0.6, 13.0.1)
rdoc (6.5.0, default: 6.2.1.1)
readline (0.0.3, default: 0.0.2)
readline-ext (0.1.5, default: 0.1.0)
reline (0.3.3, default: 0.1.5)
representable (3.2.0)
retriable (3.1.2)
rexml (3.2.5, default: 3.2.3.1)
rouge (4.1.0, 2.0.7)
rss (0.2.9, default: 0.2.8)
ruby2_keywords (0.0.5)
rubygems-update (3.4.10)
rubyzip (2.3.2)
sdbm (default: 1.0.0)
security (0.1.5, 0.1.3)
signet (0.17.0)
simctl (1.6.10)
singleton (0.1.1, default: 0.1.0)
stringio (3.0.5, default: 0.1.0)
strscan (3.0.6, default: 1.0.3)
terminal-notifier (2.0.0)
terminal-table (3.0.2, 1.8.0)
test-unit (3.5.7, 3.3.4)
timeout (0.3.2, default: 0.1.0)
tracer (0.1.1, default: 0.1.0)
trailblazer-option (0.1.2)
tty-cursor (0.7.1)
tty-screen (0.8.1)
tty-spinner (0.9.3)
uber (0.1.0)
unf (0.1.4)
unf_ext (0.0.8.2)
unicode-display_width (2.4.2, 1.8.0)
uri (0.12.1, default: 0.10.0)
webrick (1.8.1, default: 1.6.1)
word_wrap (1.0.0)
xcodeproj (1.22.0)
xcpretty (0.3.0)
xcpretty-travis-formatter (1.0.1)
xmlrpc (0.3.2, 0.3.0)
yaml (0.2.1, default: 0.1.0)
zlib (3.0.0, default: 1.1.0)
========================================


=== Linux info =========================
* uname -a
Linux stg-prdfree-20-04-usc1b-90566675-a890-404d-8138-128610034f72 5.13.0-1015-gcp #18~20.04.1-Ubuntu SMP Wed Feb 16 09:46:08 UTC 2022 x86_64 x86_64 x86_64 GNU/Linux
* uname -r
5.13.0-1015-gcp
* lsb_release --all
No LSB modules are available.
Distributor ID:	Ubuntu
Description:	Ubuntu 20.04.6 LTS
Release:	20.04
Codename:	focal
========================================


=== Docker info ========================
Client:
 Context:    default
 Debug Mode: false
 Plugins:
  buildx: Docker Buildx (Docker Inc.)
    Version:  v0.10.4
    Path:     /usr/libexec/docker/cli-plugins/docker-buildx
  compose: Docker Compose (Docker Inc.)
    Version:  v2.17.2
    Path:     /usr/libexec/docker/cli-plugins/docker-compose

Server:
 Containers: 1
  Running: 1
  Paused: 0
  Stopped: 0
 Images: 4
 Server Version: 23.0.2
 Storage Driver: overlay2
  Backing Filesystem: extfs
  Supports d_type: true
  Using metacopy: false
  Native Overlay Diff: true
  userxattr: false
 Logging Driver: json-file
 Cgroup Driver: cgroupfs
 Cgroup Version: 1
 Plugins:
  Volume: local
  Network: bridge host ipvlan macvlan null overlay
  Log: awslogs fluentd gcplogs gelf journald json-file local logentries splunk syslog
 Swarm: inactive
 Runtimes: io.containerd.runc.v2 runc
 Default Runtime: runc
 Init Binary: docker-init
 containerd version: 1e1ea6e986c6c86565bc33d52e34b81b3e2bc71f
 runc version: v1.1.4-0-g5fd4c4d
 init version: de40ad0
 Security Options:
  apparmor
  seccomp
   Profile: builtin
 Kernel Version: 5.13.0-1015-gcp
 Operating System: Ubuntu 20.04.4 LTS
 OSType: linux
 Architecture: x86_64
 CPUs: 16
 Total Memory: 62.8GiB
 Name: stg-prdfree-20-04-usc1b-90566675-a890-404d-8138-128610034f72
 ID: 997d8465-7ce4-4616-aa8b-07aab4ac48b6
 Docker Root Dir: /var/lib/docker
 Debug Mode: false
 Registry: https://index.docker.io/v1/
 Experimental: false
 Insecure Registries:
  127.0.0.0/8
 Live Restore Enabled: false

========================================


=== Docker pre-cached images ===========
bitriseio/android-ndk-20.04 - 47.6GB
quay.io/bitriseio/android-ndk-20.04 - 47.6GB
bitriseio/android-20.04 - 45.3GB
quay.io/bitriseio/android-20.04 - 45.3GB
quay.io/bitriseio/bitrise-base-20.04 - 3.43GB
bitriseio/bitrise-base-20.04 - 3.43GB
bitrisedev/build-env - 5.2GB
========================================


=== System infos =======================
* Free disk space under / :
Filesystem      Size  Used Avail Use% Mounted on
overlay         194G   59G  135G  31% /
* Free disk space under /bitrise/ :
Filesystem      Size  Used Avail Use% Mounted on
/dev/root       194G   59G  135G  31% /bitrise
* Free RAM & swap:
              total        used        free      shared  buff/cache   available
Mem:           62Gi       720Mi        60Gi       1.0Mi       2.0Gi        61Gi
Swap:         4.0Gi          0B       4.0Gi
========================================

