 (i) Ignore Errors: disabled


=== Revision / ID ======================
* BITRISE_OSX_STACK_REV_ID: v2023_02_22
========================================


=== Pre-installed tool versions ========
* Go: go version go1.18.10 darwin/amd64
* Python: Python 2.7.18
* Node.js: v16.19.1
* NPM: 8.19.3
* Yarn: 1.22.19
* Java:   system
  1.8
  1.8.0.352
* 11.0 (set by /Users/vagrant/.jenv/version)
  11.0.17
  17.0
  17.0.5
  8.0
  temurin64-1.8.0.352
  temurin64-11.0.17
  temurin64-17.0.5
* Kotlin: Kotlin version 1.8.10-release-430 (JRE 11.0.17+8)
* Flutter: Flutter 2.10.3 • channel stable • https://github.com/flutter/flutter.git
* fvm: 2.4.1
* Flutter SDKs via fvm: Cache Directory:  /Users/vagrant/fvm/versions

3.0.0
2.10.3 (global)
1.22.6

=== Dart global packages ==================
junitreport 2.0.2
===========================================


* git: git version 2.39.2
* git lfs: git-lfs/3.3.0 (GitHub; darwin amd64; go 1.19.3)
* mercurial/hg: Mercurial Distributed SCM (version 6.3.2)
* curl: curl 7.88.1 (x86_64-apple-darwin21.6.0) libcurl/7.88.1 (SecureTransport) OpenSSL/1.1.1t zlib/1.2.11 brotli/1.0.9 zstd/1.5.4 libidn2/2.3.4 libssh2/1.10.0 nghttp2/1.52.0 librtmp/2.3
* wget: GNU Wget 1.21.3 built on darwin21.6.0.
* rsync: rsync  version 2.6.9  protocol version 29
* unzip: UnZip 6.00 of 20 April 2009, by Info-ZIP.  Maintained by C. Spieler.  Send
* zip: This is Zip 3.0 (July 5th 2008), by Info-ZIP.
* tar: bsdtar 3.5.1 - libarchive 3.5.1 zlib/1.2.11 liblzma/5.0.5 bz2lib/1.0.8 
* tree: tree v2.1.0 © 1996 - 2022 by Steve Baker, Thomas Moore, Francesc Rocher, Florian Sesser, Kyosuke Tokoro

* brew: Homebrew 4.0.3
Homebrew/homebrew-cask (git revision e8cb9523ec; last commit 2023-02-23)
* Ansible: ansible [core 2.14.2]
  config file = /Users/vagrant/git/ansible.cfg
  ansible python module location = /usr/local/Cellar/ansible/7.2.0/libexec/lib/python3.11/site-packages/ansible
  ansible collection location = /Users/vagrant/.ansible/collections:/usr/share/ansible/collections
  executable location = /usr/local/bin/ansible
  python version = 3.11.2 (main, Feb 16 2023, 03:15:23) [Clang 14.0.0 (clang-1400.0.29.202)] (/usr/local/Cellar/ansible/7.2.0/libexec/bin/python3.11)
* gtimeout: timeout (GNU coreutils) 9.1
* watchman: 2023.02.20.00
* flow: Flow, a static type checker for JavaScript, version 0.200.0
* carthage: 0.39.0
* imagemagick (convert): Version: ImageMagick 7.1.0-62 Q16-HDRI x86_64 20885 https://imagemagick.org
* ghostscript (ps2ascii): 10.00.0
* screen: Screen version 4.09.00 (GNU) 30-Jan-22
* firebase: 11.22.0
* applesimutils version 0.9.9
* jq: 1.6
* xcbeautify: 0.17.0
* XCLogParser 0.2.36
* Screen 4.09.00
* applesimutils 0.9.9
* OpenConnect version v9.01
* aws-cli: aws-cli/2.10.2 Python/3.11.2 Darwin/21.6.0 source/x86_64 prompt/off
* cmake: 3.25.2
* danger-swift: 3.15.0
[0;0m
* OpenVPN 2.6.0 x86_64-apple-darwin21.6.0 [SSL (OpenSSL)] [LZO] [LZ4] [PKCS11] [MH/RECVDA] [AEAD]
* tuist: 3.12.0

--- Bitrise CLI tool versions
* bitrise: 2.2.3
* stepman: 0.16.0
* envman: 2.4.0
========================================


=== Brew list versions ==================
ansible 7.2.0
ant 1.10.13
aom 3.6.0
applesimutils 0.9.9
apr 1.7.2
apr-util 1.6.3
argon2 20190702_1
aria2 1.36.0_1
aspell 0.60.8
autoconf 2.71
awscli 2.10.2
bazelisk 1.16.0
bdw-gc 8.2.2
boost 1.81.0_1
brotli 1.0.9
c-ares 1.19.0
ca-certificates 2023-01-10
cairo 1.16.0_5
carthage 0.39.0
cmake 3.25.2
coreutils 9.1
curl 7.88.1
danger-js 64
danger-swift 3.15.0
dart 2.19.2
docutils 0.19_1
double-conversion 3.2.1
edencommon 2023.02.20.00
fb303 2023.02.20.00
fbthrift 2023.02.20.00
fizz 2023.02.20.00
flow 0.200.0
fmt 9.1.0
folly 2023.02.20.00
fontconfig 2.14.2
freetds 1.3.17
freetype 2.13.0
fvm 2.4.1
gd 2.3.3_4
gdbm 1.23
gettext 0.21.1
gflags 2.2.2
ghostscript 10.0.0
giflib 5.2.1
git 2.39.2
git-lfs 3.3.0
glib 2.74.5
glog 0.6.0
gmp 6.2.1_1
gnupg 2.4.0
gnutls 3.8.0
go@1.18 1.18.10
gradle 8.0.1
graphite2 1.3.14
groovy 4.0.9
guile 3.0.9
harfbuzz 7.0.1
highway 1.0.3
hub 2.14.2
icu4c 72.1
imagemagick 7.1.0-62
imath 3.1.6
jasper 4.0.0
jbig2dec 0.19
jenv 0.5.6
jpeg-turbo 2.1.5.1
jpeg-xl 0.8.1
jq 1.6
kotlin 1.8.10
krb5 1.20.1
libassuan 2.5.5
libavif 0.11.1
libde265 1.0.11
libevent 2.1.12
libgcrypt 1.10.1
libgpg-error 1.46
libheif 1.15.1
libidn 1.41
libidn2 2.3.4_1
libksba 1.6.3
liblqr 0.4.2_1
libnghttp2 1.52.0
libomp 15.0.7
libpng 1.6.39
libpq 15.2
libraw 0.21.1
libsodium 1.0.18_1
libssh2 1.10.0
libtasn1 4.19.0
libtiff 4.4.0_1
libtool 2.4.7
libunistring 1.1
libusb 1.0.26
libuv 1.44.2
libvmaf 2.3.1
libx11 1.8.4
libxau 1.0.11
libxcb 1.15_1
libxdmcp 1.1.4
libxext 1.3.5
libxrender 0.9.11
libyaml 0.2.5
libzip 1.9.2
little-cms2 2.14
llvm 15.0.7_1
lokalise2 2.6.8
lz4 1.9.4
lzo 2.10
m4 1.4.19
macos-term-size 1.0.0
maven 3.9.0
mercurial 6.3.2
mint 0.17.5
mpdecimal 2.5.1
nettle 3.8.1
node@12 12.22.12_1.reinstall
node@16 16.19.1
npth 1.6
oniguruma 6.9.8
openconnect 9.01_2
openexr 3.1.5
openjdk 19.0.2
openjdk@17 17.0.6
openjpeg 2.5.0
openldap 2.6.4
openssl@1.1 1.1.1t
openssl@3 3.0.8
openvpn 2.6.0
p11-kit 0.24.1_1
parallel 20230222
pcre2 10.42
php 8.2.3
pinentry 1.2.1
pixman 0.42.2
pkcs11-helper 1.29.0
pkg-config 0.29.2_3
pyenv 2.3.13
python@3.10 3.10.10_1
python@3.11 3.11.2_1
pyyaml 6.0_1
rbenv 1.2.0
readline 8.2.1
rtmpdump 2.4+20151223_1
ruby-build 20230222
screen 4.9.0_1
shared-mime-info 2.2
six 1.16.0_3
snappy 1.1.9
sqlite 3.40.1
stoken 0.92_1
swiftlint 0.50.3
tidy-html5 5.8.0
transcrypt 2.2.1
tree 2.1.0
unbound 1.17.1
unixodbc 2.3.11
wangle 2023.02.20.00
watchman 2023.02.20.00
webp 1.3.0
wget 1.21.3_1
x265 3.5
xcbeautify 0.17.0
xclogparser 0.2.36
xcodes 1.2.0
xorgproto 2022.2
xz 5.4.1
yamllint 1.29.0
yarn 1.22.19
z3 4.12.1
zstd 1.5.4
temurin11 11.0.17,8
temurin17 17.0.5,8
temurin8 8,352,08
========================================


=== Brew deps tree ==================
ansible
├── openssl@1.1
│   └── ca-certificates
├── python@3.11
│   ├── mpdecimal
│   ├── openssl@1.1
│   │   └── ca-certificates
│   ├── sqlite
│   │   └── readline
│   └── xz
├── pyyaml
│   └── libyaml
└── six

ant
└── openjdk
    ├── giflib
    ├── harfbuzz
    │   ├── cairo
    │   │   ├── fontconfig
    │   │   │   └── freetype
    │   │   │       └── libpng
    │   │   ├── freetype
    │   │   │   └── libpng
    │   │   ├── glib
    │   │   │   ├── pcre2
    │   │   │   └── gettext
    │   │   ├── libpng
    │   │   ├── libx11
    │   │   │   ├── libxcb
    │   │   │   │   ├── libxau
    │   │   │   │   │   └── xorgproto
    │   │   │   │   └── libxdmcp
    │   │   │   │       └── xorgproto
    │   │   │   └── xorgproto
    │   │   ├── libxcb
    │   │   │   ├── libxau
    │   │   │   │   └── xorgproto
    │   │   │   └── libxdmcp
    │   │   │       └── xorgproto
    │   │   ├── libxext
    │   │   │   ├── libx11
    │   │   │   │   ├── libxcb
    │   │   │   │   │   ├── libxau
    │   │   │   │   │   │   └── xorgproto
    │   │   │   │   │   └── libxdmcp
    │   │   │   │   │       └── xorgproto
    │   │   │   │   └── xorgproto
    │   │   │   └── xorgproto
    │   │   ├── libxrender
    │   │   │   ├── libx11
    │   │   │   │   ├── libxcb
    │   │   │   │   │   ├── libxau
    │   │   │   │   │   │   └── xorgproto
    │   │   │   │   │   └── libxdmcp
    │   │   │   │   │       └── xorgproto
    │   │   │   │   └── xorgproto
    │   │   │   └── xorgproto
    │   │   ├── lzo
    │   │   └── pixman
    │   ├── freetype
    │   │   └── libpng
    │   ├── glib
    │   │   ├── pcre2
    │   │   └── gettext
    │   ├── graphite2
    │   └── icu4c
    ├── jpeg-turbo
    ├── libpng
    └── little-cms2
        ├── jpeg-turbo
        └── libtiff
            ├── jpeg-turbo
            └── zstd
                ├── lz4
                └── xz

aom
├── jpeg-xl
│   ├── brotli
│   ├── giflib
│   ├── highway
│   ├── imath
│   ├── jpeg-turbo
│   ├── libpng
│   ├── little-cms2
│   │   ├── jpeg-turbo
│   │   └── libtiff
│   │       ├── jpeg-turbo
│   │       └── zstd
│   │           ├── lz4
│   │           └── xz
│   ├── openexr
│   │   └── imath
│   └── webp
│       ├── giflib
│       ├── jpeg-turbo
│       ├── libpng
│       └── libtiff
│           ├── jpeg-turbo
│           └── zstd
│               ├── lz4
│               └── xz
└── libvmaf

wix/brew/applesimutils

apr

apr-util
├── apr
└── openssl@1.1
    └── ca-certificates

argon2

aria2
├── gettext
├── libssh2
│   └── openssl@1.1
│       └── ca-certificates
└── sqlite
    └── readline

aspell

autoconf
└── m4

awscli
├── docutils
│   └── python@3.11
│       ├── mpdecimal
│       ├── openssl@1.1
│       │   └── ca-certificates
│       ├── sqlite
│       │   └── readline
│       └── xz
├── python@3.11
│   ├── mpdecimal
│   ├── openssl@1.1
│   │   └── ca-certificates
│   ├── sqlite
│   │   └── readline
│   └── xz
└── six

bazelisk

bdw-gc

boost
├── icu4c
├── xz
└── zstd
    ├── lz4
    └── xz

brotli

c-ares

ca-certificates

cairo
├── fontconfig
│   └── freetype
│       └── libpng
├── freetype
│   └── libpng
├── glib
│   ├── pcre2
│   └── gettext
├── libpng
├── libx11
│   ├── libxcb
│   │   ├── libxau
│   │   │   └── xorgproto
│   │   └── libxdmcp
│   │       └── xorgproto
│   └── xorgproto
├── libxcb
│   ├── libxau
│   │   └── xorgproto
│   └── libxdmcp
│       └── xorgproto
├── libxext
│   ├── libx11
│   │   ├── libxcb
│   │   │   ├── libxau
│   │   │   │   └── xorgproto
│   │   │   └── libxdmcp
│   │   │       └── xorgproto
│   │   └── xorgproto
│   └── xorgproto
├── libxrender
│   ├── libx11
│   │   ├── libxcb
│   │   │   ├── libxau
│   │   │   │   └── xorgproto
│   │   │   └── libxdmcp
│   │   │       └── xorgproto
│   │   └── xorgproto
│   └── xorgproto
├── lzo
└── pixman

carthage

cmake

coreutils
└── gmp

curl
├── brotli
├── libidn2
│   ├── libunistring
│   └── gettext
├── libnghttp2
├── libssh2
│   └── openssl@1.1
│       └── ca-certificates
├── openldap
│   └── openssl@1.1
│       └── ca-certificates
├── openssl@1.1
│   └── ca-certificates
├── rtmpdump
│   └── openssl@1.1
│       └── ca-certificates
└── zstd
    ├── lz4
    └── xz

danger/tap/danger-js

danger/tap/danger-swift
└── danger/tap/danger-js

dart-lang/dart/dart

docutils
└── python@3.11
    ├── mpdecimal
    ├── openssl@1.1
    │   └── ca-certificates
    ├── sqlite
    │   └── readline
    └── xz

double-conversion

edencommon
├── folly
│   ├── boost
│   │   ├── icu4c
│   │   ├── xz
│   │   └── zstd
│   │       ├── lz4
│   │       └── xz
│   ├── double-conversion
│   ├── fmt
│   ├── gflags
│   ├── glog
│   │   └── gflags
│   ├── libevent
│   │   └── openssl@1.1
│   │       └── ca-certificates
│   ├── lz4
│   ├── openssl@1.1
│   │   └── ca-certificates
│   ├── snappy
│   ├── xz
│   └── zstd
│       ├── lz4
│       └── xz
├── gflags
└── glog
    └── gflags

fb303
├── fbthrift
│   ├── boost
│   │   ├── icu4c
│   │   ├── xz
│   │   └── zstd
│   │       ├── lz4
│   │       └── xz
│   ├── fizz
│   │   ├── boost
│   │   │   ├── icu4c
│   │   │   ├── xz
│   │   │   └── zstd
│   │   │       ├── lz4
│   │   │       └── xz
│   │   ├── double-conversion
│   │   ├── fmt
│   │   ├── folly
│   │   │   ├── boost
│   │   │   │   ├── icu4c
│   │   │   │   ├── xz
│   │   │   │   └── zstd
│   │   │   │       ├── lz4
│   │   │   │       └── xz
│   │   │   ├── double-conversion
│   │   │   ├── fmt
│   │   │   ├── gflags
│   │   │   ├── glog
│   │   │   │   └── gflags
│   │   │   ├── libevent
│   │   │   │   └── openssl@1.1
│   │   │   │       └── ca-certificates
│   │   │   ├── lz4
│   │   │   ├── openssl@1.1
│   │   │   │   └── ca-certificates
│   │   │   ├── snappy
│   │   │   ├── xz
│   │   │   └── zstd
│   │   │       ├── lz4
│   │   │       └── xz
│   │   ├── gflags
│   │   ├── glog
│   │   │   └── gflags
│   │   ├── libevent
│   │   │   └── openssl@1.1
│   │   │       └── ca-certificates
│   │   ├── libsodium
│   │   ├── lz4
│   │   ├── openssl@1.1
│   │   │   └── ca-certificates
│   │   ├── snappy
│   │   └── zstd
│   │       ├── lz4
│   │       └── xz
│   ├── fmt
│   ├── folly
│   │   ├── boost
│   │   │   ├── icu4c
│   │   │   ├── xz
│   │   │   └── zstd
│   │   │       ├── lz4
│   │   │       └── xz
│   │   ├── double-conversion
│   │   ├── fmt
│   │   ├── gflags
│   │   ├── glog
│   │   │   └── gflags
│   │   ├── libevent
│   │   │   └── openssl@1.1
│   │   │       └── ca-certificates
│   │   ├── lz4
│   │   ├── openssl@1.1
│   │   │   └── ca-certificates
│   │   ├── snappy
│   │   ├── xz
│   │   └── zstd
│   │       ├── lz4
│   │       └── xz
│   ├── gflags
│   ├── glog
│   │   └── gflags
│   ├── openssl@1.1
│   │   └── ca-certificates
│   ├── wangle
│   │   ├── boost
│   │   │   ├── icu4c
│   │   │   ├── xz
│   │   │   └── zstd
│   │   │       ├── lz4
│   │   │       └── xz
│   │   ├── double-conversion
│   │   ├── fizz
│   │   │   ├── boost
│   │   │   │   ├── icu4c
│   │   │   │   ├── xz
│   │   │   │   └── zstd
│   │   │   │       ├── lz4
│   │   │   │       └── xz
│   │   │   ├── double-conversion
│   │   │   ├── fmt
│   │   │   ├── folly
│   │   │   │   ├── boost
│   │   │   │   │   ├── icu4c
│   │   │   │   │   ├── xz
│   │   │   │   │   └── zstd
│   │   │   │   │       ├── lz4
│   │   │   │   │       └── xz
│   │   │   │   ├── double-conversion
│   │   │   │   ├── fmt
│   │   │   │   ├── gflags
│   │   │   │   ├── glog
│   │   │   │   │   └── gflags
│   │   │   │   ├── libevent
│   │   │   │   │   └── openssl@1.1
│   │   │   │   │       └── ca-certificates
│   │   │   │   ├── lz4
│   │   │   │   ├── openssl@1.1
│   │   │   │   │   └── ca-certificates
│   │   │   │   ├── snappy
│   │   │   │   ├── xz
│   │   │   │   └── zstd
│   │   │   │       ├── lz4
│   │   │   │       └── xz
│   │   │   ├── gflags
│   │   │   ├── glog
│   │   │   │   └── gflags
│   │   │   ├── libevent
│   │   │   │   └── openssl@1.1
│   │   │   │       └── ca-certificates
│   │   │   ├── libsodium
│   │   │   ├── lz4
│   │   │   ├── openssl@1.1
│   │   │   │   └── ca-certificates
│   │   │   ├── snappy
│   │   │   └── zstd
│   │   │       ├── lz4
│   │   │       └── xz
│   │   ├── fmt
│   │   ├── folly
│   │   │   ├── boost
│   │   │   │   ├── icu4c
│   │   │   │   ├── xz
│   │   │   │   └── zstd
│   │   │   │       ├── lz4
│   │   │   │       └── xz
│   │   │   ├── double-conversion
│   │   │   ├── fmt
│   │   │   ├── gflags
│   │   │   ├── glog
│   │   │   │   └── gflags
│   │   │   ├── libevent
│   │   │   │   └── openssl@1.1
│   │   │   │       └── ca-certificates
│   │   │   ├── lz4
│   │   │   ├── openssl@1.1
│   │   │   │   └── ca-certificates
│   │   │   ├── snappy
│   │   │   ├── xz
│   │   │   └── zstd
│   │   │       ├── lz4
│   │   │       └── xz
│   │   ├── gflags
│   │   ├── glog
│   │   │   └── gflags
│   │   ├── libevent
│   │   │   └── openssl@1.1
│   │   │       └── ca-certificates
│   │   ├── libsodium
│   │   ├── lz4
│   │   ├── openssl@1.1
│   │   │   └── ca-certificates
│   │   ├── snappy
│   │   └── zstd
│   │       ├── lz4
│   │       └── xz
│   └── zstd
│       ├── lz4
│       └── xz
├── fizz
│   ├── boost
│   │   ├── icu4c
│   │   ├── xz
│   │   └── zstd
│   │       ├── lz4
│   │       └── xz
│   ├── double-conversion
│   ├── fmt
│   ├── folly
│   │   ├── boost
│   │   │   ├── icu4c
│   │   │   ├── xz
│   │   │   └── zstd
│   │   │       ├── lz4
│   │   │       └── xz
│   │   ├── double-conversion
│   │   ├── fmt
│   │   ├── gflags
│   │   ├── glog
│   │   │   └── gflags
│   │   ├── libevent
│   │   │   └── openssl@1.1
│   │   │       └── ca-certificates
│   │   ├── lz4
│   │   ├── openssl@1.1
│   │   │   └── ca-certificates
│   │   ├── snappy
│   │   ├── xz
│   │   └── zstd
│   │       ├── lz4
│   │       └── xz
│   ├── gflags
│   ├── glog
│   │   └── gflags
│   ├── libevent
│   │   └── openssl@1.1
│   │       └── ca-certificates
│   ├── libsodium
│   ├── lz4
│   ├── openssl@1.1
│   │   └── ca-certificates
│   ├── snappy
│   └── zstd
│       ├── lz4
│       └── xz
├── fmt
├── folly
│   ├── boost
│   │   ├── icu4c
│   │   ├── xz
│   │   └── zstd
│   │       ├── lz4
│   │       └── xz
│   ├── double-conversion
│   ├── fmt
│   ├── gflags
│   ├── glog
│   │   └── gflags
│   ├── libevent
│   │   └── openssl@1.1
│   │       └── ca-certificates
│   ├── lz4
│   ├── openssl@1.1
│   │   └── ca-certificates
│   ├── snappy
│   ├── xz
│   └── zstd
│       ├── lz4
│       └── xz
├── gflags
├── glog
│   └── gflags
├── openssl@1.1
│   └── ca-certificates
└── wangle
    ├── boost
    │   ├── icu4c
    │   ├── xz
    │   └── zstd
    │       ├── lz4
    │       └── xz
    ├── double-conversion
    ├── fizz
    │   ├── boost
    │   │   ├── icu4c
    │   │   ├── xz
    │   │   └── zstd
    │   │       ├── lz4
    │   │       └── xz
    │   ├── double-conversion
    │   ├── fmt
    │   ├── folly
    │   │   ├── boost
    │   │   │   ├── icu4c
    │   │   │   ├── xz
    │   │   │   └── zstd
    │   │   │       ├── lz4
    │   │   │       └── xz
    │   │   ├── double-conversion
    │   │   ├── fmt
    │   │   ├── gflags
    │   │   ├── glog
    │   │   │   └── gflags
    │   │   ├── libevent
    │   │   │   └── openssl@1.1
    │   │   │       └── ca-certificates
    │   │   ├── lz4
    │   │   ├── openssl@1.1
    │   │   │   └── ca-certificates
    │   │   ├── snappy
    │   │   ├── xz
    │   │   └── zstd
    │   │       ├── lz4
    │   │       └── xz
    │   ├── gflags
    │   ├── glog
    │   │   └── gflags
    │   ├── libevent
    │   │   └── openssl@1.1
    │   │       └── ca-certificates
    │   ├── libsodium
    │   ├── lz4
    │   ├── openssl@1.1
    │   │   └── ca-certificates
    │   ├── snappy
    │   └── zstd
    │       ├── lz4
    │       └── xz
    ├── fmt
    ├── folly
    │   ├── boost
    │   │   ├── icu4c
    │   │   ├── xz
    │   │   └── zstd
    │   │       ├── lz4
    │   │       └── xz
    │   ├── double-conversion
    │   ├── fmt
    │   ├── gflags
    │   ├── glog
    │   │   └── gflags
    │   ├── libevent
    │   │   └── openssl@1.1
    │   │       └── ca-certificates
    │   ├── lz4
    │   ├── openssl@1.1
    │   │   └── ca-certificates
    │   ├── snappy
    │   ├── xz
    │   └── zstd
    │       ├── lz4
    │       └── xz
    ├── gflags
    ├── glog
    │   └── gflags
    ├── libevent
    │   └── openssl@1.1
    │       └── ca-certificates
    ├── libsodium
    ├── lz4
    ├── openssl@1.1
    │   └── ca-certificates
    ├── snappy
    └── zstd
        ├── lz4
        └── xz

fbthrift
├── boost
│   ├── icu4c
│   ├── xz
│   └── zstd
│       ├── lz4
│       └── xz
├── fizz
│   ├── boost
│   │   ├── icu4c
│   │   ├── xz
│   │   └── zstd
│   │       ├── lz4
│   │       └── xz
│   ├── double-conversion
│   ├── fmt
│   ├── folly
│   │   ├── boost
│   │   │   ├── icu4c
│   │   │   ├── xz
│   │   │   └── zstd
│   │   │       ├── lz4
│   │   │       └── xz
│   │   ├── double-conversion
│   │   ├── fmt
│   │   ├── gflags
│   │   ├── glog
│   │   │   └── gflags
│   │   ├── libevent
│   │   │   └── openssl@1.1
│   │   │       └── ca-certificates
│   │   ├── lz4
│   │   ├── openssl@1.1
│   │   │   └── ca-certificates
│   │   ├── snappy
│   │   ├── xz
│   │   └── zstd
│   │       ├── lz4
│   │       └── xz
│   ├── gflags
│   ├── glog
│   │   └── gflags
│   ├── libevent
│   │   └── openssl@1.1
│   │       └── ca-certificates
│   ├── libsodium
│   ├── lz4
│   ├── openssl@1.1
│   │   └── ca-certificates
│   ├── snappy
│   └── zstd
│       ├── lz4
│       └── xz
├── fmt
├── folly
│   ├── boost
│   │   ├── icu4c
│   │   ├── xz
│   │   └── zstd
│   │       ├── lz4
│   │       └── xz
│   ├── double-conversion
│   ├── fmt
│   ├── gflags
│   ├── glog
│   │   └── gflags
│   ├── libevent
│   │   └── openssl@1.1
│   │       └── ca-certificates
│   ├── lz4
│   ├── openssl@1.1
│   │   └── ca-certificates
│   ├── snappy
│   ├── xz
│   └── zstd
│       ├── lz4
│       └── xz
├── gflags
├── glog
│   └── gflags
├── openssl@1.1
│   └── ca-certificates
├── wangle
│   ├── boost
│   │   ├── icu4c
│   │   ├── xz
│   │   └── zstd
│   │       ├── lz4
│   │       └── xz
│   ├── double-conversion
│   ├── fizz
│   │   ├── boost
│   │   │   ├── icu4c
│   │   │   ├── xz
│   │   │   └── zstd
│   │   │       ├── lz4
│   │   │       └── xz
│   │   ├── double-conversion
│   │   ├── fmt
│   │   ├── folly
│   │   │   ├── boost
│   │   │   │   ├── icu4c
│   │   │   │   ├── xz
│   │   │   │   └── zstd
│   │   │   │       ├── lz4
│   │   │   │       └── xz
│   │   │   ├── double-conversion
│   │   │   ├── fmt
│   │   │   ├── gflags
│   │   │   ├── glog
│   │   │   │   └── gflags
│   │   │   ├── libevent
│   │   │   │   └── openssl@1.1
│   │   │   │       └── ca-certificates
│   │   │   ├── lz4
│   │   │   ├── openssl@1.1
│   │   │   │   └── ca-certificates
│   │   │   ├── snappy
│   │   │   ├── xz
│   │   │   └── zstd
│   │   │       ├── lz4
│   │   │       └── xz
│   │   ├── gflags
│   │   ├── glog
│   │   │   └── gflags
│   │   ├── libevent
│   │   │   └── openssl@1.1
│   │   │       └── ca-certificates
│   │   ├── libsodium
│   │   ├── lz4
│   │   ├── openssl@1.1
│   │   │   └── ca-certificates
│   │   ├── snappy
│   │   └── zstd
│   │       ├── lz4
│   │       └── xz
│   ├── fmt
│   ├── folly
│   │   ├── boost
│   │   │   ├── icu4c
│   │   │   ├── xz
│   │   │   └── zstd
│   │   │       ├── lz4
│   │   │       └── xz
│   │   ├── double-conversion
│   │   ├── fmt
│   │   ├── gflags
│   │   ├── glog
│   │   │   └── gflags
│   │   ├── libevent
│   │   │   └── openssl@1.1
│   │   │       └── ca-certificates
│   │   ├── lz4
│   │   ├── openssl@1.1
│   │   │   └── ca-certificates
│   │   ├── snappy
│   │   ├── xz
│   │   └── zstd
│   │       ├── lz4
│   │       └── xz
│   ├── gflags
│   ├── glog
│   │   └── gflags
│   ├── libevent
│   │   └── openssl@1.1
│   │       └── ca-certificates
│   ├── libsodium
│   ├── lz4
│   ├── openssl@1.1
│   │   └── ca-certificates
│   ├── snappy
│   └── zstd
│       ├── lz4
│       └── xz
└── zstd
    ├── lz4
    └── xz

fizz
├── boost
│   ├── icu4c
│   ├── xz
│   └── zstd
│       ├── lz4
│       └── xz
├── double-conversion
├── fmt
├── folly
│   ├── boost
│   │   ├── icu4c
│   │   ├── xz
│   │   └── zstd
│   │       ├── lz4
│   │       └── xz
│   ├── double-conversion
│   ├── fmt
│   ├── gflags
│   ├── glog
│   │   └── gflags
│   ├── libevent
│   │   └── openssl@1.1
│   │       └── ca-certificates
│   ├── lz4
│   ├── openssl@1.1
│   │   └── ca-certificates
│   ├── snappy
│   ├── xz
│   └── zstd
│       ├── lz4
│       └── xz
├── gflags
├── glog
│   └── gflags
├── libevent
│   └── openssl@1.1
│       └── ca-certificates
├── libsodium
├── lz4
├── openssl@1.1
│   └── ca-certificates
├── snappy
└── zstd
    ├── lz4
    └── xz

flow

fmt

folly
├── boost
│   ├── icu4c
│   ├── xz
│   └── zstd
│       ├── lz4
│       └── xz
├── double-conversion
├── fmt
├── gflags
├── glog
│   └── gflags
├── libevent
│   └── openssl@1.1
│       └── ca-certificates
├── lz4
├── openssl@1.1
│   └── ca-certificates
├── snappy
├── xz
└── zstd
    ├── lz4
    └── xz

fontconfig
└── freetype
    └── libpng

freetds
├── openssl@1.1
│   └── ca-certificates
└── unixodbc
    └── libtool
        └── m4

freetype
└── libpng

leoafarias/fvm/fvm

gd
├── fontconfig
│   └── freetype
│       └── libpng
├── freetype
│   └── libpng
├── jpeg-turbo
├── libavif
│   ├── aom
│   │   ├── jpeg-xl
│   │   │   ├── brotli
│   │   │   ├── giflib
│   │   │   ├── highway
│   │   │   ├── imath
│   │   │   ├── jpeg-turbo
│   │   │   ├── libpng
│   │   │   ├── little-cms2
│   │   │   │   ├── jpeg-turbo
│   │   │   │   └── libtiff
│   │   │   │       ├── jpeg-turbo
│   │   │   │       └── zstd
│   │   │   │           ├── lz4
│   │   │   │           └── xz
│   │   │   ├── openexr
│   │   │   │   └── imath
│   │   │   └── webp
│   │   │       ├── giflib
│   │   │       ├── jpeg-turbo
│   │   │       ├── libpng
│   │   │       └── libtiff
│   │   │           ├── jpeg-turbo
│   │   │           └── zstd
│   │   │               ├── lz4
│   │   │               └── xz
│   │   └── libvmaf
│   ├── jpeg-turbo
│   └── libpng
├── libpng
├── libtiff
│   ├── jpeg-turbo
│   └── zstd
│       ├── lz4
│       └── xz
└── webp
    ├── giflib
    ├── jpeg-turbo
    ├── libpng
    └── libtiff
        ├── jpeg-turbo
        └── zstd
            ├── lz4
            └── xz

gdbm

gettext

gflags

ghostscript
├── fontconfig
│   └── freetype
│       └── libpng
├── freetype
│   └── libpng
├── jbig2dec
├── jpeg-turbo
├── libidn
├── libpng
├── libtiff
│   ├── jpeg-turbo
│   └── zstd
│       ├── lz4
│       └── xz
├── little-cms2
│   ├── jpeg-turbo
│   └── libtiff
│       ├── jpeg-turbo
│       └── zstd
│           ├── lz4
│           └── xz
└── openjpeg
    ├── libpng
    ├── libtiff
    │   ├── jpeg-turbo
    │   └── zstd
    │       ├── lz4
    │       └── xz
    └── little-cms2
        ├── jpeg-turbo
        └── libtiff
            ├── jpeg-turbo
            └── zstd
                ├── lz4
                └── xz

giflib

git
├── gettext
└── pcre2

git-lfs

glib
├── pcre2
└── gettext

glog
└── gflags

gmp

gnupg
├── gnutls
│   ├── ca-certificates
│   ├── gmp
│   ├── libidn2
│   │   ├── libunistring
│   │   └── gettext
│   ├── libtasn1
│   ├── libunistring
│   ├── nettle
│   │   └── gmp
│   ├── p11-kit
│   │   ├── ca-certificates
│   │   └── libtasn1
│   └── unbound
│       ├── libevent
│       │   └── openssl@1.1
│       │       └── ca-certificates
│       ├── libnghttp2
│       └── openssl@1.1
│           └── ca-certificates
├── libassuan
│   └── libgpg-error
│       └── gettext
├── libgcrypt
│   └── libgpg-error
│       └── gettext
├── libgpg-error
│   └── gettext
├── libksba
│   └── libgpg-error
│       └── gettext
├── libusb
├── npth
├── pinentry
│   ├── libassuan
│   │   └── libgpg-error
│   │       └── gettext
│   └── libgpg-error
│       └── gettext
├── readline
└── gettext

gnutls
├── ca-certificates
├── gmp
├── libidn2
│   ├── libunistring
│   └── gettext
├── libtasn1
├── libunistring
├── nettle
│   └── gmp
├── p11-kit
│   ├── ca-certificates
│   └── libtasn1
└── unbound
    ├── libevent
    │   └── openssl@1.1
    │       └── ca-certificates
    ├── libnghttp2
    └── openssl@1.1
        └── ca-certificates

go@1.18

gradle
└── openjdk
    ├── giflib
    ├── harfbuzz
    │   ├── cairo
    │   │   ├── fontconfig
    │   │   │   └── freetype
    │   │   │       └── libpng
    │   │   ├── freetype
    │   │   │   └── libpng
    │   │   ├── glib
    │   │   │   ├── pcre2
    │   │   │   └── gettext
    │   │   ├── libpng
    │   │   ├── libx11
    │   │   │   ├── libxcb
    │   │   │   │   ├── libxau
    │   │   │   │   │   └── xorgproto
    │   │   │   │   └── libxdmcp
    │   │   │   │       └── xorgproto
    │   │   │   └── xorgproto
    │   │   ├── libxcb
    │   │   │   ├── libxau
    │   │   │   │   └── xorgproto
    │   │   │   └── libxdmcp
    │   │   │       └── xorgproto
    │   │   ├── libxext
    │   │   │   ├── libx11
    │   │   │   │   ├── libxcb
    │   │   │   │   │   ├── libxau
    │   │   │   │   │   │   └── xorgproto
    │   │   │   │   │   └── libxdmcp
    │   │   │   │   │       └── xorgproto
    │   │   │   │   └── xorgproto
    │   │   │   └── xorgproto
    │   │   ├── libxrender
    │   │   │   ├── libx11
    │   │   │   │   ├── libxcb
    │   │   │   │   │   ├── libxau
    │   │   │   │   │   │   └── xorgproto
    │   │   │   │   │   └── libxdmcp
    │   │   │   │   │       └── xorgproto
    │   │   │   │   └── xorgproto
    │   │   │   └── xorgproto
    │   │   ├── lzo
    │   │   └── pixman
    │   ├── freetype
    │   │   └── libpng
    │   ├── glib
    │   │   ├── pcre2
    │   │   └── gettext
    │   ├── graphite2
    │   └── icu4c
    ├── jpeg-turbo
    ├── libpng
    └── little-cms2
        ├── jpeg-turbo
        └── libtiff
            ├── jpeg-turbo
            └── zstd
                ├── lz4
                └── xz

graphite2

groovy
└── openjdk
    ├── giflib
    ├── harfbuzz
    │   ├── cairo
    │   │   ├── fontconfig
    │   │   │   └── freetype
    │   │   │       └── libpng
    │   │   ├── freetype
    │   │   │   └── libpng
    │   │   ├── glib
    │   │   │   ├── pcre2
    │   │   │   └── gettext
    │   │   ├── libpng
    │   │   ├── libx11
    │   │   │   ├── libxcb
    │   │   │   │   ├── libxau
    │   │   │   │   │   └── xorgproto
    │   │   │   │   └── libxdmcp
    │   │   │   │       └── xorgproto
    │   │   │   └── xorgproto
    │   │   ├── libxcb
    │   │   │   ├── libxau
    │   │   │   │   └── xorgproto
    │   │   │   └── libxdmcp
    │   │   │       └── xorgproto
    │   │   ├── libxext
    │   │   │   ├── libx11
    │   │   │   │   ├── libxcb
    │   │   │   │   │   ├── libxau
    │   │   │   │   │   │   └── xorgproto
    │   │   │   │   │   └── libxdmcp
    │   │   │   │   │       └── xorgproto
    │   │   │   │   └── xorgproto
    │   │   │   └── xorgproto
    │   │   ├── libxrender
    │   │   │   ├── libx11
    │   │   │   │   ├── libxcb
    │   │   │   │   │   ├── libxau
    │   │   │   │   │   │   └── xorgproto
    │   │   │   │   │   └── libxdmcp
    │   │   │   │   │       └── xorgproto
    │   │   │   │   └── xorgproto
    │   │   │   └── xorgproto
    │   │   ├── lzo
    │   │   └── pixman
    │   ├── freetype
    │   │   └── libpng
    │   ├── glib
    │   │   ├── pcre2
    │   │   └── gettext
    │   ├── graphite2
    │   └── icu4c
    ├── jpeg-turbo
    ├── libpng
    └── little-cms2
        ├── jpeg-turbo
        └── libtiff
            ├── jpeg-turbo
            └── zstd
                ├── lz4
                └── xz

guile
├── bdw-gc
├── gmp
├── libtool
│   └── m4
├── libunistring
├── pkg-config
└── readline

harfbuzz
├── cairo
│   ├── fontconfig
│   │   └── freetype
│   │       └── libpng
│   ├── freetype
│   │   └── libpng
│   ├── glib
│   │   ├── pcre2
│   │   └── gettext
│   ├── libpng
│   ├── libx11
│   │   ├── libxcb
│   │   │   ├── libxau
│   │   │   │   └── xorgproto
│   │   │   └── libxdmcp
│   │   │       └── xorgproto
│   │   └── xorgproto
│   ├── libxcb
│   │   ├── libxau
│   │   │   └── xorgproto
│   │   └── libxdmcp
│   │       └── xorgproto
│   ├── libxext
│   │   ├── libx11
│   │   │   ├── libxcb
│   │   │   │   ├── libxau
│   │   │   │   │   └── xorgproto
│   │   │   │   └── libxdmcp
│   │   │   │       └── xorgproto
│   │   │   └── xorgproto
│   │   └── xorgproto
│   ├── libxrender
│   │   ├── libx11
│   │   │   ├── libxcb
│   │   │   │   ├── libxau
│   │   │   │   │   └── xorgproto
│   │   │   │   └── libxdmcp
│   │   │   │       └── xorgproto
│   │   │   └── xorgproto
│   │   └── xorgproto
│   ├── lzo
│   └── pixman
├── freetype
│   └── libpng
├── glib
│   ├── pcre2
│   └── gettext
├── graphite2
└── icu4c

highway

hub

icu4c

imagemagick
├── freetype
│   └── libpng
├── ghostscript
│   ├── fontconfig
│   │   └── freetype
│   │       └── libpng
│   ├── freetype
│   │   └── libpng
│   ├── jbig2dec
│   ├── jpeg-turbo
│   ├── libidn
│   ├── libpng
│   ├── libtiff
│   │   ├── jpeg-turbo
│   │   └── zstd
│   │       ├── lz4
│   │       └── xz
│   ├── little-cms2
│   │   ├── jpeg-turbo
│   │   └── libtiff
│   │       ├── jpeg-turbo
│   │       └── zstd
│   │           ├── lz4
│   │           └── xz
│   └── openjpeg
│       ├── libpng
│       ├── libtiff
│       │   ├── jpeg-turbo
│       │   └── zstd
│       │       ├── lz4
│       │       └── xz
│       └── little-cms2
│           ├── jpeg-turbo
│           └── libtiff
│               ├── jpeg-turbo
│               └── zstd
│                   ├── lz4
│                   └── xz
├── jpeg-turbo
├── libheif
│   ├── aom
│   │   ├── jpeg-xl
│   │   │   ├── brotli
│   │   │   ├── giflib
│   │   │   ├── highway
│   │   │   ├── imath
│   │   │   ├── jpeg-turbo
│   │   │   ├── libpng
│   │   │   ├── little-cms2
│   │   │   │   ├── jpeg-turbo
│   │   │   │   └── libtiff
│   │   │   │       ├── jpeg-turbo
│   │   │   │       └── zstd
│   │   │   │           ├── lz4
│   │   │   │           └── xz
│   │   │   ├── openexr
│   │   │   │   └── imath
│   │   │   └── webp
│   │   │       ├── giflib
│   │   │       ├── jpeg-turbo
│   │   │       ├── libpng
│   │   │       └── libtiff
│   │   │           ├── jpeg-turbo
│   │   │           └── zstd
│   │   │               ├── lz4
│   │   │               └── xz
│   │   └── libvmaf
│   ├── jpeg-turbo
│   ├── libde265
│   ├── libpng
│   ├── shared-mime-info
│   │   └── glib
│   │       ├── pcre2
│   │       └── gettext
│   └── x265
├── liblqr
│   └── glib
│       ├── pcre2
│       └── gettext
├── libpng
├── libraw
│   ├── jasper
│   │   └── jpeg-turbo
│   ├── jpeg-turbo
│   ├── little-cms2
│   │   ├── jpeg-turbo
│   │   └── libtiff
│   │       ├── jpeg-turbo
│   │       └── zstd
│   │           ├── lz4
│   │           └── xz
│   └── libomp
├── libtiff
│   ├── jpeg-turbo
│   └── zstd
│       ├── lz4
│       └── xz
├── libtool
│   └── m4
├── little-cms2
│   ├── jpeg-turbo
│   └── libtiff
│       ├── jpeg-turbo
│       └── zstd
│           ├── lz4
│           └── xz
├── openexr
│   └── imath
├── openjpeg
│   ├── libpng
│   ├── libtiff
│   │   ├── jpeg-turbo
│   │   └── zstd
│   │       ├── lz4
│   │       └── xz
│   └── little-cms2
│       ├── jpeg-turbo
│       └── libtiff
│           ├── jpeg-turbo
│           └── zstd
│               ├── lz4
│               └── xz
├── webp
│   ├── giflib
│   ├── jpeg-turbo
│   ├── libpng
│   └── libtiff
│       ├── jpeg-turbo
│       └── zstd
│           ├── lz4
│           └── xz
├── xz
└── libomp

imath

jasper
└── jpeg-turbo

jbig2dec

jenv

jpeg-turbo

jpeg-xl
├── brotli
├── giflib
├── highway
├── imath
├── jpeg-turbo
├── libpng
├── little-cms2
│   ├── jpeg-turbo
│   └── libtiff
│       ├── jpeg-turbo
│       └── zstd
│           ├── lz4
│           └── xz
├── openexr
│   └── imath
└── webp
    ├── giflib
    ├── jpeg-turbo
    ├── libpng
    └── libtiff
        ├── jpeg-turbo
        └── zstd
            ├── lz4
            └── xz

jq
└── oniguruma

kotlin
└── openjdk
    ├── giflib
    ├── harfbuzz
    │   ├── cairo
    │   │   ├── fontconfig
    │   │   │   └── freetype
    │   │   │       └── libpng
    │   │   ├── freetype
    │   │   │   └── libpng
    │   │   ├── glib
    │   │   │   ├── pcre2
    │   │   │   └── gettext
    │   │   ├── libpng
    │   │   ├── libx11
    │   │   │   ├── libxcb
    │   │   │   │   ├── libxau
    │   │   │   │   │   └── xorgproto
    │   │   │   │   └── libxdmcp
    │   │   │   │       └── xorgproto
    │   │   │   └── xorgproto
    │   │   ├── libxcb
    │   │   │   ├── libxau
    │   │   │   │   └── xorgproto
    │   │   │   └── libxdmcp
    │   │   │       └── xorgproto
    │   │   ├── libxext
    │   │   │   ├── libx11
    │   │   │   │   ├── libxcb
    │   │   │   │   │   ├── libxau
    │   │   │   │   │   │   └── xorgproto
    │   │   │   │   │   └── libxdmcp
    │   │   │   │   │       └── xorgproto
    │   │   │   │   └── xorgproto
    │   │   │   └── xorgproto
    │   │   ├── libxrender
    │   │   │   ├── libx11
    │   │   │   │   ├── libxcb
    │   │   │   │   │   ├── libxau
    │   │   │   │   │   │   └── xorgproto
    │   │   │   │   │   └── libxdmcp
    │   │   │   │   │       └── xorgproto
    │   │   │   │   └── xorgproto
    │   │   │   └── xorgproto
    │   │   ├── lzo
    │   │   └── pixman
    │   ├── freetype
    │   │   └── libpng
    │   ├── glib
    │   │   ├── pcre2
    │   │   └── gettext
    │   ├── graphite2
    │   └── icu4c
    ├── jpeg-turbo
    ├── libpng
    └── little-cms2
        ├── jpeg-turbo
        └── libtiff
            ├── jpeg-turbo
            └── zstd
                ├── lz4
                └── xz

krb5
└── openssl@1.1
    └── ca-certificates

libassuan
└── libgpg-error
    └── gettext

libavif
├── aom
│   ├── jpeg-xl
│   │   ├── brotli
│   │   ├── giflib
│   │   ├── highway
│   │   ├── imath
│   │   ├── jpeg-turbo
│   │   ├── libpng
│   │   ├── little-cms2
│   │   │   ├── jpeg-turbo
│   │   │   └── libtiff
│   │   │       ├── jpeg-turbo
│   │   │       └── zstd
│   │   │           ├── lz4
│   │   │           └── xz
│   │   ├── openexr
│   │   │   └── imath
│   │   └── webp
│   │       ├── giflib
│   │       ├── jpeg-turbo
│   │       ├── libpng
│   │       └── libtiff
│   │           ├── jpeg-turbo
│   │           └── zstd
│   │               ├── lz4
│   │               └── xz
│   └── libvmaf
├── jpeg-turbo
└── libpng

libde265

libevent
└── openssl@1.1
    └── ca-certificates

libgcrypt
└── libgpg-error
    └── gettext

libgpg-error
└── gettext

libheif
├── aom
│   ├── jpeg-xl
│   │   ├── brotli
│   │   ├── giflib
│   │   ├── highway
│   │   ├── imath
│   │   ├── jpeg-turbo
│   │   ├── libpng
│   │   ├── little-cms2
│   │   │   ├── jpeg-turbo
│   │   │   └── libtiff
│   │   │       ├── jpeg-turbo
│   │   │       └── zstd
│   │   │           ├── lz4
│   │   │           └── xz
│   │   ├── openexr
│   │   │   └── imath
│   │   └── webp
│   │       ├── giflib
│   │       ├── jpeg-turbo
│   │       ├── libpng
│   │       └── libtiff
│   │           ├── jpeg-turbo
│   │           └── zstd
│   │               ├── lz4
│   │               └── xz
│   └── libvmaf
├── jpeg-turbo
├── libde265
├── libpng
├── shared-mime-info
│   └── glib
│       ├── pcre2
│       └── gettext
└── x265

libidn

libidn2
├── libunistring
└── gettext

libksba
└── libgpg-error
    └── gettext

liblqr
└── glib
    ├── pcre2
    └── gettext

libnghttp2

libomp

libpng

libpq
├── krb5
│   └── openssl@1.1
│       └── ca-certificates
└── openssl@1.1
    └── ca-certificates

libraw
├── jasper
│   └── jpeg-turbo
├── jpeg-turbo
├── little-cms2
│   ├── jpeg-turbo
│   └── libtiff
│       ├── jpeg-turbo
│       └── zstd
│           ├── lz4
│           └── xz
└── libomp

libsodium

libssh2
└── openssl@1.1
    └── ca-certificates

libtasn1

libtiff
├── jpeg-turbo
└── zstd
    ├── lz4
    └── xz

libtool
└── m4

libunistring

libusb

libuv

libvmaf

libx11
├── libxcb
│   ├── libxau
│   │   └── xorgproto
│   └── libxdmcp
│       └── xorgproto
└── xorgproto

libxau
└── xorgproto

libxcb
├── libxau
│   └── xorgproto
└── libxdmcp
    └── xorgproto

libxdmcp
└── xorgproto

libxext
├── libx11
│   ├── libxcb
│   │   ├── libxau
│   │   │   └── xorgproto
│   │   └── libxdmcp
│   │       └── xorgproto
│   └── xorgproto
└── xorgproto

libxrender
├── libx11
│   ├── libxcb
│   │   ├── libxau
│   │   │   └── xorgproto
│   │   └── libxdmcp
│   │       └── xorgproto
│   └── xorgproto
└── xorgproto

libyaml

libzip
└── zstd
    ├── lz4
    └── xz

little-cms2
├── jpeg-turbo
└── libtiff
    ├── jpeg-turbo
    └── zstd
        ├── lz4
        └── xz

llvm
├── python@3.11
│   ├── mpdecimal
│   ├── openssl@1.1
│   │   └── ca-certificates
│   ├── sqlite
│   │   └── readline
│   └── xz
├── six
├── z3
└── zstd
    ├── lz4
    └── xz

lokalise/cli-2/lokalise2

lz4

lzo

m4

macos-term-size

maven
└── openjdk
    ├── giflib
    ├── harfbuzz
    │   ├── cairo
    │   │   ├── fontconfig
    │   │   │   └── freetype
    │   │   │       └── libpng
    │   │   ├── freetype
    │   │   │   └── libpng
    │   │   ├── glib
    │   │   │   ├── pcre2
    │   │   │   └── gettext
    │   │   ├── libpng
    │   │   ├── libx11
    │   │   │   ├── libxcb
    │   │   │   │   ├── libxau
    │   │   │   │   │   └── xorgproto
    │   │   │   │   └── libxdmcp
    │   │   │   │       └── xorgproto
    │   │   │   └── xorgproto
    │   │   ├── libxcb
    │   │   │   ├── libxau
    │   │   │   │   └── xorgproto
    │   │   │   └── libxdmcp
    │   │   │       └── xorgproto
    │   │   ├── libxext
    │   │   │   ├── libx11
    │   │   │   │   ├── libxcb
    │   │   │   │   │   ├── libxau
    │   │   │   │   │   │   └── xorgproto
    │   │   │   │   │   └── libxdmcp
    │   │   │   │   │       └── xorgproto
    │   │   │   │   └── xorgproto
    │   │   │   └── xorgproto
    │   │   ├── libxrender
    │   │   │   ├── libx11
    │   │   │   │   ├── libxcb
    │   │   │   │   │   ├── libxau
    │   │   │   │   │   │   └── xorgproto
    │   │   │   │   │   └── libxdmcp
    │   │   │   │   │       └── xorgproto
    │   │   │   │   └── xorgproto
    │   │   │   └── xorgproto
    │   │   ├── lzo
    │   │   └── pixman
    │   ├── freetype
    │   │   └── libpng
    │   ├── glib
    │   │   ├── pcre2
    │   │   └── gettext
    │   ├── graphite2
    │   └── icu4c
    ├── jpeg-turbo
    ├── libpng
    └── little-cms2
        ├── jpeg-turbo
        └── libtiff
            ├── jpeg-turbo
            └── zstd
                ├── lz4
                └── xz

mercurial
└── python@3.11
    ├── mpdecimal
    ├── openssl@1.1
    │   └── ca-certificates
    ├── sqlite
    │   └── readline
    └── xz

mint

mpdecimal

nettle
└── gmp

node@12
├── brotli
├── c-ares
├── icu4c
├── libnghttp2
├── libuv
├── openssl@1.1
│   └── ca-certificates
└── macos-term-size

node@16
├── brotli
├── c-ares
├── icu4c
├── libnghttp2
├── libuv
└── openssl@1.1
    └── ca-certificates

npth

oniguruma

openconnect
├── gettext
├── gnutls
│   ├── ca-certificates
│   ├── gmp
│   ├── libidn2
│   │   ├── libunistring
│   │   └── gettext
│   ├── libtasn1
│   ├── libunistring
│   ├── nettle
│   │   └── gmp
│   ├── p11-kit
│   │   ├── ca-certificates
│   │   └── libtasn1
│   └── unbound
│       ├── libevent
│       │   └── openssl@1.1
│       │       └── ca-certificates
│       ├── libnghttp2
│       └── openssl@1.1
│           └── ca-certificates
└── stoken
    └── nettle
        └── gmp

openexr
└── imath

openjdk
├── giflib
├── harfbuzz
│   ├── cairo
│   │   ├── fontconfig
│   │   │   └── freetype
│   │   │       └── libpng
│   │   ├── freetype
│   │   │   └── libpng
│   │   ├── glib
│   │   │   ├── pcre2
│   │   │   └── gettext
│   │   ├── libpng
│   │   ├── libx11
│   │   │   ├── libxcb
│   │   │   │   ├── libxau
│   │   │   │   │   └── xorgproto
│   │   │   │   └── libxdmcp
│   │   │   │       └── xorgproto
│   │   │   └── xorgproto
│   │   ├── libxcb
│   │   │   ├── libxau
│   │   │   │   └── xorgproto
│   │   │   └── libxdmcp
│   │   │       └── xorgproto
│   │   ├── libxext
│   │   │   ├── libx11
│   │   │   │   ├── libxcb
│   │   │   │   │   ├── libxau
│   │   │   │   │   │   └── xorgproto
│   │   │   │   │   └── libxdmcp
│   │   │   │   │       └── xorgproto
│   │   │   │   └── xorgproto
│   │   │   └── xorgproto
│   │   ├── libxrender
│   │   │   ├── libx11
│   │   │   │   ├── libxcb
│   │   │   │   │   ├── libxau
│   │   │   │   │   │   └── xorgproto
│   │   │   │   │   └── libxdmcp
│   │   │   │   │       └── xorgproto
│   │   │   │   └── xorgproto
│   │   │   └── xorgproto
│   │   ├── lzo
│   │   └── pixman
│   ├── freetype
│   │   └── libpng
│   ├── glib
│   │   ├── pcre2
│   │   └── gettext
│   ├── graphite2
│   └── icu4c
├── jpeg-turbo
├── libpng
└── little-cms2
    ├── jpeg-turbo
    └── libtiff
        ├── jpeg-turbo
        └── zstd
            ├── lz4
            └── xz

openjdk@17
├── giflib
├── harfbuzz
│   ├── cairo
│   │   ├── fontconfig
│   │   │   └── freetype
│   │   │       └── libpng
│   │   ├── freetype
│   │   │   └── libpng
│   │   ├── glib
│   │   │   ├── pcre2
│   │   │   └── gettext
│   │   ├── libpng
│   │   ├── libx11
│   │   │   ├── libxcb
│   │   │   │   ├── libxau
│   │   │   │   │   └── xorgproto
│   │   │   │   └── libxdmcp
│   │   │   │       └── xorgproto
│   │   │   └── xorgproto
│   │   ├── libxcb
│   │   │   ├── libxau
│   │   │   │   └── xorgproto
│   │   │   └── libxdmcp
│   │   │       └── xorgproto
│   │   ├── libxext
│   │   │   ├── libx11
│   │   │   │   ├── libxcb
│   │   │   │   │   ├── libxau
│   │   │   │   │   │   └── xorgproto
│   │   │   │   │   └── libxdmcp
│   │   │   │   │       └── xorgproto
│   │   │   │   └── xorgproto
│   │   │   └── xorgproto
│   │   ├── libxrender
│   │   │   ├── libx11
│   │   │   │   ├── libxcb
│   │   │   │   │   ├── libxau
│   │   │   │   │   │   └── xorgproto
│   │   │   │   │   └── libxdmcp
│   │   │   │   │       └── xorgproto
│   │   │   │   └── xorgproto
│   │   │   └── xorgproto
│   │   ├── lzo
│   │   └── pixman
│   ├── freetype
│   │   └── libpng
│   ├── glib
│   │   ├── pcre2
│   │   └── gettext
│   ├── graphite2
│   └── icu4c
├── jpeg-turbo
├── libpng
└── little-cms2
    ├── jpeg-turbo
    └── libtiff
        ├── jpeg-turbo
        └── zstd
            ├── lz4
            └── xz

openjpeg
├── libpng
├── libtiff
│   ├── jpeg-turbo
│   └── zstd
│       ├── lz4
│       └── xz
└── little-cms2
    ├── jpeg-turbo
    └── libtiff
        ├── jpeg-turbo
        └── zstd
            ├── lz4
            └── xz

openldap
└── openssl@1.1
    └── ca-certificates

openssl@1.1
└── ca-certificates

openssl@3
└── ca-certificates

openvpn
├── lz4
├── lzo
├── openssl@1.1
│   └── ca-certificates
└── pkcs11-helper
    └── openssl@1.1
        └── ca-certificates

p11-kit
├── ca-certificates
└── libtasn1

parallel

pcre2

php
├── apr
├── apr-util
│   ├── apr
│   └── openssl@1.1
│       └── ca-certificates
├── argon2
├── aspell
├── autoconf
│   └── m4
├── curl
│   ├── brotli
│   ├── libidn2
│   │   ├── libunistring
│   │   └── gettext
│   ├── libnghttp2
│   ├── libssh2
│   │   └── openssl@1.1
│   │       └── ca-certificates
│   ├── openldap
│   │   └── openssl@1.1
│   │       └── ca-certificates
│   ├── openssl@1.1
│   │   └── ca-certificates
│   ├── rtmpdump
│   │   └── openssl@1.1
│   │       └── ca-certificates
│   └── zstd
│       ├── lz4
│       └── xz
├── freetds
│   ├── openssl@1.1
│   │   └── ca-certificates
│   └── unixodbc
│       └── libtool
│           └── m4
├── gd
│   ├── fontconfig
│   │   └── freetype
│   │       └── libpng
│   ├── freetype
│   │   └── libpng
│   ├── jpeg-turbo
│   ├── libavif
│   │   ├── aom
│   │   │   ├── jpeg-xl
│   │   │   │   ├── brotli
│   │   │   │   ├── giflib
│   │   │   │   ├── highway
│   │   │   │   ├── imath
│   │   │   │   ├── jpeg-turbo
│   │   │   │   ├── libpng
│   │   │   │   ├── little-cms2
│   │   │   │   │   ├── jpeg-turbo
│   │   │   │   │   └── libtiff
│   │   │   │   │       ├── jpeg-turbo
│   │   │   │   │       └── zstd
│   │   │   │   │           ├── lz4
│   │   │   │   │           └── xz
│   │   │   │   ├── openexr
│   │   │   │   │   └── imath
│   │   │   │   └── webp
│   │   │   │       ├── giflib
│   │   │   │       ├── jpeg-turbo
│   │   │   │       ├── libpng
│   │   │   │       └── libtiff
│   │   │   │           ├── jpeg-turbo
│   │   │   │           └── zstd
│   │   │   │               ├── lz4
│   │   │   │               └── xz
│   │   │   └── libvmaf
│   │   ├── jpeg-turbo
│   │   └── libpng
│   ├── libpng
│   ├── libtiff
│   │   ├── jpeg-turbo
│   │   └── zstd
│   │       ├── lz4
│   │       └── xz
│   └── webp
│       ├── giflib
│       ├── jpeg-turbo
│       ├── libpng
│       └── libtiff
│           ├── jpeg-turbo
│           └── zstd
│               ├── lz4
│               └── xz
├── gettext
├── gmp
├── icu4c
├── krb5
│   └── openssl@1.1
│       └── ca-certificates
├── libpq
│   ├── krb5
│   │   └── openssl@1.1
│   │       └── ca-certificates
│   └── openssl@1.1
│       └── ca-certificates
├── libsodium
├── libzip
│   └── zstd
│       ├── lz4
│       └── xz
├── oniguruma
├── openldap
│   └── openssl@1.1
│       └── ca-certificates
├── openssl@1.1
│   └── ca-certificates
├── pcre2
├── sqlite
│   └── readline
├── tidy-html5
└── unixodbc
    └── libtool
        └── m4

pinentry
├── libassuan
│   └── libgpg-error
│       └── gettext
└── libgpg-error
    └── gettext

pixman

pkcs11-helper
└── openssl@1.1
    └── ca-certificates

pkg-config

pyenv
├── autoconf
│   └── m4
├── openssl@3
│   └── ca-certificates
├── pkg-config
└── readline

python@3.10
├── gdbm
├── mpdecimal
├── openssl@1.1
│   └── ca-certificates
├── readline
├── sqlite
│   └── readline
└── xz

python@3.11
├── mpdecimal
├── openssl@1.1
│   └── ca-certificates
├── sqlite
│   └── readline
└── xz

pyyaml
└── libyaml

rbenv
└── ruby-build
    ├── autoconf
    │   └── m4
    ├── pkg-config
    └── readline

readline

rtmpdump
└── openssl@1.1
    └── ca-certificates

ruby-build
├── autoconf
│   └── m4
├── pkg-config
└── readline

screen

shared-mime-info
└── glib
    ├── pcre2
    └── gettext

six

snappy

sqlite
└── readline

stoken
└── nettle
    └── gmp

swiftlint

temurin11

temurin17

temurin8

tidy-html5

transcrypt

tree

unbound
├── libevent
│   └── openssl@1.1
│       └── ca-certificates
├── libnghttp2
└── openssl@1.1
    └── ca-certificates

unixodbc
└── libtool
    └── m4

wangle
├── boost
│   ├── icu4c
│   ├── xz
│   └── zstd
│       ├── lz4
│       └── xz
├── double-conversion
├── fizz
│   ├── boost
│   │   ├── icu4c
│   │   ├── xz
│   │   └── zstd
│   │       ├── lz4
│   │       └── xz
│   ├── double-conversion
│   ├── fmt
│   ├── folly
│   │   ├── boost
│   │   │   ├── icu4c
│   │   │   ├── xz
│   │   │   └── zstd
│   │   │       ├── lz4
│   │   │       └── xz
│   │   ├── double-conversion
│   │   ├── fmt
│   │   ├── gflags
│   │   ├── glog
│   │   │   └── gflags
│   │   ├── libevent
│   │   │   └── openssl@1.1
│   │   │       └── ca-certificates
│   │   ├── lz4
│   │   ├── openssl@1.1
│   │   │   └── ca-certificates
│   │   ├── snappy
│   │   ├── xz
│   │   └── zstd
│   │       ├── lz4
│   │       └── xz
│   ├── gflags
│   ├── glog
│   │   └── gflags
│   ├── libevent
│   │   └── openssl@1.1
│   │       └── ca-certificates
│   ├── libsodium
│   ├── lz4
│   ├── openssl@1.1
│   │   └── ca-certificates
│   ├── snappy
│   └── zstd
│       ├── lz4
│       └── xz
├── fmt
├── folly
│   ├── boost
│   │   ├── icu4c
│   │   ├── xz
│   │   └── zstd
│   │       ├── lz4
│   │       └── xz
│   ├── double-conversion
│   ├── fmt
│   ├── gflags
│   ├── glog
│   │   └── gflags
│   ├── libevent
│   │   └── openssl@1.1
│   │       └── ca-certificates
│   ├── lz4
│   ├── openssl@1.1
│   │   └── ca-certificates
│   ├── snappy
│   ├── xz
│   └── zstd
│       ├── lz4
│       └── xz
├── gflags
├── glog
│   └── gflags
├── libevent
│   └── openssl@1.1
│       └── ca-certificates
├── libsodium
├── lz4
├── openssl@1.1
│   └── ca-certificates
├── snappy
└── zstd
    ├── lz4
    └── xz

watchman
├── boost
│   ├── icu4c
│   ├── xz
│   └── zstd
│       ├── lz4
│       └── xz
├── edencommon
│   ├── folly
│   │   ├── boost
│   │   │   ├── icu4c
│   │   │   ├── xz
│   │   │   └── zstd
│   │   │       ├── lz4
│   │   │       └── xz
│   │   ├── double-conversion
│   │   ├── fmt
│   │   ├── gflags
│   │   ├── glog
│   │   │   └── gflags
│   │   ├── libevent
│   │   │   └── openssl@1.1
│   │   │       └── ca-certificates
│   │   ├── lz4
│   │   ├── openssl@1.1
│   │   │   └── ca-certificates
│   │   ├── snappy
│   │   ├── xz
│   │   └── zstd
│   │       ├── lz4
│   │       └── xz
│   ├── gflags
│   └── glog
│       └── gflags
├── fb303
│   ├── fbthrift
│   │   ├── boost
│   │   │   ├── icu4c
│   │   │   ├── xz
│   │   │   └── zstd
│   │   │       ├── lz4
│   │   │       └── xz
│   │   ├── fizz
│   │   │   ├── boost
│   │   │   │   ├── icu4c
│   │   │   │   ├── xz
│   │   │   │   └── zstd
│   │   │   │       ├── lz4
│   │   │   │       └── xz
│   │   │   ├── double-conversion
│   │   │   ├── fmt
│   │   │   ├── folly
│   │   │   │   ├── boost
│   │   │   │   │   ├── icu4c
│   │   │   │   │   ├── xz
│   │   │   │   │   └── zstd
│   │   │   │   │       ├── lz4
│   │   │   │   │       └── xz
│   │   │   │   ├── double-conversion
│   │   │   │   ├── fmt
│   │   │   │   ├── gflags
│   │   │   │   ├── glog
│   │   │   │   │   └── gflags
│   │   │   │   ├── libevent
│   │   │   │   │   └── openssl@1.1
│   │   │   │   │       └── ca-certificates
│   │   │   │   ├── lz4
│   │   │   │   ├── openssl@1.1
│   │   │   │   │   └── ca-certificates
│   │   │   │   ├── snappy
│   │   │   │   ├── xz
│   │   │   │   └── zstd
│   │   │   │       ├── lz4
│   │   │   │       └── xz
│   │   │   ├── gflags
│   │   │   ├── glog
│   │   │   │   └── gflags
│   │   │   ├── libevent
│   │   │   │   └── openssl@1.1
│   │   │   │       └── ca-certificates
│   │   │   ├── libsodium
│   │   │   ├── lz4
│   │   │   ├── openssl@1.1
│   │   │   │   └── ca-certificates
│   │   │   ├── snappy
│   │   │   └── zstd
│   │   │       ├── lz4
│   │   │       └── xz
│   │   ├── fmt
│   │   ├── folly
│   │   │   ├── boost
│   │   │   │   ├── icu4c
│   │   │   │   ├── xz
│   │   │   │   └── zstd
│   │   │   │       ├── lz4
│   │   │   │       └── xz
│   │   │   ├── double-conversion
│   │   │   ├── fmt
│   │   │   ├── gflags
│   │   │   ├── glog
│   │   │   │   └── gflags
│   │   │   ├── libevent
│   │   │   │   └── openssl@1.1
│   │   │   │       └── ca-certificates
│   │   │   ├── lz4
│   │   │   ├── openssl@1.1
│   │   │   │   └── ca-certificates
│   │   │   ├── snappy
│   │   │   ├── xz
│   │   │   └── zstd
│   │   │       ├── lz4
│   │   │       └── xz
│   │   ├── gflags
│   │   ├── glog
│   │   │   └── gflags
│   │   ├── openssl@1.1
│   │   │   └── ca-certificates
│   │   ├── wangle
│   │   │   ├── boost
│   │   │   │   ├── icu4c
│   │   │   │   ├── xz
│   │   │   │   └── zstd
│   │   │   │       ├── lz4
│   │   │   │       └── xz
│   │   │   ├── double-conversion
│   │   │   ├── fizz
│   │   │   │   ├── boost
│   │   │   │   │   ├── icu4c
│   │   │   │   │   ├── xz
│   │   │   │   │   └── zstd
│   │   │   │   │       ├── lz4
│   │   │   │   │       └── xz
│   │   │   │   ├── double-conversion
│   │   │   │   ├── fmt
│   │   │   │   ├── folly
│   │   │   │   │   ├── boost
│   │   │   │   │   │   ├── icu4c
│   │   │   │   │   │   ├── xz
│   │   │   │   │   │   └── zstd
│   │   │   │   │   │       ├── lz4
│   │   │   │   │   │       └── xz
│   │   │   │   │   ├── double-conversion
│   │   │   │   │   ├── fmt
│   │   │   │   │   ├── gflags
│   │   │   │   │   ├── glog
│   │   │   │   │   │   └── gflags
│   │   │   │   │   ├── libevent
│   │   │   │   │   │   └── openssl@1.1
│   │   │   │   │   │       └── ca-certificates
│   │   │   │   │   ├── lz4
│   │   │   │   │   ├── openssl@1.1
│   │   │   │   │   │   └── ca-certificates
│   │   │   │   │   ├── snappy
│   │   │   │   │   ├── xz
│   │   │   │   │   └── zstd
│   │   │   │   │       ├── lz4
│   │   │   │   │       └── xz
│   │   │   │   ├── gflags
│   │   │   │   ├── glog
│   │   │   │   │   └── gflags
│   │   │   │   ├── libevent
│   │   │   │   │   └── openssl@1.1
│   │   │   │   │       └── ca-certificates
│   │   │   │   ├── libsodium
│   │   │   │   ├── lz4
│   │   │   │   ├── openssl@1.1
│   │   │   │   │   └── ca-certificates
│   │   │   │   ├── snappy
│   │   │   │   └── zstd
│   │   │   │       ├── lz4
│   │   │   │       └── xz
│   │   │   ├── fmt
│   │   │   ├── folly
│   │   │   │   ├── boost
│   │   │   │   │   ├── icu4c
│   │   │   │   │   ├── xz
│   │   │   │   │   └── zstd
│   │   │   │   │       ├── lz4
│   │   │   │   │       └── xz
│   │   │   │   ├── double-conversion
│   │   │   │   ├── fmt
│   │   │   │   ├── gflags
│   │   │   │   ├── glog
│   │   │   │   │   └── gflags
│   │   │   │   ├── libevent
│   │   │   │   │   └── openssl@1.1
│   │   │   │   │       └── ca-certificates
│   │   │   │   ├── lz4
│   │   │   │   ├── openssl@1.1
│   │   │   │   │   └── ca-certificates
│   │   │   │   ├── snappy
│   │   │   │   ├── xz
│   │   │   │   └── zstd
│   │   │   │       ├── lz4
│   │   │   │       └── xz
│   │   │   ├── gflags
│   │   │   ├── glog
│   │   │   │   └── gflags
│   │   │   ├── libevent
│   │   │   │   └── openssl@1.1
│   │   │   │       └── ca-certificates
│   │   │   ├── libsodium
│   │   │   ├── lz4
│   │   │   ├── openssl@1.1
│   │   │   │   └── ca-certificates
│   │   │   ├── snappy
│   │   │   └── zstd
│   │   │       ├── lz4
│   │   │       └── xz
│   │   └── zstd
│   │       ├── lz4
│   │       └── xz
│   ├── fizz
│   │   ├── boost
│   │   │   ├── icu4c
│   │   │   ├── xz
│   │   │   └── zstd
│   │   │       ├── lz4
│   │   │       └── xz
│   │   ├── double-conversion
│   │   ├── fmt
│   │   ├── folly
│   │   │   ├── boost
│   │   │   │   ├── icu4c
│   │   │   │   ├── xz
│   │   │   │   └── zstd
│   │   │   │       ├── lz4
│   │   │   │       └── xz
│   │   │   ├── double-conversion
│   │   │   ├── fmt
│   │   │   ├── gflags
│   │   │   ├── glog
│   │   │   │   └── gflags
│   │   │   ├── libevent
│   │   │   │   └── openssl@1.1
│   │   │   │       └── ca-certificates
│   │   │   ├── lz4
│   │   │   ├── openssl@1.1
│   │   │   │   └── ca-certificates
│   │   │   ├── snappy
│   │   │   ├── xz
│   │   │   └── zstd
│   │   │       ├── lz4
│   │   │       └── xz
│   │   ├── gflags
│   │   ├── glog
│   │   │   └── gflags
│   │   ├── libevent
│   │   │   └── openssl@1.1
│   │   │       └── ca-certificates
│   │   ├── libsodium
│   │   ├── lz4
│   │   ├── openssl@1.1
│   │   │   └── ca-certificates
│   │   ├── snappy
│   │   └── zstd
│   │       ├── lz4
│   │       └── xz
│   ├── fmt
│   ├── folly
│   │   ├── boost
│   │   │   ├── icu4c
│   │   │   ├── xz
│   │   │   └── zstd
│   │   │       ├── lz4
│   │   │       └── xz
│   │   ├── double-conversion
│   │   ├── fmt
│   │   ├── gflags
│   │   ├── glog
│   │   │   └── gflags
│   │   ├── libevent
│   │   │   └── openssl@1.1
│   │   │       └── ca-certificates
│   │   ├── lz4
│   │   ├── openssl@1.1
│   │   │   └── ca-certificates
│   │   ├── snappy
│   │   ├── xz
│   │   └── zstd
│   │       ├── lz4
│   │       └── xz
│   ├── gflags
│   ├── glog
│   │   └── gflags
│   ├── openssl@1.1
│   │   └── ca-certificates
│   └── wangle
│       ├── boost
│       │   ├── icu4c
│       │   ├── xz
│       │   └── zstd
│       │       ├── lz4
│       │       └── xz
│       ├── double-conversion
│       ├── fizz
│       │   ├── boost
│       │   │   ├── icu4c
│       │   │   ├── xz
│       │   │   └── zstd
│       │   │       ├── lz4
│       │   │       └── xz
│       │   ├── double-conversion
│       │   ├── fmt
│       │   ├── folly
│       │   │   ├── boost
│       │   │   │   ├── icu4c
│       │   │   │   ├── xz
│       │   │   │   └── zstd
│       │   │   │       ├── lz4
│       │   │   │       └── xz
│       │   │   ├── double-conversion
│       │   │   ├── fmt
│       │   │   ├── gflags
│       │   │   ├── glog
│       │   │   │   └── gflags
│       │   │   ├── libevent
│       │   │   │   └── openssl@1.1
│       │   │   │       └── ca-certificates
│       │   │   ├── lz4
│       │   │   ├── openssl@1.1
│       │   │   │   └── ca-certificates
│       │   │   ├── snappy
│       │   │   ├── xz
│       │   │   └── zstd
│       │   │       ├── lz4
│       │   │       └── xz
│       │   ├── gflags
│       │   ├── glog
│       │   │   └── gflags
│       │   ├── libevent
│       │   │   └── openssl@1.1
│       │   │       └── ca-certificates
│       │   ├── libsodium
│       │   ├── lz4
│       │   ├── openssl@1.1
│       │   │   └── ca-certificates
│       │   ├── snappy
│       │   └── zstd
│       │       ├── lz4
│       │       └── xz
│       ├── fmt
│       ├── folly
│       │   ├── boost
│       │   │   ├── icu4c
│       │   │   ├── xz
│       │   │   └── zstd
│       │   │       ├── lz4
│       │   │       └── xz
│       │   ├── double-conversion
│       │   ├── fmt
│       │   ├── gflags
│       │   ├── glog
│       │   │   └── gflags
│       │   ├── libevent
│       │   │   └── openssl@1.1
│       │   │       └── ca-certificates
│       │   ├── lz4
│       │   ├── openssl@1.1
│       │   │   └── ca-certificates
│       │   ├── snappy
│       │   ├── xz
│       │   └── zstd
│       │       ├── lz4
│       │       └── xz
│       ├── gflags
│       ├── glog
│       │   └── gflags
│       ├── libevent
│       │   └── openssl@1.1
│       │       └── ca-certificates
│       ├── libsodium
│       ├── lz4
│       ├── openssl@1.1
│       │   └── ca-certificates
│       ├── snappy
│       └── zstd
│           ├── lz4
│           └── xz
├── fmt
├── folly
│   ├── boost
│   │   ├── icu4c
│   │   ├── xz
│   │   └── zstd
│   │       ├── lz4
│   │       └── xz
│   ├── double-conversion
│   ├── fmt
│   ├── gflags
│   ├── glog
│   │   └── gflags
│   ├── libevent
│   │   └── openssl@1.1
│   │       └── ca-certificates
│   ├── lz4
│   ├── openssl@1.1
│   │   └── ca-certificates
│   ├── snappy
│   ├── xz
│   └── zstd
│       ├── lz4
│       └── xz
├── gflags
├── glog
│   └── gflags
├── libevent
│   └── openssl@1.1
│       └── ca-certificates
├── openssl@1.1
│   └── ca-certificates
├── pcre2
└── python@3.11
    ├── mpdecimal
    ├── openssl@1.1
    │   └── ca-certificates
    ├── sqlite
    │   └── readline
    └── xz

webp
├── giflib
├── jpeg-turbo
├── libpng
└── libtiff
    ├── jpeg-turbo
    └── zstd
        ├── lz4
        └── xz

wget
├── libidn2
│   ├── libunistring
│   └── gettext
└── openssl@3
    └── ca-certificates

x265

xcbeautify

xclogparser

robotsandpencils/made/xcodes

xorgproto

xz

yamllint
├── python@3.11
│   ├── mpdecimal
│   ├── openssl@1.1
│   │   └── ca-certificates
│   ├── sqlite
│   │   └── readline
│   └── xz
└── pyyaml
    └── libyaml

yarn

z3

zstd
├── lz4
└── xz

========================================


=== Ruby and rubygems ==================
* Ruby (default): ruby 2.7.6p219 (2022-04-12 revision c9c2245c0a) [x86_64-darwin21]
--- Available ruby versions ---
  system
  2.6.9
  2.7.2
  2.7.5
* 2.7.6 (set by /Users/vagrant/.rbenv/version)
  3.0.0
  3.0.3
  3.1.0
  3.1.3
-------------------------------
* rbenv: 1.2.0
* Rubygems: 3.1.6
* Bundler: Bundler version 2.4.7
* CocoaPods: 1.11.3
* xcpretty: 0.3.0
========================================


=== All Ruby GEMs ======================
activesupport (6.1.7.2)
addressable (2.8.1)
algoliasearch (1.27.5)
artifactory (3.0.15)
atomos (0.1.3)
aws-eventstream (1.2.0)
aws-partitions (1.715.0)
aws-sdk-core (3.170.0)
aws-sdk-kms (1.62.0)
aws-sdk-s3 (1.119.1)
aws-sigv4 (1.5.2)
babosa (1.0.4)
benchmark (default: 0.1.0)
bigdecimal (default: 2.0.0)
bundler (2.4.7, default: 2.1.4)
CFPropertyList (3.0.6)
cgi (default: 0.1.0.1)
claide (1.1.0)
clamp (1.3.2)
cocoapods (1.11.3)
cocoapods-core (1.11.3)
cocoapods-deintegrate (1.0.5)
cocoapods-downloader (1.6.3)
cocoapods-plugins (1.0.0)
cocoapods-search (1.0.1)
cocoapods-trunk (1.6.0)
cocoapods-try (1.2.0)
colored (1.2)
colored2 (3.1.2)
commander (4.6.0)
concurrent-ruby (1.2.0)
csv (default: 3.1.2)
date (default: 3.0.3)
dbm (default: 1.1.0)
declarative (0.0.20)
delegate (default: 0.1.0)
did_you_mean (default: 1.4.0)
digest-crc (0.6.4)
domain_name (0.5.20190701)
dotenv (2.8.1)
emoji_regex (3.2.3)
escape (0.0.4)
etc (default: 1.1.0)
ethon (0.16.0)
excon (0.99.0)
faraday (1.10.3)
faraday-cookie_jar (0.0.7)
faraday-em_http (1.0.0)
faraday-em_synchrony (1.0.0)
faraday-excon (1.1.0)
faraday-httpclient (1.0.1)
faraday-multipart (1.0.4)
faraday-net_http (1.0.1)
faraday-net_http_persistent (1.2.0)
faraday-patron (1.0.0)
faraday-rack (1.0.0)
faraday-retry (1.0.3)
faraday_middleware (1.2.0)
fastimage (2.2.6)
fastlane (2.212.0)
fcntl (default: 1.0.0)
ffi (1.15.5)
fiddle (default: 1.0.0)
fileutils (default: 1.4.1)
forwardable (default: 1.3.1)
fourflusher (2.3.1)
fuzzy_match (2.0.4)
gdbm (default: 2.1.0)
getoptlong (default: 0.1.0)
gh_inspector (1.1.3)
google-apis-androidpublisher_v3 (0.34.0)
google-apis-core (0.11.0)
google-apis-iamcredentials_v1 (0.17.0)
google-apis-playcustomapp_v1 (0.12.0)
google-apis-storage_v1 (0.19.0)
google-cloud-core (1.6.0)
google-cloud-env (1.6.0)
google-cloud-errors (1.3.0)
google-cloud-storage (1.44.0)
googleauth (1.3.0)
highline (2.0.3)
http-cookie (1.0.5)
httpclient (2.8.3)
i18n (1.12.0)
io-console (default: 0.5.6)
ipaddr (default: 1.2.2)
irb (default: 1.2.6)
jazzy (0.14.3)
jmespath (1.6.2)
json (default: 2.3.0)
jwt (2.7.0)
liferaft (0.0.6)
logger (default: 1.4.2)
matrix (default: 0.2.0)
memoist (0.16.2)
mini_magick (4.12.0)
mini_mime (1.1.2)
minitest (5.17.0)
molinillo (0.8.0)
multi_json (1.15.0)
multipart-post (2.0.0)
mustache (1.1.1)
mutex_m (default: 0.1.0)
nanaimo (0.3.0)
nap (1.1.0)
naturally (2.2.1)
net-pop (default: 0.1.0)
net-smtp (default: 0.1.0)
netrc (0.11.0)
nokogiri (1.14.2 x86_64-darwin)
observer (default: 0.1.0)
open3 (default: 0.1.0)
open4 (1.3.4)
openssl (default: 2.1.3)
optparse (0.1.1)
os (1.1.4)
ostruct (default: 0.2.0)
plist (3.7.0)
prime (default: 0.1.1)
pstore (default: 0.1.0)
psych (default: 3.1.0)
public_suffix (4.0.7)
racc (default: 1.4.16)
rake (13.0.6)
rdoc (default: 6.2.1.1)
readline (default: 0.0.2)
readline-ext (default: 0.1.0)
redcarpet (3.6.0)
reline (default: 0.1.5)
representable (3.2.0)
retriable (3.1.2)
rexml (3.2.5, default: 3.2.3.1)
rouge (2.0.7)
rss (default: 0.2.8)
ruby-macho (2.5.1)
ruby2_keywords (0.0.5)
rubyzip (2.3.2)
sassc (2.4.0)
sdbm (default: 1.0.0)
security (0.1.3)
signet (0.17.0)
simctl (1.6.10)
singleton (default: 0.1.0)
slack-notifier (2.4.0)
slather (2.7.4)
sqlite3 (1.6.1 x86_64-darwin)
stringio (default: 0.1.0)
strscan (default: 1.0.3)
terminal-notifier (2.0.0)
terminal-table (1.8.0)
timeout (default: 0.1.0)
tracer (default: 0.1.0)
trailblazer-option (0.1.2)
trainer (0.9.1)
tty-cursor (0.7.1)
tty-screen (0.8.1)
tty-spinner (0.9.3)
typhoeus (1.4.0)
tzinfo (2.0.6)
uber (0.1.0)
unf (0.1.4)
unf_ext (0.0.8.2)
unicode-display_width (1.8.0)
uri (default: 0.10.0)
webrick (default: 1.6.1)
word_wrap (1.0.0)
xcinvoke (0.3.0)
xcode-install (2.8.1)
xcodeproj (1.22.0)
xcov (1.8.1)
xcpretty (0.3.0)
xcpretty-json-formatter (0.1.1)
xcpretty-travis-formatter (1.0.1)
xcresult (0.2.1)
yaml (default: 0.1.0)
zeitwerk (2.6.7)
zlib (default: 1.1.0)
========================================


=== NPM global packages ==========================
* Cordova: 11.0.0 (cordova-lib@11.1.0)
* Ionic: 6.20.1
* Appcenter-CLI version: 2.11.0
========================================


=== Checking Xcode CLT dirs ============

 ls -1 /Library/Developer/CommandLineTools/SDKs/MacOSX.sdk/usr/include/CommonCrypto
CommonCrypto.h
CommonCryptoError.h
CommonCryptor.h
CommonDigest.h
CommonHMAC.h
CommonKeyDerivation.h
CommonRandom.h
CommonSymmetricKeywrap.h
module.modulemap

 * ls -1 /Library/Developer/CommandLineTools/
Library
SDKs
usr

 * /Library/Developer/CommandLineTools/usr/bin/swift --version
Apple Swift version 5.7.2 (swiftlang-5.7.2.135.5 clang-1400.0.29.51)
Target: x86_64-apple-darwin21.6.0

 * xcrun swift --version
Apple Swift version 5.6 (swiftlang-5.6.0.323.62 clang-1316.0.20.8)
Target: x86_64-apple-macosx12.0

========================================


=== Xcode ==============================

* Active Xcode Command Line Tools:
/Applications/Xcode-13.3.1.app/Contents/Developer

* Xcode Version:
Xcode 13.3.1
Build version 13E500a

* /usr/bin/swift --version
Apple Swift version 5.6 (swiftlang-5.6.0.323.62 clang-1316.0.20.8)
Target: x86_64-apple-macosx12.0

* Installed SDKs:
DriverKit SDKs:
	DriverKit 21.4                	-sdk driverkit21.4

iOS SDKs:
	iOS 15.4                      	-sdk iphoneos15.4

iOS Simulator SDKs:
	Simulator - iOS 15.4          	-sdk iphonesimulator15.4

macOS SDKs:
	macOS 12.3                    	-sdk macosx12.3

tvOS SDKs:
	tvOS 15.4                     	-sdk appletvos15.4

tvOS Simulator SDKs:
	Simulator - tvOS 15.4         	-sdk appletvsimulator15.4

watchOS SDKs:
	watchOS 8.5                   	-sdk watchos8.5

watchOS Simulator SDKs:
	Simulator - watchOS 8.5       	-sdk watchsimulator8.5


* Available Simulators:
== Device Types ==
iPhone 4s (com.apple.CoreSimulator.SimDeviceType.iPhone-4s)
iPhone 5 (com.apple.CoreSimulator.SimDeviceType.iPhone-5)
iPhone 5s (com.apple.CoreSimulator.SimDeviceType.iPhone-5s)
iPhone 6 Plus (com.apple.CoreSimulator.SimDeviceType.iPhone-6-Plus)
iPhone 6 (com.apple.CoreSimulator.SimDeviceType.iPhone-6)
iPhone 6s (com.apple.CoreSimulator.SimDeviceType.iPhone-6s)
iPhone 6s Plus (com.apple.CoreSimulator.SimDeviceType.iPhone-6s-Plus)
iPhone SE (1st generation) (com.apple.CoreSimulator.SimDeviceType.iPhone-SE)
iPhone 7 (com.apple.CoreSimulator.SimDeviceType.iPhone-7)
iPhone 7 Plus (com.apple.CoreSimulator.SimDeviceType.iPhone-7-Plus)
iPhone 8 (com.apple.CoreSimulator.SimDeviceType.iPhone-8)
iPhone 8 Plus (com.apple.CoreSimulator.SimDeviceType.iPhone-8-Plus)
iPhone X (com.apple.CoreSimulator.SimDeviceType.iPhone-X)
iPhone Xs (com.apple.CoreSimulator.SimDeviceType.iPhone-XS)
iPhone Xs Max (com.apple.CoreSimulator.SimDeviceType.iPhone-XS-Max)
iPhone Xʀ (com.apple.CoreSimulator.SimDeviceType.iPhone-XR)
iPhone 11 (com.apple.CoreSimulator.SimDeviceType.iPhone-11)
iPhone 11 Pro (com.apple.CoreSimulator.SimDeviceType.iPhone-11-Pro)
iPhone 11 Pro Max (com.apple.CoreSimulator.SimDeviceType.iPhone-11-Pro-Max)
iPhone SE (2nd generation) (com.apple.CoreSimulator.SimDeviceType.iPhone-SE--2nd-generation-)
iPhone 12 mini (com.apple.CoreSimulator.SimDeviceType.iPhone-12-mini)
iPhone 12 (com.apple.CoreSimulator.SimDeviceType.iPhone-12)
iPhone 12 Pro (com.apple.CoreSimulator.SimDeviceType.iPhone-12-Pro)
iPhone 12 Pro Max (com.apple.CoreSimulator.SimDeviceType.iPhone-12-Pro-Max)
iPhone 13 Pro (com.apple.CoreSimulator.SimDeviceType.iPhone-13-Pro)
iPhone 13 Pro Max (com.apple.CoreSimulator.SimDeviceType.iPhone-13-Pro-Max)
iPhone 13 mini (com.apple.CoreSimulator.SimDeviceType.iPhone-13-mini)
iPhone 13 (com.apple.CoreSimulator.SimDeviceType.iPhone-13)
iPhone SE (3rd generation) (com.apple.CoreSimulator.SimDeviceType.iPhone-SE-3rd-generation)
iPod touch (7th generation) (com.apple.CoreSimulator.SimDeviceType.iPod-touch--7th-generation-)
iPad 2 (com.apple.CoreSimulator.SimDeviceType.iPad-2)
iPad Retina (com.apple.CoreSimulator.SimDeviceType.iPad-Retina)
iPad Air (com.apple.CoreSimulator.SimDeviceType.iPad-Air)
iPad mini 2 (com.apple.CoreSimulator.SimDeviceType.iPad-mini-2)
iPad mini 3 (com.apple.CoreSimulator.SimDeviceType.iPad-mini-3)
iPad mini 4 (com.apple.CoreSimulator.SimDeviceType.iPad-mini-4)
iPad Air 2 (com.apple.CoreSimulator.SimDeviceType.iPad-Air-2)
iPad Pro (9.7-inch) (com.apple.CoreSimulator.SimDeviceType.iPad-Pro--9-7-inch-)
iPad Pro (12.9-inch) (1st generation) (com.apple.CoreSimulator.SimDeviceType.iPad-Pro)
iPad (5th generation) (com.apple.CoreSimulator.SimDeviceType.iPad--5th-generation-)
iPad Pro (12.9-inch) (2nd generation) (com.apple.CoreSimulator.SimDeviceType.iPad-Pro--12-9-inch---2nd-generation-)
iPad Pro (10.5-inch) (com.apple.CoreSimulator.SimDeviceType.iPad-Pro--10-5-inch-)
iPad (6th generation) (com.apple.CoreSimulator.SimDeviceType.iPad--6th-generation-)
iPad (7th generation) (com.apple.CoreSimulator.SimDeviceType.iPad--7th-generation-)
iPad Pro (11-inch) (1st generation) (com.apple.CoreSimulator.SimDeviceType.iPad-Pro--11-inch-)
iPad Pro (12.9-inch) (3rd generation) (com.apple.CoreSimulator.SimDeviceType.iPad-Pro--12-9-inch---3rd-generation-)
iPad Pro (11-inch) (2nd generation) (com.apple.CoreSimulator.SimDeviceType.iPad-Pro--11-inch---2nd-generation-)
iPad Pro (12.9-inch) (4th generation) (com.apple.CoreSimulator.SimDeviceType.iPad-Pro--12-9-inch---4th-generation-)
iPad mini (5th generation) (com.apple.CoreSimulator.SimDeviceType.iPad-mini--5th-generation-)
iPad Air (3rd generation) (com.apple.CoreSimulator.SimDeviceType.iPad-Air--3rd-generation-)
iPad (8th generation) (com.apple.CoreSimulator.SimDeviceType.iPad--8th-generation-)
iPad (9th generation) (com.apple.CoreSimulator.SimDeviceType.iPad-9th-generation)
iPad Air (4th generation) (com.apple.CoreSimulator.SimDeviceType.iPad-Air--4th-generation-)
iPad Pro (11-inch) (3rd generation) (com.apple.CoreSimulator.SimDeviceType.iPad-Pro-11-inch-3rd-generation)
iPad Pro (12.9-inch) (5th generation) (com.apple.CoreSimulator.SimDeviceType.iPad-Pro-12-9-inch-5th-generation)
iPad Air (5th generation) (com.apple.CoreSimulator.SimDeviceType.iPad-Air-5th-generation)
iPad mini (6th generation) (com.apple.CoreSimulator.SimDeviceType.iPad-mini-6th-generation)
Apple TV (com.apple.CoreSimulator.SimDeviceType.Apple-TV-1080p)
Apple TV 4K (com.apple.CoreSimulator.SimDeviceType.Apple-TV-4K-4K)
Apple TV 4K (at 1080p) (com.apple.CoreSimulator.SimDeviceType.Apple-TV-4K-1080p)
Apple TV 4K (2nd generation) (com.apple.CoreSimulator.SimDeviceType.Apple-TV-4K-2nd-generation-4K)
Apple TV 4K (at 1080p) (2nd generation) (com.apple.CoreSimulator.SimDeviceType.Apple-TV-4K-2nd-generation-1080p)
Apple Watch - 38mm (com.apple.CoreSimulator.SimDeviceType.Apple-Watch-38mm)
Apple Watch - 42mm (com.apple.CoreSimulator.SimDeviceType.Apple-Watch-42mm)
Apple Watch Series 2 - 38mm (com.apple.CoreSimulator.SimDeviceType.Apple-Watch-Series-2-38mm)
Apple Watch Series 2 - 42mm (com.apple.CoreSimulator.SimDeviceType.Apple-Watch-Series-2-42mm)
Apple Watch Series 3 - 38mm (com.apple.CoreSimulator.SimDeviceType.Apple-Watch-Series-3-38mm)
Apple Watch Series 3 - 42mm (com.apple.CoreSimulator.SimDeviceType.Apple-Watch-Series-3-42mm)
Apple Watch Series 4 - 40mm (com.apple.CoreSimulator.SimDeviceType.Apple-Watch-Series-4-40mm)
Apple Watch Series 4 - 44mm (com.apple.CoreSimulator.SimDeviceType.Apple-Watch-Series-4-44mm)
Apple Watch Series 5 - 40mm (com.apple.CoreSimulator.SimDeviceType.Apple-Watch-Series-5-40mm)
Apple Watch Series 5 - 44mm (com.apple.CoreSimulator.SimDeviceType.Apple-Watch-Series-5-44mm)
Apple Watch SE - 40mm (com.apple.CoreSimulator.SimDeviceType.Apple-Watch-SE-40mm)
Apple Watch SE - 44mm (com.apple.CoreSimulator.SimDeviceType.Apple-Watch-SE-44mm)
Apple Watch Series 6 - 40mm (com.apple.CoreSimulator.SimDeviceType.Apple-Watch-Series-6-40mm)
Apple Watch Series 6 - 44mm (com.apple.CoreSimulator.SimDeviceType.Apple-Watch-Series-6-44mm)
Apple Watch Series 7 - 41mm (com.apple.CoreSimulator.SimDeviceType.Apple-Watch-Series-7-41mm)
Apple Watch Series 7 - 45mm (com.apple.CoreSimulator.SimDeviceType.Apple-Watch-Series-7-45mm)
== Runtimes ==
iOS 13.7 (13.7 - 17H22) - com.apple.CoreSimulator.SimRuntime.iOS-13-7
iOS 14.5 (14.5 - 18E182) - com.apple.CoreSimulator.SimRuntime.iOS-14-5
iOS 15.0 (15.0 - 19A339) - com.apple.CoreSimulator.SimRuntime.iOS-15-0
iOS 15.2 (15.2 - 19C51) - com.apple.CoreSimulator.SimRuntime.iOS-15-2
iOS 15.4 (15.4 - 19E240) - com.apple.CoreSimulator.SimRuntime.iOS-15-4
iOS 15.4 (15.4 - 19E240) - com.apple.CoreSimulator.SimRuntime.iOS-15-4
iOS 15.5 (15.5 - 19F70) - com.apple.CoreSimulator.SimRuntime.iOS-15-5
tvOS 13.4 (13.4 - 17L255) - com.apple.CoreSimulator.SimRuntime.tvOS-13-4
tvOS 15.0 (15.0 - 19J344) - com.apple.CoreSimulator.SimRuntime.tvOS-15-0
tvOS 15.2 (15.2 - 19K50) - com.apple.CoreSimulator.SimRuntime.tvOS-15-2
tvOS 15.4 (15.4 - 19L439) - com.apple.CoreSimulator.SimRuntime.tvOS-15-4
tvOS 15.4 (15.4 - 19L439) - com.apple.CoreSimulator.SimRuntime.tvOS-15-4
watchOS 8.0 (8.0 - 19R345) - com.apple.CoreSimulator.SimRuntime.watchOS-8-0
watchOS 8.3 (8.3 - 19S51) - com.apple.CoreSimulator.SimRuntime.watchOS-8-3
watchOS 8.5 (8.5 - 19T241) - com.apple.CoreSimulator.SimRuntime.watchOS-8-5
watchOS 8.5 (8.5 - 19T241) - com.apple.CoreSimulator.SimRuntime.watchOS-8-5
== Devices ==
-- iOS 13.7 --
    iPhone 8 (B7CD7A88-133F-4E00-99E1-7EA5EEF2A4F0) (Shutdown) 
    iPhone 8 Plus (016BC535-66C7-41FE-92F3-93748CFB6FF9) (Shutdown) 
    iPhone 8 Plus (8BF0B85A-C018-4EC6-865B-06259EB9DA05) (Shutdown) 
    iPhone 11 (863BCC5E-4FCC-4AB7-A5B5-99D7BC47EF79) (Shutdown) 
    iPhone 11 (D240B1FF-AA9C-48D4-9995-ED602694305B) (Shutdown) 
    iPhone 11 Pro (D7F9CD75-653F-440E-882A-DE0E922A0C83) (Shutdown) 
    iPhone 11 Pro Max (A2B8B542-4D99-4EF6-A517-0F886A88F319) (Shutdown) 
    iPhone SE (2nd generation) (1C2CFFB2-05E1-4E8F-ABA7-CE12D28792C2) (Shutdown) 
    iPad Pro (9.7-inch) (179C42D9-247C-445C-8776-44D53E0F0FAD) (Shutdown) 
    iPad (7th generation) (2D869A61-DFF8-474A-9100-647A09AD115F) (Shutdown) 
    iPad Pro (11-inch) (2nd generation) (6324525D-C6FE-4339-A93A-84F80409F02D) (Shutdown) 
    iPad Pro (12.9-inch) (4th generation) (07796962-AAAC-4365-8E53-4B0B70FCAFCD) (Shutdown) 
    iPad Air (3rd generation) (C9D75362-25D6-4D1A-AE2B-78407B560D91) (Shutdown) 
-- iOS 14.5 --
    iPhone 8 (EAF0D992-1EDA-41C3-B4F5-C7FD2816A8D9) (Shutdown) 
    iPhone 8 Plus (26BBA638-C882-4F82-AEAE-DDAB3623389D) (Shutdown) 
    iPhone 11 (2E2FE897-51CC-491E-82D4-25AE8A47634F) (Shutdown) 
    iPhone 11 Pro (903DC94D-7D99-4A82-88B2-4F832B894125) (Shutdown) 
    iPhone 11 Pro Max (34B8187B-0583-4309-847C-7ED64FA80AEA) (Shutdown) 
    iPhone SE (2nd generation) (6C158565-1696-4538-A4D0-98849905862E) (Shutdown) 
    iPhone 12 mini (1D900054-FEA7-4E09-B618-56BCA869C990) (Shutdown) 
    iPhone 12 (F2BCA504-C66C-449C-ACA7-14F853BD1CBA) (Shutdown) 
    iPhone 12 Pro (F59CBB8C-4B51-46A3-968B-B575BA49D3AD) (Shutdown) 
    iPhone 12 Pro Max (16C59BA2-E6A2-4CAF-9731-BE586D591DAE) (Shutdown) 
    iPod touch (7th generation) (2C37E57C-28F6-44AC-9FAF-FD050E93F67F) (Shutdown) 
    iPad Pro (9.7-inch) (6E0EE245-1881-4FB4-9CCB-3E060BF21B78) (Shutdown) 
    iPad (8th generation) (61B28170-7B92-4D18-9DD9-26FA20962383) (Shutdown) 
    iPad Air (4th generation) (9E348F5D-640A-4D31-82BF-00F403A64C80) (Shutdown) 
    iPad Pro (11-inch) (3rd generation) (89C90FB5-CB1B-4D8D-9971-F0376C5A9CA9) (Shutdown) 
    iPad Pro (12.9-inch) (5th generation) (BEB232B6-ACC9-44B7-9E1C-592A30D1CBB5) (Shutdown) 
-- iOS 15.0 --
    iPhone 8 (0DE94A0E-B78D-4160-ACB0-97BE1ED56051) (Shutdown) 
    iPhone 8 Plus (DCCFD77A-BC67-44BC-82FC-9C7D12199749) (Shutdown) 
    iPhone 11 (3E851602-1828-4997-8F03-0CE5C50D8532) (Shutdown) 
    iPhone 11 Pro (C221CBFD-5C2E-486D-AB2E-2222FD401423) (Shutdown) 
    iPhone 11 Pro Max (17D14FB6-6F33-46DF-AEDA-1D457016E2DA) (Shutdown) 
    iPhone SE (2nd generation) (7E7C0149-C8C7-4B82-BEA9-96512E976F18) (Shutdown) 
    iPhone 12 mini (35F4814F-FF5F-4079-AD70-D08750C1F4E6) (Shutdown) 
    iPhone 12 (DA5CC624-ECDA-4115-9648-8A35472A7B39) (Shutdown) 
    iPhone 12 Pro (3EC61C11-98E5-4D67-9F8D-217652F6692A) (Shutdown) 
    iPhone 12 Pro Max (150C2208-ACA2-4370-B39D-AA0A431EE8FF) (Shutdown) 
    iPhone 13 Pro (F0094E36-ED31-4DCD-BC09-538D5A56791B) (Shutdown) 
    iPhone 13 Pro Max (EE311748-52B4-48E6-A3F9-2CDF7D89A786) (Shutdown) 
    iPhone 13 mini (307006BD-D407-4A6F-8361-9DD4AA09B179) (Shutdown) 
    iPhone 13 (C1EBCF8A-1C0A-439C-B422-E087FCFA7997) (Shutdown) 
    iPod touch (7th generation) (2A3D1776-26A7-470D-920C-7668785ABB5A) (Shutdown) 
    iPad Pro (9.7-inch) (BEB1A816-C936-41A5-82ED-BDDD3201F03F) (Shutdown) 
    iPad (9th generation) (59FC40FF-A416-4677-BB44-02BA8DD1AF82) (Shutdown) 
    iPad Air (4th generation) (682B8C40-F936-4538-ABF4-41B4C82DF5C5) (Shutdown) 
    iPad Pro (11-inch) (3rd generation) (BDCD6EF9-4A87-4723-A5A1-3F75F21E7C22) (Shutdown) 
    iPad Pro (12.9-inch) (5th generation) (4AE28ED7-586B-47FE-84FB-A0F31FA05DCD) (Shutdown) 
    iPad mini (6th generation) (E56EF0E3-40D1-48E4-9D46-2650A2CD3A21) (Shutdown) 
-- iOS 15.2 --
    iPhone 8 (AE803F69-FEB4-4B6E-95F5-6AF5F723C259) (Shutdown) 
    iPhone 8 Plus (55DF250B-C38C-4545-8B4E-9C7DD91E1040) (Shutdown) 
    iPhone 11 (8F6311F0-E032-49DB-A202-4B1426040CBE) (Shutdown) 
    iPhone 11 Pro (9EF3CBF5-F2DC-4D7B-A317-554F9E5AD81D) (Shutdown) 
    iPhone 11 Pro Max (62C30648-D9F9-4637-BBCD-1A4DB39BC1DD) (Shutdown) 
    iPhone SE (2nd generation) (EB75AEE4-3391-4969-B179-1C6896BB1D46) (Shutdown) 
    iPhone 12 mini (ED25D0FC-6BA7-41BE-AA1B-CCA1E9AB4267) (Shutdown) 
    iPhone 12 (B6AF7EEB-AA23-4E34-B12A-7A28A455513A) (Shutdown) 
    iPhone 12 Pro (1BA0EBBC-FE11-4D21-83D5-482D880BA82C) (Shutdown) 
    iPhone 12 Pro Max (EBECA5C0-90FF-4D2D-8FB3-EBA6809801E1) (Shutdown) 
    iPhone 13 Pro (28AF2480-0E65-46EE-94FC-CAFE503DF39A) (Shutdown) 
    iPhone 13 Pro Max (2440B126-DBD6-4A75-B194-0AE5AD8E588C) (Shutdown) 
    iPhone 13 mini (666C310D-8930-4524-B99E-6E962CA41AB3) (Shutdown) 
    iPhone 13 (78D17406-089F-4CB2-8A8B-E48F0C9AC724) (Shutdown) 
    iPod touch (7th generation) (D706293D-5E6C-4997-A5F1-BC2C80235585) (Shutdown) 
    iPad Pro (9.7-inch) (738D6156-200E-4063-B4DF-2F333E697AF7) (Shutdown) 
    iPad (9th generation) (A9CC96B3-DF9A-4DFB-9DF3-D0FAEC75906C) (Shutdown) 
    iPad Air (4th generation) (07860467-000F-46CA-AA9F-707E10522DEA) (Shutdown) 
    iPad Pro (11-inch) (3rd generation) (302889A7-606A-4EA4-8F08-53E3D7DC5608) (Shutdown) 
    iPad Pro (12.9-inch) (5th generation) (E59A6054-8750-429D-8383-8D6915E26BF6) (Shutdown) 
    iPad mini (6th generation) (6290D11F-D1FE-4F77-9929-E554723AB8C0) (Shutdown) 
-- iOS 15.4 --
-- iOS 15.4 --
    iPhone 8 (AF0147FA-5E3C-4C64-A6F8-61697B1D4535) (Shutdown) 
    iPhone 8 Plus (D09DDBE6-D268-4EF4-9F03-A519631F2F03) (Shutdown) 
    iPhone 11 (1C8F6955-2B12-4E40-8C8F-0AE96C3039BC) (Shutdown) 
    iPhone 11 Pro (09688E1C-3731-4BDF-8612-641B116EDB6C) (Shutdown) 
    iPhone 11 Pro Max (86E97D1C-8C51-4FED-B6D5-0A5A88BA133C) (Shutdown) 
    iPhone 12 mini (C9DFAF75-8550-4174-BC94-BA37370493D7) (Shutdown) 
    iPhone 12 (3745641D-8651-406E-A5A6-7A1A3E0C4BE6) (Shutdown) 
    iPhone 12 Pro (36D4D817-46F8-431D-A023-FB01430700DA) (Shutdown) 
    iPhone 12 Pro Max (B54699A0-4A91-482A-9540-7B0490B24F82) (Shutdown) 
    iPhone 13 Pro (BB244010-7B3E-48B6-8A97-FD42605796B8) (Shutdown) 
    iPhone 13 Pro Max (A0DA717B-6DFD-4ABB-9078-58A864A265FC) (Shutdown) 
    iPhone 13 mini (562A5FF3-2482-4D55-B591-44413D055EBD) (Shutdown) 
    iPhone 13 (7FC123B7-8F99-47D3-A1F2-4BFF1BB96AC3) (Shutdown) 
    iPhone SE (3rd generation) (62B0AE0F-FEC2-4792-A71F-D75B114FE926) (Shutdown) 
    iPod touch (7th generation) (B0CFF2B6-D1A7-49AA-A81A-D29A865B3254) (Shutdown) 
    iPad Pro (9.7-inch) (B39FF989-EC83-42E8-9342-9474763769BB) (Shutdown) 
    iPad (9th generation) (8D7EEF21-F3B1-4AF1-A220-7951729CE580) (Shutdown) 
    iPad Pro (11-inch) (3rd generation) (FCC9DBB7-B38D-4ED0-82B5-DAF9800BAE6F) (Shutdown) 
    iPad Pro (12.9-inch) (5th generation) (712F6617-373B-4B68-99A6-258E1D52BBC1) (Shutdown) 
    iPad Air (5th generation) (6A7ACB77-FB5C-498C-86A7-8CC156533331) (Shutdown) 
    iPad mini (6th generation) (DC06B95C-EE9A-4BB5-862B-EDE13D75B872) (Shutdown) 
-- iOS 15.5 --
    iPhone 8 (CC9839B2-F61E-4745-B514-368E6D93FDAD) (Shutdown) 
    iPhone 8 Plus (B98A9C11-8ACC-4FBE-8C4C-B1022459049D) (Shutdown) 
    iPhone 11 (643F07FE-0E85-43C8-9543-47E40CFDF3B6) (Shutdown) 
    iPhone 11 Pro (93BF6124-E4B9-4C1B-A1EC-FA32D22E12CB) (Shutdown) 
    iPhone 11 Pro Max (45EF6B3D-6595-425D-874F-B6F93EB9511A) (Shutdown) 
    iPhone 12 mini (64D538A2-6A94-4003-800E-6057A58DA8A2) (Shutdown) 
    iPhone 12 (0EB9DAA2-9F87-4605-AF05-5E2689C1060C) (Shutdown) 
    iPhone 12 Pro (C3C6CBEB-D5B9-495D-BDC6-496AE2ED8328) (Shutdown) 
    iPhone 12 Pro Max (4544B9E4-7854-47F9-B055-ED822FFEDBF4) (Shutdown) 
    iPhone 13 Pro (EE849C5A-9C6B-4C2C-8AC8-CC96F7E726F7) (Shutdown) 
    iPhone 13 Pro Max (BC3803EA-B711-40F6-961C-914ACC9D15C2) (Shutdown) 
    iPhone 13 mini (122F855E-7E80-4145-B1B2-9D9BE1436F9B) (Shutdown) 
    iPhone 13 (C9787B23-C566-4256-BB7D-DB8D193F5BA6) (Shutdown) 
    iPhone SE (3rd generation) (0DFD5448-D4C9-4157-A218-5803733D4991) (Shutdown) 
    iPod touch (7th generation) (C9C05A8E-07FB-442D-9BE9-270EE2F1E79C) (Shutdown) 
    iPad Pro (9.7-inch) (77EC7D9E-1A5C-4B9C-8AF5-E83D1330FF67) (Shutdown) 
    iPad (9th generation) (CAE733C5-4D0A-4597-AB55-B7DDB493E648) (Shutdown) 
    iPad Pro (11-inch) (3rd generation) (26237705-80CF-4469-8BAE-59D8D33D55D0) (Shutdown) 
    iPad Pro (12.9-inch) (5th generation) (5A9B7D87-FA21-4DC5-ADAF-A998885F9F65) (Shutdown) 
    iPad Air (5th generation) (FCD69C9C-4720-4340-93AE-4BB17417E42D) (Shutdown) 
    iPad mini (6th generation) (FEE28E1B-B9BD-4A37-86F7-C02AC2BC930A) (Shutdown) 
-- tvOS 13.4 --
    Apple TV (A349AF54-B802-46AB-B9E2-7B75A15CAC57) (Shutdown) 
    Apple TV 4K (7BB2AC03-EFC4-402F-98DA-7D9ACF605C66) (Shutdown) 
    Apple TV 4K (at 1080p) (9A823096-376A-4F3C-8018-F11E2B664F82) (Shutdown) 
-- tvOS 15.0 --
    Apple TV (48FE58D9-76B7-4D14-B199-09900B97CFB0) (Shutdown) 
    Apple TV 4K (2nd generation) (C2BB72BE-A41A-4D7A-B21D-DBDB75E32BCA) (Shutdown) 
    Apple TV 4K (at 1080p) (2nd generation) (3ACA00C3-05CD-42C1-A083-FEDB80A47D0E) (Shutdown) 
-- tvOS 15.2 --
    Apple TV (528F2D23-5945-453F-9238-4110E3E1B6C6) (Shutdown) 
    Apple TV 4K (2nd generation) (F9822259-8D13-4C32-AF33-75310DC684A7) (Shutdown) 
    Apple TV 4K (at 1080p) (2nd generation) (E0343777-E85D-4054-9C82-99033CFD52AF) (Shutdown) 
-- tvOS 15.4 --
-- tvOS 15.4 --
    Apple TV (A4EFBAB9-2DF0-402C-97D2-5EAEF8176C27) (Shutdown) 
    Apple TV 4K (2nd generation) (FDF1299A-E32B-49B7-8C0F-EE9019CB0E25) (Shutdown) 
    Apple TV 4K (at 1080p) (2nd generation) (A957A12E-DE2E-4DD2-86DB-38CEDC667282) (Shutdown) 
-- watchOS 8.0 --
    Apple Watch Series 5 - 40mm (A026E34D-7A1F-44E1-B5F3-E1835352C110) (Shutdown) 
    Apple Watch Series 5 - 44mm (0035EF65-91CC-482C-8E1D-C4D1B4E38A86) (Shutdown) 
    Apple Watch Series 6 - 40mm (9EA58D2C-60F8-4D46-8D7A-91D5393BD7D4) (Shutdown) 
    Apple Watch Series 6 - 44mm (91205196-0FFA-4BFF-83BF-E4679F567AA0) (Shutdown) 
    Apple Watch Series 7 - 41mm (ACCF1EA2-9BFE-49C8-B8F9-678C2BBF5BD3) (Shutdown) 
    Apple Watch Series 7 - 45mm (91370802-45F2-415E-83A2-4E4EB77CB7F8) (Shutdown) 
-- watchOS 8.3 --
    Apple Watch Series 5 - 40mm (FD0FDB2C-21CE-4861-8C45-CEA740CCBBB2) (Shutdown) 
    Apple Watch Series 5 - 44mm (2F137895-E1E2-4485-8237-4CB8ED98E8F0) (Shutdown) 
    Apple Watch Series 6 - 40mm (09482E37-2C63-4802-B6EF-543DD208C421) (Shutdown) 
    Apple Watch Series 6 - 44mm (4D5D9233-3D9E-402A-B7B7-8328485E4C17) (Shutdown) 
    Apple Watch Series 7 - 41mm (3B81B4E5-ED3B-415A-8951-84B4873CF798) (Shutdown) 
    Apple Watch Series 7 - 45mm (226907CB-958B-421B-B060-B53B0ABFC793) (Shutdown) 
-- watchOS 8.5 --
-- watchOS 8.5 --
    Apple Watch Series 5 - 40mm (F4D572D6-D00E-4F01-8C86-A1F650CC168B) (Shutdown) 
    Apple Watch Series 5 - 44mm (FA619A8B-9517-40F6-B6EF-DB7AB681C846) (Shutdown) 
    Apple Watch Series 6 - 40mm (820879E2-19DC-4001-96E6-9287C24EFC65) (Shutdown) 
    Apple Watch Series 6 - 44mm (619606F0-96BD-47E5-97FF-F86777EA50F8) (Shutdown) 
    Apple Watch Series 7 - 41mm (FB2BC92E-E9BF-46EA-B888-938628975305) (Creating) 
    Apple Watch Series 7 - 45mm (FAA0D2F7-91D0-481D-95AD-CDBC7F333507) (Shutdown) 
== Device Pairs ==
BE1482E7-16FD-44F4-BFE2-537672A1CE4E (active, disconnected)
    Watch: Apple Watch Series 5 - 40mm (F4D572D6-D00E-4F01-8C86-A1F650CC168B) (Shutdown)
    Phone: iPhone 12 Pro (C3C6CBEB-D5B9-495D-BDC6-496AE2ED8328) (Shutdown)
08797CC4-CCE1-4F38-AC99-6C69C8A433F5 (active, disconnected)
    Watch: Apple Watch Series 5 - 44mm (FA619A8B-9517-40F6-B6EF-DB7AB681C846) (Shutdown)
    Phone: iPhone 12 Pro Max (4544B9E4-7854-47F9-B055-ED822FFEDBF4) (Shutdown)
F0BEC5F1-00F4-4914-9018-984F8B1FAC71 (active, disconnected)
    Watch: Apple Watch Series 6 - 40mm (820879E2-19DC-4001-96E6-9287C24EFC65) (Shutdown)
    Phone: iPhone 13 Pro (EE849C5A-9C6B-4C2C-8AC8-CC96F7E726F7) (Shutdown)
D1BF44BD-9A1B-40C0-9707-05F0CAFA7B4C (active, disconnected)
    Watch: Apple Watch Series 6 - 44mm (619606F0-96BD-47E5-97FF-F86777EA50F8) (Shutdown)
    Phone: iPhone 13 Pro Max (BC3803EA-B711-40F6-961C-914ACC9D15C2) (Shutdown)
A445898F-FA2F-4047-B3A8-ADE8E3D00A0C (active, disconnected)
    Watch: Apple Watch Series 7 - 45mm (FAA0D2F7-91D0-481D-95AD-CDBC7F333507) (Shutdown)
    Phone: iPhone 13 (7FC123B7-8F99-47D3-A1F2-4BFF1BB96AC3) (Shutdown)

========================================


=== OS X info =========================

* sw_vers
ProductName:	macOS
ProductVersion:	12.6.2
BuildVersion:	21G320

* system_profiler SPSoftwareDataType
Software:

    System Software Overview:

      System Version: macOS 12.6.2 (21G320)
      Kernel Version: Darwin 21.6.0
      Boot Volume: Macintosh HD
      Boot Mode: Normal
      Computer Name: vm-osx-monterey13-g2.8core-7a198ae9-402e-47ff-a706-3ba80ffa8ef6
      User Name: vagrant (vagrant)
      Secure Virtual Memory: Enabled
      System Integrity Protection: Disabled
      Time since boot: 2 minutes


========================================


=== System infos =======================
* Free disk space:
    Filesystem         Size        Avail
/dev/disk1s5s1        380Gi         99Gi
========================================

--- Android

* ANDROID_HOME (/usr/local/share/android-sdk) content:
build-tools
cmdline-tools
emulator
extras
licenses
ndk-bundle
patcher
platform-tools
platforms
system-images
tools

* ANDROID_NDK_HOME (/usr/local/share/android-sdk/ndk-bundle) content:
CHANGELOG.md
NOTICE
NOTICE.toolchain
README.md
build
meta
ndk-build
ndk-gdb
ndk-lldb
ndk-stack
ndk-which
package.xml
prebuilt
python-packages
shader-tools
simpleperf
source.properties
sources
toolchains
wrap.sh

* Android NDK Version:
Pkg.Desc = Android NDK
Pkg.Revision = 24.0.8215888

* platform-tools content:
NOTICE.txt
adb
dmtracedump
e2fsdroid
etc1tool
fastboot
hprof-conv
lib64
make_f2fs
make_f2fs_casefold
mke2fs
mke2fs.conf
package.xml
sload_f2fs
source.properties
sqlite3

* build-tools content:
26.0.1
26.0.2
27.0.0
27.0.1
27.0.2
27.0.3
28.0.0
28.0.1
28.0.2
28.0.3
29.0.0
29.0.1
29.0.2
29.0.3
30.0.0
30.0.1
30.0.2
30.0.3
31.0.0
32.0.0

* extras content:
/usr/local/share/android-sdk/extras
├── android
│   └── m2repository
├── google
│   ├── google_play_services
│   └── m2repository
└── m2repository
    └── com

8 directories, 0 files

* platforms content:
android-26
android-27
android-28
android-29
android-30
android-31
android-32

* system-images content:
/usr/local/share/android-sdk/system-images
├── android-26
│   └── google_apis
│       └── x86
├── android-28
│   └── google_apis
│       └── x86_64
├── android-29
│   └── google_apis
│       └── x86
├── android-30
│   └── google_apis
│       └── x86
├── android-31
│   └── google_apis
│       └── x86_64
└── android-32
    └── google_apis
        └── x86_64

19 directories, 0 files

========================================

 * SDK packages:
* Command line Tools version: 6.0
* Platform Tools version: 33.0.3
* Emulator version: 31.3.14
========================================


=== Android APK tools ==================

* aapt2:

========================================


=== Environment infos =======================
MATCH_KEYCHAIN_PASSWORD environment set
========================================


=== Control tests ======================
source $HOME/.bash_profile ...
source $HOME/.bash_profile - PASSED
========================================

