 (i) Ignore Errors: disabled


=== Revision / ID ======================
* BITRISE_OSX_STACK_REV_ID: v2023_03_28
========================================


=== Pre-installed tool versions ========
* Go: go version go1.18.10 darwin/amd64
* Python: Python 2.7.18
* Node.js: v16.19.1
* NPM: 8.19.3
* Yarn: 1.22.19
* Java:   system
  1.8
  1.8.0.362
* 11.0 (set by /Users/vagrant/.jenv/version)
  11.0.17
  17.0
  17.0.6
  8.0
  temurin64-1.8.0.362
  temurin64-11.0.17
  temurin64-17.0.6
* Kotlin: Kotlin version 1.8.10-release-430 (JRE 11.0.17+8)
* Flutter: Flutter 2.10.3 • channel stable • https://github.com/flutter/flutter.git
* fvm: 2.4.1
* Flutter SDKs via fvm: Cache Directory:  /Users/vagrant/fvm/versions

3.7.6
3.0.0
2.10.3 (global)
1.22.6

=== Dart global packages ==================
junitreport 2.0.2
===========================================


* git: git version 2.40.0
* git lfs: git-lfs/3.3.0 (GitHub; darwin amd64; go 1.19.3)
* mercurial/hg: Mercurial Distributed SCM (version 6.4)
* curl: curl 8.0.1 (x86_64-apple-darwin22.3.0) libcurl/8.0.1 (SecureTransport) OpenSSL/1.1.1t zlib/1.2.11 brotli/1.0.9 zstd/1.5.4 libidn2/2.3.4 libssh2/1.10.0 nghttp2/1.52.0 librtmp/2.3
* wget: GNU Wget 1.21.3 built on darwin22.1.0.
* rsync: rsync  version 2.6.9  protocol version 29
* unzip: UnZip 6.00 of 20 April 2009, by Info-ZIP.  Maintained by C. Spieler.  Send
* zip: This is Zip 3.0 (July 5th 2008), by Info-ZIP.
* tar: bsdtar 3.5.3 - libarchive 3.5.3 zlib/1.2.11 liblzma/5.0.5 bz2lib/1.0.8 
* tree: tree v2.1.0 © 1996 - 2022 by Steve Baker, Thomas Moore, Francesc Rocher, Florian Sesser, Kyosuke Tokoro

* brew: Homebrew 4.0.10
Homebrew/homebrew-core (git revision eae491246b9; last commit 2023-03-27)
Homebrew/homebrew-cask (git revision 479c94b376; last commit 2023-03-27)
* Ansible: ansible [core 2.14.3]
  config file = /Users/vagrant/git/ansible.cfg
  ansible python module location = /usr/local/Cellar/ansible/7.3.0/libexec/lib/python3.11/site-packages/ansible
  ansible collection location = /Users/vagrant/.ansible/collections:/usr/share/ansible/collections
  executable location = /usr/local/bin/ansible
  python version = 3.11.2 (main, Mar 24 2023, 00:31:37) [Clang 14.0.0 (clang-1400.0.29.202)] (/usr/local/Cellar/ansible/7.3.0/libexec/bin/python3.11)
* gtimeout: timeout (GNU coreutils) 9.2
* watchman: 2023.03.20.00
* flow: Flow, a static type checker for JavaScript, version 0.202.1
* carthage: 0.39.0
* imagemagick (convert): Version: ImageMagick 7.1.1-5 Q16-HDRI x86_64 20993 https://imagemagick.org
* ghostscript (ps2ascii): 10.01.0
* screen: Screen version 4.09.00 (GNU) 30-Jan-22
* firebase: 11.25.1
* applesimutils version 0.9.9
* jq: 1.6
* xcbeautify: 0.18.0
* XCLogParser 0.2.36
* Screen 4.09.00
* applesimutils 0.9.9
* OpenConnect version v9.01
* aws-cli: aws-cli/2.11.6 Python/3.11.2 Darwin/22.3.0 source/x86_64 prompt/off
* cmake: 3.26.1
* danger-swift: 3.16.0
[0;0m
* OpenVPN 2.6.1 x86_64-apple-darwin22.3.0 [SSL (OpenSSL)] [LZO] [LZ4] [PKCS11] [MH/RECVDA] [AEAD]
* tuist: 3.12.0

--- Bitrise CLI tool versions
* bitrise: 2.2.5
* stepman: 0.16.0
* envman: 2.4.0
========================================


=== Brew list versions ==================
ansible 7.3.0
ant 1.10.13
aom 3.6.0
applesimutils 0.9.9
apr 1.7.2
apr-util 1.6.3
argon2 20190702_1
aria2 1.36.0_1
aspell 0.60.8
autoconf 2.71
awscli 2.11.6
bazelisk 1.16.0
boost 1.81.0_1
brotli 1.0.9
c-ares 1.19.0
ca-certificates 2023-01-10
cairo 1.16.0_5
carthage 0.39.0
cmake 3.26.1
coreutils 9.2
curl 8.0.1
danger-js 64
danger-swift 3.16.0
dart 2.19.5
docutils 0.19_1
double-conversion 3.2.1
edencommon 2023.03.20.00
fb303 2023.03.20.00
fbthrift 2023.03.20.00
fizz 2023.03.20.00
flow 0.202.1
fmt 9.1.0
folly 2023.03.20.00
fontconfig 2.14.2
freetds 1.3.17
freetype 2.13.0_1
fvm 2.4.1
gd 2.3.3_4
gettext 0.21.1
gflags 2.2.2
gh 2.25.1
ghostscript 10.01.0
giflib 5.2.1
git 2.40.0
git-lfs 3.3.0
glib 2.76.1
glog 0.6.0
gmp 6.2.1_1
gnupg 2.4.0
gnutls 3.8.0
gradle 8.0.2
graphite2 1.3.14
groovy 4.0.10
harfbuzz 7.1.0
highway 1.0.4
hub 2.14.2
icu4c 72.1
imagemagick 7.1.1-5
imath 3.1.7
jasper 4.0.0
jbig2dec 0.19
jenv 0.5.6
jpeg-turbo 2.1.5.1
jpeg-xl 0.8.1_1
jq 1.6
kotlin 1.8.10
krb5 1.20.1
libassuan 2.5.5
libavif 0.11.1
libde265 1.0.11
libevent 2.1.12
libgcrypt 1.10.1
libgpg-error 1.46
libheif 1.15.1
libidn 1.41
libidn2 2.3.4_1
libksba 1.6.3
liblqr 0.4.2_1
libnghttp2 1.52.0
libomp 16.0.0
libpng 1.6.39
libpq 15.2
libraw 0.21.1
libsodium 1.0.18_1
libssh2 1.10.0
libtasn1 4.19.0
libtiff 4.4.0_1
libtool 2.4.7
libunistring 1.1
libusb 1.0.26
libuv 1.44.2
libvmaf 2.3.1
libx11 1.8.4
libxau 1.0.11
libxcb 1.15_1
libxdmcp 1.1.4
libxext 1.3.5
libxrender 0.9.11
libyaml 0.2.5
libzip 1.9.2
little-cms2 2.14
llvm 16.0.0
lokalise2 2.6.8
lz4 1.9.4
lzo 2.10
m4 1.4.19
maven 3.9.1
mercurial 6.4
mint 0.17.5
mpdecimal 2.5.1
nettle 3.8.1
node@16 16.19.1
npth 1.6
oniguruma 6.9.8
openconnect 9.01_2
openexr 3.1.6
openjdk 19.0.2
openjdk@17 17.0.6
openjpeg 2.5.0
openldap 2.6.4
openssl@1.1 1.1.1t
openssl@3 3.1.0
openvpn 2.6.1
p11-kit 0.24.1_1
parallel 20230322
pcre2 10.42
php 8.2.4
pinentry 1.2.1
pixman 0.42.2
pkcs11-helper 1.29.0
pkg-config 0.29.2_3
pycparser 2.21
pyenv 2.3.16
python@3.11 3.11.2_1
pyyaml 6.0_1
rbenv 1.2.0
readline 8.2.1
rtmpdump 2.4+20151223_1
ruby-build 20230309
screen 4.9.0_1
shared-mime-info 2.2
six 1.16.0_3
snappy 1.1.10
sqlite 3.41.2
stoken 0.92_1
swiftlint 0.50.3
tidy-html5 5.8.0
transcrypt 2.2.3
tree 2.1.0
unbound 1.17.1
unixodbc 2.3.11
wangle 2023.03.20.00
watchman 2023.03.20.00
webp 1.3.0
wget 1.21.3_1
x265 3.5
xcbeautify 0.18.0
xclogparser 0.2.36
xcodes 1.3.0
xorgproto 2022.2
xz 5.4.2
yamllint 1.30.0
yarn 1.22.19
z3 4.12.1
zeromq 4.3.4
zstd 1.5.4
temurin11 11.0.17,8
temurin17 17.0.6,10
temurin8 8,362,09
========================================


=== Brew deps tree ==================
ansible
├── openssl@1.1
│   └── ca-certificates
├── python@3.11
│   ├── mpdecimal
│   ├── openssl@1.1
│   │   └── ca-certificates
│   ├── sqlite
│   │   └── readline
│   └── xz
├── pyyaml
│   └── libyaml
└── six

ant
└── openjdk
    ├── giflib
    ├── harfbuzz
    │   ├── cairo
    │   │   ├── fontconfig
    │   │   │   └── freetype
    │   │   │       └── libpng
    │   │   ├── freetype
    │   │   │   └── libpng
    │   │   ├── glib
    │   │   │   ├── pcre2
    │   │   │   └── gettext
    │   │   ├── libpng
    │   │   ├── libx11
    │   │   │   ├── libxcb
    │   │   │   │   ├── libxau
    │   │   │   │   │   └── xorgproto
    │   │   │   │   └── libxdmcp
    │   │   │   │       └── xorgproto
    │   │   │   └── xorgproto
    │   │   ├── libxcb
    │   │   │   ├── libxau
    │   │   │   │   └── xorgproto
    │   │   │   └── libxdmcp
    │   │   │       └── xorgproto
    │   │   ├── libxext
    │   │   │   ├── libx11
    │   │   │   │   ├── libxcb
    │   │   │   │   │   ├── libxau
    │   │   │   │   │   │   └── xorgproto
    │   │   │   │   │   └── libxdmcp
    │   │   │   │   │       └── xorgproto
    │   │   │   │   └── xorgproto
    │   │   │   └── xorgproto
    │   │   ├── libxrender
    │   │   │   ├── libx11
    │   │   │   │   ├── libxcb
    │   │   │   │   │   ├── libxau
    │   │   │   │   │   │   └── xorgproto
    │   │   │   │   │   └── libxdmcp
    │   │   │   │   │       └── xorgproto
    │   │   │   │   └── xorgproto
    │   │   │   └── xorgproto
    │   │   ├── lzo
    │   │   └── pixman
    │   ├── freetype
    │   │   └── libpng
    │   ├── glib
    │   │   ├── pcre2
    │   │   └── gettext
    │   ├── graphite2
    │   └── icu4c
    ├── jpeg-turbo
    ├── libpng
    └── little-cms2
        ├── jpeg-turbo
        └── libtiff
            ├── jpeg-turbo
            └── zstd
                ├── lz4
                └── xz

aom
├── jpeg-xl
│   ├── brotli
│   ├── giflib
│   ├── highway
│   ├── imath
│   ├── jpeg-turbo
│   ├── libpng
│   ├── little-cms2
│   │   ├── jpeg-turbo
│   │   └── libtiff
│   │       ├── jpeg-turbo
│   │       └── zstd
│   │           ├── lz4
│   │           └── xz
│   ├── openexr
│   │   └── imath
│   └── webp
│       ├── giflib
│       ├── jpeg-turbo
│       ├── libpng
│       └── libtiff
│           ├── jpeg-turbo
│           └── zstd
│               ├── lz4
│               └── xz
└── libvmaf

wix/brew/applesimutils

apr

apr-util
├── apr
└── openssl@1.1
    └── ca-certificates

argon2

aria2
├── gettext
├── libssh2
│   └── openssl@1.1
│       └── ca-certificates
└── sqlite
    └── readline

aspell

autoconf
└── m4

awscli
├── docutils
│   └── python@3.11
│       ├── mpdecimal
│       ├── openssl@1.1
│       │   └── ca-certificates
│       ├── sqlite
│       │   └── readline
│       └── xz
├── pycparser
│   └── python@3.11
│       ├── mpdecimal
│       ├── openssl@1.1
│       │   └── ca-certificates
│       ├── sqlite
│       │   └── readline
│       └── xz
├── python@3.11
│   ├── mpdecimal
│   ├── openssl@1.1
│   │   └── ca-certificates
│   ├── sqlite
│   │   └── readline
│   └── xz
└── six

bazelisk

boost
├── icu4c
├── xz
└── zstd
    ├── lz4
    └── xz

brotli

c-ares

ca-certificates

cairo
├── fontconfig
│   └── freetype
│       └── libpng
├── freetype
│   └── libpng
├── glib
│   ├── pcre2
│   └── gettext
├── libpng
├── libx11
│   ├── libxcb
│   │   ├── libxau
│   │   │   └── xorgproto
│   │   └── libxdmcp
│   │       └── xorgproto
│   └── xorgproto
├── libxcb
│   ├── libxau
│   │   └── xorgproto
│   └── libxdmcp
│       └── xorgproto
├── libxext
│   ├── libx11
│   │   ├── libxcb
│   │   │   ├── libxau
│   │   │   │   └── xorgproto
│   │   │   └── libxdmcp
│   │   │       └── xorgproto
│   │   └── xorgproto
│   └── xorgproto
├── libxrender
│   ├── libx11
│   │   ├── libxcb
│   │   │   ├── libxau
│   │   │   │   └── xorgproto
│   │   │   └── libxdmcp
│   │   │       └── xorgproto
│   │   └── xorgproto
│   └── xorgproto
├── lzo
└── pixman

carthage

cmake

coreutils
└── gmp

curl
├── brotli
├── libidn2
│   ├── libunistring
│   └── gettext
├── libnghttp2
├── libssh2
│   └── openssl@1.1
│       └── ca-certificates
├── openldap
│   └── openssl@1.1
│       └── ca-certificates
├── openssl@1.1
│   └── ca-certificates
├── rtmpdump
│   └── openssl@1.1
│       └── ca-certificates
└── zstd
    ├── lz4
    └── xz

danger/tap/danger-js

danger/tap/danger-swift
└── danger/tap/danger-js

dart-lang/dart/dart

docutils
└── python@3.11
    ├── mpdecimal
    ├── openssl@1.1
    │   └── ca-certificates
    ├── sqlite
    │   └── readline
    └── xz

double-conversion

edencommon
├── folly
│   ├── boost
│   │   ├── icu4c
│   │   ├── xz
│   │   └── zstd
│   │       ├── lz4
│   │       └── xz
│   ├── double-conversion
│   ├── fmt
│   ├── gflags
│   ├── glog
│   │   └── gflags
│   ├── libevent
│   │   └── openssl@1.1
│   │       └── ca-certificates
│   ├── lz4
│   ├── openssl@1.1
│   │   └── ca-certificates
│   ├── snappy
│   ├── xz
│   └── zstd
│       ├── lz4
│       └── xz
├── gflags
└── glog
    └── gflags

fb303
├── fbthrift
│   ├── boost
│   │   ├── icu4c
│   │   ├── xz
│   │   └── zstd
│   │       ├── lz4
│   │       └── xz
│   ├── fizz
│   │   ├── boost
│   │   │   ├── icu4c
│   │   │   ├── xz
│   │   │   └── zstd
│   │   │       ├── lz4
│   │   │       └── xz
│   │   ├── double-conversion
│   │   ├── fmt
│   │   ├── folly
│   │   │   ├── boost
│   │   │   │   ├── icu4c
│   │   │   │   ├── xz
│   │   │   │   └── zstd
│   │   │   │       ├── lz4
│   │   │   │       └── xz
│   │   │   ├── double-conversion
│   │   │   ├── fmt
│   │   │   ├── gflags
│   │   │   ├── glog
│   │   │   │   └── gflags
│   │   │   ├── libevent
│   │   │   │   └── openssl@1.1
│   │   │   │       └── ca-certificates
│   │   │   ├── lz4
│   │   │   ├── openssl@1.1
│   │   │   │   └── ca-certificates
│   │   │   ├── snappy
│   │   │   ├── xz
│   │   │   └── zstd
│   │   │       ├── lz4
│   │   │       └── xz
│   │   ├── gflags
│   │   ├── glog
│   │   │   └── gflags
│   │   ├── libevent
│   │   │   └── openssl@1.1
│   │   │       └── ca-certificates
│   │   ├── libsodium
│   │   ├── lz4
│   │   ├── openssl@1.1
│   │   │   └── ca-certificates
│   │   ├── snappy
│   │   └── zstd
│   │       ├── lz4
│   │       └── xz
│   ├── fmt
│   ├── folly
│   │   ├── boost
│   │   │   ├── icu4c
│   │   │   ├── xz
│   │   │   └── zstd
│   │   │       ├── lz4
│   │   │       └── xz
│   │   ├── double-conversion
│   │   ├── fmt
│   │   ├── gflags
│   │   ├── glog
│   │   │   └── gflags
│   │   ├── libevent
│   │   │   └── openssl@1.1
│   │   │       └── ca-certificates
│   │   ├── lz4
│   │   ├── openssl@1.1
│   │   │   └── ca-certificates
│   │   ├── snappy
│   │   ├── xz
│   │   └── zstd
│   │       ├── lz4
│   │       └── xz
│   ├── gflags
│   ├── glog
│   │   └── gflags
│   ├── openssl@1.1
│   │   └── ca-certificates
│   ├── wangle
│   │   ├── boost
│   │   │   ├── icu4c
│   │   │   ├── xz
│   │   │   └── zstd
│   │   │       ├── lz4
│   │   │       └── xz
│   │   ├── double-conversion
│   │   ├── fizz
│   │   │   ├── boost
│   │   │   │   ├── icu4c
│   │   │   │   ├── xz
│   │   │   │   └── zstd
│   │   │   │       ├── lz4
│   │   │   │       └── xz
│   │   │   ├── double-conversion
│   │   │   ├── fmt
│   │   │   ├── folly
│   │   │   │   ├── boost
│   │   │   │   │   ├── icu4c
│   │   │   │   │   ├── xz
│   │   │   │   │   └── zstd
│   │   │   │   │       ├── lz4
│   │   │   │   │       └── xz
│   │   │   │   ├── double-conversion
│   │   │   │   ├── fmt
│   │   │   │   ├── gflags
│   │   │   │   ├── glog
│   │   │   │   │   └── gflags
│   │   │   │   ├── libevent
│   │   │   │   │   └── openssl@1.1
│   │   │   │   │       └── ca-certificates
│   │   │   │   ├── lz4
│   │   │   │   ├── openssl@1.1
│   │   │   │   │   └── ca-certificates
│   │   │   │   ├── snappy
│   │   │   │   ├── xz
│   │   │   │   └── zstd
│   │   │   │       ├── lz4
│   │   │   │       └── xz
│   │   │   ├── gflags
│   │   │   ├── glog
│   │   │   │   └── gflags
│   │   │   ├── libevent
│   │   │   │   └── openssl@1.1
│   │   │   │       └── ca-certificates
│   │   │   ├── libsodium
│   │   │   ├── lz4
│   │   │   ├── openssl@1.1
│   │   │   │   └── ca-certificates
│   │   │   ├── snappy
│   │   │   └── zstd
│   │   │       ├── lz4
│   │   │       └── xz
│   │   ├── fmt
│   │   ├── folly
│   │   │   ├── boost
│   │   │   │   ├── icu4c
│   │   │   │   ├── xz
│   │   │   │   └── zstd
│   │   │   │       ├── lz4
│   │   │   │       └── xz
│   │   │   ├── double-conversion
│   │   │   ├── fmt
│   │   │   ├── gflags
│   │   │   ├── glog
│   │   │   │   └── gflags
│   │   │   ├── libevent
│   │   │   │   └── openssl@1.1
│   │   │   │       └── ca-certificates
│   │   │   ├── lz4
│   │   │   ├── openssl@1.1
│   │   │   │   └── ca-certificates
│   │   │   ├── snappy
│   │   │   ├── xz
│   │   │   └── zstd
│   │   │       ├── lz4
│   │   │       └── xz
│   │   ├── gflags
│   │   ├── glog
│   │   │   └── gflags
│   │   ├── libevent
│   │   │   └── openssl@1.1
│   │   │       └── ca-certificates
│   │   ├── libsodium
│   │   ├── lz4
│   │   ├── openssl@1.1
│   │   │   └── ca-certificates
│   │   ├── snappy
│   │   └── zstd
│   │       ├── lz4
│   │       └── xz
│   └── zstd
│       ├── lz4
│       └── xz
├── fizz
│   ├── boost
│   │   ├── icu4c
│   │   ├── xz
│   │   └── zstd
│   │       ├── lz4
│   │       └── xz
│   ├── double-conversion
│   ├── fmt
│   ├── folly
│   │   ├── boost
│   │   │   ├── icu4c
│   │   │   ├── xz
│   │   │   └── zstd
│   │   │       ├── lz4
│   │   │       └── xz
│   │   ├── double-conversion
│   │   ├── fmt
│   │   ├── gflags
│   │   ├── glog
│   │   │   └── gflags
│   │   ├── libevent
│   │   │   └── openssl@1.1
│   │   │       └── ca-certificates
│   │   ├── lz4
│   │   ├── openssl@1.1
│   │   │   └── ca-certificates
│   │   ├── snappy
│   │   ├── xz
│   │   └── zstd
│   │       ├── lz4
│   │       └── xz
│   ├── gflags
│   ├── glog
│   │   └── gflags
│   ├── libevent
│   │   └── openssl@1.1
│   │       └── ca-certificates
│   ├── libsodium
│   ├── lz4
│   ├── openssl@1.1
│   │   └── ca-certificates
│   ├── snappy
│   └── zstd
│       ├── lz4
│       └── xz
├── fmt
├── folly
│   ├── boost
│   │   ├── icu4c
│   │   ├── xz
│   │   └── zstd
│   │       ├── lz4
│   │       └── xz
│   ├── double-conversion
│   ├── fmt
│   ├── gflags
│   ├── glog
│   │   └── gflags
│   ├── libevent
│   │   └── openssl@1.1
│   │       └── ca-certificates
│   ├── lz4
│   ├── openssl@1.1
│   │   └── ca-certificates
│   ├── snappy
│   ├── xz
│   └── zstd
│       ├── lz4
│       └── xz
├── gflags
├── glog
│   └── gflags
├── openssl@1.1
│   └── ca-certificates
└── wangle
    ├── boost
    │   ├── icu4c
    │   ├── xz
    │   └── zstd
    │       ├── lz4
    │       └── xz
    ├── double-conversion
    ├── fizz
    │   ├── boost
    │   │   ├── icu4c
    │   │   ├── xz
    │   │   └── zstd
    │   │       ├── lz4
    │   │       └── xz
    │   ├── double-conversion
    │   ├── fmt
    │   ├── folly
    │   │   ├── boost
    │   │   │   ├── icu4c
    │   │   │   ├── xz
    │   │   │   └── zstd
    │   │   │       ├── lz4
    │   │   │       └── xz
    │   │   ├── double-conversion
    │   │   ├── fmt
    │   │   ├── gflags
    │   │   ├── glog
    │   │   │   └── gflags
    │   │   ├── libevent
    │   │   │   └── openssl@1.1
    │   │   │       └── ca-certificates
    │   │   ├── lz4
    │   │   ├── openssl@1.1
    │   │   │   └── ca-certificates
    │   │   ├── snappy
    │   │   ├── xz
    │   │   └── zstd
    │   │       ├── lz4
    │   │       └── xz
    │   ├── gflags
    │   ├── glog
    │   │   └── gflags
    │   ├── libevent
    │   │   └── openssl@1.1
    │   │       └── ca-certificates
    │   ├── libsodium
    │   ├── lz4
    │   ├── openssl@1.1
    │   │   └── ca-certificates
    │   ├── snappy
    │   └── zstd
    │       ├── lz4
    │       └── xz
    ├── fmt
    ├── folly
    │   ├── boost
    │   │   ├── icu4c
    │   │   ├── xz
    │   │   └── zstd
    │   │       ├── lz4
    │   │       └── xz
    │   ├── double-conversion
    │   ├── fmt
    │   ├── gflags
    │   ├── glog
    │   │   └── gflags
    │   ├── libevent
    │   │   └── openssl@1.1
    │   │       └── ca-certificates
    │   ├── lz4
    │   ├── openssl@1.1
    │   │   └── ca-certificates
    │   ├── snappy
    │   ├── xz
    │   └── zstd
    │       ├── lz4
    │       └── xz
    ├── gflags
    ├── glog
    │   └── gflags
    ├── libevent
    │   └── openssl@1.1
    │       └── ca-certificates
    ├── libsodium
    ├── lz4
    ├── openssl@1.1
    │   └── ca-certificates
    ├── snappy
    └── zstd
        ├── lz4
        └── xz

fbthrift
├── boost
│   ├── icu4c
│   ├── xz
│   └── zstd
│       ├── lz4
│       └── xz
├── fizz
│   ├── boost
│   │   ├── icu4c
│   │   ├── xz
│   │   └── zstd
│   │       ├── lz4
│   │       └── xz
│   ├── double-conversion
│   ├── fmt
│   ├── folly
│   │   ├── boost
│   │   │   ├── icu4c
│   │   │   ├── xz
│   │   │   └── zstd
│   │   │       ├── lz4
│   │   │       └── xz
│   │   ├── double-conversion
│   │   ├── fmt
│   │   ├── gflags
│   │   ├── glog
│   │   │   └── gflags
│   │   ├── libevent
│   │   │   └── openssl@1.1
│   │   │       └── ca-certificates
│   │   ├── lz4
│   │   ├── openssl@1.1
│   │   │   └── ca-certificates
│   │   ├── snappy
│   │   ├── xz
│   │   └── zstd
│   │       ├── lz4
│   │       └── xz
│   ├── gflags
│   ├── glog
│   │   └── gflags
│   ├── libevent
│   │   └── openssl@1.1
│   │       └── ca-certificates
│   ├── libsodium
│   ├── lz4
│   ├── openssl@1.1
│   │   └── ca-certificates
│   ├── snappy
│   └── zstd
│       ├── lz4
│       └── xz
├── fmt
├── folly
│   ├── boost
│   │   ├── icu4c
│   │   ├── xz
│   │   └── zstd
│   │       ├── lz4
│   │       └── xz
│   ├── double-conversion
│   ├── fmt
│   ├── gflags
│   ├── glog
│   │   └── gflags
│   ├── libevent
│   │   └── openssl@1.1
│   │       └── ca-certificates
│   ├── lz4
│   ├── openssl@1.1
│   │   └── ca-certificates
│   ├── snappy
│   ├── xz
│   └── zstd
│       ├── lz4
│       └── xz
├── gflags
├── glog
│   └── gflags
├── openssl@1.1
│   └── ca-certificates
├── wangle
│   ├── boost
│   │   ├── icu4c
│   │   ├── xz
│   │   └── zstd
│   │       ├── lz4
│   │       └── xz
│   ├── double-conversion
│   ├── fizz
│   │   ├── boost
│   │   │   ├── icu4c
│   │   │   ├── xz
│   │   │   └── zstd
│   │   │       ├── lz4
│   │   │       └── xz
│   │   ├── double-conversion
│   │   ├── fmt
│   │   ├── folly
│   │   │   ├── boost
│   │   │   │   ├── icu4c
│   │   │   │   ├── xz
│   │   │   │   └── zstd
│   │   │   │       ├── lz4
│   │   │   │       └── xz
│   │   │   ├── double-conversion
│   │   │   ├── fmt
│   │   │   ├── gflags
│   │   │   ├── glog
│   │   │   │   └── gflags
│   │   │   ├── libevent
│   │   │   │   └── openssl@1.1
│   │   │   │       └── ca-certificates
│   │   │   ├── lz4
│   │   │   ├── openssl@1.1
│   │   │   │   └── ca-certificates
│   │   │   ├── snappy
│   │   │   ├── xz
│   │   │   └── zstd
│   │   │       ├── lz4
│   │   │       └── xz
│   │   ├── gflags
│   │   ├── glog
│   │   │   └── gflags
│   │   ├── libevent
│   │   │   └── openssl@1.1
│   │   │       └── ca-certificates
│   │   ├── libsodium
│   │   ├── lz4
│   │   ├── openssl@1.1
│   │   │   └── ca-certificates
│   │   ├── snappy
│   │   └── zstd
│   │       ├── lz4
│   │       └── xz
│   ├── fmt
│   ├── folly
│   │   ├── boost
│   │   │   ├── icu4c
│   │   │   ├── xz
│   │   │   └── zstd
│   │   │       ├── lz4
│   │   │       └── xz
│   │   ├── double-conversion
│   │   ├── fmt
│   │   ├── gflags
│   │   ├── glog
│   │   │   └── gflags
│   │   ├── libevent
│   │   │   └── openssl@1.1
│   │   │       └── ca-certificates
│   │   ├── lz4
│   │   ├── openssl@1.1
│   │   │   └── ca-certificates
│   │   ├── snappy
│   │   ├── xz
│   │   └── zstd
│   │       ├── lz4
│   │       └── xz
│   ├── gflags
│   ├── glog
│   │   └── gflags
│   ├── libevent
│   │   └── openssl@1.1
│   │       └── ca-certificates
│   ├── libsodium
│   ├── lz4
│   ├── openssl@1.1
│   │   └── ca-certificates
│   ├── snappy
│   └── zstd
│       ├── lz4
│       └── xz
└── zstd
    ├── lz4
    └── xz

fizz
├── boost
│   ├── icu4c
│   ├── xz
│   └── zstd
│       ├── lz4
│       └── xz
├── double-conversion
├── fmt
├── folly
│   ├── boost
│   │   ├── icu4c
│   │   ├── xz
│   │   └── zstd
│   │       ├── lz4
│   │       └── xz
│   ├── double-conversion
│   ├── fmt
│   ├── gflags
│   ├── glog
│   │   └── gflags
│   ├── libevent
│   │   └── openssl@1.1
│   │       └── ca-certificates
│   ├── lz4
│   ├── openssl@1.1
│   │   └── ca-certificates
│   ├── snappy
│   ├── xz
│   └── zstd
│       ├── lz4
│       └── xz
├── gflags
├── glog
│   └── gflags
├── libevent
│   └── openssl@1.1
│       └── ca-certificates
├── libsodium
├── lz4
├── openssl@1.1
│   └── ca-certificates
├── snappy
└── zstd
    ├── lz4
    └── xz

flow

fmt

folly
├── boost
│   ├── icu4c
│   ├── xz
│   └── zstd
│       ├── lz4
│       └── xz
├── double-conversion
├── fmt
├── gflags
├── glog
│   └── gflags
├── libevent
│   └── openssl@1.1
│       └── ca-certificates
├── lz4
├── openssl@1.1
│   └── ca-certificates
├── snappy
├── xz
└── zstd
    ├── lz4
    └── xz

fontconfig
└── freetype
    └── libpng

freetds
├── openssl@1.1
│   └── ca-certificates
└── unixodbc
    └── libtool
        └── m4

freetype
└── libpng

leoafarias/fvm/fvm

gd
├── fontconfig
│   └── freetype
│       └── libpng
├── freetype
│   └── libpng
├── jpeg-turbo
├── libavif
│   ├── aom
│   │   ├── jpeg-xl
│   │   │   ├── brotli
│   │   │   ├── giflib
│   │   │   ├── highway
│   │   │   ├── imath
│   │   │   ├── jpeg-turbo
│   │   │   ├── libpng
│   │   │   ├── little-cms2
│   │   │   │   ├── jpeg-turbo
│   │   │   │   └── libtiff
│   │   │   │       ├── jpeg-turbo
│   │   │   │       └── zstd
│   │   │   │           ├── lz4
│   │   │   │           └── xz
│   │   │   ├── openexr
│   │   │   │   └── imath
│   │   │   └── webp
│   │   │       ├── giflib
│   │   │       ├── jpeg-turbo
│   │   │       ├── libpng
│   │   │       └── libtiff
│   │   │           ├── jpeg-turbo
│   │   │           └── zstd
│   │   │               ├── lz4
│   │   │               └── xz
│   │   └── libvmaf
│   ├── jpeg-turbo
│   └── libpng
├── libpng
├── libtiff
│   ├── jpeg-turbo
│   └── zstd
│       ├── lz4
│       └── xz
└── webp
    ├── giflib
    ├── jpeg-turbo
    ├── libpng
    └── libtiff
        ├── jpeg-turbo
        └── zstd
            ├── lz4
            └── xz

gettext

gflags

gh

ghostscript
├── fontconfig
│   └── freetype
│       └── libpng
├── freetype
│   └── libpng
├── jbig2dec
├── jpeg-turbo
├── libidn
├── libpng
├── libtiff
│   ├── jpeg-turbo
│   └── zstd
│       ├── lz4
│       └── xz
├── little-cms2
│   ├── jpeg-turbo
│   └── libtiff
│       ├── jpeg-turbo
│       └── zstd
│           ├── lz4
│           └── xz
└── openjpeg
    ├── libpng
    ├── libtiff
    │   ├── jpeg-turbo
    │   └── zstd
    │       ├── lz4
    │       └── xz
    └── little-cms2
        ├── jpeg-turbo
        └── libtiff
            ├── jpeg-turbo
            └── zstd
                ├── lz4
                └── xz

giflib

git
├── gettext
└── pcre2

git-lfs

glib
├── pcre2
└── gettext

glog
└── gflags

gmp

gnupg
├── gnutls
│   ├── ca-certificates
│   ├── gmp
│   ├── libidn2
│   │   ├── libunistring
│   │   └── gettext
│   ├── libtasn1
│   ├── libunistring
│   ├── nettle
│   │   └── gmp
│   ├── p11-kit
│   │   ├── ca-certificates
│   │   └── libtasn1
│   └── unbound
│       ├── libevent
│       │   └── openssl@1.1
│       │       └── ca-certificates
│       ├── libnghttp2
│       └── openssl@1.1
│           └── ca-certificates
├── libassuan
│   └── libgpg-error
│       └── gettext
├── libgcrypt
│   └── libgpg-error
│       └── gettext
├── libgpg-error
│   └── gettext
├── libksba
│   └── libgpg-error
│       └── gettext
├── libusb
├── npth
├── pinentry
│   ├── libassuan
│   │   └── libgpg-error
│   │       └── gettext
│   └── libgpg-error
│       └── gettext
├── readline
└── gettext

gnutls
├── ca-certificates
├── gmp
├── libidn2
│   ├── libunistring
│   └── gettext
├── libtasn1
├── libunistring
├── nettle
│   └── gmp
├── p11-kit
│   ├── ca-certificates
│   └── libtasn1
└── unbound
    ├── libevent
    │   └── openssl@1.1
    │       └── ca-certificates
    ├── libnghttp2
    └── openssl@1.1
        └── ca-certificates

gradle
└── openjdk@17
    ├── giflib
    ├── harfbuzz
    │   ├── cairo
    │   │   ├── fontconfig
    │   │   │   └── freetype
    │   │   │       └── libpng
    │   │   ├── freetype
    │   │   │   └── libpng
    │   │   ├── glib
    │   │   │   ├── pcre2
    │   │   │   └── gettext
    │   │   ├── libpng
    │   │   ├── libx11
    │   │   │   ├── libxcb
    │   │   │   │   ├── libxau
    │   │   │   │   │   └── xorgproto
    │   │   │   │   └── libxdmcp
    │   │   │   │       └── xorgproto
    │   │   │   └── xorgproto
    │   │   ├── libxcb
    │   │   │   ├── libxau
    │   │   │   │   └── xorgproto
    │   │   │   └── libxdmcp
    │   │   │       └── xorgproto
    │   │   ├── libxext
    │   │   │   ├── libx11
    │   │   │   │   ├── libxcb
    │   │   │   │   │   ├── libxau
    │   │   │   │   │   │   └── xorgproto
    │   │   │   │   │   └── libxdmcp
    │   │   │   │   │       └── xorgproto
    │   │   │   │   └── xorgproto
    │   │   │   └── xorgproto
    │   │   ├── libxrender
    │   │   │   ├── libx11
    │   │   │   │   ├── libxcb
    │   │   │   │   │   ├── libxau
    │   │   │   │   │   │   └── xorgproto
    │   │   │   │   │   └── libxdmcp
    │   │   │   │   │       └── xorgproto
    │   │   │   │   └── xorgproto
    │   │   │   └── xorgproto
    │   │   ├── lzo
    │   │   └── pixman
    │   ├── freetype
    │   │   └── libpng
    │   ├── glib
    │   │   ├── pcre2
    │   │   └── gettext
    │   ├── graphite2
    │   └── icu4c
    ├── jpeg-turbo
    ├── libpng
    └── little-cms2
        ├── jpeg-turbo
        └── libtiff
            ├── jpeg-turbo
            └── zstd
                ├── lz4
                └── xz

graphite2

groovy
└── openjdk
    ├── giflib
    ├── harfbuzz
    │   ├── cairo
    │   │   ├── fontconfig
    │   │   │   └── freetype
    │   │   │       └── libpng
    │   │   ├── freetype
    │   │   │   └── libpng
    │   │   ├── glib
    │   │   │   ├── pcre2
    │   │   │   └── gettext
    │   │   ├── libpng
    │   │   ├── libx11
    │   │   │   ├── libxcb
    │   │   │   │   ├── libxau
    │   │   │   │   │   └── xorgproto
    │   │   │   │   └── libxdmcp
    │   │   │   │       └── xorgproto
    │   │   │   └── xorgproto
    │   │   ├── libxcb
    │   │   │   ├── libxau
    │   │   │   │   └── xorgproto
    │   │   │   └── libxdmcp
    │   │   │       └── xorgproto
    │   │   ├── libxext
    │   │   │   ├── libx11
    │   │   │   │   ├── libxcb
    │   │   │   │   │   ├── libxau
    │   │   │   │   │   │   └── xorgproto
    │   │   │   │   │   └── libxdmcp
    │   │   │   │   │       └── xorgproto
    │   │   │   │   └── xorgproto
    │   │   │   └── xorgproto
    │   │   ├── libxrender
    │   │   │   ├── libx11
    │   │   │   │   ├── libxcb
    │   │   │   │   │   ├── libxau
    │   │   │   │   │   │   └── xorgproto
    │   │   │   │   │   └── libxdmcp
    │   │   │   │   │       └── xorgproto
    │   │   │   │   └── xorgproto
    │   │   │   └── xorgproto
    │   │   ├── lzo
    │   │   └── pixman
    │   ├── freetype
    │   │   └── libpng
    │   ├── glib
    │   │   ├── pcre2
    │   │   └── gettext
    │   ├── graphite2
    │   └── icu4c
    ├── jpeg-turbo
    ├── libpng
    └── little-cms2
        ├── jpeg-turbo
        └── libtiff
            ├── jpeg-turbo
            └── zstd
                ├── lz4
                └── xz

harfbuzz
├── cairo
│   ├── fontconfig
│   │   └── freetype
│   │       └── libpng
│   ├── freetype
│   │   └── libpng
│   ├── glib
│   │   ├── pcre2
│   │   └── gettext
│   ├── libpng
│   ├── libx11
│   │   ├── libxcb
│   │   │   ├── libxau
│   │   │   │   └── xorgproto
│   │   │   └── libxdmcp
│   │   │       └── xorgproto
│   │   └── xorgproto
│   ├── libxcb
│   │   ├── libxau
│   │   │   └── xorgproto
│   │   └── libxdmcp
│   │       └── xorgproto
│   ├── libxext
│   │   ├── libx11
│   │   │   ├── libxcb
│   │   │   │   ├── libxau
│   │   │   │   │   └── xorgproto
│   │   │   │   └── libxdmcp
│   │   │   │       └── xorgproto
│   │   │   └── xorgproto
│   │   └── xorgproto
│   ├── libxrender
│   │   ├── libx11
│   │   │   ├── libxcb
│   │   │   │   ├── libxau
│   │   │   │   │   └── xorgproto
│   │   │   │   └── libxdmcp
│   │   │   │       └── xorgproto
│   │   │   └── xorgproto
│   │   └── xorgproto
│   ├── lzo
│   └── pixman
├── freetype
│   └── libpng
├── glib
│   ├── pcre2
│   └── gettext
├── graphite2
└── icu4c

highway

hub

icu4c

imagemagick
├── freetype
│   └── libpng
├── ghostscript
│   ├── fontconfig
│   │   └── freetype
│   │       └── libpng
│   ├── freetype
│   │   └── libpng
│   ├── jbig2dec
│   ├── jpeg-turbo
│   ├── libidn
│   ├── libpng
│   ├── libtiff
│   │   ├── jpeg-turbo
│   │   └── zstd
│   │       ├── lz4
│   │       └── xz
│   ├── little-cms2
│   │   ├── jpeg-turbo
│   │   └── libtiff
│   │       ├── jpeg-turbo
│   │       └── zstd
│   │           ├── lz4
│   │           └── xz
│   └── openjpeg
│       ├── libpng
│       ├── libtiff
│       │   ├── jpeg-turbo
│       │   └── zstd
│       │       ├── lz4
│       │       └── xz
│       └── little-cms2
│           ├── jpeg-turbo
│           └── libtiff
│               ├── jpeg-turbo
│               └── zstd
│                   ├── lz4
│                   └── xz
├── jpeg-turbo
├── libheif
│   ├── aom
│   │   ├── jpeg-xl
│   │   │   ├── brotli
│   │   │   ├── giflib
│   │   │   ├── highway
│   │   │   ├── imath
│   │   │   ├── jpeg-turbo
│   │   │   ├── libpng
│   │   │   ├── little-cms2
│   │   │   │   ├── jpeg-turbo
│   │   │   │   └── libtiff
│   │   │   │       ├── jpeg-turbo
│   │   │   │       └── zstd
│   │   │   │           ├── lz4
│   │   │   │           └── xz
│   │   │   ├── openexr
│   │   │   │   └── imath
│   │   │   └── webp
│   │   │       ├── giflib
│   │   │       ├── jpeg-turbo
│   │   │       ├── libpng
│   │   │       └── libtiff
│   │   │           ├── jpeg-turbo
│   │   │           └── zstd
│   │   │               ├── lz4
│   │   │               └── xz
│   │   └── libvmaf
│   ├── jpeg-turbo
│   ├── libde265
│   ├── libpng
│   ├── shared-mime-info
│   │   └── glib
│   │       ├── pcre2
│   │       └── gettext
│   └── x265
├── liblqr
│   └── glib
│       ├── pcre2
│       └── gettext
├── libpng
├── libraw
│   ├── jasper
│   │   └── jpeg-turbo
│   ├── jpeg-turbo
│   ├── little-cms2
│   │   ├── jpeg-turbo
│   │   └── libtiff
│   │       ├── jpeg-turbo
│   │       └── zstd
│   │           ├── lz4
│   │           └── xz
│   └── libomp
├── libtiff
│   ├── jpeg-turbo
│   └── zstd
│       ├── lz4
│       └── xz
├── libtool
│   └── m4
├── little-cms2
│   ├── jpeg-turbo
│   └── libtiff
│       ├── jpeg-turbo
│       └── zstd
│           ├── lz4
│           └── xz
├── openexr
│   └── imath
├── openjpeg
│   ├── libpng
│   ├── libtiff
│   │   ├── jpeg-turbo
│   │   └── zstd
│   │       ├── lz4
│   │       └── xz
│   └── little-cms2
│       ├── jpeg-turbo
│       └── libtiff
│           ├── jpeg-turbo
│           └── zstd
│               ├── lz4
│               └── xz
├── webp
│   ├── giflib
│   ├── jpeg-turbo
│   ├── libpng
│   └── libtiff
│       ├── jpeg-turbo
│       └── zstd
│           ├── lz4
│           └── xz
├── xz
└── libomp

imath

jasper
└── jpeg-turbo

jbig2dec

jenv

jpeg-turbo

jpeg-xl
├── brotli
├── giflib
├── highway
├── imath
├── jpeg-turbo
├── libpng
├── little-cms2
│   ├── jpeg-turbo
│   └── libtiff
│       ├── jpeg-turbo
│       └── zstd
│           ├── lz4
│           └── xz
├── openexr
│   └── imath
└── webp
    ├── giflib
    ├── jpeg-turbo
    ├── libpng
    └── libtiff
        ├── jpeg-turbo
        └── zstd
            ├── lz4
            └── xz

jq
└── oniguruma

kotlin
└── openjdk
    ├── giflib
    ├── harfbuzz
    │   ├── cairo
    │   │   ├── fontconfig
    │   │   │   └── freetype
    │   │   │       └── libpng
    │   │   ├── freetype
    │   │   │   └── libpng
    │   │   ├── glib
    │   │   │   ├── pcre2
    │   │   │   └── gettext
    │   │   ├── libpng
    │   │   ├── libx11
    │   │   │   ├── libxcb
    │   │   │   │   ├── libxau
    │   │   │   │   │   └── xorgproto
    │   │   │   │   └── libxdmcp
    │   │   │   │       └── xorgproto
    │   │   │   └── xorgproto
    │   │   ├── libxcb
    │   │   │   ├── libxau
    │   │   │   │   └── xorgproto
    │   │   │   └── libxdmcp
    │   │   │       └── xorgproto
    │   │   ├── libxext
    │   │   │   ├── libx11
    │   │   │   │   ├── libxcb
    │   │   │   │   │   ├── libxau
    │   │   │   │   │   │   └── xorgproto
    │   │   │   │   │   └── libxdmcp
    │   │   │   │   │       └── xorgproto
    │   │   │   │   └── xorgproto
    │   │   │   └── xorgproto
    │   │   ├── libxrender
    │   │   │   ├── libx11
    │   │   │   │   ├── libxcb
    │   │   │   │   │   ├── libxau
    │   │   │   │   │   │   └── xorgproto
    │   │   │   │   │   └── libxdmcp
    │   │   │   │   │       └── xorgproto
    │   │   │   │   └── xorgproto
    │   │   │   └── xorgproto
    │   │   ├── lzo
    │   │   └── pixman
    │   ├── freetype
    │   │   └── libpng
    │   ├── glib
    │   │   ├── pcre2
    │   │   └── gettext
    │   ├── graphite2
    │   └── icu4c
    ├── jpeg-turbo
    ├── libpng
    └── little-cms2
        ├── jpeg-turbo
        └── libtiff
            ├── jpeg-turbo
            └── zstd
                ├── lz4
                └── xz

krb5
└── openssl@1.1
    └── ca-certificates

libassuan
└── libgpg-error
    └── gettext

libavif
├── aom
│   ├── jpeg-xl
│   │   ├── brotli
│   │   ├── giflib
│   │   ├── highway
│   │   ├── imath
│   │   ├── jpeg-turbo
│   │   ├── libpng
│   │   ├── little-cms2
│   │   │   ├── jpeg-turbo
│   │   │   └── libtiff
│   │   │       ├── jpeg-turbo
│   │   │       └── zstd
│   │   │           ├── lz4
│   │   │           └── xz
│   │   ├── openexr
│   │   │   └── imath
│   │   └── webp
│   │       ├── giflib
│   │       ├── jpeg-turbo
│   │       ├── libpng
│   │       └── libtiff
│   │           ├── jpeg-turbo
│   │           └── zstd
│   │               ├── lz4
│   │               └── xz
│   └── libvmaf
├── jpeg-turbo
└── libpng

libde265

libevent
└── openssl@1.1
    └── ca-certificates

libgcrypt
└── libgpg-error
    └── gettext

libgpg-error
└── gettext

libheif
├── aom
│   ├── jpeg-xl
│   │   ├── brotli
│   │   ├── giflib
│   │   ├── highway
│   │   ├── imath
│   │   ├── jpeg-turbo
│   │   ├── libpng
│   │   ├── little-cms2
│   │   │   ├── jpeg-turbo
│   │   │   └── libtiff
│   │   │       ├── jpeg-turbo
│   │   │       └── zstd
│   │   │           ├── lz4
│   │   │           └── xz
│   │   ├── openexr
│   │   │   └── imath
│   │   └── webp
│   │       ├── giflib
│   │       ├── jpeg-turbo
│   │       ├── libpng
│   │       └── libtiff
│   │           ├── jpeg-turbo
│   │           └── zstd
│   │               ├── lz4
│   │               └── xz
│   └── libvmaf
├── jpeg-turbo
├── libde265
├── libpng
├── shared-mime-info
│   └── glib
│       ├── pcre2
│       └── gettext
└── x265

libidn

libidn2
├── libunistring
└── gettext

libksba
└── libgpg-error
    └── gettext

liblqr
└── glib
    ├── pcre2
    └── gettext

libnghttp2

libomp

libpng

libpq
├── krb5
│   └── openssl@1.1
│       └── ca-certificates
└── openssl@1.1
    └── ca-certificates

libraw
├── jasper
│   └── jpeg-turbo
├── jpeg-turbo
├── little-cms2
│   ├── jpeg-turbo
│   └── libtiff
│       ├── jpeg-turbo
│       └── zstd
│           ├── lz4
│           └── xz
└── libomp

libsodium

libssh2
└── openssl@1.1
    └── ca-certificates

libtasn1

libtiff
├── jpeg-turbo
└── zstd
    ├── lz4
    └── xz

libtool
└── m4

libunistring

libusb

libuv

libvmaf

libx11
├── libxcb
│   ├── libxau
│   │   └── xorgproto
│   └── libxdmcp
│       └── xorgproto
└── xorgproto

libxau
└── xorgproto

libxcb
├── libxau
│   └── xorgproto
└── libxdmcp
    └── xorgproto

libxdmcp
└── xorgproto

libxext
├── libx11
│   ├── libxcb
│   │   ├── libxau
│   │   │   └── xorgproto
│   │   └── libxdmcp
│   │       └── xorgproto
│   └── xorgproto
└── xorgproto

libxrender
├── libx11
│   ├── libxcb
│   │   ├── libxau
│   │   │   └── xorgproto
│   │   └── libxdmcp
│   │       └── xorgproto
│   └── xorgproto
└── xorgproto

libyaml

libzip
└── zstd
    ├── lz4
    └── xz

little-cms2
├── jpeg-turbo
└── libtiff
    ├── jpeg-turbo
    └── zstd
        ├── lz4
        └── xz

llvm
├── python@3.11
│   ├── mpdecimal
│   ├── openssl@1.1
│   │   └── ca-certificates
│   ├── sqlite
│   │   └── readline
│   └── xz
├── six
├── z3
└── zstd
    ├── lz4
    └── xz

lokalise/cli-2/lokalise2

lz4

lzo

m4

maven
└── openjdk
    ├── giflib
    ├── harfbuzz
    │   ├── cairo
    │   │   ├── fontconfig
    │   │   │   └── freetype
    │   │   │       └── libpng
    │   │   ├── freetype
    │   │   │   └── libpng
    │   │   ├── glib
    │   │   │   ├── pcre2
    │   │   │   └── gettext
    │   │   ├── libpng
    │   │   ├── libx11
    │   │   │   ├── libxcb
    │   │   │   │   ├── libxau
    │   │   │   │   │   └── xorgproto
    │   │   │   │   └── libxdmcp
    │   │   │   │       └── xorgproto
    │   │   │   └── xorgproto
    │   │   ├── libxcb
    │   │   │   ├── libxau
    │   │   │   │   └── xorgproto
    │   │   │   └── libxdmcp
    │   │   │       └── xorgproto
    │   │   ├── libxext
    │   │   │   ├── libx11
    │   │   │   │   ├── libxcb
    │   │   │   │   │   ├── libxau
    │   │   │   │   │   │   └── xorgproto
    │   │   │   │   │   └── libxdmcp
    │   │   │   │   │       └── xorgproto
    │   │   │   │   └── xorgproto
    │   │   │   └── xorgproto
    │   │   ├── libxrender
    │   │   │   ├── libx11
    │   │   │   │   ├── libxcb
    │   │   │   │   │   ├── libxau
    │   │   │   │   │   │   └── xorgproto
    │   │   │   │   │   └── libxdmcp
    │   │   │   │   │       └── xorgproto
    │   │   │   │   └── xorgproto
    │   │   │   └── xorgproto
    │   │   ├── lzo
    │   │   └── pixman
    │   ├── freetype
    │   │   └── libpng
    │   ├── glib
    │   │   ├── pcre2
    │   │   └── gettext
    │   ├── graphite2
    │   └── icu4c
    ├── jpeg-turbo
    ├── libpng
    └── little-cms2
        ├── jpeg-turbo
        └── libtiff
            ├── jpeg-turbo
            └── zstd
                ├── lz4
                └── xz

mercurial
└── python@3.11
    ├── mpdecimal
    ├── openssl@1.1
    │   └── ca-certificates
    ├── sqlite
    │   └── readline
    └── xz

mint

mpdecimal

nettle
└── gmp

node@16
├── brotli
├── c-ares
├── icu4c
├── libnghttp2
├── libuv
└── openssl@1.1
    └── ca-certificates

npth

oniguruma

openconnect
├── gettext
├── gnutls
│   ├── ca-certificates
│   ├── gmp
│   ├── libidn2
│   │   ├── libunistring
│   │   └── gettext
│   ├── libtasn1
│   ├── libunistring
│   ├── nettle
│   │   └── gmp
│   ├── p11-kit
│   │   ├── ca-certificates
│   │   └── libtasn1
│   └── unbound
│       ├── libevent
│       │   └── openssl@1.1
│       │       └── ca-certificates
│       ├── libnghttp2
│       └── openssl@1.1
│           └── ca-certificates
└── stoken
    └── nettle
        └── gmp

openexr
└── imath

openjdk
├── giflib
├── harfbuzz
│   ├── cairo
│   │   ├── fontconfig
│   │   │   └── freetype
│   │   │       └── libpng
│   │   ├── freetype
│   │   │   └── libpng
│   │   ├── glib
│   │   │   ├── pcre2
│   │   │   └── gettext
│   │   ├── libpng
│   │   ├── libx11
│   │   │   ├── libxcb
│   │   │   │   ├── libxau
│   │   │   │   │   └── xorgproto
│   │   │   │   └── libxdmcp
│   │   │   │       └── xorgproto
│   │   │   └── xorgproto
│   │   ├── libxcb
│   │   │   ├── libxau
│   │   │   │   └── xorgproto
│   │   │   └── libxdmcp
│   │   │       └── xorgproto
│   │   ├── libxext
│   │   │   ├── libx11
│   │   │   │   ├── libxcb
│   │   │   │   │   ├── libxau
│   │   │   │   │   │   └── xorgproto
│   │   │   │   │   └── libxdmcp
│   │   │   │   │       └── xorgproto
│   │   │   │   └── xorgproto
│   │   │   └── xorgproto
│   │   ├── libxrender
│   │   │   ├── libx11
│   │   │   │   ├── libxcb
│   │   │   │   │   ├── libxau
│   │   │   │   │   │   └── xorgproto
│   │   │   │   │   └── libxdmcp
│   │   │   │   │       └── xorgproto
│   │   │   │   └── xorgproto
│   │   │   └── xorgproto
│   │   ├── lzo
│   │   └── pixman
│   ├── freetype
│   │   └── libpng
│   ├── glib
│   │   ├── pcre2
│   │   └── gettext
│   ├── graphite2
│   └── icu4c
├── jpeg-turbo
├── libpng
└── little-cms2
    ├── jpeg-turbo
    └── libtiff
        ├── jpeg-turbo
        └── zstd
            ├── lz4
            └── xz

openjdk@17
├── giflib
├── harfbuzz
│   ├── cairo
│   │   ├── fontconfig
│   │   │   └── freetype
│   │   │       └── libpng
│   │   ├── freetype
│   │   │   └── libpng
│   │   ├── glib
│   │   │   ├── pcre2
│   │   │   └── gettext
│   │   ├── libpng
│   │   ├── libx11
│   │   │   ├── libxcb
│   │   │   │   ├── libxau
│   │   │   │   │   └── xorgproto
│   │   │   │   └── libxdmcp
│   │   │   │       └── xorgproto
│   │   │   └── xorgproto
│   │   ├── libxcb
│   │   │   ├── libxau
│   │   │   │   └── xorgproto
│   │   │   └── libxdmcp
│   │   │       └── xorgproto
│   │   ├── libxext
│   │   │   ├── libx11
│   │   │   │   ├── libxcb
│   │   │   │   │   ├── libxau
│   │   │   │   │   │   └── xorgproto
│   │   │   │   │   └── libxdmcp
│   │   │   │   │       └── xorgproto
│   │   │   │   └── xorgproto
│   │   │   └── xorgproto
│   │   ├── libxrender
│   │   │   ├── libx11
│   │   │   │   ├── libxcb
│   │   │   │   │   ├── libxau
│   │   │   │   │   │   └── xorgproto
│   │   │   │   │   └── libxdmcp
│   │   │   │   │       └── xorgproto
│   │   │   │   └── xorgproto
│   │   │   └── xorgproto
│   │   ├── lzo
│   │   └── pixman
│   ├── freetype
│   │   └── libpng
│   ├── glib
│   │   ├── pcre2
│   │   └── gettext
│   ├── graphite2
│   └── icu4c
├── jpeg-turbo
├── libpng
└── little-cms2
    ├── jpeg-turbo
    └── libtiff
        ├── jpeg-turbo
        └── zstd
            ├── lz4
            └── xz

openjpeg
├── libpng
├── libtiff
│   ├── jpeg-turbo
│   └── zstd
│       ├── lz4
│       └── xz
└── little-cms2
    ├── jpeg-turbo
    └── libtiff
        ├── jpeg-turbo
        └── zstd
            ├── lz4
            └── xz

openldap
└── openssl@1.1
    └── ca-certificates

openssl@1.1
└── ca-certificates

openssl@3
└── ca-certificates

openvpn
├── lz4
├── lzo
├── openssl@1.1
│   └── ca-certificates
└── pkcs11-helper
    └── openssl@1.1
        └── ca-certificates

p11-kit
├── ca-certificates
└── libtasn1

parallel

pcre2

php
├── apr
├── apr-util
│   ├── apr
│   └── openssl@1.1
│       └── ca-certificates
├── argon2
├── aspell
├── autoconf
│   └── m4
├── curl
│   ├── brotli
│   ├── libidn2
│   │   ├── libunistring
│   │   └── gettext
│   ├── libnghttp2
│   ├── libssh2
│   │   └── openssl@1.1
│   │       └── ca-certificates
│   ├── openldap
│   │   └── openssl@1.1
│   │       └── ca-certificates
│   ├── openssl@1.1
│   │   └── ca-certificates
│   ├── rtmpdump
│   │   └── openssl@1.1
│   │       └── ca-certificates
│   └── zstd
│       ├── lz4
│       └── xz
├── freetds
│   ├── openssl@1.1
│   │   └── ca-certificates
│   └── unixodbc
│       └── libtool
│           └── m4
├── gd
│   ├── fontconfig
│   │   └── freetype
│   │       └── libpng
│   ├── freetype
│   │   └── libpng
│   ├── jpeg-turbo
│   ├── libavif
│   │   ├── aom
│   │   │   ├── jpeg-xl
│   │   │   │   ├── brotli
│   │   │   │   ├── giflib
│   │   │   │   ├── highway
│   │   │   │   ├── imath
│   │   │   │   ├── jpeg-turbo
│   │   │   │   ├── libpng
│   │   │   │   ├── little-cms2
│   │   │   │   │   ├── jpeg-turbo
│   │   │   │   │   └── libtiff
│   │   │   │   │       ├── jpeg-turbo
│   │   │   │   │       └── zstd
│   │   │   │   │           ├── lz4
│   │   │   │   │           └── xz
│   │   │   │   ├── openexr
│   │   │   │   │   └── imath
│   │   │   │   └── webp
│   │   │   │       ├── giflib
│   │   │   │       ├── jpeg-turbo
│   │   │   │       ├── libpng
│   │   │   │       └── libtiff
│   │   │   │           ├── jpeg-turbo
│   │   │   │           └── zstd
│   │   │   │               ├── lz4
│   │   │   │               └── xz
│   │   │   └── libvmaf
│   │   ├── jpeg-turbo
│   │   └── libpng
│   ├── libpng
│   ├── libtiff
│   │   ├── jpeg-turbo
│   │   └── zstd
│   │       ├── lz4
│   │       └── xz
│   └── webp
│       ├── giflib
│       ├── jpeg-turbo
│       ├── libpng
│       └── libtiff
│           ├── jpeg-turbo
│           └── zstd
│               ├── lz4
│               └── xz
├── gettext
├── gmp
├── icu4c
├── krb5
│   └── openssl@1.1
│       └── ca-certificates
├── libpq
│   ├── krb5
│   │   └── openssl@1.1
│   │       └── ca-certificates
│   └── openssl@1.1
│       └── ca-certificates
├── libsodium
├── libzip
│   └── zstd
│       ├── lz4
│       └── xz
├── oniguruma
├── openldap
│   └── openssl@1.1
│       └── ca-certificates
├── openssl@1.1
│   └── ca-certificates
├── pcre2
├── sqlite
│   └── readline
├── tidy-html5
└── unixodbc
    └── libtool
        └── m4

pinentry
├── libassuan
│   └── libgpg-error
│       └── gettext
└── libgpg-error
    └── gettext

pixman

pkcs11-helper
└── openssl@1.1
    └── ca-certificates

pkg-config

pycparser
└── python@3.11
    ├── mpdecimal
    ├── openssl@1.1
    │   └── ca-certificates
    ├── sqlite
    │   └── readline
    └── xz

pyenv
├── autoconf
│   └── m4
├── openssl@3
│   └── ca-certificates
├── pkg-config
└── readline

python@3.11
├── mpdecimal
├── openssl@1.1
│   └── ca-certificates
├── sqlite
│   └── readline
└── xz

pyyaml
└── libyaml

rbenv
└── ruby-build
    ├── autoconf
    │   └── m4
    ├── pkg-config
    └── readline

readline

rtmpdump
└── openssl@1.1
    └── ca-certificates

ruby-build
├── autoconf
│   └── m4
├── pkg-config
└── readline

screen

shared-mime-info
└── glib
    ├── pcre2
    └── gettext

six

snappy

sqlite
└── readline

stoken
└── nettle
    └── gmp

swiftlint

temurin11

temurin17

temurin8

tidy-html5

transcrypt

tree

unbound
├── libevent
│   └── openssl@1.1
│       └── ca-certificates
├── libnghttp2
└── openssl@1.1
    └── ca-certificates

unixodbc
└── libtool
    └── m4

wangle
├── boost
│   ├── icu4c
│   ├── xz
│   └── zstd
│       ├── lz4
│       └── xz
├── double-conversion
├── fizz
│   ├── boost
│   │   ├── icu4c
│   │   ├── xz
│   │   └── zstd
│   │       ├── lz4
│   │       └── xz
│   ├── double-conversion
│   ├── fmt
│   ├── folly
│   │   ├── boost
│   │   │   ├── icu4c
│   │   │   ├── xz
│   │   │   └── zstd
│   │   │       ├── lz4
│   │   │       └── xz
│   │   ├── double-conversion
│   │   ├── fmt
│   │   ├── gflags
│   │   ├── glog
│   │   │   └── gflags
│   │   ├── libevent
│   │   │   └── openssl@1.1
│   │   │       └── ca-certificates
│   │   ├── lz4
│   │   ├── openssl@1.1
│   │   │   └── ca-certificates
│   │   ├── snappy
│   │   ├── xz
│   │   └── zstd
│   │       ├── lz4
│   │       └── xz
│   ├── gflags
│   ├── glog
│   │   └── gflags
│   ├── libevent
│   │   └── openssl@1.1
│   │       └── ca-certificates
│   ├── libsodium
│   ├── lz4
│   ├── openssl@1.1
│   │   └── ca-certificates
│   ├── snappy
│   └── zstd
│       ├── lz4
│       └── xz
├── fmt
├── folly
│   ├── boost
│   │   ├── icu4c
│   │   ├── xz
│   │   └── zstd
│   │       ├── lz4
│   │       └── xz
│   ├── double-conversion
│   ├── fmt
│   ├── gflags
│   ├── glog
│   │   └── gflags
│   ├── libevent
│   │   └── openssl@1.1
│   │       └── ca-certificates
│   ├── lz4
│   ├── openssl@1.1
│   │   └── ca-certificates
│   ├── snappy
│   ├── xz
│   └── zstd
│       ├── lz4
│       └── xz
├── gflags
├── glog
│   └── gflags
├── libevent
│   └── openssl@1.1
│       └── ca-certificates
├── libsodium
├── lz4
├── openssl@1.1
│   └── ca-certificates
├── snappy
└── zstd
    ├── lz4
    └── xz

watchman
├── boost
│   ├── icu4c
│   ├── xz
│   └── zstd
│       ├── lz4
│       └── xz
├── edencommon
│   ├── folly
│   │   ├── boost
│   │   │   ├── icu4c
│   │   │   ├── xz
│   │   │   └── zstd
│   │   │       ├── lz4
│   │   │       └── xz
│   │   ├── double-conversion
│   │   ├── fmt
│   │   ├── gflags
│   │   ├── glog
│   │   │   └── gflags
│   │   ├── libevent
│   │   │   └── openssl@1.1
│   │   │       └── ca-certificates
│   │   ├── lz4
│   │   ├── openssl@1.1
│   │   │   └── ca-certificates
│   │   ├── snappy
│   │   ├── xz
│   │   └── zstd
│   │       ├── lz4
│   │       └── xz
│   ├── gflags
│   └── glog
│       └── gflags
├── fb303
│   ├── fbthrift
│   │   ├── boost
│   │   │   ├── icu4c
│   │   │   ├── xz
│   │   │   └── zstd
│   │   │       ├── lz4
│   │   │       └── xz
│   │   ├── fizz
│   │   │   ├── boost
│   │   │   │   ├── icu4c
│   │   │   │   ├── xz
│   │   │   │   └── zstd
│   │   │   │       ├── lz4
│   │   │   │       └── xz
│   │   │   ├── double-conversion
│   │   │   ├── fmt
│   │   │   ├── folly
│   │   │   │   ├── boost
│   │   │   │   │   ├── icu4c
│   │   │   │   │   ├── xz
│   │   │   │   │   └── zstd
│   │   │   │   │       ├── lz4
│   │   │   │   │       └── xz
│   │   │   │   ├── double-conversion
│   │   │   │   ├── fmt
│   │   │   │   ├── gflags
│   │   │   │   ├── glog
│   │   │   │   │   └── gflags
│   │   │   │   ├── libevent
│   │   │   │   │   └── openssl@1.1
│   │   │   │   │       └── ca-certificates
│   │   │   │   ├── lz4
│   │   │   │   ├── openssl@1.1
│   │   │   │   │   └── ca-certificates
│   │   │   │   ├── snappy
│   │   │   │   ├── xz
│   │   │   │   └── zstd
│   │   │   │       ├── lz4
│   │   │   │       └── xz
│   │   │   ├── gflags
│   │   │   ├── glog
│   │   │   │   └── gflags
│   │   │   ├── libevent
│   │   │   │   └── openssl@1.1
│   │   │   │       └── ca-certificates
│   │   │   ├── libsodium
│   │   │   ├── lz4
│   │   │   ├── openssl@1.1
│   │   │   │   └── ca-certificates
│   │   │   ├── snappy
│   │   │   └── zstd
│   │   │       ├── lz4
│   │   │       └── xz
│   │   ├── fmt
│   │   ├── folly
│   │   │   ├── boost
│   │   │   │   ├── icu4c
│   │   │   │   ├── xz
│   │   │   │   └── zstd
│   │   │   │       ├── lz4
│   │   │   │       └── xz
│   │   │   ├── double-conversion
│   │   │   ├── fmt
│   │   │   ├── gflags
│   │   │   ├── glog
│   │   │   │   └── gflags
│   │   │   ├── libevent
│   │   │   │   └── openssl@1.1
│   │   │   │       └── ca-certificates
│   │   │   ├── lz4
│   │   │   ├── openssl@1.1
│   │   │   │   └── ca-certificates
│   │   │   ├── snappy
│   │   │   ├── xz
│   │   │   └── zstd
│   │   │       ├── lz4
│   │   │       └── xz
│   │   ├── gflags
│   │   ├── glog
│   │   │   └── gflags
│   │   ├── openssl@1.1
│   │   │   └── ca-certificates
│   │   ├── wangle
│   │   │   ├── boost
│   │   │   │   ├── icu4c
│   │   │   │   ├── xz
│   │   │   │   └── zstd
│   │   │   │       ├── lz4
│   │   │   │       └── xz
│   │   │   ├── double-conversion
│   │   │   ├── fizz
│   │   │   │   ├── boost
│   │   │   │   │   ├── icu4c
│   │   │   │   │   ├── xz
│   │   │   │   │   └── zstd
│   │   │   │   │       ├── lz4
│   │   │   │   │       └── xz
│   │   │   │   ├── double-conversion
│   │   │   │   ├── fmt
│   │   │   │   ├── folly
│   │   │   │   │   ├── boost
│   │   │   │   │   │   ├── icu4c
│   │   │   │   │   │   ├── xz
│   │   │   │   │   │   └── zstd
│   │   │   │   │   │       ├── lz4
│   │   │   │   │   │       └── xz
│   │   │   │   │   ├── double-conversion
│   │   │   │   │   ├── fmt
│   │   │   │   │   ├── gflags
│   │   │   │   │   ├── glog
│   │   │   │   │   │   └── gflags
│   │   │   │   │   ├── libevent
│   │   │   │   │   │   └── openssl@1.1
│   │   │   │   │   │       └── ca-certificates
│   │   │   │   │   ├── lz4
│   │   │   │   │   ├── openssl@1.1
│   │   │   │   │   │   └── ca-certificates
│   │   │   │   │   ├── snappy
│   │   │   │   │   ├── xz
│   │   │   │   │   └── zstd
│   │   │   │   │       ├── lz4
│   │   │   │   │       └── xz
│   │   │   │   ├── gflags
│   │   │   │   ├── glog
│   │   │   │   │   └── gflags
│   │   │   │   ├── libevent
│   │   │   │   │   └── openssl@1.1
│   │   │   │   │       └── ca-certificates
│   │   │   │   ├── libsodium
│   │   │   │   ├── lz4
│   │   │   │   ├── openssl@1.1
│   │   │   │   │   └── ca-certificates
│   │   │   │   ├── snappy
│   │   │   │   └── zstd
│   │   │   │       ├── lz4
│   │   │   │       └── xz
│   │   │   ├── fmt
│   │   │   ├── folly
│   │   │   │   ├── boost
│   │   │   │   │   ├── icu4c
│   │   │   │   │   ├── xz
│   │   │   │   │   └── zstd
│   │   │   │   │       ├── lz4
│   │   │   │   │       └── xz
│   │   │   │   ├── double-conversion
│   │   │   │   ├── fmt
│   │   │   │   ├── gflags
│   │   │   │   ├── glog
│   │   │   │   │   └── gflags
│   │   │   │   ├── libevent
│   │   │   │   │   └── openssl@1.1
│   │   │   │   │       └── ca-certificates
│   │   │   │   ├── lz4
│   │   │   │   ├── openssl@1.1
│   │   │   │   │   └── ca-certificates
│   │   │   │   ├── snappy
│   │   │   │   ├── xz
│   │   │   │   └── zstd
│   │   │   │       ├── lz4
│   │   │   │       └── xz
│   │   │   ├── gflags
│   │   │   ├── glog
│   │   │   │   └── gflags
│   │   │   ├── libevent
│   │   │   │   └── openssl@1.1
│   │   │   │       └── ca-certificates
│   │   │   ├── libsodium
│   │   │   ├── lz4
│   │   │   ├── openssl@1.1
│   │   │   │   └── ca-certificates
│   │   │   ├── snappy
│   │   │   └── zstd
│   │   │       ├── lz4
│   │   │       └── xz
│   │   └── zstd
│   │       ├── lz4
│   │       └── xz
│   ├── fizz
│   │   ├── boost
│   │   │   ├── icu4c
│   │   │   ├── xz
│   │   │   └── zstd
│   │   │       ├── lz4
│   │   │       └── xz
│   │   ├── double-conversion
│   │   ├── fmt
│   │   ├── folly
│   │   │   ├── boost
│   │   │   │   ├── icu4c
│   │   │   │   ├── xz
│   │   │   │   └── zstd
│   │   │   │       ├── lz4
│   │   │   │       └── xz
│   │   │   ├── double-conversion
│   │   │   ├── fmt
│   │   │   ├── gflags
│   │   │   ├── glog
│   │   │   │   └── gflags
│   │   │   ├── libevent
│   │   │   │   └── openssl@1.1
│   │   │   │       └── ca-certificates
│   │   │   ├── lz4
│   │   │   ├── openssl@1.1
│   │   │   │   └── ca-certificates
│   │   │   ├── snappy
│   │   │   ├── xz
│   │   │   └── zstd
│   │   │       ├── lz4
│   │   │       └── xz
│   │   ├── gflags
│   │   ├── glog
│   │   │   └── gflags
│   │   ├── libevent
│   │   │   └── openssl@1.1
│   │   │       └── ca-certificates
│   │   ├── libsodium
│   │   ├── lz4
│   │   ├── openssl@1.1
│   │   │   └── ca-certificates
│   │   ├── snappy
│   │   └── zstd
│   │       ├── lz4
│   │       └── xz
│   ├── fmt
│   ├── folly
│   │   ├── boost
│   │   │   ├── icu4c
│   │   │   ├── xz
│   │   │   └── zstd
│   │   │       ├── lz4
│   │   │       └── xz
│   │   ├── double-conversion
│   │   ├── fmt
│   │   ├── gflags
│   │   ├── glog
│   │   │   └── gflags
│   │   ├── libevent
│   │   │   └── openssl@1.1
│   │   │       └── ca-certificates
│   │   ├── lz4
│   │   ├── openssl@1.1
│   │   │   └── ca-certificates
│   │   ├── snappy
│   │   ├── xz
│   │   └── zstd
│   │       ├── lz4
│   │       └── xz
│   ├── gflags
│   ├── glog
│   │   └── gflags
│   ├── openssl@1.1
│   │   └── ca-certificates
│   └── wangle
│       ├── boost
│       │   ├── icu4c
│       │   ├── xz
│       │   └── zstd
│       │       ├── lz4
│       │       └── xz
│       ├── double-conversion
│       ├── fizz
│       │   ├── boost
│       │   │   ├── icu4c
│       │   │   ├── xz
│       │   │   └── zstd
│       │   │       ├── lz4
│       │   │       └── xz
│       │   ├── double-conversion
│       │   ├── fmt
│       │   ├── folly
│       │   │   ├── boost
│       │   │   │   ├── icu4c
│       │   │   │   ├── xz
│       │   │   │   └── zstd
│       │   │   │       ├── lz4
│       │   │   │       └── xz
│       │   │   ├── double-conversion
│       │   │   ├── fmt
│       │   │   ├── gflags
│       │   │   ├── glog
│       │   │   │   └── gflags
│       │   │   ├── libevent
│       │   │   │   └── openssl@1.1
│       │   │   │       └── ca-certificates
│       │   │   ├── lz4
│       │   │   ├── openssl@1.1
│       │   │   │   └── ca-certificates
│       │   │   ├── snappy
│       │   │   ├── xz
│       │   │   └── zstd
│       │   │       ├── lz4
│       │   │       └── xz
│       │   ├── gflags
│       │   ├── glog
│       │   │   └── gflags
│       │   ├── libevent
│       │   │   └── openssl@1.1
│       │   │       └── ca-certificates
│       │   ├── libsodium
│       │   ├── lz4
│       │   ├── openssl@1.1
│       │   │   └── ca-certificates
│       │   ├── snappy
│       │   └── zstd
│       │       ├── lz4
│       │       └── xz
│       ├── fmt
│       ├── folly
│       │   ├── boost
│       │   │   ├── icu4c
│       │   │   ├── xz
│       │   │   └── zstd
│       │   │       ├── lz4
│       │   │       └── xz
│       │   ├── double-conversion
│       │   ├── fmt
│       │   ├── gflags
│       │   ├── glog
│       │   │   └── gflags
│       │   ├── libevent
│       │   │   └── openssl@1.1
│       │   │       └── ca-certificates
│       │   ├── lz4
│       │   ├── openssl@1.1
│       │   │   └── ca-certificates
│       │   ├── snappy
│       │   ├── xz
│       │   └── zstd
│       │       ├── lz4
│       │       └── xz
│       ├── gflags
│       ├── glog
│       │   └── gflags
│       ├── libevent
│       │   └── openssl@1.1
│       │       └── ca-certificates
│       ├── libsodium
│       ├── lz4
│       ├── openssl@1.1
│       │   └── ca-certificates
│       ├── snappy
│       └── zstd
│           ├── lz4
│           └── xz
├── fmt
├── folly
│   ├── boost
│   │   ├── icu4c
│   │   ├── xz
│   │   └── zstd
│   │       ├── lz4
│   │       └── xz
│   ├── double-conversion
│   ├── fmt
│   ├── gflags
│   ├── glog
│   │   └── gflags
│   ├── libevent
│   │   └── openssl@1.1
│   │       └── ca-certificates
│   ├── lz4
│   ├── openssl@1.1
│   │   └── ca-certificates
│   ├── snappy
│   ├── xz
│   └── zstd
│       ├── lz4
│       └── xz
├── gflags
├── glog
│   └── gflags
├── libevent
│   └── openssl@1.1
│       └── ca-certificates
├── openssl@1.1
│   └── ca-certificates
├── pcre2
└── python@3.11
    ├── mpdecimal
    ├── openssl@1.1
    │   └── ca-certificates
    ├── sqlite
    │   └── readline
    └── xz

webp
├── giflib
├── jpeg-turbo
├── libpng
└── libtiff
    ├── jpeg-turbo
    └── zstd
        ├── lz4
        └── xz

wget
├── libidn2
│   ├── libunistring
│   └── gettext
└── openssl@3
    └── ca-certificates

x265

xcbeautify

xclogparser

robotsandpencils/made/xcodes

xorgproto

xz

yamllint
├── python@3.11
│   ├── mpdecimal
│   ├── openssl@1.1
│   │   └── ca-certificates
│   ├── sqlite
│   │   └── readline
│   └── xz
└── pyyaml
    └── libyaml

yarn

z3

zeromq
└── libsodium

zstd
├── lz4
└── xz

========================================


=== Ruby and rubygems ==================
* Ruby (default): ruby 2.7.6p219 (2022-04-12 revision c9c2245c0a) [x86_64-darwin21]
--- Available ruby versions ---
  system
  2.6.9
  2.7.2
  2.7.5
* 2.7.6 (set by /Users/vagrant/.rbenv/version)
  3.0.0
  3.0.3
  3.1.0
  3.1.3
-------------------------------
* rbenv: 1.2.0
* Rubygems: 3.1.6
* Bundler: Bundler version 2.4.10
* CocoaPods: 1.12.0
* xcpretty: 0.3.0
========================================


=== All Ruby GEMs ======================
activesupport (7.0.4.3)
addressable (2.8.1)
algoliasearch (1.27.5)
artifactory (3.0.15)
atomos (0.1.3)
aws-eventstream (1.2.0)
aws-partitions (1.735.0)
aws-sdk-core (3.171.0)
aws-sdk-kms (1.63.0)
aws-sdk-s3 (1.119.2)
aws-sigv4 (1.5.2)
babosa (1.0.4)
benchmark (default: 0.1.0)
bigdecimal (default: 2.0.0)
bundler (2.4.10, default: 2.1.4)
CFPropertyList (3.0.6)
cgi (default: 0.1.0.1)
claide (1.1.0)
clamp (1.3.2)
cocoapods (1.12.0)
cocoapods-core (1.12.0)
cocoapods-deintegrate (1.0.5)
cocoapods-downloader (1.6.3)
cocoapods-plugins (1.0.0)
cocoapods-search (1.0.1)
cocoapods-trunk (1.6.0)
cocoapods-try (1.2.0)
colored (1.2)
colored2 (3.1.2)
commander (4.6.0)
concurrent-ruby (1.2.2)
csv (default: 3.1.2)
date (default: 3.0.3)
dbm (default: 1.1.0)
declarative (0.0.20)
delegate (default: 0.1.0)
did_you_mean (default: 1.4.0)
digest-crc (0.6.4)
domain_name (0.5.20190701)
dotenv (2.8.1)
emoji_regex (3.2.3)
escape (0.0.4)
etc (default: 1.1.0)
ethon (0.16.0)
excon (0.99.0)
faraday (1.10.3)
faraday-cookie_jar (0.0.7)
faraday-em_http (1.0.0)
faraday-em_synchrony (1.0.0)
faraday-excon (1.1.0)
faraday-httpclient (1.0.1)
faraday-multipart (1.0.4)
faraday-net_http (1.0.1)
faraday-net_http_persistent (1.2.0)
faraday-patron (1.0.0)
faraday-rack (1.0.0)
faraday-retry (1.0.3)
faraday_middleware (1.2.0)
fastimage (2.2.6)
fastlane (2.212.1)
fcntl (default: 1.0.0)
ffi (1.15.5)
fiddle (default: 1.0.0)
fileutils (default: 1.4.1)
forwardable (default: 1.3.1)
fourflusher (2.3.1)
fuzzy_match (2.0.4)
gdbm (default: 2.1.0)
getoptlong (default: 0.1.0)
gh_inspector (1.1.3)
google-apis-androidpublisher_v3 (0.37.0)
google-apis-core (0.11.0)
google-apis-iamcredentials_v1 (0.17.0)
google-apis-playcustomapp_v1 (0.13.0)
google-apis-storage_v1 (0.19.0)
google-cloud-core (1.6.0)
google-cloud-env (1.6.0)
google-cloud-errors (1.3.1)
google-cloud-storage (1.44.0)
googleauth (1.5.0)
highline (2.0.3)
http-cookie (1.0.5)
httpclient (2.8.3)
i18n (1.12.0)
io-console (default: 0.5.6)
ipaddr (default: 1.2.2)
irb (default: 1.2.6)
jazzy (0.14.3)
jmespath (1.6.2)
json (default: 2.3.0)
jwt (2.7.0)
liferaft (0.0.6)
logger (default: 1.4.2)
matrix (default: 0.2.0)
memoist (0.16.2)
mini_magick (4.12.0)
mini_mime (1.1.2)
minitest (5.18.0)
molinillo (0.8.0)
multi_json (1.15.0)
multipart-post (2.0.0)
mustache (1.1.1)
mutex_m (default: 0.1.0)
nanaimo (0.3.0)
nap (1.1.0)
naturally (2.2.1)
net-pop (default: 0.1.0)
net-smtp (default: 0.1.0)
netrc (0.11.0)
nokogiri (1.14.2 x86_64-darwin)
observer (default: 0.1.0)
open3 (default: 0.1.0)
open4 (1.3.4)
openssl (default: 2.1.3)
optparse (0.1.1)
os (1.1.4)
ostruct (default: 0.2.0)
plist (3.7.0)
prime (default: 0.1.1)
pstore (default: 0.1.0)
psych (default: 3.1.0)
public_suffix (4.0.7)
racc (default: 1.4.16)
rake (13.0.6)
rdoc (default: 6.2.1.1)
readline (default: 0.0.2)
readline-ext (default: 0.1.0)
redcarpet (3.6.0)
reline (default: 0.1.5)
representable (3.2.0)
retriable (3.1.2)
rexml (3.2.5, default: 3.2.3.1)
rouge (2.0.7)
rss (default: 0.2.8)
ruby-macho (2.5.1)
ruby2_keywords (0.0.5)
rubyzip (2.3.2)
sassc (2.4.0)
sdbm (default: 1.0.0)
security (0.1.3)
signet (0.17.0)
simctl (1.6.10)
singleton (default: 0.1.0)
slack-notifier (2.4.0)
slather (2.7.4)
sqlite3 (1.6.2 x86_64-darwin)
stringio (default: 0.1.0)
strscan (default: 1.0.3)
terminal-notifier (2.0.0)
terminal-table (1.8.0)
timeout (default: 0.1.0)
tracer (default: 0.1.0)
trailblazer-option (0.1.2)
trainer (0.9.1)
tty-cursor (0.7.1)
tty-screen (0.8.1)
tty-spinner (0.9.3)
typhoeus (1.4.0)
tzinfo (2.0.6)
uber (0.1.0)
unf (0.1.4)
unf_ext (0.0.8.2)
unicode-display_width (1.8.0)
uri (default: 0.10.0)
webrick (default: 1.6.1)
word_wrap (1.0.0)
xcinvoke (0.3.0)
xcode-install (2.8.1)
xcodeproj (1.22.0)
xcov (1.8.1)
xcpretty (0.3.0)
xcpretty-json-formatter (0.1.1)
xcpretty-travis-formatter (1.0.1)
xcresult (0.2.1)
yaml (default: 0.1.0)
zlib (default: 1.1.0)
========================================


=== NPM global packages ==========================
* Cordova: 11.0.0 (cordova-lib@11.1.0)
* Ionic: 6.20.1
* Appcenter-CLI version: 2.11.0
========================================


=== Checking Xcode CLT dirs ============

 ls -1 /Library/Developer/CommandLineTools/SDKs/MacOSX.sdk/usr/include/CommonCrypto
CommonCrypto.h
CommonCryptoError.h
CommonCryptor.h
CommonDigest.h
CommonHMAC.h
CommonKeyDerivation.h
CommonRandom.h
CommonSymmetricKeywrap.h
module.modulemap

 * ls -1 /Library/Developer/CommandLineTools/
Library
SDKs
usr

 * /Library/Developer/CommandLineTools/usr/bin/swift --version
Apple Swift version 5.7.2 (swiftlang-5.7.2.135.5 clang-1400.0.29.51)
Target: x86_64-apple-darwin22.3.0

 * xcrun swift --version
Apple Swift version 5.8 (swiftlang-5.8.0.124.2 clang-1403.0.22.11.100)
Target: x86_64-apple-macosx13.0

========================================


=== Xcode ==============================

* Active Xcode Command Line Tools:
/Applications/Xcode-14.3.0.app/Contents/Developer

* Xcode Version:
Xcode 14.3
Build version 14E222b

* /usr/bin/swift --version
Apple Swift version 5.8 (swiftlang-5.8.0.124.2 clang-1403.0.22.11.100)
Target: x86_64-apple-macosx13.0

* Installed SDKs:
DriverKit SDKs:
	DriverKit 22.4                	-sdk driverkit22.4

iOS SDKs:
	iOS 16.4                      	-sdk iphoneos16.4

iOS Additional SDKs:
	Asset Runtime SDK for macOS hosts targeting iOS 16.4	-sdk assetruntime.host.macosx.target.iphoneos16.4

iOS Simulator SDKs:
	Simulator - iOS 16.4          	-sdk iphonesimulator16.4

macOS SDKs:
	macOS 13.3                    	-sdk macosx13.3
	macOS 13.3                    	-sdk macosx13.3

tvOS SDKs:
	tvOS 16.4                     	-sdk appletvos16.4

tvOS Additional SDKs:
	Asset Runtime SDK for macOS hosts targeting tvOS 16.4	-sdk assetruntime.host.macosx.target.appletvos16.4

tvOS Simulator SDKs:
	Simulator - tvOS 16.4         	-sdk appletvsimulator16.4

watchOS SDKs:
	watchOS 9.4                   	-sdk watchos9.4

watchOS Additional SDKs:
	Asset Runtime SDK for macOS hosts targeting watchOS 9.4	-sdk assetruntime.host.macosx.target.watchos9.4

watchOS Simulator SDKs:
	Simulator - watchOS 9.4       	-sdk watchsimulator9.4


* Available Simulators:
== Device Types ==
iPhone 6s (com.apple.CoreSimulator.SimDeviceType.iPhone-6s)
iPhone 6s Plus (com.apple.CoreSimulator.SimDeviceType.iPhone-6s-Plus)
iPhone SE (1st generation) (com.apple.CoreSimulator.SimDeviceType.iPhone-SE)
iPhone 7 (com.apple.CoreSimulator.SimDeviceType.iPhone-7)
iPhone 7 Plus (com.apple.CoreSimulator.SimDeviceType.iPhone-7-Plus)
iPhone 8 (com.apple.CoreSimulator.SimDeviceType.iPhone-8)
iPhone 8 Plus (com.apple.CoreSimulator.SimDeviceType.iPhone-8-Plus)
iPhone X (com.apple.CoreSimulator.SimDeviceType.iPhone-X)
iPhone Xs (com.apple.CoreSimulator.SimDeviceType.iPhone-XS)
iPhone Xs Max (com.apple.CoreSimulator.SimDeviceType.iPhone-XS-Max)
iPhone Xʀ (com.apple.CoreSimulator.SimDeviceType.iPhone-XR)
iPhone 11 (com.apple.CoreSimulator.SimDeviceType.iPhone-11)
iPhone 11 Pro (com.apple.CoreSimulator.SimDeviceType.iPhone-11-Pro)
iPhone 11 Pro Max (com.apple.CoreSimulator.SimDeviceType.iPhone-11-Pro-Max)
iPhone SE (2nd generation) (com.apple.CoreSimulator.SimDeviceType.iPhone-SE--2nd-generation-)
iPhone 12 mini (com.apple.CoreSimulator.SimDeviceType.iPhone-12-mini)
iPhone 12 (com.apple.CoreSimulator.SimDeviceType.iPhone-12)
iPhone 12 Pro (com.apple.CoreSimulator.SimDeviceType.iPhone-12-Pro)
iPhone 12 Pro Max (com.apple.CoreSimulator.SimDeviceType.iPhone-12-Pro-Max)
iPhone 13 Pro (com.apple.CoreSimulator.SimDeviceType.iPhone-13-Pro)
iPhone 13 Pro Max (com.apple.CoreSimulator.SimDeviceType.iPhone-13-Pro-Max)
iPhone 13 mini (com.apple.CoreSimulator.SimDeviceType.iPhone-13-mini)
iPhone 13 (com.apple.CoreSimulator.SimDeviceType.iPhone-13)
iPhone SE (3rd generation) (com.apple.CoreSimulator.SimDeviceType.iPhone-SE-3rd-generation)
iPhone 14 (com.apple.CoreSimulator.SimDeviceType.iPhone-14)
iPhone 14 Plus (com.apple.CoreSimulator.SimDeviceType.iPhone-14-Plus)
iPhone 14 Pro (com.apple.CoreSimulator.SimDeviceType.iPhone-14-Pro)
iPhone 14 Pro Max (com.apple.CoreSimulator.SimDeviceType.iPhone-14-Pro-Max)
iPod touch (7th generation) (com.apple.CoreSimulator.SimDeviceType.iPod-touch--7th-generation-)
iPad mini 4 (com.apple.CoreSimulator.SimDeviceType.iPad-mini-4)
iPad Air 2 (com.apple.CoreSimulator.SimDeviceType.iPad-Air-2)
iPad Pro (9.7-inch) (com.apple.CoreSimulator.SimDeviceType.iPad-Pro--9-7-inch-)
iPad Pro (12.9-inch) (1st generation) (com.apple.CoreSimulator.SimDeviceType.iPad-Pro)
iPad (5th generation) (com.apple.CoreSimulator.SimDeviceType.iPad--5th-generation-)
iPad Pro (12.9-inch) (2nd generation) (com.apple.CoreSimulator.SimDeviceType.iPad-Pro--12-9-inch---2nd-generation-)
iPad Pro (10.5-inch) (com.apple.CoreSimulator.SimDeviceType.iPad-Pro--10-5-inch-)
iPad (6th generation) (com.apple.CoreSimulator.SimDeviceType.iPad--6th-generation-)
iPad (7th generation) (com.apple.CoreSimulator.SimDeviceType.iPad--7th-generation-)
iPad Pro (11-inch) (1st generation) (com.apple.CoreSimulator.SimDeviceType.iPad-Pro--11-inch-)
iPad Pro (12.9-inch) (3rd generation) (com.apple.CoreSimulator.SimDeviceType.iPad-Pro--12-9-inch---3rd-generation-)
iPad Pro (11-inch) (2nd generation) (com.apple.CoreSimulator.SimDeviceType.iPad-Pro--11-inch---2nd-generation-)
iPad Pro (12.9-inch) (4th generation) (com.apple.CoreSimulator.SimDeviceType.iPad-Pro--12-9-inch---4th-generation-)
iPad mini (5th generation) (com.apple.CoreSimulator.SimDeviceType.iPad-mini--5th-generation-)
iPad Air (3rd generation) (com.apple.CoreSimulator.SimDeviceType.iPad-Air--3rd-generation-)
iPad (8th generation) (com.apple.CoreSimulator.SimDeviceType.iPad--8th-generation-)
iPad (9th generation) (com.apple.CoreSimulator.SimDeviceType.iPad-9th-generation)
iPad Air (4th generation) (com.apple.CoreSimulator.SimDeviceType.iPad-Air--4th-generation-)
iPad Pro (11-inch) (3rd generation) (com.apple.CoreSimulator.SimDeviceType.iPad-Pro-11-inch-3rd-generation)
iPad Pro (12.9-inch) (5th generation) (com.apple.CoreSimulator.SimDeviceType.iPad-Pro-12-9-inch-5th-generation)
iPad Air (5th generation) (com.apple.CoreSimulator.SimDeviceType.iPad-Air-5th-generation)
iPad (10th generation) (com.apple.CoreSimulator.SimDeviceType.iPad-10th-generation)
iPad mini (6th generation) (com.apple.CoreSimulator.SimDeviceType.iPad-mini-6th-generation)
iPad Pro (11-inch) (4th generation) (com.apple.CoreSimulator.SimDeviceType.iPad-Pro-11-inch-4th-generation-8GB)
iPad Pro (11-inch) (4th generation) (16GB) (com.apple.CoreSimulator.SimDeviceType.iPad-Pro-11-inch-4th-generation-16GB)
iPad Pro (12.9-inch) (6th generation) (com.apple.CoreSimulator.SimDeviceType.iPad-Pro-12-9-inch-6th-generation-8GB)
iPad Pro (12.9-inch) (6th generation) (16GB) (com.apple.CoreSimulator.SimDeviceType.iPad-Pro-12-9-inch-6th-generation-16GB)
Apple TV (com.apple.CoreSimulator.SimDeviceType.Apple-TV-1080p)
Apple TV 4K (com.apple.CoreSimulator.SimDeviceType.Apple-TV-4K-4K)
Apple TV 4K (at 1080p) (com.apple.CoreSimulator.SimDeviceType.Apple-TV-4K-1080p)
Apple TV 4K (2nd generation) (com.apple.CoreSimulator.SimDeviceType.Apple-TV-4K-2nd-generation-4K)
Apple TV 4K (2nd generation) (at 1080p) (com.apple.CoreSimulator.SimDeviceType.Apple-TV-4K-2nd-generation-1080p)
Apple TV 4K (3rd generation) (com.apple.CoreSimulator.SimDeviceType.Apple-TV-4K-3rd-generation-4K)
Apple TV 4K (3rd generation) (at 1080p) (com.apple.CoreSimulator.SimDeviceType.Apple-TV-4K-3rd-generation-1080p)
Apple Watch Series 2 (38mm) (com.apple.CoreSimulator.SimDeviceType.Apple-Watch-Series-2-38mm)
Apple Watch Series 2 (42mm) (com.apple.CoreSimulator.SimDeviceType.Apple-Watch-Series-2-42mm)
Apple Watch Series 3 (38mm) (com.apple.CoreSimulator.SimDeviceType.Apple-Watch-Series-3-38mm)
Apple Watch Series 3 (42mm) (com.apple.CoreSimulator.SimDeviceType.Apple-Watch-Series-3-42mm)
Apple Watch Series 4 (40mm) (com.apple.CoreSimulator.SimDeviceType.Apple-Watch-Series-4-40mm)
Apple Watch Series 4 (44mm) (com.apple.CoreSimulator.SimDeviceType.Apple-Watch-Series-4-44mm)
Apple Watch Series 5 (40mm) (com.apple.CoreSimulator.SimDeviceType.Apple-Watch-Series-5-40mm)
Apple Watch Series 5 (44mm) (com.apple.CoreSimulator.SimDeviceType.Apple-Watch-Series-5-44mm)
Apple Watch SE (40mm) (com.apple.CoreSimulator.SimDeviceType.Apple-Watch-SE-40mm)
Apple Watch SE (44mm) (com.apple.CoreSimulator.SimDeviceType.Apple-Watch-SE-44mm)
Apple Watch Series 6 (40mm) (com.apple.CoreSimulator.SimDeviceType.Apple-Watch-Series-6-40mm)
Apple Watch Series 6 (44mm) (com.apple.CoreSimulator.SimDeviceType.Apple-Watch-Series-6-44mm)
Apple Watch Series 7 (41mm) (com.apple.CoreSimulator.SimDeviceType.Apple-Watch-Series-7-41mm)
Apple Watch Series 7 (45mm) (com.apple.CoreSimulator.SimDeviceType.Apple-Watch-Series-7-45mm)
Apple Watch SE (40mm) (2nd generation) (com.apple.CoreSimulator.SimDeviceType.Apple-Watch-SE-40mm-2nd-generation)
Apple Watch SE (44mm) (2nd generation) (com.apple.CoreSimulator.SimDeviceType.Apple-Watch-SE-44mm-2nd-generation)
Apple Watch Series 8 (41mm) (com.apple.CoreSimulator.SimDeviceType.Apple-Watch-Series-8-41mm)
Apple Watch Series 8 (45mm) (com.apple.CoreSimulator.SimDeviceType.Apple-Watch-Series-8-45mm)
Apple Watch Ultra (49mm) (com.apple.CoreSimulator.SimDeviceType.Apple-Watch-Ultra-49mm)
== Runtimes ==
iOS 16.4 (16.4 - 20E247) - com.apple.CoreSimulator.SimRuntime.iOS-16-4
tvOS 16.4 (16.4 - 20L494) - com.apple.CoreSimulator.SimRuntime.tvOS-16-4
watchOS 9.4 (9.4 - 20T253) - com.apple.CoreSimulator.SimRuntime.watchOS-9-4
== Devices ==
-- iOS 16.4 --
    iPhone 8 Plus (3D630D40-00F0-46EF-B368-A42310A0835D) (Shutdown) 
    iPhone 11 (771055CE-C43E-46D2-95B6-E9AE8FAE3471) (Shutdown) 
    iPhone SE (3rd generation) (E7C0A811-924B-491C-A282-8368F9C46FA3) (Shutdown) 
    iPhone 14 (031784E4-0E86-4DE6-8C31-5CE27D5F109C) (Shutdown) 
    iPhone 14 Plus (8E20E0B7-0EB7-4442-BDDC-032CA7E2FAC5) (Shutdown) 
    iPhone 14 Pro (77D650C2-C717-495D-B776-9DDB3F8D7960) (Shutdown) 
    iPhone 14 Pro Max (29639164-28F6-4D76-90AC-65D53A407996) (Shutdown) 
    iPad Air (5th generation) (517C896B-FFB3-4399-AD4F-BAED95DB7DD7) (Shutdown) 
    iPad (10th generation) (EDFE3BCE-009F-403E-B7C0-1494D797C235) (Shutdown) 
    iPad mini (6th generation) (8B58CC63-71A2-4E9F-AB5B-A3A67C5FC4A7) (Shutdown) 
    iPad Pro (11-inch) (4th generation) (D94411F1-C8F4-4F39-98AA-542F70909BFD) (Shutdown) 
    iPad Pro (12.9-inch) (6th generation) (8B261C7F-D684-4F27-910C-995835C8F98A) (Shutdown) 
-- tvOS 16.4 --
    Apple TV (4DD59F4F-E7CC-4587-84EE-43EB5E0B1508) (Shutdown) 
    Apple TV 4K (3rd generation) (E72064DD-1C00-427E-A89A-C708FE5DACDF) (Shutdown) 
    Apple TV 4K (3rd generation) (at 1080p) (92A0A670-4C6A-4E98-9938-A46DAE484120) (Shutdown) 
-- watchOS 9.4 --
    Apple Watch Series 5 (40mm) (6DD71680-FCE9-472E-B298-EB56B65F711C) (Shutdown) 
    Apple Watch Series 5 (44mm) (98240BFC-0FC7-4B85-AC85-EA0EF5273373) (Shutdown) 
    Apple Watch Series 6 (40mm) (C8755776-1AEE-47E8-84CE-48B9EBC37FDE) (Shutdown) 
    Apple Watch Series 6 (44mm) (1B0F2C3F-7D36-4326-AA94-E533A039DCA9) (Shutdown) 
    Apple Watch Series 7 (41mm) (F95296FD-06C4-4007-AD2D-4B55182AC99D) (Shutdown) 
    Apple Watch Series 7 (45mm) (95C01764-09D6-48CB-8B08-8AC20D0D773D) (Shutdown) 
    Apple Watch SE (40mm) (2nd generation) (BF36F0D6-9E38-45FD-9103-9069EB1C87C5) (Shutdown) 
    Apple Watch SE (44mm) (2nd generation) (50B0E7A9-3206-4D7D-BE58-980D58985E7B) (Shutdown) 
    Apple Watch Series 8 (41mm) (826654B9-C4B7-43DA-864F-CD06059FBF59) (Shutdown) 
    Apple Watch Series 8 (45mm) (16E1D754-C7B9-467E-8E3C-58E54D0F2E7E) (Shutdown) 
    Apple Watch Ultra (49mm) (2104B189-F139-4F56-B0D0-869211B04349) (Shutdown) 
== Device Pairs ==
61B4174F-599A-4912-8119-3386A6F49012 (active, disconnected)
    Watch: Apple Watch Series 7 (45mm) (95C01764-09D6-48CB-8B08-8AC20D0D773D) (Shutdown)
    Phone: iPhone 14 (031784E4-0E86-4DE6-8C31-5CE27D5F109C) (Shutdown)
CAAB4088-4A44-48D6-BE72-2E90C8C996F5 (active, disconnected)
    Watch: Apple Watch Series 8 (41mm) (826654B9-C4B7-43DA-864F-CD06059FBF59) (Shutdown)
    Phone: iPhone 14 Plus (8E20E0B7-0EB7-4442-BDDC-032CA7E2FAC5) (Shutdown)
1755D45A-C469-412A-932F-F04C9265C458 (active, disconnected)
    Watch: Apple Watch Series 8 (45mm) (16E1D754-C7B9-467E-8E3C-58E54D0F2E7E) (Shutdown)
    Phone: iPhone 14 Pro (77D650C2-C717-495D-B776-9DDB3F8D7960) (Shutdown)
4818A22F-BB5B-46B8-BC2C-91D2F61FEEF3 (active, disconnected)
    Watch: Apple Watch Ultra (49mm) (2104B189-F139-4F56-B0D0-869211B04349) (Shutdown)
    Phone: iPhone 14 Pro Max (29639164-28F6-4D76-90AC-65D53A407996) (Shutdown)

========================================


=== OS X info =========================

* sw_vers
ProductName:		macOS
ProductVersion:		13.2
BuildVersion:		22D49

* system_profiler SPSoftwareDataType
Software:

    System Software Overview:

      System Version: macOS 13.2 (22D49)
      Kernel Version: Darwin 22.3.0
      Boot Volume: Macintosh HD
      Boot Mode: Normal
      Computer Name: vm-osx-venturabeta-g2.8core-69fb78c4-7b91-4629-954e-2dfe63bfcbd5
      User Name: vagrant (vagrant)
      Secure Virtual Memory: Enabled
      System Integrity Protection: Disabled
      Time since boot: 2 minutes, 38 seconds


========================================


=== System infos =======================
* Free disk space:
    Filesystem         Size        Avail
/dev/disk1s5s1        300Gi        203Gi
========================================

--- Android

* ANDROID_HOME (/usr/local/share/android-sdk) content:
build-tools
cmdline-tools
emulator
extras
licenses
ndk-bundle
patcher
platform-tools
platforms
system-images
tools

* ANDROID_NDK_HOME (/usr/local/share/android-sdk/ndk-bundle) content:
CHANGELOG.md
NOTICE
NOTICE.toolchain
README.md
build
meta
ndk-build
ndk-gdb
ndk-lldb
ndk-stack
ndk-which
package.xml
prebuilt
python-packages
shader-tools
simpleperf
source.properties
sources
toolchains
wrap.sh

* Android NDK Version:
Pkg.Desc = Android NDK
Pkg.Revision = 24.0.8215888

* platform-tools content:
NOTICE.txt
adb
dmtracedump
e2fsdroid
etc1tool
fastboot
hprof-conv
lib64
make_f2fs
make_f2fs_casefold
mke2fs
mke2fs.conf
package.xml
sload_f2fs
source.properties
sqlite3

* build-tools content:
26.0.1
26.0.2
27.0.0
27.0.1
27.0.2
27.0.3
28.0.0
28.0.1
28.0.2
28.0.3
29.0.0
29.0.1
29.0.2
29.0.3
30.0.0
30.0.1
30.0.2
30.0.3
31.0.0
32.0.0

* extras content:
/usr/local/share/android-sdk/extras
├── android
│   └── m2repository
├── google
│   ├── google_play_services
│   └── m2repository
└── m2repository
    └── com

8 directories, 0 files

* platforms content:
android-26
android-27
android-28
android-29
android-30
android-31
android-32

* system-images content:
/usr/local/share/android-sdk/system-images
├── android-26
│   └── google_apis
│       └── x86
├── android-28
│   └── google_apis
│       └── x86_64
├── android-29
│   └── google_apis
│       └── x86
├── android-30
│   └── google_apis
│       └── x86
├── android-31
│   └── google_apis
│       └── x86_64
└── android-32
    └── google_apis
        └── x86_64

19 directories, 0 files

========================================

 * SDK packages:
* Command line Tools version: 6.0
* Platform Tools version: 33.0.3
* Emulator version: 31.3.14
========================================


=== Android APK tools ==================

* aapt2:

========================================


=== Environment infos =======================
MATCH_KEYCHAIN_PASSWORD environment set
========================================


=== Control tests ======================
source $HOME/.bash_profile ...
source $HOME/.bash_profile - PASSED
========================================

