 (i) Ignore Errors: disabled


=== Revision / ID ======================
* BITRISE_OSX_STACK_REV_ID: v2023_05_08
========================================


=== Pre-installed tool versions ========

== All Go versions selectable via asdf local golang x ==
* Go default version: go version go1.18.10 darwin/amd64
 *1.18.10
  1.20.2
========================================

* Python: Python 2.7.18

== All Nodejs versions selectable via asdf local nodejs x ==
* Node.js default version: v16.19.1
  12.22.9
 *16.19.1
  19.8.1
* NPM: 8.19.3
* Yarn: 1.22.19
========================================

* Java:   system
  1.8
  1.8.0.362
* 11.0 (set by /Users/vagrant/.jenv/version)
  11.0.17
  17.0
  17.0.6
  8.0
  temurin64-1.8.0.362
  temurin64-11.0.17
  temurin64-17.0.6
* Kotlin: Kotlin version 1.8.21-release-380 (JRE 11.0.17+8)
* Flutter: Flutter 2.10.3 • channel stable • https://github.com/flutter/flutter.git
* fvm: 2.4.1
* Flutter SDKs via fvm: Cache Directory:  /Users/vagrant/fvm/versions

3.7.6
3.0.0
2.10.3 (global)
1.22.6

=== Dart global packages ==================
junitreport 2.0.2
===========================================


* git: git version 2.40.1
* git lfs: git-lfs/3.3.0 (GitHub; darwin amd64; go 1.19.3)
* mercurial/hg: Mercurial Distributed SCM (version 6.4)
* curl: curl 8.0.1 (x86_64-apple-darwin22.3.0) libcurl/8.0.1 (SecureTransport) OpenSSL/1.1.1t zlib/1.2.11 brotli/1.0.9 zstd/1.5.5 libidn2/2.3.4 libssh2/1.10.0 nghttp2/1.52.0 librtmp/2.3
* wget: GNU Wget 1.21.3 built on darwin22.1.0.
* rsync: rsync  version 2.6.9  protocol version 29
* unzip: UnZip 6.00 of 20 April 2009, by Info-ZIP.  Maintained by C. Spieler.  Send
* zip: This is Zip 3.0 (July 5th 2008), by Info-ZIP.
* tar: bsdtar 3.5.3 - libarchive 3.5.3 zlib/1.2.11 liblzma/5.0.5 bz2lib/1.0.8 
* tree: tree v2.1.0 © 1996 - 2022 by Steve Baker, Thomas Moore, Francesc Rocher, Florian Sesser, Kyosuke Tokoro

* brew: Homebrew 4.0.17
Homebrew/homebrew-core (git revision be2dda92f7e; last commit 2023-05-08)
Homebrew/homebrew-cask (git revision 1be92fe9bc; last commit 2023-05-08)
* gtimeout: timeout (GNU coreutils) 9.1
* watchman: 2023.05.01.00
* flow: Flow, a static type checker for JavaScript, version 0.205.0
* carthage: 0.39.0
* imagemagick (convert): Version: ImageMagick 7.1.1-8 Q16-HDRI x86_64 21129 https://imagemagick.org
* ghostscript (ps2ascii): 10.01.1
* screen: Screen version 4.09.00 (GNU) 30-Jan-22
* firebase: 11.30.0
* applesimutils version 0.9.9
* jq: 1.6
* xcbeautify: 0.20.0
* XCLogParser 0.2.36
* Screen 4.09.00
* applesimutils 0.9.9
* OpenConnect version v9.01
* aws-cli: aws-cli/2.11.16 Python/3.11.3 Darwin/22.3.0 source/x86_64 prompt/off
* cmake: 3.26.3
* danger-swift: 3.16.0
[0;0m
* OpenVPN 2.6.3 x86_64-apple-darwin22.4.0 [SSL (OpenSSL)] [LZO] [LZ4] [PKCS11] [MH/RECVDA] [AEAD]
* tuist: 3.12.0

--- Bitrise CLI tool versions
* bitrise: 2.2.5
* stepman: 0.16.0
* envman: 2.4.0
========================================


=== Brew list versions ==================
ant 1.10.13
aom 3.6.0
applesimutils 0.9.9
apr 1.7.4
apr-util 1.6.3
argon2 20190702_1
aria2 1.36.0_1
aspell 0.60.8
autoconf 2.71
awscli 2.11.16
bazelisk 1.16.0
boost 1.81.0_1
brotli 1.0.9
ca-certificates 2023-01-10
cairo 1.16.0_5
carthage 0.39.0
cffi 1.15.1
cmake 3.26.3
coreutils 9.1
curl 8.0.1
danger-js 64
danger-swift 3.16.0
dart 2.19.0
docutils 0.19_1
double-conversion 3.2.1
edencommon 2023.05.01.00
fb303 2023.05.01.00
fbthrift 2023.05.01.00
fizz 2023.05.01.00
flow 0.205.0
fmt 9.1.0
folly 2023.05.01.00
fontconfig 2.14.2
freetds 1.3.18
freetype 2.13.0_1
fvm 2.4.1
gd 2.3.3_5
gettext 0.21.1
gflags 2.2.2
gh 2.28.0
ghostscript 10.01.1_1
giflib 5.2.1
git 2.40.1
git-lfs 3.3.0
glib 2.76.2
glog 0.6.0
gmp 6.2.1_1
gnupg 2.4.1
gnutls 3.8.0
gradle 8.1.1
graphite2 1.3.14
groovy 4.0.11
harfbuzz 7.1.0
highway 1.0.4
hub 2.14.2
icu4c 72.1
imagemagick 7.1.1-8_1
imath 3.1.7
jasper 4.0.0
jbig2dec 0.19
jenv 0.5.5_2
jpeg-turbo 2.1.5.1
jpeg-xl 0.8.1_2
jq 1.6
kotlin 1.8.21
krb5 1.20.1
libassuan 2.5.5
libavif 0.11.1
libde265 1.0.11
libevent 2.1.12
libgcrypt 1.10.2
libgpg-error 1.47
libheif 1.15.2
libidn 1.41
libidn2 2.3.4_1
libksba 1.6.3
liblqr 0.4.2_1
libnghttp2 1.52.0
libomp 16.0.2
libpng 1.6.39
libpq 15.2
libraw 0.21.1
libsodium 1.0.18_1
libssh2 1.10.0
libtasn1 4.19.0
libtiff 4.5.0
libtool 2.4.7
libunistring 1.1
libusb 1.0.26
libvmaf 2.3.1
libx11 1.8.4
libxau 1.0.11
libxcb 1.15_1
libxdmcp 1.1.4
libxext 1.3.5
libxrender 0.9.11
libyaml 0.2.5
libzip 1.9.2
little-cms2 2.14_1
llvm 16.0.2
lokalise2 2.6.8
lz4 1.9.4
lzo 2.10
m4 1.4.19
maven 3.9.1
mercurial 6.4
mint 0.17.5
mpdecimal 2.5.1
nettle 3.8.1
npth 1.6
oniguruma 6.9.8
openconnect 9.01_2
openexr 3.1.7
openjdk 20
openjdk@11 11.0.19
openjdk@17 17.0.7
openjpeg 2.5.0_1
openldap 2.6.4
openssl@1.1 1.1.1t
openssl@3 3.1.0
openvpn 2.6.3
p11-kit 0.24.1_1
parallel 20230422
pcre2 10.42
php 8.2.5
pinentry 1.2.1
pixman 0.42.2
pkcs11-helper 1.29.0
pkg-config 0.29.2_3
pycparser 2.21
pyenv 2.3.17
python@3.11 3.11.3
pyyaml 6.0_1
rbenv 1.2.0
readline 8.2.1
rtmpdump 2.4+20151223_1
ruby-build 20221225
screen 4.9.0_1
shared-mime-info 2.2
six 1.16.0_3
snappy 1.1.10
sonar-scanner 4.8.0.2856
sqlite 3.41.2
stoken 0.92_1
swiftlint 0.51.0
tidy-html5 5.8.0
transcrypt 2.2.3
tree 2.1.0
unbound 1.17.1
unixodbc 2.3.11
wangle 2023.05.01.00
watchman 2023.05.01.00
webp 1.3.0_1
wget 1.21.3_1
x265 3.5
xcbeautify 0.20.0
xclogparser 0.2.36
xcodes 1.3.0
xorgproto 2022.2
xz 5.4.2
yamllint 1.31.0
yarn 1.22.19
z3 4.12.1
zeromq 4.3.4
zstd 1.5.5
temurin11 11.0.17,8
temurin17 17.0.6,10
temurin8 8,362,09
========================================


=== Brew deps tree ==================
ant
└── openjdk
    ├── giflib
    ├── harfbuzz
    │   ├── cairo
    │   │   ├── fontconfig
    │   │   │   └── freetype
    │   │   │       └── libpng
    │   │   ├── freetype
    │   │   │   └── libpng
    │   │   ├── glib
    │   │   │   ├── pcre2
    │   │   │   └── gettext
    │   │   ├── libpng
    │   │   ├── libx11
    │   │   │   ├── libxcb
    │   │   │   │   ├── libxau
    │   │   │   │   │   └── xorgproto
    │   │   │   │   └── libxdmcp
    │   │   │   │       └── xorgproto
    │   │   │   └── xorgproto
    │   │   ├── libxcb
    │   │   │   ├── libxau
    │   │   │   │   └── xorgproto
    │   │   │   └── libxdmcp
    │   │   │       └── xorgproto
    │   │   ├── libxext
    │   │   │   ├── libx11
    │   │   │   │   ├── libxcb
    │   │   │   │   │   ├── libxau
    │   │   │   │   │   │   └── xorgproto
    │   │   │   │   │   └── libxdmcp
    │   │   │   │   │       └── xorgproto
    │   │   │   │   └── xorgproto
    │   │   │   └── xorgproto
    │   │   ├── libxrender
    │   │   │   ├── libx11
    │   │   │   │   ├── libxcb
    │   │   │   │   │   ├── libxau
    │   │   │   │   │   │   └── xorgproto
    │   │   │   │   │   └── libxdmcp
    │   │   │   │   │       └── xorgproto
    │   │   │   │   └── xorgproto
    │   │   │   └── xorgproto
    │   │   ├── lzo
    │   │   └── pixman
    │   ├── freetype
    │   │   └── libpng
    │   ├── glib
    │   │   ├── pcre2
    │   │   └── gettext
    │   ├── graphite2
    │   └── icu4c
    ├── jpeg-turbo
    ├── libpng
    └── little-cms2
        ├── jpeg-turbo
        └── libtiff
            ├── jpeg-turbo
            └── zstd
                ├── lz4
                └── xz

aom
├── jpeg-xl
│   ├── brotli
│   ├── giflib
│   ├── highway
│   ├── imath
│   ├── jpeg-turbo
│   ├── libpng
│   ├── little-cms2
│   │   ├── jpeg-turbo
│   │   └── libtiff
│   │       ├── jpeg-turbo
│   │       └── zstd
│   │           ├── lz4
│   │           └── xz
│   ├── openexr
│   │   └── imath
│   └── webp
│       ├── giflib
│       ├── jpeg-turbo
│       ├── libpng
│       └── libtiff
│           ├── jpeg-turbo
│           └── zstd
│               ├── lz4
│               └── xz
└── libvmaf

wix/brew/applesimutils

apr

apr-util
├── apr
└── openssl@1.1
    └── ca-certificates

argon2

aria2
├── gettext
├── libssh2
│   └── openssl@1.1
│       └── ca-certificates
└── sqlite
    └── readline

aspell

autoconf
└── m4

awscli
├── cffi
│   ├── pycparser
│   │   └── python@3.11
│   │       ├── mpdecimal
│   │       ├── openssl@1.1
│   │       │   └── ca-certificates
│   │       ├── sqlite
│   │       │   └── readline
│   │       └── xz
│   └── python@3.11
│       ├── mpdecimal
│       ├── openssl@1.1
│       │   └── ca-certificates
│       ├── sqlite
│       │   └── readline
│       └── xz
├── docutils
│   └── python@3.11
│       ├── mpdecimal
│       ├── openssl@1.1
│       │   └── ca-certificates
│       ├── sqlite
│       │   └── readline
│       └── xz
├── openssl@1.1
│   └── ca-certificates
├── pycparser
│   └── python@3.11
│       ├── mpdecimal
│       ├── openssl@1.1
│       │   └── ca-certificates
│       ├── sqlite
│       │   └── readline
│       └── xz
├── python@3.11
│   ├── mpdecimal
│   ├── openssl@1.1
│   │   └── ca-certificates
│   ├── sqlite
│   │   └── readline
│   └── xz
└── six

bazelisk

boost
├── icu4c
├── xz
└── zstd
    ├── lz4
    └── xz

brotli

ca-certificates

cairo
├── fontconfig
│   └── freetype
│       └── libpng
├── freetype
│   └── libpng
├── glib
│   ├── pcre2
│   └── gettext
├── libpng
├── libx11
│   ├── libxcb
│   │   ├── libxau
│   │   │   └── xorgproto
│   │   └── libxdmcp
│   │       └── xorgproto
│   └── xorgproto
├── libxcb
│   ├── libxau
│   │   └── xorgproto
│   └── libxdmcp
│       └── xorgproto
├── libxext
│   ├── libx11
│   │   ├── libxcb
│   │   │   ├── libxau
│   │   │   │   └── xorgproto
│   │   │   └── libxdmcp
│   │   │       └── xorgproto
│   │   └── xorgproto
│   └── xorgproto
├── libxrender
│   ├── libx11
│   │   ├── libxcb
│   │   │   ├── libxau
│   │   │   │   └── xorgproto
│   │   │   └── libxdmcp
│   │   │       └── xorgproto
│   │   └── xorgproto
│   └── xorgproto
├── lzo
└── pixman

carthage

cffi
├── pycparser
│   └── python@3.11
│       ├── mpdecimal
│       ├── openssl@1.1
│       │   └── ca-certificates
│       ├── sqlite
│       │   └── readline
│       └── xz
└── python@3.11
    ├── mpdecimal
    ├── openssl@1.1
    │   └── ca-certificates
    ├── sqlite
    │   └── readline
    └── xz

cmake

coreutils
└── gmp

curl
├── brotli
├── libidn2
│   ├── libunistring
│   └── gettext
├── libnghttp2
├── libssh2
│   └── openssl@1.1
│       └── ca-certificates
├── openldap
│   └── openssl@1.1
│       └── ca-certificates
├── openssl@1.1
│   └── ca-certificates
├── rtmpdump
│   └── openssl@1.1
│       └── ca-certificates
└── zstd
    ├── lz4
    └── xz

danger/tap/danger-js

danger/tap/danger-swift
└── danger/tap/danger-js

dart-lang/dart/dart

docutils
└── python@3.11
    ├── mpdecimal
    ├── openssl@1.1
    │   └── ca-certificates
    ├── sqlite
    │   └── readline
    └── xz

double-conversion

edencommon
├── folly
│   ├── boost
│   │   ├── icu4c
│   │   ├── xz
│   │   └── zstd
│   │       ├── lz4
│   │       └── xz
│   ├── double-conversion
│   ├── fmt
│   ├── gflags
│   ├── glog
│   │   └── gflags
│   ├── libevent
│   │   └── openssl@1.1
│   │       └── ca-certificates
│   ├── lz4
│   ├── openssl@1.1
│   │   └── ca-certificates
│   ├── snappy
│   ├── xz
│   └── zstd
│       ├── lz4
│       └── xz
├── gflags
└── glog
    └── gflags

fb303
├── fbthrift
│   ├── boost
│   │   ├── icu4c
│   │   ├── xz
│   │   └── zstd
│   │       ├── lz4
│   │       └── xz
│   ├── fizz
│   │   ├── boost
│   │   │   ├── icu4c
│   │   │   ├── xz
│   │   │   └── zstd
│   │   │       ├── lz4
│   │   │       └── xz
│   │   ├── double-conversion
│   │   ├── fmt
│   │   ├── folly
│   │   │   ├── boost
│   │   │   │   ├── icu4c
│   │   │   │   ├── xz
│   │   │   │   └── zstd
│   │   │   │       ├── lz4
│   │   │   │       └── xz
│   │   │   ├── double-conversion
│   │   │   ├── fmt
│   │   │   ├── gflags
│   │   │   ├── glog
│   │   │   │   └── gflags
│   │   │   ├── libevent
│   │   │   │   └── openssl@1.1
│   │   │   │       └── ca-certificates
│   │   │   ├── lz4
│   │   │   ├── openssl@1.1
│   │   │   │   └── ca-certificates
│   │   │   ├── snappy
│   │   │   ├── xz
│   │   │   └── zstd
│   │   │       ├── lz4
│   │   │       └── xz
│   │   ├── gflags
│   │   ├── glog
│   │   │   └── gflags
│   │   ├── libevent
│   │   │   └── openssl@1.1
│   │   │       └── ca-certificates
│   │   ├── libsodium
│   │   ├── lz4
│   │   ├── openssl@1.1
│   │   │   └── ca-certificates
│   │   ├── snappy
│   │   └── zstd
│   │       ├── lz4
│   │       └── xz
│   ├── fmt
│   ├── folly
│   │   ├── boost
│   │   │   ├── icu4c
│   │   │   ├── xz
│   │   │   └── zstd
│   │   │       ├── lz4
│   │   │       └── xz
│   │   ├── double-conversion
│   │   ├── fmt
│   │   ├── gflags
│   │   ├── glog
│   │   │   └── gflags
│   │   ├── libevent
│   │   │   └── openssl@1.1
│   │   │       └── ca-certificates
│   │   ├── lz4
│   │   ├── openssl@1.1
│   │   │   └── ca-certificates
│   │   ├── snappy
│   │   ├── xz
│   │   └── zstd
│   │       ├── lz4
│   │       └── xz
│   ├── gflags
│   ├── glog
│   │   └── gflags
│   ├── openssl@1.1
│   │   └── ca-certificates
│   ├── wangle
│   │   ├── boost
│   │   │   ├── icu4c
│   │   │   ├── xz
│   │   │   └── zstd
│   │   │       ├── lz4
│   │   │       └── xz
│   │   ├── double-conversion
│   │   ├── fizz
│   │   │   ├── boost
│   │   │   │   ├── icu4c
│   │   │   │   ├── xz
│   │   │   │   └── zstd
│   │   │   │       ├── lz4
│   │   │   │       └── xz
│   │   │   ├── double-conversion
│   │   │   ├── fmt
│   │   │   ├── folly
│   │   │   │   ├── boost
│   │   │   │   │   ├── icu4c
│   │   │   │   │   ├── xz
│   │   │   │   │   └── zstd
│   │   │   │   │       ├── lz4
│   │   │   │   │       └── xz
│   │   │   │   ├── double-conversion
│   │   │   │   ├── fmt
│   │   │   │   ├── gflags
│   │   │   │   ├── glog
│   │   │   │   │   └── gflags
│   │   │   │   ├── libevent
│   │   │   │   │   └── openssl@1.1
│   │   │   │   │       └── ca-certificates
│   │   │   │   ├── lz4
│   │   │   │   ├── openssl@1.1
│   │   │   │   │   └── ca-certificates
│   │   │   │   ├── snappy
│   │   │   │   ├── xz
│   │   │   │   └── zstd
│   │   │   │       ├── lz4
│   │   │   │       └── xz
│   │   │   ├── gflags
│   │   │   ├── glog
│   │   │   │   └── gflags
│   │   │   ├── libevent
│   │   │   │   └── openssl@1.1
│   │   │   │       └── ca-certificates
│   │   │   ├── libsodium
│   │   │   ├── lz4
│   │   │   ├── openssl@1.1
│   │   │   │   └── ca-certificates
│   │   │   ├── snappy
│   │   │   └── zstd
│   │   │       ├── lz4
│   │   │       └── xz
│   │   ├── fmt
│   │   ├── folly
│   │   │   ├── boost
│   │   │   │   ├── icu4c
│   │   │   │   ├── xz
│   │   │   │   └── zstd
│   │   │   │       ├── lz4
│   │   │   │       └── xz
│   │   │   ├── double-conversion
│   │   │   ├── fmt
│   │   │   ├── gflags
│   │   │   ├── glog
│   │   │   │   └── gflags
│   │   │   ├── libevent
│   │   │   │   └── openssl@1.1
│   │   │   │       └── ca-certificates
│   │   │   ├── lz4
│   │   │   ├── openssl@1.1
│   │   │   │   └── ca-certificates
│   │   │   ├── snappy
│   │   │   ├── xz
│   │   │   └── zstd
│   │   │       ├── lz4
│   │   │       └── xz
│   │   ├── gflags
│   │   ├── glog
│   │   │   └── gflags
│   │   ├── libevent
│   │   │   └── openssl@1.1
│   │   │       └── ca-certificates
│   │   ├── libsodium
│   │   ├── lz4
│   │   ├── openssl@1.1
│   │   │   └── ca-certificates
│   │   ├── snappy
│   │   └── zstd
│   │       ├── lz4
│   │       └── xz
│   └── zstd
│       ├── lz4
│       └── xz
├── fizz
│   ├── boost
│   │   ├── icu4c
│   │   ├── xz
│   │   └── zstd
│   │       ├── lz4
│   │       └── xz
│   ├── double-conversion
│   ├── fmt
│   ├── folly
│   │   ├── boost
│   │   │   ├── icu4c
│   │   │   ├── xz
│   │   │   └── zstd
│   │   │       ├── lz4
│   │   │       └── xz
│   │   ├── double-conversion
│   │   ├── fmt
│   │   ├── gflags
│   │   ├── glog
│   │   │   └── gflags
│   │   ├── libevent
│   │   │   └── openssl@1.1
│   │   │       └── ca-certificates
│   │   ├── lz4
│   │   ├── openssl@1.1
│   │   │   └── ca-certificates
│   │   ├── snappy
│   │   ├── xz
│   │   └── zstd
│   │       ├── lz4
│   │       └── xz
│   ├── gflags
│   ├── glog
│   │   └── gflags
│   ├── libevent
│   │   └── openssl@1.1
│   │       └── ca-certificates
│   ├── libsodium
│   ├── lz4
│   ├── openssl@1.1
│   │   └── ca-certificates
│   ├── snappy
│   └── zstd
│       ├── lz4
│       └── xz
├── fmt
├── folly
│   ├── boost
│   │   ├── icu4c
│   │   ├── xz
│   │   └── zstd
│   │       ├── lz4
│   │       └── xz
│   ├── double-conversion
│   ├── fmt
│   ├── gflags
│   ├── glog
│   │   └── gflags
│   ├── libevent
│   │   └── openssl@1.1
│   │       └── ca-certificates
│   ├── lz4
│   ├── openssl@1.1
│   │   └── ca-certificates
│   ├── snappy
│   ├── xz
│   └── zstd
│       ├── lz4
│       └── xz
├── gflags
├── glog
│   └── gflags
├── openssl@1.1
│   └── ca-certificates
└── wangle
    ├── boost
    │   ├── icu4c
    │   ├── xz
    │   └── zstd
    │       ├── lz4
    │       └── xz
    ├── double-conversion
    ├── fizz
    │   ├── boost
    │   │   ├── icu4c
    │   │   ├── xz
    │   │   └── zstd
    │   │       ├── lz4
    │   │       └── xz
    │   ├── double-conversion
    │   ├── fmt
    │   ├── folly
    │   │   ├── boost
    │   │   │   ├── icu4c
    │   │   │   ├── xz
    │   │   │   └── zstd
    │   │   │       ├── lz4
    │   │   │       └── xz
    │   │   ├── double-conversion
    │   │   ├── fmt
    │   │   ├── gflags
    │   │   ├── glog
    │   │   │   └── gflags
    │   │   ├── libevent
    │   │   │   └── openssl@1.1
    │   │   │       └── ca-certificates
    │   │   ├── lz4
    │   │   ├── openssl@1.1
    │   │   │   └── ca-certificates
    │   │   ├── snappy
    │   │   ├── xz
    │   │   └── zstd
    │   │       ├── lz4
    │   │       └── xz
    │   ├── gflags
    │   ├── glog
    │   │   └── gflags
    │   ├── libevent
    │   │   └── openssl@1.1
    │   │       └── ca-certificates
    │   ├── libsodium
    │   ├── lz4
    │   ├── openssl@1.1
    │   │   └── ca-certificates
    │   ├── snappy
    │   └── zstd
    │       ├── lz4
    │       └── xz
    ├── fmt
    ├── folly
    │   ├── boost
    │   │   ├── icu4c
    │   │   ├── xz
    │   │   └── zstd
    │   │       ├── lz4
    │   │       └── xz
    │   ├── double-conversion
    │   ├── fmt
    │   ├── gflags
    │   ├── glog
    │   │   └── gflags
    │   ├── libevent
    │   │   └── openssl@1.1
    │   │       └── ca-certificates
    │   ├── lz4
    │   ├── openssl@1.1
    │   │   └── ca-certificates
    │   ├── snappy
    │   ├── xz
    │   └── zstd
    │       ├── lz4
    │       └── xz
    ├── gflags
    ├── glog
    │   └── gflags
    ├── libevent
    │   └── openssl@1.1
    │       └── ca-certificates
    ├── libsodium
    ├── lz4
    ├── openssl@1.1
    │   └── ca-certificates
    ├── snappy
    └── zstd
        ├── lz4
        └── xz

fbthrift
├── boost
│   ├── icu4c
│   ├── xz
│   └── zstd
│       ├── lz4
│       └── xz
├── fizz
│   ├── boost
│   │   ├── icu4c
│   │   ├── xz
│   │   └── zstd
│   │       ├── lz4
│   │       └── xz
│   ├── double-conversion
│   ├── fmt
│   ├── folly
│   │   ├── boost
│   │   │   ├── icu4c
│   │   │   ├── xz
│   │   │   └── zstd
│   │   │       ├── lz4
│   │   │       └── xz
│   │   ├── double-conversion
│   │   ├── fmt
│   │   ├── gflags
│   │   ├── glog
│   │   │   └── gflags
│   │   ├── libevent
│   │   │   └── openssl@1.1
│   │   │       └── ca-certificates
│   │   ├── lz4
│   │   ├── openssl@1.1
│   │   │   └── ca-certificates
│   │   ├── snappy
│   │   ├── xz
│   │   └── zstd
│   │       ├── lz4
│   │       └── xz
│   ├── gflags
│   ├── glog
│   │   └── gflags
│   ├── libevent
│   │   └── openssl@1.1
│   │       └── ca-certificates
│   ├── libsodium
│   ├── lz4
│   ├── openssl@1.1
│   │   └── ca-certificates
│   ├── snappy
│   └── zstd
│       ├── lz4
│       └── xz
├── fmt
├── folly
│   ├── boost
│   │   ├── icu4c
│   │   ├── xz
│   │   └── zstd
│   │       ├── lz4
│   │       └── xz
│   ├── double-conversion
│   ├── fmt
│   ├── gflags
│   ├── glog
│   │   └── gflags
│   ├── libevent
│   │   └── openssl@1.1
│   │       └── ca-certificates
│   ├── lz4
│   ├── openssl@1.1
│   │   └── ca-certificates
│   ├── snappy
│   ├── xz
│   └── zstd
│       ├── lz4
│       └── xz
├── gflags
├── glog
│   └── gflags
├── openssl@1.1
│   └── ca-certificates
├── wangle
│   ├── boost
│   │   ├── icu4c
│   │   ├── xz
│   │   └── zstd
│   │       ├── lz4
│   │       └── xz
│   ├── double-conversion
│   ├── fizz
│   │   ├── boost
│   │   │   ├── icu4c
│   │   │   ├── xz
│   │   │   └── zstd
│   │   │       ├── lz4
│   │   │       └── xz
│   │   ├── double-conversion
│   │   ├── fmt
│   │   ├── folly
│   │   │   ├── boost
│   │   │   │   ├── icu4c
│   │   │   │   ├── xz
│   │   │   │   └── zstd
│   │   │   │       ├── lz4
│   │   │   │       └── xz
│   │   │   ├── double-conversion
│   │   │   ├── fmt
│   │   │   ├── gflags
│   │   │   ├── glog
│   │   │   │   └── gflags
│   │   │   ├── libevent
│   │   │   │   └── openssl@1.1
│   │   │   │       └── ca-certificates
│   │   │   ├── lz4
│   │   │   ├── openssl@1.1
│   │   │   │   └── ca-certificates
│   │   │   ├── snappy
│   │   │   ├── xz
│   │   │   └── zstd
│   │   │       ├── lz4
│   │   │       └── xz
│   │   ├── gflags
│   │   ├── glog
│   │   │   └── gflags
│   │   ├── libevent
│   │   │   └── openssl@1.1
│   │   │       └── ca-certificates
│   │   ├── libsodium
│   │   ├── lz4
│   │   ├── openssl@1.1
│   │   │   └── ca-certificates
│   │   ├── snappy
│   │   └── zstd
│   │       ├── lz4
│   │       └── xz
│   ├── fmt
│   ├── folly
│   │   ├── boost
│   │   │   ├── icu4c
│   │   │   ├── xz
│   │   │   └── zstd
│   │   │       ├── lz4
│   │   │       └── xz
│   │   ├── double-conversion
│   │   ├── fmt
│   │   ├── gflags
│   │   ├── glog
│   │   │   └── gflags
│   │   ├── libevent
│   │   │   └── openssl@1.1
│   │   │       └── ca-certificates
│   │   ├── lz4
│   │   ├── openssl@1.1
│   │   │   └── ca-certificates
│   │   ├── snappy
│   │   ├── xz
│   │   └── zstd
│   │       ├── lz4
│   │       └── xz
│   ├── gflags
│   ├── glog
│   │   └── gflags
│   ├── libevent
│   │   └── openssl@1.1
│   │       └── ca-certificates
│   ├── libsodium
│   ├── lz4
│   ├── openssl@1.1
│   │   └── ca-certificates
│   ├── snappy
│   └── zstd
│       ├── lz4
│       └── xz
└── zstd
    ├── lz4
    └── xz

fizz
├── boost
│   ├── icu4c
│   ├── xz
│   └── zstd
│       ├── lz4
│       └── xz
├── double-conversion
├── fmt
├── folly
│   ├── boost
│   │   ├── icu4c
│   │   ├── xz
│   │   └── zstd
│   │       ├── lz4
│   │       └── xz
│   ├── double-conversion
│   ├── fmt
│   ├── gflags
│   ├── glog
│   │   └── gflags
│   ├── libevent
│   │   └── openssl@1.1
│   │       └── ca-certificates
│   ├── lz4
│   ├── openssl@1.1
│   │   └── ca-certificates
│   ├── snappy
│   ├── xz
│   └── zstd
│       ├── lz4
│       └── xz
├── gflags
├── glog
│   └── gflags
├── libevent
│   └── openssl@1.1
│       └── ca-certificates
├── libsodium
├── lz4
├── openssl@1.1
│   └── ca-certificates
├── snappy
└── zstd
    ├── lz4
    └── xz

flow

fmt

folly
├── boost
│   ├── icu4c
│   ├── xz
│   └── zstd
│       ├── lz4
│       └── xz
├── double-conversion
├── fmt
├── gflags
├── glog
│   └── gflags
├── libevent
│   └── openssl@1.1
│       └── ca-certificates
├── lz4
├── openssl@1.1
│   └── ca-certificates
├── snappy
├── xz
└── zstd
    ├── lz4
    └── xz

fontconfig
└── freetype
    └── libpng

freetds
├── openssl@1.1
│   └── ca-certificates
└── unixodbc
    └── libtool
        └── m4

freetype
└── libpng

leoafarias/fvm/fvm

gd
├── fontconfig
│   └── freetype
│       └── libpng
├── freetype
│   └── libpng
├── jpeg-turbo
├── libavif
│   ├── aom
│   │   ├── jpeg-xl
│   │   │   ├── brotli
│   │   │   ├── giflib
│   │   │   ├── highway
│   │   │   ├── imath
│   │   │   ├── jpeg-turbo
│   │   │   ├── libpng
│   │   │   ├── little-cms2
│   │   │   │   ├── jpeg-turbo
│   │   │   │   └── libtiff
│   │   │   │       ├── jpeg-turbo
│   │   │   │       └── zstd
│   │   │   │           ├── lz4
│   │   │   │           └── xz
│   │   │   ├── openexr
│   │   │   │   └── imath
│   │   │   └── webp
│   │   │       ├── giflib
│   │   │       ├── jpeg-turbo
│   │   │       ├── libpng
│   │   │       └── libtiff
│   │   │           ├── jpeg-turbo
│   │   │           └── zstd
│   │   │               ├── lz4
│   │   │               └── xz
│   │   └── libvmaf
│   ├── jpeg-turbo
│   └── libpng
├── libpng
├── libtiff
│   ├── jpeg-turbo
│   └── zstd
│       ├── lz4
│       └── xz
└── webp
    ├── giflib
    ├── jpeg-turbo
    ├── libpng
    └── libtiff
        ├── jpeg-turbo
        └── zstd
            ├── lz4
            └── xz

gettext

gflags

gh

ghostscript
├── fontconfig
│   └── freetype
│       └── libpng
├── freetype
│   └── libpng
├── jbig2dec
├── jpeg-turbo
├── libidn
├── libpng
├── libtiff
│   ├── jpeg-turbo
│   └── zstd
│       ├── lz4
│       └── xz
├── little-cms2
│   ├── jpeg-turbo
│   └── libtiff
│       ├── jpeg-turbo
│       └── zstd
│           ├── lz4
│           └── xz
└── openjpeg
    ├── libpng
    ├── libtiff
    │   ├── jpeg-turbo
    │   └── zstd
    │       ├── lz4
    │       └── xz
    └── little-cms2
        ├── jpeg-turbo
        └── libtiff
            ├── jpeg-turbo
            └── zstd
                ├── lz4
                └── xz

giflib

git
├── gettext
└── pcre2

git-lfs

glib
├── pcre2
└── gettext

glog
└── gflags

gmp

gnupg
├── gnutls
│   ├── ca-certificates
│   ├── gmp
│   ├── libidn2
│   │   ├── libunistring
│   │   └── gettext
│   ├── libtasn1
│   ├── libunistring
│   ├── nettle
│   │   └── gmp
│   ├── p11-kit
│   │   ├── ca-certificates
│   │   └── libtasn1
│   └── unbound
│       ├── libevent
│       │   └── openssl@1.1
│       │       └── ca-certificates
│       ├── libnghttp2
│       └── openssl@1.1
│           └── ca-certificates
├── libassuan
│   └── libgpg-error
│       └── gettext
├── libgcrypt
│   └── libgpg-error
│       └── gettext
├── libgpg-error
│   └── gettext
├── libksba
│   └── libgpg-error
│       └── gettext
├── libusb
├── npth
├── pinentry
│   ├── libassuan
│   │   └── libgpg-error
│   │       └── gettext
│   └── libgpg-error
│       └── gettext
├── readline
└── gettext

gnutls
├── ca-certificates
├── gmp
├── libidn2
│   ├── libunistring
│   └── gettext
├── libtasn1
├── libunistring
├── nettle
│   └── gmp
├── p11-kit
│   ├── ca-certificates
│   └── libtasn1
└── unbound
    ├── libevent
    │   └── openssl@1.1
    │       └── ca-certificates
    ├── libnghttp2
    └── openssl@1.1
        └── ca-certificates

gradle
└── openjdk@17
    ├── giflib
    ├── harfbuzz
    │   ├── cairo
    │   │   ├── fontconfig
    │   │   │   └── freetype
    │   │   │       └── libpng
    │   │   ├── freetype
    │   │   │   └── libpng
    │   │   ├── glib
    │   │   │   ├── pcre2
    │   │   │   └── gettext
    │   │   ├── libpng
    │   │   ├── libx11
    │   │   │   ├── libxcb
    │   │   │   │   ├── libxau
    │   │   │   │   │   └── xorgproto
    │   │   │   │   └── libxdmcp
    │   │   │   │       └── xorgproto
    │   │   │   └── xorgproto
    │   │   ├── libxcb
    │   │   │   ├── libxau
    │   │   │   │   └── xorgproto
    │   │   │   └── libxdmcp
    │   │   │       └── xorgproto
    │   │   ├── libxext
    │   │   │   ├── libx11
    │   │   │   │   ├── libxcb
    │   │   │   │   │   ├── libxau
    │   │   │   │   │   │   └── xorgproto
    │   │   │   │   │   └── libxdmcp
    │   │   │   │   │       └── xorgproto
    │   │   │   │   └── xorgproto
    │   │   │   └── xorgproto
    │   │   ├── libxrender
    │   │   │   ├── libx11
    │   │   │   │   ├── libxcb
    │   │   │   │   │   ├── libxau
    │   │   │   │   │   │   └── xorgproto
    │   │   │   │   │   └── libxdmcp
    │   │   │   │   │       └── xorgproto
    │   │   │   │   └── xorgproto
    │   │   │   └── xorgproto
    │   │   ├── lzo
    │   │   └── pixman
    │   ├── freetype
    │   │   └── libpng
    │   ├── glib
    │   │   ├── pcre2
    │   │   └── gettext
    │   ├── graphite2
    │   └── icu4c
    ├── jpeg-turbo
    ├── libpng
    └── little-cms2
        ├── jpeg-turbo
        └── libtiff
            ├── jpeg-turbo
            └── zstd
                ├── lz4
                └── xz

graphite2

groovy
└── openjdk
    ├── giflib
    ├── harfbuzz
    │   ├── cairo
    │   │   ├── fontconfig
    │   │   │   └── freetype
    │   │   │       └── libpng
    │   │   ├── freetype
    │   │   │   └── libpng
    │   │   ├── glib
    │   │   │   ├── pcre2
    │   │   │   └── gettext
    │   │   ├── libpng
    │   │   ├── libx11
    │   │   │   ├── libxcb
    │   │   │   │   ├── libxau
    │   │   │   │   │   └── xorgproto
    │   │   │   │   └── libxdmcp
    │   │   │   │       └── xorgproto
    │   │   │   └── xorgproto
    │   │   ├── libxcb
    │   │   │   ├── libxau
    │   │   │   │   └── xorgproto
    │   │   │   └── libxdmcp
    │   │   │       └── xorgproto
    │   │   ├── libxext
    │   │   │   ├── libx11
    │   │   │   │   ├── libxcb
    │   │   │   │   │   ├── libxau
    │   │   │   │   │   │   └── xorgproto
    │   │   │   │   │   └── libxdmcp
    │   │   │   │   │       └── xorgproto
    │   │   │   │   └── xorgproto
    │   │   │   └── xorgproto
    │   │   ├── libxrender
    │   │   │   ├── libx11
    │   │   │   │   ├── libxcb
    │   │   │   │   │   ├── libxau
    │   │   │   │   │   │   └── xorgproto
    │   │   │   │   │   └── libxdmcp
    │   │   │   │   │       └── xorgproto
    │   │   │   │   └── xorgproto
    │   │   │   └── xorgproto
    │   │   ├── lzo
    │   │   └── pixman
    │   ├── freetype
    │   │   └── libpng
    │   ├── glib
    │   │   ├── pcre2
    │   │   └── gettext
    │   ├── graphite2
    │   └── icu4c
    ├── jpeg-turbo
    ├── libpng
    └── little-cms2
        ├── jpeg-turbo
        └── libtiff
            ├── jpeg-turbo
            └── zstd
                ├── lz4
                └── xz

harfbuzz
├── cairo
│   ├── fontconfig
│   │   └── freetype
│   │       └── libpng
│   ├── freetype
│   │   └── libpng
│   ├── glib
│   │   ├── pcre2
│   │   └── gettext
│   ├── libpng
│   ├── libx11
│   │   ├── libxcb
│   │   │   ├── libxau
│   │   │   │   └── xorgproto
│   │   │   └── libxdmcp
│   │   │       └── xorgproto
│   │   └── xorgproto
│   ├── libxcb
│   │   ├── libxau
│   │   │   └── xorgproto
│   │   └── libxdmcp
│   │       └── xorgproto
│   ├── libxext
│   │   ├── libx11
│   │   │   ├── libxcb
│   │   │   │   ├── libxau
│   │   │   │   │   └── xorgproto
│   │   │   │   └── libxdmcp
│   │   │   │       └── xorgproto
│   │   │   └── xorgproto
│   │   └── xorgproto
│   ├── libxrender
│   │   ├── libx11
│   │   │   ├── libxcb
│   │   │   │   ├── libxau
│   │   │   │   │   └── xorgproto
│   │   │   │   └── libxdmcp
│   │   │   │       └── xorgproto
│   │   │   └── xorgproto
│   │   └── xorgproto
│   ├── lzo
│   └── pixman
├── freetype
│   └── libpng
├── glib
│   ├── pcre2
│   └── gettext
├── graphite2
└── icu4c

highway

hub

icu4c

imagemagick
├── freetype
│   └── libpng
├── ghostscript
│   ├── fontconfig
│   │   └── freetype
│   │       └── libpng
│   ├── freetype
│   │   └── libpng
│   ├── jbig2dec
│   ├── jpeg-turbo
│   ├── libidn
│   ├── libpng
│   ├── libtiff
│   │   ├── jpeg-turbo
│   │   └── zstd
│   │       ├── lz4
│   │       └── xz
│   ├── little-cms2
│   │   ├── jpeg-turbo
│   │   └── libtiff
│   │       ├── jpeg-turbo
│   │       └── zstd
│   │           ├── lz4
│   │           └── xz
│   └── openjpeg
│       ├── libpng
│       ├── libtiff
│       │   ├── jpeg-turbo
│       │   └── zstd
│       │       ├── lz4
│       │       └── xz
│       └── little-cms2
│           ├── jpeg-turbo
│           └── libtiff
│               ├── jpeg-turbo
│               └── zstd
│                   ├── lz4
│                   └── xz
├── jpeg-turbo
├── libheif
│   ├── aom
│   │   ├── jpeg-xl
│   │   │   ├── brotli
│   │   │   ├── giflib
│   │   │   ├── highway
│   │   │   ├── imath
│   │   │   ├── jpeg-turbo
│   │   │   ├── libpng
│   │   │   ├── little-cms2
│   │   │   │   ├── jpeg-turbo
│   │   │   │   └── libtiff
│   │   │   │       ├── jpeg-turbo
│   │   │   │       └── zstd
│   │   │   │           ├── lz4
│   │   │   │           └── xz
│   │   │   ├── openexr
│   │   │   │   └── imath
│   │   │   └── webp
│   │   │       ├── giflib
│   │   │       ├── jpeg-turbo
│   │   │       ├── libpng
│   │   │       └── libtiff
│   │   │           ├── jpeg-turbo
│   │   │           └── zstd
│   │   │               ├── lz4
│   │   │               └── xz
│   │   └── libvmaf
│   ├── jpeg-turbo
│   ├── libde265
│   ├── libpng
│   ├── shared-mime-info
│   │   └── glib
│   │       ├── pcre2
│   │       └── gettext
│   └── x265
├── liblqr
│   └── glib
│       ├── pcre2
│       └── gettext
├── libpng
├── libraw
│   ├── jasper
│   │   └── jpeg-turbo
│   ├── jpeg-turbo
│   ├── little-cms2
│   │   ├── jpeg-turbo
│   │   └── libtiff
│   │       ├── jpeg-turbo
│   │       └── zstd
│   │           ├── lz4
│   │           └── xz
│   └── libomp
├── libtiff
│   ├── jpeg-turbo
│   └── zstd
│       ├── lz4
│       └── xz
├── libtool
│   └── m4
├── little-cms2
│   ├── jpeg-turbo
│   └── libtiff
│       ├── jpeg-turbo
│       └── zstd
│           ├── lz4
│           └── xz
├── openexr
│   └── imath
├── openjpeg
│   ├── libpng
│   ├── libtiff
│   │   ├── jpeg-turbo
│   │   └── zstd
│   │       ├── lz4
│   │       └── xz
│   └── little-cms2
│       ├── jpeg-turbo
│       └── libtiff
│           ├── jpeg-turbo
│           └── zstd
│               ├── lz4
│               └── xz
├── webp
│   ├── giflib
│   ├── jpeg-turbo
│   ├── libpng
│   └── libtiff
│       ├── jpeg-turbo
│       └── zstd
│           ├── lz4
│           └── xz
├── xz
└── libomp

imath

jasper
└── jpeg-turbo

jbig2dec

jenv

jpeg-turbo

jpeg-xl
├── brotli
├── giflib
├── highway
├── imath
├── jpeg-turbo
├── libpng
├── little-cms2
│   ├── jpeg-turbo
│   └── libtiff
│       ├── jpeg-turbo
│       └── zstd
│           ├── lz4
│           └── xz
├── openexr
│   └── imath
└── webp
    ├── giflib
    ├── jpeg-turbo
    ├── libpng
    └── libtiff
        ├── jpeg-turbo
        └── zstd
            ├── lz4
            └── xz

jq
└── oniguruma

kotlin
└── openjdk
    ├── giflib
    ├── harfbuzz
    │   ├── cairo
    │   │   ├── fontconfig
    │   │   │   └── freetype
    │   │   │       └── libpng
    │   │   ├── freetype
    │   │   │   └── libpng
    │   │   ├── glib
    │   │   │   ├── pcre2
    │   │   │   └── gettext
    │   │   ├── libpng
    │   │   ├── libx11
    │   │   │   ├── libxcb
    │   │   │   │   ├── libxau
    │   │   │   │   │   └── xorgproto
    │   │   │   │   └── libxdmcp
    │   │   │   │       └── xorgproto
    │   │   │   └── xorgproto
    │   │   ├── libxcb
    │   │   │   ├── libxau
    │   │   │   │   └── xorgproto
    │   │   │   └── libxdmcp
    │   │   │       └── xorgproto
    │   │   ├── libxext
    │   │   │   ├── libx11
    │   │   │   │   ├── libxcb
    │   │   │   │   │   ├── libxau
    │   │   │   │   │   │   └── xorgproto
    │   │   │   │   │   └── libxdmcp
    │   │   │   │   │       └── xorgproto
    │   │   │   │   └── xorgproto
    │   │   │   └── xorgproto
    │   │   ├── libxrender
    │   │   │   ├── libx11
    │   │   │   │   ├── libxcb
    │   │   │   │   │   ├── libxau
    │   │   │   │   │   │   └── xorgproto
    │   │   │   │   │   └── libxdmcp
    │   │   │   │   │       └── xorgproto
    │   │   │   │   └── xorgproto
    │   │   │   └── xorgproto
    │   │   ├── lzo
    │   │   └── pixman
    │   ├── freetype
    │   │   └── libpng
    │   ├── glib
    │   │   ├── pcre2
    │   │   └── gettext
    │   ├── graphite2
    │   └── icu4c
    ├── jpeg-turbo
    ├── libpng
    └── little-cms2
        ├── jpeg-turbo
        └── libtiff
            ├── jpeg-turbo
            └── zstd
                ├── lz4
                └── xz

krb5
└── openssl@1.1
    └── ca-certificates

libassuan
└── libgpg-error
    └── gettext

libavif
├── aom
│   ├── jpeg-xl
│   │   ├── brotli
│   │   ├── giflib
│   │   ├── highway
│   │   ├── imath
│   │   ├── jpeg-turbo
│   │   ├── libpng
│   │   ├── little-cms2
│   │   │   ├── jpeg-turbo
│   │   │   └── libtiff
│   │   │       ├── jpeg-turbo
│   │   │       └── zstd
│   │   │           ├── lz4
│   │   │           └── xz
│   │   ├── openexr
│   │   │   └── imath
│   │   └── webp
│   │       ├── giflib
│   │       ├── jpeg-turbo
│   │       ├── libpng
│   │       └── libtiff
│   │           ├── jpeg-turbo
│   │           └── zstd
│   │               ├── lz4
│   │               └── xz
│   └── libvmaf
├── jpeg-turbo
└── libpng

libde265

libevent
└── openssl@1.1
    └── ca-certificates

libgcrypt
└── libgpg-error
    └── gettext

libgpg-error
└── gettext

libheif
├── aom
│   ├── jpeg-xl
│   │   ├── brotli
│   │   ├── giflib
│   │   ├── highway
│   │   ├── imath
│   │   ├── jpeg-turbo
│   │   ├── libpng
│   │   ├── little-cms2
│   │   │   ├── jpeg-turbo
│   │   │   └── libtiff
│   │   │       ├── jpeg-turbo
│   │   │       └── zstd
│   │   │           ├── lz4
│   │   │           └── xz
│   │   ├── openexr
│   │   │   └── imath
│   │   └── webp
│   │       ├── giflib
│   │       ├── jpeg-turbo
│   │       ├── libpng
│   │       └── libtiff
│   │           ├── jpeg-turbo
│   │           └── zstd
│   │               ├── lz4
│   │               └── xz
│   └── libvmaf
├── jpeg-turbo
├── libde265
├── libpng
├── shared-mime-info
│   └── glib
│       ├── pcre2
│       └── gettext
└── x265

libidn

libidn2
├── libunistring
└── gettext

libksba
└── libgpg-error
    └── gettext

liblqr
└── glib
    ├── pcre2
    └── gettext

libnghttp2

libomp

libpng

libpq
├── krb5
│   └── openssl@1.1
│       └── ca-certificates
└── openssl@1.1
    └── ca-certificates

libraw
├── jasper
│   └── jpeg-turbo
├── jpeg-turbo
├── little-cms2
│   ├── jpeg-turbo
│   └── libtiff
│       ├── jpeg-turbo
│       └── zstd
│           ├── lz4
│           └── xz
└── libomp

libsodium

libssh2
└── openssl@1.1
    └── ca-certificates

libtasn1

libtiff
├── jpeg-turbo
└── zstd
    ├── lz4
    └── xz

libtool
└── m4

libunistring

libusb

libvmaf

libx11
├── libxcb
│   ├── libxau
│   │   └── xorgproto
│   └── libxdmcp
│       └── xorgproto
└── xorgproto

libxau
└── xorgproto

libxcb
├── libxau
│   └── xorgproto
└── libxdmcp
    └── xorgproto

libxdmcp
└── xorgproto

libxext
├── libx11
│   ├── libxcb
│   │   ├── libxau
│   │   │   └── xorgproto
│   │   └── libxdmcp
│   │       └── xorgproto
│   └── xorgproto
└── xorgproto

libxrender
├── libx11
│   ├── libxcb
│   │   ├── libxau
│   │   │   └── xorgproto
│   │   └── libxdmcp
│   │       └── xorgproto
│   └── xorgproto
└── xorgproto

libyaml

libzip
└── zstd
    ├── lz4
    └── xz

little-cms2
├── jpeg-turbo
└── libtiff
    ├── jpeg-turbo
    └── zstd
        ├── lz4
        └── xz

llvm
├── python@3.11
│   ├── mpdecimal
│   ├── openssl@1.1
│   │   └── ca-certificates
│   ├── sqlite
│   │   └── readline
│   └── xz
├── six
├── z3
└── zstd
    ├── lz4
    └── xz

lokalise/cli-2/lokalise2

lz4

lzo

m4

maven
└── openjdk
    ├── giflib
    ├── harfbuzz
    │   ├── cairo
    │   │   ├── fontconfig
    │   │   │   └── freetype
    │   │   │       └── libpng
    │   │   ├── freetype
    │   │   │   └── libpng
    │   │   ├── glib
    │   │   │   ├── pcre2
    │   │   │   └── gettext
    │   │   ├── libpng
    │   │   ├── libx11
    │   │   │   ├── libxcb
    │   │   │   │   ├── libxau
    │   │   │   │   │   └── xorgproto
    │   │   │   │   └── libxdmcp
    │   │   │   │       └── xorgproto
    │   │   │   └── xorgproto
    │   │   ├── libxcb
    │   │   │   ├── libxau
    │   │   │   │   └── xorgproto
    │   │   │   └── libxdmcp
    │   │   │       └── xorgproto
    │   │   ├── libxext
    │   │   │   ├── libx11
    │   │   │   │   ├── libxcb
    │   │   │   │   │   ├── libxau
    │   │   │   │   │   │   └── xorgproto
    │   │   │   │   │   └── libxdmcp
    │   │   │   │   │       └── xorgproto
    │   │   │   │   └── xorgproto
    │   │   │   └── xorgproto
    │   │   ├── libxrender
    │   │   │   ├── libx11
    │   │   │   │   ├── libxcb
    │   │   │   │   │   ├── libxau
    │   │   │   │   │   │   └── xorgproto
    │   │   │   │   │   └── libxdmcp
    │   │   │   │   │       └── xorgproto
    │   │   │   │   └── xorgproto
    │   │   │   └── xorgproto
    │   │   ├── lzo
    │   │   └── pixman
    │   ├── freetype
    │   │   └── libpng
    │   ├── glib
    │   │   ├── pcre2
    │   │   └── gettext
    │   ├── graphite2
    │   └── icu4c
    ├── jpeg-turbo
    ├── libpng
    └── little-cms2
        ├── jpeg-turbo
        └── libtiff
            ├── jpeg-turbo
            └── zstd
                ├── lz4
                └── xz

mercurial
└── python@3.11
    ├── mpdecimal
    ├── openssl@1.1
    │   └── ca-certificates
    ├── sqlite
    │   └── readline
    └── xz

mint

mpdecimal

nettle
└── gmp

npth

oniguruma

openconnect
├── gettext
├── gnutls
│   ├── ca-certificates
│   ├── gmp
│   ├── libidn2
│   │   ├── libunistring
│   │   └── gettext
│   ├── libtasn1
│   ├── libunistring
│   ├── nettle
│   │   └── gmp
│   ├── p11-kit
│   │   ├── ca-certificates
│   │   └── libtasn1
│   └── unbound
│       ├── libevent
│       │   └── openssl@1.1
│       │       └── ca-certificates
│       ├── libnghttp2
│       └── openssl@1.1
│           └── ca-certificates
└── stoken
    └── nettle
        └── gmp

openexr
└── imath

openjdk
├── giflib
├── harfbuzz
│   ├── cairo
│   │   ├── fontconfig
│   │   │   └── freetype
│   │   │       └── libpng
│   │   ├── freetype
│   │   │   └── libpng
│   │   ├── glib
│   │   │   ├── pcre2
│   │   │   └── gettext
│   │   ├── libpng
│   │   ├── libx11
│   │   │   ├── libxcb
│   │   │   │   ├── libxau
│   │   │   │   │   └── xorgproto
│   │   │   │   └── libxdmcp
│   │   │   │       └── xorgproto
│   │   │   └── xorgproto
│   │   ├── libxcb
│   │   │   ├── libxau
│   │   │   │   └── xorgproto
│   │   │   └── libxdmcp
│   │   │       └── xorgproto
│   │   ├── libxext
│   │   │   ├── libx11
│   │   │   │   ├── libxcb
│   │   │   │   │   ├── libxau
│   │   │   │   │   │   └── xorgproto
│   │   │   │   │   └── libxdmcp
│   │   │   │   │       └── xorgproto
│   │   │   │   └── xorgproto
│   │   │   └── xorgproto
│   │   ├── libxrender
│   │   │   ├── libx11
│   │   │   │   ├── libxcb
│   │   │   │   │   ├── libxau
│   │   │   │   │   │   └── xorgproto
│   │   │   │   │   └── libxdmcp
│   │   │   │   │       └── xorgproto
│   │   │   │   └── xorgproto
│   │   │   └── xorgproto
│   │   ├── lzo
│   │   └── pixman
│   ├── freetype
│   │   └── libpng
│   ├── glib
│   │   ├── pcre2
│   │   └── gettext
│   ├── graphite2
│   └── icu4c
├── jpeg-turbo
├── libpng
└── little-cms2
    ├── jpeg-turbo
    └── libtiff
        ├── jpeg-turbo
        └── zstd
            ├── lz4
            └── xz

openjdk@11
├── giflib
├── harfbuzz
│   ├── cairo
│   │   ├── fontconfig
│   │   │   └── freetype
│   │   │       └── libpng
│   │   ├── freetype
│   │   │   └── libpng
│   │   ├── glib
│   │   │   ├── pcre2
│   │   │   └── gettext
│   │   ├── libpng
│   │   ├── libx11
│   │   │   ├── libxcb
│   │   │   │   ├── libxau
│   │   │   │   │   └── xorgproto
│   │   │   │   └── libxdmcp
│   │   │   │       └── xorgproto
│   │   │   └── xorgproto
│   │   ├── libxcb
│   │   │   ├── libxau
│   │   │   │   └── xorgproto
│   │   │   └── libxdmcp
│   │   │       └── xorgproto
│   │   ├── libxext
│   │   │   ├── libx11
│   │   │   │   ├── libxcb
│   │   │   │   │   ├── libxau
│   │   │   │   │   │   └── xorgproto
│   │   │   │   │   └── libxdmcp
│   │   │   │   │       └── xorgproto
│   │   │   │   └── xorgproto
│   │   │   └── xorgproto
│   │   ├── libxrender
│   │   │   ├── libx11
│   │   │   │   ├── libxcb
│   │   │   │   │   ├── libxau
│   │   │   │   │   │   └── xorgproto
│   │   │   │   │   └── libxdmcp
│   │   │   │   │       └── xorgproto
│   │   │   │   └── xorgproto
│   │   │   └── xorgproto
│   │   ├── lzo
│   │   └── pixman
│   ├── freetype
│   │   └── libpng
│   ├── glib
│   │   ├── pcre2
│   │   └── gettext
│   ├── graphite2
│   └── icu4c
├── jpeg-turbo
├── libpng
└── little-cms2
    ├── jpeg-turbo
    └── libtiff
        ├── jpeg-turbo
        └── zstd
            ├── lz4
            └── xz

openjdk@17
├── giflib
├── harfbuzz
│   ├── cairo
│   │   ├── fontconfig
│   │   │   └── freetype
│   │   │       └── libpng
│   │   ├── freetype
│   │   │   └── libpng
│   │   ├── glib
│   │   │   ├── pcre2
│   │   │   └── gettext
│   │   ├── libpng
│   │   ├── libx11
│   │   │   ├── libxcb
│   │   │   │   ├── libxau
│   │   │   │   │   └── xorgproto
│   │   │   │   └── libxdmcp
│   │   │   │       └── xorgproto
│   │   │   └── xorgproto
│   │   ├── libxcb
│   │   │   ├── libxau
│   │   │   │   └── xorgproto
│   │   │   └── libxdmcp
│   │   │       └── xorgproto
│   │   ├── libxext
│   │   │   ├── libx11
│   │   │   │   ├── libxcb
│   │   │   │   │   ├── libxau
│   │   │   │   │   │   └── xorgproto
│   │   │   │   │   └── libxdmcp
│   │   │   │   │       └── xorgproto
│   │   │   │   └── xorgproto
│   │   │   └── xorgproto
│   │   ├── libxrender
│   │   │   ├── libx11
│   │   │   │   ├── libxcb
│   │   │   │   │   ├── libxau
│   │   │   │   │   │   └── xorgproto
│   │   │   │   │   └── libxdmcp
│   │   │   │   │       └── xorgproto
│   │   │   │   └── xorgproto
│   │   │   └── xorgproto
│   │   ├── lzo
│   │   └── pixman
│   ├── freetype
│   │   └── libpng
│   ├── glib
│   │   ├── pcre2
│   │   └── gettext
│   ├── graphite2
│   └── icu4c
├── jpeg-turbo
├── libpng
└── little-cms2
    ├── jpeg-turbo
    └── libtiff
        ├── jpeg-turbo
        └── zstd
            ├── lz4
            └── xz

openjpeg
├── libpng
├── libtiff
│   ├── jpeg-turbo
│   └── zstd
│       ├── lz4
│       └── xz
└── little-cms2
    ├── jpeg-turbo
    └── libtiff
        ├── jpeg-turbo
        └── zstd
            ├── lz4
            └── xz

openldap
└── openssl@1.1
    └── ca-certificates

openssl@1.1
└── ca-certificates

openssl@3
└── ca-certificates

openvpn
├── lz4
├── lzo
├── openssl@3
│   └── ca-certificates
└── pkcs11-helper
    └── openssl@3
        └── ca-certificates

p11-kit
├── ca-certificates
└── libtasn1

parallel

pcre2

php
├── apr
├── apr-util
│   ├── apr
│   └── openssl@1.1
│       └── ca-certificates
├── argon2
├── aspell
├── autoconf
│   └── m4
├── curl
│   ├── brotli
│   ├── libidn2
│   │   ├── libunistring
│   │   └── gettext
│   ├── libnghttp2
│   ├── libssh2
│   │   └── openssl@1.1
│   │       └── ca-certificates
│   ├── openldap
│   │   └── openssl@1.1
│   │       └── ca-certificates
│   ├── openssl@1.1
│   │   └── ca-certificates
│   ├── rtmpdump
│   │   └── openssl@1.1
│   │       └── ca-certificates
│   └── zstd
│       ├── lz4
│       └── xz
├── freetds
│   ├── openssl@1.1
│   │   └── ca-certificates
│   └── unixodbc
│       └── libtool
│           └── m4
├── gd
│   ├── fontconfig
│   │   └── freetype
│   │       └── libpng
│   ├── freetype
│   │   └── libpng
│   ├── jpeg-turbo
│   ├── libavif
│   │   ├── aom
│   │   │   ├── jpeg-xl
│   │   │   │   ├── brotli
│   │   │   │   ├── giflib
│   │   │   │   ├── highway
│   │   │   │   ├── imath
│   │   │   │   ├── jpeg-turbo
│   │   │   │   ├── libpng
│   │   │   │   ├── little-cms2
│   │   │   │   │   ├── jpeg-turbo
│   │   │   │   │   └── libtiff
│   │   │   │   │       ├── jpeg-turbo
│   │   │   │   │       └── zstd
│   │   │   │   │           ├── lz4
│   │   │   │   │           └── xz
│   │   │   │   ├── openexr
│   │   │   │   │   └── imath
│   │   │   │   └── webp
│   │   │   │       ├── giflib
│   │   │   │       ├── jpeg-turbo
│   │   │   │       ├── libpng
│   │   │   │       └── libtiff
│   │   │   │           ├── jpeg-turbo
│   │   │   │           └── zstd
│   │   │   │               ├── lz4
│   │   │   │               └── xz
│   │   │   └── libvmaf
│   │   ├── jpeg-turbo
│   │   └── libpng
│   ├── libpng
│   ├── libtiff
│   │   ├── jpeg-turbo
│   │   └── zstd
│   │       ├── lz4
│   │       └── xz
│   └── webp
│       ├── giflib
│       ├── jpeg-turbo
│       ├── libpng
│       └── libtiff
│           ├── jpeg-turbo
│           └── zstd
│               ├── lz4
│               └── xz
├── gettext
├── gmp
├── icu4c
├── krb5
│   └── openssl@1.1
│       └── ca-certificates
├── libpq
│   ├── krb5
│   │   └── openssl@1.1
│   │       └── ca-certificates
│   └── openssl@1.1
│       └── ca-certificates
├── libsodium
├── libzip
│   └── zstd
│       ├── lz4
│       └── xz
├── oniguruma
├── openldap
│   └── openssl@1.1
│       └── ca-certificates
├── openssl@1.1
│   └── ca-certificates
├── pcre2
├── sqlite
│   └── readline
├── tidy-html5
└── unixodbc
    └── libtool
        └── m4

pinentry
├── libassuan
│   └── libgpg-error
│       └── gettext
└── libgpg-error
    └── gettext

pixman

pkcs11-helper
└── openssl@3
    └── ca-certificates

pkg-config

pycparser
└── python@3.11
    ├── mpdecimal
    ├── openssl@1.1
    │   └── ca-certificates
    ├── sqlite
    │   └── readline
    └── xz

pyenv
├── autoconf
│   └── m4
├── openssl@3
│   └── ca-certificates
├── pkg-config
└── readline

python@3.11
├── mpdecimal
├── openssl@1.1
│   └── ca-certificates
├── sqlite
│   └── readline
└── xz

pyyaml
└── libyaml

rbenv
└── ruby-build
    ├── autoconf
    │   └── m4
    ├── libyaml
    ├── pkg-config
    └── readline

readline

rtmpdump
└── openssl@1.1
    └── ca-certificates

ruby-build
├── autoconf
│   └── m4
├── libyaml
├── pkg-config
└── readline

screen

shared-mime-info
└── glib
    ├── pcre2
    └── gettext

six

snappy

sonar-scanner
└── openjdk@11
    ├── giflib
    ├── harfbuzz
    │   ├── cairo
    │   │   ├── fontconfig
    │   │   │   └── freetype
    │   │   │       └── libpng
    │   │   ├── freetype
    │   │   │   └── libpng
    │   │   ├── glib
    │   │   │   ├── pcre2
    │   │   │   └── gettext
    │   │   ├── libpng
    │   │   ├── libx11
    │   │   │   ├── libxcb
    │   │   │   │   ├── libxau
    │   │   │   │   │   └── xorgproto
    │   │   │   │   └── libxdmcp
    │   │   │   │       └── xorgproto
    │   │   │   └── xorgproto
    │   │   ├── libxcb
    │   │   │   ├── libxau
    │   │   │   │   └── xorgproto
    │   │   │   └── libxdmcp
    │   │   │       └── xorgproto
    │   │   ├── libxext
    │   │   │   ├── libx11
    │   │   │   │   ├── libxcb
    │   │   │   │   │   ├── libxau
    │   │   │   │   │   │   └── xorgproto
    │   │   │   │   │   └── libxdmcp
    │   │   │   │   │       └── xorgproto
    │   │   │   │   └── xorgproto
    │   │   │   └── xorgproto
    │   │   ├── libxrender
    │   │   │   ├── libx11
    │   │   │   │   ├── libxcb
    │   │   │   │   │   ├── libxau
    │   │   │   │   │   │   └── xorgproto
    │   │   │   │   │   └── libxdmcp
    │   │   │   │   │       └── xorgproto
    │   │   │   │   └── xorgproto
    │   │   │   └── xorgproto
    │   │   ├── lzo
    │   │   └── pixman
    │   ├── freetype
    │   │   └── libpng
    │   ├── glib
    │   │   ├── pcre2
    │   │   └── gettext
    │   ├── graphite2
    │   └── icu4c
    ├── jpeg-turbo
    ├── libpng
    └── little-cms2
        ├── jpeg-turbo
        └── libtiff
            ├── jpeg-turbo
            └── zstd
                ├── lz4
                └── xz

sqlite
└── readline

stoken
└── nettle
    └── gmp

swiftlint

temurin11

temurin17

temurin8

tidy-html5

transcrypt

tree

unbound
├── libevent
│   └── openssl@1.1
│       └── ca-certificates
├── libnghttp2
└── openssl@1.1
    └── ca-certificates

unixodbc
└── libtool
    └── m4

wangle
├── boost
│   ├── icu4c
│   ├── xz
│   └── zstd
│       ├── lz4
│       └── xz
├── double-conversion
├── fizz
│   ├── boost
│   │   ├── icu4c
│   │   ├── xz
│   │   └── zstd
│   │       ├── lz4
│   │       └── xz
│   ├── double-conversion
│   ├── fmt
│   ├── folly
│   │   ├── boost
│   │   │   ├── icu4c
│   │   │   ├── xz
│   │   │   └── zstd
│   │   │       ├── lz4
│   │   │       └── xz
│   │   ├── double-conversion
│   │   ├── fmt
│   │   ├── gflags
│   │   ├── glog
│   │   │   └── gflags
│   │   ├── libevent
│   │   │   └── openssl@1.1
│   │   │       └── ca-certificates
│   │   ├── lz4
│   │   ├── openssl@1.1
│   │   │   └── ca-certificates
│   │   ├── snappy
│   │   ├── xz
│   │   └── zstd
│   │       ├── lz4
│   │       └── xz
│   ├── gflags
│   ├── glog
│   │   └── gflags
│   ├── libevent
│   │   └── openssl@1.1
│   │       └── ca-certificates
│   ├── libsodium
│   ├── lz4
│   ├── openssl@1.1
│   │   └── ca-certificates
│   ├── snappy
│   └── zstd
│       ├── lz4
│       └── xz
├── fmt
├── folly
│   ├── boost
│   │   ├── icu4c
│   │   ├── xz
│   │   └── zstd
│   │       ├── lz4
│   │       └── xz
│   ├── double-conversion
│   ├── fmt
│   ├── gflags
│   ├── glog
│   │   └── gflags
│   ├── libevent
│   │   └── openssl@1.1
│   │       └── ca-certificates
│   ├── lz4
│   ├── openssl@1.1
│   │   └── ca-certificates
│   ├── snappy
│   ├── xz
│   └── zstd
│       ├── lz4
│       └── xz
├── gflags
├── glog
│   └── gflags
├── libevent
│   └── openssl@1.1
│       └── ca-certificates
├── libsodium
├── lz4
├── openssl@1.1
│   └── ca-certificates
├── snappy
└── zstd
    ├── lz4
    └── xz

watchman
├── boost
│   ├── icu4c
│   ├── xz
│   └── zstd
│       ├── lz4
│       └── xz
├── edencommon
│   ├── folly
│   │   ├── boost
│   │   │   ├── icu4c
│   │   │   ├── xz
│   │   │   └── zstd
│   │   │       ├── lz4
│   │   │       └── xz
│   │   ├── double-conversion
│   │   ├── fmt
│   │   ├── gflags
│   │   ├── glog
│   │   │   └── gflags
│   │   ├── libevent
│   │   │   └── openssl@1.1
│   │   │       └── ca-certificates
│   │   ├── lz4
│   │   ├── openssl@1.1
│   │   │   └── ca-certificates
│   │   ├── snappy
│   │   ├── xz
│   │   └── zstd
│   │       ├── lz4
│   │       └── xz
│   ├── gflags
│   └── glog
│       └── gflags
├── fb303
│   ├── fbthrift
│   │   ├── boost
│   │   │   ├── icu4c
│   │   │   ├── xz
│   │   │   └── zstd
│   │   │       ├── lz4
│   │   │       └── xz
│   │   ├── fizz
│   │   │   ├── boost
│   │   │   │   ├── icu4c
│   │   │   │   ├── xz
│   │   │   │   └── zstd
│   │   │   │       ├── lz4
│   │   │   │       └── xz
│   │   │   ├── double-conversion
│   │   │   ├── fmt
│   │   │   ├── folly
│   │   │   │   ├── boost
│   │   │   │   │   ├── icu4c
│   │   │   │   │   ├── xz
│   │   │   │   │   └── zstd
│   │   │   │   │       ├── lz4
│   │   │   │   │       └── xz
│   │   │   │   ├── double-conversion
│   │   │   │   ├── fmt
│   │   │   │   ├── gflags
│   │   │   │   ├── glog
│   │   │   │   │   └── gflags
│   │   │   │   ├── libevent
│   │   │   │   │   └── openssl@1.1
│   │   │   │   │       └── ca-certificates
│   │   │   │   ├── lz4
│   │   │   │   ├── openssl@1.1
│   │   │   │   │   └── ca-certificates
│   │   │   │   ├── snappy
│   │   │   │   ├── xz
│   │   │   │   └── zstd
│   │   │   │       ├── lz4
│   │   │   │       └── xz
│   │   │   ├── gflags
│   │   │   ├── glog
│   │   │   │   └── gflags
│   │   │   ├── libevent
│   │   │   │   └── openssl@1.1
│   │   │   │       └── ca-certificates
│   │   │   ├── libsodium
│   │   │   ├── lz4
│   │   │   ├── openssl@1.1
│   │   │   │   └── ca-certificates
│   │   │   ├── snappy
│   │   │   └── zstd
│   │   │       ├── lz4
│   │   │       └── xz
│   │   ├── fmt
│   │   ├── folly
│   │   │   ├── boost
│   │   │   │   ├── icu4c
│   │   │   │   ├── xz
│   │   │   │   └── zstd
│   │   │   │       ├── lz4
│   │   │   │       └── xz
│   │   │   ├── double-conversion
│   │   │   ├── fmt
│   │   │   ├── gflags
│   │   │   ├── glog
│   │   │   │   └── gflags
│   │   │   ├── libevent
│   │   │   │   └── openssl@1.1
│   │   │   │       └── ca-certificates
│   │   │   ├── lz4
│   │   │   ├── openssl@1.1
│   │   │   │   └── ca-certificates
│   │   │   ├── snappy
│   │   │   ├── xz
│   │   │   └── zstd
│   │   │       ├── lz4
│   │   │       └── xz
│   │   ├── gflags
│   │   ├── glog
│   │   │   └── gflags
│   │   ├── openssl@1.1
│   │   │   └── ca-certificates
│   │   ├── wangle
│   │   │   ├── boost
│   │   │   │   ├── icu4c
│   │   │   │   ├── xz
│   │   │   │   └── zstd
│   │   │   │       ├── lz4
│   │   │   │       └── xz
│   │   │   ├── double-conversion
│   │   │   ├── fizz
│   │   │   │   ├── boost
│   │   │   │   │   ├── icu4c
│   │   │   │   │   ├── xz
│   │   │   │   │   └── zstd
│   │   │   │   │       ├── lz4
│   │   │   │   │       └── xz
│   │   │   │   ├── double-conversion
│   │   │   │   ├── fmt
│   │   │   │   ├── folly
│   │   │   │   │   ├── boost
│   │   │   │   │   │   ├── icu4c
│   │   │   │   │   │   ├── xz
│   │   │   │   │   │   └── zstd
│   │   │   │   │   │       ├── lz4
│   │   │   │   │   │       └── xz
│   │   │   │   │   ├── double-conversion
│   │   │   │   │   ├── fmt
│   │   │   │   │   ├── gflags
│   │   │   │   │   ├── glog
│   │   │   │   │   │   └── gflags
│   │   │   │   │   ├── libevent
│   │   │   │   │   │   └── openssl@1.1
│   │   │   │   │   │       └── ca-certificates
│   │   │   │   │   ├── lz4
│   │   │   │   │   ├── openssl@1.1
│   │   │   │   │   │   └── ca-certificates
│   │   │   │   │   ├── snappy
│   │   │   │   │   ├── xz
│   │   │   │   │   └── zstd
│   │   │   │   │       ├── lz4
│   │   │   │   │       └── xz
│   │   │   │   ├── gflags
│   │   │   │   ├── glog
│   │   │   │   │   └── gflags
│   │   │   │   ├── libevent
│   │   │   │   │   └── openssl@1.1
│   │   │   │   │       └── ca-certificates
│   │   │   │   ├── libsodium
│   │   │   │   ├── lz4
│   │   │   │   ├── openssl@1.1
│   │   │   │   │   └── ca-certificates
│   │   │   │   ├── snappy
│   │   │   │   └── zstd
│   │   │   │       ├── lz4
│   │   │   │       └── xz
│   │   │   ├── fmt
│   │   │   ├── folly
│   │   │   │   ├── boost
│   │   │   │   │   ├── icu4c
│   │   │   │   │   ├── xz
│   │   │   │   │   └── zstd
│   │   │   │   │       ├── lz4
│   │   │   │   │       └── xz
│   │   │   │   ├── double-conversion
│   │   │   │   ├── fmt
│   │   │   │   ├── gflags
│   │   │   │   ├── glog
│   │   │   │   │   └── gflags
│   │   │   │   ├── libevent
│   │   │   │   │   └── openssl@1.1
│   │   │   │   │       └── ca-certificates
│   │   │   │   ├── lz4
│   │   │   │   ├── openssl@1.1
│   │   │   │   │   └── ca-certificates
│   │   │   │   ├── snappy
│   │   │   │   ├── xz
│   │   │   │   └── zstd
│   │   │   │       ├── lz4
│   │   │   │       └── xz
│   │   │   ├── gflags
│   │   │   ├── glog
│   │   │   │   └── gflags
│   │   │   ├── libevent
│   │   │   │   └── openssl@1.1
│   │   │   │       └── ca-certificates
│   │   │   ├── libsodium
│   │   │   ├── lz4
│   │   │   ├── openssl@1.1
│   │   │   │   └── ca-certificates
│   │   │   ├── snappy
│   │   │   └── zstd
│   │   │       ├── lz4
│   │   │       └── xz
│   │   └── zstd
│   │       ├── lz4
│   │       └── xz
│   ├── fizz
│   │   ├── boost
│   │   │   ├── icu4c
│   │   │   ├── xz
│   │   │   └── zstd
│   │   │       ├── lz4
│   │   │       └── xz
│   │   ├── double-conversion
│   │   ├── fmt
│   │   ├── folly
│   │   │   ├── boost
│   │   │   │   ├── icu4c
│   │   │   │   ├── xz
│   │   │   │   └── zstd
│   │   │   │       ├── lz4
│   │   │   │       └── xz
│   │   │   ├── double-conversion
│   │   │   ├── fmt
│   │   │   ├── gflags
│   │   │   ├── glog
│   │   │   │   └── gflags
│   │   │   ├── libevent
│   │   │   │   └── openssl@1.1
│   │   │   │       └── ca-certificates
│   │   │   ├── lz4
│   │   │   ├── openssl@1.1
│   │   │   │   └── ca-certificates
│   │   │   ├── snappy
│   │   │   ├── xz
│   │   │   └── zstd
│   │   │       ├── lz4
│   │   │       └── xz
│   │   ├── gflags
│   │   ├── glog
│   │   │   └── gflags
│   │   ├── libevent
│   │   │   └── openssl@1.1
│   │   │       └── ca-certificates
│   │   ├── libsodium
│   │   ├── lz4
│   │   ├── openssl@1.1
│   │   │   └── ca-certificates
│   │   ├── snappy
│   │   └── zstd
│   │       ├── lz4
│   │       └── xz
│   ├── fmt
│   ├── folly
│   │   ├── boost
│   │   │   ├── icu4c
│   │   │   ├── xz
│   │   │   └── zstd
│   │   │       ├── lz4
│   │   │       └── xz
│   │   ├── double-conversion
│   │   ├── fmt
│   │   ├── gflags
│   │   ├── glog
│   │   │   └── gflags
│   │   ├── libevent
│   │   │   └── openssl@1.1
│   │   │       └── ca-certificates
│   │   ├── lz4
│   │   ├── openssl@1.1
│   │   │   └── ca-certificates
│   │   ├── snappy
│   │   ├── xz
│   │   └── zstd
│   │       ├── lz4
│   │       └── xz
│   ├── gflags
│   ├── glog
│   │   └── gflags
│   ├── openssl@1.1
│   │   └── ca-certificates
│   └── wangle
│       ├── boost
│       │   ├── icu4c
│       │   ├── xz
│       │   └── zstd
│       │       ├── lz4
│       │       └── xz
│       ├── double-conversion
│       ├── fizz
│       │   ├── boost
│       │   │   ├── icu4c
│       │   │   ├── xz
│       │   │   └── zstd
│       │   │       ├── lz4
│       │   │       └── xz
│       │   ├── double-conversion
│       │   ├── fmt
│       │   ├── folly
│       │   │   ├── boost
│       │   │   │   ├── icu4c
│       │   │   │   ├── xz
│       │   │   │   └── zstd
│       │   │   │       ├── lz4
│       │   │   │       └── xz
│       │   │   ├── double-conversion
│       │   │   ├── fmt
│       │   │   ├── gflags
│       │   │   ├── glog
│       │   │   │   └── gflags
│       │   │   ├── libevent
│       │   │   │   └── openssl@1.1
│       │   │   │       └── ca-certificates
│       │   │   ├── lz4
│       │   │   ├── openssl@1.1
│       │   │   │   └── ca-certificates
│       │   │   ├── snappy
│       │   │   ├── xz
│       │   │   └── zstd
│       │   │       ├── lz4
│       │   │       └── xz
│       │   ├── gflags
│       │   ├── glog
│       │   │   └── gflags
│       │   ├── libevent
│       │   │   └── openssl@1.1
│       │   │       └── ca-certificates
│       │   ├── libsodium
│       │   ├── lz4
│       │   ├── openssl@1.1
│       │   │   └── ca-certificates
│       │   ├── snappy
│       │   └── zstd
│       │       ├── lz4
│       │       └── xz
│       ├── fmt
│       ├── folly
│       │   ├── boost
│       │   │   ├── icu4c
│       │   │   ├── xz
│       │   │   └── zstd
│       │   │       ├── lz4
│       │   │       └── xz
│       │   ├── double-conversion
│       │   ├── fmt
│       │   ├── gflags
│       │   ├── glog
│       │   │   └── gflags
│       │   ├── libevent
│       │   │   └── openssl@1.1
│       │   │       └── ca-certificates
│       │   ├── lz4
│       │   ├── openssl@1.1
│       │   │   └── ca-certificates
│       │   ├── snappy
│       │   ├── xz
│       │   └── zstd
│       │       ├── lz4
│       │       └── xz
│       ├── gflags
│       ├── glog
│       │   └── gflags
│       ├── libevent
│       │   └── openssl@1.1
│       │       └── ca-certificates
│       ├── libsodium
│       ├── lz4
│       ├── openssl@1.1
│       │   └── ca-certificates
│       ├── snappy
│       └── zstd
│           ├── lz4
│           └── xz
├── fmt
├── folly
│   ├── boost
│   │   ├── icu4c
│   │   ├── xz
│   │   └── zstd
│   │       ├── lz4
│   │       └── xz
│   ├── double-conversion
│   ├── fmt
│   ├── gflags
│   ├── glog
│   │   └── gflags
│   ├── libevent
│   │   └── openssl@1.1
│   │       └── ca-certificates
│   ├── lz4
│   ├── openssl@1.1
│   │   └── ca-certificates
│   ├── snappy
│   ├── xz
│   └── zstd
│       ├── lz4
│       └── xz
├── gflags
├── glog
│   └── gflags
├── libevent
│   └── openssl@1.1
│       └── ca-certificates
├── openssl@1.1
│   └── ca-certificates
├── pcre2
└── python@3.11
    ├── mpdecimal
    ├── openssl@1.1
    │   └── ca-certificates
    ├── sqlite
    │   └── readline
    └── xz

webp
├── giflib
├── jpeg-turbo
├── libpng
└── libtiff
    ├── jpeg-turbo
    └── zstd
        ├── lz4
        └── xz

wget
├── libidn2
│   ├── libunistring
│   └── gettext
└── openssl@3
    └── ca-certificates

x265

xcbeautify

xclogparser

robotsandpencils/made/xcodes

xorgproto

xz

yamllint
├── python@3.11
│   ├── mpdecimal
│   ├── openssl@1.1
│   │   └── ca-certificates
│   ├── sqlite
│   │   └── readline
│   └── xz
└── pyyaml
    └── libyaml

yarn

z3

zeromq
└── libsodium

zstd
├── lz4
└── xz

========================================


=== Ruby and rubygems ==================
* Ruby (default): ruby 2.7.6p219 (2022-04-12 revision c9c2245c0a) [x86_64-darwin21]
--- Available ruby versions ---
  system
  2.6.9
  2.7.2
  2.7.5
* 2.7.6 (set by /Users/vagrant/.rbenv/version)
  3.0.0
  3.0.3
  3.1.0
  3.1.3
  3.2.1
-------------------------------
* rbenv: 1.2.0
* Rubygems: 3.1.6
* Bundler: Bundler version 2.4.12
* CocoaPods: 1.12.1
* xcpretty: 0.3.0
========================================


=== All Ruby GEMs ======================
activesupport (7.0.4.3)
addressable (2.8.4)
algoliasearch (1.27.5)
artifactory (3.0.15)
atomos (0.1.3)
aws-eventstream (1.2.0)
aws-partitions (1.760.0)
aws-sdk-core (3.171.1)
aws-sdk-kms (1.64.0)
aws-sdk-s3 (1.122.0)
aws-sigv4 (1.5.2)
babosa (1.0.4)
benchmark (default: 0.1.0)
bigdecimal (default: 2.0.0)
bundler (2.4.12, default: 2.1.4)
CFPropertyList (3.0.6)
cgi (default: 0.1.0.1)
claide (1.1.0)
clamp (1.3.2)
cocoapods (1.12.1)
cocoapods-core (1.12.1)
cocoapods-deintegrate (1.0.5)
cocoapods-downloader (1.6.3)
cocoapods-plugins (1.0.0)
cocoapods-search (1.0.1)
cocoapods-trunk (1.6.0)
cocoapods-try (1.2.0)
colored (1.2)
colored2 (3.1.2)
commander (4.6.0)
concurrent-ruby (1.2.2)
csv (default: 3.1.2)
date (default: 3.0.3)
dbm (default: 1.1.0)
declarative (0.0.20)
delegate (default: 0.1.0)
did_you_mean (default: 1.4.0)
digest-crc (0.6.4)
domain_name (0.5.20190701)
dotenv (2.8.1)
emoji_regex (3.2.3)
escape (0.0.4)
etc (default: 1.1.0)
ethon (0.16.0)
excon (0.99.0)
faraday (1.10.3)
faraday-cookie_jar (0.0.7)
faraday-em_http (1.0.0)
faraday-em_synchrony (1.0.0)
faraday-excon (1.1.0)
faraday-httpclient (1.0.1)
faraday-multipart (1.0.4)
faraday-net_http (1.0.1)
faraday-net_http_persistent (1.2.0)
faraday-patron (1.0.0)
faraday-rack (1.0.0)
faraday-retry (1.0.3)
faraday_middleware (1.2.0)
fastimage (2.2.6)
fastlane (2.212.2)
fcntl (default: 1.0.0)
ffi (1.15.5)
fiddle (default: 1.0.0)
fileutils (default: 1.4.1)
forwardable (default: 1.3.1)
fourflusher (2.3.1)
fuzzy_match (2.0.4)
gdbm (default: 2.1.0)
getoptlong (default: 0.1.0)
gh_inspector (1.1.3)
google-apis-androidpublisher_v3 (0.41.0)
google-apis-core (0.11.0)
google-apis-iamcredentials_v1 (0.17.0)
google-apis-playcustomapp_v1 (0.13.0)
google-apis-storage_v1 (0.19.0)
google-cloud-core (1.6.0)
google-cloud-env (1.6.0)
google-cloud-errors (1.3.1)
google-cloud-storage (1.44.0)
googleauth (1.5.2)
highline (2.0.3)
http-cookie (1.0.5)
httpclient (2.8.3)
i18n (1.13.0)
io-console (default: 0.5.6)
ipaddr (default: 1.2.2)
irb (default: 1.2.6)
jazzy (0.14.3)
jmespath (1.6.2)
json (default: 2.3.0)
jwt (2.7.0)
liferaft (0.0.6)
logger (default: 1.4.2)
matrix (default: 0.2.0)
memoist (0.16.2)
mini_magick (4.12.0)
mini_mime (1.1.2)
minitest (5.18.0)
molinillo (0.8.0)
multi_json (1.15.0)
multipart-post (2.0.0)
mustache (1.1.1)
mutex_m (default: 0.1.0)
nanaimo (0.3.0)
nap (1.1.0)
naturally (2.2.1)
net-pop (default: 0.1.0)
net-smtp (default: 0.1.0)
netrc (0.11.0)
nokogiri (1.14.3 x86_64-darwin)
observer (default: 0.1.0)
open3 (default: 0.1.0)
open4 (1.3.4)
openssl (default: 2.1.3)
optparse (0.1.1)
os (1.1.4)
ostruct (default: 0.2.0)
plist (3.7.0)
prime (default: 0.1.1)
pstore (default: 0.1.0)
psych (default: 3.1.0)
public_suffix (4.0.7)
racc (default: 1.4.16)
rake (13.0.6)
rdoc (default: 6.2.1.1)
readline (default: 0.0.2)
readline-ext (default: 0.1.0)
redcarpet (3.6.0)
reline (default: 0.1.5)
representable (3.2.0)
retriable (3.1.2)
rexml (3.2.5, default: 3.2.3.1)
rouge (2.0.7)
rss (default: 0.2.8)
ruby-macho (2.5.1)
ruby2_keywords (0.0.5)
rubyzip (2.3.2)
sassc (2.4.0)
sdbm (default: 1.0.0)
security (0.1.3)
signet (0.17.0)
simctl (1.6.10)
singleton (default: 0.1.0)
slack-notifier (2.4.0)
slather (2.7.4)
sqlite3 (1.6.2 x86_64-darwin)
stringio (default: 0.1.0)
strscan (default: 1.0.3)
terminal-notifier (2.0.0)
terminal-table (1.8.0)
timeout (default: 0.1.0)
tracer (default: 0.1.0)
trailblazer-option (0.1.2)
trainer (0.9.1)
tty-cursor (0.7.1)
tty-screen (0.8.1)
tty-spinner (0.9.3)
typhoeus (1.4.0)
tzinfo (2.0.6)
uber (0.1.0)
unf (0.1.4)
unf_ext (0.0.8.2)
unicode-display_width (1.8.0)
uri (default: 0.10.0)
webrick (default: 1.6.1)
word_wrap (1.0.0)
xcinvoke (0.3.0)
xcode-install (2.8.1)
xcodeproj (1.22.0)
xcov (1.8.1)
xcpretty (0.3.0)
xcpretty-json-formatter (0.1.1)
xcpretty-travis-formatter (1.0.1)
xcresult (0.2.1)
yaml (default: 0.1.0)
zlib (default: 1.1.0)
========================================


=== NPM global packages ==========================
* Cordova: 11.0.0 (cordova-lib@11.1.0)
* Ionic: 6.20.1
* Appcenter-CLI version: 2.11.0
========================================


=== Checking Xcode CLT dirs ============

 ls -1 /Library/Developer/CommandLineTools/SDKs/MacOSX.sdk/usr/include/CommonCrypto
CommonCrypto.h
CommonCryptoError.h
CommonCryptor.h
CommonDigest.h
CommonHMAC.h
CommonKeyDerivation.h
CommonRandom.h
CommonSymmetricKeywrap.h
module.modulemap

 * ls -1 /Library/Developer/CommandLineTools/
Library
SDKs
usr

 * /Library/Developer/CommandLineTools/usr/bin/swift --version
Apple Swift version 5.7.2 (swiftlang-5.7.2.135.5 clang-1400.0.29.51)
Target: x86_64-apple-darwin22.3.0

 * xcrun swift --version
Apple Swift version 5.7.1 (swiftlang-5.7.1.135.3 clang-1400.0.29.51)
Target: x86_64-apple-macosx13.0

========================================


=== Xcode ==============================

* Active Xcode Command Line Tools:
/Applications/Xcode-14.1.0.app/Contents/Developer

* Xcode Version:
Xcode 14.1
Build version 14B47b

* /usr/bin/swift --version
Apple Swift version 5.7.1 (swiftlang-5.7.1.135.3 clang-1400.0.29.51)
Target: x86_64-apple-macosx13.0

* Installed SDKs:
DriverKit SDKs:
	DriverKit 22.1                	-sdk driverkit22.1

iOS SDKs:
	iOS 16.1                      	-sdk iphoneos16.1

iOS Simulator SDKs:
	Simulator - iOS 16.1          	-sdk iphonesimulator16.1

macOS SDKs:
	macOS 13.0                    	-sdk macosx13.0
	macOS 13.0                    	-sdk macosx13.0

tvOS SDKs:
	tvOS 16.1                     	-sdk appletvos16.1

tvOS Simulator SDKs:
	Simulator - tvOS 16.1         	-sdk appletvsimulator16.1

watchOS SDKs:
	watchOS 9.1                   	-sdk watchos9.1

watchOS Simulator SDKs:
	Simulator - watchOS 9.1       	-sdk watchsimulator9.1


* Available Simulators:
== Device Types ==
iPhone 4s (com.apple.CoreSimulator.SimDeviceType.iPhone-4s)
iPhone 5 (com.apple.CoreSimulator.SimDeviceType.iPhone-5)
iPhone 5s (com.apple.CoreSimulator.SimDeviceType.iPhone-5s)
iPhone 6 Plus (com.apple.CoreSimulator.SimDeviceType.iPhone-6-Plus)
iPhone 6 (com.apple.CoreSimulator.SimDeviceType.iPhone-6)
iPhone 6s (com.apple.CoreSimulator.SimDeviceType.iPhone-6s)
iPhone 6s Plus (com.apple.CoreSimulator.SimDeviceType.iPhone-6s-Plus)
iPhone SE (1st generation) (com.apple.CoreSimulator.SimDeviceType.iPhone-SE)
iPhone 7 (com.apple.CoreSimulator.SimDeviceType.iPhone-7)
iPhone 7 Plus (com.apple.CoreSimulator.SimDeviceType.iPhone-7-Plus)
iPhone 8 (com.apple.CoreSimulator.SimDeviceType.iPhone-8)
iPhone 8 Plus (com.apple.CoreSimulator.SimDeviceType.iPhone-8-Plus)
iPhone X (com.apple.CoreSimulator.SimDeviceType.iPhone-X)
iPhone Xs (com.apple.CoreSimulator.SimDeviceType.iPhone-XS)
iPhone Xs Max (com.apple.CoreSimulator.SimDeviceType.iPhone-XS-Max)
iPhone Xʀ (com.apple.CoreSimulator.SimDeviceType.iPhone-XR)
iPhone 11 (com.apple.CoreSimulator.SimDeviceType.iPhone-11)
iPhone 11 Pro (com.apple.CoreSimulator.SimDeviceType.iPhone-11-Pro)
iPhone 11 Pro Max (com.apple.CoreSimulator.SimDeviceType.iPhone-11-Pro-Max)
iPhone SE (2nd generation) (com.apple.CoreSimulator.SimDeviceType.iPhone-SE--2nd-generation-)
iPhone 12 mini (com.apple.CoreSimulator.SimDeviceType.iPhone-12-mini)
iPhone 12 (com.apple.CoreSimulator.SimDeviceType.iPhone-12)
iPhone 12 Pro (com.apple.CoreSimulator.SimDeviceType.iPhone-12-Pro)
iPhone 12 Pro Max (com.apple.CoreSimulator.SimDeviceType.iPhone-12-Pro-Max)
iPhone 13 Pro (com.apple.CoreSimulator.SimDeviceType.iPhone-13-Pro)
iPhone 13 Pro Max (com.apple.CoreSimulator.SimDeviceType.iPhone-13-Pro-Max)
iPhone 13 mini (com.apple.CoreSimulator.SimDeviceType.iPhone-13-mini)
iPhone 13 (com.apple.CoreSimulator.SimDeviceType.iPhone-13)
iPhone SE (3rd generation) (com.apple.CoreSimulator.SimDeviceType.iPhone-SE-3rd-generation)
iPhone 14 (com.apple.CoreSimulator.SimDeviceType.iPhone-14)
iPhone 14 Plus (com.apple.CoreSimulator.SimDeviceType.iPhone-14-Plus)
iPhone 14 Pro (com.apple.CoreSimulator.SimDeviceType.iPhone-14-Pro)
iPhone 14 Pro Max (com.apple.CoreSimulator.SimDeviceType.iPhone-14-Pro-Max)
iPod touch (7th generation) (com.apple.CoreSimulator.SimDeviceType.iPod-touch--7th-generation-)
iPad 2 (com.apple.CoreSimulator.SimDeviceType.iPad-2)
iPad Retina (com.apple.CoreSimulator.SimDeviceType.iPad-Retina)
iPad Air (com.apple.CoreSimulator.SimDeviceType.iPad-Air)
iPad mini 2 (com.apple.CoreSimulator.SimDeviceType.iPad-mini-2)
iPad mini 3 (com.apple.CoreSimulator.SimDeviceType.iPad-mini-3)
iPad mini 4 (com.apple.CoreSimulator.SimDeviceType.iPad-mini-4)
iPad Air 2 (com.apple.CoreSimulator.SimDeviceType.iPad-Air-2)
iPad Pro (9.7-inch) (com.apple.CoreSimulator.SimDeviceType.iPad-Pro--9-7-inch-)
iPad Pro (12.9-inch) (1st generation) (com.apple.CoreSimulator.SimDeviceType.iPad-Pro)
iPad (5th generation) (com.apple.CoreSimulator.SimDeviceType.iPad--5th-generation-)
iPad Pro (12.9-inch) (2nd generation) (com.apple.CoreSimulator.SimDeviceType.iPad-Pro--12-9-inch---2nd-generation-)
iPad Pro (10.5-inch) (com.apple.CoreSimulator.SimDeviceType.iPad-Pro--10-5-inch-)
iPad (6th generation) (com.apple.CoreSimulator.SimDeviceType.iPad--6th-generation-)
iPad (7th generation) (com.apple.CoreSimulator.SimDeviceType.iPad--7th-generation-)
iPad Pro (11-inch) (1st generation) (com.apple.CoreSimulator.SimDeviceType.iPad-Pro--11-inch-)
iPad Pro (12.9-inch) (3rd generation) (com.apple.CoreSimulator.SimDeviceType.iPad-Pro--12-9-inch---3rd-generation-)
iPad Pro (11-inch) (2nd generation) (com.apple.CoreSimulator.SimDeviceType.iPad-Pro--11-inch---2nd-generation-)
iPad Pro (12.9-inch) (4th generation) (com.apple.CoreSimulator.SimDeviceType.iPad-Pro--12-9-inch---4th-generation-)
iPad mini (5th generation) (com.apple.CoreSimulator.SimDeviceType.iPad-mini--5th-generation-)
iPad Air (3rd generation) (com.apple.CoreSimulator.SimDeviceType.iPad-Air--3rd-generation-)
iPad (8th generation) (com.apple.CoreSimulator.SimDeviceType.iPad--8th-generation-)
iPad (9th generation) (com.apple.CoreSimulator.SimDeviceType.iPad-9th-generation)
iPad Air (4th generation) (com.apple.CoreSimulator.SimDeviceType.iPad-Air--4th-generation-)
iPad Pro (11-inch) (3rd generation) (com.apple.CoreSimulator.SimDeviceType.iPad-Pro-11-inch-3rd-generation)
iPad Pro (12.9-inch) (5th generation) (com.apple.CoreSimulator.SimDeviceType.iPad-Pro-12-9-inch-5th-generation)
iPad Air (5th generation) (com.apple.CoreSimulator.SimDeviceType.iPad-Air-5th-generation)
iPad (10th generation) (com.apple.CoreSimulator.SimDeviceType.iPad-10th-generation)
iPad mini (6th generation) (com.apple.CoreSimulator.SimDeviceType.iPad-mini-6th-generation)
iPad Pro (11-inch) (4th generation) (com.apple.CoreSimulator.SimDeviceType.iPad-Pro-11-inch-4th-generation-8GB)
iPad Pro (11-inch) (4th generation) (16GB) (com.apple.CoreSimulator.SimDeviceType.iPad-Pro-11-inch-4th-generation-16GB)
iPad Pro (12.9-inch) (6th generation) (com.apple.CoreSimulator.SimDeviceType.iPad-Pro-12-9-inch-6th-generation-8GB)
iPad Pro (12.9-inch) (6th generation) (16GB) (com.apple.CoreSimulator.SimDeviceType.iPad-Pro-12-9-inch-6th-generation-16GB)
Apple TV (com.apple.CoreSimulator.SimDeviceType.Apple-TV-1080p)
Apple TV 4K (com.apple.CoreSimulator.SimDeviceType.Apple-TV-4K-4K)
Apple TV 4K (at 1080p) (com.apple.CoreSimulator.SimDeviceType.Apple-TV-4K-1080p)
Apple TV 4K (2nd generation) (com.apple.CoreSimulator.SimDeviceType.Apple-TV-4K-2nd-generation-4K)
Apple TV 4K (2nd generation) (at 1080p) (com.apple.CoreSimulator.SimDeviceType.Apple-TV-4K-2nd-generation-1080p)
Apple TV 4K (3rd generation) (com.apple.CoreSimulator.SimDeviceType.Apple-TV-4K-3rd-generation-4K)
Apple TV 4K (3rd generation) (at 1080p) (com.apple.CoreSimulator.SimDeviceType.Apple-TV-4K-3rd-generation-1080p)
Apple Watch (38mm) (com.apple.CoreSimulator.SimDeviceType.Apple-Watch-38mm)
Apple Watch (42mm) (com.apple.CoreSimulator.SimDeviceType.Apple-Watch-42mm)
Apple Watch Series 2 (38mm) (com.apple.CoreSimulator.SimDeviceType.Apple-Watch-Series-2-38mm)
Apple Watch Series 2 (42mm) (com.apple.CoreSimulator.SimDeviceType.Apple-Watch-Series-2-42mm)
Apple Watch Series 3 (38mm) (com.apple.CoreSimulator.SimDeviceType.Apple-Watch-Series-3-38mm)
Apple Watch Series 3 (42mm) (com.apple.CoreSimulator.SimDeviceType.Apple-Watch-Series-3-42mm)
Apple Watch Series 4 (40mm) (com.apple.CoreSimulator.SimDeviceType.Apple-Watch-Series-4-40mm)
Apple Watch Series 4 (44mm) (com.apple.CoreSimulator.SimDeviceType.Apple-Watch-Series-4-44mm)
Apple Watch Series 5 (40mm) (com.apple.CoreSimulator.SimDeviceType.Apple-Watch-Series-5-40mm)
Apple Watch Series 5 (44mm) (com.apple.CoreSimulator.SimDeviceType.Apple-Watch-Series-5-44mm)
Apple Watch SE (40mm) (com.apple.CoreSimulator.SimDeviceType.Apple-Watch-SE-40mm)
Apple Watch SE (44mm) (com.apple.CoreSimulator.SimDeviceType.Apple-Watch-SE-44mm)
Apple Watch Series 6 (40mm) (com.apple.CoreSimulator.SimDeviceType.Apple-Watch-Series-6-40mm)
Apple Watch Series 6 (44mm) (com.apple.CoreSimulator.SimDeviceType.Apple-Watch-Series-6-44mm)
Apple Watch Series 7 (41mm) (com.apple.CoreSimulator.SimDeviceType.Apple-Watch-Series-7-41mm)
Apple Watch Series 7 (45mm) (com.apple.CoreSimulator.SimDeviceType.Apple-Watch-Series-7-45mm)
Apple Watch SE (40mm) (2nd generation) (com.apple.CoreSimulator.SimDeviceType.Apple-Watch-SE-40mm-2nd-generation)
Apple Watch SE (44mm) (2nd generation) (com.apple.CoreSimulator.SimDeviceType.Apple-Watch-SE-44mm-2nd-generation)
Apple Watch Series 8 (41mm) (com.apple.CoreSimulator.SimDeviceType.Apple-Watch-Series-8-41mm)
Apple Watch Series 8 (45mm) (com.apple.CoreSimulator.SimDeviceType.Apple-Watch-Series-8-45mm)
Apple Watch Ultra (49mm) (com.apple.CoreSimulator.SimDeviceType.Apple-Watch-Ultra-49mm)
== Runtimes ==
iOS 13.7 (13.7 - 17H22) - com.apple.CoreSimulator.SimRuntime.iOS-13-7
iOS 14.5 (14.5 - 18E182) - com.apple.CoreSimulator.SimRuntime.iOS-14-5
iOS 15.0 (15.0 - 19A339) - com.apple.CoreSimulator.SimRuntime.iOS-15-0
iOS 15.2 (15.2 - 19C51) - com.apple.CoreSimulator.SimRuntime.iOS-15-2
iOS 15.4 (15.4 - 19E240) - com.apple.CoreSimulator.SimRuntime.iOS-15-4
iOS 15.5 (15.5 - 19F70) - com.apple.CoreSimulator.SimRuntime.iOS-15-5
iOS 16.0 (16.0 - 20A360) - com.apple.CoreSimulator.SimRuntime.iOS-16-0
iOS 16.1 (16.1 - 20B72) - com.apple.CoreSimulator.SimRuntime.iOS-16-1
iOS 16.1 (16.1 - 20B72) - com.apple.CoreSimulator.SimRuntime.iOS-16-1
tvOS 15.0 (15.0 - 19J344) - com.apple.CoreSimulator.SimRuntime.tvOS-15-0
tvOS 15.2 (15.2 - 19K50) - com.apple.CoreSimulator.SimRuntime.tvOS-15-2
tvOS 15.4 (15.4 - 19L439) - com.apple.CoreSimulator.SimRuntime.tvOS-15-4
tvOS 16.0 (16.0 - 20J373) - com.apple.CoreSimulator.SimRuntime.tvOS-16-0
tvOS 16.1 (16.1 - 20K67) - com.apple.CoreSimulator.SimRuntime.tvOS-16-1
watchOS 8.0 (8.0 - 19R345) - com.apple.CoreSimulator.SimRuntime.watchOS-8-0
watchOS 8.3 (8.3 - 19S51) - com.apple.CoreSimulator.SimRuntime.watchOS-8-3
watchOS 8.5 (8.5 - 19T241) - com.apple.CoreSimulator.SimRuntime.watchOS-8-5
watchOS 9.0 (9.0 - 20R362) - com.apple.CoreSimulator.SimRuntime.watchOS-9-0
watchOS 9.1 (9.1 - 20S75) - com.apple.CoreSimulator.SimRuntime.watchOS-9-1
== Devices ==
-- iOS 13.7 --
    iPhone 8 Plus (76805027-A6C2-48E6-8EBF-F029D9F453E8) (Shutdown) 
    iPhone 11 (9CF7704E-B94F-4BF0-B475-3DF7D610B8E8) (Shutdown) 
    iPhone 11 Pro (2F757AE0-F8A1-4CDB-A8E4-B4D290B65FAA) (Shutdown) 
    iPhone 11 Pro Max (B29E3A8B-9007-4374-9FAB-9FD0F7CD97BF) (Shutdown) 
    iPhone SE (2nd generation) (82BD52BF-B82C-4EE6-B720-7FAF397A6F67) (Shutdown) 
    iPad Pro (9.7-inch) (4DC524ED-A105-457E-888E-0E78D327ED8E) (Shutdown) 
    iPad (7th generation) (6BAA426E-31FE-4F8B-9E57-3F2F845E5EA5) (Shutdown) 
    iPad Pro (11-inch) (2nd generation) (C65EFB4D-C69C-49E6-9C72-9117C2F393C0) (Shutdown) 
    iPad Pro (12.9-inch) (4th generation) (719A88CE-6835-46C9-806E-691C12C2180E) (Shutdown) 
    iPad Air (3rd generation) (CC76EEAB-07A5-488A-AEF7-BE91CDECD4BB) (Shutdown) 
-- iOS 14.5 --
    iPhone 8 Plus (911524E2-3A7B-446B-AEB0-55ED63995A34) (Shutdown) 
    iPhone 11 (C5D522A5-92E2-4729-9730-D7623E170A9B) (Shutdown) 
    iPhone SE (2nd generation) (7D8E67F3-FE9C-4118-8BF4-EAE7CB44C2E2) (Shutdown) 
    iPhone 12 mini (A5FBB4E3-82A4-49E6-886F-6B54DD26A44F) (Shutdown) 
    iPhone 12 (E0C6260C-929A-4FF5-82EC-D2C52EF075E1) (Shutdown) 
    iPhone 12 Pro (6B771205-3462-4761-A7C9-FC43E8939983) (Shutdown) 
    iPhone 12 Pro Max (621294BC-DA07-4B84-909B-6C1257C17505) (Shutdown) 
    iPod touch (7th generation) (45BF2971-7BEE-473E-9C69-4DDB02997676) (Shutdown) 
    iPad Pro (9.7-inch) (A91755BC-852C-487A-B32E-D17777E407E8) (Shutdown) 
    iPad (8th generation) (207C98F4-6D49-4714-9E0C-21BACF654341) (Shutdown) 
    iPad Air (4th generation) (1C1BEB3C-B79C-45D8-A569-064B277DAE76) (Shutdown) 
    iPad Pro (11-inch) (3rd generation) (66D89A7C-9AC9-426A-B3EC-D8ECB5770E74) (Shutdown) 
    iPad Pro (12.9-inch) (5th generation) (BD36D3AF-E7F7-4AAC-9407-112D2841C1D9) (Shutdown) 
-- iOS 15.0 --
    iPhone 8 Plus (C987E750-3850-4272-8E4A-EEA418398979) (Shutdown) 
    iPhone 11 (0CCADC38-22F0-4A22-B76A-B81004770187) (Shutdown) 
    iPhone SE (2nd generation) (281B2B77-9FF5-492E-85C4-9B1083143BB0) (Shutdown) 
    iPhone 13 Pro (219ADC11-B0FC-494B-98DC-0830EF9C1A9D) (Shutdown) 
    iPhone 13 Pro Max (B688CDC2-9A2A-46B5-874F-D40F46B8D57B) (Shutdown) 
    iPhone 13 mini (C4B19739-716B-4D9F-9249-D9BB288627B4) (Shutdown) 
    iPhone 13 (1EFD48D0-3DA0-47E4-8B92-C290AEAE9827) (Shutdown) 
    iPod touch (7th generation) (A59B2D36-C8DE-4B19-93ED-CE54AA6856C1) (Shutdown) 
    iPad Pro (9.7-inch) (A7A943C7-7E2D-47DF-8BA1-D50506C23393) (Shutdown) 
    iPad (9th generation) (15708066-0331-4EED-8537-476B99E49250) (Shutdown) 
    iPad Air (4th generation) (55236993-647E-453C-8058-91E1FF5382AF) (Shutdown) 
    iPad Pro (11-inch) (3rd generation) (029CE7D8-C260-48ED-9CA2-66FF8C2D0EFC) (Shutdown) 
    iPad Pro (12.9-inch) (5th generation) (4CB9AEC6-C41E-4187-A6FB-54ED8B5DE66E) (Shutdown) 
    iPad mini (6th generation) (852BED77-45DA-46E5-B9C5-7C18E3E98173) (Shutdown) 
-- iOS 15.2 --
    iPhone 8 Plus (6AFBB8CD-4FA6-4561-85B6-BB46168A7948) (Shutdown) 
    iPhone 11 (A80DBA75-4F59-4986-B33A-A1A24FA450BE) (Shutdown) 
    iPhone SE (2nd generation) (7D035EA8-4A7D-44AD-BAF8-64A3A33FAC93) (Shutdown) 
    iPhone 13 Pro (662F74DB-139C-4EEE-98F5-CE74043042EE) (Shutdown) 
    iPhone 13 Pro Max (5D84AFD8-49F0-47C2-B1F4-1063C5F27106) (Shutdown) 
    iPhone 13 mini (8A7573D3-79AF-4712-B00D-8FDED427829B) (Shutdown) 
    iPhone 13 (6B0807F7-E6B3-4B3C-ACF3-7A0011FF0BC2) (Shutdown) 
    iPod touch (7th generation) (475F35DE-3415-42C1-90C2-709A6638CE42) (Shutdown) 
    iPad Pro (9.7-inch) (1B9CE1AA-FE82-45D4-9F06-DE496804AF2C) (Shutdown) 
    iPad (9th generation) (D29E7BAF-72DD-42D8-ACB4-B1113835649C) (Shutdown) 
    iPad Air (4th generation) (000216C0-DBEF-45CC-97ED-C660321370DD) (Shutdown) 
    iPad Pro (11-inch) (3rd generation) (C986A07A-7552-4B34-BAE6-AED13B526E9B) (Shutdown) 
    iPad Pro (12.9-inch) (5th generation) (8FBA91EC-44E6-4054-8330-082BFCDBBDC5) (Shutdown) 
    iPad mini (6th generation) (D871EE4C-71B4-495E-952A-9713B675B00D) (Shutdown) 
-- iOS 15.4 --
    iPhone 8 Plus (16A28FAC-4691-4F51-AC18-645DE3D91B96) (Shutdown) 
    iPhone 11 (C9A1C838-5900-4812-A217-959710AB500F) (Shutdown) 
    iPhone 13 Pro (91D9753A-5C31-4316-A322-48FC7CB77267) (Shutdown) 
    iPhone 13 Pro Max (ED81D9E9-E368-4351-B715-DF33AD6280D7) (Shutdown) 
    iPhone 13 mini (8A7F7D15-C789-4875-B815-C1945ABBE25F) (Shutdown) 
    iPhone 13 (68731A1B-6954-4C15-BCF8-93E4B0A68125) (Shutdown) 
    iPhone SE (3rd generation) (9A4727BE-94C0-43E3-92F8-D80C736D18F1) (Shutdown) 
    iPod touch (7th generation) (76E7966F-1A92-452C-B008-B9128410C1D5) (Shutdown) 
    iPad Pro (9.7-inch) (22093270-5E03-435A-9456-99E12189907E) (Shutdown) 
    iPad (9th generation) (408C56A7-3D06-4CEB-B337-E78ACA15977B) (Shutdown) 
    iPad Pro (11-inch) (3rd generation) (FF0A0CEF-76D9-46AD-959F-C40C50EACD9F) (Shutdown) 
    iPad Pro (12.9-inch) (5th generation) (9F9FDA5D-935C-4D99-B0B4-1EE3DAD1057B) (Shutdown) 
    iPad Air (5th generation) (998666B3-C569-46B6-9467-0DA2CC45A0D0) (Shutdown) 
    iPad mini (6th generation) (EFDE4EEC-1D4C-405B-982F-ED66425C7ABF) (Shutdown) 
-- iOS 15.5 --
    iPhone 8 Plus (4813D1B3-ECF2-4DB7-AECF-47532ECDD8F0) (Shutdown) 
    iPhone 11 (E7BEAC60-BB4B-4F23-85B4-BD8696713BE7) (Shutdown) 
    iPhone 13 Pro (D48A3EA4-1E56-4929-8039-D22F494722A0) (Shutdown) 
    iPhone 13 Pro Max (F571AEA1-74EA-42EE-8DEE-47EA7B4DB0EC) (Shutdown) 
    iPhone 13 mini (EE1766A2-62E4-44BB-8C9F-4B4CF17F670A) (Shutdown) 
    iPhone 13 (2DFF8A0D-BAFB-412A-B19B-54EBFFDF9E6F) (Shutdown) 
    iPhone SE (3rd generation) (E3C95B2C-84E0-42BA-9198-A26148D3C54A) (Shutdown) 
    iPod touch (7th generation) (6401CF7C-41A8-46AF-A70E-60AFF439A5CD) (Shutdown) 
    iPad Pro (9.7-inch) (2C70C515-B66D-4B2D-AB9B-33499DC37291) (Shutdown) 
    iPad (9th generation) (EC5712E2-20D4-435D-8D5A-B627E2084903) (Shutdown) 
    iPad Pro (11-inch) (3rd generation) (5B722989-87A7-4133-AC0B-1864F7831D72) (Shutdown) 
    iPad Pro (12.9-inch) (5th generation) (B286EA92-4815-49C3-9BFE-AB79E5894BDF) (Shutdown) 
    iPad Air (5th generation) (3CCCD10E-01D1-4758-BE7F-05B6CBE49830) (Shutdown) 
    iPad mini (6th generation) (16AC4686-9556-4072-8478-748EBBB760A0) (Shutdown) 
-- iOS 16.0 --
    iPhone 8 Plus (9FE07D3E-A87D-42AD-A122-1AEA8954B892) (Shutdown) 
    iPhone 11 (5016133F-E77F-4A8F-9638-DB52B9A11CAE) (Shutdown) 
    iPhone SE (3rd generation) (96392498-6810-4B30-B42B-8125361CC620) (Shutdown) 
    iPhone 14 (3E712314-7F76-48A8-ACDF-8C3B1FB345C1) (Shutdown) 
    iPhone 14 Plus (C1905B81-35CA-43D7-AD97-66BFD42CC1A9) (Shutdown) 
    iPhone 14 Pro (898A5D81-C86A-46F8-962F-6532EF5D7440) (Shutdown) 
    iPhone 14 Pro Max (B718D243-FB3F-4BCE-86B4-4403BEC77C8C) (Shutdown) 
    iPad (9th generation) (98066E50-FB36-4403-BE47-06F07764BA85) (Shutdown) 
    iPad Pro (11-inch) (3rd generation) (7C139EE3-A10A-45CA-95AF-7F2BD9E2C13B) (Shutdown) 
    iPad Pro (12.9-inch) (5th generation) (7C4AE2C7-A395-4E87-9A86-EB8D4ED70733) (Shutdown) 
    iPad Air (5th generation) (892A4394-1CC1-4901-865F-52F06F751CF8) (Shutdown) 
    iPad mini (6th generation) (4DD7DEE7-EC6F-437A-B8AD-737D17836777) (Shutdown) 
-- iOS 16.1 --
-- iOS 16.1 --
    iPhone 8 Plus (DF9A512F-05FE-4DB2-B3EC-31485E53161C) (Shutdown) 
    iPhone 11 (990DF2FC-EFDB-4F4F-99EB-9C915FA17910) (Shutdown) 
    iPhone SE (3rd generation) (5BF61C76-9C30-43F4-A89A-8835E5BBF7F6) (Shutdown) 
    iPhone 14 (AD79FD31-CCBF-4E17-B771-A76750FC148C) (Shutdown) 
    iPhone 14 Plus (861769E3-5CD9-440B-8B71-0A2A852C6A02) (Shutdown) 
    iPhone 14 Pro (6785C856-72B3-4061-89A2-5F1D06AE1D34) (Shutdown) 
    iPhone 14 Pro Max (B920D110-82C6-421C-9931-9EBBB777128C) (Shutdown) 
    iPad (9th generation) (7F1F50FE-10B5-44B1-BD47-DD00A2EBED02) (Shutdown) 
    iPad Pro (11-inch) (3rd generation) (E689FF75-657E-4600-B96D-2732C06949BD) (Shutdown) 
    iPad Pro (12.9-inch) (5th generation) (91B67CC1-2DE2-48FF-88F0-442488D044A1) (Shutdown) 
    iPad Air (5th generation) (6CF83693-3632-4195-B62F-EA88B0298919) (Shutdown) 
    iPad (10th generation) (E8262A23-C87A-49A1-AEBE-D530C37113AB) (Shutdown) 
    iPad mini (6th generation) (58845224-AABC-4676-84F0-E18A9D5A55FD) (Shutdown) 
    iPad Pro (11-inch) (4th generation) (052B2A50-3FC1-463A-AAEA-7A2BF5A26FF7) (Shutdown) 
    iPad Pro (12.9-inch) (6th generation) (FE76E0D0-2C34-4A7E-9949-2F9724E968F7) (Shutdown) 
-- tvOS 15.0 --
    Apple TV (475E7915-9BF0-4566-BEA8-3435423EF092) (Shutdown) 
    Apple TV 4K (2nd generation) (DCF16121-60AB-44B3-83EC-3BF78B4653B5) (Shutdown) 
    Apple TV 4K (at 1080p) (2nd generation) (7AECB10E-F7B9-43C9-8430-BCA0CD298B7C) (Shutdown) 
-- tvOS 15.2 --
    Apple TV (ACF3D5D5-BC62-4ADA-9494-F6F3AFC5F1C1) (Shutdown) 
    Apple TV 4K (2nd generation) (B889CCFC-606F-41EC-BB07-A780DF7AEFCF) (Shutdown) 
    Apple TV 4K (at 1080p) (2nd generation) (D7228644-D9EE-464C-8282-92BFF52B1056) (Shutdown) 
-- tvOS 15.4 --
    Apple TV (D6D46F92-8C7A-4E42-BF5B-DFDD2EAE3B8C) (Shutdown) 
    Apple TV 4K (2nd generation) (31EC7F85-C414-4ABF-8A5A-85F062B9F8D1) (Shutdown) 
    Apple TV 4K (at 1080p) (2nd generation) (878E4625-C6F5-4F8C-B2FD-B24F0634EDD1) (Shutdown) 
-- tvOS 16.0 --
    Apple TV (A33FD6D0-7B4B-497A-8BAC-58CBECF71F38) (Shutdown) 
    Apple TV 4K (2nd generation) (1F078852-38A9-49EC-A5EA-98BA74A6619C) (Shutdown) 
    Apple TV 4K (at 1080p) (2nd generation) (2771009B-12E1-4E52-B8A0-1953C9C0D286) (Shutdown) 
-- tvOS 16.1 --
    Apple TV (601EA240-4203-44A8-9EA0-08CEC4EBE44B) (Shutdown) 
    Apple TV 4K (2nd generation) (5B0B2830-3EC8-4CCC-A8DF-F8D8775EDEFC) (Shutdown) 
    Apple TV 4K (at 1080p) (2nd generation) (1610A3A7-42FB-4B59-BDE8-3EB7E4D38393) (Shutdown) 
    Apple TV 4K (3rd generation) (720CEB0D-460C-4C6F-87F8-15DC9C9D7942) (Shutdown) 
    Apple TV 4K (3rd generation) (at 1080p) (F77DCA30-5F11-434A-B6FE-8464D49C8271) (Shutdown) 
-- watchOS 8.0 --
    Apple Watch Series 5 (40mm) (DF4A3D32-752B-47B2-8E3B-9C2EC3B777EE) (Shutdown) 
    Apple Watch Series 5 (44mm) (3F19F9AC-967F-4F96-B15D-FBE94F8D3F65) (Shutdown) 
    Apple Watch Series 6 (40mm) (FF6B669A-833A-49CB-AE49-D64A884C932B) (Shutdown) 
    Apple Watch Series 6 (44mm) (EC1671DC-D800-4E0D-9162-F54B9910A6D1) (Shutdown) 
    Apple Watch Series 7 (41mm) (01E8B1ED-920C-4035-8041-0ED0B54C4E4B) (Shutdown) 
    Apple Watch Series 7 (45mm) (B29C230A-01D8-46AA-A395-2F22BADAFDE5) (Shutdown) 
-- watchOS 8.3 --
    Apple Watch Series 5 (40mm) (BF93CEBD-7A96-47DA-9C68-89AEF9B6B35E) (Shutdown) 
    Apple Watch Series 5 (44mm) (5D9134FC-839B-4677-83A8-7000E8B056DA) (Shutdown) 
    Apple Watch Series 6 (40mm) (02446433-688D-416A-A33F-7F9DEF1DAD7E) (Shutdown) 
    Apple Watch Series 6 (44mm) (130AB605-7392-418C-939E-CCE4F4517A22) (Shutdown) 
    Apple Watch Series 7 (41mm) (6403966D-721A-436F-8EFC-BDAFC9E76049) (Shutdown) 
    Apple Watch Series 7 (45mm) (E1BBE697-5DAE-41AE-BFA0-97CB45278201) (Shutdown) 
-- watchOS 8.5 --
    Apple Watch Series 5 (40mm) (2B807D75-44FC-434C-8AA7-7ADEB22F923A) (Shutdown) 
    Apple Watch Series 5 (44mm) (B0C43BB1-0ADC-47D0-A8B5-024143EA597F) (Shutdown) 
    Apple Watch Series 6 (40mm) (59F8DF4E-BCA8-41D0-9BD0-A9206692CC8A) (Shutdown) 
    Apple Watch Series 6 (44mm) (95CB451C-4714-4730-A361-AEDE9306419D) (Shutdown) 
    Apple Watch Series 7 (41mm) (F41567C7-1C20-4632-AD48-061F22FFF1EA) (Shutdown) 
    Apple Watch Series 7 (45mm) (36C92F3F-0380-4A3C-80ED-B08A7E7405F0) (Shutdown) 
-- watchOS 9.0 --
    Apple Watch Series 5 (40mm) (41329B45-9B4D-4E95-8235-E44CD1CAFECF) (Shutdown) 
    Apple Watch Series 5 (44mm) (66ADD3C4-B6B1-4164-A5F0-117EFD92A6B0) (Shutdown) 
    Apple Watch Series 6 (40mm) (2DE633E2-2D90-4B64-8921-76CA53B51BC6) (Shutdown) 
    Apple Watch Series 6 (44mm) (A8794399-F34A-493F-87F4-0212E84E1450) (Shutdown) 
    Apple Watch Series 7 (41mm) (C8D2952B-8020-4598-9CDE-EC3ECDD3F279) (Shutdown) 
    Apple Watch Series 7 (45mm) (B49F1C5D-E04B-4D81-9E09-0E399603211C) (Shutdown) 
    Apple Watch SE (40mm) (2nd generation) (BC2A3CD9-B092-4D7C-988C-F4AFF474A104) (Shutdown) 
    Apple Watch SE (44mm) (2nd generation) (76107117-B5D6-4949-BC62-0F9AA1D4C659) (Shutdown) 
    Apple Watch Series 8 (41mm) (E8198631-673F-4182-BEE4-D6F8F88CA822) (Shutdown) 
    Apple Watch Series 8 (45mm) (0061C326-F334-4934-9FEE-743A0FA6E02F) (Shutdown) 
    Apple Watch Ultra (49mm) (824EE818-860C-4E75-A127-60A09AFFFB66) (Shutdown) 
-- watchOS 9.1 --
    Apple Watch Series 5 (40mm) (B565A702-289A-4FBF-AC3A-FBB7FDEA157E) (Shutdown) 
    Apple Watch Series 5 (44mm) (3D9BD090-2BFC-4639-AC70-46BDE5F1E9BC) (Shutdown) 
    Apple Watch Series 6 (40mm) (56351A8D-7CBD-4B2E-A08D-A1B6F6BF8318) (Shutdown) 
    Apple Watch Series 6 (44mm) (961E4C5D-F588-4E8E-BD38-A20D0F0BDB88) (Shutdown) 
    Apple Watch Series 7 (41mm) (68DD934D-7792-46AF-8780-5894BC0732AA) (Shutdown) 
    Apple Watch Series 7 (45mm) (2F035A00-AA5D-4497-807A-55025AFFA28A) (Shutdown) 
    Apple Watch SE (40mm) (2nd generation) (70FE7E41-FE02-4C08-A9B4-1BB8FA157077) (Shutdown) 
    Apple Watch SE (44mm) (2nd generation) (76DF502E-8D7C-4174-A4A3-CEE34F4F2810) (Shutdown) 
    Apple Watch Series 8 (41mm) (776454A0-2C9F-4005-B1C5-B41F9AB09F80) (Shutdown) 
    Apple Watch Series 8 (45mm) (F33914D8-248C-4F3E-BF30-6EB7F6086350) (Shutdown) 
    Apple Watch Ultra (49mm) (4D4C3166-3760-495A-B436-D655753A419C) (Shutdown) 
== Device Pairs ==
D180C413-A9BD-4A51-8C7B-2C69F1FDDF3A (active, disconnected)
    Watch: Apple Watch Series 7 (45mm) (B49F1C5D-E04B-4D81-9E09-0E399603211C) (Shutdown)
    Phone: iPhone 14 (3E712314-7F76-48A8-ACDF-8C3B1FB345C1) (Shutdown)
95C5451B-36FA-4981-A265-6B41D4AED126 (active, disconnected)
    Watch: Apple Watch Series 8 (41mm) (E8198631-673F-4182-BEE4-D6F8F88CA822) (Shutdown)
    Phone: iPhone 14 Plus (C1905B81-35CA-43D7-AD97-66BFD42CC1A9) (Shutdown)
B1111A5A-502D-4101-8DBB-1126C5A2BE14 (active, disconnected)
    Watch: Apple Watch Series 8 (45mm) (0061C326-F334-4934-9FEE-743A0FA6E02F) (Shutdown)
    Phone: iPhone 14 Pro (898A5D81-C86A-46F8-962F-6532EF5D7440) (Shutdown)
5ACE6408-65EC-4D59-975C-2AA1FC32A698 (active, disconnected)
    Watch: Apple Watch Ultra (49mm) (824EE818-860C-4E75-A127-60A09AFFFB66) (Shutdown)
    Phone: iPhone 14 Pro Max (B718D243-FB3F-4BCE-86B4-4403BEC77C8C) (Shutdown)
98729DAE-A979-4308-ABBC-1BB3F97F31D2 (active, disconnected)
    Watch: Apple Watch Series 7 (45mm) (2F035A00-AA5D-4497-807A-55025AFFA28A) (Shutdown)
    Phone: iPhone 14 (AD79FD31-CCBF-4E17-B771-A76750FC148C) (Shutdown)
6EC14D8E-23DA-4FBD-815A-91AFCCF873F5 (active, disconnected)
    Watch: Apple Watch Series 8 (41mm) (776454A0-2C9F-4005-B1C5-B41F9AB09F80) (Shutdown)
    Phone: iPhone 14 Plus (861769E3-5CD9-440B-8B71-0A2A852C6A02) (Shutdown)
4E8DE134-F0C2-42C3-A88E-6C28FCEA3410 (active, disconnected)
    Watch: Apple Watch Series 8 (45mm) (F33914D8-248C-4F3E-BF30-6EB7F6086350) (Shutdown)
    Phone: iPhone 14 Pro (6785C856-72B3-4061-89A2-5F1D06AE1D34) (Shutdown)
2EDA5F82-1917-482A-A127-94467342FEA8 (active, disconnected)
    Watch: Apple Watch Ultra (49mm) (4D4C3166-3760-495A-B436-D655753A419C) (Shutdown)
    Phone: iPhone 14 Pro Max (B920D110-82C6-421C-9931-9EBBB777128C) (Shutdown)

========================================


=== OS X info =========================

* sw_vers
ProductName:		macOS
ProductVersion:		13.2
BuildVersion:		22D49

* system_profiler SPSoftwareDataType
Software:

    System Software Overview:

      System Version: macOS 13.2 (22D49)
      Kernel Version: Darwin 22.3.0
      Boot Volume: Macintosh HD
      Boot Mode: Normal
      Computer Name: vm-osx-ventura-g2.4core-ecb9403d-d1ec-4746-9e96-79f8ecbb8b04
      User Name: vagrant (vagrant)
      Secure Virtual Memory: Enabled
      System Integrity Protection: Disabled
      Time since boot: 4 minutes, 19 seconds


========================================


=== System infos =======================
* Free disk space:
    Filesystem         Size        Avail
/dev/disk1s5s1        375Gi        108Gi
========================================

--- Android

* ANDROID_HOME (/usr/local/share/android-sdk) content:
build-tools
cmdline-tools
emulator
extras
licenses
ndk-bundle
patcher
platform-tools
platforms
system-images
tools

* ANDROID_NDK_HOME (/usr/local/share/android-sdk/ndk-bundle) content:
CHANGELOG.md
NOTICE
NOTICE.toolchain
README.md
build
meta
ndk-build
ndk-gdb
ndk-lldb
ndk-stack
ndk-which
package.xml
prebuilt
python-packages
shader-tools
simpleperf
source.properties
sources
toolchains
wrap.sh

* Android NDK Version:
Pkg.Desc = Android NDK
Pkg.Revision = 24.0.8215888

* platform-tools content:
NOTICE.txt
adb
dmtracedump
e2fsdroid
etc1tool
fastboot
hprof-conv
lib64
make_f2fs
make_f2fs_casefold
mke2fs
mke2fs.conf
package.xml
sload_f2fs
source.properties
sqlite3

* build-tools content:
26.0.1
26.0.2
27.0.0
27.0.1
27.0.2
27.0.3
28.0.0
28.0.1
28.0.2
28.0.3
29.0.0
29.0.1
29.0.2
29.0.3
30.0.0
30.0.1
30.0.2
30.0.3
31.0.0
32.0.0

* extras content:
/usr/local/share/android-sdk/extras
├── android
│   └── m2repository
├── google
│   ├── google_play_services
│   └── m2repository
└── m2repository
    └── com

8 directories, 0 files

* platforms content:
android-26
android-27
android-28
android-29
android-30
android-31
android-32

* system-images content:
/usr/local/share/android-sdk/system-images
├── android-26
│   └── google_apis
│       └── x86
├── android-28
│   └── google_apis
│       └── x86_64
├── android-29
│   └── google_apis
│       └── x86
├── android-30
│   └── google_apis
│       └── x86
├── android-31
│   └── google_apis
│       └── x86_64
└── android-32
    └── google_apis
        └── x86_64

19 directories, 0 files

========================================

 * SDK packages:
* Command line Tools version: 6.0
* Platform Tools version: 33.0.3
* Emulator version: 31.3.14
========================================


=== Android APK tools ==================

* aapt2:

========================================


=== Environment infos =======================
MATCH_KEYCHAIN_PASSWORD environment set
========================================


=== Control tests ======================
source $HOME/.bash_profile ...
source $HOME/.bash_profile - PASSED
========================================

