 (i) Ignore Errors: enabled

#
# This System Report was generated by: https://github.com/bitrise-io/osx-box-bootstrap/blob/master/system_report.sh
#  Pull Requests are welcome!
#


=== Revision / ID ======================
* BITRISE_OSX_STACK_REV_ID: v2023_01_12
========================================


=== Pre-installed tool versions ========
* Go: go version go1.18.10 darwin/amd64
* Python: Python 2.7.18
* Node.js: v16.19.0
* NPM: 8.19.3
* Yarn: 1.22.19
* Java:   system
  1.8
  1.8.0.292
* 11.0 (set by /Users/vagrant/.jenv/version)
  11.0.11
  17.0
  17.0.4.1
  openjdk64-1.8.0.292
  openjdk64-11.0.11
  temurin64-17.0.4.1
* Kotlin: Kotlin version 1.8.0-release-345 (JRE 11.0.11+9)
* Flutter: Flutter 2.10.3 • channel stable • https://github.com/flutter/flutter.git
* fvm: 2.4.1
* Flutter SDKs via fvm: Cache Directory:  /Users/vagrant/fvm/versions

3.0.0
2.10.3 (global)
1.22.6

=== Dart global packages ==================
junitreport 2.0.2
===========================================


* git: git version 2.39.0
* git lfs: git-lfs/3.3.0 (GitHub; darwin amd64; go 1.19.3)
* mercurial/hg: Mercurial Distributed SCM (version 6.3.2)
* curl: curl 7.84.0 (x86_64-apple-darwin22.0) libcurl/7.84.0 (SecureTransport) LibreSSL/3.3.6 zlib/1.2.11 nghttp2/1.47.0
* wget: GNU Wget 1.21.3 built on darwin22.1.0.
* rsync: rsync  version 2.6.9  protocol version 29
* unzip: UnZip 6.00 of 20 April 2009, by Info-ZIP.  Maintained by C. Spieler.  Send
* zip: This is Zip 3.0 (July 5th 2008), by Info-ZIP.
* tar: bsdtar 3.5.3 - libarchive 3.5.3 zlib/1.2.11 liblzma/5.0.5 bz2lib/1.0.8 
* tree: tree v2.1.0 © 1996 - 2022 by Steve Baker, Thomas Moore, Francesc Rocher, Florian Sesser, Kyosuke Tokoro

* brew: Homebrew 3.6.18
Homebrew/homebrew-core (git revision 64f2125bb71; last commit 2023-01-12)
Homebrew/homebrew-cask (git revision de67e71bb3; last commit 2023-01-12)
* Ansible: ansible [core 2.14.1]
  config file = /Users/vagrant/git/ansible.cfg
  ansible python module location = /usr/local/Cellar/ansible/7.1.0/libexec/lib/python3.11/site-packages/ansible
  ansible collection location = /Users/vagrant/.ansible/collections:/usr/share/ansible/collections
  executable location = /usr/local/bin/ansible
  python version = 3.11.1 (main, Dec 23 2022, 09:39:26) [Clang 14.0.0 (clang-1400.0.29.202)] (/usr/local/Cellar/ansible/7.1.0/libexec/bin/python3.11)
* gtimeout: timeout (GNU coreutils) 9.1
* watchman: 2023.01.09.00
* flow: Flow, a static type checker for JavaScript, version 0.196.3
* carthage: 0.38.0
* imagemagick (convert): Version: ImageMagick 7.1.0-57 (Beta) Q16-HDRI x86_64 20701 https://imagemagick.org
* ghostscript (ps2ascii): 10.00.0
* screen: Screen version 4.09.00 (GNU) 30-Jan-22
* firebase: 11.8.0
* applesimutils version 0.9.8
* jq: 1.6
* xcbeautify: 0.16.0
* XCLogParser 0.2.36
* Screen 4.09.00
* applesimutils 0.9.8
* OpenConnect version v9.01
* aws-cli: aws-cli/2.9.14 Python/3.11.1 Darwin/22.1.0 source/x86_64 prompt/off
* cmake: 3.25.1
* danger-swift: 3.15.0
[0;0m
* OpenVPN 2.5.8 x86_64-apple-darwin22.1.0 [SSL (OpenSSL)] [LZO] [LZ4] [PKCS11] [MH/RECVDA] [AEAD] built on Nov 17 2022
* tuist: 3.12.0

--- Bitrise CLI tool versions
* bitrise: 2.0.0
* stepman: 0.16.0
* envman: 2.4.0
* cmd-bridge: 
========================================


=== Brew list versions ==================
ansible 7.1.0
aom 3.5.0_1
applesimutils 0.9.8
apr 1.7.0_3
apr-util 1.6.1_4
argon2 20190702_1
aspell 0.60.8
autoconf 2.71
awscli 2.9.14
bazelisk 1.15.0
bdw-gc 8.2.2
boost 1.81.0
brotli 1.0.9
c-ares 1.18.1_1
ca-certificates 2023-01-10
cairo 1.16.0_5
carthage 0.38.0
cmake 3.25.1
coreutils 9.1
curl 7.87.0
danger-js 64
danger-swift 3.15.0
dart 2.18.7
docbook 5.1_1
docbook-xsl 1.79.2_1
docutils 0.19
double-conversion 3.2.1
edencommon 2023.01.09.00
fb303 2023.01.09.00
fbthrift 2023.01.09.00
fizz 2023.01.09.00
flow 0.196.3
fmt 9.1.0
folly 2023.01.09.00
fontconfig 2.14.1
freetds 1.3.16
freetype 2.12.1
fvm 2.4.1
gd 2.3.3_4
gdbm 1.23
gettext 0.21.1
gflags 2.2.2
ghostscript 10.0.0
giflib 5.2.1
git 2.39.0
git-lfs 3.3.0
glib 2.74.4
glog 0.6.0
gmp 6.2.1_1
gnu-getopt 2.38.1
gnupg 2.4.0
gnutls 3.7.8_1
go@1.18 1.18.10
gradle 7.6
graphite2 1.3.14
groovy 4.0.7
guile 3.0.8_4
harfbuzz 6.0.0
highway 1.0.2
hub 2.14.2
icu4c 71.1
imagemagick 7.1.0-57
imath 3.1.6
jasper 4.0.0
jbig2dec 0.19
jenv 0.5.5_2
jpeg-turbo 2.1.4
jpeg-xl 0.7.0_1
jq 1.6
kotlin 1.8.0
krb5 1.20.1
libassuan 2.5.5
libavif 0.11.1
libde265 1.0.9
libevent 2.1.12
libffi 3.4.4
libgcrypt 1.10.1
libgpg-error 1.46
libheif 1.14.2
libidn 1.41
libidn2 2.3.4_1
libksba 1.6.3
liblqr 0.4.2_1
libnghttp2 1.51.0
libomp 15.0.6
libpng 1.6.39
libpq 15.1
libpthread-stubs 0.4
libraw 0.21.1
libsodium 1.0.18_1
libssh2 1.10.0
libtasn1 4.19.0
libtiff 4.4.0_1
libtool 2.4.7
libunistring 1.1
libusb 1.0.26
libuv 1.44.2
libvmaf 2.3.1
libx11 1.8.3
libxau 1.0.11
libxcb 1.15
libxdmcp 1.1.4
libxext 1.3.5
libxrender 0.9.11
libyaml 0.2.5
libzip 1.9.2
little-cms2 2.14
llvm 15.0.4 15.0.6.reinstall
lokalise2 2.6.8
lz4 1.9.4
lzo 2.10
m4 1.4.19
macos-term-size 1.0.0
maven 3.8.7
mercurial 6.3.2
mint 0.17.5
mpdecimal 2.5.1
nettle 3.8.1
node@12 12.22.12_1
node@16 16.19.0
npth 1.6
oniguruma 6.9.8
openconnect 9.01_2
openexr 3.1.5
openjdk 19.0.1
openjdk@17 17.0.5
openjpeg 2.5.0
openldap 2.6.3
openssl@1.1 1.1.1s
openvpn 2.5.8
p11-kit 0.24.1_1
parallel 20221222
pcre 8.45
pcre2 10.42
php 8.2.1
php@8.1 8.1.14
pinentry 1.2.1
pixman 0.42.2
pkcs11-helper 1.29.0
pkg-config 0.29.2_3
pyenv 2.3.10
python@3.10 3.10.9
python@3.11 3.11.1
pyyaml 6.0_1
rbenv 1.2.0
readline 8.2.1
rtmpdump 2.4+20151223_1
ruby-build 20221225
screen 4.9.0_1
shared-mime-info 2.2
six 1.16.0_3
snappy 1.1.9
sqlite 3.40.1
stoken 0.92_1
swiftlint 0.50.3
tidy-html5 5.8.0
transcrypt 2.2.0
tree 2.1.0
unbound 1.17.0
unixodbc 2.3.11
wangle 2023.01.09.00
watchman 2023.01.09.00
webp 1.2.4
wget 1.21.3_1
x265 3.5
xcbeautify 0.16.0
xclogparser 0.2.36
xmlto 0.0.28
xorgproto 2022.2
xz 5.4.0
yamllint 1.29.0
yarn 1.22.19
z3 4.11.2_1
zstd 1.5.2
adoptopenjdk11 11.0.11,9
adoptopenjdk8 8,292:b10
temurin17 17.0.4.1,1
========================================


=== Brew deps tree ==================
adoptopenjdk/openjdk/adoptopenjdk11

adoptopenjdk/openjdk/adoptopenjdk8

ansible
├── openssl@1.1
│   └── ca-certificates
├── python@3.11
│   ├── mpdecimal
│   ├── openssl@1.1
│   │   └── ca-certificates
│   ├── sqlite
│   │   └── readline
│   └── xz
├── pyyaml
│   └── libyaml
└── six

aom
├── jpeg-xl
│   ├── brotli
│   ├── giflib
│   ├── highway
│   ├── imath
│   ├── jpeg-turbo
│   ├── libpng
│   ├── openexr
│   │   └── imath
│   └── webp
│       ├── giflib
│       ├── jpeg-turbo
│       ├── libpng
│       └── libtiff
│           ├── jpeg-turbo
│           └── zstd
│               ├── lz4
│               └── xz
└── libvmaf

wix/brew/applesimutils

apr

apr-util
├── apr
└── openssl@1.1
    └── ca-certificates

argon2

aspell

autoconf
└── m4

awscli
├── docutils
│   └── python@3.11
│       ├── mpdecimal
│       ├── openssl@1.1
│       │   └── ca-certificates
│       ├── sqlite
│       │   └── readline
│       └── xz
├── python@3.11
│   ├── mpdecimal
│   ├── openssl@1.1
│   │   └── ca-certificates
│   ├── sqlite
│   │   └── readline
│   └── xz
└── six

bazelisk

bdw-gc

boost
├── icu4c
├── xz
└── zstd
    ├── lz4
    └── xz

brotli

c-ares

ca-certificates

cairo
├── fontconfig
│   └── freetype
│       └── libpng
├── freetype
│   └── libpng
├── glib
│   ├── pcre2
│   └── gettext
├── libpng
├── libx11
│   ├── libxcb
│   │   ├── libxau
│   │   │   └── xorgproto
│   │   └── libxdmcp
│   │       └── xorgproto
│   └── xorgproto
├── libxcb
│   ├── libxau
│   │   └── xorgproto
│   └── libxdmcp
│       └── xorgproto
├── libxext
│   ├── libx11
│   │   ├── libxcb
│   │   │   ├── libxau
│   │   │   │   └── xorgproto
│   │   │   └── libxdmcp
│   │   │       └── xorgproto
│   │   └── xorgproto
│   └── xorgproto
├── libxrender
│   ├── libx11
│   │   ├── libxcb
│   │   │   ├── libxau
│   │   │   │   └── xorgproto
│   │   │   └── libxdmcp
│   │   │       └── xorgproto
│   │   └── xorgproto
│   └── xorgproto
├── lzo
└── pixman

carthage

cmake

coreutils
└── gmp

curl
├── brotli
├── libidn2
│   ├── gettext
│   └── libunistring
├── libnghttp2
├── libssh2
│   └── openssl@1.1
│       └── ca-certificates
├── openldap
│   └── openssl@1.1
│       └── ca-certificates
├── openssl@1.1
│   └── ca-certificates
├── rtmpdump
│   └── openssl@1.1
│       └── ca-certificates
└── zstd
    ├── lz4
    └── xz

danger/tap/danger-js

danger/tap/danger-swift
└── danger/tap/danger-js

dart-lang/dart/dart

docbook

docbook-xsl
└── docbook

docutils
└── python@3.11
    ├── mpdecimal
    ├── openssl@1.1
    │   └── ca-certificates
    ├── sqlite
    │   └── readline
    └── xz

double-conversion

edencommon
├── folly
│   ├── boost
│   │   ├── icu4c
│   │   ├── xz
│   │   └── zstd
│   │       ├── lz4
│   │       └── xz
│   ├── double-conversion
│   ├── fmt
│   ├── gflags
│   ├── glog
│   │   └── gflags
│   ├── libevent
│   │   └── openssl@1.1
│   │       └── ca-certificates
│   ├── lz4
│   ├── openssl@1.1
│   │   └── ca-certificates
│   ├── snappy
│   ├── xz
│   └── zstd
│       ├── lz4
│       └── xz
├── gflags
└── glog
    └── gflags

fb303
├── fbthrift
│   ├── boost
│   │   ├── icu4c
│   │   ├── xz
│   │   └── zstd
│   │       ├── lz4
│   │       └── xz
│   ├── fizz
│   │   ├── boost
│   │   │   ├── icu4c
│   │   │   ├── xz
│   │   │   └── zstd
│   │   │       ├── lz4
│   │   │       └── xz
│   │   ├── double-conversion
│   │   ├── fmt
│   │   ├── folly
│   │   │   ├── boost
│   │   │   │   ├── icu4c
│   │   │   │   ├── xz
│   │   │   │   └── zstd
│   │   │   │       ├── lz4
│   │   │   │       └── xz
│   │   │   ├── double-conversion
│   │   │   ├── fmt
│   │   │   ├── gflags
│   │   │   ├── glog
│   │   │   │   └── gflags
│   │   │   ├── libevent
│   │   │   │   └── openssl@1.1
│   │   │   │       └── ca-certificates
│   │   │   ├── lz4
│   │   │   ├── openssl@1.1
│   │   │   │   └── ca-certificates
│   │   │   ├── snappy
│   │   │   ├── xz
│   │   │   └── zstd
│   │   │       ├── lz4
│   │   │       └── xz
│   │   ├── gflags
│   │   ├── glog
│   │   │   └── gflags
│   │   ├── libevent
│   │   │   └── openssl@1.1
│   │   │       └── ca-certificates
│   │   ├── libsodium
│   │   ├── lz4
│   │   ├── openssl@1.1
│   │   │   └── ca-certificates
│   │   ├── snappy
│   │   └── zstd
│   │       ├── lz4
│   │       └── xz
│   ├── fmt
│   ├── folly
│   │   ├── boost
│   │   │   ├── icu4c
│   │   │   ├── xz
│   │   │   └── zstd
│   │   │       ├── lz4
│   │   │       └── xz
│   │   ├── double-conversion
│   │   ├── fmt
│   │   ├── gflags
│   │   ├── glog
│   │   │   └── gflags
│   │   ├── libevent
│   │   │   └── openssl@1.1
│   │   │       └── ca-certificates
│   │   ├── lz4
│   │   ├── openssl@1.1
│   │   │   └── ca-certificates
│   │   ├── snappy
│   │   ├── xz
│   │   └── zstd
│   │       ├── lz4
│   │       └── xz
│   ├── gflags
│   ├── glog
│   │   └── gflags
│   ├── openssl@1.1
│   │   └── ca-certificates
│   ├── wangle
│   │   ├── boost
│   │   │   ├── icu4c
│   │   │   ├── xz
│   │   │   └── zstd
│   │   │       ├── lz4
│   │   │       └── xz
│   │   ├── double-conversion
│   │   ├── fizz
│   │   │   ├── boost
│   │   │   │   ├── icu4c
│   │   │   │   ├── xz
│   │   │   │   └── zstd
│   │   │   │       ├── lz4
│   │   │   │       └── xz
│   │   │   ├── double-conversion
│   │   │   ├── fmt
│   │   │   ├── folly
│   │   │   │   ├── boost
│   │   │   │   │   ├── icu4c
│   │   │   │   │   ├── xz
│   │   │   │   │   └── zstd
│   │   │   │   │       ├── lz4
│   │   │   │   │       └── xz
│   │   │   │   ├── double-conversion
│   │   │   │   ├── fmt
│   │   │   │   ├── gflags
│   │   │   │   ├── glog
│   │   │   │   │   └── gflags
│   │   │   │   ├── libevent
│   │   │   │   │   └── openssl@1.1
│   │   │   │   │       └── ca-certificates
│   │   │   │   ├── lz4
│   │   │   │   ├── openssl@1.1
│   │   │   │   │   └── ca-certificates
│   │   │   │   ├── snappy
│   │   │   │   ├── xz
│   │   │   │   └── zstd
│   │   │   │       ├── lz4
│   │   │   │       └── xz
│   │   │   ├── gflags
│   │   │   ├── glog
│   │   │   │   └── gflags
│   │   │   ├── libevent
│   │   │   │   └── openssl@1.1
│   │   │   │       └── ca-certificates
│   │   │   ├── libsodium
│   │   │   ├── lz4
│   │   │   ├── openssl@1.1
│   │   │   │   └── ca-certificates
│   │   │   ├── snappy
│   │   │   └── zstd
│   │   │       ├── lz4
│   │   │       └── xz
│   │   ├── fmt
│   │   ├── folly
│   │   │   ├── boost
│   │   │   │   ├── icu4c
│   │   │   │   ├── xz
│   │   │   │   └── zstd
│   │   │   │       ├── lz4
│   │   │   │       └── xz
│   │   │   ├── double-conversion
│   │   │   ├── fmt
│   │   │   ├── gflags
│   │   │   ├── glog
│   │   │   │   └── gflags
│   │   │   ├── libevent
│   │   │   │   └── openssl@1.1
│   │   │   │       └── ca-certificates
│   │   │   ├── lz4
│   │   │   ├── openssl@1.1
│   │   │   │   └── ca-certificates
│   │   │   ├── snappy
│   │   │   ├── xz
│   │   │   └── zstd
│   │   │       ├── lz4
│   │   │       └── xz
│   │   ├── gflags
│   │   ├── glog
│   │   │   └── gflags
│   │   ├── libevent
│   │   │   └── openssl@1.1
│   │   │       └── ca-certificates
│   │   ├── libsodium
│   │   ├── lz4
│   │   ├── openssl@1.1
│   │   │   └── ca-certificates
│   │   ├── snappy
│   │   └── zstd
│   │       ├── lz4
│   │       └── xz
│   └── zstd
│       ├── lz4
│       └── xz
├── fizz
│   ├── boost
│   │   ├── icu4c
│   │   ├── xz
│   │   └── zstd
│   │       ├── lz4
│   │       └── xz
│   ├── double-conversion
│   ├── fmt
│   ├── folly
│   │   ├── boost
│   │   │   ├── icu4c
│   │   │   ├── xz
│   │   │   └── zstd
│   │   │       ├── lz4
│   │   │       └── xz
│   │   ├── double-conversion
│   │   ├── fmt
│   │   ├── gflags
│   │   ├── glog
│   │   │   └── gflags
│   │   ├── libevent
│   │   │   └── openssl@1.1
│   │   │       └── ca-certificates
│   │   ├── lz4
│   │   ├── openssl@1.1
│   │   │   └── ca-certificates
│   │   ├── snappy
│   │   ├── xz
│   │   └── zstd
│   │       ├── lz4
│   │       └── xz
│   ├── gflags
│   ├── glog
│   │   └── gflags
│   ├── libevent
│   │   └── openssl@1.1
│   │       └── ca-certificates
│   ├── libsodium
│   ├── lz4
│   ├── openssl@1.1
│   │   └── ca-certificates
│   ├── snappy
│   └── zstd
│       ├── lz4
│       └── xz
├── fmt
├── folly
│   ├── boost
│   │   ├── icu4c
│   │   ├── xz
│   │   └── zstd
│   │       ├── lz4
│   │       └── xz
│   ├── double-conversion
│   ├── fmt
│   ├── gflags
│   ├── glog
│   │   └── gflags
│   ├── libevent
│   │   └── openssl@1.1
│   │       └── ca-certificates
│   ├── lz4
│   ├── openssl@1.1
│   │   └── ca-certificates
│   ├── snappy
│   ├── xz
│   └── zstd
│       ├── lz4
│       └── xz
├── gflags
├── glog
│   └── gflags
├── openssl@1.1
│   └── ca-certificates
└── wangle
    ├── boost
    │   ├── icu4c
    │   ├── xz
    │   └── zstd
    │       ├── lz4
    │       └── xz
    ├── double-conversion
    ├── fizz
    │   ├── boost
    │   │   ├── icu4c
    │   │   ├── xz
    │   │   └── zstd
    │   │       ├── lz4
    │   │       └── xz
    │   ├── double-conversion
    │   ├── fmt
    │   ├── folly
    │   │   ├── boost
    │   │   │   ├── icu4c
    │   │   │   ├── xz
    │   │   │   └── zstd
    │   │   │       ├── lz4
    │   │   │       └── xz
    │   │   ├── double-conversion
    │   │   ├── fmt
    │   │   ├── gflags
    │   │   ├── glog
    │   │   │   └── gflags
    │   │   ├── libevent
    │   │   │   └── openssl@1.1
    │   │   │       └── ca-certificates
    │   │   ├── lz4
    │   │   ├── openssl@1.1
    │   │   │   └── ca-certificates
    │   │   ├── snappy
    │   │   ├── xz
    │   │   └── zstd
    │   │       ├── lz4
    │   │       └── xz
    │   ├── gflags
    │   ├── glog
    │   │   └── gflags
    │   ├── libevent
    │   │   └── openssl@1.1
    │   │       └── ca-certificates
    │   ├── libsodium
    │   ├── lz4
    │   ├── openssl@1.1
    │   │   └── ca-certificates
    │   ├── snappy
    │   └── zstd
    │       ├── lz4
    │       └── xz
    ├── fmt
    ├── folly
    │   ├── boost
    │   │   ├── icu4c
    │   │   ├── xz
    │   │   └── zstd
    │   │       ├── lz4
    │   │       └── xz
    │   ├── double-conversion
    │   ├── fmt
    │   ├── gflags
    │   ├── glog
    │   │   └── gflags
    │   ├── libevent
    │   │   └── openssl@1.1
    │   │       └── ca-certificates
    │   ├── lz4
    │   ├── openssl@1.1
    │   │   └── ca-certificates
    │   ├── snappy
    │   ├── xz
    │   └── zstd
    │       ├── lz4
    │       └── xz
    ├── gflags
    ├── glog
    │   └── gflags
    ├── libevent
    │   └── openssl@1.1
    │       └── ca-certificates
    ├── libsodium
    ├── lz4
    ├── openssl@1.1
    │   └── ca-certificates
    ├── snappy
    └── zstd
        ├── lz4
        └── xz

fbthrift
├── boost
│   ├── icu4c
│   ├── xz
│   └── zstd
│       ├── lz4
│       └── xz
├── fizz
│   ├── boost
│   │   ├── icu4c
│   │   ├── xz
│   │   └── zstd
│   │       ├── lz4
│   │       └── xz
│   ├── double-conversion
│   ├── fmt
│   ├── folly
│   │   ├── boost
│   │   │   ├── icu4c
│   │   │   ├── xz
│   │   │   └── zstd
│   │   │       ├── lz4
│   │   │       └── xz
│   │   ├── double-conversion
│   │   ├── fmt
│   │   ├── gflags
│   │   ├── glog
│   │   │   └── gflags
│   │   ├── libevent
│   │   │   └── openssl@1.1
│   │   │       └── ca-certificates
│   │   ├── lz4
│   │   ├── openssl@1.1
│   │   │   └── ca-certificates
│   │   ├── snappy
│   │   ├── xz
│   │   └── zstd
│   │       ├── lz4
│   │       └── xz
│   ├── gflags
│   ├── glog
│   │   └── gflags
│   ├── libevent
│   │   └── openssl@1.1
│   │       └── ca-certificates
│   ├── libsodium
│   ├── lz4
│   ├── openssl@1.1
│   │   └── ca-certificates
│   ├── snappy
│   └── zstd
│       ├── lz4
│       └── xz
├── fmt
├── folly
│   ├── boost
│   │   ├── icu4c
│   │   ├── xz
│   │   └── zstd
│   │       ├── lz4
│   │       └── xz
│   ├── double-conversion
│   ├── fmt
│   ├── gflags
│   ├── glog
│   │   └── gflags
│   ├── libevent
│   │   └── openssl@1.1
│   │       └── ca-certificates
│   ├── lz4
│   ├── openssl@1.1
│   │   └── ca-certificates
│   ├── snappy
│   ├── xz
│   └── zstd
│       ├── lz4
│       └── xz
├── gflags
├── glog
│   └── gflags
├── openssl@1.1
│   └── ca-certificates
├── wangle
│   ├── boost
│   │   ├── icu4c
│   │   ├── xz
│   │   └── zstd
│   │       ├── lz4
│   │       └── xz
│   ├── double-conversion
│   ├── fizz
│   │   ├── boost
│   │   │   ├── icu4c
│   │   │   ├── xz
│   │   │   └── zstd
│   │   │       ├── lz4
│   │   │       └── xz
│   │   ├── double-conversion
│   │   ├── fmt
│   │   ├── folly
│   │   │   ├── boost
│   │   │   │   ├── icu4c
│   │   │   │   ├── xz
│   │   │   │   └── zstd
│   │   │   │       ├── lz4
│   │   │   │       └── xz
│   │   │   ├── double-conversion
│   │   │   ├── fmt
│   │   │   ├── gflags
│   │   │   ├── glog
│   │   │   │   └── gflags
│   │   │   ├── libevent
│   │   │   │   └── openssl@1.1
│   │   │   │       └── ca-certificates
│   │   │   ├── lz4
│   │   │   ├── openssl@1.1
│   │   │   │   └── ca-certificates
│   │   │   ├── snappy
│   │   │   ├── xz
│   │   │   └── zstd
│   │   │       ├── lz4
│   │   │       └── xz
│   │   ├── gflags
│   │   ├── glog
│   │   │   └── gflags
│   │   ├── libevent
│   │   │   └── openssl@1.1
│   │   │       └── ca-certificates
│   │   ├── libsodium
│   │   ├── lz4
│   │   ├── openssl@1.1
│   │   │   └── ca-certificates
│   │   ├── snappy
│   │   └── zstd
│   │       ├── lz4
│   │       └── xz
│   ├── fmt
│   ├── folly
│   │   ├── boost
│   │   │   ├── icu4c
│   │   │   ├── xz
│   │   │   └── zstd
│   │   │       ├── lz4
│   │   │       └── xz
│   │   ├── double-conversion
│   │   ├── fmt
│   │   ├── gflags
│   │   ├── glog
│   │   │   └── gflags
│   │   ├── libevent
│   │   │   └── openssl@1.1
│   │   │       └── ca-certificates
│   │   ├── lz4
│   │   ├── openssl@1.1
│   │   │   └── ca-certificates
│   │   ├── snappy
│   │   ├── xz
│   │   └── zstd
│   │       ├── lz4
│   │       └── xz
│   ├── gflags
│   ├── glog
│   │   └── gflags
│   ├── libevent
│   │   └── openssl@1.1
│   │       └── ca-certificates
│   ├── libsodium
│   ├── lz4
│   ├── openssl@1.1
│   │   └── ca-certificates
│   ├── snappy
│   └── zstd
│       ├── lz4
│       └── xz
└── zstd
    ├── lz4
    └── xz

fizz
├── boost
│   ├── icu4c
│   ├── xz
│   └── zstd
│       ├── lz4
│       └── xz
├── double-conversion
├── fmt
├── folly
│   ├── boost
│   │   ├── icu4c
│   │   ├── xz
│   │   └── zstd
│   │       ├── lz4
│   │       └── xz
│   ├── double-conversion
│   ├── fmt
│   ├── gflags
│   ├── glog
│   │   └── gflags
│   ├── libevent
│   │   └── openssl@1.1
│   │       └── ca-certificates
│   ├── lz4
│   ├── openssl@1.1
│   │   └── ca-certificates
│   ├── snappy
│   ├── xz
│   └── zstd
│       ├── lz4
│       └── xz
├── gflags
├── glog
│   └── gflags
├── libevent
│   └── openssl@1.1
│       └── ca-certificates
├── libsodium
├── lz4
├── openssl@1.1
│   └── ca-certificates
├── snappy
└── zstd
    ├── lz4
    └── xz

flow

fmt

folly
├── boost
│   ├── icu4c
│   ├── xz
│   └── zstd
│       ├── lz4
│       └── xz
├── double-conversion
├── fmt
├── gflags
├── glog
│   └── gflags
├── libevent
│   └── openssl@1.1
│       └── ca-certificates
├── lz4
├── openssl@1.1
│   └── ca-certificates
├── snappy
├── xz
└── zstd
    ├── lz4
    └── xz

fontconfig
└── freetype
    └── libpng

freetds
├── openssl@1.1
│   └── ca-certificates
└── unixodbc
    └── libtool
        └── m4

freetype
└── libpng

leoafarias/fvm/fvm

gd
├── fontconfig
│   └── freetype
│       └── libpng
├── freetype
│   └── libpng
├── jpeg-turbo
├── libavif
│   ├── aom
│   │   ├── jpeg-xl
│   │   │   ├── brotli
│   │   │   ├── giflib
│   │   │   ├── highway
│   │   │   ├── imath
│   │   │   ├── jpeg-turbo
│   │   │   ├── libpng
│   │   │   ├── openexr
│   │   │   │   └── imath
│   │   │   └── webp
│   │   │       ├── giflib
│   │   │       ├── jpeg-turbo
│   │   │       ├── libpng
│   │   │       └── libtiff
│   │   │           ├── jpeg-turbo
│   │   │           └── zstd
│   │   │               ├── lz4
│   │   │               └── xz
│   │   └── libvmaf
│   ├── jpeg-turbo
│   └── libpng
├── libpng
├── libtiff
│   ├── jpeg-turbo
│   └── zstd
│       ├── lz4
│       └── xz
└── webp
    ├── giflib
    ├── jpeg-turbo
    ├── libpng
    └── libtiff
        ├── jpeg-turbo
        └── zstd
            ├── lz4
            └── xz

gdbm

gettext

gflags

ghostscript
├── fontconfig
│   └── freetype
│       └── libpng
├── freetype
│   └── libpng
├── jbig2dec
├── jpeg-turbo
├── libidn
├── libpng
├── libtiff
│   ├── jpeg-turbo
│   └── zstd
│       ├── lz4
│       └── xz
├── little-cms2
│   ├── jpeg-turbo
│   └── libtiff
│       ├── jpeg-turbo
│       └── zstd
│           ├── lz4
│           └── xz
└── openjpeg
    ├── libpng
    ├── libtiff
    │   ├── jpeg-turbo
    │   └── zstd
    │       ├── lz4
    │       └── xz
    └── little-cms2
        ├── jpeg-turbo
        └── libtiff
            ├── jpeg-turbo
            └── zstd
                ├── lz4
                └── xz

giflib

git
├── gettext
└── pcre2

git-lfs

glib
├── pcre2
└── gettext

glog
└── gflags

gmp

gnu-getopt

gnupg
├── gnutls
│   ├── ca-certificates
│   ├── gmp
│   ├── guile
│   │   ├── bdw-gc
│   │   ├── gmp
│   │   ├── libtool
│   │   │   └── m4
│   │   ├── libunistring
│   │   ├── pkg-config
│   │   └── readline
│   ├── libidn2
│   │   ├── gettext
│   │   └── libunistring
│   ├── libtasn1
│   ├── libunistring
│   ├── nettle
│   │   └── gmp
│   ├── p11-kit
│   │   ├── ca-certificates
│   │   └── libtasn1
│   └── unbound
│       ├── libevent
│       │   └── openssl@1.1
│       │       └── ca-certificates
│       ├── libnghttp2
│       └── openssl@1.1
│           └── ca-certificates
├── libassuan
│   └── libgpg-error
├── libgcrypt
│   └── libgpg-error
├── libgpg-error
├── libksba
│   └── libgpg-error
├── libusb
├── npth
├── pinentry
│   ├── libassuan
│   │   └── libgpg-error
│   └── libgpg-error
├── readline
└── gettext

gnutls
├── ca-certificates
├── gmp
├── guile
│   ├── bdw-gc
│   ├── gmp
│   ├── libtool
│   │   └── m4
│   ├── libunistring
│   ├── pkg-config
│   └── readline
├── libidn2
│   ├── gettext
│   └── libunistring
├── libtasn1
├── libunistring
├── nettle
│   └── gmp
├── p11-kit
│   ├── ca-certificates
│   └── libtasn1
└── unbound
    ├── libevent
    │   └── openssl@1.1
    │       └── ca-certificates
    ├── libnghttp2
    └── openssl@1.1
        └── ca-certificates

go@1.18

gradle
└── openjdk@17
    ├── giflib
    ├── harfbuzz
    │   ├── cairo
    │   │   ├── fontconfig
    │   │   │   └── freetype
    │   │   │       └── libpng
    │   │   ├── freetype
    │   │   │   └── libpng
    │   │   ├── glib
    │   │   │   ├── pcre2
    │   │   │   └── gettext
    │   │   ├── libpng
    │   │   ├── libx11
    │   │   │   ├── libxcb
    │   │   │   │   ├── libxau
    │   │   │   │   │   └── xorgproto
    │   │   │   │   └── libxdmcp
    │   │   │   │       └── xorgproto
    │   │   │   └── xorgproto
    │   │   ├── libxcb
    │   │   │   ├── libxau
    │   │   │   │   └── xorgproto
    │   │   │   └── libxdmcp
    │   │   │       └── xorgproto
    │   │   ├── libxext
    │   │   │   ├── libx11
    │   │   │   │   ├── libxcb
    │   │   │   │   │   ├── libxau
    │   │   │   │   │   │   └── xorgproto
    │   │   │   │   │   └── libxdmcp
    │   │   │   │   │       └── xorgproto
    │   │   │   │   └── xorgproto
    │   │   │   └── xorgproto
    │   │   ├── libxrender
    │   │   │   ├── libx11
    │   │   │   │   ├── libxcb
    │   │   │   │   │   ├── libxau
    │   │   │   │   │   │   └── xorgproto
    │   │   │   │   │   └── libxdmcp
    │   │   │   │   │       └── xorgproto
    │   │   │   │   └── xorgproto
    │   │   │   └── xorgproto
    │   │   ├── lzo
    │   │   └── pixman
    │   ├── freetype
    │   │   └── libpng
    │   ├── glib
    │   │   ├── pcre2
    │   │   └── gettext
    │   ├── graphite2
    │   └── icu4c
    ├── jpeg-turbo
    ├── libpng
    └── little-cms2
        ├── jpeg-turbo
        └── libtiff
            ├── jpeg-turbo
            └── zstd
                ├── lz4
                └── xz

graphite2

groovy
└── openjdk
    ├── giflib
    ├── harfbuzz
    │   ├── cairo
    │   │   ├── fontconfig
    │   │   │   └── freetype
    │   │   │       └── libpng
    │   │   ├── freetype
    │   │   │   └── libpng
    │   │   ├── glib
    │   │   │   ├── pcre2
    │   │   │   └── gettext
    │   │   ├── libpng
    │   │   ├── libx11
    │   │   │   ├── libxcb
    │   │   │   │   ├── libxau
    │   │   │   │   │   └── xorgproto
    │   │   │   │   └── libxdmcp
    │   │   │   │       └── xorgproto
    │   │   │   └── xorgproto
    │   │   ├── libxcb
    │   │   │   ├── libxau
    │   │   │   │   └── xorgproto
    │   │   │   └── libxdmcp
    │   │   │       └── xorgproto
    │   │   ├── libxext
    │   │   │   ├── libx11
    │   │   │   │   ├── libxcb
    │   │   │   │   │   ├── libxau
    │   │   │   │   │   │   └── xorgproto
    │   │   │   │   │   └── libxdmcp
    │   │   │   │   │       └── xorgproto
    │   │   │   │   └── xorgproto
    │   │   │   └── xorgproto
    │   │   ├── libxrender
    │   │   │   ├── libx11
    │   │   │   │   ├── libxcb
    │   │   │   │   │   ├── libxau
    │   │   │   │   │   │   └── xorgproto
    │   │   │   │   │   └── libxdmcp
    │   │   │   │   │       └── xorgproto
    │   │   │   │   └── xorgproto
    │   │   │   └── xorgproto
    │   │   ├── lzo
    │   │   └── pixman
    │   ├── freetype
    │   │   └── libpng
    │   ├── glib
    │   │   ├── pcre2
    │   │   └── gettext
    │   ├── graphite2
    │   └── icu4c
    ├── jpeg-turbo
    ├── libpng
    └── little-cms2
        ├── jpeg-turbo
        └── libtiff
            ├── jpeg-turbo
            └── zstd
                ├── lz4
                └── xz

guile
├── bdw-gc
├── gmp
├── libtool
│   └── m4
├── libunistring
├── pkg-config
└── readline

harfbuzz
├── cairo
│   ├── fontconfig
│   │   └── freetype
│   │       └── libpng
│   ├── freetype
│   │   └── libpng
│   ├── glib
│   │   ├── pcre2
│   │   └── gettext
│   ├── libpng
│   ├── libx11
│   │   ├── libxcb
│   │   │   ├── libxau
│   │   │   │   └── xorgproto
│   │   │   └── libxdmcp
│   │   │       └── xorgproto
│   │   └── xorgproto
│   ├── libxcb
│   │   ├── libxau
│   │   │   └── xorgproto
│   │   └── libxdmcp
│   │       └── xorgproto
│   ├── libxext
│   │   ├── libx11
│   │   │   ├── libxcb
│   │   │   │   ├── libxau
│   │   │   │   │   └── xorgproto
│   │   │   │   └── libxdmcp
│   │   │   │       └── xorgproto
│   │   │   └── xorgproto
│   │   └── xorgproto
│   ├── libxrender
│   │   ├── libx11
│   │   │   ├── libxcb
│   │   │   │   ├── libxau
│   │   │   │   │   └── xorgproto
│   │   │   │   └── libxdmcp
│   │   │   │       └── xorgproto
│   │   │   └── xorgproto
│   │   └── xorgproto
│   ├── lzo
│   └── pixman
├── freetype
│   └── libpng
├── glib
│   ├── pcre2
│   └── gettext
├── graphite2
└── icu4c

highway

hub

icu4c

imagemagick
├── freetype
│   └── libpng
├── ghostscript
│   ├── fontconfig
│   │   └── freetype
│   │       └── libpng
│   ├── freetype
│   │   └── libpng
│   ├── jbig2dec
│   ├── jpeg-turbo
│   ├── libidn
│   ├── libpng
│   ├── libtiff
│   │   ├── jpeg-turbo
│   │   └── zstd
│   │       ├── lz4
│   │       └── xz
│   ├── little-cms2
│   │   ├── jpeg-turbo
│   │   └── libtiff
│   │       ├── jpeg-turbo
│   │       └── zstd
│   │           ├── lz4
│   │           └── xz
│   └── openjpeg
│       ├── libpng
│       ├── libtiff
│       │   ├── jpeg-turbo
│       │   └── zstd
│       │       ├── lz4
│       │       └── xz
│       └── little-cms2
│           ├── jpeg-turbo
│           └── libtiff
│               ├── jpeg-turbo
│               └── zstd
│                   ├── lz4
│                   └── xz
├── jpeg-turbo
├── libheif
│   ├── aom
│   │   ├── jpeg-xl
│   │   │   ├── brotli
│   │   │   ├── giflib
│   │   │   ├── highway
│   │   │   ├── imath
│   │   │   ├── jpeg-turbo
│   │   │   ├── libpng
│   │   │   ├── openexr
│   │   │   │   └── imath
│   │   │   └── webp
│   │   │       ├── giflib
│   │   │       ├── jpeg-turbo
│   │   │       ├── libpng
│   │   │       └── libtiff
│   │   │           ├── jpeg-turbo
│   │   │           └── zstd
│   │   │               ├── lz4
│   │   │               └── xz
│   │   └── libvmaf
│   ├── jpeg-turbo
│   ├── libde265
│   ├── libpng
│   ├── shared-mime-info
│   │   └── glib
│   │       ├── pcre2
│   │       └── gettext
│   └── x265
├── liblqr
│   └── glib
│       ├── pcre2
│       └── gettext
├── libpng
├── libraw
│   ├── jasper
│   │   └── jpeg-turbo
│   ├── jpeg-turbo
│   ├── little-cms2
│   │   ├── jpeg-turbo
│   │   └── libtiff
│   │       ├── jpeg-turbo
│   │       └── zstd
│   │           ├── lz4
│   │           └── xz
│   └── libomp
├── libtiff
│   ├── jpeg-turbo
│   └── zstd
│       ├── lz4
│       └── xz
├── libtool
│   └── m4
├── little-cms2
│   ├── jpeg-turbo
│   └── libtiff
│       ├── jpeg-turbo
│       └── zstd
│           ├── lz4
│           └── xz
├── openexr
│   └── imath
├── openjpeg
│   ├── libpng
│   ├── libtiff
│   │   ├── jpeg-turbo
│   │   └── zstd
│   │       ├── lz4
│   │       └── xz
│   └── little-cms2
│       ├── jpeg-turbo
│       └── libtiff
│           ├── jpeg-turbo
│           └── zstd
│               ├── lz4
│               └── xz
├── webp
│   ├── giflib
│   ├── jpeg-turbo
│   ├── libpng
│   └── libtiff
│       ├── jpeg-turbo
│       └── zstd
│           ├── lz4
│           └── xz
├── xz
└── libomp

imath

jasper
└── jpeg-turbo

jbig2dec

jenv

jpeg-turbo

jpeg-xl
├── brotli
├── giflib
├── highway
├── imath
├── jpeg-turbo
├── libpng
├── openexr
│   └── imath
└── webp
    ├── giflib
    ├── jpeg-turbo
    ├── libpng
    └── libtiff
        ├── jpeg-turbo
        └── zstd
            ├── lz4
            └── xz

jq
└── oniguruma

kotlin
└── openjdk
    ├── giflib
    ├── harfbuzz
    │   ├── cairo
    │   │   ├── fontconfig
    │   │   │   └── freetype
    │   │   │       └── libpng
    │   │   ├── freetype
    │   │   │   └── libpng
    │   │   ├── glib
    │   │   │   ├── pcre2
    │   │   │   └── gettext
    │   │   ├── libpng
    │   │   ├── libx11
    │   │   │   ├── libxcb
    │   │   │   │   ├── libxau
    │   │   │   │   │   └── xorgproto
    │   │   │   │   └── libxdmcp
    │   │   │   │       └── xorgproto
    │   │   │   └── xorgproto
    │   │   ├── libxcb
    │   │   │   ├── libxau
    │   │   │   │   └── xorgproto
    │   │   │   └── libxdmcp
    │   │   │       └── xorgproto
    │   │   ├── libxext
    │   │   │   ├── libx11
    │   │   │   │   ├── libxcb
    │   │   │   │   │   ├── libxau
    │   │   │   │   │   │   └── xorgproto
    │   │   │   │   │   └── libxdmcp
    │   │   │   │   │       └── xorgproto
    │   │   │   │   └── xorgproto
    │   │   │   └── xorgproto
    │   │   ├── libxrender
    │   │   │   ├── libx11
    │   │   │   │   ├── libxcb
    │   │   │   │   │   ├── libxau
    │   │   │   │   │   │   └── xorgproto
    │   │   │   │   │   └── libxdmcp
    │   │   │   │   │       └── xorgproto
    │   │   │   │   └── xorgproto
    │   │   │   └── xorgproto
    │   │   ├── lzo
    │   │   └── pixman
    │   ├── freetype
    │   │   └── libpng
    │   ├── glib
    │   │   ├── pcre2
    │   │   └── gettext
    │   ├── graphite2
    │   └── icu4c
    ├── jpeg-turbo
    ├── libpng
    └── little-cms2
        ├── jpeg-turbo
        └── libtiff
            ├── jpeg-turbo
            └── zstd
                ├── lz4
                └── xz

krb5
└── openssl@1.1
    └── ca-certificates

libassuan
└── libgpg-error

libavif
├── aom
│   ├── jpeg-xl
│   │   ├── brotli
│   │   ├── giflib
│   │   ├── highway
│   │   ├── imath
│   │   ├── jpeg-turbo
│   │   ├── libpng
│   │   ├── openexr
│   │   │   └── imath
│   │   └── webp
│   │       ├── giflib
│   │       ├── jpeg-turbo
│   │       ├── libpng
│   │       └── libtiff
│   │           ├── jpeg-turbo
│   │           └── zstd
│   │               ├── lz4
│   │               └── xz
│   └── libvmaf
├── jpeg-turbo
└── libpng

libde265

libevent
└── openssl@1.1
    └── ca-certificates

libffi

libgcrypt
└── libgpg-error

libgpg-error

libheif
├── aom
│   ├── jpeg-xl
│   │   ├── brotli
│   │   ├── giflib
│   │   ├── highway
│   │   ├── imath
│   │   ├── jpeg-turbo
│   │   ├── libpng
│   │   ├── openexr
│   │   │   └── imath
│   │   └── webp
│   │       ├── giflib
│   │       ├── jpeg-turbo
│   │       ├── libpng
│   │       └── libtiff
│   │           ├── jpeg-turbo
│   │           └── zstd
│   │               ├── lz4
│   │               └── xz
│   └── libvmaf
├── jpeg-turbo
├── libde265
├── libpng
├── shared-mime-info
│   └── glib
│       ├── pcre2
│       └── gettext
└── x265

libidn

libidn2
├── gettext
└── libunistring

libksba
└── libgpg-error

liblqr
└── glib
    ├── pcre2
    └── gettext

libnghttp2

libomp

libpng

libpq
├── krb5
│   └── openssl@1.1
│       └── ca-certificates
└── openssl@1.1
    └── ca-certificates

libpthread-stubs
└── pkg-config

libraw
├── jasper
│   └── jpeg-turbo
├── jpeg-turbo
├── little-cms2
│   ├── jpeg-turbo
│   └── libtiff
│       ├── jpeg-turbo
│       └── zstd
│           ├── lz4
│           └── xz
└── libomp

libsodium

libssh2
└── openssl@1.1
    └── ca-certificates

libtasn1

libtiff
├── jpeg-turbo
└── zstd
    ├── lz4
    └── xz

libtool
└── m4

libunistring

libusb

libuv

libvmaf

libx11
├── libxcb
│   ├── libxau
│   │   └── xorgproto
│   └── libxdmcp
│       └── xorgproto
└── xorgproto

libxau
└── xorgproto

libxcb
├── libxau
│   └── xorgproto
└── libxdmcp
    └── xorgproto

libxdmcp
└── xorgproto

libxext
├── libx11
│   ├── libxcb
│   │   ├── libxau
│   │   │   └── xorgproto
│   │   └── libxdmcp
│   │       └── xorgproto
│   └── xorgproto
└── xorgproto

libxrender
├── libx11
│   ├── libxcb
│   │   ├── libxau
│   │   │   └── xorgproto
│   │   └── libxdmcp
│   │       └── xorgproto
│   └── xorgproto
└── xorgproto

libyaml

libzip
└── zstd
    ├── lz4
    └── xz

little-cms2
├── jpeg-turbo
└── libtiff
    ├── jpeg-turbo
    └── zstd
        ├── lz4
        └── xz

llvm
├── python@3.11
│   ├── mpdecimal
│   ├── openssl@1.1
│   │   └── ca-certificates
│   ├── sqlite
│   │   └── readline
│   └── xz
├── six
├── z3
└── zstd
    ├── lz4
    └── xz

lokalise/cli-2/lokalise2

lz4

lzo

m4

macos-term-size

maven
└── openjdk
    ├── giflib
    ├── harfbuzz
    │   ├── cairo
    │   │   ├── fontconfig
    │   │   │   └── freetype
    │   │   │       └── libpng
    │   │   ├── freetype
    │   │   │   └── libpng
    │   │   ├── glib
    │   │   │   ├── pcre2
    │   │   │   └── gettext
    │   │   ├── libpng
    │   │   ├── libx11
    │   │   │   ├── libxcb
    │   │   │   │   ├── libxau
    │   │   │   │   │   └── xorgproto
    │   │   │   │   └── libxdmcp
    │   │   │   │       └── xorgproto
    │   │   │   └── xorgproto
    │   │   ├── libxcb
    │   │   │   ├── libxau
    │   │   │   │   └── xorgproto
    │   │   │   └── libxdmcp
    │   │   │       └── xorgproto
    │   │   ├── libxext
    │   │   │   ├── libx11
    │   │   │   │   ├── libxcb
    │   │   │   │   │   ├── libxau
    │   │   │   │   │   │   └── xorgproto
    │   │   │   │   │   └── libxdmcp
    │   │   │   │   │       └── xorgproto
    │   │   │   │   └── xorgproto
    │   │   │   └── xorgproto
    │   │   ├── libxrender
    │   │   │   ├── libx11
    │   │   │   │   ├── libxcb
    │   │   │   │   │   ├── libxau
    │   │   │   │   │   │   └── xorgproto
    │   │   │   │   │   └── libxdmcp
    │   │   │   │   │       └── xorgproto
    │   │   │   │   └── xorgproto
    │   │   │   └── xorgproto
    │   │   ├── lzo
    │   │   └── pixman
    │   ├── freetype
    │   │   └── libpng
    │   ├── glib
    │   │   ├── pcre2
    │   │   └── gettext
    │   ├── graphite2
    │   └── icu4c
    ├── jpeg-turbo
    ├── libpng
    └── little-cms2
        ├── jpeg-turbo
        └── libtiff
            ├── jpeg-turbo
            └── zstd
                ├── lz4
                └── xz

mercurial
└── python@3.11
    ├── mpdecimal
    ├── openssl@1.1
    │   └── ca-certificates
    ├── sqlite
    │   └── readline
    └── xz

mint

mpdecimal

nettle
└── gmp

node@12
├── brotli
├── c-ares
├── icu4c
├── libnghttp2
├── libuv
├── openssl@1.1
│   └── ca-certificates
└── macos-term-size

node@16
├── brotli
├── c-ares
├── icu4c
├── libnghttp2
├── libuv
└── openssl@1.1
    └── ca-certificates

npth

oniguruma

openconnect
├── gettext
├── gnutls
│   ├── ca-certificates
│   ├── gmp
│   ├── guile
│   │   ├── bdw-gc
│   │   ├── gmp
│   │   ├── libtool
│   │   │   └── m4
│   │   ├── libunistring
│   │   ├── pkg-config
│   │   └── readline
│   ├── libidn2
│   │   ├── gettext
│   │   └── libunistring
│   ├── libtasn1
│   ├── libunistring
│   ├── nettle
│   │   └── gmp
│   ├── p11-kit
│   │   ├── ca-certificates
│   │   └── libtasn1
│   └── unbound
│       ├── libevent
│       │   └── openssl@1.1
│       │       └── ca-certificates
│       ├── libnghttp2
│       └── openssl@1.1
│           └── ca-certificates
└── stoken
    └── nettle
        └── gmp

openexr
└── imath

openjdk
├── giflib
├── harfbuzz
│   ├── cairo
│   │   ├── fontconfig
│   │   │   └── freetype
│   │   │       └── libpng
│   │   ├── freetype
│   │   │   └── libpng
│   │   ├── glib
│   │   │   ├── pcre2
│   │   │   └── gettext
│   │   ├── libpng
│   │   ├── libx11
│   │   │   ├── libxcb
│   │   │   │   ├── libxau
│   │   │   │   │   └── xorgproto
│   │   │   │   └── libxdmcp
│   │   │   │       └── xorgproto
│   │   │   └── xorgproto
│   │   ├── libxcb
│   │   │   ├── libxau
│   │   │   │   └── xorgproto
│   │   │   └── libxdmcp
│   │   │       └── xorgproto
│   │   ├── libxext
│   │   │   ├── libx11
│   │   │   │   ├── libxcb
│   │   │   │   │   ├── libxau
│   │   │   │   │   │   └── xorgproto
│   │   │   │   │   └── libxdmcp
│   │   │   │   │       └── xorgproto
│   │   │   │   └── xorgproto
│   │   │   └── xorgproto
│   │   ├── libxrender
│   │   │   ├── libx11
│   │   │   │   ├── libxcb
│   │   │   │   │   ├── libxau
│   │   │   │   │   │   └── xorgproto
│   │   │   │   │   └── libxdmcp
│   │   │   │   │       └── xorgproto
│   │   │   │   └── xorgproto
│   │   │   └── xorgproto
│   │   ├── lzo
│   │   └── pixman
│   ├── freetype
│   │   └── libpng
│   ├── glib
│   │   ├── pcre2
│   │   └── gettext
│   ├── graphite2
│   └── icu4c
├── jpeg-turbo
├── libpng
└── little-cms2
    ├── jpeg-turbo
    └── libtiff
        ├── jpeg-turbo
        └── zstd
            ├── lz4
            └── xz

openjdk@17
├── giflib
├── harfbuzz
│   ├── cairo
│   │   ├── fontconfig
│   │   │   └── freetype
│   │   │       └── libpng
│   │   ├── freetype
│   │   │   └── libpng
│   │   ├── glib
│   │   │   ├── pcre2
│   │   │   └── gettext
│   │   ├── libpng
│   │   ├── libx11
│   │   │   ├── libxcb
│   │   │   │   ├── libxau
│   │   │   │   │   └── xorgproto
│   │   │   │   └── libxdmcp
│   │   │   │       └── xorgproto
│   │   │   └── xorgproto
│   │   ├── libxcb
│   │   │   ├── libxau
│   │   │   │   └── xorgproto
│   │   │   └── libxdmcp
│   │   │       └── xorgproto
│   │   ├── libxext
│   │   │   ├── libx11
│   │   │   │   ├── libxcb
│   │   │   │   │   ├── libxau
│   │   │   │   │   │   └── xorgproto
│   │   │   │   │   └── libxdmcp
│   │   │   │   │       └── xorgproto
│   │   │   │   └── xorgproto
│   │   │   └── xorgproto
│   │   ├── libxrender
│   │   │   ├── libx11
│   │   │   │   ├── libxcb
│   │   │   │   │   ├── libxau
│   │   │   │   │   │   └── xorgproto
│   │   │   │   │   └── libxdmcp
│   │   │   │   │       └── xorgproto
│   │   │   │   └── xorgproto
│   │   │   └── xorgproto
│   │   ├── lzo
│   │   └── pixman
│   ├── freetype
│   │   └── libpng
│   ├── glib
│   │   ├── pcre2
│   │   └── gettext
│   ├── graphite2
│   └── icu4c
├── jpeg-turbo
├── libpng
└── little-cms2
    ├── jpeg-turbo
    └── libtiff
        ├── jpeg-turbo
        └── zstd
            ├── lz4
            └── xz

openjpeg
├── libpng
├── libtiff
│   ├── jpeg-turbo
│   └── zstd
│       ├── lz4
│       └── xz
└── little-cms2
    ├── jpeg-turbo
    └── libtiff
        ├── jpeg-turbo
        └── zstd
            ├── lz4
            └── xz

openldap
└── openssl@1.1
    └── ca-certificates

openssl@1.1
└── ca-certificates

openvpn
├── lz4
├── lzo
├── openssl@1.1
│   └── ca-certificates
└── pkcs11-helper
    └── openssl@1.1
        └── ca-certificates

p11-kit
├── ca-certificates
└── libtasn1

parallel

pcre

pcre2

php
├── apr
├── apr-util
│   ├── apr
│   └── openssl@1.1
│       └── ca-certificates
├── argon2
├── aspell
├── autoconf
│   └── m4
├── curl
│   ├── brotli
│   ├── libidn2
│   │   ├── gettext
│   │   └── libunistring
│   ├── libnghttp2
│   ├── libssh2
│   │   └── openssl@1.1
│   │       └── ca-certificates
│   ├── openldap
│   │   └── openssl@1.1
│   │       └── ca-certificates
│   ├── openssl@1.1
│   │   └── ca-certificates
│   ├── rtmpdump
│   │   └── openssl@1.1
│   │       └── ca-certificates
│   └── zstd
│       ├── lz4
│       └── xz
├── freetds
│   ├── openssl@1.1
│   │   └── ca-certificates
│   └── unixodbc
│       └── libtool
│           └── m4
├── gd
│   ├── fontconfig
│   │   └── freetype
│   │       └── libpng
│   ├── freetype
│   │   └── libpng
│   ├── jpeg-turbo
│   ├── libavif
│   │   ├── aom
│   │   │   ├── jpeg-xl
│   │   │   │   ├── brotli
│   │   │   │   ├── giflib
│   │   │   │   ├── highway
│   │   │   │   ├── imath
│   │   │   │   ├── jpeg-turbo
│   │   │   │   ├── libpng
│   │   │   │   ├── openexr
│   │   │   │   │   └── imath
│   │   │   │   └── webp
│   │   │   │       ├── giflib
│   │   │   │       ├── jpeg-turbo
│   │   │   │       ├── libpng
│   │   │   │       └── libtiff
│   │   │   │           ├── jpeg-turbo
│   │   │   │           └── zstd
│   │   │   │               ├── lz4
│   │   │   │               └── xz
│   │   │   └── libvmaf
│   │   ├── jpeg-turbo
│   │   └── libpng
│   ├── libpng
│   ├── libtiff
│   │   ├── jpeg-turbo
│   │   └── zstd
│   │       ├── lz4
│   │       └── xz
│   └── webp
│       ├── giflib
│       ├── jpeg-turbo
│       ├── libpng
│       └── libtiff
│           ├── jpeg-turbo
│           └── zstd
│               ├── lz4
│               └── xz
├── gettext
├── gmp
├── icu4c
├── krb5
│   └── openssl@1.1
│       └── ca-certificates
├── libpq
│   ├── krb5
│   │   └── openssl@1.1
│   │       └── ca-certificates
│   └── openssl@1.1
│       └── ca-certificates
├── libsodium
├── libzip
│   └── zstd
│       ├── lz4
│       └── xz
├── oniguruma
├── openldap
│   └── openssl@1.1
│       └── ca-certificates
├── openssl@1.1
│   └── ca-certificates
├── pcre2
├── sqlite
│   └── readline
├── tidy-html5
└── unixodbc
    └── libtool
        └── m4

php@8.1
├── apr
├── apr-util
│   ├── apr
│   └── openssl@1.1
│       └── ca-certificates
├── argon2
├── aspell
├── autoconf
│   └── m4
├── curl
│   ├── brotli
│   ├── libidn2
│   │   ├── gettext
│   │   └── libunistring
│   ├── libnghttp2
│   ├── libssh2
│   │   └── openssl@1.1
│   │       └── ca-certificates
│   ├── openldap
│   │   └── openssl@1.1
│   │       └── ca-certificates
│   ├── openssl@1.1
│   │   └── ca-certificates
│   ├── rtmpdump
│   │   └── openssl@1.1
│   │       └── ca-certificates
│   └── zstd
│       ├── lz4
│       └── xz
├── freetds
│   ├── openssl@1.1
│   │   └── ca-certificates
│   └── unixodbc
│       └── libtool
│           └── m4
├── gd
│   ├── fontconfig
│   │   └── freetype
│   │       └── libpng
│   ├── freetype
│   │   └── libpng
│   ├── jpeg-turbo
│   ├── libavif
│   │   ├── aom
│   │   │   ├── jpeg-xl
│   │   │   │   ├── brotli
│   │   │   │   ├── giflib
│   │   │   │   ├── highway
│   │   │   │   ├── imath
│   │   │   │   ├── jpeg-turbo
│   │   │   │   ├── libpng
│   │   │   │   ├── openexr
│   │   │   │   │   └── imath
│   │   │   │   └── webp
│   │   │   │       ├── giflib
│   │   │   │       ├── jpeg-turbo
│   │   │   │       ├── libpng
│   │   │   │       └── libtiff
│   │   │   │           ├── jpeg-turbo
│   │   │   │           └── zstd
│   │   │   │               ├── lz4
│   │   │   │               └── xz
│   │   │   └── libvmaf
│   │   ├── jpeg-turbo
│   │   └── libpng
│   ├── libpng
│   ├── libtiff
│   │   ├── jpeg-turbo
│   │   └── zstd
│   │       ├── lz4
│   │       └── xz
│   └── webp
│       ├── giflib
│       ├── jpeg-turbo
│       ├── libpng
│       └── libtiff
│           ├── jpeg-turbo
│           └── zstd
│               ├── lz4
│               └── xz
├── gettext
├── gmp
├── icu4c
├── krb5
│   └── openssl@1.1
│       └── ca-certificates
├── libpq
│   ├── krb5
│   │   └── openssl@1.1
│   │       └── ca-certificates
│   └── openssl@1.1
│       └── ca-certificates
├── libsodium
├── libzip
│   └── zstd
│       ├── lz4
│       └── xz
├── oniguruma
├── openldap
│   └── openssl@1.1
│       └── ca-certificates
├── openssl@1.1
│   └── ca-certificates
├── pcre2
├── sqlite
│   └── readline
├── tidy-html5
└── unixodbc
    └── libtool
        └── m4

pinentry
├── libassuan
│   └── libgpg-error
└── libgpg-error

pixman

pkcs11-helper
└── openssl@1.1
    └── ca-certificates

pkg-config

pyenv
├── autoconf
│   └── m4
├── openssl@1.1
│   └── ca-certificates
├── pkg-config
└── readline

python@3.10
├── gdbm
├── mpdecimal
├── openssl@1.1
│   └── ca-certificates
├── readline
├── sqlite
│   └── readline
└── xz

python@3.11
├── mpdecimal
├── openssl@1.1
│   └── ca-certificates
├── sqlite
│   └── readline
└── xz

pyyaml
└── libyaml

rbenv
└── ruby-build
    ├── autoconf
    │   └── m4
    ├── pkg-config
    └── readline

readline

rtmpdump
└── openssl@1.1
    └── ca-certificates

ruby-build
├── autoconf
│   └── m4
├── pkg-config
└── readline

screen

shared-mime-info
└── glib
    ├── pcre2
    └── gettext

six

snappy

sqlite
└── readline

stoken
└── nettle
    └── gmp

swiftlint

temurin17

tidy-html5

transcrypt

tree

unbound
├── libevent
│   └── openssl@1.1
│       └── ca-certificates
├── libnghttp2
└── openssl@1.1
    └── ca-certificates

unixodbc
└── libtool
    └── m4

wangle
├── boost
│   ├── icu4c
│   ├── xz
│   └── zstd
│       ├── lz4
│       └── xz
├── double-conversion
├── fizz
│   ├── boost
│   │   ├── icu4c
│   │   ├── xz
│   │   └── zstd
│   │       ├── lz4
│   │       └── xz
│   ├── double-conversion
│   ├── fmt
│   ├── folly
│   │   ├── boost
│   │   │   ├── icu4c
│   │   │   ├── xz
│   │   │   └── zstd
│   │   │       ├── lz4
│   │   │       └── xz
│   │   ├── double-conversion
│   │   ├── fmt
│   │   ├── gflags
│   │   ├── glog
│   │   │   └── gflags
│   │   ├── libevent
│   │   │   └── openssl@1.1
│   │   │       └── ca-certificates
│   │   ├── lz4
│   │   ├── openssl@1.1
│   │   │   └── ca-certificates
│   │   ├── snappy
│   │   ├── xz
│   │   └── zstd
│   │       ├── lz4
│   │       └── xz
│   ├── gflags
│   ├── glog
│   │   └── gflags
│   ├── libevent
│   │   └── openssl@1.1
│   │       └── ca-certificates
│   ├── libsodium
│   ├── lz4
│   ├── openssl@1.1
│   │   └── ca-certificates
│   ├── snappy
│   └── zstd
│       ├── lz4
│       └── xz
├── fmt
├── folly
│   ├── boost
│   │   ├── icu4c
│   │   ├── xz
│   │   └── zstd
│   │       ├── lz4
│   │       └── xz
│   ├── double-conversion
│   ├── fmt
│   ├── gflags
│   ├── glog
│   │   └── gflags
│   ├── libevent
│   │   └── openssl@1.1
│   │       └── ca-certificates
│   ├── lz4
│   ├── openssl@1.1
│   │   └── ca-certificates
│   ├── snappy
│   ├── xz
│   └── zstd
│       ├── lz4
│       └── xz
├── gflags
├── glog
│   └── gflags
├── libevent
│   └── openssl@1.1
│       └── ca-certificates
├── libsodium
├── lz4
├── openssl@1.1
│   └── ca-certificates
├── snappy
└── zstd
    ├── lz4
    └── xz

watchman
├── boost
│   ├── icu4c
│   ├── xz
│   └── zstd
│       ├── lz4
│       └── xz
├── edencommon
│   ├── folly
│   │   ├── boost
│   │   │   ├── icu4c
│   │   │   ├── xz
│   │   │   └── zstd
│   │   │       ├── lz4
│   │   │       └── xz
│   │   ├── double-conversion
│   │   ├── fmt
│   │   ├── gflags
│   │   ├── glog
│   │   │   └── gflags
│   │   ├── libevent
│   │   │   └── openssl@1.1
│   │   │       └── ca-certificates
│   │   ├── lz4
│   │   ├── openssl@1.1
│   │   │   └── ca-certificates
│   │   ├── snappy
│   │   ├── xz
│   │   └── zstd
│   │       ├── lz4
│   │       └── xz
│   ├── gflags
│   └── glog
│       └── gflags
├── fb303
│   ├── fbthrift
│   │   ├── boost
│   │   │   ├── icu4c
│   │   │   ├── xz
│   │   │   └── zstd
│   │   │       ├── lz4
│   │   │       └── xz
│   │   ├── fizz
│   │   │   ├── boost
│   │   │   │   ├── icu4c
│   │   │   │   ├── xz
│   │   │   │   └── zstd
│   │   │   │       ├── lz4
│   │   │   │       └── xz
│   │   │   ├── double-conversion
│   │   │   ├── fmt
│   │   │   ├── folly
│   │   │   │   ├── boost
│   │   │   │   │   ├── icu4c
│   │   │   │   │   ├── xz
│   │   │   │   │   └── zstd
│   │   │   │   │       ├── lz4
│   │   │   │   │       └── xz
│   │   │   │   ├── double-conversion
│   │   │   │   ├── fmt
│   │   │   │   ├── gflags
│   │   │   │   ├── glog
│   │   │   │   │   └── gflags
│   │   │   │   ├── libevent
│   │   │   │   │   └── openssl@1.1
│   │   │   │   │       └── ca-certificates
│   │   │   │   ├── lz4
│   │   │   │   ├── openssl@1.1
│   │   │   │   │   └── ca-certificates
│   │   │   │   ├── snappy
│   │   │   │   ├── xz
│   │   │   │   └── zstd
│   │   │   │       ├── lz4
│   │   │   │       └── xz
│   │   │   ├── gflags
│   │   │   ├── glog
│   │   │   │   └── gflags
│   │   │   ├── libevent
│   │   │   │   └── openssl@1.1
│   │   │   │       └── ca-certificates
│   │   │   ├── libsodium
│   │   │   ├── lz4
│   │   │   ├── openssl@1.1
│   │   │   │   └── ca-certificates
│   │   │   ├── snappy
│   │   │   └── zstd
│   │   │       ├── lz4
│   │   │       └── xz
│   │   ├── fmt
│   │   ├── folly
│   │   │   ├── boost
│   │   │   │   ├── icu4c
│   │   │   │   ├── xz
│   │   │   │   └── zstd
│   │   │   │       ├── lz4
│   │   │   │       └── xz
│   │   │   ├── double-conversion
│   │   │   ├── fmt
│   │   │   ├── gflags
│   │   │   ├── glog
│   │   │   │   └── gflags
│   │   │   ├── libevent
│   │   │   │   └── openssl@1.1
│   │   │   │       └── ca-certificates
│   │   │   ├── lz4
│   │   │   ├── openssl@1.1
│   │   │   │   └── ca-certificates
│   │   │   ├── snappy
│   │   │   ├── xz
│   │   │   └── zstd
│   │   │       ├── lz4
│   │   │       └── xz
│   │   ├── gflags
│   │   ├── glog
│   │   │   └── gflags
│   │   ├── openssl@1.1
│   │   │   └── ca-certificates
│   │   ├── wangle
│   │   │   ├── boost
│   │   │   │   ├── icu4c
│   │   │   │   ├── xz
│   │   │   │   └── zstd
│   │   │   │       ├── lz4
│   │   │   │       └── xz
│   │   │   ├── double-conversion
│   │   │   ├── fizz
│   │   │   │   ├── boost
│   │   │   │   │   ├── icu4c
│   │   │   │   │   ├── xz
│   │   │   │   │   └── zstd
│   │   │   │   │       ├── lz4
│   │   │   │   │       └── xz
│   │   │   │   ├── double-conversion
│   │   │   │   ├── fmt
│   │   │   │   ├── folly
│   │   │   │   │   ├── boost
│   │   │   │   │   │   ├── icu4c
│   │   │   │   │   │   ├── xz
│   │   │   │   │   │   └── zstd
│   │   │   │   │   │       ├── lz4
│   │   │   │   │   │       └── xz
│   │   │   │   │   ├── double-conversion
│   │   │   │   │   ├── fmt
│   │   │   │   │   ├── gflags
│   │   │   │   │   ├── glog
│   │   │   │   │   │   └── gflags
│   │   │   │   │   ├── libevent
│   │   │   │   │   │   └── openssl@1.1
│   │   │   │   │   │       └── ca-certificates
│   │   │   │   │   ├── lz4
│   │   │   │   │   ├── openssl@1.1
│   │   │   │   │   │   └── ca-certificates
│   │   │   │   │   ├── snappy
│   │   │   │   │   ├── xz
│   │   │   │   │   └── zstd
│   │   │   │   │       ├── lz4
│   │   │   │   │       └── xz
│   │   │   │   ├── gflags
│   │   │   │   ├── glog
│   │   │   │   │   └── gflags
│   │   │   │   ├── libevent
│   │   │   │   │   └── openssl@1.1
│   │   │   │   │       └── ca-certificates
│   │   │   │   ├── libsodium
│   │   │   │   ├── lz4
│   │   │   │   ├── openssl@1.1
│   │   │   │   │   └── ca-certificates
│   │   │   │   ├── snappy
│   │   │   │   └── zstd
│   │   │   │       ├── lz4
│   │   │   │       └── xz
│   │   │   ├── fmt
│   │   │   ├── folly
│   │   │   │   ├── boost
│   │   │   │   │   ├── icu4c
│   │   │   │   │   ├── xz
│   │   │   │   │   └── zstd
│   │   │   │   │       ├── lz4
│   │   │   │   │       └── xz
│   │   │   │   ├── double-conversion
│   │   │   │   ├── fmt
│   │   │   │   ├── gflags
│   │   │   │   ├── glog
│   │   │   │   │   └── gflags
│   │   │   │   ├── libevent
│   │   │   │   │   └── openssl@1.1
│   │   │   │   │       └── ca-certificates
│   │   │   │   ├── lz4
│   │   │   │   ├── openssl@1.1
│   │   │   │   │   └── ca-certificates
│   │   │   │   ├── snappy
│   │   │   │   ├── xz
│   │   │   │   └── zstd
│   │   │   │       ├── lz4
│   │   │   │       └── xz
│   │   │   ├── gflags
│   │   │   ├── glog
│   │   │   │   └── gflags
│   │   │   ├── libevent
│   │   │   │   └── openssl@1.1
│   │   │   │       └── ca-certificates
│   │   │   ├── libsodium
│   │   │   ├── lz4
│   │   │   ├── openssl@1.1
│   │   │   │   └── ca-certificates
│   │   │   ├── snappy
│   │   │   └── zstd
│   │   │       ├── lz4
│   │   │       └── xz
│   │   └── zstd
│   │       ├── lz4
│   │       └── xz
│   ├── fizz
│   │   ├── boost
│   │   │   ├── icu4c
│   │   │   ├── xz
│   │   │   └── zstd
│   │   │       ├── lz4
│   │   │       └── xz
│   │   ├── double-conversion
│   │   ├── fmt
│   │   ├── folly
│   │   │   ├── boost
│   │   │   │   ├── icu4c
│   │   │   │   ├── xz
│   │   │   │   └── zstd
│   │   │   │       ├── lz4
│   │   │   │       └── xz
│   │   │   ├── double-conversion
│   │   │   ├── fmt
│   │   │   ├── gflags
│   │   │   ├── glog
│   │   │   │   └── gflags
│   │   │   ├── libevent
│   │   │   │   └── openssl@1.1
│   │   │   │       └── ca-certificates
│   │   │   ├── lz4
│   │   │   ├── openssl@1.1
│   │   │   │   └── ca-certificates
│   │   │   ├── snappy
│   │   │   ├── xz
│   │   │   └── zstd
│   │   │       ├── lz4
│   │   │       └── xz
│   │   ├── gflags
│   │   ├── glog
│   │   │   └── gflags
│   │   ├── libevent
│   │   │   └── openssl@1.1
│   │   │       └── ca-certificates
│   │   ├── libsodium
│   │   ├── lz4
│   │   ├── openssl@1.1
│   │   │   └── ca-certificates
│   │   ├── snappy
│   │   └── zstd
│   │       ├── lz4
│   │       └── xz
│   ├── fmt
│   ├── folly
│   │   ├── boost
│   │   │   ├── icu4c
│   │   │   ├── xz
│   │   │   └── zstd
│   │   │       ├── lz4
│   │   │       └── xz
│   │   ├── double-conversion
│   │   ├── fmt
│   │   ├── gflags
│   │   ├── glog
│   │   │   └── gflags
│   │   ├── libevent
│   │   │   └── openssl@1.1
│   │   │       └── ca-certificates
│   │   ├── lz4
│   │   ├── openssl@1.1
│   │   │   └── ca-certificates
│   │   ├── snappy
│   │   ├── xz
│   │   └── zstd
│   │       ├── lz4
│   │       └── xz
│   ├── gflags
│   ├── glog
│   │   └── gflags
│   ├── openssl@1.1
│   │   └── ca-certificates
│   └── wangle
│       ├── boost
│       │   ├── icu4c
│       │   ├── xz
│       │   └── zstd
│       │       ├── lz4
│       │       └── xz
│       ├── double-conversion
│       ├── fizz
│       │   ├── boost
│       │   │   ├── icu4c
│       │   │   ├── xz
│       │   │   └── zstd
│       │   │       ├── lz4
│       │   │       └── xz
│       │   ├── double-conversion
│       │   ├── fmt
│       │   ├── folly
│       │   │   ├── boost
│       │   │   │   ├── icu4c
│       │   │   │   ├── xz
│       │   │   │   └── zstd
│       │   │   │       ├── lz4
│       │   │   │       └── xz
│       │   │   ├── double-conversion
│       │   │   ├── fmt
│       │   │   ├── gflags
│       │   │   ├── glog
│       │   │   │   └── gflags
│       │   │   ├── libevent
│       │   │   │   └── openssl@1.1
│       │   │   │       └── ca-certificates
│       │   │   ├── lz4
│       │   │   ├── openssl@1.1
│       │   │   │   └── ca-certificates
│       │   │   ├── snappy
│       │   │   ├── xz
│       │   │   └── zstd
│       │   │       ├── lz4
│       │   │       └── xz
│       │   ├── gflags
│       │   ├── glog
│       │   │   └── gflags
│       │   ├── libevent
│       │   │   └── openssl@1.1
│       │   │       └── ca-certificates
│       │   ├── libsodium
│       │   ├── lz4
│       │   ├── openssl@1.1
│       │   │   └── ca-certificates
│       │   ├── snappy
│       │   └── zstd
│       │       ├── lz4
│       │       └── xz
│       ├── fmt
│       ├── folly
│       │   ├── boost
│       │   │   ├── icu4c
│       │   │   ├── xz
│       │   │   └── zstd
│       │   │       ├── lz4
│       │   │       └── xz
│       │   ├── double-conversion
│       │   ├── fmt
│       │   ├── gflags
│       │   ├── glog
│       │   │   └── gflags
│       │   ├── libevent
│       │   │   └── openssl@1.1
│       │   │       └── ca-certificates
│       │   ├── lz4
│       │   ├── openssl@1.1
│       │   │   └── ca-certificates
│       │   ├── snappy
│       │   ├── xz
│       │   └── zstd
│       │       ├── lz4
│       │       └── xz
│       ├── gflags
│       ├── glog
│       │   └── gflags
│       ├── libevent
│       │   └── openssl@1.1
│       │       └── ca-certificates
│       ├── libsodium
│       ├── lz4
│       ├── openssl@1.1
│       │   └── ca-certificates
│       ├── snappy
│       └── zstd
│           ├── lz4
│           └── xz
├── fmt
├── folly
│   ├── boost
│   │   ├── icu4c
│   │   ├── xz
│   │   └── zstd
│   │       ├── lz4
│   │       └── xz
│   ├── double-conversion
│   ├── fmt
│   ├── gflags
│   ├── glog
│   │   └── gflags
│   ├── libevent
│   │   └── openssl@1.1
│   │       └── ca-certificates
│   ├── lz4
│   ├── openssl@1.1
│   │   └── ca-certificates
│   ├── snappy
│   ├── xz
│   └── zstd
│       ├── lz4
│       └── xz
├── gflags
├── glog
│   └── gflags
├── libevent
│   └── openssl@1.1
│       └── ca-certificates
├── openssl@1.1
│   └── ca-certificates
├── pcre2
└── python@3.11
    ├── mpdecimal
    ├── openssl@1.1
    │   └── ca-certificates
    ├── sqlite
    │   └── readline
    └── xz

webp
├── giflib
├── jpeg-turbo
├── libpng
└── libtiff
    ├── jpeg-turbo
    └── zstd
        ├── lz4
        └── xz

wget
├── libidn2
│   ├── gettext
│   └── libunistring
└── openssl@1.1
    └── ca-certificates

x265

xcbeautify

xclogparser

xmlto
├── docbook
├── docbook-xsl
│   └── docbook
└── gnu-getopt

xorgproto

xz

yamllint
├── python@3.11
│   ├── mpdecimal
│   ├── openssl@1.1
│   │   └── ca-certificates
│   ├── sqlite
│   │   └── readline
│   └── xz
└── pyyaml
    └── libyaml

yarn

z3

zstd
├── lz4
└── xz

========================================


=== Ruby and rubygems ==================
* Ruby (default): ruby 2.7.6p219 (2022-04-12 revision c9c2245c0a) [x86_64-darwin21]
--- Available ruby versions ---
  system
  2.6.9
  2.7.2
  2.7.5
* 2.7.6 (set by /Users/vagrant/.rbenv/version)
  3.0.0
  3.0.3
  3.1.3
-------------------------------
* rbenv: 1.2.0
* Rubygems: 3.1.6
* Bundler: Bundler version 2.4.3
* CocoaPods: 1.11.3
* xcpretty: 0.3.0
========================================


=== All Ruby GEMs ======================
activesupport (6.1.7)
addressable (2.8.1)
algoliasearch (1.27.5)
artifactory (3.0.15)
atomos (0.1.3)
aws-eventstream (1.2.0)
aws-partitions (1.693.0)
aws-sdk-core (3.168.4)
aws-sdk-kms (1.61.0)
aws-sdk-s3 (1.117.2)
aws-sigv4 (1.5.2)
babosa (1.0.4)
benchmark (default: 0.1.0)
bigdecimal (default: 2.0.0)
bundler (2.4.3, default: 2.1.4)
CFPropertyList (3.0.5)
cgi (default: 0.1.0.1)
claide (1.1.0)
clamp (1.3.2)
cocoapods (1.11.3)
cocoapods-core (1.11.3)
cocoapods-deintegrate (1.0.5)
cocoapods-downloader (1.6.3)
cocoapods-plugins (1.0.0)
cocoapods-search (1.0.1)
cocoapods-trunk (1.6.0)
cocoapods-try (1.2.0)
colored (1.2)
colored2 (3.1.2)
commander (4.6.0)
concurrent-ruby (1.1.10)
csv (default: 3.1.2)
date (default: 3.0.3)
dbm (default: 1.1.0)
declarative (0.0.20)
delegate (default: 0.1.0)
did_you_mean (default: 1.4.0)
digest-crc (0.6.4)
domain_name (0.5.20190701)
dotenv (2.8.1)
emoji_regex (3.2.3)
escape (0.0.4)
etc (default: 1.1.0)
ethon (0.16.0)
excon (0.97.1)
faraday (1.10.2)
faraday-cookie_jar (0.0.7)
faraday-em_http (1.0.0)
faraday-em_synchrony (1.0.0)
faraday-excon (1.1.0)
faraday-httpclient (1.0.1)
faraday-multipart (1.0.4)
faraday-net_http (1.0.1)
faraday-net_http_persistent (1.2.0)
faraday-patron (1.0.0)
faraday-rack (1.0.0)
faraday-retry (1.0.3)
faraday_middleware (1.2.0)
fastimage (2.2.6)
fastlane (2.211.0)
fcntl (default: 1.0.0)
ffi (1.15.5)
fiddle (default: 1.0.0)
fileutils (default: 1.4.1)
forwardable (default: 1.3.1)
fourflusher (2.3.1)
fuzzy_match (2.0.4)
gdbm (default: 2.1.0)
getoptlong (default: 0.1.0)
gh_inspector (1.1.3)
google-apis-androidpublisher_v3 (0.32.0)
google-apis-core (0.9.5)
google-apis-iamcredentials_v1 (0.16.0)
google-apis-playcustomapp_v1 (0.12.0)
google-apis-storage_v1 (0.19.0)
google-cloud-core (1.6.0)
google-cloud-env (1.6.0)
google-cloud-errors (1.3.0)
google-cloud-storage (1.44.0)
googleauth (1.3.0)
highline (2.0.3)
http-cookie (1.0.5)
httpclient (2.8.3)
i18n (1.12.0)
io-console (default: 0.5.6)
ipaddr (default: 1.2.2)
irb (default: 1.2.6)
jazzy (0.14.3)
jmespath (1.6.2)
json (default: 2.3.0)
jwt (2.6.0)
liferaft (0.0.6)
logger (default: 1.4.2)
matrix (default: 0.2.0)
memoist (0.16.2)
mini_magick (4.12.0)
mini_mime (1.1.2)
minitest (5.17.0)
molinillo (0.8.0)
multi_json (1.15.0)
multipart-post (2.0.0)
mustache (1.1.1)
mutex_m (default: 0.1.0)
nanaimo (0.3.0)
nap (1.1.0)
naturally (2.2.1)
net-pop (default: 0.1.0)
net-smtp (default: 0.1.0)
netrc (0.11.0)
nokogiri (1.14.0 x86_64-darwin)
observer (default: 0.1.0)
open3 (default: 0.1.0)
open4 (1.3.4)
openssl (default: 2.1.3)
optparse (0.1.1)
os (1.1.4)
ostruct (default: 0.2.0)
plist (3.6.0)
prime (default: 0.1.1)
pstore (default: 0.1.0)
psych (default: 3.1.0)
public_suffix (4.0.7)
racc (default: 1.4.16)
rake (13.0.6)
rdoc (default: 6.2.1.1)
readline (default: 0.0.2)
readline-ext (default: 0.1.0)
redcarpet (3.5.1)
reline (default: 0.1.5)
representable (3.2.0)
retriable (3.1.2)
rexml (3.2.5, default: 3.2.3.1)
rouge (2.0.7)
rss (default: 0.2.8)
ruby-macho (2.5.1)
ruby2_keywords (0.0.5)
rubyzip (2.3.2)
sassc (2.4.0)
sdbm (default: 1.0.0)
security (0.1.3)
signet (0.17.0)
simctl (1.6.8)
singleton (default: 0.1.0)
slack-notifier (2.4.0)
slather (2.7.4)
sqlite3 (1.6.0 x86_64-darwin)
stringio (default: 0.1.0)
strscan (default: 1.0.3)
terminal-notifier (2.0.0)
terminal-table (1.8.0)
timeout (default: 0.1.0)
tracer (default: 0.1.0)
trailblazer-option (0.1.2)
trainer (0.9.1)
tty-cursor (0.7.1)
tty-screen (0.8.1)
tty-spinner (0.9.3)
typhoeus (1.4.0)
tzinfo (2.0.5)
uber (0.1.0)
unf (0.1.4)
unf_ext (0.0.8.2)
unicode-display_width (1.8.0)
uri (default: 0.10.0)
webrick (default: 1.6.1)
word_wrap (1.0.0)
xcinvoke (0.3.0)
xcode-install (2.8.1)
xcodeproj (1.22.0)
xcov (1.8.1)
xcpretty (0.3.0)
xcpretty-json-formatter (0.1.1)
xcpretty-travis-formatter (1.0.1)
xcresult (0.2.1)
yaml (default: 0.1.0)
zeitwerk (2.6.6)
zlib (default: 1.1.0)
========================================


=== NPM global packages ==========================
* Cordova: 11.0.0
* Ionic: 6.20.1
* Appcenter-CLI version: 2.11.0
========================================


=== Checking Xcode CLT dirs ============

 ls -1 /Library/Developer/CommandLineTools/SDKs/MacOSX.sdk/usr/include/CommonCrypto
CommonCrypto.h
CommonCryptoError.h
CommonCryptor.h
CommonDigest.h
CommonHMAC.h
CommonKeyDerivation.h
CommonRandom.h
CommonSymmetricKeywrap.h
module.modulemap

 * ls -1 /Library/Developer/CommandLineTools/
Library
SDKs
usr

 * /Library/Developer/CommandLineTools/usr/bin/swift --version
Apple Swift version 5.7.2 (swiftlang-5.7.2.135.5 clang-1400.0.29.51)
Target: x86_64-apple-darwin22.1.0

========================================


=== Xcode ==============================

* Active Xcode Command Line Tools:
/Applications/Xcode-14.2.app/Contents/Developer

* Xcode Version:
Xcode 14.2
Build version 14C18

* /usr/bin/swift --version
Apple Swift version 5.7.2 (swiftlang-5.7.2.135.5 clang-1400.0.29.51)
Target: x86_64-apple-macosx13.0

* Installed SDKs:
DriverKit SDKs:
	DriverKit 22.2                	-sdk driverkit22.2

iOS SDKs:
	iOS 16.2                      	-sdk iphoneos16.2

iOS Simulator SDKs:
	Simulator - iOS 16.2          	-sdk iphonesimulator16.2

macOS SDKs:
	macOS 13.1                    	-sdk macosx13.1
	macOS 13.1                    	-sdk macosx13.1

tvOS SDKs:
	tvOS 16.1                     	-sdk appletvos16.1

tvOS Simulator SDKs:
	Simulator - tvOS 16.1         	-sdk appletvsimulator16.1

watchOS SDKs:
	watchOS 9.1                   	-sdk watchos9.1

watchOS Simulator SDKs:
	Simulator - watchOS 9.1       	-sdk watchsimulator9.1


* Available Simulators:
== Device Types ==
iPhone 4s (com.apple.CoreSimulator.SimDeviceType.iPhone-4s)
iPhone 5 (com.apple.CoreSimulator.SimDeviceType.iPhone-5)
iPhone 5s (com.apple.CoreSimulator.SimDeviceType.iPhone-5s)
iPhone 6 Plus (com.apple.CoreSimulator.SimDeviceType.iPhone-6-Plus)
iPhone 6 (com.apple.CoreSimulator.SimDeviceType.iPhone-6)
iPhone 6s (com.apple.CoreSimulator.SimDeviceType.iPhone-6s)
iPhone 6s Plus (com.apple.CoreSimulator.SimDeviceType.iPhone-6s-Plus)
iPhone SE (1st generation) (com.apple.CoreSimulator.SimDeviceType.iPhone-SE)
iPhone 7 (com.apple.CoreSimulator.SimDeviceType.iPhone-7)
iPhone 7 Plus (com.apple.CoreSimulator.SimDeviceType.iPhone-7-Plus)
iPhone 8 (com.apple.CoreSimulator.SimDeviceType.iPhone-8)
iPhone 8 Plus (com.apple.CoreSimulator.SimDeviceType.iPhone-8-Plus)
iPhone X (com.apple.CoreSimulator.SimDeviceType.iPhone-X)
iPhone Xs (com.apple.CoreSimulator.SimDeviceType.iPhone-XS)
iPhone Xs Max (com.apple.CoreSimulator.SimDeviceType.iPhone-XS-Max)
iPhone Xʀ (com.apple.CoreSimulator.SimDeviceType.iPhone-XR)
iPhone 11 (com.apple.CoreSimulator.SimDeviceType.iPhone-11)
iPhone 11 Pro (com.apple.CoreSimulator.SimDeviceType.iPhone-11-Pro)
iPhone 11 Pro Max (com.apple.CoreSimulator.SimDeviceType.iPhone-11-Pro-Max)
iPhone SE (2nd generation) (com.apple.CoreSimulator.SimDeviceType.iPhone-SE--2nd-generation-)
iPhone 12 mini (com.apple.CoreSimulator.SimDeviceType.iPhone-12-mini)
iPhone 12 (com.apple.CoreSimulator.SimDeviceType.iPhone-12)
iPhone 12 Pro (com.apple.CoreSimulator.SimDeviceType.iPhone-12-Pro)
iPhone 12 Pro Max (com.apple.CoreSimulator.SimDeviceType.iPhone-12-Pro-Max)
iPhone 13 Pro (com.apple.CoreSimulator.SimDeviceType.iPhone-13-Pro)
iPhone 13 Pro Max (com.apple.CoreSimulator.SimDeviceType.iPhone-13-Pro-Max)
iPhone 13 mini (com.apple.CoreSimulator.SimDeviceType.iPhone-13-mini)
iPhone 13 (com.apple.CoreSimulator.SimDeviceType.iPhone-13)
iPhone SE (3rd generation) (com.apple.CoreSimulator.SimDeviceType.iPhone-SE-3rd-generation)
iPhone 14 (com.apple.CoreSimulator.SimDeviceType.iPhone-14)
iPhone 14 Plus (com.apple.CoreSimulator.SimDeviceType.iPhone-14-Plus)
iPhone 14 Pro (com.apple.CoreSimulator.SimDeviceType.iPhone-14-Pro)
iPhone 14 Pro Max (com.apple.CoreSimulator.SimDeviceType.iPhone-14-Pro-Max)
iPod touch (7th generation) (com.apple.CoreSimulator.SimDeviceType.iPod-touch--7th-generation-)
iPad 2 (com.apple.CoreSimulator.SimDeviceType.iPad-2)
iPad Retina (com.apple.CoreSimulator.SimDeviceType.iPad-Retina)
iPad Air (com.apple.CoreSimulator.SimDeviceType.iPad-Air)
iPad mini 2 (com.apple.CoreSimulator.SimDeviceType.iPad-mini-2)
iPad mini 3 (com.apple.CoreSimulator.SimDeviceType.iPad-mini-3)
iPad mini 4 (com.apple.CoreSimulator.SimDeviceType.iPad-mini-4)
iPad Air 2 (com.apple.CoreSimulator.SimDeviceType.iPad-Air-2)
iPad Pro (9.7-inch) (com.apple.CoreSimulator.SimDeviceType.iPad-Pro--9-7-inch-)
iPad Pro (12.9-inch) (1st generation) (com.apple.CoreSimulator.SimDeviceType.iPad-Pro)
iPad (5th generation) (com.apple.CoreSimulator.SimDeviceType.iPad--5th-generation-)
iPad Pro (12.9-inch) (2nd generation) (com.apple.CoreSimulator.SimDeviceType.iPad-Pro--12-9-inch---2nd-generation-)
iPad Pro (10.5-inch) (com.apple.CoreSimulator.SimDeviceType.iPad-Pro--10-5-inch-)
iPad (6th generation) (com.apple.CoreSimulator.SimDeviceType.iPad--6th-generation-)
iPad (7th generation) (com.apple.CoreSimulator.SimDeviceType.iPad--7th-generation-)
iPad Pro (11-inch) (1st generation) (com.apple.CoreSimulator.SimDeviceType.iPad-Pro--11-inch-)
iPad Pro (12.9-inch) (3rd generation) (com.apple.CoreSimulator.SimDeviceType.iPad-Pro--12-9-inch---3rd-generation-)
iPad Pro (11-inch) (2nd generation) (com.apple.CoreSimulator.SimDeviceType.iPad-Pro--11-inch---2nd-generation-)
iPad Pro (12.9-inch) (4th generation) (com.apple.CoreSimulator.SimDeviceType.iPad-Pro--12-9-inch---4th-generation-)
iPad mini (5th generation) (com.apple.CoreSimulator.SimDeviceType.iPad-mini--5th-generation-)
iPad Air (3rd generation) (com.apple.CoreSimulator.SimDeviceType.iPad-Air--3rd-generation-)
iPad (8th generation) (com.apple.CoreSimulator.SimDeviceType.iPad--8th-generation-)
iPad (9th generation) (com.apple.CoreSimulator.SimDeviceType.iPad-9th-generation)
iPad Air (4th generation) (com.apple.CoreSimulator.SimDeviceType.iPad-Air--4th-generation-)
iPad Pro (11-inch) (3rd generation) (com.apple.CoreSimulator.SimDeviceType.iPad-Pro-11-inch-3rd-generation)
iPad Pro (12.9-inch) (5th generation) (com.apple.CoreSimulator.SimDeviceType.iPad-Pro-12-9-inch-5th-generation)
iPad Air (5th generation) (com.apple.CoreSimulator.SimDeviceType.iPad-Air-5th-generation)
iPad (10th generation) (com.apple.CoreSimulator.SimDeviceType.iPad-10th-generation)
iPad mini (6th generation) (com.apple.CoreSimulator.SimDeviceType.iPad-mini-6th-generation)
iPad Pro (11-inch) (4th generation) (com.apple.CoreSimulator.SimDeviceType.iPad-Pro-11-inch-4th-generation-8GB)
iPad Pro (11-inch) (4th generation) (16GB) (com.apple.CoreSimulator.SimDeviceType.iPad-Pro-11-inch-4th-generation-16GB)
iPad Pro (12.9-inch) (6th generation) (com.apple.CoreSimulator.SimDeviceType.iPad-Pro-12-9-inch-6th-generation-8GB)
iPad Pro (12.9-inch) (6th generation) (16GB) (com.apple.CoreSimulator.SimDeviceType.iPad-Pro-12-9-inch-6th-generation-16GB)
Apple TV (com.apple.CoreSimulator.SimDeviceType.Apple-TV-1080p)
Apple TV 4K (com.apple.CoreSimulator.SimDeviceType.Apple-TV-4K-4K)
Apple TV 4K (at 1080p) (com.apple.CoreSimulator.SimDeviceType.Apple-TV-4K-1080p)
Apple TV 4K (2nd generation) (com.apple.CoreSimulator.SimDeviceType.Apple-TV-4K-2nd-generation-4K)
Apple TV 4K (2nd generation) (at 1080p) (com.apple.CoreSimulator.SimDeviceType.Apple-TV-4K-2nd-generation-1080p)
Apple TV 4K (3rd generation) (com.apple.CoreSimulator.SimDeviceType.Apple-TV-4K-3rd-generation-4K)
Apple TV 4K (3rd generation) (at 1080p) (com.apple.CoreSimulator.SimDeviceType.Apple-TV-4K-3rd-generation-1080p)
Apple Watch (38mm) (com.apple.CoreSimulator.SimDeviceType.Apple-Watch-38mm)
Apple Watch (42mm) (com.apple.CoreSimulator.SimDeviceType.Apple-Watch-42mm)
Apple Watch Series 2 (38mm) (com.apple.CoreSimulator.SimDeviceType.Apple-Watch-Series-2-38mm)
Apple Watch Series 2 (42mm) (com.apple.CoreSimulator.SimDeviceType.Apple-Watch-Series-2-42mm)
Apple Watch Series 3 (38mm) (com.apple.CoreSimulator.SimDeviceType.Apple-Watch-Series-3-38mm)
Apple Watch Series 3 (42mm) (com.apple.CoreSimulator.SimDeviceType.Apple-Watch-Series-3-42mm)
Apple Watch Series 4 (40mm) (com.apple.CoreSimulator.SimDeviceType.Apple-Watch-Series-4-40mm)
Apple Watch Series 4 (44mm) (com.apple.CoreSimulator.SimDeviceType.Apple-Watch-Series-4-44mm)
Apple Watch Series 5 (40mm) (com.apple.CoreSimulator.SimDeviceType.Apple-Watch-Series-5-40mm)
Apple Watch Series 5 (44mm) (com.apple.CoreSimulator.SimDeviceType.Apple-Watch-Series-5-44mm)
Apple Watch SE (40mm) (com.apple.CoreSimulator.SimDeviceType.Apple-Watch-SE-40mm)
Apple Watch SE (44mm) (com.apple.CoreSimulator.SimDeviceType.Apple-Watch-SE-44mm)
Apple Watch Series 6 (40mm) (com.apple.CoreSimulator.SimDeviceType.Apple-Watch-Series-6-40mm)
Apple Watch Series 6 (44mm) (com.apple.CoreSimulator.SimDeviceType.Apple-Watch-Series-6-44mm)
Apple Watch Series 7 (41mm) (com.apple.CoreSimulator.SimDeviceType.Apple-Watch-Series-7-41mm)
Apple Watch Series 7 (45mm) (com.apple.CoreSimulator.SimDeviceType.Apple-Watch-Series-7-45mm)
Apple Watch SE (40mm) (2nd generation) (com.apple.CoreSimulator.SimDeviceType.Apple-Watch-SE-40mm-2nd-generation)
Apple Watch SE (44mm) (2nd generation) (com.apple.CoreSimulator.SimDeviceType.Apple-Watch-SE-44mm-2nd-generation)
Apple Watch Series 8 (41mm) (com.apple.CoreSimulator.SimDeviceType.Apple-Watch-Series-8-41mm)
Apple Watch Series 8 (45mm) (com.apple.CoreSimulator.SimDeviceType.Apple-Watch-Series-8-45mm)
Apple Watch Ultra (49mm) (com.apple.CoreSimulator.SimDeviceType.Apple-Watch-Ultra-49mm)
== Runtimes ==
iOS 14.5 (14.5 - 18E182) - com.apple.CoreSimulator.SimRuntime.iOS-14-5
iOS 15.4 (15.4 - 19E240) - com.apple.CoreSimulator.SimRuntime.iOS-15-4
iOS 15.5 (15.5 - 19F70) - com.apple.CoreSimulator.SimRuntime.iOS-15-5
iOS 16.2 (16.2 - 20C52) - com.apple.CoreSimulator.SimRuntime.iOS-16-2
tvOS 15.4 (15.4 - 19L439) - com.apple.CoreSimulator.SimRuntime.tvOS-15-4
tvOS 16.0 (16.0 - 20J373) - com.apple.CoreSimulator.SimRuntime.tvOS-16-0
tvOS 16.1 (16.1 - 20K67) - com.apple.CoreSimulator.SimRuntime.tvOS-16-1
watchOS 8.5 (8.5 - 19T241) - com.apple.CoreSimulator.SimRuntime.watchOS-8-5
watchOS 9.0 (9.0 - 20R362) - com.apple.CoreSimulator.SimRuntime.watchOS-9-0
watchOS 9.1 (9.1 - 20S75) - com.apple.CoreSimulator.SimRuntime.watchOS-9-1
== Devices ==
-- iOS 14.5 --
    iPhone 8 Plus (733E218B-BB98-4469-820A-22AD03D1C9BD) (Shutdown) 
    iPhone 11 (16C61265-049B-480D-AC44-ED750DFAA7EF) (Shutdown) 
    iPhone SE (2nd generation) (5641067F-8A4A-466B-BD79-94E4F04AB229) (Shutdown) 
    iPhone 12 mini (4E68E639-7C8B-4E6A-B7FA-D515E9D9C615) (Shutdown) 
    iPhone 12 (85C115EF-1FF9-4871-82CC-364D3BAF2098) (Shutdown) 
    iPhone 12 Pro (7AAFDCC3-7DE0-4A97-BF40-8D3C38262D38) (Shutdown) 
    iPhone 12 Pro Max (4C68D6C2-CAA7-41E8-82C6-D6D21E35DD3D) (Shutdown) 
    iPod touch (7th generation) (5ECCA1D8-410E-47B9-9877-33F19A92DE37) (Shutdown) 
    iPad Pro (9.7-inch) (85963174-4307-4F06-8A2E-53FA851B53F9) (Shutdown) 
    iPad (8th generation) (5257FC87-7550-4E7E-8F87-95AAADC3C5FA) (Shutdown) 
    iPad Air (4th generation) (64B393D8-E68E-44BA-8B8D-ED91A917037B) (Shutdown) 
    iPad Pro (11-inch) (3rd generation) (D40A18F1-F736-49C9-9592-3FA6DA2DA943) (Shutdown) 
    iPad Pro (12.9-inch) (5th generation) (F7BA63D3-B329-4244-9C0E-5B3FA96FEA9F) (Shutdown) 
-- iOS 15.4 --
    iPhone 8 Plus (92D06D86-7A49-4EE4-9D93-D5B4AB9DDE02) (Shutdown) 
    iPhone 11 (8769100A-4521-4B82-879D-94F42C952ABC) (Shutdown) 
    iPhone 13 Pro (1032CF88-59EF-489A-9198-8149A1603AD6) (Shutdown) 
    iPhone 13 Pro Max (9281E74E-EDDD-44E7-8E75-27AABDA7CB4C) (Shutdown) 
    iPhone 13 mini (F78C2869-18E7-47F3-BCE7-BA65FE6FA8BA) (Shutdown) 
    iPhone 13 (5667BAB3-B50E-483B-8A4A-0426BA89A059) (Shutdown) 
    iPhone SE (3rd generation) (62D8D725-555C-401F-99A8-D01A4C9195B3) (Shutdown) 
    iPod touch (7th generation) (4F3FBF6E-7D60-48A1-B3B6-3ACA362F1E01) (Shutdown) 
    iPad Pro (9.7-inch) (2A1CF9FF-B618-4689-8DE9-D038AB95D325) (Shutdown) 
    iPad (9th generation) (1590899E-6854-4B29-BC54-3D127C9021A1) (Shutdown) 
    iPad Pro (11-inch) (3rd generation) (92AB5708-AC75-46E5-A1A0-A09421E5416B) (Shutdown) 
    iPad Pro (12.9-inch) (5th generation) (9542D58F-0E17-4071-AB53-D77351A87933) (Shutdown) 
    iPad Air (5th generation) (6B731960-E126-46CA-B8EA-B86C81CEA132) (Shutdown) 
    iPad mini (6th generation) (A21A2D20-D8B0-4893-B23E-1115F0890E0D) (Shutdown) 
-- iOS 15.5 --
    iPhone 8 Plus (4F7F829A-22BB-4D62-BC90-93AF53CED397) (Shutdown) 
    iPhone 11 (FC4E59FD-86CA-4E35-BB09-143EBAC17CBB) (Shutdown) 
    iPhone 13 Pro (CADD2D34-A573-40D5-929A-5429EC79836D) (Shutdown) 
    iPhone 13 Pro Max (EE25B300-DE43-46DC-A0F1-E7841C881613) (Shutdown) 
    iPhone 13 mini (B34B36CC-BF7B-410C-BBD9-3ACC7D172870) (Shutdown) 
    iPhone 13 (C49B048B-8984-4FD2-8643-E2753D43635E) (Shutdown) 
    iPhone SE (3rd generation) (9F465BEA-9C5D-4355-B744-C49F42C00CC0) (Shutdown) 
    iPod touch (7th generation) (46C0AD12-30E2-4B8C-BF5A-8B4416243631) (Shutdown) 
    iPad Pro (9.7-inch) (20B53299-AD5F-4FEB-95D2-05E8C06B260E) (Shutdown) 
    iPad (9th generation) (A72E220D-9E7C-4B5C-9208-A76883531A98) (Shutdown) 
    iPad Pro (11-inch) (3rd generation) (925B29A0-D3F4-43D7-A40D-3AE5548214E2) (Shutdown) 
    iPad Pro (12.9-inch) (5th generation) (E1F6D005-C66D-43D7-97FD-2E9B702B8729) (Shutdown) 
    iPad Air (5th generation) (E16D7793-33C1-4E6D-9614-8A1963BEEED4) (Shutdown) 
    iPad mini (6th generation) (F82C9D59-C310-4E3C-BD1F-E3306C5661EE) (Shutdown) 
-- iOS 16.2 --
    iPhone 8 Plus (4657C7F7-81F6-441B-A711-8517985D9354) (Shutdown) 
    iPhone 11 (1855BEBA-3A06-4206-B022-4C4C764AF9D9) (Shutdown) 
    iPhone SE (3rd generation) (DA9EBFE9-323B-46EE-919D-C14199628C30) (Shutdown) 
    iPhone 14 (860FB76E-433D-4481-9E40-18233792C567) (Shutdown) 
    iPhone 14 Plus (688F2069-A606-4D8C-850C-009F6467D557) (Shutdown) 
    iPhone 14 Pro (E46D5134-FF8F-4F08-8CD4-7E9B818C1CAC) (Shutdown) 
    iPhone 14 Pro Max (2CCA34DE-11E9-4655-88D3-EC958C079D35) (Shutdown) 
    iPad Air (5th generation) (4AA0A954-D665-4A6F-A61F-5D62B3E9E420) (Shutdown) 
    iPad (10th generation) (D116C206-2EBF-4530-958D-D20631A1EABF) (Shutdown) 
    iPad mini (6th generation) (08568F13-4D02-43B8-9C91-4550E297C352) (Shutdown) 
    iPad Pro (11-inch) (4th generation) (4A349783-4598-4AED-806B-5A122AF253F6) (Shutdown) 
    iPad Pro (12.9-inch) (6th generation) (55814B4D-00D5-49BB-9378-F32EB711BB4E) (Shutdown) 
-- tvOS 15.4 --
    Apple TV (A2E12E14-9EB4-4BBC-A171-F873FF1C851A) (Shutdown) 
    Apple TV 4K (2nd generation) (6449DE97-F00D-410B-A12C-7B5C7ADE856B) (Shutdown) 
    Apple TV 4K (at 1080p) (2nd generation) (09728E8E-C1F0-495E-9366-49DE689F5F2D) (Shutdown) 
-- tvOS 16.0 --
    Apple TV (2C42BBBA-3733-4D69-8814-6ABF68E59AAE) (Shutdown) 
    Apple TV 4K (2nd generation) (0F4651B6-3669-40C7-BB0C-061AAC45511D) (Shutdown) 
    Apple TV 4K (at 1080p) (2nd generation) (40EBB32D-AFBC-45D0-AC6A-E4B4C1EC8606) (Shutdown) 
-- tvOS 16.1 --
    Apple TV (17D66D94-661D-4A43-9E04-7B656D06B72A) (Shutdown) 
    Apple TV 4K (3rd generation) (4422F047-45E1-4C7E-91D5-5F2019DF19C5) (Shutdown) 
    Apple TV 4K (3rd generation) (at 1080p) (0DBC1380-9081-4EAE-AEA8-A0C89433751B) (Shutdown) 
-- watchOS 8.5 --
    Apple Watch Series 5 (40mm) (1E18D0AA-3BE1-466D-AA60-AA8901EA4749) (Shutdown) 
    Apple Watch Series 5 (44mm) (00377285-EDD7-4E0A-A3F5-4E908F4BE2A8) (Shutdown) 
    Apple Watch Series 6 (40mm) (DAADF231-32D8-438B-917C-C0F9D356547E) (Shutdown) 
    Apple Watch Series 6 (44mm) (B0BD1BD6-FCCC-4660-8A2B-1DEC2466C31F) (Shutdown) 
    Apple Watch Series 7 (41mm) (4E86E813-D8A2-4BED-AF2D-B2D72297CC5E) (Shutdown) 
    Apple Watch Series 7 (45mm) (79E45329-EC51-46CD-9552-83919F5B5547) (Shutdown) 
-- watchOS 9.0 --
    Apple Watch Series 5 - 40mm (36476C60-FDED-4C2F-A890-59C3239F29BD) (Shutdown) 
    Apple Watch Series 5 - 44mm (1309681D-1AA8-440C-B0FD-D0B26440192D) (Shutdown) 
    Apple Watch Series 6 - 40mm (BAA9FFBC-AF86-4612-A566-B7890F51AC46) (Shutdown) 
    Apple Watch Series 6 - 44mm (5F39B71F-5FD9-4215-82BC-A68910875592) (Shutdown) 
    Apple Watch Series 7 - 41mm (09028866-AAD3-4713-8E9A-4CD7207E7A2A) (Shutdown) 
    Apple Watch Series 7 - 45mm (9BF65C94-EE0F-4135-8786-B4FDC8611FDC) (Shutdown) 
    Apple Watch SE (40mm) (2nd generation) (F44F4573-BB04-4A1E-945E-500F3AB6C89E) (Shutdown) 
    Apple Watch SE (40mm) (2nd generation) (68246BA3-C6C7-4327-B7B5-18E1019AD227) (Shutdown) 
    Apple Watch Series 8 (41mm) (94B6BA27-396E-4100-A8D1-17415ADFCA9C) (Shutdown) 
    Apple Watch Series 8 (45mm) (174597C4-F36E-4DE4-B510-39A18F8DEDB5) (Shutdown) 
    Apple Watch Ultra (49mm) (8BE8037B-E7F1-409B-B44A-59B56D3734A6) (Shutdown) 
-- watchOS 9.1 --
    Apple Watch Series 5 (40mm) (EAE4EBFE-A9E6-44EB-8D0D-26D2194E89C6) (Shutdown) 
    Apple Watch Series 5 (44mm) (0E21A807-93D3-4EFA-A0EB-48560FA998C1) (Shutdown) 
    Apple Watch Series 6 (40mm) (17742BBD-BB82-47AF-A413-3FDDC2955D4F) (Shutdown) 
    Apple Watch Series 6 (44mm) (2B4CE961-4BEF-4783-B326-D71EF65FC8F2) (Shutdown) 
    Apple Watch Series 7 (41mm) (1898598D-B34C-4716-94D4-3400869F5EA0) (Shutdown) 
    Apple Watch Series 7 (45mm) (84DA66C8-A6D9-4F03-82EF-3FEFFC8095ED) (Shutdown) 
    Apple Watch SE (40mm) (2nd generation) (356CDE0E-011E-49F7-A387-D455E5F70A07) (Shutdown) 
    Apple Watch SE (44mm) (2nd generation) (60B72BDE-23F6-42E8-A9C7-8E814ED9963C) (Shutdown) 
    Apple Watch Series 8 (41mm) (F3DC2B9F-62DF-426D-81B9-CD0797900FDA) (Shutdown) 
    Apple Watch Series 8 (45mm) (EBAF477D-EC1F-4988-B43D-FB4494364DCE) (Shutdown) 
    Apple Watch Ultra (49mm) (1A80258A-0205-4FE9-9514-B52700636F64) (Shutdown) 
== Device Pairs ==
    Watch: Apple Watch Series 5 - 40mm (36476C60-FDED-4C2F-A890-59C3239F29BD) (Shutdown)
    Phone: iPhone 12 Pro (DFEC02CC-7EC8-425F-9B42-0B70E1EECA35) (Shutdown)
    Watch: Apple Watch Series 5 - 44mm (1309681D-1AA8-440C-B0FD-D0B26440192D) (Shutdown)
    Phone: iPhone 12 Pro Max (BFCB859A-DF15-43F5-83EB-C66EF1BF4ABE) (Shutdown)
    Watch: Apple Watch Series 6 - 40mm (BAA9FFBC-AF86-4612-A566-B7890F51AC46) (Shutdown)
    Phone: iPhone 13 Pro (60720693-CB15-4CB3-B1AE-E59A93A6ACD5) (Shutdown)
    Watch: Apple Watch Series 6 - 44mm (5F39B71F-5FD9-4215-82BC-A68910875592) (Shutdown)
    Phone: iPhone 13 Pro Max (4AFCFD8B-1539-4DA4-9EDB-7BE4783D5F4D) (Shutdown)
    Watch: Apple Watch Series 7 - 41mm (09028866-AAD3-4713-8E9A-4CD7207E7A2A) (Shutdown)
    Phone: iPhone 13 mini (07583081-915A-4991-9E19-2E973F5789B0) (Shutdown)
    Watch: Apple Watch Series 7 - 45mm (9BF65C94-EE0F-4135-8786-B4FDC8611FDC) (Shutdown)
    Phone: iPhone 14 (FD4E8FBF-0866-45C1-B7F4-CA9AEDCFBB83) (Shutdown)
    Watch: Apple Watch Series 8 (41mm) (94B6BA27-396E-4100-A8D1-17415ADFCA9C) (Shutdown)
    Phone: iPhone 14 Plus (3251D22E-240F-4E21-8185-69E999C76D76) (Shutdown)
    Watch: Apple Watch Series 8 (45mm) (174597C4-F36E-4DE4-B510-39A18F8DEDB5) (Shutdown)
    Phone: iPhone 14 Pro (E420D7ED-AE29-4E47-9F77-C8651F6838EB) (Shutdown)
    Watch: Apple Watch Ultra (49mm) (8BE8037B-E7F1-409B-B44A-59B56D3734A6) (Shutdown)
    Phone: iPhone 14 Pro Max (CBFF17AF-D1E2-4235-9F4B-B7F993AF6D39) (Shutdown)
1B6EE983-A856-4D94-9241-F91CF6DEADFC (active, disconnected)
    Watch: Apple Watch Series 7 (45mm) (84DA66C8-A6D9-4F03-82EF-3FEFFC8095ED) (Shutdown)
    Phone: iPhone 14 (860FB76E-433D-4481-9E40-18233792C567) (Shutdown)
33EE023D-ACD3-43D6-9CDD-F0D8565D3224 (active, disconnected)
    Watch: Apple Watch Series 8 (41mm) (F3DC2B9F-62DF-426D-81B9-CD0797900FDA) (Shutdown)
    Phone: iPhone 14 Plus (688F2069-A606-4D8C-850C-009F6467D557) (Shutdown)
78A39054-8ED4-4B77-8B5D-0AE367D64F80 (active, disconnected)
    Watch: Apple Watch Series 8 (45mm) (EBAF477D-EC1F-4988-B43D-FB4494364DCE) (Shutdown)
    Phone: iPhone 14 Pro (E46D5134-FF8F-4F08-8CD4-7E9B818C1CAC) (Shutdown)
33A858B0-F6E8-4781-B7E3-F3F260A2EA6E (active, disconnected)
    Watch: Apple Watch Ultra (49mm) (1A80258A-0205-4FE9-9514-B52700636F64) (Shutdown)
    Phone: iPhone 14 Pro Max (2CCA34DE-11E9-4655-88D3-EC958C079D35) (Shutdown)

========================================


=== OS X info =========================

* sw_vers
ProductName:		macOS
ProductVersion:		13.0
BuildVersion:		22A380

* system_profiler SPSoftwareDataType
Software:

    System Software Overview:

      System Version: macOS 13.0 (22A380)
      Kernel Version: Darwin 22.1.0
      Boot Volume: Macintosh HD
      Boot Mode: Normal
      Computer Name: vm-osx-xcode-14.2.x-ventura-g2.8core-e53eba9b-eb90-4371-ac29-13d931bdb43d
      User Name: vagrant (vagrant)
      Secure Virtual Memory: Enabled
      System Integrity Protection: Disabled
      Time since boot: 5 minutes, 58 seconds


========================================


=== System infos =======================
* Free disk space:
    Filesystem         Size        Avail
/dev/disk1s5s1        300Gi        134Gi
========================================

--- Android

* ANDROID_HOME (/usr/local/share/android-sdk) content:
build-tools
cmdline-tools
emulator
extras
licenses
ndk-bundle
patcher
platform-tools
platforms
system-images
tools

* ANDROID_NDK_HOME (/usr/local/share/android-sdk/ndk-bundle) content:
CHANGELOG.md
NOTICE
NOTICE.toolchain
README.md
build
meta
ndk-build
ndk-gdb
ndk-lldb
ndk-stack
ndk-which
package.xml
prebuilt
python-packages
shader-tools
simpleperf
source.properties
sources
toolchains
wrap.sh

* Android NDK Version:
Pkg.Desc = Android NDK
Pkg.Revision = 24.0.8215888

* platform-tools content:
NOTICE.txt
adb
dmtracedump
e2fsdroid
etc1tool
fastboot
hprof-conv
lib64
make_f2fs
make_f2fs_casefold
mke2fs
mke2fs.conf
package.xml
sload_f2fs
source.properties
sqlite3

* build-tools content:
26.0.1
26.0.2
27.0.0
27.0.1
27.0.2
27.0.3
28.0.0
28.0.1
28.0.2
28.0.3
29.0.0
29.0.1
29.0.2
29.0.3
30.0.0
30.0.1
30.0.2
30.0.3
31.0.0
32.0.0

* extras content:
/usr/local/share/android-sdk/extras
├── android
│   └── m2repository
├── google
│   ├── google_play_services
│   └── m2repository
└── m2repository
    └── com

8 directories, 0 files

* platforms content:
android-26
android-27
android-28
android-29
android-30
android-31
android-32

* system-images content:
/usr/local/share/android-sdk/system-images
├── android-26
│   └── google_apis
│       └── x86
├── android-28
│   └── google_apis
│       └── x86_64
├── android-29
│   └── google_apis
│       └── x86
├── android-30
│   └── google_apis
│       └── x86
├── android-31
│   └── google_apis
│       └── x86_64
└── android-32
    └── google_apis
        └── x86_64

19 directories, 0 files

========================================

 * SDK packages:
* Command line Tools version: 6.0
* Platform Tools version: 33.0.3
* Emulator version: 31.3.10
========================================


=== Android APK tools ==================

* aapt2:

========================================


=== Environment infos =======================
MATCH_KEYCHAIN_PASSWORD environment set
========================================


=== Control tests ======================
source $HOME/.bash_profile ...
source $HOME/.bash_profile - PASSED
========================================

