 (i) Ignore Errors: enabled

#
# This System Report was generated by: https://github.com/bitrise-io/osx-box-bootstrap/blob/master/system_report.sh
#  Pull Requests are welcome!
#


=== Revision / ID ======================
* BITRISE_OSX_STACK_REV_ID: v2022_08_24
========================================


=== Pre-installed tool versions ========
* Go: go version go1.18.5 darwin/amd64
* Python: Python 2.7.18
* Node.js: v16.17.0
* NPM: 8.15.0
* Yarn: 1.22.19
* Java:   system
  1.8
  1.8.0.292
  11
* 11.0 (set by /Users/vagrant/.jenv/version)
  11.0.11
  17
  17.0
  17.0.3
  openjdk64-1.8.0.292
  openjdk64-11.0.11
  openjdk64-17.0.3
  temurin64-17.0.3
* Flutter: Flutter 2.10.3 • channel stable • https://github.com/flutter/flutter.git
* fvm: 2.4.1
* Flutter SDKs via fvm: Cache Directory:  /Users/vagrant/fvm/versions

3.0.0
2.10.3 (global)
1.22.6

* git: git version 2.37.2
* git lfs: git-lfs/3.2.0 (GitHub; darwin amd64; go 1.18.2)
* mercurial/hg: Mercurial Distributed SCM (version 6.1.4)
* curl: curl 7.79.1 (x86_64-apple-darwin21.0) libcurl/7.79.1 (SecureTransport) LibreSSL/3.3.6 zlib/1.2.11 nghttp2/1.45.1
* wget: GNU Wget 1.21.3 built on darwin21.3.0.
* rsync: rsync  version 2.6.9  protocol version 29
* unzip: UnZip 6.00 of 20 April 2009, by Info-ZIP.  Maintained by C. Spieler.  Send
* zip: This is Zip 3.0 (July 5th 2008), by Info-ZIP.
* tar: bsdtar 3.5.1 - libarchive 3.5.1 zlib/1.2.11 liblzma/5.0.5 bz2lib/1.0.8 
* tree: tree v2.0.2 (c) 1996 - 2022 by Steve Baker, Thomas Moore, Francesc Rocher, Florian Sesser, Kyosuke Tokoro 

* brew: Homebrew 3.5.10
Homebrew/homebrew-core (git revision ec329ebfc89; last commit 2022-08-24)
Homebrew/homebrew-cask (git revision c9d9b61421; last commit 2022-08-24)
* Ansible: ansible [core 2.13.3]
  config file = /Users/vagrant/git/ansible.cfg
  configured module search path = ['/Users/vagrant/.ansible/plugins/modules', '/usr/share/ansible/plugins/modules']
  ansible python module location = /usr/local/Cellar/ansible/6.3.0/libexec/lib/python3.10/site-packages/ansible
  ansible collection location = /Users/vagrant/.ansible/collections:/usr/share/ansible/collections
  executable location = /usr/local/bin/ansible
* gtimeout: timeout (GNU coreutils) 9.1
* watchman: 2022.08.22.00
* flow: Flow, a static type checker for JavaScript, version 0.185.1
* carthage: 0.38.0
* imagemagick (convert): Version: ImageMagick 7.1.0-46 Q16-HDRI x86_64 20370 https://imagemagick.org
* ghostscript (ps2ascii): 9.56.1
* screen: Screen version 4.09.00 (GNU) 30-Jan-22
* firebase: 11.1.0
* applesimutils version 0.9.7
* jq: 1.6
* 0.13.0
* XCLogParser 0.2.34
* Screen 4.09.00
* applesimutils 0.9.7
* OpenConnect version v9.01
* aws-cli: aws-cli/2.7.25 Python/3.10.6 Darwin/21.5.0 source/x86_64 prompt/off
* cmake: 3.24.1
* danger-swift: 3.14.0
[0;0m
* OpenVPN 2.5.7 x86_64-apple-darwin21.5.0 [SSL (OpenSSL)] [LZO] [LZ4] [PKCS11] [MH/RECVDA] [AEAD] built on Jun  8 2022
* tuist: 3.8.0

--- Bitrise CLI tool versions
* bitrise: 1.50.0
* stepman: 0.15.0
* envman: 2.3.3
* cmd-bridge: 
========================================


=== Brew list versions ==================
ansible 6.3.0
ant 1.10.12
aom 3.4.0
applesimutils 0.9.7
apr 1.7.0_3
apr-util 1.6.1_4
argon2 20190702_1
aspell 0.60.8
autoconf 2.71
awscli 2.7.25
bazelisk 1.12.2
bdw-gc 8.0.6
boost 1.79.0_1
brotli 1.0.9
c-ares 1.18.1_1
ca-certificates 2022-07-19_1
carthage 0.38.0
cmake 3.24.1
coreutils 9.1
curl 7.84.0
danger-js 11.1.2
danger-swift 3.14.0
dart 2.17.6
docbook 5.1_1
docbook-xsl 1.79.2_1
double-conversion 3.2.1
fb303 2022.08.22.00
fbthrift 2022.08.22.00
fizz 2022.08.22.00
flow 0.185.1
fmt 9.0.0
folly 2022.08.22.00
fontconfig 2.14.0
freetds 1.3.13
freetype 2.12.1
fvm 2.4.1
gd 2.3.3_3
gdbm 1.23
gettext 0.21
gflags 2.2.2
ghostscript 9.56.1_1
giflib 5.2.1
git 2.37.2
git-lfs 3.2.0
glib 2.72.3_1
glog 0.6.0
gmp 6.2.1_1
gnu-getopt 2.38.1
gnupg 2.3.7_1
gnutls 3.7.7
go@1.17 1.17.13
go@1.18 1.18.5
gradle 7.5.1
groovy 4.0.4
guile 3.0.8_1
hub 2.14.2
icu4c 70.1
imagemagick 7.1.0-46
imath 3.1.5
jasper 3.0.6_2
jbig2dec 0.19
jenv 0.5.5_2
jpeg 9e
jpeg-turbo 2.1.4
jpeg-xl 0.6.1_1
jq 1.6
krb5 1.20
libassuan 2.5.5
libavif 0.10.1_1
libde265 1.0.8
libevent 2.1.12
libffi 3.4.2
libgcrypt 1.10.1
libgpg-error 1.45
libheif 1.12.0_2
libidn 1.41
libidn2 2.3.3
libksba 1.6.0
liblqr 0.4.2_1
libnghttp2 1.48.0
libomp 14.0.6
libpng 1.6.37
libpq 14.5
libraw 0.20.2_3
libsodium 1.0.18_1
libssh2 1.10.0
libtasn1 4.19.0
libtiff 4.4.0_1
libtool 2.4.7
libunistring 1.0
libusb 1.0.26
libuv 1.44.2
libvmaf 2.3.1
libyaml 0.2.5
libzip 1.9.2
little-cms2 2.13.1_1
llvm 14.0.6_1
lokalise2 2.6.8
lz4 1.9.4
lzo 2.10
m4 1.4.19
macos-term-size 1.0.0
maven 3.8.6
mercurial 6.1.4
mint 0.17.1
mpdecimal 2.5.1
nettle 3.8.1
node@12 12.22.12
node@16 16.17.0
npth 1.6
oniguruma 6.9.8
openconnect 9.01_2
openexr 3.1.5
openjdk 18.0.2
openjpeg 2.5.0
openldap 2.6.3
openssl@1.1 1.1.1q
openvpn 2.5.7
p11-kit 0.24.1
parallel 20220822
pcre 8.45
pcre2 10.40
php@7.4 7.4.30
pinentry 1.2.0
pkcs11-helper 1.29.0
pkg-config 0.29.2_3
pyenv 2.3.3
python@3.10 3.10.6_1
python@3.9 3.9.13_2 3.9.13_3
rbenv 1.2.0
readline 8.1.2
rtmpdump 2.4+20151223_1
ruby-build 20220726
screen 4.9.0
shared-mime-info 2.2
six 1.16.0_2
snappy 1.1.9
sqlite 3.39.2
stoken 0.92_1
swiftlint 0.48.0
tidy-html5 5.8.0
transcrypt 2.2.0
tree 2.0.2
unbound 1.16.2
unixodbc 2.3.11
wangle 2022.08.22.00
watchman 2022.08.22.00
webp 1.2.4
wget 1.21.3
x265 3.5
xcbeautify 0.13.0
xclogparser 0.2.34
xmlto 0.0.28
xz 5.2.6
yamllint 1.27.1
yarn 1.22.19
zstd 1.5.2
adoptopenjdk11 11.0.11,9
adoptopenjdk8 8,292:b10
temurin17 17.0.3,7
========================================


=== Brew deps tree ==================
adoptopenjdk/openjdk/adoptopenjdk11

adoptopenjdk/openjdk/adoptopenjdk8

ansible
├── libyaml
├── openssl@1.1
│   └── ca-certificates
├── python@3.10
│   ├── gdbm
│   ├── mpdecimal
│   ├── openssl@1.1
│   │   └── ca-certificates
│   ├── readline
│   ├── sqlite
│   │   └── readline
│   └── xz
└── six

ant
└── openjdk

aom
├── jpeg-xl
│   ├── brotli
│   ├── giflib
│   ├── imath
│   ├── jpeg-turbo
│   ├── libpng
│   ├── openexr
│   │   └── imath
│   └── webp
│       ├── giflib
│       ├── jpeg-turbo
│       ├── libpng
│       └── libtiff
│           └── jpeg-turbo
└── libvmaf

wix/brew/applesimutils

apr

apr-util
├── apr
└── openssl@1.1
    └── ca-certificates

argon2

aspell

autoconf
└── m4

awscli
├── python@3.10
│   ├── gdbm
│   ├── mpdecimal
│   ├── openssl@1.1
│   │   └── ca-certificates
│   ├── readline
│   ├── sqlite
│   │   └── readline
│   └── xz
└── six

bazelisk

bdw-gc

boost
├── icu4c
├── xz
└── zstd
    ├── lz4
    └── xz

brotli

c-ares

ca-certificates

carthage

cmake

coreutils
└── gmp

curl
├── brotli
├── libidn2
│   ├── gettext
│   └── libunistring
├── libnghttp2
├── libssh2
│   └── openssl@1.1
│       └── ca-certificates
├── openldap
│   └── openssl@1.1
│       └── ca-certificates
├── openssl@1.1
│   └── ca-certificates
├── rtmpdump
│   └── openssl@1.1
│       └── ca-certificates
└── zstd
    ├── lz4
    └── xz

danger/tap/danger-js

danger/tap/danger-swift
└── danger/tap/danger-js

dart-lang/dart/dart

docbook

docbook-xsl
└── docbook

double-conversion

fb303
├── fbthrift
│   ├── boost
│   │   ├── icu4c
│   │   ├── xz
│   │   └── zstd
│   │       ├── lz4
│   │       └── xz
│   ├── fizz
│   │   ├── boost
│   │   │   ├── icu4c
│   │   │   ├── xz
│   │   │   └── zstd
│   │   │       ├── lz4
│   │   │       └── xz
│   │   ├── double-conversion
│   │   ├── fmt
│   │   ├── folly
│   │   │   ├── boost
│   │   │   │   ├── icu4c
│   │   │   │   ├── xz
│   │   │   │   └── zstd
│   │   │   │       ├── lz4
│   │   │   │       └── xz
│   │   │   ├── double-conversion
│   │   │   ├── fmt
│   │   │   ├── gflags
│   │   │   ├── glog
│   │   │   │   └── gflags
│   │   │   ├── libevent
│   │   │   │   └── openssl@1.1
│   │   │   │       └── ca-certificates
│   │   │   ├── lz4
│   │   │   ├── openssl@1.1
│   │   │   │   └── ca-certificates
│   │   │   ├── snappy
│   │   │   ├── xz
│   │   │   └── zstd
│   │   │       ├── lz4
│   │   │       └── xz
│   │   ├── gflags
│   │   ├── glog
│   │   │   └── gflags
│   │   ├── libevent
│   │   │   └── openssl@1.1
│   │   │       └── ca-certificates
│   │   ├── libsodium
│   │   ├── lz4
│   │   ├── openssl@1.1
│   │   │   └── ca-certificates
│   │   ├── snappy
│   │   └── zstd
│   │       ├── lz4
│   │       └── xz
│   ├── fmt
│   ├── folly
│   │   ├── boost
│   │   │   ├── icu4c
│   │   │   ├── xz
│   │   │   └── zstd
│   │   │       ├── lz4
│   │   │       └── xz
│   │   ├── double-conversion
│   │   ├── fmt
│   │   ├── gflags
│   │   ├── glog
│   │   │   └── gflags
│   │   ├── libevent
│   │   │   └── openssl@1.1
│   │   │       └── ca-certificates
│   │   ├── lz4
│   │   ├── openssl@1.1
│   │   │   └── ca-certificates
│   │   ├── snappy
│   │   ├── xz
│   │   └── zstd
│   │       ├── lz4
│   │       └── xz
│   ├── gflags
│   ├── glog
│   │   └── gflags
│   ├── openssl@1.1
│   │   └── ca-certificates
│   ├── wangle
│   │   ├── boost
│   │   │   ├── icu4c
│   │   │   ├── xz
│   │   │   └── zstd
│   │   │       ├── lz4
│   │   │       └── xz
│   │   ├── double-conversion
│   │   ├── fizz
│   │   │   ├── boost
│   │   │   │   ├── icu4c
│   │   │   │   ├── xz
│   │   │   │   └── zstd
│   │   │   │       ├── lz4
│   │   │   │       └── xz
│   │   │   ├── double-conversion
│   │   │   ├── fmt
│   │   │   ├── folly
│   │   │   │   ├── boost
│   │   │   │   │   ├── icu4c
│   │   │   │   │   ├── xz
│   │   │   │   │   └── zstd
│   │   │   │   │       ├── lz4
│   │   │   │   │       └── xz
│   │   │   │   ├── double-conversion
│   │   │   │   ├── fmt
│   │   │   │   ├── gflags
│   │   │   │   ├── glog
│   │   │   │   │   └── gflags
│   │   │   │   ├── libevent
│   │   │   │   │   └── openssl@1.1
│   │   │   │   │       └── ca-certificates
│   │   │   │   ├── lz4
│   │   │   │   ├── openssl@1.1
│   │   │   │   │   └── ca-certificates
│   │   │   │   ├── snappy
│   │   │   │   ├── xz
│   │   │   │   └── zstd
│   │   │   │       ├── lz4
│   │   │   │       └── xz
│   │   │   ├── gflags
│   │   │   ├── glog
│   │   │   │   └── gflags
│   │   │   ├── libevent
│   │   │   │   └── openssl@1.1
│   │   │   │       └── ca-certificates
│   │   │   ├── libsodium
│   │   │   ├── lz4
│   │   │   ├── openssl@1.1
│   │   │   │   └── ca-certificates
│   │   │   ├── snappy
│   │   │   └── zstd
│   │   │       ├── lz4
│   │   │       └── xz
│   │   ├── fmt
│   │   ├── folly
│   │   │   ├── boost
│   │   │   │   ├── icu4c
│   │   │   │   ├── xz
│   │   │   │   └── zstd
│   │   │   │       ├── lz4
│   │   │   │       └── xz
│   │   │   ├── double-conversion
│   │   │   ├── fmt
│   │   │   ├── gflags
│   │   │   ├── glog
│   │   │   │   └── gflags
│   │   │   ├── libevent
│   │   │   │   └── openssl@1.1
│   │   │   │       └── ca-certificates
│   │   │   ├── lz4
│   │   │   ├── openssl@1.1
│   │   │   │   └── ca-certificates
│   │   │   ├── snappy
│   │   │   ├── xz
│   │   │   └── zstd
│   │   │       ├── lz4
│   │   │       └── xz
│   │   ├── gflags
│   │   ├── glog
│   │   │   └── gflags
│   │   ├── libevent
│   │   │   └── openssl@1.1
│   │   │       └── ca-certificates
│   │   ├── libsodium
│   │   ├── lz4
│   │   ├── openssl@1.1
│   │   │   └── ca-certificates
│   │   ├── snappy
│   │   └── zstd
│   │       ├── lz4
│   │       └── xz
│   └── zstd
│       ├── lz4
│       └── xz
├── fizz
│   ├── boost
│   │   ├── icu4c
│   │   ├── xz
│   │   └── zstd
│   │       ├── lz4
│   │       └── xz
│   ├── double-conversion
│   ├── fmt
│   ├── folly
│   │   ├── boost
│   │   │   ├── icu4c
│   │   │   ├── xz
│   │   │   └── zstd
│   │   │       ├── lz4
│   │   │       └── xz
│   │   ├── double-conversion
│   │   ├── fmt
│   │   ├── gflags
│   │   ├── glog
│   │   │   └── gflags
│   │   ├── libevent
│   │   │   └── openssl@1.1
│   │   │       └── ca-certificates
│   │   ├── lz4
│   │   ├── openssl@1.1
│   │   │   └── ca-certificates
│   │   ├── snappy
│   │   ├── xz
│   │   └── zstd
│   │       ├── lz4
│   │       └── xz
│   ├── gflags
│   ├── glog
│   │   └── gflags
│   ├── libevent
│   │   └── openssl@1.1
│   │       └── ca-certificates
│   ├── libsodium
│   ├── lz4
│   ├── openssl@1.1
│   │   └── ca-certificates
│   ├── snappy
│   └── zstd
│       ├── lz4
│       └── xz
├── fmt
├── folly
│   ├── boost
│   │   ├── icu4c
│   │   ├── xz
│   │   └── zstd
│   │       ├── lz4
│   │       └── xz
│   ├── double-conversion
│   ├── fmt
│   ├── gflags
│   ├── glog
│   │   └── gflags
│   ├── libevent
│   │   └── openssl@1.1
│   │       └── ca-certificates
│   ├── lz4
│   ├── openssl@1.1
│   │   └── ca-certificates
│   ├── snappy
│   ├── xz
│   └── zstd
│       ├── lz4
│       └── xz
├── gflags
├── glog
│   └── gflags
├── openssl@1.1
│   └── ca-certificates
└── wangle
    ├── boost
    │   ├── icu4c
    │   ├── xz
    │   └── zstd
    │       ├── lz4
    │       └── xz
    ├── double-conversion
    ├── fizz
    │   ├── boost
    │   │   ├── icu4c
    │   │   ├── xz
    │   │   └── zstd
    │   │       ├── lz4
    │   │       └── xz
    │   ├── double-conversion
    │   ├── fmt
    │   ├── folly
    │   │   ├── boost
    │   │   │   ├── icu4c
    │   │   │   ├── xz
    │   │   │   └── zstd
    │   │   │       ├── lz4
    │   │   │       └── xz
    │   │   ├── double-conversion
    │   │   ├── fmt
    │   │   ├── gflags
    │   │   ├── glog
    │   │   │   └── gflags
    │   │   ├── libevent
    │   │   │   └── openssl@1.1
    │   │   │       └── ca-certificates
    │   │   ├── lz4
    │   │   ├── openssl@1.1
    │   │   │   └── ca-certificates
    │   │   ├── snappy
    │   │   ├── xz
    │   │   └── zstd
    │   │       ├── lz4
    │   │       └── xz
    │   ├── gflags
    │   ├── glog
    │   │   └── gflags
    │   ├── libevent
    │   │   └── openssl@1.1
    │   │       └── ca-certificates
    │   ├── libsodium
    │   ├── lz4
    │   ├── openssl@1.1
    │   │   └── ca-certificates
    │   ├── snappy
    │   └── zstd
    │       ├── lz4
    │       └── xz
    ├── fmt
    ├── folly
    │   ├── boost
    │   │   ├── icu4c
    │   │   ├── xz
    │   │   └── zstd
    │   │       ├── lz4
    │   │       └── xz
    │   ├── double-conversion
    │   ├── fmt
    │   ├── gflags
    │   ├── glog
    │   │   └── gflags
    │   ├── libevent
    │   │   └── openssl@1.1
    │   │       └── ca-certificates
    │   ├── lz4
    │   ├── openssl@1.1
    │   │   └── ca-certificates
    │   ├── snappy
    │   ├── xz
    │   └── zstd
    │       ├── lz4
    │       └── xz
    ├── gflags
    ├── glog
    │   └── gflags
    ├── libevent
    │   └── openssl@1.1
    │       └── ca-certificates
    ├── libsodium
    ├── lz4
    ├── openssl@1.1
    │   └── ca-certificates
    ├── snappy
    └── zstd
        ├── lz4
        └── xz

fbthrift
├── boost
│   ├── icu4c
│   ├── xz
│   └── zstd
│       ├── lz4
│       └── xz
├── fizz
│   ├── boost
│   │   ├── icu4c
│   │   ├── xz
│   │   └── zstd
│   │       ├── lz4
│   │       └── xz
│   ├── double-conversion
│   ├── fmt
│   ├── folly
│   │   ├── boost
│   │   │   ├── icu4c
│   │   │   ├── xz
│   │   │   └── zstd
│   │   │       ├── lz4
│   │   │       └── xz
│   │   ├── double-conversion
│   │   ├── fmt
│   │   ├── gflags
│   │   ├── glog
│   │   │   └── gflags
│   │   ├── libevent
│   │   │   └── openssl@1.1
│   │   │       └── ca-certificates
│   │   ├── lz4
│   │   ├── openssl@1.1
│   │   │   └── ca-certificates
│   │   ├── snappy
│   │   ├── xz
│   │   └── zstd
│   │       ├── lz4
│   │       └── xz
│   ├── gflags
│   ├── glog
│   │   └── gflags
│   ├── libevent
│   │   └── openssl@1.1
│   │       └── ca-certificates
│   ├── libsodium
│   ├── lz4
│   ├── openssl@1.1
│   │   └── ca-certificates
│   ├── snappy
│   └── zstd
│       ├── lz4
│       └── xz
├── fmt
├── folly
│   ├── boost
│   │   ├── icu4c
│   │   ├── xz
│   │   └── zstd
│   │       ├── lz4
│   │       └── xz
│   ├── double-conversion
│   ├── fmt
│   ├── gflags
│   ├── glog
│   │   └── gflags
│   ├── libevent
│   │   └── openssl@1.1
│   │       └── ca-certificates
│   ├── lz4
│   ├── openssl@1.1
│   │   └── ca-certificates
│   ├── snappy
│   ├── xz
│   └── zstd
│       ├── lz4
│       └── xz
├── gflags
├── glog
│   └── gflags
├── openssl@1.1
│   └── ca-certificates
├── wangle
│   ├── boost
│   │   ├── icu4c
│   │   ├── xz
│   │   └── zstd
│   │       ├── lz4
│   │       └── xz
│   ├── double-conversion
│   ├── fizz
│   │   ├── boost
│   │   │   ├── icu4c
│   │   │   ├── xz
│   │   │   └── zstd
│   │   │       ├── lz4
│   │   │       └── xz
│   │   ├── double-conversion
│   │   ├── fmt
│   │   ├── folly
│   │   │   ├── boost
│   │   │   │   ├── icu4c
│   │   │   │   ├── xz
│   │   │   │   └── zstd
│   │   │   │       ├── lz4
│   │   │   │       └── xz
│   │   │   ├── double-conversion
│   │   │   ├── fmt
│   │   │   ├── gflags
│   │   │   ├── glog
│   │   │   │   └── gflags
│   │   │   ├── libevent
│   │   │   │   └── openssl@1.1
│   │   │   │       └── ca-certificates
│   │   │   ├── lz4
│   │   │   ├── openssl@1.1
│   │   │   │   └── ca-certificates
│   │   │   ├── snappy
│   │   │   ├── xz
│   │   │   └── zstd
│   │   │       ├── lz4
│   │   │       └── xz
│   │   ├── gflags
│   │   ├── glog
│   │   │   └── gflags
│   │   ├── libevent
│   │   │   └── openssl@1.1
│   │   │       └── ca-certificates
│   │   ├── libsodium
│   │   ├── lz4
│   │   ├── openssl@1.1
│   │   │   └── ca-certificates
│   │   ├── snappy
│   │   └── zstd
│   │       ├── lz4
│   │       └── xz
│   ├── fmt
│   ├── folly
│   │   ├── boost
│   │   │   ├── icu4c
│   │   │   ├── xz
│   │   │   └── zstd
│   │   │       ├── lz4
│   │   │       └── xz
│   │   ├── double-conversion
│   │   ├── fmt
│   │   ├── gflags
│   │   ├── glog
│   │   │   └── gflags
│   │   ├── libevent
│   │   │   └── openssl@1.1
│   │   │       └── ca-certificates
│   │   ├── lz4
│   │   ├── openssl@1.1
│   │   │   └── ca-certificates
│   │   ├── snappy
│   │   ├── xz
│   │   └── zstd
│   │       ├── lz4
│   │       └── xz
│   ├── gflags
│   ├── glog
│   │   └── gflags
│   ├── libevent
│   │   └── openssl@1.1
│   │       └── ca-certificates
│   ├── libsodium
│   ├── lz4
│   ├── openssl@1.1
│   │   └── ca-certificates
│   ├── snappy
│   └── zstd
│       ├── lz4
│       └── xz
└── zstd
    ├── lz4
    └── xz

fizz
├── boost
│   ├── icu4c
│   ├── xz
│   └── zstd
│       ├── lz4
│       └── xz
├── double-conversion
├── fmt
├── folly
│   ├── boost
│   │   ├── icu4c
│   │   ├── xz
│   │   └── zstd
│   │       ├── lz4
│   │       └── xz
│   ├── double-conversion
│   ├── fmt
│   ├── gflags
│   ├── glog
│   │   └── gflags
│   ├── libevent
│   │   └── openssl@1.1
│   │       └── ca-certificates
│   ├── lz4
│   ├── openssl@1.1
│   │   └── ca-certificates
│   ├── snappy
│   ├── xz
│   └── zstd
│       ├── lz4
│       └── xz
├── gflags
├── glog
│   └── gflags
├── libevent
│   └── openssl@1.1
│       └── ca-certificates
├── libsodium
├── lz4
├── openssl@1.1
│   └── ca-certificates
├── snappy
└── zstd
    ├── lz4
    └── xz

flow

fmt

folly
├── boost
│   ├── icu4c
│   ├── xz
│   └── zstd
│       ├── lz4
│       └── xz
├── double-conversion
├── fmt
├── gflags
├── glog
│   └── gflags
├── libevent
│   └── openssl@1.1
│       └── ca-certificates
├── lz4
├── openssl@1.1
│   └── ca-certificates
├── snappy
├── xz
└── zstd
    ├── lz4
    └── xz

fontconfig
└── freetype
    └── libpng

freetds
├── openssl@1.1
│   └── ca-certificates
└── unixodbc
    └── libtool
        └── m4

freetype
└── libpng

leoafarias/fvm/fvm

gd
├── fontconfig
│   └── freetype
│       └── libpng
├── freetype
│   └── libpng
├── jpeg-turbo
├── libavif
│   ├── aom
│   │   ├── jpeg-xl
│   │   │   ├── brotli
│   │   │   ├── giflib
│   │   │   ├── imath
│   │   │   ├── jpeg-turbo
│   │   │   ├── libpng
│   │   │   ├── openexr
│   │   │   │   └── imath
│   │   │   └── webp
│   │   │       ├── giflib
│   │   │       ├── jpeg-turbo
│   │   │       ├── libpng
│   │   │       └── libtiff
│   │   │           └── jpeg-turbo
│   │   └── libvmaf
│   ├── jpeg-turbo
│   └── libpng
├── libpng
├── libtiff
│   └── jpeg-turbo
└── webp
    ├── giflib
    ├── jpeg-turbo
    ├── libpng
    └── libtiff
        └── jpeg-turbo

gdbm

gettext

gflags

ghostscript
├── fontconfig
│   └── freetype
│       └── libpng
├── freetype
│   └── libpng
├── jbig2dec
├── jpeg-turbo
├── libidn
├── libpng
├── libtiff
│   └── jpeg-turbo
├── little-cms2
│   ├── jpeg-turbo
│   └── libtiff
│       └── jpeg-turbo
└── openjpeg
    ├── libpng
    ├── libtiff
    │   └── jpeg-turbo
    └── little-cms2
        ├── jpeg-turbo
        └── libtiff
            └── jpeg-turbo

giflib

git
├── gettext
└── pcre2

git-lfs

glib
├── gettext
└── pcre

glog
└── gflags

gmp

gnu-getopt

gnupg
├── gettext
├── gnutls
│   ├── ca-certificates
│   ├── gmp
│   ├── guile
│   │   ├── bdw-gc
│   │   ├── gmp
│   │   ├── libffi
│   │   ├── libtool
│   │   │   └── m4
│   │   ├── libunistring
│   │   ├── pkg-config
│   │   └── readline
│   ├── libidn2
│   │   ├── gettext
│   │   └── libunistring
│   ├── libtasn1
│   ├── libunistring
│   ├── nettle
│   │   └── gmp
│   ├── p11-kit
│   │   ├── ca-certificates
│   │   ├── libffi
│   │   └── libtasn1
│   └── unbound
│       ├── libevent
│       │   └── openssl@1.1
│       │       └── ca-certificates
│       ├── libnghttp2
│       └── openssl@1.1
│           └── ca-certificates
├── libassuan
│   └── libgpg-error
├── libgcrypt
│   └── libgpg-error
├── libgpg-error
├── libksba
│   └── libgpg-error
├── libusb
├── npth
└── pinentry
    ├── libassuan
    │   └── libgpg-error
    └── libgpg-error

gnutls
├── ca-certificates
├── gmp
├── guile
│   ├── bdw-gc
│   ├── gmp
│   ├── libffi
│   ├── libtool
│   │   └── m4
│   ├── libunistring
│   ├── pkg-config
│   └── readline
├── libidn2
│   ├── gettext
│   └── libunistring
├── libtasn1
├── libunistring
├── nettle
│   └── gmp
├── p11-kit
│   ├── ca-certificates
│   ├── libffi
│   └── libtasn1
└── unbound
    ├── libevent
    │   └── openssl@1.1
    │       └── ca-certificates
    ├── libnghttp2
    └── openssl@1.1
        └── ca-certificates

go@1.17

go@1.18

gradle
└── openjdk

groovy
└── openjdk

guile
├── bdw-gc
├── gmp
├── libffi
├── libtool
│   └── m4
├── libunistring
├── pkg-config
└── readline

hub

icu4c

imagemagick
├── freetype
│   └── libpng
├── ghostscript
│   ├── fontconfig
│   │   └── freetype
│   │       └── libpng
│   ├── freetype
│   │   └── libpng
│   ├── jbig2dec
│   ├── jpeg-turbo
│   ├── libidn
│   ├── libpng
│   ├── libtiff
│   │   └── jpeg-turbo
│   ├── little-cms2
│   │   ├── jpeg-turbo
│   │   └── libtiff
│   │       └── jpeg-turbo
│   └── openjpeg
│       ├── libpng
│       ├── libtiff
│       │   └── jpeg-turbo
│       └── little-cms2
│           ├── jpeg-turbo
│           └── libtiff
│               └── jpeg-turbo
├── jpeg-turbo
├── libheif
│   ├── aom
│   │   ├── jpeg-xl
│   │   │   ├── brotli
│   │   │   ├── giflib
│   │   │   ├── imath
│   │   │   ├── jpeg-turbo
│   │   │   ├── libpng
│   │   │   ├── openexr
│   │   │   │   └── imath
│   │   │   └── webp
│   │   │       ├── giflib
│   │   │       ├── jpeg-turbo
│   │   │       ├── libpng
│   │   │       └── libtiff
│   │   │           └── jpeg-turbo
│   │   └── libvmaf
│   ├── jpeg-turbo
│   ├── libde265
│   ├── libpng
│   ├── shared-mime-info
│   │   ├── gettext
│   │   ├── glib
│   │   │   ├── gettext
│   │   │   └── pcre
│   │   └── xmlto
│   │       ├── docbook
│   │       ├── docbook-xsl
│   │       │   └── docbook
│   │       └── gnu-getopt
│   └── x265
├── liblqr
│   └── glib
│       ├── gettext
│       └── pcre
├── libpng
├── libraw
│   ├── jasper
│   │   └── jpeg-turbo
│   ├── jpeg-turbo
│   ├── little-cms2
│   │   ├── jpeg-turbo
│   │   └── libtiff
│   │       └── jpeg-turbo
│   └── libomp
├── libtiff
│   └── jpeg-turbo
├── libtool
│   └── m4
├── little-cms2
│   ├── jpeg-turbo
│   └── libtiff
│       └── jpeg-turbo
├── openexr
│   └── imath
├── openjpeg
│   ├── libpng
│   ├── libtiff
│   │   └── jpeg-turbo
│   └── little-cms2
│       ├── jpeg-turbo
│       └── libtiff
│           └── jpeg-turbo
├── webp
│   ├── giflib
│   ├── jpeg-turbo
│   ├── libpng
│   └── libtiff
│       └── jpeg-turbo
├── xz
└── libomp

imath

jasper
└── jpeg-turbo

jbig2dec

jenv

jpeg

jpeg-turbo

jpeg-xl
├── brotli
├── giflib
├── imath
├── jpeg-turbo
├── libpng
├── openexr
│   └── imath
└── webp
    ├── giflib
    ├── jpeg-turbo
    ├── libpng
    └── libtiff
        └── jpeg-turbo

jq
└── oniguruma

krb5
└── openssl@1.1
    └── ca-certificates

libassuan
└── libgpg-error

libavif
├── aom
│   ├── jpeg-xl
│   │   ├── brotli
│   │   ├── giflib
│   │   ├── imath
│   │   ├── jpeg-turbo
│   │   ├── libpng
│   │   ├── openexr
│   │   │   └── imath
│   │   └── webp
│   │       ├── giflib
│   │       ├── jpeg-turbo
│   │       ├── libpng
│   │       └── libtiff
│   │           └── jpeg-turbo
│   └── libvmaf
├── jpeg-turbo
└── libpng

libde265

libevent
└── openssl@1.1
    └── ca-certificates

libffi

libgcrypt
└── libgpg-error

libgpg-error

libheif
├── aom
│   ├── jpeg-xl
│   │   ├── brotli
│   │   ├── giflib
│   │   ├── imath
│   │   ├── jpeg-turbo
│   │   ├── libpng
│   │   ├── openexr
│   │   │   └── imath
│   │   └── webp
│   │       ├── giflib
│   │       ├── jpeg-turbo
│   │       ├── libpng
│   │       └── libtiff
│   │           └── jpeg-turbo
│   └── libvmaf
├── jpeg-turbo
├── libde265
├── libpng
├── shared-mime-info
│   ├── gettext
│   ├── glib
│   │   ├── gettext
│   │   └── pcre
│   └── xmlto
│       ├── docbook
│       ├── docbook-xsl
│       │   └── docbook
│       └── gnu-getopt
└── x265

libidn

libidn2
├── gettext
└── libunistring

libksba
└── libgpg-error

liblqr
└── glib
    ├── gettext
    └── pcre

libnghttp2

libomp

libpng

libpq
├── krb5
│   └── openssl@1.1
│       └── ca-certificates
└── openssl@1.1
    └── ca-certificates

libraw
├── jasper
│   └── jpeg-turbo
├── jpeg-turbo
├── little-cms2
│   ├── jpeg-turbo
│   └── libtiff
│       └── jpeg-turbo
└── libomp

libsodium

libssh2
└── openssl@1.1
    └── ca-certificates

libtasn1

libtiff
└── jpeg-turbo

libtool
└── m4

libunistring

libusb

libuv

libvmaf

libyaml

libzip
└── zstd
    ├── lz4
    └── xz

little-cms2
├── jpeg-turbo
└── libtiff
    └── jpeg-turbo

llvm
└── python@3.10
    ├── gdbm
    ├── mpdecimal
    ├── openssl@1.1
    │   └── ca-certificates
    ├── readline
    ├── sqlite
    │   └── readline
    └── xz

lokalise/cli-2/lokalise2

lz4

lzo

m4

macos-term-size

maven
└── openjdk

mercurial
└── python@3.10
    ├── gdbm
    ├── mpdecimal
    ├── openssl@1.1
    │   └── ca-certificates
    ├── readline
    ├── sqlite
    │   └── readline
    └── xz

mint

mpdecimal

nettle
└── gmp

node@12
├── brotli
├── c-ares
├── icu4c
├── libnghttp2
├── libuv
├── openssl@1.1
│   └── ca-certificates
└── macos-term-size

node@16
├── brotli
├── c-ares
├── icu4c
├── libnghttp2
├── libuv
└── openssl@1.1
    └── ca-certificates

npth

oniguruma

openconnect
├── gettext
├── gnutls
│   ├── ca-certificates
│   ├── gmp
│   ├── guile
│   │   ├── bdw-gc
│   │   ├── gmp
│   │   ├── libffi
│   │   ├── libtool
│   │   │   └── m4
│   │   ├── libunistring
│   │   ├── pkg-config
│   │   └── readline
│   ├── libidn2
│   │   ├── gettext
│   │   └── libunistring
│   ├── libtasn1
│   ├── libunistring
│   ├── nettle
│   │   └── gmp
│   ├── p11-kit
│   │   ├── ca-certificates
│   │   ├── libffi
│   │   └── libtasn1
│   └── unbound
│       ├── libevent
│       │   └── openssl@1.1
│       │       └── ca-certificates
│       ├── libnghttp2
│       └── openssl@1.1
│           └── ca-certificates
└── stoken
    └── nettle
        └── gmp

openexr
└── imath

openjdk

openjpeg
├── libpng
├── libtiff
│   └── jpeg-turbo
└── little-cms2
    ├── jpeg-turbo
    └── libtiff
        └── jpeg-turbo

openldap
└── openssl@1.1
    └── ca-certificates

openssl@1.1
└── ca-certificates

openvpn
├── lz4
├── lzo
├── openssl@1.1
│   └── ca-certificates
└── pkcs11-helper
    └── openssl@1.1
        └── ca-certificates

p11-kit
├── ca-certificates
├── libffi
└── libtasn1

parallel

pcre

pcre2

php@7.4
├── apr
├── apr-util
│   ├── apr
│   └── openssl@1.1
│       └── ca-certificates
├── argon2
├── aspell
├── autoconf
│   └── m4
├── curl
│   ├── brotli
│   ├── libidn2
│   │   ├── gettext
│   │   └── libunistring
│   ├── libnghttp2
│   ├── libssh2
│   │   └── openssl@1.1
│   │       └── ca-certificates
│   ├── openldap
│   │   └── openssl@1.1
│   │       └── ca-certificates
│   ├── openssl@1.1
│   │   └── ca-certificates
│   ├── rtmpdump
│   │   └── openssl@1.1
│   │       └── ca-certificates
│   └── zstd
│       ├── lz4
│       └── xz
├── freetds
│   ├── openssl@1.1
│   │   └── ca-certificates
│   └── unixodbc
│       └── libtool
│           └── m4
├── gd
│   ├── fontconfig
│   │   └── freetype
│   │       └── libpng
│   ├── freetype
│   │   └── libpng
│   ├── jpeg-turbo
│   ├── libavif
│   │   ├── aom
│   │   │   ├── jpeg-xl
│   │   │   │   ├── brotli
│   │   │   │   ├── giflib
│   │   │   │   ├── imath
│   │   │   │   ├── jpeg-turbo
│   │   │   │   ├── libpng
│   │   │   │   ├── openexr
│   │   │   │   │   └── imath
│   │   │   │   └── webp
│   │   │   │       ├── giflib
│   │   │   │       ├── jpeg-turbo
│   │   │   │       ├── libpng
│   │   │   │       └── libtiff
│   │   │   │           └── jpeg-turbo
│   │   │   └── libvmaf
│   │   ├── jpeg-turbo
│   │   └── libpng
│   ├── libpng
│   ├── libtiff
│   │   └── jpeg-turbo
│   └── webp
│       ├── giflib
│       ├── jpeg-turbo
│       ├── libpng
│       └── libtiff
│           └── jpeg-turbo
├── gettext
├── gmp
├── icu4c
├── krb5
│   └── openssl@1.1
│       └── ca-certificates
├── libpq
│   ├── krb5
│   │   └── openssl@1.1
│   │       └── ca-certificates
│   └── openssl@1.1
│       └── ca-certificates
├── libsodium
├── libzip
│   └── zstd
│       ├── lz4
│       └── xz
├── oniguruma
├── openldap
│   └── openssl@1.1
│       └── ca-certificates
├── openssl@1.1
│   └── ca-certificates
├── pcre2
├── sqlite
│   └── readline
├── tidy-html5
└── unixodbc
    └── libtool
        └── m4

pinentry
├── libassuan
│   └── libgpg-error
└── libgpg-error

pkcs11-helper
└── openssl@1.1
    └── ca-certificates

pkg-config

pyenv
├── autoconf
│   └── m4
├── openssl@1.1
│   └── ca-certificates
├── pkg-config
└── readline

python@3.10
├── gdbm
├── mpdecimal
├── openssl@1.1
│   └── ca-certificates
├── readline
├── sqlite
│   └── readline
└── xz

python@3.9
├── gdbm
├── mpdecimal
├── openssl@1.1
│   └── ca-certificates
├── readline
├── sqlite
│   └── readline
└── xz

rbenv
└── ruby-build
    ├── autoconf
    │   └── m4
    ├── pkg-config
    └── readline

readline

rtmpdump
└── openssl@1.1
    └── ca-certificates

ruby-build
├── autoconf
│   └── m4
├── pkg-config
└── readline

screen

shared-mime-info
├── gettext
├── glib
│   ├── gettext
│   └── pcre
└── xmlto
    ├── docbook
    ├── docbook-xsl
    │   └── docbook
    └── gnu-getopt

six

snappy

sqlite
└── readline

stoken
└── nettle
    └── gmp

swiftlint

temurin17

tidy-html5

transcrypt

tree

unbound
├── libevent
│   └── openssl@1.1
│       └── ca-certificates
├── libnghttp2
└── openssl@1.1
    └── ca-certificates

unixodbc
└── libtool
    └── m4

wangle
├── boost
│   ├── icu4c
│   ├── xz
│   └── zstd
│       ├── lz4
│       └── xz
├── double-conversion
├── fizz
│   ├── boost
│   │   ├── icu4c
│   │   ├── xz
│   │   └── zstd
│   │       ├── lz4
│   │       └── xz
│   ├── double-conversion
│   ├── fmt
│   ├── folly
│   │   ├── boost
│   │   │   ├── icu4c
│   │   │   ├── xz
│   │   │   └── zstd
│   │   │       ├── lz4
│   │   │       └── xz
│   │   ├── double-conversion
│   │   ├── fmt
│   │   ├── gflags
│   │   ├── glog
│   │   │   └── gflags
│   │   ├── libevent
│   │   │   └── openssl@1.1
│   │   │       └── ca-certificates
│   │   ├── lz4
│   │   ├── openssl@1.1
│   │   │   └── ca-certificates
│   │   ├── snappy
│   │   ├── xz
│   │   └── zstd
│   │       ├── lz4
│   │       └── xz
│   ├── gflags
│   ├── glog
│   │   └── gflags
│   ├── libevent
│   │   └── openssl@1.1
│   │       └── ca-certificates
│   ├── libsodium
│   ├── lz4
│   ├── openssl@1.1
│   │   └── ca-certificates
│   ├── snappy
│   └── zstd
│       ├── lz4
│       └── xz
├── fmt
├── folly
│   ├── boost
│   │   ├── icu4c
│   │   ├── xz
│   │   └── zstd
│   │       ├── lz4
│   │       └── xz
│   ├── double-conversion
│   ├── fmt
│   ├── gflags
│   ├── glog
│   │   └── gflags
│   ├── libevent
│   │   └── openssl@1.1
│   │       └── ca-certificates
│   ├── lz4
│   ├── openssl@1.1
│   │   └── ca-certificates
│   ├── snappy
│   ├── xz
│   └── zstd
│       ├── lz4
│       └── xz
├── gflags
├── glog
│   └── gflags
├── libevent
│   └── openssl@1.1
│       └── ca-certificates
├── libsodium
├── lz4
├── openssl@1.1
│   └── ca-certificates
├── snappy
└── zstd
    ├── lz4
    └── xz

watchman
├── boost
│   ├── icu4c
│   ├── xz
│   └── zstd
│       ├── lz4
│       └── xz
├── fb303
│   ├── fbthrift
│   │   ├── boost
│   │   │   ├── icu4c
│   │   │   ├── xz
│   │   │   └── zstd
│   │   │       ├── lz4
│   │   │       └── xz
│   │   ├── fizz
│   │   │   ├── boost
│   │   │   │   ├── icu4c
│   │   │   │   ├── xz
│   │   │   │   └── zstd
│   │   │   │       ├── lz4
│   │   │   │       └── xz
│   │   │   ├── double-conversion
│   │   │   ├── fmt
│   │   │   ├── folly
│   │   │   │   ├── boost
│   │   │   │   │   ├── icu4c
│   │   │   │   │   ├── xz
│   │   │   │   │   └── zstd
│   │   │   │   │       ├── lz4
│   │   │   │   │       └── xz
│   │   │   │   ├── double-conversion
│   │   │   │   ├── fmt
│   │   │   │   ├── gflags
│   │   │   │   ├── glog
│   │   │   │   │   └── gflags
│   │   │   │   ├── libevent
│   │   │   │   │   └── openssl@1.1
│   │   │   │   │       └── ca-certificates
│   │   │   │   ├── lz4
│   │   │   │   ├── openssl@1.1
│   │   │   │   │   └── ca-certificates
│   │   │   │   ├── snappy
│   │   │   │   ├── xz
│   │   │   │   └── zstd
│   │   │   │       ├── lz4
│   │   │   │       └── xz
│   │   │   ├── gflags
│   │   │   ├── glog
│   │   │   │   └── gflags
│   │   │   ├── libevent
│   │   │   │   └── openssl@1.1
│   │   │   │       └── ca-certificates
│   │   │   ├── libsodium
│   │   │   ├── lz4
│   │   │   ├── openssl@1.1
│   │   │   │   └── ca-certificates
│   │   │   ├── snappy
│   │   │   └── zstd
│   │   │       ├── lz4
│   │   │       └── xz
│   │   ├── fmt
│   │   ├── folly
│   │   │   ├── boost
│   │   │   │   ├── icu4c
│   │   │   │   ├── xz
│   │   │   │   └── zstd
│   │   │   │       ├── lz4
│   │   │   │       └── xz
│   │   │   ├── double-conversion
│   │   │   ├── fmt
│   │   │   ├── gflags
│   │   │   ├── glog
│   │   │   │   └── gflags
│   │   │   ├── libevent
│   │   │   │   └── openssl@1.1
│   │   │   │       └── ca-certificates
│   │   │   ├── lz4
│   │   │   ├── openssl@1.1
│   │   │   │   └── ca-certificates
│   │   │   ├── snappy
│   │   │   ├── xz
│   │   │   └── zstd
│   │   │       ├── lz4
│   │   │       └── xz
│   │   ├── gflags
│   │   ├── glog
│   │   │   └── gflags
│   │   ├── openssl@1.1
│   │   │   └── ca-certificates
│   │   ├── wangle
│   │   │   ├── boost
│   │   │   │   ├── icu4c
│   │   │   │   ├── xz
│   │   │   │   └── zstd
│   │   │   │       ├── lz4
│   │   │   │       └── xz
│   │   │   ├── double-conversion
│   │   │   ├── fizz
│   │   │   │   ├── boost
│   │   │   │   │   ├── icu4c
│   │   │   │   │   ├── xz
│   │   │   │   │   └── zstd
│   │   │   │   │       ├── lz4
│   │   │   │   │       └── xz
│   │   │   │   ├── double-conversion
│   │   │   │   ├── fmt
│   │   │   │   ├── folly
│   │   │   │   │   ├── boost
│   │   │   │   │   │   ├── icu4c
│   │   │   │   │   │   ├── xz
│   │   │   │   │   │   └── zstd
│   │   │   │   │   │       ├── lz4
│   │   │   │   │   │       └── xz
│   │   │   │   │   ├── double-conversion
│   │   │   │   │   ├── fmt
│   │   │   │   │   ├── gflags
│   │   │   │   │   ├── glog
│   │   │   │   │   │   └── gflags
│   │   │   │   │   ├── libevent
│   │   │   │   │   │   └── openssl@1.1
│   │   │   │   │   │       └── ca-certificates
│   │   │   │   │   ├── lz4
│   │   │   │   │   ├── openssl@1.1
│   │   │   │   │   │   └── ca-certificates
│   │   │   │   │   ├── snappy
│   │   │   │   │   ├── xz
│   │   │   │   │   └── zstd
│   │   │   │   │       ├── lz4
│   │   │   │   │       └── xz
│   │   │   │   ├── gflags
│   │   │   │   ├── glog
│   │   │   │   │   └── gflags
│   │   │   │   ├── libevent
│   │   │   │   │   └── openssl@1.1
│   │   │   │   │       └── ca-certificates
│   │   │   │   ├── libsodium
│   │   │   │   ├── lz4
│   │   │   │   ├── openssl@1.1
│   │   │   │   │   └── ca-certificates
│   │   │   │   ├── snappy
│   │   │   │   └── zstd
│   │   │   │       ├── lz4
│   │   │   │       └── xz
│   │   │   ├── fmt
│   │   │   ├── folly
│   │   │   │   ├── boost
│   │   │   │   │   ├── icu4c
│   │   │   │   │   ├── xz
│   │   │   │   │   └── zstd
│   │   │   │   │       ├── lz4
│   │   │   │   │       └── xz
│   │   │   │   ├── double-conversion
│   │   │   │   ├── fmt
│   │   │   │   ├── gflags
│   │   │   │   ├── glog
│   │   │   │   │   └── gflags
│   │   │   │   ├── libevent
│   │   │   │   │   └── openssl@1.1
│   │   │   │   │       └── ca-certificates
│   │   │   │   ├── lz4
│   │   │   │   ├── openssl@1.1
│   │   │   │   │   └── ca-certificates
│   │   │   │   ├── snappy
│   │   │   │   ├── xz
│   │   │   │   └── zstd
│   │   │   │       ├── lz4
│   │   │   │       └── xz
│   │   │   ├── gflags
│   │   │   ├── glog
│   │   │   │   └── gflags
│   │   │   ├── libevent
│   │   │   │   └── openssl@1.1
│   │   │   │       └── ca-certificates
│   │   │   ├── libsodium
│   │   │   ├── lz4
│   │   │   ├── openssl@1.1
│   │   │   │   └── ca-certificates
│   │   │   ├── snappy
│   │   │   └── zstd
│   │   │       ├── lz4
│   │   │       └── xz
│   │   └── zstd
│   │       ├── lz4
│   │       └── xz
│   ├── fizz
│   │   ├── boost
│   │   │   ├── icu4c
│   │   │   ├── xz
│   │   │   └── zstd
│   │   │       ├── lz4
│   │   │       └── xz
│   │   ├── double-conversion
│   │   ├── fmt
│   │   ├── folly
│   │   │   ├── boost
│   │   │   │   ├── icu4c
│   │   │   │   ├── xz
│   │   │   │   └── zstd
│   │   │   │       ├── lz4
│   │   │   │       └── xz
│   │   │   ├── double-conversion
│   │   │   ├── fmt
│   │   │   ├── gflags
│   │   │   ├── glog
│   │   │   │   └── gflags
│   │   │   ├── libevent
│   │   │   │   └── openssl@1.1
│   │   │   │       └── ca-certificates
│   │   │   ├── lz4
│   │   │   ├── openssl@1.1
│   │   │   │   └── ca-certificates
│   │   │   ├── snappy
│   │   │   ├── xz
│   │   │   └── zstd
│   │   │       ├── lz4
│   │   │       └── xz
│   │   ├── gflags
│   │   ├── glog
│   │   │   └── gflags
│   │   ├── libevent
│   │   │   └── openssl@1.1
│   │   │       └── ca-certificates
│   │   ├── libsodium
│   │   ├── lz4
│   │   ├── openssl@1.1
│   │   │   └── ca-certificates
│   │   ├── snappy
│   │   └── zstd
│   │       ├── lz4
│   │       └── xz
│   ├── fmt
│   ├── folly
│   │   ├── boost
│   │   │   ├── icu4c
│   │   │   ├── xz
│   │   │   └── zstd
│   │   │       ├── lz4
│   │   │       └── xz
│   │   ├── double-conversion
│   │   ├── fmt
│   │   ├── gflags
│   │   ├── glog
│   │   │   └── gflags
│   │   ├── libevent
│   │   │   └── openssl@1.1
│   │   │       └── ca-certificates
│   │   ├── lz4
│   │   ├── openssl@1.1
│   │   │   └── ca-certificates
│   │   ├── snappy
│   │   ├── xz
│   │   └── zstd
│   │       ├── lz4
│   │       └── xz
│   ├── gflags
│   ├── glog
│   │   └── gflags
│   ├── openssl@1.1
│   │   └── ca-certificates
│   └── wangle
│       ├── boost
│       │   ├── icu4c
│       │   ├── xz
│       │   └── zstd
│       │       ├── lz4
│       │       └── xz
│       ├── double-conversion
│       ├── fizz
│       │   ├── boost
│       │   │   ├── icu4c
│       │   │   ├── xz
│       │   │   └── zstd
│       │   │       ├── lz4
│       │   │       └── xz
│       │   ├── double-conversion
│       │   ├── fmt
│       │   ├── folly
│       │   │   ├── boost
│       │   │   │   ├── icu4c
│       │   │   │   ├── xz
│       │   │   │   └── zstd
│       │   │   │       ├── lz4
│       │   │   │       └── xz
│       │   │   ├── double-conversion
│       │   │   ├── fmt
│       │   │   ├── gflags
│       │   │   ├── glog
│       │   │   │   └── gflags
│       │   │   ├── libevent
│       │   │   │   └── openssl@1.1
│       │   │   │       └── ca-certificates
│       │   │   ├── lz4
│       │   │   ├── openssl@1.1
│       │   │   │   └── ca-certificates
│       │   │   ├── snappy
│       │   │   ├── xz
│       │   │   └── zstd
│       │   │       ├── lz4
│       │   │       └── xz
│       │   ├── gflags
│       │   ├── glog
│       │   │   └── gflags
│       │   ├── libevent
│       │   │   └── openssl@1.1
│       │   │       └── ca-certificates
│       │   ├── libsodium
│       │   ├── lz4
│       │   ├── openssl@1.1
│       │   │   └── ca-certificates
│       │   ├── snappy
│       │   └── zstd
│       │       ├── lz4
│       │       └── xz
│       ├── fmt
│       ├── folly
│       │   ├── boost
│       │   │   ├── icu4c
│       │   │   ├── xz
│       │   │   └── zstd
│       │   │       ├── lz4
│       │   │       └── xz
│       │   ├── double-conversion
│       │   ├── fmt
│       │   ├── gflags
│       │   ├── glog
│       │   │   └── gflags
│       │   ├── libevent
│       │   │   └── openssl@1.1
│       │   │       └── ca-certificates
│       │   ├── lz4
│       │   ├── openssl@1.1
│       │   │   └── ca-certificates
│       │   ├── snappy
│       │   ├── xz
│       │   └── zstd
│       │       ├── lz4
│       │       └── xz
│       ├── gflags
│       ├── glog
│       │   └── gflags
│       ├── libevent
│       │   └── openssl@1.1
│       │       └── ca-certificates
│       ├── libsodium
│       ├── lz4
│       ├── openssl@1.1
│       │   └── ca-certificates
│       ├── snappy
│       └── zstd
│           ├── lz4
│           └── xz
├── fmt
├── folly
│   ├── boost
│   │   ├── icu4c
│   │   ├── xz
│   │   └── zstd
│   │       ├── lz4
│   │       └── xz
│   ├── double-conversion
│   ├── fmt
│   ├── gflags
│   ├── glog
│   │   └── gflags
│   ├── libevent
│   │   └── openssl@1.1
│   │       └── ca-certificates
│   ├── lz4
│   ├── openssl@1.1
│   │   └── ca-certificates
│   ├── snappy
│   ├── xz
│   └── zstd
│       ├── lz4
│       └── xz
├── gflags
├── glog
│   └── gflags
├── libevent
│   └── openssl@1.1
│       └── ca-certificates
├── openssl@1.1
│   └── ca-certificates
├── pcre2
└── python@3.10
    ├── gdbm
    ├── mpdecimal
    ├── openssl@1.1
    │   └── ca-certificates
    ├── readline
    ├── sqlite
    │   └── readline
    └── xz

webp
├── giflib
├── jpeg-turbo
├── libpng
└── libtiff
    └── jpeg-turbo

wget
├── libidn2
│   ├── gettext
│   └── libunistring
└── openssl@1.1
    └── ca-certificates

x265

xcbeautify

xclogparser

xmlto
├── docbook
├── docbook-xsl
│   └── docbook
└── gnu-getopt

xz

yamllint
├── libyaml
└── python@3.10
    ├── gdbm
    ├── mpdecimal
    ├── openssl@1.1
    │   └── ca-certificates
    ├── readline
    ├── sqlite
    │   └── readline
    └── xz

yarn

zstd
├── lz4
└── xz

========================================


=== Ruby and rubygems ==================
* Ruby (default): ruby 2.6.9p207 (2021-11-24 revision 67954) [x86_64-darwin21]
--- Available ruby versions ---
  system
  2.4.5
  2.5.3
  2.5.9
  2.6.5
* 2.6.9 (set by /Users/vagrant/.rbenv/version)
  2.7.2
  2.7.5
  3.0.0
  3.0.3
  3.1.0
-------------------------------
* rbenv: 1.2.0
* Rubygems: 3.0.3.1
* Bundler: Bundler version 2.3.21
* CocoaPods: 1.11.3
* xcpretty: 0.3.0
========================================


=== All Ruby GEMs ======================
activesupport (6.1.6)
addressable (2.8.0)
algoliasearch (1.27.5)
artifactory (3.0.15)
atomos (0.1.3)
aws-eventstream (1.2.0)
aws-partitions (1.600.0)
aws-sdk-core (3.131.2)
aws-sdk-kms (1.57.0)
aws-sdk-s3 (1.114.0)
aws-sigv4 (1.5.0)
babosa (1.0.4)
bigdecimal (default: 1.4.1)
bundler (2.3.21, 2.3.20, 2.3.17, 2.3.16, default: 1.17.2)
CFPropertyList (3.0.5)
claide (1.0.3)
clamp (1.3.2)
cmath (default: 1.0.0)
cocoapods (1.11.3)
cocoapods-core (1.11.3)
cocoapods-deintegrate (1.0.5)
cocoapods-downloader (1.6.3)
cocoapods-plugins (1.0.0)
cocoapods-search (1.0.1)
cocoapods-trunk (1.6.0)
cocoapods-try (1.2.0)
colored (1.2)
colored2 (3.1.2)
commander (4.6.0)
concurrent-ruby (1.1.10)
csv (default: 3.0.9)
date (default: 2.0.2)
dbm (default: 1.0.0)
declarative (0.0.20)
did_you_mean (1.3.0)
digest-crc (0.6.4)
domain_name (0.5.20190701)
dotenv (2.7.6)
e2mmap (default: 0.1.0)
emoji_regex (3.2.3)
escape (0.0.4)
etc (default: 1.0.1)
ethon (0.15.0)
excon (0.92.3)
faraday (1.10.0)
faraday-cookie_jar (0.0.7)
faraday-em_http (1.0.0)
faraday-em_synchrony (1.0.0)
faraday-excon (1.1.0)
faraday-httpclient (1.0.1)
faraday-multipart (1.0.4)
faraday-net_http (1.0.1)
faraday-net_http_persistent (1.2.0)
faraday-patron (1.0.0)
faraday-rack (1.0.0)
faraday-retry (1.0.3)
faraday_middleware (1.2.0)
fastimage (2.2.6)
fastlane (2.209.1, 2.209.0, 2.207.0, 2.206.2)
fcntl (default: 1.0.0)
ffi (1.15.5)
fiddle (default: 1.0.0)
fileutils (default: 1.1.0)
forwardable (default: 1.2.0)
fourflusher (2.3.1)
fuzzy_match (2.0.4)
gh_inspector (1.1.3)
google-apis-androidpublisher_v3 (0.22.0)
google-apis-core (0.6.0)
google-apis-iamcredentials_v1 (0.12.0)
google-apis-playcustomapp_v1 (0.9.0)
google-apis-storage_v1 (0.15.0)
google-cloud-core (1.6.0)
google-cloud-env (1.6.0)
google-cloud-errors (1.2.0)
google-cloud-storage (1.36.2)
googleauth (1.1.3)
highline (2.0.3)
http-cookie (1.0.5)
httpclient (2.8.3)
i18n (1.10.0)
io-console (default: 0.4.7)
ipaddr (default: 1.2.2)
irb (default: 1.0.0)
jazzy (0.14.2)
jmespath (1.6.1)
json (default: 2.1.0)
jwt (2.4.1)
liferaft (0.0.6)
logger (default: 1.3.0)
matrix (default: 0.1.0)
memoist (0.16.2)
mini_magick (4.11.0)
mini_mime (1.1.2)
minitest (5.11.3)
molinillo (0.8.0)
multi_json (1.15.0)
multipart-post (2.0.0)
mustache (1.1.1)
mutex_m (default: 0.1.0)
nanaimo (0.3.0)
nap (1.1.0)
naturally (2.2.1)
net-telnet (0.2.0)
netrc (0.11.0)
nokogiri (1.13.6 x86_64-darwin)
open4 (1.3.4)
openssl (default: 2.1.2)
optparse (0.1.1)
os (1.1.4)
ostruct (default: 0.1.0)
plist (3.6.0)
power_assert (1.1.3)
prime (default: 0.1.0)
psych (default: 3.1.0)
public_suffix (4.0.7)
racc (1.6.0)
rake (12.3.3)
rdoc (default: 6.1.2.1)
redcarpet (3.5.1)
representable (3.2.0)
retriable (3.1.2)
rexml (3.2.5, default: 3.1.9.1)
rouge (2.0.7)
rss (default: 0.2.7)
ruby-macho (2.5.1)
ruby2_keywords (0.0.5)
rubyzip (2.3.2)
sassc (2.4.0)
scanf (default: 1.0.0)
sdbm (default: 1.0.0)
security (0.1.3)
shell (default: 0.7)
signet (0.16.1)
simctl (1.6.8)
slack-notifier (2.4.0)
slather (2.7.2)
sqlite3 (1.4.4)
stringio (default: 0.0.2)
strscan (default: 1.0.0)
sync (default: 0.5.0)
terminal-notifier (2.0.0)
terminal-table (1.8.0)
test-unit (3.2.9)
thwait (default: 0.1.0)
tracer (default: 0.1.0)
trailblazer-option (0.1.2)
trainer (0.9.1)
tty-cursor (0.7.1)
tty-screen (0.8.1)
tty-spinner (0.9.3)
typhoeus (1.4.0)
tzinfo (2.0.4)
uber (0.1.0)
unf (0.1.4)
unf_ext (0.0.8.2)
unicode-display_width (1.8.0)
webrick (default: 1.4.4)
word_wrap (1.0.0)
xcinvoke (0.3.0)
xcode-install (2.8.0)
xcodeproj (1.21.0)
xcov (1.8.1)
xcpretty (0.3.0)
xcpretty-json-formatter (0.1.1)
xcpretty-travis-formatter (1.0.1)
xcresult (0.2.1)
xmlrpc (0.3.0)
zeitwerk (2.6.0)
zlib (default: 1.0.0)
========================================


=== NPM global packages ==========================
* Cordova: 11.0.0
* Ionic: 6.19.0
* Appcenter-CLI version: 2.10.8
========================================


=== Checking Xcode CLT dirs ============

 ls -1 /Library/Developer/CommandLineTools/SDKs/MacOSX.sdk/usr/include/CommonCrypto
CommonCrypto.h
CommonCryptoError.h
CommonCryptor.h
CommonDigest.h
CommonHMAC.h
CommonKeyDerivation.h
CommonRandom.h
CommonSymmetricKeywrap.h
module.modulemap

 * ls -1 /Library/Developer/CommandLineTools/
Library
SDKs
usr

 * /Library/Developer/CommandLineTools/usr/bin/swift --version
Apple Swift version 5.6.1 (swiftlang-5.6.0.323.66 clang-1316.0.20.12)
Target: x86_64-apple-darwin21.5.0

========================================


=== Xcode ==============================

* Active Xcode Command Line Tools:
/Applications/Xcode-13.2.1.app/Contents/Developer

* Xcode Version:
Xcode 13.2.1
Build version 13C100

* /usr/bin/swift --version
Apple Swift version 5.5.2 (swiftlang-1300.0.47.5 clang-1300.0.29.30)
Target: x86_64-apple-macosx12.0

* Installed SDKs:
DriverKit SDKs:
	DriverKit 21.2                	-sdk driverkit21.2

iOS SDKs:
	iOS 15.2                      	-sdk iphoneos15.2

iOS Simulator SDKs:
	Simulator - iOS 15.2          	-sdk iphonesimulator15.2

macOS SDKs:
	macOS 12.1                    	-sdk macosx12.1

tvOS SDKs:
	tvOS 15.2                     	-sdk appletvos15.2

tvOS Simulator SDKs:
	Simulator - tvOS 15.2         	-sdk appletvsimulator15.2

watchOS SDKs:
	watchOS 8.3                   	-sdk watchos8.3

watchOS Simulator SDKs:
	Simulator - watchOS 8.3       	-sdk watchsimulator8.3


* Available Simulators:
== Device Types ==
iPhone 4s (com.apple.CoreSimulator.SimDeviceType.iPhone-4s)
iPhone 5 (com.apple.CoreSimulator.SimDeviceType.iPhone-5)
iPhone 5s (com.apple.CoreSimulator.SimDeviceType.iPhone-5s)
iPhone 6 Plus (com.apple.CoreSimulator.SimDeviceType.iPhone-6-Plus)
iPhone 6 (com.apple.CoreSimulator.SimDeviceType.iPhone-6)
iPhone 6s (com.apple.CoreSimulator.SimDeviceType.iPhone-6s)
iPhone 6s Plus (com.apple.CoreSimulator.SimDeviceType.iPhone-6s-Plus)
iPhone SE (1st generation) (com.apple.CoreSimulator.SimDeviceType.iPhone-SE)
iPhone 7 (com.apple.CoreSimulator.SimDeviceType.iPhone-7)
iPhone 7 Plus (com.apple.CoreSimulator.SimDeviceType.iPhone-7-Plus)
iPhone 8 (com.apple.CoreSimulator.SimDeviceType.iPhone-8)
iPhone 8 Plus (com.apple.CoreSimulator.SimDeviceType.iPhone-8-Plus)
iPhone X (com.apple.CoreSimulator.SimDeviceType.iPhone-X)
iPhone Xs (com.apple.CoreSimulator.SimDeviceType.iPhone-XS)
iPhone Xs Max (com.apple.CoreSimulator.SimDeviceType.iPhone-XS-Max)
iPhone Xʀ (com.apple.CoreSimulator.SimDeviceType.iPhone-XR)
iPhone 11 (com.apple.CoreSimulator.SimDeviceType.iPhone-11)
iPhone 11 Pro (com.apple.CoreSimulator.SimDeviceType.iPhone-11-Pro)
iPhone 11 Pro Max (com.apple.CoreSimulator.SimDeviceType.iPhone-11-Pro-Max)
iPhone SE (2nd generation) (com.apple.CoreSimulator.SimDeviceType.iPhone-SE--2nd-generation-)
iPhone 12 mini (com.apple.CoreSimulator.SimDeviceType.iPhone-12-mini)
iPhone 12 (com.apple.CoreSimulator.SimDeviceType.iPhone-12)
iPhone 12 Pro (com.apple.CoreSimulator.SimDeviceType.iPhone-12-Pro)
iPhone 12 Pro Max (com.apple.CoreSimulator.SimDeviceType.iPhone-12-Pro-Max)
iPhone 13 Pro (com.apple.CoreSimulator.SimDeviceType.iPhone-13-Pro)
iPhone 13 Pro Max (com.apple.CoreSimulator.SimDeviceType.iPhone-13-Pro-Max)
iPhone 13 mini (com.apple.CoreSimulator.SimDeviceType.iPhone-13-mini)
iPhone 13 (com.apple.CoreSimulator.SimDeviceType.iPhone-13)
iPod touch (7th generation) (com.apple.CoreSimulator.SimDeviceType.iPod-touch--7th-generation-)
iPad 2 (com.apple.CoreSimulator.SimDeviceType.iPad-2)
iPad Retina (com.apple.CoreSimulator.SimDeviceType.iPad-Retina)
iPad Air (com.apple.CoreSimulator.SimDeviceType.iPad-Air)
iPad mini 2 (com.apple.CoreSimulator.SimDeviceType.iPad-mini-2)
iPad mini 3 (com.apple.CoreSimulator.SimDeviceType.iPad-mini-3)
iPad mini 4 (com.apple.CoreSimulator.SimDeviceType.iPad-mini-4)
iPad Air 2 (com.apple.CoreSimulator.SimDeviceType.iPad-Air-2)
iPad Pro (9.7-inch) (com.apple.CoreSimulator.SimDeviceType.iPad-Pro--9-7-inch-)
iPad Pro (12.9-inch) (1st generation) (com.apple.CoreSimulator.SimDeviceType.iPad-Pro)
iPad (5th generation) (com.apple.CoreSimulator.SimDeviceType.iPad--5th-generation-)
iPad Pro (12.9-inch) (2nd generation) (com.apple.CoreSimulator.SimDeviceType.iPad-Pro--12-9-inch---2nd-generation-)
iPad Pro (10.5-inch) (com.apple.CoreSimulator.SimDeviceType.iPad-Pro--10-5-inch-)
iPad (6th generation) (com.apple.CoreSimulator.SimDeviceType.iPad--6th-generation-)
iPad (7th generation) (com.apple.CoreSimulator.SimDeviceType.iPad--7th-generation-)
iPad Pro (11-inch) (1st generation) (com.apple.CoreSimulator.SimDeviceType.iPad-Pro--11-inch-)
iPad Pro (12.9-inch) (3rd generation) (com.apple.CoreSimulator.SimDeviceType.iPad-Pro--12-9-inch---3rd-generation-)
iPad Pro (11-inch) (2nd generation) (com.apple.CoreSimulator.SimDeviceType.iPad-Pro--11-inch---2nd-generation-)
iPad Pro (12.9-inch) (4th generation) (com.apple.CoreSimulator.SimDeviceType.iPad-Pro--12-9-inch---4th-generation-)
iPad mini (5th generation) (com.apple.CoreSimulator.SimDeviceType.iPad-mini--5th-generation-)
iPad Air (3rd generation) (com.apple.CoreSimulator.SimDeviceType.iPad-Air--3rd-generation-)
iPad (8th generation) (com.apple.CoreSimulator.SimDeviceType.iPad--8th-generation-)
iPad (9th generation) (com.apple.CoreSimulator.SimDeviceType.iPad-9th-generation)
iPad Air (4th generation) (com.apple.CoreSimulator.SimDeviceType.iPad-Air--4th-generation-)
iPad Pro (11-inch) (3rd generation) (com.apple.CoreSimulator.SimDeviceType.iPad-Pro-11-inch-3rd-generation)
iPad Pro (12.9-inch) (5th generation) (com.apple.CoreSimulator.SimDeviceType.iPad-Pro-12-9-inch-5th-generation)
iPad mini (6th generation) (com.apple.CoreSimulator.SimDeviceType.iPad-mini-6th-generation)
Apple TV (com.apple.CoreSimulator.SimDeviceType.Apple-TV-1080p)
Apple TV 4K (com.apple.CoreSimulator.SimDeviceType.Apple-TV-4K-4K)
Apple TV 4K (at 1080p) (com.apple.CoreSimulator.SimDeviceType.Apple-TV-4K-1080p)
Apple TV 4K (2nd generation) (com.apple.CoreSimulator.SimDeviceType.Apple-TV-4K-2nd-generation-4K)
Apple TV 4K (at 1080p) (2nd generation) (com.apple.CoreSimulator.SimDeviceType.Apple-TV-4K-2nd-generation-1080p)
Apple Watch - 38mm (com.apple.CoreSimulator.SimDeviceType.Apple-Watch-38mm)
Apple Watch - 42mm (com.apple.CoreSimulator.SimDeviceType.Apple-Watch-42mm)
Apple Watch Series 2 - 38mm (com.apple.CoreSimulator.SimDeviceType.Apple-Watch-Series-2-38mm)
Apple Watch Series 2 - 42mm (com.apple.CoreSimulator.SimDeviceType.Apple-Watch-Series-2-42mm)
Apple Watch Series 3 - 38mm (com.apple.CoreSimulator.SimDeviceType.Apple-Watch-Series-3-38mm)
Apple Watch Series 3 - 42mm (com.apple.CoreSimulator.SimDeviceType.Apple-Watch-Series-3-42mm)
Apple Watch Series 4 - 40mm (com.apple.CoreSimulator.SimDeviceType.Apple-Watch-Series-4-40mm)
Apple Watch Series 4 - 44mm (com.apple.CoreSimulator.SimDeviceType.Apple-Watch-Series-4-44mm)
Apple Watch Series 5 - 40mm (com.apple.CoreSimulator.SimDeviceType.Apple-Watch-Series-5-40mm)
Apple Watch Series 5 - 44mm (com.apple.CoreSimulator.SimDeviceType.Apple-Watch-Series-5-44mm)
Apple Watch SE - 40mm (com.apple.CoreSimulator.SimDeviceType.Apple-Watch-SE-40mm)
Apple Watch SE - 44mm (com.apple.CoreSimulator.SimDeviceType.Apple-Watch-SE-44mm)
Apple Watch Series 6 - 40mm (com.apple.CoreSimulator.SimDeviceType.Apple-Watch-Series-6-40mm)
Apple Watch Series 6 - 44mm (com.apple.CoreSimulator.SimDeviceType.Apple-Watch-Series-6-44mm)
Apple Watch Series 7 - 41mm (com.apple.CoreSimulator.SimDeviceType.Apple-Watch-Series-7-41mm)
Apple Watch Series 7 - 45mm (com.apple.CoreSimulator.SimDeviceType.Apple-Watch-Series-7-45mm)
== Runtimes ==
iOS 13.7 (13.7 - 17H22) - com.apple.CoreSimulator.SimRuntime.iOS-13-7
iOS 14.4 (14.4 - 18D46) - com.apple.CoreSimulator.SimRuntime.iOS-14-4
iOS 14.5 (14.5 - 18E182) - com.apple.CoreSimulator.SimRuntime.iOS-14-5
iOS 15.0 (15.0 - 19A339) - com.apple.CoreSimulator.SimRuntime.iOS-15-0
iOS 15.2 (15.2 - 19C51) - com.apple.CoreSimulator.SimRuntime.iOS-15-2
tvOS 14.3 (14.3 - 18K559) - com.apple.CoreSimulator.SimRuntime.tvOS-14-3
tvOS 14.4 (14.4 - 18K802) - com.apple.CoreSimulator.SimRuntime.tvOS-14-4
tvOS 14.5 (14.5 - 18L191) - com.apple.CoreSimulator.SimRuntime.tvOS-14-5
tvOS 15.2 (15.2 - 19K50) - com.apple.CoreSimulator.SimRuntime.tvOS-15-2
watchOS 7.2 (7.2 - 18S561) - com.apple.CoreSimulator.SimRuntime.watchOS-7-2
watchOS 7.4 (7.4 - 18T187) - com.apple.CoreSimulator.SimRuntime.watchOS-7-4
watchOS 8.3 (8.3 - 19S51) - com.apple.CoreSimulator.SimRuntime.watchOS-8-3
== Devices ==
-- iOS 13.7 --
    iPhone 8 (1B9E22BB-8CA1-4A65-905E-8255F5CA97AD) (Shutdown) 
    iPhone 8 Plus (446EB133-5C5D-4C22-BF37-96AB2B9BED61) (Shutdown) 
    iPhone 11 (B84976B2-8824-40D5-853E-88F27D63BA15) (Shutdown) 
    iPhone 11 Pro (00CE6724-0FA4-435D-8EE4-1E24ADDA8733) (Shutdown) 
    iPhone 11 Pro Max (CBB96972-BC40-4AFF-8E4D-D3008277C0A4) (Shutdown) 
    iPhone SE (2nd generation) (68AA2CB1-3D7C-47C6-9AC8-B80208D84710) (Shutdown) 
    iPad Pro (9.7-inch) (C963588D-62C3-442E-9CB8-884001C4F228) (Shutdown) 
    iPad (7th generation) (80629EF0-67B0-482B-9C0E-F65E5B535CB9) (Shutdown) 
    iPad Pro (11-inch) (2nd generation) (D9619DA4-705A-4E24-9C58-B73EA8D8537A) (Shutdown) 
    iPad Pro (12.9-inch) (4th generation) (2556F669-A0FE-43FA-8254-2E5DB5C0ADF3) (Shutdown) 
    iPad Air (3rd generation) (E0F63C22-8301-4051-8BFE-A88C40B411E6) (Shutdown) 
-- iOS 14.4 --
    iPhone 8 (C6A4FE60-8900-40B6-B700-DA638AAA660E) (Shutdown) 
    iPhone 8 Plus (12366BA2-7808-4621-B953-35A93F7FC847) (Shutdown) 
    iPhone 11 (4083A519-7F69-4B0D-A034-B671A20D21A7) (Shutdown) 
    iPhone 11 Pro (A0555FDF-11E2-4A1E-9AEA-A783F22A97ED) (Shutdown) 
    iPhone 11 Pro Max (F1F0FCA9-20A7-4ECD-9F88-0BC0C12848C9) (Shutdown) 
    iPhone SE (2nd generation) (0C3BEBC8-3B45-40C4-87C7-111D1BD77046) (Shutdown) 
    iPhone 12 mini (4255F8E8-CC8C-408C-8D08-BDFB67AC7F1F) (Shutdown) 
    iPhone 12 (69EA94C6-3509-4EAB-A764-16233D2A5131) (Shutdown) 
    iPhone 12 Pro (C49AC3F3-6A6F-476D-A344-84DCF5F766FE) (Shutdown) 
    iPhone 12 Pro Max (42373E8D-DA84-43D5-A567-05D77ECA5631) (Shutdown) 
    iPod touch (7th generation) (694EE95F-1226-4F07-988C-67CF111FA61D) (Shutdown) 
    iPad Pro (9.7-inch) (2B405EB9-8BEE-482D-987D-3313CA4AE994) (Shutdown) 
    iPad Pro (11-inch) (2nd generation) (01FBA47F-18C4-40FE-8E42-02920DD345FF) (Shutdown) 
    iPad Pro (12.9-inch) (4th generation) (5CB5D05D-CC89-434D-A7C0-8FC5D8864CE0) (Shutdown) 
    iPad (8th generation) (527D428F-942B-4B46-91D3-21A11FF006BD) (Shutdown) 
    iPad Air (4th generation) (966E39B0-0FC9-4EBC-9038-8107FA80D880) (Shutdown) 
-- iOS 14.5 --
    iPhone 8 (C8A94E41-5CEE-4AFA-97F5-04AD0EF23D34) (Shutdown) 
    iPhone 8 Plus (55149CA1-ACA1-442D-9FFE-65894B6A2AFA) (Shutdown) 
    iPhone 11 (0C3DFB41-F728-4D4C-B1FF-2013B78F2EDD) (Shutdown) 
    iPhone 11 Pro (DE075358-24D6-4E1A-8057-DD504F1DC628) (Shutdown) 
    iPhone 11 Pro Max (DC8C078D-0523-4260-89F4-4E76EA204A68) (Shutdown) 
    iPhone SE (2nd generation) (1F586357-9123-41D3-A578-81934D7BC53D) (Shutdown) 
    iPhone 12 mini (A185371E-0654-48AC-A244-51E4B7354ED2) (Shutdown) 
    iPhone 12 (DD9CCC5C-B62C-4F5D-94F6-E4DFEA1373DF) (Shutdown) 
    iPhone 12 Pro (FF800190-0805-400E-9C69-CC792CFDC594) (Shutdown) 
    iPhone 12 Pro Max (5ABDA31D-1C07-4A30-9FB1-59E0FB5F8348) (Shutdown) 
    iPod touch (7th generation) (BFEDFCF7-E6FC-488D-AAB2-297496DB0989) (Shutdown) 
    iPad Pro (9.7-inch) (71317FCC-A190-442F-AFB5-1CECBDB5E993) (Shutdown) 
    iPad (8th generation) (C5365FD8-05FD-4EFC-BDE5-CCAE10190D08) (Shutdown) 
    iPad Air (4th generation) (BB0C1ACA-0378-46A4-B72E-ACCA04E837D4) (Shutdown) 
    iPad Pro (11-inch) (3rd generation) (3B5CEC6A-FB7D-4833-8548-5F518CF4AEB5) (Shutdown) 
    iPad Pro (12.9-inch) (5th generation) (E8D8FD13-79DA-4B97-92BD-70E784BD11CE) (Shutdown) 
-- iOS 15.0 --
    iPhone 8 (B6607A4C-3B6A-4487-844D-BFDE156C2111) (Shutdown) 
    iPhone 8 Plus (89950EAE-5852-4A80-9F8B-E3BD1500E318) (Shutdown) 
    iPhone 11 (5F1848EE-3C67-4E84-A17E-A54C9B1F6DBA) (Shutdown) 
    iPhone 11 Pro (4C89AA80-5C6E-4402-9A8F-CB49CB0A5111) (Shutdown) 
    iPhone 11 Pro Max (7C77E04F-A496-4DB4-8FC7-88DB03E79D65) (Shutdown) 
    iPhone SE (2nd generation) (F4E35DDE-E2CC-4FF3-A8AB-374789C2BD47) (Shutdown) 
    iPhone 12 mini (07D4EA81-DFAA-499A-903B-583BFE19C85C) (Shutdown) 
    iPhone 12 (A7E4C0A3-44E0-45A0-8360-ACDDC6BAE612) (Shutdown) 
    iPhone 12 Pro (4BC0FB2C-B557-4938-A18E-247BFEB5758E) (Shutdown) 
    iPhone 12 Pro Max (E17E33F4-1F3E-4739-9D80-B337CFECBFCC) (Shutdown) 
    iPhone 13 Pro (185D7C9D-BFB9-47B3-9BB2-F7FE75C35F2C) (Shutdown) 
    iPhone 13 Pro Max (7ABCC979-DC78-43F2-8F8F-6E6884601344) (Shutdown) 
    iPhone 13 mini (2097D3CC-C45A-4CB5-B395-2C7301C7A6F0) (Shutdown) 
    iPhone 13 (4F6506E0-743D-420B-AD30-1EBDEEC1F90A) (Shutdown) 
    iPod touch (7th generation) (E813888C-6937-4D36-89B3-4945CAF0AC32) (Shutdown) 
    iPad Pro (9.7-inch) (2E7F83D4-BD63-4C89-A5BE-D70DEA888359) (Shutdown) 
    iPad (9th generation) (92ED0479-9802-4431-9778-464AE1225ADF) (Shutdown) 
    iPad Air (4th generation) (59B347D8-2F43-4631-B1BB-F0D0E4AAA175) (Shutdown) 
    iPad Pro (11-inch) (3rd generation) (A0936779-C035-45C1-BC7D-2DE8B89902FD) (Shutdown) 
    iPad Pro (12.9-inch) (5th generation) (CB4A5DF9-7257-49E3-87A1-2561D9E1CF46) (Shutdown) 
    iPad mini (6th generation) (14F02BE8-F12A-480F-BE83-FE79E348B8B4) (Shutdown) 
-- iOS 15.2 --
    iPhone 8 (788D02A7-0B01-4DEF-8B6B-C2F14122F372) (Shutdown) 
    iPhone 8 Plus (217BB9D4-A83F-4E05-B919-47CE66F7E2EC) (Shutdown) 
    iPhone 11 (962168A4-BB74-4DD4-A504-5B4505211EAD) (Shutdown) 
    iPhone 11 Pro (2A35A867-61B5-4D5F-8A36-AB21785495A2) (Shutdown) 
    iPhone 11 Pro Max (81D575D6-E6AA-4E08-BD29-BD11C52BD2F6) (Shutdown) 
    iPhone SE (2nd generation) (D294D51C-6D7F-4504-830E-D498F9E67FCF) (Shutdown) 
    iPhone 12 mini (A1936388-7C16-4CCA-951C-714524D75662) (Shutdown) 
    iPhone 12 (17F46474-3260-4725-AD05-4DFF854621B7) (Shutdown) 
    iPhone 12 Pro (A12518F0-56AD-4EB9-889C-2E677C08342A) (Shutdown) 
    iPhone 12 Pro Max (B32945BE-925E-4FA0-8274-6FE604403FFA) (Shutdown) 
    iPhone 13 Pro (D378E0B6-6717-48D4-9D41-F44155384C67) (Shutdown) 
    iPhone 13 Pro Max (20A6DBBB-AF21-4BA4-8B6D-68CA35924611) (Shutdown) 
    iPhone 13 mini (B61E2068-CA14-45D2-96E6-C2792A250CF4) (Shutdown) 
    iPhone 13 (945736A6-FDEF-4D21-B4A9-C3522718734B) (Shutdown) 
    iPod touch (7th generation) (07AB4097-B1CF-451F-B95E-B94387E7EC8B) (Shutdown) 
    iPad Pro (9.7-inch) (53F69049-F493-4051-A355-AC882ECEC457) (Shutdown) 
    iPad (9th generation) (A88B7F8D-732B-489D-8F6E-ABB4C35E74C8) (Shutdown) 
    iPad Air (4th generation) (DB8C0273-C940-4273-9AF5-F0CBC72CA494) (Shutdown) 
    iPad Pro (11-inch) (3rd generation) (518BE34B-0711-4412-BD74-6E801C3E7C98) (Shutdown) 
    iPad Pro (12.9-inch) (5th generation) (1395EBB2-E178-4838-B1EF-9779E23C69BD) (Shutdown) 
    iPad mini (6th generation) (C93C1FBB-4476-403E-883B-CEB0B3FBD65D) (Shutdown) 
-- tvOS 14.3 --
    Apple TV (722E6FCB-A5AB-4F1F-967D-AB9C52C3CC77) (Shutdown) 
    Apple TV 4K (AC31BFDA-841C-49E4-813A-4E8F80210FD9) (Shutdown) 
    Apple TV 4K (at 1080p) (1344449A-6C35-4AE1-9B37-2887A9BCAC28) (Shutdown) 
-- tvOS 14.4 --
    Apple TV (228AA733-34FD-4585-9BA6-E4DEF4DBCB9D) (Shutdown) 
    Apple TV 4K (B4706598-CDDD-467C-AB2D-54C4D0C65770) (Shutdown) 
    Apple TV 4K (at 1080p) (6668A521-1504-4ECD-AC95-A92B1082386F) (Shutdown) 
-- tvOS 14.5 --
    Apple TV (60196B2F-B508-41ED-B338-5E7D615149EC) (Shutdown) 
    Apple TV 4K (2nd generation) (A3763C30-E769-44D9-A708-35FC38135B43) (Shutdown) 
    Apple TV 4K (at 1080p) (2nd generation) (42807FAC-F3B4-4A17-8B79-B3A19FB2B805) (Shutdown) 
-- tvOS 15.2 --
    Apple TV (37032CB4-2EB9-4D9F-988A-C47213D7FC5A) (Shutdown) 
    Apple TV 4K (2nd generation) (7B084D5B-8CA4-4EF0-BB43-E0B9B7A073D9) (Shutdown) 
    Apple TV 4K (at 1080p) (2nd generation) (3D733AE5-D01B-4550-A9AB-DF689467D13E) (Shutdown) 
-- watchOS 7.2 --
    Apple Watch Series 5 - 40mm (E33CE357-CF14-4F20-A35C-02E305CE318D) (Shutdown) 
    Apple Watch Series 5 - 44mm (68C83555-75DA-4F34-804F-294AF4FDCFAF) (Shutdown) 
    Apple Watch Series 6 - 40mm (68C8B6CD-CE6B-43A9-A564-01B3DE8F1FF7) (Shutdown) 
    Apple Watch Series 6 - 44mm (2383C1B3-12D6-475A-8545-BE50B7701922) (Shutdown) 
-- watchOS 7.4 --
    Apple Watch Series 5 - 40mm (C55ECFD2-28E4-4DAB-8991-D11027A77F41) (Shutdown) 
    Apple Watch Series 5 - 44mm (4A2A5768-12AC-4D4E-8878-91685B6E2F37) (Shutdown) 
    Apple Watch Series 6 - 40mm (2DEE1F67-3FF2-4188-8C26-BB83AC31C3E8) (Shutdown) 
    Apple Watch Series 6 - 44mm (1D2184B3-75D6-426A-8957-D584F3052341) (Shutdown) 
-- watchOS 8.3 --
    Apple Watch Series 5 - 40mm (6AF5CF82-F4FE-43CE-BD7B-A2EABF225BBE) (Shutdown) 
    Apple Watch Series 5 - 44mm (0E558152-3C09-4046-A32E-CE1A5C892C68) (Shutdown) 
    Apple Watch Series 6 - 40mm (E27AE8B3-AE15-4BB9-BC12-AF3056BB9ADF) (Shutdown) 
    Apple Watch Series 6 - 44mm (D01B9C7F-7B8F-4CD9-8FDB-DDB7BC94FF8B) (Shutdown) 
    Apple Watch Series 7 - 41mm (D5EA5629-8D76-4842-9E73-BFCD1F7DBFFE) (Shutdown) 
    Apple Watch Series 7 - 45mm (D96E486D-7E10-42FB-9EEF-4725BBC3A003) (Shutdown) 
== Device Pairs ==
9CD7398B-E106-455F-A775-3862A77C56F3 (active, disconnected)
    Watch: Apple Watch Series 5 - 40mm (6AF5CF82-F4FE-43CE-BD7B-A2EABF225BBE) (Shutdown)
    Phone: iPhone 12 Pro (A12518F0-56AD-4EB9-889C-2E677C08342A) (Shutdown)
18068E25-3989-4D43-9D92-2E6D86A45669 (active, disconnected)
    Watch: Apple Watch Series 5 - 44mm (0E558152-3C09-4046-A32E-CE1A5C892C68) (Shutdown)
    Phone: iPhone 12 Pro Max (B32945BE-925E-4FA0-8274-6FE604403FFA) (Shutdown)
0D9860CD-EFE1-4EC2-9B54-D7FD393A42A6 (active, disconnected)
    Watch: Apple Watch Series 6 - 40mm (E27AE8B3-AE15-4BB9-BC12-AF3056BB9ADF) (Shutdown)
    Phone: iPhone 13 Pro (D378E0B6-6717-48D4-9D41-F44155384C67) (Shutdown)
DF3CCFC7-3559-4524-8B43-2A52B041870E (active, disconnected)
    Watch: Apple Watch Series 6 - 44mm (D01B9C7F-7B8F-4CD9-8FDB-DDB7BC94FF8B) (Shutdown)
    Phone: iPhone 13 Pro Max (20A6DBBB-AF21-4BA4-8B6D-68CA35924611) (Shutdown)
21012AC2-7277-497F-B256-312BE7070BB9 (active, disconnected)
    Watch: Apple Watch Series 7 - 41mm (D5EA5629-8D76-4842-9E73-BFCD1F7DBFFE) (Shutdown)
    Phone: iPhone 13 mini (B61E2068-CA14-45D2-96E6-C2792A250CF4) (Shutdown)
097E3F7E-2E80-4353-AC4C-FC543C99864C (active, disconnected)
    Watch: Apple Watch Series 7 - 45mm (D96E486D-7E10-42FB-9EEF-4725BBC3A003) (Shutdown)
    Phone: iPhone 13 (945736A6-FDEF-4D21-B4A9-C3522718734B) (Shutdown)

========================================


=== OS X info =========================

* sw_vers
ProductName:	macOS
ProductVersion:	12.4
BuildVersion:	21F79

* system_profiler SPSoftwareDataType
Software:

    System Software Overview:

      System Version: macOS 12.4 (21F79)
      Kernel Version: Darwin 21.5.0
      Boot Volume: Macintosh HD
      Boot Mode: Normal
      Computer Name: vm-osx-xcode-13.2.x-g2.8core-37321d6c-a1d8-4178-ac2c-22e3081a55c3
      User Name: vagrant (vagrant)
      Secure Virtual Memory: Enabled
      System Integrity Protection: Disabled
      Time since boot: 12 minutes


========================================


=== System infos =======================
* Free disk space:
    Filesystem         Size        Avail
/dev/disk1s5s1        300Gi        124Gi
========================================

--- Android

* ANDROID_HOME (/usr/local/share/android-sdk) content:
build-tools
cmdline-tools
emulator
extras
licenses
ndk-bundle
patcher
platform-tools
platforms
system-images
tools

* ANDROID_NDK_HOME (/usr/local/share/android-sdk/ndk-bundle) content:
CHANGELOG.md
NOTICE
NOTICE.toolchain
README.md
build
meta
ndk-build
ndk-gdb
ndk-lldb
ndk-stack
ndk-which
package.xml
prebuilt
python-packages
shader-tools
simpleperf
source.properties
sources
toolchains
wrap.sh

* Android NDK Version:
Pkg.Desc = Android NDK
Pkg.Revision = 24.0.8215888

* platform-tools content:
NOTICE.txt
adb
dmtracedump
e2fsdroid
etc1tool
fastboot
hprof-conv
lib64
make_f2fs
make_f2fs_casefold
mke2fs
mke2fs.conf
package.xml
sload_f2fs
source.properties
sqlite3

* build-tools content:
26.0.1
26.0.2
27.0.0
27.0.1
27.0.2
27.0.3
28.0.0
28.0.1
28.0.2
28.0.3
29.0.0
29.0.1
29.0.2
29.0.3
30.0.0
30.0.1
30.0.2
30.0.3
31.0.0
32.0.0

* extras content:
/usr/local/share/android-sdk/extras
├── android
│   └── m2repository
├── google
│   ├── google_play_services
│   └── m2repository
└── m2repository
    └── com

7 directories, 0 files

* platforms content:
android-26
android-27
android-28
android-29
android-30
android-31
android-32

* system-images content:
/usr/local/share/android-sdk/system-images
├── android-26
│   └── google_apis
│       └── x86
├── android-28
│   └── google_apis
│       └── x86_64
├── android-29
│   └── google_apis
│       └── x86
├── android-30
│   └── google_apis
│       └── x86
├── android-31
│   └── google_apis
│       └── x86_64
└── android-32
    └── google_apis
        └── x86_64

18 directories, 0 files

========================================

 * SDK packages:
* Command line Tools version: 6.0
* Platform Tools version: 33.0.2
* Emulator version: 31.2.10
========================================


=== Android APK tools ==================

* aapt2:

========================================


=== Environment infos =======================
MATCH_KEYCHAIN_PASSWORD environment set
========================================


=== Control tests ======================
source $HOME/.bash_profile ...
source $HOME/.bash_profile - PASSED
========================================

