 (i) Ignore Errors: enabled

#
# This System Report was generated by: https://github.com/bitrise-io/osx-box-bootstrap/blob/master/system_report.sh
#  Pull Requests are welcome!
#


=== Revision / ID ======================
* BITRISE_OSX_STACK_REV_ID: v2022_07_7
========================================


=== Pre-installed tool versions ========
* Go: go version go1.17.11 darwin/amd64
* Python: Python 2.7.16
* Node.js: v16.15.1
* NPM: 8.11.0
* Yarn: 1.22.19
* Java:   system
  1.8
  1.8.0.292
  11
* 11.0 (set by /Users/vagrant/.jenv/version)
  11.0.11
  17
  17.0
  17.0.3
  openjdk64-1.8.0.292
  openjdk64-11.0.11
  openjdk64-17.0.3
  temurin64-17.0.3
* Flutter: Flutter 2.10.3 • channel stable • https://github.com/flutter/flutter.git
* fvm: 2.4.1
* Flutter SDKs via fvm: Cache Directory:  /Users/vagrant/fvm/versions

3.0.0
2.10.3 (global)
1.22.6

* git: git version 2.36.1
* git lfs: git-lfs/3.2.0 (GitHub; darwin amd64; go 1.18.2)
* mercurial/hg: Mercurial Distributed SCM (version 6.1.4)
* curl: curl 7.64.1 (x86_64-apple-darwin19.0) libcurl/7.64.1 (SecureTransport) LibreSSL/2.8.3 zlib/1.2.11 nghttp2/1.39.2
* wget: GNU Wget 1.21.3 built on darwin19.6.0.
* rsync: rsync  version 2.6.9  protocol version 29
* unzip: UnZip 6.00 of 20 April 2009, by Info-ZIP.  Maintained by C. Spieler.  Send
* zip: This is Zip 3.0 (July 5th 2008), by Info-ZIP.
* tar: bsdtar 3.3.2 - libarchive 3.3.2 zlib/1.2.11 liblzma/5.0.5 bz2lib/1.0.6
* tree: tree v2.0.2 (c) 1996 - 2022 by Steve Baker, Thomas Moore, Francesc Rocher, Florian Sesser, Kyosuke Tokoro 

* brew: Homebrew 3.5.4
Homebrew/homebrew-core (git revision 089d9362456; last commit 2022-06-22)
Homebrew/homebrew-cask (git revision 510785cc35; last commit 2022-06-22)
* Ansible: ansible [core 2.12.6]
  config file = /Users/vagrant/git/ansible.cfg
  configured module search path = ['/Users/vagrant/.ansible/plugins/modules', '/usr/share/ansible/plugins/modules']
  ansible python module location = /usr/local/Cellar/ansible/5.9.0/libexec/lib/python3.10/site-packages/ansible
  ansible collection location = /Users/vagrant/.ansible/collections:/usr/share/ansible/collections
  executable location = /usr/local/bin/ansible
* gtimeout: timeout (GNU coreutils) 9.1
* watchman: 2022.06.13.00
* flow: Flow, a static type checker for JavaScript, version 0.180.1
* carthage: 0.38.0
* imagemagick (convert): Version: ImageMagick 7.1.0-39 Q16-HDRI x86_64 20175 https://imagemagick.org
* ghostscript (ps2ascii): 9.56.1
* screen: Screen version 4.09.00 (GNU) 30-Jan-22
* firebase: 11.2.2
* applesimutils version 0.9.7
* jq: 1.6
* 0.13.0
* 
* Screen 4.09.00
* applesimutils 0.9.7
* OpenConnect version v9.01
* aws-cli: aws-cli/2.7.9 Python/3.9.13 Darwin/19.6.0 source/x86_64 prompt/off
* cmake: 3.23.2
* danger-swift: 3.12.3
[0;0m
* OpenVPN 2.5.7 x86_64-apple-darwin19.6.0 [SSL (OpenSSL)] [LZO] [LZ4] [PKCS11] [MH/RECVDA] [AEAD] built on Jun  8 2022

--- Bitrise CLI tool versions
* bitrise: 1.48.0
* stepman: 0.13.1
* envman: 2.3.3
* cmd-bridge: 
========================================


=== Brew list versions ==================
ansible 5.9.0
ant 1.10.12
aom 3.4.0
applesimutils 0.9.7
autoconf 2.71
awscli 2.7.9
bazelisk 1.12.0
bdw-gc 8.0.6
boost 1.78.0_1
brotli 1.0.9
c-ares 1.18.1_1
ca-certificates 2022-04-26
carthage 0.38.0
cmake 3.23.2
coreutils 9.1
danger-js 11.1.1
danger-swift 3.12.3
dart 2.17.6
docbook 5.1_1
docbook-xsl 1.79.2_1
double-conversion 3.2.0
fb303 2022.06.13.00
fbthrift 2022.06.13.00
fizz 2022.06.13.00
flow 0.180.1
fmt 8.1.1_1
folly 2022.06.13.00
fontconfig 2.14.0
freetype 2.12.1
fvm 2.4.1
gdbm 1.23
gettext 0.21
gflags 2.2.2
ghostscript 9.56.1
giflib 5.2.1
git 2.36.1
git-lfs 3.2.0
glib 2.72.2
glog 0.6.0
gmp 6.2.1_1
gnu-getopt 2.38
gnupg 2.3.6
gnutls 3.7.6
go@1.17 1.17.11
gradle 7.4.2
groovy 4.0.3_1
guile 3.0.8
icu4c 70.1
imagemagick 7.1.0-39
imath 3.1.5
jasper 3.0.4
jbig2dec 0.19
jenv 0.5.5_2
jpeg 9e
jpeg-xl 0.6.1
jq 1.6
libassuan 2.5.5
libde265 1.0.8
libevent 2.1.12
libffi 3.4.2
libgcrypt 1.10.1
libgpg-error 1.45
libheif 1.12.0_1
libidn 1.40
libidn2 2.3.2
libksba 1.6.0
liblqr 0.4.2_1
libnghttp2 1.47.0
libomp 14.0.5
libpng 1.6.37
libraw 0.20.2_2
libsodium 1.0.18_1
libtasn1 4.18.0
libtiff 4.4.0
libtool 2.4.7
libunistring 1.0
libusb 1.0.26
libuv 1.44.1_1
libvmaf 2.3.1
libyaml 0.2.5
little-cms2 2.13.1
llvm 13.0.1_1
lz4 1.9.3
lzo 2.10
m4 1.4.19
maven 3.8.6
mercurial 6.1.4
mint 0.17.1
mpdecimal 2.5.1
nettle 3.8
node@16 16.15.1
npth 1.6
oniguruma 6.9.8
openconnect 9.01
openexr 3.1.5
openjdk 18.0.1.1
openjpeg 2.5.0
openssl@1.1 1.1.1o
openvpn 2.5.7
p11-kit 0.24.1
pcre 8.45
pcre2 10.40
pinentry 1.2.0
pkcs11-helper 1.29.0
pkg-config 0.29.2_3
python@3.10 3.10.4
python@3.9 3.9.13_1
rbenv 1.2.0
readline 8.1.2
ruby-build 20220610
screen 4.9.0
shared-mime-info 2.2
six 1.16.0_2
snappy 1.1.9
sqlite 3.38.5
stoken 0.92_1
tree 2.0.2
unbound 1.16.0
wangle 2022.06.13.00
watchman 2022.06.13.00
webp 1.2.2
wget 1.21.3
x265 3.5
xcbeautify 0.13.0
xmlto 0.0.28
xz 5.2.5
yarn 1.22.19
zstd 1.5.2
adoptopenjdk11 11.0.11,9
adoptopenjdk8 8,292:b10
temurin17 17.0.3,7
========================================


=== Brew deps tree ==================
adoptopenjdk/openjdk/adoptopenjdk11

adoptopenjdk/openjdk/adoptopenjdk8

ansible
├── libyaml
├── openssl@1.1
│   └── ca-certificates
├── python@3.10
│   ├── gdbm
│   ├── mpdecimal
│   ├── openssl@1.1
│   │   └── ca-certificates
│   ├── readline
│   ├── sqlite
│   │   └── readline
│   └── xz
└── six

ant
└── openjdk

aom
├── jpeg-xl
│   ├── brotli
│   ├── giflib
│   ├── imath
│   ├── jpeg
│   ├── libpng
│   ├── openexr
│   │   └── imath
│   └── webp
│       ├── giflib
│       ├── jpeg
│       ├── libpng
│       └── libtiff
│           └── jpeg
└── libvmaf

wix/brew/applesimutils

autoconf
└── m4

awscli
├── python@3.9
│   ├── gdbm
│   ├── mpdecimal
│   ├── openssl@1.1
│   │   └── ca-certificates
│   ├── readline
│   ├── sqlite
│   │   └── readline
│   └── xz
└── six

bazelisk

bdw-gc

boost
└── icu4c

brotli

c-ares

ca-certificates

carthage

cmake

coreutils
└── gmp

danger/tap/danger-js

danger/tap/danger-swift
└── danger/tap/danger-js

dart-lang/dart/dart

docbook

docbook-xsl
└── docbook

double-conversion

fb303
├── fbthrift
│   ├── boost
│   │   └── icu4c
│   ├── fizz
│   │   ├── boost
│   │   │   └── icu4c
│   │   ├── double-conversion
│   │   ├── fmt
│   │   ├── folly
│   │   │   ├── boost
│   │   │   │   └── icu4c
│   │   │   ├── double-conversion
│   │   │   ├── fmt
│   │   │   ├── gflags
│   │   │   ├── glog
│   │   │   │   └── gflags
│   │   │   ├── libevent
│   │   │   │   └── openssl@1.1
│   │   │   │       └── ca-certificates
│   │   │   ├── lz4
│   │   │   ├── openssl@1.1
│   │   │   │   └── ca-certificates
│   │   │   ├── snappy
│   │   │   ├── xz
│   │   │   └── zstd
│   │   ├── gflags
│   │   ├── glog
│   │   │   └── gflags
│   │   ├── libevent
│   │   │   └── openssl@1.1
│   │   │       └── ca-certificates
│   │   ├── libsodium
│   │   ├── lz4
│   │   ├── openssl@1.1
│   │   │   └── ca-certificates
│   │   ├── snappy
│   │   └── zstd
│   ├── fmt
│   ├── folly
│   │   ├── boost
│   │   │   └── icu4c
│   │   ├── double-conversion
│   │   ├── fmt
│   │   ├── gflags
│   │   ├── glog
│   │   │   └── gflags
│   │   ├── libevent
│   │   │   └── openssl@1.1
│   │   │       └── ca-certificates
│   │   ├── lz4
│   │   ├── openssl@1.1
│   │   │   └── ca-certificates
│   │   ├── snappy
│   │   ├── xz
│   │   └── zstd
│   ├── gflags
│   ├── glog
│   │   └── gflags
│   ├── openssl@1.1
│   │   └── ca-certificates
│   ├── wangle
│   │   ├── boost
│   │   │   └── icu4c
│   │   ├── double-conversion
│   │   ├── fizz
│   │   │   ├── boost
│   │   │   │   └── icu4c
│   │   │   ├── double-conversion
│   │   │   ├── fmt
│   │   │   ├── folly
│   │   │   │   ├── boost
│   │   │   │   │   └── icu4c
│   │   │   │   ├── double-conversion
│   │   │   │   ├── fmt
│   │   │   │   ├── gflags
│   │   │   │   ├── glog
│   │   │   │   │   └── gflags
│   │   │   │   ├── libevent
│   │   │   │   │   └── openssl@1.1
│   │   │   │   │       └── ca-certificates
│   │   │   │   ├── lz4
│   │   │   │   ├── openssl@1.1
│   │   │   │   │   └── ca-certificates
│   │   │   │   ├── snappy
│   │   │   │   ├── xz
│   │   │   │   └── zstd
│   │   │   ├── gflags
│   │   │   ├── glog
│   │   │   │   └── gflags
│   │   │   ├── libevent
│   │   │   │   └── openssl@1.1
│   │   │   │       └── ca-certificates
│   │   │   ├── libsodium
│   │   │   ├── lz4
│   │   │   ├── openssl@1.1
│   │   │   │   └── ca-certificates
│   │   │   ├── snappy
│   │   │   └── zstd
│   │   ├── fmt
│   │   ├── folly
│   │   │   ├── boost
│   │   │   │   └── icu4c
│   │   │   ├── double-conversion
│   │   │   ├── fmt
│   │   │   ├── gflags
│   │   │   ├── glog
│   │   │   │   └── gflags
│   │   │   ├── libevent
│   │   │   │   └── openssl@1.1
│   │   │   │       └── ca-certificates
│   │   │   ├── lz4
│   │   │   ├── openssl@1.1
│   │   │   │   └── ca-certificates
│   │   │   ├── snappy
│   │   │   ├── xz
│   │   │   └── zstd
│   │   ├── gflags
│   │   ├── glog
│   │   │   └── gflags
│   │   ├── libevent
│   │   │   └── openssl@1.1
│   │   │       └── ca-certificates
│   │   ├── libsodium
│   │   ├── lz4
│   │   ├── openssl@1.1
│   │   │   └── ca-certificates
│   │   ├── snappy
│   │   └── zstd
│   └── zstd
├── fizz
│   ├── boost
│   │   └── icu4c
│   ├── double-conversion
│   ├── fmt
│   ├── folly
│   │   ├── boost
│   │   │   └── icu4c
│   │   ├── double-conversion
│   │   ├── fmt
│   │   ├── gflags
│   │   ├── glog
│   │   │   └── gflags
│   │   ├── libevent
│   │   │   └── openssl@1.1
│   │   │       └── ca-certificates
│   │   ├── lz4
│   │   ├── openssl@1.1
│   │   │   └── ca-certificates
│   │   ├── snappy
│   │   ├── xz
│   │   └── zstd
│   ├── gflags
│   ├── glog
│   │   └── gflags
│   ├── libevent
│   │   └── openssl@1.1
│   │       └── ca-certificates
│   ├── libsodium
│   ├── lz4
│   ├── openssl@1.1
│   │   └── ca-certificates
│   ├── snappy
│   └── zstd
├── fmt
├── folly
│   ├── boost
│   │   └── icu4c
│   ├── double-conversion
│   ├── fmt
│   ├── gflags
│   ├── glog
│   │   └── gflags
│   ├── libevent
│   │   └── openssl@1.1
│   │       └── ca-certificates
│   ├── lz4
│   ├── openssl@1.1
│   │   └── ca-certificates
│   ├── snappy
│   ├── xz
│   └── zstd
├── gflags
├── glog
│   └── gflags
├── openssl@1.1
│   └── ca-certificates
└── wangle
    ├── boost
    │   └── icu4c
    ├── double-conversion
    ├── fizz
    │   ├── boost
    │   │   └── icu4c
    │   ├── double-conversion
    │   ├── fmt
    │   ├── folly
    │   │   ├── boost
    │   │   │   └── icu4c
    │   │   ├── double-conversion
    │   │   ├── fmt
    │   │   ├── gflags
    │   │   ├── glog
    │   │   │   └── gflags
    │   │   ├── libevent
    │   │   │   └── openssl@1.1
    │   │   │       └── ca-certificates
    │   │   ├── lz4
    │   │   ├── openssl@1.1
    │   │   │   └── ca-certificates
    │   │   ├── snappy
    │   │   ├── xz
    │   │   └── zstd
    │   ├── gflags
    │   ├── glog
    │   │   └── gflags
    │   ├── libevent
    │   │   └── openssl@1.1
    │   │       └── ca-certificates
    │   ├── libsodium
    │   ├── lz4
    │   ├── openssl@1.1
    │   │   └── ca-certificates
    │   ├── snappy
    │   └── zstd
    ├── fmt
    ├── folly
    │   ├── boost
    │   │   └── icu4c
    │   ├── double-conversion
    │   ├── fmt
    │   ├── gflags
    │   ├── glog
    │   │   └── gflags
    │   ├── libevent
    │   │   └── openssl@1.1
    │   │       └── ca-certificates
    │   ├── lz4
    │   ├── openssl@1.1
    │   │   └── ca-certificates
    │   ├── snappy
    │   ├── xz
    │   └── zstd
    ├── gflags
    ├── glog
    │   └── gflags
    ├── libevent
    │   └── openssl@1.1
    │       └── ca-certificates
    ├── libsodium
    ├── lz4
    ├── openssl@1.1
    │   └── ca-certificates
    ├── snappy
    └── zstd

fbthrift
├── boost
│   └── icu4c
├── fizz
│   ├── boost
│   │   └── icu4c
│   ├── double-conversion
│   ├── fmt
│   ├── folly
│   │   ├── boost
│   │   │   └── icu4c
│   │   ├── double-conversion
│   │   ├── fmt
│   │   ├── gflags
│   │   ├── glog
│   │   │   └── gflags
│   │   ├── libevent
│   │   │   └── openssl@1.1
│   │   │       └── ca-certificates
│   │   ├── lz4
│   │   ├── openssl@1.1
│   │   │   └── ca-certificates
│   │   ├── snappy
│   │   ├── xz
│   │   └── zstd
│   ├── gflags
│   ├── glog
│   │   └── gflags
│   ├── libevent
│   │   └── openssl@1.1
│   │       └── ca-certificates
│   ├── libsodium
│   ├── lz4
│   ├── openssl@1.1
│   │   └── ca-certificates
│   ├── snappy
│   └── zstd
├── fmt
├── folly
│   ├── boost
│   │   └── icu4c
│   ├── double-conversion
│   ├── fmt
│   ├── gflags
│   ├── glog
│   │   └── gflags
│   ├── libevent
│   │   └── openssl@1.1
│   │       └── ca-certificates
│   ├── lz4
│   ├── openssl@1.1
│   │   └── ca-certificates
│   ├── snappy
│   ├── xz
│   └── zstd
├── gflags
├── glog
│   └── gflags
├── openssl@1.1
│   └── ca-certificates
├── wangle
│   ├── boost
│   │   └── icu4c
│   ├── double-conversion
│   ├── fizz
│   │   ├── boost
│   │   │   └── icu4c
│   │   ├── double-conversion
│   │   ├── fmt
│   │   ├── folly
│   │   │   ├── boost
│   │   │   │   └── icu4c
│   │   │   ├── double-conversion
│   │   │   ├── fmt
│   │   │   ├── gflags
│   │   │   ├── glog
│   │   │   │   └── gflags
│   │   │   ├── libevent
│   │   │   │   └── openssl@1.1
│   │   │   │       └── ca-certificates
│   │   │   ├── lz4
│   │   │   ├── openssl@1.1
│   │   │   │   └── ca-certificates
│   │   │   ├── snappy
│   │   │   ├── xz
│   │   │   └── zstd
│   │   ├── gflags
│   │   ├── glog
│   │   │   └── gflags
│   │   ├── libevent
│   │   │   └── openssl@1.1
│   │   │       └── ca-certificates
│   │   ├── libsodium
│   │   ├── lz4
│   │   ├── openssl@1.1
│   │   │   └── ca-certificates
│   │   ├── snappy
│   │   └── zstd
│   ├── fmt
│   ├── folly
│   │   ├── boost
│   │   │   └── icu4c
│   │   ├── double-conversion
│   │   ├── fmt
│   │   ├── gflags
│   │   ├── glog
│   │   │   └── gflags
│   │   ├── libevent
│   │   │   └── openssl@1.1
│   │   │       └── ca-certificates
│   │   ├── lz4
│   │   ├── openssl@1.1
│   │   │   └── ca-certificates
│   │   ├── snappy
│   │   ├── xz
│   │   └── zstd
│   ├── gflags
│   ├── glog
│   │   └── gflags
│   ├── libevent
│   │   └── openssl@1.1
│   │       └── ca-certificates
│   ├── libsodium
│   ├── lz4
│   ├── openssl@1.1
│   │   └── ca-certificates
│   ├── snappy
│   └── zstd
└── zstd

fizz
├── boost
│   └── icu4c
├── double-conversion
├── fmt
├── folly
│   ├── boost
│   │   └── icu4c
│   ├── double-conversion
│   ├── fmt
│   ├── gflags
│   ├── glog
│   │   └── gflags
│   ├── libevent
│   │   └── openssl@1.1
│   │       └── ca-certificates
│   ├── lz4
│   ├── openssl@1.1
│   │   └── ca-certificates
│   ├── snappy
│   ├── xz
│   └── zstd
├── gflags
├── glog
│   └── gflags
├── libevent
│   └── openssl@1.1
│       └── ca-certificates
├── libsodium
├── lz4
├── openssl@1.1
│   └── ca-certificates
├── snappy
└── zstd

flow

fmt

folly
├── boost
│   └── icu4c
├── double-conversion
├── fmt
├── gflags
├── glog
│   └── gflags
├── libevent
│   └── openssl@1.1
│       └── ca-certificates
├── lz4
├── openssl@1.1
│   └── ca-certificates
├── snappy
├── xz
└── zstd

fontconfig
└── freetype
    └── libpng

freetype
└── libpng

leoafarias/fvm/fvm

gdbm

gettext

gflags

ghostscript
├── fontconfig
│   └── freetype
│       └── libpng
├── freetype
│   └── libpng
├── jbig2dec
├── jpeg
├── libidn
├── libpng
├── libtiff
│   └── jpeg
├── little-cms2
│   ├── jpeg
│   └── libtiff
│       └── jpeg
└── openjpeg
    ├── libpng
    ├── libtiff
    │   └── jpeg
    └── little-cms2
        ├── jpeg
        └── libtiff
            └── jpeg

giflib

git
├── gettext
└── pcre2

git-lfs

glib
├── gettext
├── libffi
├── pcre
└── python@3.9
    ├── gdbm
    ├── mpdecimal
    ├── openssl@1.1
    │   └── ca-certificates
    ├── readline
    ├── sqlite
    │   └── readline
    └── xz

glog
└── gflags

gmp

gnu-getopt

gnupg
├── gettext
├── gnutls
│   ├── ca-certificates
│   ├── gmp
│   ├── guile
│   │   ├── bdw-gc
│   │   ├── gmp
│   │   ├── libffi
│   │   ├── libtool
│   │   │   └── m4
│   │   ├── libunistring
│   │   ├── pkg-config
│   │   └── readline
│   ├── libidn2
│   │   ├── gettext
│   │   └── libunistring
│   ├── libtasn1
│   ├── libunistring
│   ├── nettle
│   │   └── gmp
│   ├── p11-kit
│   │   ├── ca-certificates
│   │   ├── libffi
│   │   └── libtasn1
│   └── unbound
│       ├── libevent
│       │   └── openssl@1.1
│       │       └── ca-certificates
│       ├── libnghttp2
│       └── openssl@1.1
│           └── ca-certificates
├── libassuan
│   └── libgpg-error
├── libgcrypt
│   └── libgpg-error
├── libgpg-error
├── libksba
│   └── libgpg-error
├── libusb
├── npth
└── pinentry
    ├── libassuan
    │   └── libgpg-error
    └── libgpg-error

gnutls
├── ca-certificates
├── gmp
├── guile
│   ├── bdw-gc
│   ├── gmp
│   ├── libffi
│   ├── libtool
│   │   └── m4
│   ├── libunistring
│   ├── pkg-config
│   └── readline
├── libidn2
│   ├── gettext
│   └── libunistring
├── libtasn1
├── libunistring
├── nettle
│   └── gmp
├── p11-kit
│   ├── ca-certificates
│   ├── libffi
│   └── libtasn1
└── unbound
    ├── libevent
    │   └── openssl@1.1
    │       └── ca-certificates
    ├── libnghttp2
    └── openssl@1.1
        └── ca-certificates

go@1.17

gradle
└── openjdk

groovy
└── openjdk

guile
├── bdw-gc
├── gmp
├── libffi
├── libtool
│   └── m4
├── libunistring
├── pkg-config
└── readline

icu4c

imagemagick
├── freetype
│   └── libpng
├── ghostscript
│   ├── fontconfig
│   │   └── freetype
│   │       └── libpng
│   ├── freetype
│   │   └── libpng
│   ├── jbig2dec
│   ├── jpeg
│   ├── libidn
│   ├── libpng
│   ├── libtiff
│   │   └── jpeg
│   ├── little-cms2
│   │   ├── jpeg
│   │   └── libtiff
│   │       └── jpeg
│   └── openjpeg
│       ├── libpng
│       ├── libtiff
│       │   └── jpeg
│       └── little-cms2
│           ├── jpeg
│           └── libtiff
│               └── jpeg
├── jpeg
├── libheif
│   ├── aom
│   │   ├── jpeg-xl
│   │   │   ├── brotli
│   │   │   ├── giflib
│   │   │   ├── imath
│   │   │   ├── jpeg
│   │   │   ├── libpng
│   │   │   ├── openexr
│   │   │   │   └── imath
│   │   │   └── webp
│   │   │       ├── giflib
│   │   │       ├── jpeg
│   │   │       ├── libpng
│   │   │       └── libtiff
│   │   │           └── jpeg
│   │   └── libvmaf
│   ├── jpeg
│   ├── libde265
│   ├── libpng
│   ├── shared-mime-info
│   │   ├── gettext
│   │   ├── glib
│   │   │   ├── gettext
│   │   │   ├── libffi
│   │   │   ├── pcre
│   │   │   └── python@3.9
│   │   │       ├── gdbm
│   │   │       ├── mpdecimal
│   │   │       ├── openssl@1.1
│   │   │       │   └── ca-certificates
│   │   │       ├── readline
│   │   │       ├── sqlite
│   │   │       │   └── readline
│   │   │       └── xz
│   │   └── xmlto
│   │       ├── docbook
│   │       ├── docbook-xsl
│   │       │   └── docbook
│   │       └── gnu-getopt
│   └── x265
├── liblqr
│   └── glib
│       ├── gettext
│       ├── libffi
│       ├── pcre
│       └── python@3.9
│           ├── gdbm
│           ├── mpdecimal
│           ├── openssl@1.1
│           │   └── ca-certificates
│           ├── readline
│           ├── sqlite
│           │   └── readline
│           └── xz
├── libpng
├── libraw
│   ├── jasper
│   │   └── jpeg
│   ├── jpeg
│   ├── little-cms2
│   │   ├── jpeg
│   │   └── libtiff
│   │       └── jpeg
│   └── libomp
├── libtiff
│   └── jpeg
├── libtool
│   └── m4
├── little-cms2
│   ├── jpeg
│   └── libtiff
│       └── jpeg
├── openexr
│   └── imath
├── openjpeg
│   ├── libpng
│   ├── libtiff
│   │   └── jpeg
│   └── little-cms2
│       ├── jpeg
│       └── libtiff
│           └── jpeg
├── webp
│   ├── giflib
│   ├── jpeg
│   ├── libpng
│   └── libtiff
│       └── jpeg
├── xz
└── libomp

imath

jasper
└── jpeg

jbig2dec

jenv

jpeg

jpeg-xl
├── brotli
├── giflib
├── imath
├── jpeg
├── libpng
├── openexr
│   └── imath
└── webp
    ├── giflib
    ├── jpeg
    ├── libpng
    └── libtiff
        └── jpeg

jq
└── oniguruma

libassuan
└── libgpg-error

libde265

libevent
└── openssl@1.1
    └── ca-certificates

libffi

libgcrypt
└── libgpg-error

libgpg-error

libheif
├── aom
│   ├── jpeg-xl
│   │   ├── brotli
│   │   ├── giflib
│   │   ├── imath
│   │   ├── jpeg
│   │   ├── libpng
│   │   ├── openexr
│   │   │   └── imath
│   │   └── webp
│   │       ├── giflib
│   │       ├── jpeg
│   │       ├── libpng
│   │       └── libtiff
│   │           └── jpeg
│   └── libvmaf
├── jpeg
├── libde265
├── libpng
├── shared-mime-info
│   ├── gettext
│   ├── glib
│   │   ├── gettext
│   │   ├── libffi
│   │   ├── pcre
│   │   └── python@3.9
│   │       ├── gdbm
│   │       ├── mpdecimal
│   │       ├── openssl@1.1
│   │       │   └── ca-certificates
│   │       ├── readline
│   │       ├── sqlite
│   │       │   └── readline
│   │       └── xz
│   └── xmlto
│       ├── docbook
│       ├── docbook-xsl
│       │   └── docbook
│       └── gnu-getopt
└── x265

libidn

libidn2
├── gettext
└── libunistring

libksba
└── libgpg-error

liblqr
└── glib
    ├── gettext
    ├── libffi
    ├── pcre
    └── python@3.9
        ├── gdbm
        ├── mpdecimal
        ├── openssl@1.1
        │   └── ca-certificates
        ├── readline
        ├── sqlite
        │   └── readline
        └── xz

libnghttp2

libomp

libpng

libraw
├── jasper
│   └── jpeg
├── jpeg
├── little-cms2
│   ├── jpeg
│   └── libtiff
│       └── jpeg
└── libomp

libsodium

libtasn1

libtiff
└── jpeg

libtool
└── m4

libunistring

libusb

libuv

libvmaf

libyaml

little-cms2
├── jpeg
└── libtiff
    └── jpeg

llvm
└── python@3.10
    ├── gdbm
    ├── mpdecimal
    ├── openssl@1.1
    │   └── ca-certificates
    ├── readline
    ├── sqlite
    │   └── readline
    └── xz

lz4

lzo

m4

maven
└── openjdk

mercurial
└── python@3.10
    ├── gdbm
    ├── mpdecimal
    ├── openssl@1.1
    │   └── ca-certificates
    ├── readline
    ├── sqlite
    │   └── readline
    └── xz

mint

mpdecimal

nettle
└── gmp

node@16
├── brotli
├── c-ares
├── icu4c
├── libnghttp2
├── libuv
└── openssl@1.1
    └── ca-certificates

npth

oniguruma

openconnect
├── gettext
├── gnutls
│   ├── ca-certificates
│   ├── gmp
│   ├── guile
│   │   ├── bdw-gc
│   │   ├── gmp
│   │   ├── libffi
│   │   ├── libtool
│   │   │   └── m4
│   │   ├── libunistring
│   │   ├── pkg-config
│   │   └── readline
│   ├── libidn2
│   │   ├── gettext
│   │   └── libunistring
│   ├── libtasn1
│   ├── libunistring
│   ├── nettle
│   │   └── gmp
│   ├── p11-kit
│   │   ├── ca-certificates
│   │   ├── libffi
│   │   └── libtasn1
│   └── unbound
│       ├── libevent
│       │   └── openssl@1.1
│       │       └── ca-certificates
│       ├── libnghttp2
│       └── openssl@1.1
│           └── ca-certificates
└── stoken
    └── nettle
        └── gmp

openexr
└── imath

openjdk

openjpeg
├── libpng
├── libtiff
│   └── jpeg
└── little-cms2
    ├── jpeg
    └── libtiff
        └── jpeg

openssl@1.1
└── ca-certificates

openvpn
├── lz4
├── lzo
├── openssl@1.1
│   └── ca-certificates
└── pkcs11-helper
    └── openssl@1.1
        └── ca-certificates

p11-kit
├── ca-certificates
├── libffi
└── libtasn1

pcre

pcre2

pinentry
├── libassuan
│   └── libgpg-error
└── libgpg-error

pkcs11-helper
└── openssl@1.1
    └── ca-certificates

pkg-config

python@3.10
├── gdbm
├── mpdecimal
├── openssl@1.1
│   └── ca-certificates
├── readline
├── sqlite
│   └── readline
└── xz

python@3.9
├── gdbm
├── mpdecimal
├── openssl@1.1
│   └── ca-certificates
├── readline
├── sqlite
│   └── readline
└── xz

rbenv
└── ruby-build
    ├── autoconf
    │   └── m4
    ├── pkg-config
    └── readline

readline

ruby-build
├── autoconf
│   └── m4
├── pkg-config
└── readline

screen

shared-mime-info
├── gettext
├── glib
│   ├── gettext
│   ├── libffi
│   ├── pcre
│   └── python@3.9
│       ├── gdbm
│       ├── mpdecimal
│       ├── openssl@1.1
│       │   └── ca-certificates
│       ├── readline
│       ├── sqlite
│       │   └── readline
│       └── xz
└── xmlto
    ├── docbook
    ├── docbook-xsl
    │   └── docbook
    └── gnu-getopt

six

snappy

sqlite
└── readline

stoken
└── nettle
    └── gmp

temurin17

tree

unbound
├── libevent
│   └── openssl@1.1
│       └── ca-certificates
├── libnghttp2
└── openssl@1.1
    └── ca-certificates

wangle
├── boost
│   └── icu4c
├── double-conversion
├── fizz
│   ├── boost
│   │   └── icu4c
│   ├── double-conversion
│   ├── fmt
│   ├── folly
│   │   ├── boost
│   │   │   └── icu4c
│   │   ├── double-conversion
│   │   ├── fmt
│   │   ├── gflags
│   │   ├── glog
│   │   │   └── gflags
│   │   ├── libevent
│   │   │   └── openssl@1.1
│   │   │       └── ca-certificates
│   │   ├── lz4
│   │   ├── openssl@1.1
│   │   │   └── ca-certificates
│   │   ├── snappy
│   │   ├── xz
│   │   └── zstd
│   ├── gflags
│   ├── glog
│   │   └── gflags
│   ├── libevent
│   │   └── openssl@1.1
│   │       └── ca-certificates
│   ├── libsodium
│   ├── lz4
│   ├── openssl@1.1
│   │   └── ca-certificates
│   ├── snappy
│   └── zstd
├── fmt
├── folly
│   ├── boost
│   │   └── icu4c
│   ├── double-conversion
│   ├── fmt
│   ├── gflags
│   ├── glog
│   │   └── gflags
│   ├── libevent
│   │   └── openssl@1.1
│   │       └── ca-certificates
│   ├── lz4
│   ├── openssl@1.1
│   │   └── ca-certificates
│   ├── snappy
│   ├── xz
│   └── zstd
├── gflags
├── glog
│   └── gflags
├── libevent
│   └── openssl@1.1
│       └── ca-certificates
├── libsodium
├── lz4
├── openssl@1.1
│   └── ca-certificates
├── snappy
└── zstd

watchman
├── boost
│   └── icu4c
├── fmt
├── folly
│   ├── boost
│   │   └── icu4c
│   ├── double-conversion
│   ├── fmt
│   ├── gflags
│   ├── glog
│   │   └── gflags
│   ├── libevent
│   │   └── openssl@1.1
│   │       └── ca-certificates
│   ├── lz4
│   ├── openssl@1.1
│   │   └── ca-certificates
│   ├── snappy
│   ├── xz
│   └── zstd
├── gflags
├── glog
│   └── gflags
├── libevent
│   └── openssl@1.1
│       └── ca-certificates
├── openssl@1.1
│   └── ca-certificates
├── pcre
├── python@3.10
│   ├── gdbm
│   ├── mpdecimal
│   ├── openssl@1.1
│   │   └── ca-certificates
│   ├── readline
│   ├── sqlite
│   │   └── readline
│   └── xz
└── fb303
    ├── fbthrift
    │   ├── boost
    │   │   └── icu4c
    │   ├── fizz
    │   │   ├── boost
    │   │   │   └── icu4c
    │   │   ├── double-conversion
    │   │   ├── fmt
    │   │   ├── folly
    │   │   │   ├── boost
    │   │   │   │   └── icu4c
    │   │   │   ├── double-conversion
    │   │   │   ├── fmt
    │   │   │   ├── gflags
    │   │   │   ├── glog
    │   │   │   │   └── gflags
    │   │   │   ├── libevent
    │   │   │   │   └── openssl@1.1
    │   │   │   │       └── ca-certificates
    │   │   │   ├── lz4
    │   │   │   ├── openssl@1.1
    │   │   │   │   └── ca-certificates
    │   │   │   ├── snappy
    │   │   │   ├── xz
    │   │   │   └── zstd
    │   │   ├── gflags
    │   │   ├── glog
    │   │   │   └── gflags
    │   │   ├── libevent
    │   │   │   └── openssl@1.1
    │   │   │       └── ca-certificates
    │   │   ├── libsodium
    │   │   ├── lz4
    │   │   ├── openssl@1.1
    │   │   │   └── ca-certificates
    │   │   ├── snappy
    │   │   └── zstd
    │   ├── fmt
    │   ├── folly
    │   │   ├── boost
    │   │   │   └── icu4c
    │   │   ├── double-conversion
    │   │   ├── fmt
    │   │   ├── gflags
    │   │   ├── glog
    │   │   │   └── gflags
    │   │   ├── libevent
    │   │   │   └── openssl@1.1
    │   │   │       └── ca-certificates
    │   │   ├── lz4
    │   │   ├── openssl@1.1
    │   │   │   └── ca-certificates
    │   │   ├── snappy
    │   │   ├── xz
    │   │   └── zstd
    │   ├── gflags
    │   ├── glog
    │   │   └── gflags
    │   ├── openssl@1.1
    │   │   └── ca-certificates
    │   ├── wangle
    │   │   ├── boost
    │   │   │   └── icu4c
    │   │   ├── double-conversion
    │   │   ├── fizz
    │   │   │   ├── boost
    │   │   │   │   └── icu4c
    │   │   │   ├── double-conversion
    │   │   │   ├── fmt
    │   │   │   ├── folly
    │   │   │   │   ├── boost
    │   │   │   │   │   └── icu4c
    │   │   │   │   ├── double-conversion
    │   │   │   │   ├── fmt
    │   │   │   │   ├── gflags
    │   │   │   │   ├── glog
    │   │   │   │   │   └── gflags
    │   │   │   │   ├── libevent
    │   │   │   │   │   └── openssl@1.1
    │   │   │   │   │       └── ca-certificates
    │   │   │   │   ├── lz4
    │   │   │   │   ├── openssl@1.1
    │   │   │   │   │   └── ca-certificates
    │   │   │   │   ├── snappy
    │   │   │   │   ├── xz
    │   │   │   │   └── zstd
    │   │   │   ├── gflags
    │   │   │   ├── glog
    │   │   │   │   └── gflags
    │   │   │   ├── libevent
    │   │   │   │   └── openssl@1.1
    │   │   │   │       └── ca-certificates
    │   │   │   ├── libsodium
    │   │   │   ├── lz4
    │   │   │   ├── openssl@1.1
    │   │   │   │   └── ca-certificates
    │   │   │   ├── snappy
    │   │   │   └── zstd
    │   │   ├── fmt
    │   │   ├── folly
    │   │   │   ├── boost
    │   │   │   │   └── icu4c
    │   │   │   ├── double-conversion
    │   │   │   ├── fmt
    │   │   │   ├── gflags
    │   │   │   ├── glog
    │   │   │   │   └── gflags
    │   │   │   ├── libevent
    │   │   │   │   └── openssl@1.1
    │   │   │   │       └── ca-certificates
    │   │   │   ├── lz4
    │   │   │   ├── openssl@1.1
    │   │   │   │   └── ca-certificates
    │   │   │   ├── snappy
    │   │   │   ├── xz
    │   │   │   └── zstd
    │   │   ├── gflags
    │   │   ├── glog
    │   │   │   └── gflags
    │   │   ├── libevent
    │   │   │   └── openssl@1.1
    │   │   │       └── ca-certificates
    │   │   ├── libsodium
    │   │   ├── lz4
    │   │   ├── openssl@1.1
    │   │   │   └── ca-certificates
    │   │   ├── snappy
    │   │   └── zstd
    │   └── zstd
    ├── fizz
    │   ├── boost
    │   │   └── icu4c
    │   ├── double-conversion
    │   ├── fmt
    │   ├── folly
    │   │   ├── boost
    │   │   │   └── icu4c
    │   │   ├── double-conversion
    │   │   ├── fmt
    │   │   ├── gflags
    │   │   ├── glog
    │   │   │   └── gflags
    │   │   ├── libevent
    │   │   │   └── openssl@1.1
    │   │   │       └── ca-certificates
    │   │   ├── lz4
    │   │   ├── openssl@1.1
    │   │   │   └── ca-certificates
    │   │   ├── snappy
    │   │   ├── xz
    │   │   └── zstd
    │   ├── gflags
    │   ├── glog
    │   │   └── gflags
    │   ├── libevent
    │   │   └── openssl@1.1
    │   │       └── ca-certificates
    │   ├── libsodium
    │   ├── lz4
    │   ├── openssl@1.1
    │   │   └── ca-certificates
    │   ├── snappy
    │   └── zstd
    ├── fmt
    ├── folly
    │   ├── boost
    │   │   └── icu4c
    │   ├── double-conversion
    │   ├── fmt
    │   ├── gflags
    │   ├── glog
    │   │   └── gflags
    │   ├── libevent
    │   │   └── openssl@1.1
    │   │       └── ca-certificates
    │   ├── lz4
    │   ├── openssl@1.1
    │   │   └── ca-certificates
    │   ├── snappy
    │   ├── xz
    │   └── zstd
    ├── gflags
    ├── glog
    │   └── gflags
    ├── openssl@1.1
    │   └── ca-certificates
    └── wangle
        ├── boost
        │   └── icu4c
        ├── double-conversion
        ├── fizz
        │   ├── boost
        │   │   └── icu4c
        │   ├── double-conversion
        │   ├── fmt
        │   ├── folly
        │   │   ├── boost
        │   │   │   └── icu4c
        │   │   ├── double-conversion
        │   │   ├── fmt
        │   │   ├── gflags
        │   │   ├── glog
        │   │   │   └── gflags
        │   │   ├── libevent
        │   │   │   └── openssl@1.1
        │   │   │       └── ca-certificates
        │   │   ├── lz4
        │   │   ├── openssl@1.1
        │   │   │   └── ca-certificates
        │   │   ├── snappy
        │   │   ├── xz
        │   │   └── zstd
        │   ├── gflags
        │   ├── glog
        │   │   └── gflags
        │   ├── libevent
        │   │   └── openssl@1.1
        │   │       └── ca-certificates
        │   ├── libsodium
        │   ├── lz4
        │   ├── openssl@1.1
        │   │   └── ca-certificates
        │   ├── snappy
        │   └── zstd
        ├── fmt
        ├── folly
        │   ├── boost
        │   │   └── icu4c
        │   ├── double-conversion
        │   ├── fmt
        │   ├── gflags
        │   ├── glog
        │   │   └── gflags
        │   ├── libevent
        │   │   └── openssl@1.1
        │   │       └── ca-certificates
        │   ├── lz4
        │   ├── openssl@1.1
        │   │   └── ca-certificates
        │   ├── snappy
        │   ├── xz
        │   └── zstd
        ├── gflags
        ├── glog
        │   └── gflags
        ├── libevent
        │   └── openssl@1.1
        │       └── ca-certificates
        ├── libsodium
        ├── lz4
        ├── openssl@1.1
        │   └── ca-certificates
        ├── snappy
        └── zstd

webp
├── giflib
├── jpeg
├── libpng
└── libtiff
    └── jpeg

wget
├── libidn2
│   ├── gettext
│   └── libunistring
└── openssl@1.1
    └── ca-certificates

x265

xcbeautify

xmlto
├── docbook
├── docbook-xsl
│   └── docbook
└── gnu-getopt

xz

yarn

zstd

========================================


=== Ruby and rubygems ==================
* Ruby (default): ruby 2.6.9p207 (2021-11-24 revision 67954) [x86_64-darwin19]
--- Available ruby versions ---
  system
  2.4.5
  2.5.3
  2.5.9
  2.6.5
* 2.6.9 (set by /Users/vagrant/.rbenv/version)
  2.7.2
  2.7.5
  3.0.0
  3.0.3
  3.1.0
-------------------------------
* rbenv: 1.2.0
* Rubygems: 3.0.3.1
* Bundler: Bundler version 2.3.18
* CocoaPods: 1.11.3
* xcpretty: 0.3.0
========================================


=== All Ruby GEMs ======================
activesupport (6.1.6.1)
addressable (2.8.0)
algoliasearch (1.27.5)
artifactory (3.0.15)
atomos (0.1.3)
aws-eventstream (1.2.0)
aws-partitions (1.605.0)
aws-sdk-core (3.131.2)
aws-sdk-kms (1.57.0)
aws-sdk-s3 (1.114.0)
aws-sigv4 (1.5.0)
babosa (1.0.4)
bigdecimal (default: 1.4.1)
bundler (2.3.18, default: 1.17.2)
CFPropertyList (3.0.5)
claide (1.0.3)
clamp (1.3.2)
cmath (default: 1.0.0)
cocoapods (1.11.3)
cocoapods-core (1.11.3)
cocoapods-deintegrate (1.0.5)
cocoapods-downloader (1.6.3)
cocoapods-plugins (1.0.0)
cocoapods-search (1.0.1)
cocoapods-trunk (1.6.0)
cocoapods-try (1.2.0)
colored (1.2)
colored2 (3.1.2)
commander (4.6.0)
concurrent-ruby (1.1.10)
csv (default: 3.0.9)
date (default: 2.0.2)
dbm (default: 1.0.0)
declarative (0.0.20)
did_you_mean (1.3.0)
digest-crc (0.6.4)
domain_name (0.5.20190701)
dotenv (2.7.6)
e2mmap (default: 0.1.0)
emoji_regex (3.2.3)
escape (0.0.4)
etc (default: 1.0.1)
ethon (0.15.0)
excon (0.92.3)
faraday (1.10.0)
faraday-cookie_jar (0.0.7)
faraday-em_http (1.0.0)
faraday-em_synchrony (1.0.0)
faraday-excon (1.1.0)
faraday-httpclient (1.0.1)
faraday-multipart (1.0.4)
faraday-net_http (1.0.1)
faraday-net_http_persistent (1.2.0)
faraday-patron (1.0.0)
faraday-rack (1.0.0)
faraday-retry (1.0.3)
faraday_middleware (1.2.0)
fastimage (2.2.6)
fastlane (2.207.0)
fcntl (default: 1.0.0)
ffi (1.15.5)
fiddle (default: 1.0.0)
fileutils (default: 1.1.0)
forwardable (default: 1.2.0)
fourflusher (2.3.1)
fuzzy_match (2.0.4)
gh_inspector (1.1.3)
google-apis-androidpublisher_v3 (0.25.0)
google-apis-core (0.7.0)
google-apis-iamcredentials_v1 (0.13.0)
google-apis-playcustomapp_v1 (0.10.0)
google-apis-storage_v1 (0.18.0)
google-cloud-core (1.6.0)
google-cloud-env (1.6.0)
google-cloud-errors (1.2.0)
google-cloud-storage (1.37.0)
googleauth (1.2.0)
highline (2.0.3)
http-cookie (1.0.5)
httpclient (2.8.3)
i18n (1.12.0)
io-console (default: 0.4.7)
ipaddr (default: 1.2.2)
irb (default: 1.0.0)
jazzy (0.14.2)
jmespath (1.6.1)
json (default: 2.1.0)
jwt (2.4.1)
liferaft (0.0.6)
logger (default: 1.3.0)
matrix (default: 0.1.0)
memoist (0.16.2)
mini_magick (4.11.0)
mini_mime (1.1.2)
minitest (5.11.3)
molinillo (0.8.0)
multi_json (1.15.0)
multipart-post (2.0.0)
mustache (1.1.1)
mutex_m (default: 0.1.0)
nanaimo (0.3.0)
nap (1.1.0)
naturally (2.2.1)
net-telnet (0.2.0)
netrc (0.11.0)
nokogiri (1.13.7 x86_64-darwin)
open4 (1.3.4)
openssl (default: 2.1.2)
optparse (0.1.1)
os (1.1.4)
ostruct (default: 0.1.0)
plist (3.6.0)
power_assert (1.1.3)
prime (default: 0.1.0)
psych (default: 3.1.0)
public_suffix (4.0.7)
racc (1.6.0)
rake (12.3.3)
rdoc (default: 6.1.2.1)
redcarpet (3.5.1)
representable (3.2.0)
retriable (3.1.2)
rexml (3.2.5, default: 3.1.9.1)
rouge (2.0.7)
rss (default: 0.2.7)
ruby-macho (2.5.1)
ruby2_keywords (0.0.5)
rubyzip (2.3.2)
sassc (2.4.0)
scanf (default: 1.0.0)
sdbm (default: 1.0.0)
security (0.1.3)
shell (default: 0.7)
signet (0.17.0)
simctl (1.6.8)
slack-notifier (2.4.0)
slather (2.7.2)
sqlite3 (1.4.4)
stringio (default: 0.0.2)
strscan (default: 1.0.0)
sync (default: 0.5.0)
terminal-notifier (2.0.0)
terminal-table (1.8.0)
test-unit (3.2.9)
thwait (default: 0.1.0)
tracer (default: 0.1.0)
trailblazer-option (0.1.2)
trainer (0.9.1)
tty-cursor (0.7.1)
tty-screen (0.8.1)
tty-spinner (0.9.3)
typhoeus (1.4.0)
tzinfo (2.0.4)
uber (0.1.0)
unf (0.1.4)
unf_ext (0.0.8.2)
unicode-display_width (1.8.0)
webrick (default: 1.4.4)
word_wrap (1.0.0)
xcinvoke (0.3.0)
xcode-install (2.8.0)
xcodeproj (1.22.0)
xcov (1.8.1)
xcpretty (0.3.0)
xcpretty-json-formatter (0.1.1)
xcpretty-travis-formatter (1.0.1)
xcresult (0.2.1)
xmlrpc (0.3.0)
zeitwerk (2.6.0)
zlib (default: 1.0.0)
========================================


=== NPM global packages ==========================
* Cordova: 11.0.0
* Ionic: 6.19.0
* Appcenter-CLI version: 2.10.8
========================================


=== Checking Xcode CLT dirs ============

 * ls -1 /Library/Developer/CommandLineTools/SDKs/MacOSX10.15.sdk/usr/include/CommonCrypto
CommonCrypto.h
CommonCryptoError.h
CommonCryptor.h
CommonDigest.h
CommonHMAC.h
CommonKeyDerivation.h
CommonRandom.h
CommonSymmetricKeywrap.h
module.modulemap

 * ls -1 /Library/Developer/CommandLineTools/
Library
SDKs
usr

 * /Library/Developer/CommandLineTools/usr/bin/swift --version
Apple Swift version 5.3.2 (swiftlang-1200.0.45 clang-1200.0.32.28)
Target: x86_64-apple-darwin19.6.0

========================================


=== Xcode ==============================

* Active Xcode Command Line Tools:
/Applications/Xcode-12.4.app/Contents/Developer

* Xcode Version:
Xcode 12.4
Build version 12D4e

* /usr/bin/swift --version
Apple Swift version 5.3.2 (swiftlang-1200.0.45 clang-1200.0.32.28)
Target: x86_64-apple-darwin19.6.0

* Installed SDKs:
iOS SDKs:
	iOS 14.4                      	-sdk iphoneos14.4

iOS Simulator SDKs:
	Simulator - iOS 14.4          	-sdk iphonesimulator14.4

macOS SDKs:
	DriverKit 20.2                	-sdk driverkit.macosx20.2
	macOS 11.1                    	-sdk macosx11.1

tvOS SDKs:
	tvOS 14.3                     	-sdk appletvos14.3

tvOS Simulator SDKs:
	Simulator - tvOS 14.3         	-sdk appletvsimulator14.3

watchOS SDKs:
	watchOS 7.2                   	-sdk watchos7.2

watchOS Simulator SDKs:
	Simulator - watchOS 7.2       	-sdk watchsimulator7.2


* Available Simulators:
== Device Types ==
iPhone 4s (com.apple.CoreSimulator.SimDeviceType.iPhone-4s)
iPhone 5 (com.apple.CoreSimulator.SimDeviceType.iPhone-5)
iPhone 5s (com.apple.CoreSimulator.SimDeviceType.iPhone-5s)
iPhone 6 Plus (com.apple.CoreSimulator.SimDeviceType.iPhone-6-Plus)
iPhone 6 (com.apple.CoreSimulator.SimDeviceType.iPhone-6)
iPhone 6s (com.apple.CoreSimulator.SimDeviceType.iPhone-6s)
iPhone 6s Plus (com.apple.CoreSimulator.SimDeviceType.iPhone-6s-Plus)
iPhone SE (1st generation) (com.apple.CoreSimulator.SimDeviceType.iPhone-SE)
iPhone 7 (com.apple.CoreSimulator.SimDeviceType.iPhone-7)
iPhone 7 Plus (com.apple.CoreSimulator.SimDeviceType.iPhone-7-Plus)
iPhone 8 (com.apple.CoreSimulator.SimDeviceType.iPhone-8)
iPhone 8 Plus (com.apple.CoreSimulator.SimDeviceType.iPhone-8-Plus)
iPhone X (com.apple.CoreSimulator.SimDeviceType.iPhone-X)
iPhone Xs (com.apple.CoreSimulator.SimDeviceType.iPhone-XS)
iPhone Xs Max (com.apple.CoreSimulator.SimDeviceType.iPhone-XS-Max)
iPhone Xʀ (com.apple.CoreSimulator.SimDeviceType.iPhone-XR)
iPhone 11 (com.apple.CoreSimulator.SimDeviceType.iPhone-11)
iPhone 11 Pro (com.apple.CoreSimulator.SimDeviceType.iPhone-11-Pro)
iPhone 11 Pro Max (com.apple.CoreSimulator.SimDeviceType.iPhone-11-Pro-Max)
iPhone SE (2nd generation) (com.apple.CoreSimulator.SimDeviceType.iPhone-SE--2nd-generation-)
iPhone 12 mini (com.apple.CoreSimulator.SimDeviceType.iPhone-12-mini)
iPhone 12 (com.apple.CoreSimulator.SimDeviceType.iPhone-12)
iPhone 12 Pro (com.apple.CoreSimulator.SimDeviceType.iPhone-12-Pro)
iPhone 12 Pro Max (com.apple.CoreSimulator.SimDeviceType.iPhone-12-Pro-Max)
iPod touch (7th generation) (com.apple.CoreSimulator.SimDeviceType.iPod-touch--7th-generation-)
iPad 2 (com.apple.CoreSimulator.SimDeviceType.iPad-2)
iPad Retina (com.apple.CoreSimulator.SimDeviceType.iPad-Retina)
iPad Air (com.apple.CoreSimulator.SimDeviceType.iPad-Air)
iPad mini 2 (com.apple.CoreSimulator.SimDeviceType.iPad-mini-2)
iPad mini 3 (com.apple.CoreSimulator.SimDeviceType.iPad-mini-3)
iPad mini 4 (com.apple.CoreSimulator.SimDeviceType.iPad-mini-4)
iPad Air 2 (com.apple.CoreSimulator.SimDeviceType.iPad-Air-2)
iPad Pro (9.7-inch) (com.apple.CoreSimulator.SimDeviceType.iPad-Pro--9-7-inch-)
iPad Pro (12.9-inch) (1st generation) (com.apple.CoreSimulator.SimDeviceType.iPad-Pro)
iPad (5th generation) (com.apple.CoreSimulator.SimDeviceType.iPad--5th-generation-)
iPad Pro (12.9-inch) (2nd generation) (com.apple.CoreSimulator.SimDeviceType.iPad-Pro--12-9-inch---2nd-generation-)
iPad Pro (10.5-inch) (com.apple.CoreSimulator.SimDeviceType.iPad-Pro--10-5-inch-)
iPad (6th generation) (com.apple.CoreSimulator.SimDeviceType.iPad--6th-generation-)
iPad (7th generation) (com.apple.CoreSimulator.SimDeviceType.iPad--7th-generation-)
iPad Pro (11-inch) (1st generation) (com.apple.CoreSimulator.SimDeviceType.iPad-Pro--11-inch-)
iPad Pro (12.9-inch) (3rd generation) (com.apple.CoreSimulator.SimDeviceType.iPad-Pro--12-9-inch---3rd-generation-)
iPad Pro (11-inch) (2nd generation) (com.apple.CoreSimulator.SimDeviceType.iPad-Pro--11-inch---2nd-generation-)
iPad Pro (12.9-inch) (4th generation) (com.apple.CoreSimulator.SimDeviceType.iPad-Pro--12-9-inch---4th-generation-)
iPad mini (5th generation) (com.apple.CoreSimulator.SimDeviceType.iPad-mini--5th-generation-)
iPad Air (3rd generation) (com.apple.CoreSimulator.SimDeviceType.iPad-Air--3rd-generation-)
iPad (8th generation) (com.apple.CoreSimulator.SimDeviceType.iPad--8th-generation-)
iPad Air (4th generation) (com.apple.CoreSimulator.SimDeviceType.iPad-Air--4th-generation-)
Apple TV (com.apple.CoreSimulator.SimDeviceType.Apple-TV-1080p)
Apple TV 4K (com.apple.CoreSimulator.SimDeviceType.Apple-TV-4K-4K)
Apple TV 4K (at 1080p) (com.apple.CoreSimulator.SimDeviceType.Apple-TV-4K-1080p)
Apple Watch - 38mm (com.apple.CoreSimulator.SimDeviceType.Apple-Watch-38mm)
Apple Watch - 42mm (com.apple.CoreSimulator.SimDeviceType.Apple-Watch-42mm)
Apple Watch Series 2 - 38mm (com.apple.CoreSimulator.SimDeviceType.Apple-Watch-Series-2-38mm)
Apple Watch Series 2 - 42mm (com.apple.CoreSimulator.SimDeviceType.Apple-Watch-Series-2-42mm)
Apple Watch Series 3 - 38mm (com.apple.CoreSimulator.SimDeviceType.Apple-Watch-Series-3-38mm)
Apple Watch Series 3 - 42mm (com.apple.CoreSimulator.SimDeviceType.Apple-Watch-Series-3-42mm)
Apple Watch Series 4 - 40mm (com.apple.CoreSimulator.SimDeviceType.Apple-Watch-Series-4-40mm)
Apple Watch Series 4 - 44mm (com.apple.CoreSimulator.SimDeviceType.Apple-Watch-Series-4-44mm)
Apple Watch Series 5 - 40mm (com.apple.CoreSimulator.SimDeviceType.Apple-Watch-Series-5-40mm)
Apple Watch Series 5 - 44mm (com.apple.CoreSimulator.SimDeviceType.Apple-Watch-Series-5-44mm)
Apple Watch SE - 40mm (com.apple.CoreSimulator.SimDeviceType.Apple-Watch-SE-40mm)
Apple Watch SE - 44mm (com.apple.CoreSimulator.SimDeviceType.Apple-Watch-SE-44mm)
Apple Watch Series 6 - 40mm (com.apple.CoreSimulator.SimDeviceType.Apple-Watch-Series-6-40mm)
Apple Watch Series 6 - 44mm (com.apple.CoreSimulator.SimDeviceType.Apple-Watch-Series-6-44mm)
== Runtimes ==
iOS 13.7 (13.7 - 17H22) - com.apple.CoreSimulator.SimRuntime.iOS-13-7
iOS 14.0 (14.0.1 - 18A394) - com.apple.CoreSimulator.SimRuntime.iOS-14-0
iOS 14.1 (14.1 - 18A8394) - com.apple.CoreSimulator.SimRuntime.iOS-14-1
iOS 14.2 (14.2 - 18B79) - com.apple.CoreSimulator.SimRuntime.iOS-14-2
iOS 14.4 (14.4 - 18D46) - com.apple.CoreSimulator.SimRuntime.iOS-14-4
tvOS 13.4 (13.4 - 17L255) - com.apple.CoreSimulator.SimRuntime.tvOS-13-4
tvOS 14.2 (14.2 - 18K54) - com.apple.CoreSimulator.SimRuntime.tvOS-14-2
tvOS 14.3 (14.3 - 18K559) - com.apple.CoreSimulator.SimRuntime.tvOS-14-3
watchOS 6.2 (6.2.1 - 17T531) - com.apple.CoreSimulator.SimRuntime.watchOS-6-2
watchOS 7.1 (7.1 - 18R579) - com.apple.CoreSimulator.SimRuntime.watchOS-7-1
watchOS 7.2 (7.2 - 18S561) - com.apple.CoreSimulator.SimRuntime.watchOS-7-2
== Devices ==
-- iOS 13.7 --
    iPhone 8 (95095952-2B73-4D97-9913-8F9CE5FE1B7C) (Shutdown) 
    iPhone 8 Plus (A52104DE-0A7D-45ED-99A5-B22175BA8CDF) (Shutdown) 
    iPhone 11 (91ED7917-A3C1-4BBA-A861-210CCBDCC87D) (Shutdown) 
    iPhone 11 Pro (0C7C0AB9-079F-4F02-8202-02EB009CE223) (Shutdown) 
    iPhone 11 Pro Max (48AA3E88-FDCE-4B54-B3E4-CB91D4F3F5EA) (Shutdown) 
    iPhone SE (2nd generation) (25B96CCC-9488-4176-8429-277CA6180119) (Shutdown) 
    iPad Pro (9.7-inch) (47980BB3-1B46-414B-94F6-F09D79732BF3) (Shutdown) 
    iPad (7th generation) (7C985EF1-A081-474E-9686-4BF1801B252C) (Shutdown) 
    iPad Pro (11-inch) (2nd generation) (1FDC6C4B-2A69-43D4-B175-77C12D0064F7) (Shutdown) 
    iPad Pro (12.9-inch) (4th generation) (2C5FE27B-F451-4266-A1A0-885B609EF9EF) (Shutdown) 
    iPad Air (3rd generation) (0DB6E6C7-F219-434C-AD7C-59754CB802AC) (Shutdown) 
-- iOS 14.0 --
    iPhone 8 (9D12E4BF-6CB5-49B1-B2F4-A11D05087399) (Shutdown) 
    iPhone 8 Plus (79BB1FE6-9B5A-41BA-84E9-2C93DE29C9BB) (Shutdown) 
    iPhone 11 (29B88B73-0258-4604-989D-9A712B740D6B) (Shutdown) 
    iPhone 11 Pro (3FEB2B49-46FA-4BE0-8529-1DC336D4B7FA) (Shutdown) 
    iPhone 11 Pro Max (C659B83D-B6E9-4613-9D81-42B3B11F2481) (Shutdown) 
    iPhone SE (2nd generation) (AA6E0326-0757-4914-BAFD-AA5EF1C34383) (Shutdown) 
    iPod touch (7th generation) (8BD65181-0F12-4345-8D9E-F6B8E9193858) (Shutdown) 
    iPad Pro (9.7-inch) (08D6EE47-A0E1-4C22-BB14-144B811935EA) (Shutdown) 
    iPad Pro (11-inch) (2nd generation) (799CCC77-73C9-4916-947D-ED1E592875E3) (Shutdown) 
    iPad Pro (12.9-inch) (4th generation) (9B4B65C5-91E4-4AFE-BF75-598DC8648CB1) (Shutdown) 
    iPad (8th generation) (111E7677-0EFB-4052-9E8B-E411A5390A11) (Shutdown) 
    iPad Air (4th generation) (5323E6E2-6767-4D15-A829-905B930B229B) (Shutdown) 
-- iOS 14.1 --
    iPhone 8 (D6D82B53-2FC9-41BC-A3BD-1B7DAB0FE3A8) (Shutdown) 
    iPhone 8 Plus (2E8C2F53-1E65-4991-B13E-F3EB90D5ED35) (Shutdown) 
    iPhone 11 (5A14DDD9-82D8-41FB-AB64-10C14C387EBC) (Shutdown) 
    iPhone 11 Pro (EF1982AA-8A98-4740-AEB2-A814CC82F2CA) (Shutdown) 
    iPhone 11 Pro Max (E99A4F82-9107-4BCC-AD63-FE1EF952D2A0) (Shutdown) 
    iPhone SE (2nd generation) (8013E67A-F9F0-4671-821D-5EA12F4E3C02) (Shutdown) 
    iPhone 12 mini (6F1AFB2B-AAEE-41FE-94E5-2CFA714D4D82) (Shutdown) 
    iPhone 12 (5F3126C3-45AA-4378-B4B8-800EEFC69E7C) (Shutdown) 
    iPhone 12 Pro (28AFFCD4-3A8A-469A-8293-2D6B7B9EAD6F) (Shutdown) 
    iPhone 12 Pro Max (17D4A0A0-2B88-44D9-A8F6-CFC991FC864C) (Shutdown) 
    iPod touch (7th generation) (C7B589EA-EC3B-4C82-BED8-58EA0A2A75E8) (Shutdown) 
    iPad Pro (9.7-inch) (79859A48-EA06-4B8C-B0F3-4583462CFAD5) (Shutdown) 
    iPad Pro (11-inch) (2nd generation) (DBE098D2-EAD2-4522-9A09-8474DB375122) (Shutdown) 
    iPad Pro (12.9-inch) (4th generation) (5D746D61-6DBB-4C78-8A39-E0C74ABB1E63) (Shutdown) 
    iPad (8th generation) (0FEFF27A-C98A-4B2A-87A4-60BEE570B276) (Shutdown) 
    iPad Air (4th generation) (A32674A1-67F3-4784-AAD3-DFC19117660C) (Shutdown) 
-- iOS 14.2 --
    iPhone 8 (D60F2F33-F165-4F56-A1B9-62640E823529) (Shutdown) 
    iPhone 8 Plus (24B80904-AD29-44B5-A3B5-3AA73155AF94) (Shutdown) 
    iPhone 11 (3CA1D1EE-7584-4C4E-94EA-C85073EFAF10) (Shutdown) 
    iPhone 11 Pro (5B70B1BC-26E6-4CCF-AC3A-385503EB2BB2) (Shutdown) 
    iPhone 11 Pro Max (AD5FCDD3-903F-4485-B96D-4B092B7E9E79) (Shutdown) 
    iPhone SE (2nd generation) (59F1589B-B950-4879-AF41-497D40805EA0) (Shutdown) 
    iPhone 12 mini (F65CA92E-B066-45A0-BE1B-BA5EFC7D60AE) (Shutdown) 
    iPhone 12 (8CBFF7DC-9FE7-4C2E-999F-E6F4BC70BFB9) (Shutdown) 
    iPhone 12 Pro (2096D78C-BE03-4F40-B9A7-EED2ED34B4FF) (Shutdown) 
    iPhone 12 Pro Max (3A3E04C8-CF8D-4195-8288-8C2C83E5EBDF) (Shutdown) 
    iPod touch (7th generation) (E1E61A5C-784F-4A88-896B-7FD58EBDA142) (Shutdown) 
    iPad Pro (9.7-inch) (67B2EC39-816E-47AE-984B-AAA9F251A77A) (Shutdown) 
    iPad Pro (11-inch) (2nd generation) (99C18FCF-692C-431D-8538-0098086642EB) (Shutdown) 
    iPad Pro (12.9-inch) (4th generation) (9387BF56-B92F-4805-9CD9-2A1E5C26FEC3) (Shutdown) 
    iPad (8th generation) (60B13961-3C0B-4DD8-8F54-B670B34456BD) (Shutdown) 
    iPad Air (4th generation) (8593594A-6736-4B69-B3B5-3B3207BECDB9) (Shutdown) 
-- iOS 14.4 --
    iPhone 8 (BEE0A9AD-9BB8-4141-94E7-59151E42DAD9) (Shutdown) 
    iPhone 8 Plus (AAEEFF26-D70C-473B-A0C0-0B0A0D18A4B6) (Shutdown) 
    iPhone 11 (165F5354-D6C1-4D31-ADFB-84AA6C8C756B) (Shutdown) 
    iPhone 11 Pro (F2EE8C0B-2E0A-4621-9018-84AA2497F267) (Shutdown) 
    iPhone 11 Pro Max (856C9BAC-BBE6-4696-A946-AF9A0E71691A) (Shutdown) 
    iPhone SE (2nd generation) (2C37AC1E-8925-4976-A6F8-39800B72F974) (Shutdown) 
    iPhone 12 mini (DB5F18B9-CD42-45ED-A1B1-FA89304C4D4C) (Shutdown) 
    iPhone 12 (1D8CAE44-4028-4565-8CE0-785AE9A2E6DA) (Shutdown) 
    iPhone 12 Pro (66B7988F-B1AB-409F-8423-558058E1A974) (Shutdown) 
    iPhone 12 Pro Max (6F9F8B8F-1EA6-40F7-B81A-D8B1DA3AE1B9) (Shutdown) 
    iPod touch (7th generation) (8207D2EA-126D-4DE8-A656-84D2C893C856) (Shutdown) 
    iPad Pro (9.7-inch) (CF999339-06B7-454D-BCB6-3BDBA8F0DD68) (Shutdown) 
    iPad Pro (11-inch) (2nd generation) (F9A64DEC-6766-4E3A-8353-351DF281D37E) (Shutdown) 
    iPad Pro (12.9-inch) (4th generation) (1DC279D6-9C1A-4C1B-B2D9-8D4C67737568) (Shutdown) 
    iPad (8th generation) (2826D701-A27B-4F09-86A4-A6FBC3CB9172) (Shutdown) 
    iPad Air (4th generation) (43D73C71-2B32-44A7-9F61-F775E481A92C) (Shutdown) 
-- tvOS 13.4 --
    Apple TV (2FAC6AA8-757E-497E-A811-F76C075A82FC) (Shutdown) 
    Apple TV 4K (409F92CF-D418-4697-87DD-2992F8834BE8) (Shutdown) 
    Apple TV 4K (at 1080p) (21C9AB94-834D-4C41-B7CA-A6157BB0573A) (Shutdown) 
-- tvOS 14.2 --
    Apple TV (3F21C91E-F1B9-491D-8750-AA61D011E548) (Shutdown) 
    Apple TV 4K (22C9262D-DDEC-40B3-9A15-E0DBF7D32480) (Shutdown) 
    Apple TV 4K (at 1080p) (4B5466B6-C9AA-4D32-BD96-4856CD9D18BD) (Shutdown) 
-- tvOS 14.3 --
    Apple TV (E681D3A8-4B71-4BD6-90F4-CDD16E12B6AF) (Shutdown) 
    Apple TV 4K (7C73D657-DE2C-42B2-AA5C-AE2F6B1808BA) (Shutdown) 
    Apple TV 4K (at 1080p) (1D83906B-B7D7-4107-854F-DFD54EB8E458) (Shutdown) 
-- watchOS 6.2 --
    Apple Watch Series 4 - 40mm (107A456B-6007-4ABD-97BE-4F22174D72EF) (Shutdown) 
    Apple Watch Series 4 - 44mm (B9C2D916-2410-4777-B7AC-3CED762B7073) (Shutdown) 
    Apple Watch Series 5 - 40mm (5B9B6F1B-B1FC-4B47-AFD4-18DE92A79C9B) (Shutdown) 
    Apple Watch Series 5 - 44mm (2E0C2A41-6466-4195-8DDD-3CC88E17E464) (Shutdown) 
-- watchOS 7.1 --
    Apple Watch Series 5 - 40mm (64C12BB4-D5FC-4F9B-953E-B72C9F379930) (Shutdown) 
    Apple Watch Series 5 - 44mm (4020F9AA-3BF6-4759-915D-73888A0B429C) (Shutdown) 
    Apple Watch Series 6 - 40mm (E753A4FB-13D7-413F-8D07-A05F7AACF2FE) (Shutdown) 
    Apple Watch Series 6 - 44mm (2E0EDB08-8F68-4C08-A65E-7167325C193B) (Shutdown) 
-- watchOS 7.2 --
    Apple Watch Series 5 - 40mm (9BB411B4-D928-4A39-AD72-70D7C0982B1D) (Shutdown) 
    Apple Watch Series 5 - 44mm (B19D5D51-6AA7-402F-96C9-67E5FF6E573D) (Shutdown) 
    Apple Watch Series 6 - 40mm (74980B8C-F8CC-412B-9AC5-66580AD5E963) (Shutdown) 
    Apple Watch Series 6 - 44mm (5F0DEB3A-F30C-4E8A-83C8-8F6EDE0732FD) (Shutdown) 
== Device Pairs ==
84D2EF3E-AA78-4FC3-BFEE-3A78F8BA61F8 (active, disconnected)
    Watch: Apple Watch Series 5 - 40mm (9BB411B4-D928-4A39-AD72-70D7C0982B1D) (Shutdown)
    Phone: iPhone 12 mini (DB5F18B9-CD42-45ED-A1B1-FA89304C4D4C) (Shutdown)
47B42F7D-8D9E-4035-A0A6-5D900D4778AC (active, disconnected)
    Watch: Apple Watch Series 5 - 44mm (B19D5D51-6AA7-402F-96C9-67E5FF6E573D) (Shutdown)
    Phone: iPhone 12 (1D8CAE44-4028-4565-8CE0-785AE9A2E6DA) (Shutdown)
1BF5F11E-3F0A-415A-A8A3-07E68D28FFDE (active, disconnected)
    Watch: Apple Watch Series 6 - 40mm (74980B8C-F8CC-412B-9AC5-66580AD5E963) (Shutdown)
    Phone: iPhone 12 Pro (66B7988F-B1AB-409F-8423-558058E1A974) (Shutdown)
2C0080CC-57FF-4147-AFDF-CDCE1A3D0EBC (active, disconnected)
    Watch: Apple Watch Series 6 - 44mm (5F0DEB3A-F30C-4E8A-83C8-8F6EDE0732FD) (Shutdown)
    Phone: iPhone 12 Pro Max (6F9F8B8F-1EA6-40F7-B81A-D8B1DA3AE1B9) (Shutdown)

========================================


=== OS X info =========================

* sw_vers
ProductName:	Mac OS X
ProductVersion:	10.15.7
BuildVersion:	19H15

* system_profiler SPSoftwareDataType
Software:

    System Software Overview:

      System Version: macOS 10.15.7 (19H15)
      Kernel Version: Darwin 19.6.0
      Boot Volume: Macintosh HD
      Boot Mode: Normal
      Computer Name: vm-osx-xcode-12.4.x-g2.8core-71b2aca1-a588-42d0-b978-854041ef0389
      User Name: vagrant (vagrant)
      Secure Virtual Memory: Enabled
      System Integrity Protection: Disabled
      Time since boot: 2:14


========================================


=== System infos =======================
* Free disk space:
    Filesystem         Size        Avail
  /dev/disk1s5        300Gi        149Gi
========================================

--- Android

* ANDROID_HOME (/usr/local/share/android-sdk) content:
build-tools
cmdline-tools
emulator
extras
licenses
ndk-bundle
patcher
platform-tools
platforms
system-images
tools

* ANDROID_NDK_HOME (/usr/local/share/android-sdk/ndk-bundle) content:
CHANGELOG.md
NOTICE
NOTICE.toolchain
README.md
build
meta
ndk-build
ndk-gdb
ndk-lldb
ndk-stack
ndk-which
package.xml
prebuilt
python-packages
shader-tools
simpleperf
source.properties
sources
toolchains
wrap.sh

* Android NDK Version:
Pkg.Desc = Android NDK
Pkg.Revision = 23.1.7779620

* platform-tools content:
NOTICE.txt
adb
dmtracedump
e2fsdroid
etc1tool
fastboot
hprof-conv
lib64
make_f2fs
make_f2fs_casefold
mke2fs
mke2fs.conf
package.xml
sload_f2fs
source.properties
sqlite3

* build-tools content:
26.0.1
26.0.2
27.0.0
27.0.1
27.0.2
27.0.3
28.0.0
28.0.1
28.0.2
28.0.3
29.0.0
29.0.1
29.0.2
29.0.3
30.0.0
30.0.1
30.0.2
30.0.3
31.0.0
32.0.0

* extras content:
/usr/local/share/android-sdk/extras
├── android
│   └── m2repository
├── google
│   ├── google_play_services
│   └── m2repository
└── m2repository
    └── com

7 directories, 0 files

* platforms content:
android-26
android-27
android-28
android-29
android-30
android-31
android-32

* system-images content:
/usr/local/share/android-sdk/system-images
├── android-26
│   └── google_apis
│       └── x86
├── android-28
│   └── google_apis
│       └── x86_64
├── android-29
│   └── google_apis
│       └── x86
├── android-30
│   └── google_apis
│       └── x86
├── android-31
│   └── google_apis
│       └── x86_64
└── android-32
    └── google_apis
        └── x86_64

18 directories, 0 files

========================================

 * SDK packages:
* Command line Tools version: 6.0
* Platform Tools version: 33.0.1
* Emulator version: 31.2.10
========================================


=== Android APK tools ==================

* aapt2:

========================================


=== Environment infos =======================
MATCH_KEYCHAIN_PASSWORD environment set
========================================


=== Control tests ======================
source $HOME/.bash_profile ...
source $HOME/.bash_profile - PASSED
========================================

